<?xml version="1.0" encoding="UTF-8"?>
<testsuites name="Cas de test passant app client" time="558.504" tests="18" failures="13" errors="0">
   <testsuite name="Cas de test passant app client" tests="18" failures="13" errors="0" time="558.504" skipped="0" timestamp="2022-11-22 10:00:53" hostname="Ousseynou Diop - DESKTOP-QOR6BOM.home" id="Test Suites/Cas de test passant app client">
      <properties>
         <property name="deviceName" value="samsung SM-A022F (Android 11)"/>
         <property name="devicePlatform" value=""/>
         <property name="logFolder" value="C:\\Users\\Ousseynou Diop\\git\\Mon-Shopper-Automatisation-Application-Client\\Reports\\20221122_100051\\Cas de test passant app client\\20221122_100051"/>
         <property name="logFiles" value="C:\\Users\\Ousseynou Diop\\git\\Mon-Shopper-Automatisation-Application-Client\\Reports\\20221122_100051\\Cas de test passant app client\\20221122_100051\\appium.log, C:\\Users\\Ousseynou Diop\\git\\Mon-Shopper-Automatisation-Application-Client\\Reports\\20221122_100051\\Cas de test passant app client\\20221122_100051\\execution0.log"/>
         <property name="attachments" value="C:\\Users\\Ousseynou Diop\\git\\Mon-Shopper-Automatisation-Application-Client\\Reports\\20221122_100051\\Cas de test passant app client\\20221122_100051\\1669107757453.png, C:\\Users\\Ousseynou Diop\\git\\Mon-Shopper-Automatisation-Application-Client\\Reports\\20221122_100051\\Cas de test passant app client\\20221122_100051\\1669107823185.png, C:\\Users\\Ousseynou Diop\\git\\Mon-Shopper-Automatisation-Application-Client\\Reports\\20221122_100051\\Cas de test passant app client\\20221122_100051\\1669107940751.png, C:\\Users\\Ousseynou Diop\\git\\Mon-Shopper-Automatisation-Application-Client\\Reports\\20221122_100051\\Cas de test passant app client\\20221122_100051\\1669108198288.png"/>
         <property name="hostName" value="Ousseynou Diop - DESKTOP-QOR6BOM.home"/>
         <property name="os" value="Windows 10 64bit"/>
         <property name="appiumServerStatus" value="{&quot;value&quot;:{&quot;build&quot;:{&quot;version&quot;:&quot;1.22.3&quot;}},&quot;sessionId&quot;:null,&quot;status&quot;:0}"/>
         <property name="katalonVersion" value="8.5.2.208"/>
         <property name="deviceOS" value="Android"/>
         <property name="appiumVersion" value="1.22.3"/>
         <property name="deviceModel" value="SM-A022F"/>
         <property name="hostAddress" value="192.168.1.5"/>
         <property name="deviceManufacturer" value="samsung"/>
         <property name="deviceId" value="RZ8R71P5YRT"/>
         <property name="deviceName" value="samsung SM-A022F (Android 11)"/>
         <property name="deviceOSVersion" value="11"/>
      </properties>
      <testcase name="Test Cases/Cas de test passant/01-Inscription (MSR-5)" time="109.512" classname="Test Cases/Cas de test passant/01-Inscription (MSR-5)" status="FAILED">
         <failure type="FAILED" message="Test Cases/Cas de test passant/01-Inscription (MSR-5) FAILED.
Reason:
com.kms.katalon.core.exception.StepFailedException: Object Object Repository/01-Inscription/android.widget.Button - Accepter not found
	at com.kms.katalon.core.keyword.internal.KeywordMain.stepFailed(KeywordMain.groovy:50)
	at com.kms.katalon.core.mobile.keyword.internal.MobileKeywordMain.stepFailed(MobileKeywordMain.groovy:40)
	at com.kms.katalon.core.mobile.keyword.builtin.TapKeyword$_tap_closure1.doCall(TapKeyword.groovy:79)
	at com.kms.katalon.core.mobile.keyword.builtin.TapKeyword$_tap_closure1.call(TapKeyword.groovy)
	at com.kms.katalon.core.mobile.keyword.internal.MobileKeywordMain.runKeyword(MobileKeywordMain.groovy:21)
	at com.kms.katalon.core.mobile.keyword.builtin.TapKeyword.tap(TapKeyword.groovy:84)
	at com.kms.katalon.core.mobile.keyword.builtin.TapKeyword.execute(TapKeyword.groovy:68)
	at com.kms.katalon.core.keyword.internal.KeywordExecutor.executeKeywordForPlatform(KeywordExecutor.groovy:74)
	at com.kms.katalon.core.mobile.keyword.MobileBuiltInKeywords.tap(MobileBuiltInKeywords.groovy:1490)
	at com.kms.katalon.core.mobile.keyword.MobileBuiltInKeywords$tap$0.call(Unknown Source)
	at 01-Inscription (MSR-5).run(01-Inscription (MSR-5):42)
	at com.kms.katalon.core.main.ScriptEngine.run(ScriptEngine.java:194)
	at com.kms.katalon.core.main.ScriptEngine.runScriptAsRawText(ScriptEngine.java:119)
	at com.kms.katalon.core.main.TestCaseExecutor.runScript(TestCaseExecutor.java:448)
	at com.kms.katalon.core.main.TestCaseExecutor.doExecute(TestCaseExecutor.java:439)
	at com.kms.katalon.core.main.TestCaseExecutor.processExecutionPhase(TestCaseExecutor.java:418)
	at com.kms.katalon.core.main.TestCaseExecutor.accessMainPhase(TestCaseExecutor.java:410)
	at com.kms.katalon.core.main.TestCaseExecutor.execute(TestCaseExecutor.java:285)
	at com.kms.katalon.core.common.CommonExecutor.accessTestCaseMainPhase(CommonExecutor.java:65)
	at com.kms.katalon.core.main.TestSuiteExecutor.accessTestSuiteMainPhase(TestSuiteExecutor.java:151)
	at com.kms.katalon.core.main.TestSuiteExecutor.execute(TestSuiteExecutor.java:106)
	at com.kms.katalon.core.main.TestCaseMain.startTestSuite(TestCaseMain.java:185)
	at com.kms.katalon.core.main.TestCaseMain$startTestSuite$0.call(Unknown Source)
	at TempTestSuite1669107651687.run(TempTestSuite1669107651687.groovy:36)
"/>
         <system-out><![CDATA[2022-11-22 10:00:53 - [TEST_CASE][FAILED] - Test Cases/Cas de test passant/01-Inscription (MSR-5): Test Cases/Cas de test passant/01-Inscription (MSR-5) FAILED.
Reason:
com.kms.katalon.core.exception.StepFailedException: Object Object Repository/01-Inscription/android.widget.Button - Accepter not found
	at com.kms.katalon.core.keyword.internal.KeywordMain.stepFailed(KeywordMain.groovy:50)
	at com.kms.katalon.core.mobile.keyword.internal.MobileKeywordMain.stepFailed(MobileKeywordMain.groovy:40)
	at com.kms.katalon.core.mobile.keyword.builtin.TapKeyword$_tap_closure1.doCall(TapKeyword.groovy:79)
	at com.kms.katalon.core.mobile.keyword.builtin.TapKeyword$_tap_closure1.call(TapKeyword.groovy)
	at com.kms.katalon.core.mobile.keyword.internal.MobileKeywordMain.runKeyword(MobileKeywordMain.groovy:21)
	at com.kms.katalon.core.mobile.keyword.builtin.TapKeyword.tap(TapKeyword.groovy:84)
	at com.kms.katalon.core.mobile.keyword.builtin.TapKeyword.execute(TapKeyword.groovy:68)
	at com.kms.katalon.core.keyword.internal.KeywordExecutor.executeKeywordForPlatform(KeywordExecutor.groovy:74)
	at com.kms.katalon.core.mobile.keyword.MobileBuiltInKeywords.tap(MobileBuiltInKeywords.groovy:1490)
	at com.kms.katalon.core.mobile.keyword.MobileBuiltInKeywords$tap$0.call(Unknown Source)
	at 01-Inscription (MSR-5).run(01-Inscription (MSR-5):42)
	at com.kms.katalon.core.main.ScriptEngine.run(ScriptEngine.java:194)
	at com.kms.katalon.core.main.ScriptEngine.runScriptAsRawText(ScriptEngine.java:119)
	at com.kms.katalon.core.main.TestCaseExecutor.runScript(TestCaseExecutor.java:448)
	at com.kms.katalon.core.main.TestCaseExecutor.doExecute(TestCaseExecutor.java:439)
	at com.kms.katalon.core.main.TestCaseExecutor.processExecutionPhase(TestCaseExecutor.java:418)
	at com.kms.katalon.core.main.TestCaseExecutor.accessMainPhase(TestCaseExecutor.java:410)
	at com.kms.katalon.core.main.TestCaseExecutor.execute(TestCaseExecutor.java:285)
	at com.kms.katalon.core.common.CommonExecutor.accessTestCaseMainPhase(CommonExecutor.java:65)
	at com.kms.katalon.core.main.TestSuiteExecutor.accessTestSuiteMainPhase(TestSuiteExecutor.java:151)
	at com.kms.katalon.core.main.TestSuiteExecutor.execute(TestSuiteExecutor.java:106)
	at com.kms.katalon.core.main.TestCaseMain.startTestSuite(TestCaseMain.java:185)
	at com.kms.katalon.core.main.TestCaseMain$startTestSuite$0.call(Unknown Source)
	at TempTestSuite1669107651687.run(TempTestSuite1669107651687.groovy:36)


2022-11-22 10:00:54 - [TEST_STEP][PASSED] - startApplication("C:\Users\Ousseynou Diop\Desktop\APK Client\app-debug.apk", true): Started app at: 'C:\Users\Ousseynou Diop\Desktop\APK Client\app-debug.apk'

2022-11-22 10:00:54 - [MESSAGE][INFO] - Detected NodeJS location: "C:\Program Files\nodejs\node.exe"

2022-11-22 10:00:55 - [MESSAGE][INFO] - Appium server started on port 52Â 075

2022-11-22 10:01:48 - [MESSAGE][PASSED] - Started app at: 'C:\Users\Ousseynou Diop\Desktop\APK Client\app-debug.apk'

2022-11-22 10:01:48 - [TEST_STEP][PASSED] - tap(findTestObject("Object Repository/01-Inscription/Se connecter.android.widget.Button"), 0): Tapped on element 'Object Repository/01-Inscription/Se connecter.android.widget.Button'

2022-11-22 10:01:48 - [MESSAGE][WARNING] - Timeout '0' is invalid. Using default page load timeout: '30'

2022-11-22 10:01:50 - [MESSAGE][PASSED] - Tapped on element 'Object Repository/01-Inscription/Se connecter.android.widget.Button'

2022-11-22 10:01:50 - [TEST_STEP][PASSED] - tap(findTestObject("Object Repository/01-Inscription/android.widget.TextView - Enregistrement"), 0): Tapped on element 'Object Repository/01-Inscription/android.widget.TextView - Enregistrement'

2022-11-22 10:01:50 - [MESSAGE][WARNING] - Timeout '0' is invalid. Using default page load timeout: '30'

2022-11-22 10:01:59 - [MESSAGE][PASSED] - Tapped on element 'Object Repository/01-Inscription/android.widget.TextView - Enregistrement'

2022-11-22 10:01:59 - [TEST_STEP][PASSED] - setText(findTestObject("Object Repository/01-Inscription/firstName.android.widget.EditText"), "Elhadji Ouseynou", 0): Text 'Elhadji Ouseynou' has been set to element 'Object Repository/01-Inscription/firstName.android.widget.EditText'

2022-11-22 10:01:59 - [MESSAGE][WARNING] - Timeout '0' is invalid. Using default page load timeout: '30'

2022-11-22 10:02:00 - [MESSAGE][PASSED] - Text 'Elhadji Ouseynou' has been set to element 'Object Repository/01-Inscription/firstName.android.widget.EditText'

2022-11-22 10:02:00 - [TEST_STEP][PASSED] - setText(findTestObject("Object Repository/01-Inscription/lastName.android.widget.EditText"), "DIOP", 0): Text 'DIOP' has been set to element 'Object Repository/01-Inscription/lastName.android.widget.EditText'

2022-11-22 10:02:00 - [MESSAGE][WARNING] - Timeout '0' is invalid. Using default page load timeout: '30'

2022-11-22 10:02:01 - [MESSAGE][PASSED] - Text 'DIOP' has been set to element 'Object Repository/01-Inscription/lastName.android.widget.EditText'

2022-11-22 10:02:01 - [TEST_STEP][PASSED] - setText(findTestObject("Object Repository/01-Inscription/email.android.widget.EditText"), "aimerdiop12@yopmail.com", 0): Text 'aimerdiop12@yopmail.com' has been set to element 'Object Repository/01-Inscription/email.android.widget.EditText'

2022-11-22 10:02:01 - [MESSAGE][WARNING] - Timeout '0' is invalid. Using default page load timeout: '30'

2022-11-22 10:02:02 - [MESSAGE][PASSED] - Text 'aimerdiop12@yopmail.com' has been set to element 'Object Repository/01-Inscription/email.android.widget.EditText'

2022-11-22 10:02:02 - [TEST_STEP][PASSED] - setEncryptedText(findTestObject("Object Repository/01-Inscription/password.android.widget.EditText"), "Cexku/mp9Z18eElUeR1LGg==", 0): Encrypted text 'Cexku/mp9Z18eElUeR1LGg==' has been set to element 'Object Repository/01-Inscription/password.android.widget.EditText'

2022-11-22 10:02:03 - [MESSAGE][WARNING] - Timeout '0' is invalid. Using default page load timeout: '30'

2022-11-22 10:02:04 - [MESSAGE][PASSED] - Encrypted text 'Cexku/mp9Z18eElUeR1LGg==' has been set to element 'Object Repository/01-Inscription/password.android.widget.EditText'

2022-11-22 10:02:04 - [TEST_STEP][PASSED] - setEncryptedText(findTestObject("Object Repository/01-Inscription/password-confirm.android.widget.EditText"), "Cexku/mp9Z18eElUeR1LGg==", 0): Encrypted text 'Cexku/mp9Z18eElUeR1LGg==' has been set to element 'Object Repository/01-Inscription/password-confirm.android.widget.EditText'

2022-11-22 10:02:04 - [MESSAGE][WARNING] - Timeout '0' is invalid. Using default page load timeout: '30'

2022-11-22 10:02:05 - [MESSAGE][PASSED] - Encrypted text 'Cexku/mp9Z18eElUeR1LGg==' has been set to element 'Object Repository/01-Inscription/password-confirm.android.widget.EditText'

2022-11-22 10:02:05 - [TEST_STEP][PASSED] - tap(findTestObject("Object Repository/01-Inscription/android.widget.Button - Enregistrement"), 0): Tapped on element 'Object Repository/01-Inscription/android.widget.Button - Enregistrement'

2022-11-22 10:02:05 - [MESSAGE][WARNING] - Timeout '0' is invalid. Using default page load timeout: '30'

2022-11-22 10:02:07 - [MESSAGE][PASSED] - Tapped on element 'Object Repository/01-Inscription/android.widget.Button - Enregistrement'

2022-11-22 10:02:07 - [TEST_STEP][FAILED] - tap(findTestObject("01-Inscription/android.widget.Button - Accepter"), 0): Failed to tap on element 'Object Repository/01-Inscription/android.widget.Button - Accepter' (Root cause: com.kms.katalon.core.exception.StepFailedException: Object Object Repository/01-Inscription/android.widget.Button - Accepter not found
	at com.kms.katalon.core.keyword.internal.KeywordMain.stepFailed(KeywordMain.groovy:50)
	at com.kms.katalon.core.mobile.keyword.internal.MobileKeywordMain.stepFailed(MobileKeywordMain.groovy:40)
	at com.kms.katalon.core.mobile.keyword.builtin.TapKeyword$_tap_closure1.doCall(TapKeyword.groovy:79)
	at com.kms.katalon.core.mobile.keyword.builtin.TapKeyword$_tap_closure1.call(TapKeyword.groovy)
	at com.kms.katalon.core.mobile.keyword.internal.MobileKeywordMain.runKeyword(MobileKeywordMain.groovy:21)
	at com.kms.katalon.core.mobile.keyword.builtin.TapKeyword.tap(TapKeyword.groovy:84)
	at com.kms.katalon.core.mobile.keyword.builtin.TapKeyword.execute(TapKeyword.groovy:68)
	at com.kms.katalon.core.keyword.internal.KeywordExecutor.executeKeywordForPlatform(KeywordExecutor.groovy:74)
	at com.kms.katalon.core.mobile.keyword.MobileBuiltInKeywords.tap(MobileBuiltInKeywords.groovy:1490)
	at com.kms.katalon.core.mobile.keyword.MobileBuiltInKeywords$tap$0.call(Unknown Source)
	at 01-Inscription (MSR-5).run(01-Inscription (MSR-5):42)
	at com.kms.katalon.core.main.ScriptEngine.run(ScriptEngine.java:194)
	at com.kms.katalon.core.main.ScriptEngine.runScriptAsRawText(ScriptEngine.java:119)
	at com.kms.katalon.core.main.TestCaseExecutor.runScript(TestCaseExecutor.java:448)
	at com.kms.katalon.core.main.TestCaseExecutor.doExecute(TestCaseExecutor.java:439)
	at com.kms.katalon.core.main.TestCaseExecutor.processExecutionPhase(TestCaseExecutor.java:418)
	at com.kms.katalon.core.main.TestCaseExecutor.accessMainPhase(TestCaseExecutor.java:410)
	at com.kms.katalon.core.main.TestCaseExecutor.execute(TestCaseExecutor.java:285)
	at com.kms.katalon.core.common.CommonExecutor.accessTestCaseMainPhase(CommonExecutor.java:65)
	at com.kms.katalon.core.main.TestSuiteExecutor.accessTestSuiteMainPhase(TestSuiteExecutor.java:151)
	at com.kms.katalon.core.main.TestSuiteExecutor.execute(TestSuiteExecutor.java:106)
	at com.kms.katalon.core.main.TestCaseMain.startTestSuite(TestCaseMain.java:185)
	at com.kms.katalon.core.main.TestCaseMain$startTestSuite$0.call(Unknown Source)
	at TempTestSuite1669107651687.run(TempTestSuite1669107651687.groovy:36)
)

2022-11-22 10:02:07 - [MESSAGE][WARNING] - Timeout '0' is invalid. Using default page load timeout: '30'

2022-11-22 10:02:37 - [MESSAGE][FAILED] - Object Object Repository/01-Inscription/android.widget.Button - Accepter not found

2022-11-22 10:02:43 - [MESSAGE][FAILED] - Failed to tap on element 'Object Repository/01-Inscription/android.widget.Button - Accepter' (Root cause: com.kms.katalon.core.exception.StepFailedException: Object Object Repository/01-Inscription/android.widget.Button - Accepter not found
	at com.kms.katalon.core.keyword.internal.KeywordMain.stepFailed(KeywordMain.groovy:50)
	at com.kms.katalon.core.mobile.keyword.internal.MobileKeywordMain.stepFailed(MobileKeywordMain.groovy:40)
	at com.kms.katalon.core.mobile.keyword.builtin.TapKeyword$_tap_closure1.doCall(TapKeyword.groovy:79)
	at com.kms.katalon.core.mobile.keyword.builtin.TapKeyword$_tap_closure1.call(TapKeyword.groovy)
	at com.kms.katalon.core.mobile.keyword.internal.MobileKeywordMain.runKeyword(MobileKeywordMain.groovy:21)
	at com.kms.katalon.core.mobile.keyword.builtin.TapKeyword.tap(TapKeyword.groovy:84)
	at com.kms.katalon.core.mobile.keyword.builtin.TapKeyword.execute(TapKeyword.groovy:68)
	at com.kms.katalon.core.keyword.internal.KeywordExecutor.executeKeywordForPlatform(KeywordExecutor.groovy:74)
	at com.kms.katalon.core.mobile.keyword.MobileBuiltInKeywords.tap(MobileBuiltInKeywords.groovy:1490)
	at com.kms.katalon.core.mobile.keyword.MobileBuiltInKeywords$tap$0.call(Unknown Source)
	at 01-Inscription (MSR-5).run(01-Inscription (MSR-5):42)
	at com.kms.katalon.core.main.ScriptEngine.run(ScriptEngine.java:194)
	at com.kms.katalon.core.main.ScriptEngine.runScriptAsRawText(ScriptEngine.java:119)
	at com.kms.katalon.core.main.TestCaseExecutor.runScript(TestCaseExecutor.java:448)
	at com.kms.katalon.core.main.TestCaseExecutor.doExecute(TestCaseExecutor.java:439)
	at com.kms.katalon.core.main.TestCaseExecutor.processExecutionPhase(TestCaseExecutor.java:418)
	at com.kms.katalon.core.main.TestCaseExecutor.accessMainPhase(TestCaseExecutor.java:410)
	at com.kms.katalon.core.main.TestCaseExecutor.execute(TestCaseExecutor.java:285)
	at com.kms.katalon.core.common.CommonExecutor.accessTestCaseMainPhase(CommonExecutor.java:65)
	at com.kms.katalon.core.main.TestSuiteExecutor.accessTestSuiteMainPhase(TestSuiteExecutor.java:151)
	at com.kms.katalon.core.main.TestSuiteExecutor.execute(TestSuiteExecutor.java:106)
	at com.kms.katalon.core.main.TestCaseMain.startTestSuite(TestCaseMain.java:185)
	at com.kms.katalon.core.main.TestCaseMain$startTestSuite$0.call(Unknown Source)
	at TempTestSuite1669107651687.run(TempTestSuite1669107651687.groovy:36)
)
[[ATTACHMENT|C:\\Users\\Ousseynou Diop\\git\\Mon-Shopper-Automatisation-Application-Client\\Reports\\20221122_100051\\Cas de test passant app client\\20221122_100051\\1669107757453.png]]]]></system-out>
         <system-err><![CDATA[2022-11-22 10:00:53 - [TEST_CASE][FAILED] - Test Cases/Cas de test passant/01-Inscription (MSR-5): Test Cases/Cas de test passant/01-Inscription (MSR-5) FAILED.
Reason:
com.kms.katalon.core.exception.StepFailedException: Object Object Repository/01-Inscription/android.widget.Button - Accepter not found
	at com.kms.katalon.core.keyword.internal.KeywordMain.stepFailed(KeywordMain.groovy:50)
	at com.kms.katalon.core.mobile.keyword.internal.MobileKeywordMain.stepFailed(MobileKeywordMain.groovy:40)
	at com.kms.katalon.core.mobile.keyword.builtin.TapKeyword$_tap_closure1.doCall(TapKeyword.groovy:79)
	at com.kms.katalon.core.mobile.keyword.builtin.TapKeyword$_tap_closure1.call(TapKeyword.groovy)
	at com.kms.katalon.core.mobile.keyword.internal.MobileKeywordMain.runKeyword(MobileKeywordMain.groovy:21)
	at com.kms.katalon.core.mobile.keyword.builtin.TapKeyword.tap(TapKeyword.groovy:84)
	at com.kms.katalon.core.mobile.keyword.builtin.TapKeyword.execute(TapKeyword.groovy:68)
	at com.kms.katalon.core.keyword.internal.KeywordExecutor.executeKeywordForPlatform(KeywordExecutor.groovy:74)
	at com.kms.katalon.core.mobile.keyword.MobileBuiltInKeywords.tap(MobileBuiltInKeywords.groovy:1490)
	at com.kms.katalon.core.mobile.keyword.MobileBuiltInKeywords$tap$0.call(Unknown Source)
	at 01-Inscription (MSR-5).run(01-Inscription (MSR-5):42)
	at com.kms.katalon.core.main.ScriptEngine.run(ScriptEngine.java:194)
	at com.kms.katalon.core.main.ScriptEngine.runScriptAsRawText(ScriptEngine.java:119)
	at com.kms.katalon.core.main.TestCaseExecutor.runScript(TestCaseExecutor.java:448)
	at com.kms.katalon.core.main.TestCaseExecutor.doExecute(TestCaseExecutor.java:439)
	at com.kms.katalon.core.main.TestCaseExecutor.processExecutionPhase(TestCaseExecutor.java:418)
	at com.kms.katalon.core.main.TestCaseExecutor.accessMainPhase(TestCaseExecutor.java:410)
	at com.kms.katalon.core.main.TestCaseExecutor.execute(TestCaseExecutor.java:285)
	at com.kms.katalon.core.common.CommonExecutor.accessTestCaseMainPhase(CommonExecutor.java:65)
	at com.kms.katalon.core.main.TestSuiteExecutor.accessTestSuiteMainPhase(TestSuiteExecutor.java:151)
	at com.kms.katalon.core.main.TestSuiteExecutor.execute(TestSuiteExecutor.java:106)
	at com.kms.katalon.core.main.TestCaseMain.startTestSuite(TestCaseMain.java:185)
	at com.kms.katalon.core.main.TestCaseMain$startTestSuite$0.call(Unknown Source)
	at TempTestSuite1669107651687.run(TempTestSuite1669107651687.groovy:36)]]></system-err>
      </testcase>
      <testcase name="Test Cases/Cas de test passant/03-Se connecter avec un compte google (MSR-2)" time="65.832" classname="Test Cases/Cas de test passant/03-Se connecter avec un compte google (MSR-2)" status="FAILED">
         <failure type="FAILED" message="Test Cases/Cas de test passant/03-Se connecter avec un compte google (MSR-2) FAILED.
Reason:
com.kms.katalon.core.exception.StepFailedException: Element 'Object Repository/03- Se connecter avec un compte google/android.widget.TextView - Erreur 403 disallowed_useragent' is visible
	at com.kms.katalon.core.keyword.internal.KeywordMain.stepFailed(KeywordMain.groovy:50)
	at com.kms.katalon.core.mobile.keyword.internal.MobileKeywordMain.stepFailed(MobileKeywordMain.groovy:40)
	at com.kms.katalon.core.mobile.keyword.builtin.VerifyElementNotVisibleKeyword$_verifyElementNotVisible_closure1.doCall(VerifyElementNotVisibleKeyword.groovy:75)
	at com.kms.katalon.core.mobile.keyword.builtin.VerifyElementNotVisibleKeyword$_verifyElementNotVisible_closure1.call(VerifyElementNotVisibleKeyword.groovy)
	at com.kms.katalon.core.mobile.keyword.internal.MobileKeywordMain.runKeyword(MobileKeywordMain.groovy:21)
	at com.kms.katalon.core.mobile.keyword.builtin.VerifyElementNotVisibleKeyword.verifyElementNotVisible(VerifyElementNotVisibleKeyword.groovy:85)
	at com.kms.katalon.core.mobile.keyword.builtin.VerifyElementNotVisibleKeyword.execute(VerifyElementNotVisibleKeyword.groovy:64)
	at com.kms.katalon.core.keyword.internal.KeywordExecutor.executeKeywordForPlatform(KeywordExecutor.groovy:74)
	at com.kms.katalon.core.mobile.keyword.MobileBuiltInKeywords.verifyElementNotVisible(MobileBuiltInKeywords.groovy:2064)
	at com.kms.katalon.core.mobile.keyword.MobileBuiltInKeywords$verifyElementNotVisible$3.call(Unknown Source)
	at 03-Se connecter avec un compte google (MSR-2).run(03-Se connecter avec un compte google (MSR-2):28)
	at com.kms.katalon.core.main.ScriptEngine.run(ScriptEngine.java:194)
	at com.kms.katalon.core.main.ScriptEngine.runScriptAsRawText(ScriptEngine.java:119)
	at com.kms.katalon.core.main.TestCaseExecutor.runScript(TestCaseExecutor.java:448)
	at com.kms.katalon.core.main.TestCaseExecutor.doExecute(TestCaseExecutor.java:439)
	at com.kms.katalon.core.main.TestCaseExecutor.processExecutionPhase(TestCaseExecutor.java:418)
	at com.kms.katalon.core.main.TestCaseExecutor.accessMainPhase(TestCaseExecutor.java:410)
	at com.kms.katalon.core.main.TestCaseExecutor.execute(TestCaseExecutor.java:285)
	at com.kms.katalon.core.common.CommonExecutor.accessTestCaseMainPhase(CommonExecutor.java:65)
	at com.kms.katalon.core.main.TestSuiteExecutor.accessTestSuiteMainPhase(TestSuiteExecutor.java:151)
	at com.kms.katalon.core.main.TestSuiteExecutor.execute(TestSuiteExecutor.java:106)
	at com.kms.katalon.core.main.TestCaseMain.startTestSuite(TestCaseMain.java:185)
	at com.kms.katalon.core.main.TestCaseMain$startTestSuite$0.call(Unknown Source)
	at TempTestSuite1669107651687.run(TempTestSuite1669107651687.groovy:36)
"/>
         <system-out><![CDATA[2022-11-22 10:02:43 - [TEST_CASE][FAILED] - Test Cases/Cas de test passant/03-Se connecter avec un compte google (MSR-2): Test Cases/Cas de test passant/03-Se connecter avec un compte google (MSR-2) FAILED.
Reason:
com.kms.katalon.core.exception.StepFailedException: Element 'Object Repository/03- Se connecter avec un compte google/android.widget.TextView - Erreur 403 disallowed_useragent' is visible
	at com.kms.katalon.core.keyword.internal.KeywordMain.stepFailed(KeywordMain.groovy:50)
	at com.kms.katalon.core.mobile.keyword.internal.MobileKeywordMain.stepFailed(MobileKeywordMain.groovy:40)
	at com.kms.katalon.core.mobile.keyword.builtin.VerifyElementNotVisibleKeyword$_verifyElementNotVisible_closure1.doCall(VerifyElementNotVisibleKeyword.groovy:75)
	at com.kms.katalon.core.mobile.keyword.builtin.VerifyElementNotVisibleKeyword$_verifyElementNotVisible_closure1.call(VerifyElementNotVisibleKeyword.groovy)
	at com.kms.katalon.core.mobile.keyword.internal.MobileKeywordMain.runKeyword(MobileKeywordMain.groovy:21)
	at com.kms.katalon.core.mobile.keyword.builtin.VerifyElementNotVisibleKeyword.verifyElementNotVisible(VerifyElementNotVisibleKeyword.groovy:85)
	at com.kms.katalon.core.mobile.keyword.builtin.VerifyElementNotVisibleKeyword.execute(VerifyElementNotVisibleKeyword.groovy:64)
	at com.kms.katalon.core.keyword.internal.KeywordExecutor.executeKeywordForPlatform(KeywordExecutor.groovy:74)
	at com.kms.katalon.core.mobile.keyword.MobileBuiltInKeywords.verifyElementNotVisible(MobileBuiltInKeywords.groovy:2064)
	at com.kms.katalon.core.mobile.keyword.MobileBuiltInKeywords$verifyElementNotVisible$3.call(Unknown Source)
	at 03-Se connecter avec un compte google (MSR-2).run(03-Se connecter avec un compte google (MSR-2):28)
	at com.kms.katalon.core.main.ScriptEngine.run(ScriptEngine.java:194)
	at com.kms.katalon.core.main.ScriptEngine.runScriptAsRawText(ScriptEngine.java:119)
	at com.kms.katalon.core.main.TestCaseExecutor.runScript(TestCaseExecutor.java:448)
	at com.kms.katalon.core.main.TestCaseExecutor.doExecute(TestCaseExecutor.java:439)
	at com.kms.katalon.core.main.TestCaseExecutor.processExecutionPhase(TestCaseExecutor.java:418)
	at com.kms.katalon.core.main.TestCaseExecutor.accessMainPhase(TestCaseExecutor.java:410)
	at com.kms.katalon.core.main.TestCaseExecutor.execute(TestCaseExecutor.java:285)
	at com.kms.katalon.core.common.CommonExecutor.accessTestCaseMainPhase(CommonExecutor.java:65)
	at com.kms.katalon.core.main.TestSuiteExecutor.accessTestSuiteMainPhase(TestSuiteExecutor.java:151)
	at com.kms.katalon.core.main.TestSuiteExecutor.execute(TestSuiteExecutor.java:106)
	at com.kms.katalon.core.main.TestCaseMain.startTestSuite(TestCaseMain.java:185)
	at com.kms.katalon.core.main.TestCaseMain$startTestSuite$0.call(Unknown Source)
	at TempTestSuite1669107651687.run(TempTestSuite1669107651687.groovy:36)


2022-11-22 10:02:43 - [TEST_STEP][PASSED] - startApplication("C:\Users\Ousseynou Diop\Desktop\APK Client\app-debug.apk", true): Started app at: 'C:\Users\Ousseynou Diop\Desktop\APK Client\app-debug.apk'

2022-11-22 10:03:24 - [MESSAGE][PASSED] - Started app at: 'C:\Users\Ousseynou Diop\Desktop\APK Client\app-debug.apk'

2022-11-22 10:03:24 - [TEST_STEP][PASSED] - tap(findTestObject("Object Repository/03- Se connecter avec un compte google/android.widget.Button -Se connecter"), 0): Tapped on element 'Object Repository/03- Se connecter avec un compte google/android.widget.Button -Se connecter'

2022-11-22 10:03:24 - [MESSAGE][WARNING] - Timeout '0' is invalid. Using default page load timeout: '30'

2022-11-22 10:03:26 - [MESSAGE][PASSED] - Tapped on element 'Object Repository/03- Se connecter avec un compte google/android.widget.Button -Se connecter'

2022-11-22 10:03:26 - [TEST_STEP][PASSED] - tap(findTestObject("Object Repository/03- Se connecter avec un compte google/android.view.View Button social-google Login"), 0): Tapped on element 'Object Repository/03- Se connecter avec un compte google/android.view.View Button social-google Login'

2022-11-22 10:03:26 - [MESSAGE][WARNING] - Timeout '0' is invalid. Using default page load timeout: '30'

2022-11-22 10:03:37 - [MESSAGE][PASSED] - Tapped on element 'Object Repository/03- Se connecter avec un compte google/android.view.View Button social-google Login'

2022-11-22 10:03:37 - [TEST_STEP][FAILED] - verifyElementNotVisible(findTestObject("03- Se connecter avec un compte google/android.widget.TextView - Erreur 403 disallowed_useragent"), 0): Failed to check if element 'Object Repository/03- Se connecter avec un compte google/android.widget.TextView - Erreur 403 disallowed_useragent' is not visible (Root cause: com.kms.katalon.core.exception.StepFailedException: Element 'Object Repository/03- Se connecter avec un compte google/android.widget.TextView - Erreur 403 disallowed_useragent' is visible
	at com.kms.katalon.core.keyword.internal.KeywordMain.stepFailed(KeywordMain.groovy:50)
	at com.kms.katalon.core.mobile.keyword.internal.MobileKeywordMain.stepFailed(MobileKeywordMain.groovy:40)
	at com.kms.katalon.core.mobile.keyword.builtin.VerifyElementNotVisibleKeyword$_verifyElementNotVisible_closure1.doCall(VerifyElementNotVisibleKeyword.groovy:75)
	at com.kms.katalon.core.mobile.keyword.builtin.VerifyElementNotVisibleKeyword$_verifyElementNotVisible_closure1.call(VerifyElementNotVisibleKeyword.groovy)
	at com.kms.katalon.core.mobile.keyword.internal.MobileKeywordMain.runKeyword(MobileKeywordMain.groovy:21)
	at com.kms.katalon.core.mobile.keyword.builtin.VerifyElementNotVisibleKeyword.verifyElementNotVisible(VerifyElementNotVisibleKeyword.groovy:85)
	at com.kms.katalon.core.mobile.keyword.builtin.VerifyElementNotVisibleKeyword.execute(VerifyElementNotVisibleKeyword.groovy:64)
	at com.kms.katalon.core.keyword.internal.KeywordExecutor.executeKeywordForPlatform(KeywordExecutor.groovy:74)
	at com.kms.katalon.core.mobile.keyword.MobileBuiltInKeywords.verifyElementNotVisible(MobileBuiltInKeywords.groovy:2064)
	at com.kms.katalon.core.mobile.keyword.MobileBuiltInKeywords$verifyElementNotVisible$3.call(Unknown Source)
	at 03-Se connecter avec un compte google (MSR-2).run(03-Se connecter avec un compte google (MSR-2):28)
	at com.kms.katalon.core.main.ScriptEngine.run(ScriptEngine.java:194)
	at com.kms.katalon.core.main.ScriptEngine.runScriptAsRawText(ScriptEngine.java:119)
	at com.kms.katalon.core.main.TestCaseExecutor.runScript(TestCaseExecutor.java:448)
	at com.kms.katalon.core.main.TestCaseExecutor.doExecute(TestCaseExecutor.java:439)
	at com.kms.katalon.core.main.TestCaseExecutor.processExecutionPhase(TestCaseExecutor.java:418)
	at com.kms.katalon.core.main.TestCaseExecutor.accessMainPhase(TestCaseExecutor.java:410)
	at com.kms.katalon.core.main.TestCaseExecutor.execute(TestCaseExecutor.java:285)
	at com.kms.katalon.core.common.CommonExecutor.accessTestCaseMainPhase(CommonExecutor.java:65)
	at com.kms.katalon.core.main.TestSuiteExecutor.accessTestSuiteMainPhase(TestSuiteExecutor.java:151)
	at com.kms.katalon.core.main.TestSuiteExecutor.execute(TestSuiteExecutor.java:106)
	at com.kms.katalon.core.main.TestCaseMain.startTestSuite(TestCaseMain.java:185)
	at com.kms.katalon.core.main.TestCaseMain$startTestSuite$0.call(Unknown Source)
	at TempTestSuite1669107651687.run(TempTestSuite1669107651687.groovy:36)
)

2022-11-22 10:03:37 - [MESSAGE][WARNING] - Timeout '0' is invalid. Using default page load timeout: '30'

2022-11-22 10:03:43 - [MESSAGE][FAILED] - Element 'Object Repository/03- Se connecter avec un compte google/android.widget.TextView - Erreur 403 disallowed_useragent' is visible

2022-11-22 10:03:49 - [MESSAGE][FAILED] - Failed to check if element 'Object Repository/03- Se connecter avec un compte google/android.widget.TextView - Erreur 403 disallowed_useragent' is not visible (Root cause: com.kms.katalon.core.exception.StepFailedException: Element 'Object Repository/03- Se connecter avec un compte google/android.widget.TextView - Erreur 403 disallowed_useragent' is visible
	at com.kms.katalon.core.keyword.internal.KeywordMain.stepFailed(KeywordMain.groovy:50)
	at com.kms.katalon.core.mobile.keyword.internal.MobileKeywordMain.stepFailed(MobileKeywordMain.groovy:40)
	at com.kms.katalon.core.mobile.keyword.builtin.VerifyElementNotVisibleKeyword$_verifyElementNotVisible_closure1.doCall(VerifyElementNotVisibleKeyword.groovy:75)
	at com.kms.katalon.core.mobile.keyword.builtin.VerifyElementNotVisibleKeyword$_verifyElementNotVisible_closure1.call(VerifyElementNotVisibleKeyword.groovy)
	at com.kms.katalon.core.mobile.keyword.internal.MobileKeywordMain.runKeyword(MobileKeywordMain.groovy:21)
	at com.kms.katalon.core.mobile.keyword.builtin.VerifyElementNotVisibleKeyword.verifyElementNotVisible(VerifyElementNotVisibleKeyword.groovy:85)
	at com.kms.katalon.core.mobile.keyword.builtin.VerifyElementNotVisibleKeyword.execute(VerifyElementNotVisibleKeyword.groovy:64)
	at com.kms.katalon.core.keyword.internal.KeywordExecutor.executeKeywordForPlatform(KeywordExecutor.groovy:74)
	at com.kms.katalon.core.mobile.keyword.MobileBuiltInKeywords.verifyElementNotVisible(MobileBuiltInKeywords.groovy:2064)
	at com.kms.katalon.core.mobile.keyword.MobileBuiltInKeywords$verifyElementNotVisible$3.call(Unknown Source)
	at 03-Se connecter avec un compte google (MSR-2).run(03-Se connecter avec un compte google (MSR-2):28)
	at com.kms.katalon.core.main.ScriptEngine.run(ScriptEngine.java:194)
	at com.kms.katalon.core.main.ScriptEngine.runScriptAsRawText(ScriptEngine.java:119)
	at com.kms.katalon.core.main.TestCaseExecutor.runScript(TestCaseExecutor.java:448)
	at com.kms.katalon.core.main.TestCaseExecutor.doExecute(TestCaseExecutor.java:439)
	at com.kms.katalon.core.main.TestCaseExecutor.processExecutionPhase(TestCaseExecutor.java:418)
	at com.kms.katalon.core.main.TestCaseExecutor.accessMainPhase(TestCaseExecutor.java:410)
	at com.kms.katalon.core.main.TestCaseExecutor.execute(TestCaseExecutor.java:285)
	at com.kms.katalon.core.common.CommonExecutor.accessTestCaseMainPhase(CommonExecutor.java:65)
	at com.kms.katalon.core.main.TestSuiteExecutor.accessTestSuiteMainPhase(TestSuiteExecutor.java:151)
	at com.kms.katalon.core.main.TestSuiteExecutor.execute(TestSuiteExecutor.java:106)
	at com.kms.katalon.core.main.TestCaseMain.startTestSuite(TestCaseMain.java:185)
	at com.kms.katalon.core.main.TestCaseMain$startTestSuite$0.call(Unknown Source)
	at TempTestSuite1669107651687.run(TempTestSuite1669107651687.groovy:36)
)
[[ATTACHMENT|C:\\Users\\Ousseynou Diop\\git\\Mon-Shopper-Automatisation-Application-Client\\Reports\\20221122_100051\\Cas de test passant app client\\20221122_100051\\1669107823185.png]]]]></system-out>
         <system-err><![CDATA[2022-11-22 10:02:43 - [TEST_CASE][FAILED] - Test Cases/Cas de test passant/03-Se connecter avec un compte google (MSR-2): Test Cases/Cas de test passant/03-Se connecter avec un compte google (MSR-2) FAILED.
Reason:
com.kms.katalon.core.exception.StepFailedException: Element 'Object Repository/03- Se connecter avec un compte google/android.widget.TextView - Erreur 403 disallowed_useragent' is visible
	at com.kms.katalon.core.keyword.internal.KeywordMain.stepFailed(KeywordMain.groovy:50)
	at com.kms.katalon.core.mobile.keyword.internal.MobileKeywordMain.stepFailed(MobileKeywordMain.groovy:40)
	at com.kms.katalon.core.mobile.keyword.builtin.VerifyElementNotVisibleKeyword$_verifyElementNotVisible_closure1.doCall(VerifyElementNotVisibleKeyword.groovy:75)
	at com.kms.katalon.core.mobile.keyword.builtin.VerifyElementNotVisibleKeyword$_verifyElementNotVisible_closure1.call(VerifyElementNotVisibleKeyword.groovy)
	at com.kms.katalon.core.mobile.keyword.internal.MobileKeywordMain.runKeyword(MobileKeywordMain.groovy:21)
	at com.kms.katalon.core.mobile.keyword.builtin.VerifyElementNotVisibleKeyword.verifyElementNotVisible(VerifyElementNotVisibleKeyword.groovy:85)
	at com.kms.katalon.core.mobile.keyword.builtin.VerifyElementNotVisibleKeyword.execute(VerifyElementNotVisibleKeyword.groovy:64)
	at com.kms.katalon.core.keyword.internal.KeywordExecutor.executeKeywordForPlatform(KeywordExecutor.groovy:74)
	at com.kms.katalon.core.mobile.keyword.MobileBuiltInKeywords.verifyElementNotVisible(MobileBuiltInKeywords.groovy:2064)
	at com.kms.katalon.core.mobile.keyword.MobileBuiltInKeywords$verifyElementNotVisible$3.call(Unknown Source)
	at 03-Se connecter avec un compte google (MSR-2).run(03-Se connecter avec un compte google (MSR-2):28)
	at com.kms.katalon.core.main.ScriptEngine.run(ScriptEngine.java:194)
	at com.kms.katalon.core.main.ScriptEngine.runScriptAsRawText(ScriptEngine.java:119)
	at com.kms.katalon.core.main.TestCaseExecutor.runScript(TestCaseExecutor.java:448)
	at com.kms.katalon.core.main.TestCaseExecutor.doExecute(TestCaseExecutor.java:439)
	at com.kms.katalon.core.main.TestCaseExecutor.processExecutionPhase(TestCaseExecutor.java:418)
	at com.kms.katalon.core.main.TestCaseExecutor.accessMainPhase(TestCaseExecutor.java:410)
	at com.kms.katalon.core.main.TestCaseExecutor.execute(TestCaseExecutor.java:285)
	at com.kms.katalon.core.common.CommonExecutor.accessTestCaseMainPhase(CommonExecutor.java:65)
	at com.kms.katalon.core.main.TestSuiteExecutor.accessTestSuiteMainPhase(TestSuiteExecutor.java:151)
	at com.kms.katalon.core.main.TestSuiteExecutor.execute(TestSuiteExecutor.java:106)
	at com.kms.katalon.core.main.TestCaseMain.startTestSuite(TestCaseMain.java:185)
	at com.kms.katalon.core.main.TestCaseMain$startTestSuite$0.call(Unknown Source)
	at TempTestSuite1669107651687.run(TempTestSuite1669107651687.groovy:36)]]></system-err>
      </testcase>
      <testcase name="Test Cases/Cas de test passant/05- Se Connecter en mode Guest (MSR-219 et MSR-74)" time="44.028" classname="Test Cases/Cas de test passant/05- Se Connecter en mode Guest (MSR-219 et MSR-74)" status="PASSED">
         <system-out><![CDATA[2022-11-22 10:03:49 - [TEST_CASE][PASSED] - Test Cases/Cas de test passant/05- Se Connecter en mode Guest (MSR-219 et MSR-74): Test Cases/Cas de test passant/05- Se Connecter en mode Guest (MSR-219 et MSR-74)

2022-11-22 10:03:49 - [TEST_STEP][PASSED] - startApplication("C:\Users\Ousseynou Diop\Desktop\APK Client\app-debug.apk", true): Started app at: 'C:\Users\Ousseynou Diop\Desktop\APK Client\app-debug.apk'

2022-11-22 10:04:25 - [MESSAGE][PASSED] - Started app at: 'C:\Users\Ousseynou Diop\Desktop\APK Client\app-debug.apk'

2022-11-22 10:04:25 - [TEST_STEP][PASSED] - tap(findTestObject("Object Repository/05-Se connecter en mode Guest/android.widget.Button Continuer en mode guest"), 0): Tapped on element 'Object Repository/05-Se connecter en mode Guest/android.widget.Button Continuer en mode guest'

2022-11-22 10:04:25 - [MESSAGE][WARNING] - Timeout '0' is invalid. Using default page load timeout: '30'

2022-11-22 10:04:27 - [MESSAGE][PASSED] - Tapped on element 'Object Repository/05-Se connecter en mode Guest/android.widget.Button Continuer en mode guest'

2022-11-22 10:04:27 - [TEST_STEP][PASSED] - verifyElementVisible(findTestObject("Object Repository/05-Se connecter en mode Guest/android.view.View - Onglet Livraison de colis"), 0): Element 'Object Repository/05-Se connecter en mode Guest/android.view.View - Onglet Livraison de colis' is visible

2022-11-22 10:04:27 - [MESSAGE][WARNING] - Timeout '0' is invalid. Using default page load timeout: '30'

2022-11-22 10:04:30 - [MESSAGE][PASSED] - Element 'Object Repository/05-Se connecter en mode Guest/android.view.View - Onglet Livraison de colis' is visible

2022-11-22 10:04:30 - [TEST_STEP][PASSED] - closeApplication(): Close app successfully

2022-11-22 10:04:33 - [MESSAGE][PASSED] - Close app successfully]]></system-out>
         <system-err><![CDATA[]]></system-err>
      </testcase>
      <testcase name="Test Cases/Cas de test passant/06- Inscription avec le lien Inscriver-vous (MSR-2)" time="74.883" classname="Test Cases/Cas de test passant/06- Inscription avec le lien Inscriver-vous (MSR-2)" status="FAILED">
         <failure type="FAILED" message="Test Cases/Cas de test passant/06- Inscription avec le lien Inscriver-vous (MSR-2) FAILED.
Reason:
com.kms.katalon.core.exception.StepFailedException: Element 'Object Repository/06- Inscription avec le lien Inscrivez-vous/android.widget.TextView - Senregistrer' not found
	at com.kms.katalon.core.keyword.internal.KeywordMain.stepFailed(KeywordMain.groovy:50)
	at com.kms.katalon.core.mobile.keyword.internal.MobileKeywordMain.stepFailed(MobileKeywordMain.groovy:40)
	at com.kms.katalon.core.mobile.keyword.builtin.VerifyElementVisibleKeyword$_verifyElementVisible_closure1.doCall(VerifyElementVisibleKeyword.groovy:82)
	at com.kms.katalon.core.mobile.keyword.builtin.VerifyElementVisibleKeyword$_verifyElementVisible_closure1.call(VerifyElementVisibleKeyword.groovy)
	at com.kms.katalon.core.mobile.keyword.internal.MobileKeywordMain.runKeyword(MobileKeywordMain.groovy:21)
	at com.kms.katalon.core.mobile.keyword.builtin.VerifyElementVisibleKeyword.verifyElementVisible(VerifyElementVisibleKeyword.groovy:85)
	at com.kms.katalon.core.mobile.keyword.builtin.VerifyElementVisibleKeyword.execute(VerifyElementVisibleKeyword.groovy:64)
	at com.kms.katalon.core.keyword.internal.KeywordExecutor.executeKeywordForPlatform(KeywordExecutor.groovy:74)
	at com.kms.katalon.core.mobile.keyword.MobileBuiltInKeywords.verifyElementVisible(MobileBuiltInKeywords.groovy:2031)
	at com.kms.katalon.core.mobile.keyword.MobileBuiltInKeywords$verifyElementVisible$4.call(Unknown Source)
	at 06- Inscription avec le lien Inscriver-vous (MSR-2).run(06- Inscription avec le lien Inscriver-vous (MSR-2):24)
	at com.kms.katalon.core.main.ScriptEngine.run(ScriptEngine.java:194)
	at com.kms.katalon.core.main.ScriptEngine.runScriptAsRawText(ScriptEngine.java:119)
	at com.kms.katalon.core.main.TestCaseExecutor.runScript(TestCaseExecutor.java:448)
	at com.kms.katalon.core.main.TestCaseExecutor.doExecute(TestCaseExecutor.java:439)
	at com.kms.katalon.core.main.TestCaseExecutor.processExecutionPhase(TestCaseExecutor.java:418)
	at com.kms.katalon.core.main.TestCaseExecutor.accessMainPhase(TestCaseExecutor.java:410)
	at com.kms.katalon.core.main.TestCaseExecutor.execute(TestCaseExecutor.java:285)
	at com.kms.katalon.core.common.CommonExecutor.accessTestCaseMainPhase(CommonExecutor.java:65)
	at com.kms.katalon.core.main.TestSuiteExecutor.accessTestSuiteMainPhase(TestSuiteExecutor.java:151)
	at com.kms.katalon.core.main.TestSuiteExecutor.execute(TestSuiteExecutor.java:106)
	at com.kms.katalon.core.main.TestCaseMain.startTestSuite(TestCaseMain.java:185)
	at com.kms.katalon.core.main.TestCaseMain$startTestSuite$0.call(Unknown Source)
	at TempTestSuite1669107651687.run(TempTestSuite1669107651687.groovy:36)
"/>
         <system-out><![CDATA[2022-11-22 10:04:33 - [TEST_CASE][FAILED] - Test Cases/Cas de test passant/06- Inscription avec le lien Inscriver-vous (MSR-2): Test Cases/Cas de test passant/06- Inscription avec le lien Inscriver-vous (MSR-2) FAILED.
Reason:
com.kms.katalon.core.exception.StepFailedException: Element 'Object Repository/06- Inscription avec le lien Inscrivez-vous/android.widget.TextView - Senregistrer' not found
	at com.kms.katalon.core.keyword.internal.KeywordMain.stepFailed(KeywordMain.groovy:50)
	at com.kms.katalon.core.mobile.keyword.internal.MobileKeywordMain.stepFailed(MobileKeywordMain.groovy:40)
	at com.kms.katalon.core.mobile.keyword.builtin.VerifyElementVisibleKeyword$_verifyElementVisible_closure1.doCall(VerifyElementVisibleKeyword.groovy:82)
	at com.kms.katalon.core.mobile.keyword.builtin.VerifyElementVisibleKeyword$_verifyElementVisible_closure1.call(VerifyElementVisibleKeyword.groovy)
	at com.kms.katalon.core.mobile.keyword.internal.MobileKeywordMain.runKeyword(MobileKeywordMain.groovy:21)
	at com.kms.katalon.core.mobile.keyword.builtin.VerifyElementVisibleKeyword.verifyElementVisible(VerifyElementVisibleKeyword.groovy:85)
	at com.kms.katalon.core.mobile.keyword.builtin.VerifyElementVisibleKeyword.execute(VerifyElementVisibleKeyword.groovy:64)
	at com.kms.katalon.core.keyword.internal.KeywordExecutor.executeKeywordForPlatform(KeywordExecutor.groovy:74)
	at com.kms.katalon.core.mobile.keyword.MobileBuiltInKeywords.verifyElementVisible(MobileBuiltInKeywords.groovy:2031)
	at com.kms.katalon.core.mobile.keyword.MobileBuiltInKeywords$verifyElementVisible$4.call(Unknown Source)
	at 06- Inscription avec le lien Inscriver-vous (MSR-2).run(06- Inscription avec le lien Inscriver-vous (MSR-2):24)
	at com.kms.katalon.core.main.ScriptEngine.run(ScriptEngine.java:194)
	at com.kms.katalon.core.main.ScriptEngine.runScriptAsRawText(ScriptEngine.java:119)
	at com.kms.katalon.core.main.TestCaseExecutor.runScript(TestCaseExecutor.java:448)
	at com.kms.katalon.core.main.TestCaseExecutor.doExecute(TestCaseExecutor.java:439)
	at com.kms.katalon.core.main.TestCaseExecutor.processExecutionPhase(TestCaseExecutor.java:418)
	at com.kms.katalon.core.main.TestCaseExecutor.accessMainPhase(TestCaseExecutor.java:410)
	at com.kms.katalon.core.main.TestCaseExecutor.execute(TestCaseExecutor.java:285)
	at com.kms.katalon.core.common.CommonExecutor.accessTestCaseMainPhase(CommonExecutor.java:65)
	at com.kms.katalon.core.main.TestSuiteExecutor.accessTestSuiteMainPhase(TestSuiteExecutor.java:151)
	at com.kms.katalon.core.main.TestSuiteExecutor.execute(TestSuiteExecutor.java:106)
	at com.kms.katalon.core.main.TestCaseMain.startTestSuite(TestCaseMain.java:185)
	at com.kms.katalon.core.main.TestCaseMain$startTestSuite$0.call(Unknown Source)
	at TempTestSuite1669107651687.run(TempTestSuite1669107651687.groovy:36)


2022-11-22 10:04:33 - [TEST_STEP][PASSED] - startApplication("C:\Users\Ousseynou Diop\Desktop\APK Client\app-debug.apk", true): Started app at: 'C:\Users\Ousseynou Diop\Desktop\APK Client\app-debug.apk'

2022-11-22 10:04:33 - [MESSAGE][INFO] - Detected NodeJS location: "C:\Program Files\nodejs\node.exe"

2022-11-22 10:04:34 - [MESSAGE][INFO] - Appium server started on port 49Â 914

2022-11-22 10:05:08 - [MESSAGE][PASSED] - Started app at: 'C:\Users\Ousseynou Diop\Desktop\APK Client\app-debug.apk'

2022-11-22 10:05:08 - [TEST_STEP][PASSED] - tap(findTestObject("Object Repository/06- Inscription avec le lien Inscrivez-vous/android.widget.Button Inscrivez-vous"), 0): Tapped on element 'Object Repository/06- Inscription avec le lien Inscrivez-vous/android.widget.Button Inscrivez-vous'

2022-11-22 10:05:08 - [MESSAGE][WARNING] - Timeout '0' is invalid. Using default page load timeout: '30'

2022-11-22 10:05:10 - [MESSAGE][PASSED] - Tapped on element 'Object Repository/06- Inscription avec le lien Inscrivez-vous/android.widget.Button Inscrivez-vous'

2022-11-22 10:05:10 - [TEST_STEP][FAILED] - verifyElementVisible(findTestObject("06- Inscription avec le lien Inscrivez-vous/android.widget.TextView - Senregistrer"), 0): Failed to check for element 'Object Repository/06- Inscription avec le lien Inscrivez-vous/android.widget.TextView - Senregistrer' visible (Root cause: com.kms.katalon.core.exception.StepFailedException: Element 'Object Repository/06- Inscription avec le lien Inscrivez-vous/android.widget.TextView - Senregistrer' not found
	at com.kms.katalon.core.keyword.internal.KeywordMain.stepFailed(KeywordMain.groovy:50)
	at com.kms.katalon.core.mobile.keyword.internal.MobileKeywordMain.stepFailed(MobileKeywordMain.groovy:40)
	at com.kms.katalon.core.mobile.keyword.builtin.VerifyElementVisibleKeyword$_verifyElementVisible_closure1.doCall(VerifyElementVisibleKeyword.groovy:82)
	at com.kms.katalon.core.mobile.keyword.builtin.VerifyElementVisibleKeyword$_verifyElementVisible_closure1.call(VerifyElementVisibleKeyword.groovy)
	at com.kms.katalon.core.mobile.keyword.internal.MobileKeywordMain.runKeyword(MobileKeywordMain.groovy:21)
	at com.kms.katalon.core.mobile.keyword.builtin.VerifyElementVisibleKeyword.verifyElementVisible(VerifyElementVisibleKeyword.groovy:85)
	at com.kms.katalon.core.mobile.keyword.builtin.VerifyElementVisibleKeyword.execute(VerifyElementVisibleKeyword.groovy:64)
	at com.kms.katalon.core.keyword.internal.KeywordExecutor.executeKeywordForPlatform(KeywordExecutor.groovy:74)
	at com.kms.katalon.core.mobile.keyword.MobileBuiltInKeywords.verifyElementVisible(MobileBuiltInKeywords.groovy:2031)
	at com.kms.katalon.core.mobile.keyword.MobileBuiltInKeywords$verifyElementVisible$4.call(Unknown Source)
	at 06- Inscription avec le lien Inscriver-vous (MSR-2).run(06- Inscription avec le lien Inscriver-vous (MSR-2):24)
	at com.kms.katalon.core.main.ScriptEngine.run(ScriptEngine.java:194)
	at com.kms.katalon.core.main.ScriptEngine.runScriptAsRawText(ScriptEngine.java:119)
	at com.kms.katalon.core.main.TestCaseExecutor.runScript(TestCaseExecutor.java:448)
	at com.kms.katalon.core.main.TestCaseExecutor.doExecute(TestCaseExecutor.java:439)
	at com.kms.katalon.core.main.TestCaseExecutor.processExecutionPhase(TestCaseExecutor.java:418)
	at com.kms.katalon.core.main.TestCaseExecutor.accessMainPhase(TestCaseExecutor.java:410)
	at com.kms.katalon.core.main.TestCaseExecutor.execute(TestCaseExecutor.java:285)
	at com.kms.katalon.core.common.CommonExecutor.accessTestCaseMainPhase(CommonExecutor.java:65)
	at com.kms.katalon.core.main.TestSuiteExecutor.accessTestSuiteMainPhase(TestSuiteExecutor.java:151)
	at com.kms.katalon.core.main.TestSuiteExecutor.execute(TestSuiteExecutor.java:106)
	at com.kms.katalon.core.main.TestCaseMain.startTestSuite(TestCaseMain.java:185)
	at com.kms.katalon.core.main.TestCaseMain$startTestSuite$0.call(Unknown Source)
	at TempTestSuite1669107651687.run(TempTestSuite1669107651687.groovy:36)
)

2022-11-22 10:05:10 - [MESSAGE][WARNING] - Timeout '0' is invalid. Using default page load timeout: '30'

2022-11-22 10:05:40 - [MESSAGE][FAILED] - Element 'Object Repository/06- Inscription avec le lien Inscrivez-vous/android.widget.TextView - Senregistrer' not found

2022-11-22 10:05:48 - [MESSAGE][FAILED] - Failed to check for element 'Object Repository/06- Inscription avec le lien Inscrivez-vous/android.widget.TextView - Senregistrer' visible (Root cause: com.kms.katalon.core.exception.StepFailedException: Element 'Object Repository/06- Inscription avec le lien Inscrivez-vous/android.widget.TextView - Senregistrer' not found
	at com.kms.katalon.core.keyword.internal.KeywordMain.stepFailed(KeywordMain.groovy:50)
	at com.kms.katalon.core.mobile.keyword.internal.MobileKeywordMain.stepFailed(MobileKeywordMain.groovy:40)
	at com.kms.katalon.core.mobile.keyword.builtin.VerifyElementVisibleKeyword$_verifyElementVisible_closure1.doCall(VerifyElementVisibleKeyword.groovy:82)
	at com.kms.katalon.core.mobile.keyword.builtin.VerifyElementVisibleKeyword$_verifyElementVisible_closure1.call(VerifyElementVisibleKeyword.groovy)
	at com.kms.katalon.core.mobile.keyword.internal.MobileKeywordMain.runKeyword(MobileKeywordMain.groovy:21)
	at com.kms.katalon.core.mobile.keyword.builtin.VerifyElementVisibleKeyword.verifyElementVisible(VerifyElementVisibleKeyword.groovy:85)
	at com.kms.katalon.core.mobile.keyword.builtin.VerifyElementVisibleKeyword.execute(VerifyElementVisibleKeyword.groovy:64)
	at com.kms.katalon.core.keyword.internal.KeywordExecutor.executeKeywordForPlatform(KeywordExecutor.groovy:74)
	at com.kms.katalon.core.mobile.keyword.MobileBuiltInKeywords.verifyElementVisible(MobileBuiltInKeywords.groovy:2031)
	at com.kms.katalon.core.mobile.keyword.MobileBuiltInKeywords$verifyElementVisible$4.call(Unknown Source)
	at 06- Inscription avec le lien Inscriver-vous (MSR-2).run(06- Inscription avec le lien Inscriver-vous (MSR-2):24)
	at com.kms.katalon.core.main.ScriptEngine.run(ScriptEngine.java:194)
	at com.kms.katalon.core.main.ScriptEngine.runScriptAsRawText(ScriptEngine.java:119)
	at com.kms.katalon.core.main.TestCaseExecutor.runScript(TestCaseExecutor.java:448)
	at com.kms.katalon.core.main.TestCaseExecutor.doExecute(TestCaseExecutor.java:439)
	at com.kms.katalon.core.main.TestCaseExecutor.processExecutionPhase(TestCaseExecutor.java:418)
	at com.kms.katalon.core.main.TestCaseExecutor.accessMainPhase(TestCaseExecutor.java:410)
	at com.kms.katalon.core.main.TestCaseExecutor.execute(TestCaseExecutor.java:285)
	at com.kms.katalon.core.common.CommonExecutor.accessTestCaseMainPhase(CommonExecutor.java:65)
	at com.kms.katalon.core.main.TestSuiteExecutor.accessTestSuiteMainPhase(TestSuiteExecutor.java:151)
	at com.kms.katalon.core.main.TestSuiteExecutor.execute(TestSuiteExecutor.java:106)
	at com.kms.katalon.core.main.TestCaseMain.startTestSuite(TestCaseMain.java:185)
	at com.kms.katalon.core.main.TestCaseMain$startTestSuite$0.call(Unknown Source)
	at TempTestSuite1669107651687.run(TempTestSuite1669107651687.groovy:36)
)
[[ATTACHMENT|C:\\Users\\Ousseynou Diop\\git\\Mon-Shopper-Automatisation-Application-Client\\Reports\\20221122_100051\\Cas de test passant app client\\20221122_100051\\1669107940751.png]]]]></system-out>
         <system-err><![CDATA[2022-11-22 10:04:33 - [TEST_CASE][FAILED] - Test Cases/Cas de test passant/06- Inscription avec le lien Inscriver-vous (MSR-2): Test Cases/Cas de test passant/06- Inscription avec le lien Inscriver-vous (MSR-2) FAILED.
Reason:
com.kms.katalon.core.exception.StepFailedException: Element 'Object Repository/06- Inscription avec le lien Inscrivez-vous/android.widget.TextView - Senregistrer' not found
	at com.kms.katalon.core.keyword.internal.KeywordMain.stepFailed(KeywordMain.groovy:50)
	at com.kms.katalon.core.mobile.keyword.internal.MobileKeywordMain.stepFailed(MobileKeywordMain.groovy:40)
	at com.kms.katalon.core.mobile.keyword.builtin.VerifyElementVisibleKeyword$_verifyElementVisible_closure1.doCall(VerifyElementVisibleKeyword.groovy:82)
	at com.kms.katalon.core.mobile.keyword.builtin.VerifyElementVisibleKeyword$_verifyElementVisible_closure1.call(VerifyElementVisibleKeyword.groovy)
	at com.kms.katalon.core.mobile.keyword.internal.MobileKeywordMain.runKeyword(MobileKeywordMain.groovy:21)
	at com.kms.katalon.core.mobile.keyword.builtin.VerifyElementVisibleKeyword.verifyElementVisible(VerifyElementVisibleKeyword.groovy:85)
	at com.kms.katalon.core.mobile.keyword.builtin.VerifyElementVisibleKeyword.execute(VerifyElementVisibleKeyword.groovy:64)
	at com.kms.katalon.core.keyword.internal.KeywordExecutor.executeKeywordForPlatform(KeywordExecutor.groovy:74)
	at com.kms.katalon.core.mobile.keyword.MobileBuiltInKeywords.verifyElementVisible(MobileBuiltInKeywords.groovy:2031)
	at com.kms.katalon.core.mobile.keyword.MobileBuiltInKeywords$verifyElementVisible$4.call(Unknown Source)
	at 06- Inscription avec le lien Inscriver-vous (MSR-2).run(06- Inscription avec le lien Inscriver-vous (MSR-2):24)
	at com.kms.katalon.core.main.ScriptEngine.run(ScriptEngine.java:194)
	at com.kms.katalon.core.main.ScriptEngine.runScriptAsRawText(ScriptEngine.java:119)
	at com.kms.katalon.core.main.TestCaseExecutor.runScript(TestCaseExecutor.java:448)
	at com.kms.katalon.core.main.TestCaseExecutor.doExecute(TestCaseExecutor.java:439)
	at com.kms.katalon.core.main.TestCaseExecutor.processExecutionPhase(TestCaseExecutor.java:418)
	at com.kms.katalon.core.main.TestCaseExecutor.accessMainPhase(TestCaseExecutor.java:410)
	at com.kms.katalon.core.main.TestCaseExecutor.execute(TestCaseExecutor.java:285)
	at com.kms.katalon.core.common.CommonExecutor.accessTestCaseMainPhase(CommonExecutor.java:65)
	at com.kms.katalon.core.main.TestSuiteExecutor.accessTestSuiteMainPhase(TestSuiteExecutor.java:151)
	at com.kms.katalon.core.main.TestSuiteExecutor.execute(TestSuiteExecutor.java:106)
	at com.kms.katalon.core.main.TestCaseMain.startTestSuite(TestCaseMain.java:185)
	at com.kms.katalon.core.main.TestCaseMain$startTestSuite$0.call(Unknown Source)
	at TempTestSuite1669107651687.run(TempTestSuite1669107651687.groovy:36)]]></system-err>
      </testcase>
      <testcase name="Test Cases/Cas de test passant/07- Modification de mot de passe oublier (MSR-3 et MSR-27)" time="57.275" classname="Test Cases/Cas de test passant/07- Modification de mot de passe oublier (MSR-3 et MSR-27)" status="PASSED">
         <system-out><![CDATA[2022-11-22 10:05:48 - [TEST_CASE][PASSED] - Test Cases/Cas de test passant/07- Modification de mot de passe oublier (MSR-3 et MSR-27): Test Cases/Cas de test passant/07- Modification de mot de passe oublier (MSR-3 et MSR-27)

2022-11-22 10:05:48 - [TEST_STEP][PASSED] - startApplication("C:\Users\Ousseynou Diop\Desktop\APK Client\app-debug.apk", true): Started app at: 'C:\Users\Ousseynou Diop\Desktop\APK Client\app-debug.apk'

2022-11-22 10:06:21 - [MESSAGE][PASSED] - Started app at: 'C:\Users\Ousseynou Diop\Desktop\APK Client\app-debug.apk'

2022-11-22 10:06:21 - [TEST_STEP][PASSED] - tap(findTestObject("Object Repository/07-Modification de mot de passe oubliÃ©/android.widget.Button-Se connecter"), 0): Tapped on element 'Object Repository/07-Modification de mot de passe oubliÃ©/android.widget.Button-Se connecter'

2022-11-22 10:06:21 - [MESSAGE][WARNING] - Timeout '0' is invalid. Using default page load timeout: '30'

2022-11-22 10:06:23 - [MESSAGE][PASSED] - Tapped on element 'Object Repository/07-Modification de mot de passe oubliÃ©/android.widget.Button-Se connecter'

2022-11-22 10:06:23 - [TEST_STEP][PASSED] - tap(findTestObject("Object Repository/07-Modification de mot de passe oubliÃ©/android.widget.TextView - Mot de passe oubli"), 0): Tapped on element 'Object Repository/07-Modification de mot de passe oubliÃ©/android.widget.TextView - Mot de passe oubli'

2022-11-22 10:06:23 - [MESSAGE][WARNING] - Timeout '0' is invalid. Using default page load timeout: '30'

2022-11-22 10:06:31 - [MESSAGE][PASSED] - Tapped on element 'Object Repository/07-Modification de mot de passe oubliÃ©/android.widget.TextView - Mot de passe oubli'

2022-11-22 10:06:31 - [TEST_STEP][PASSED] - tap(findTestObject("07-Modification de mot de passe oubliÃ©/android.widget.EditText-username"), 0): Tapped on element 'Object Repository/07-Modification de mot de passe oubliÃ©/android.widget.EditText-username'

2022-11-22 10:06:32 - [MESSAGE][WARNING] - Timeout '0' is invalid. Using default page load timeout: '30'

2022-11-22 10:06:35 - [MESSAGE][PASSED] - Tapped on element 'Object Repository/07-Modification de mot de passe oubliÃ©/android.widget.EditText-username'

2022-11-22 10:06:35 - [TEST_STEP][PASSED] - setText(findTestObject("Object Repository/07-Modification de mot de passe oubliÃ©/android.widget.EditText-username"), "pacorabanne@yopmail.com", 0): Text 'pacorabanne@yopmail.com' has been set to element 'Object Repository/07-Modification de mot de passe oubliÃ©/android.widget.EditText-username'

2022-11-22 10:06:35 - [MESSAGE][WARNING] - Timeout '0' is invalid. Using default page load timeout: '30'

2022-11-22 10:06:36 - [MESSAGE][PASSED] - Text 'pacorabanne@yopmail.com' has been set to element 'Object Repository/07-Modification de mot de passe oubliÃ©/android.widget.EditText-username'

2022-11-22 10:06:36 - [TEST_STEP][PASSED] - tap(findTestObject("Object Repository/07-Modification de mot de passe oubliÃ©/android.widget.Button - Soumettre"), 0): Tapped on element 'Object Repository/07-Modification de mot de passe oubliÃ©/android.widget.Button - Soumettre'

2022-11-22 10:06:36 - [MESSAGE][WARNING] - Timeout '0' is invalid. Using default page load timeout: '30'

2022-11-22 10:06:38 - [MESSAGE][PASSED] - Tapped on element 'Object Repository/07-Modification de mot de passe oubliÃ©/android.widget.Button - Soumettre'

2022-11-22 10:06:38 - [TEST_STEP][PASSED] - verifyElementVisible(findTestObject("Object Repository/07-Modification de mot de passe oubliÃ©/android.widget.TextView - Vous devriez recevoir rapidement un courriel avec de plus amples instructions"), 0): Element 'Object Repository/07-Modification de mot de passe oubliÃ©/android.widget.TextView - Vous devriez recevoir rapidement un courriel avec de plus amples instructions' is visible

2022-11-22 10:06:38 - [MESSAGE][WARNING] - Timeout '0' is invalid. Using default page load timeout: '30'

2022-11-22 10:06:42 - [MESSAGE][PASSED] - Element 'Object Repository/07-Modification de mot de passe oubliÃ©/android.widget.TextView - Vous devriez recevoir rapidement un courriel avec de plus amples instructions' is visible

2022-11-22 10:06:42 - [TEST_STEP][PASSED] - closeApplication(): Close app successfully

2022-11-22 10:06:45 - [MESSAGE][PASSED] - Close app successfully]]></system-out>
         <system-err><![CDATA[]]></system-err>
      </testcase>
      <testcase name="Test Cases/Cas de test passant/08- AccÃ©der au service de livraison de colis (MSR-283)" time="54.629" classname="Test Cases/Cas de test passant/08- AccÃ©der au service de livraison de colis (MSR-283)" status="PASSED">
         <system-out><![CDATA[2022-11-22 10:06:45 - [TEST_CASE][PASSED] - Test Cases/Cas de test passant/08- AccÃ©der au service de livraison de colis (MSR-283): Test Cases/Cas de test passant/08- AccÃ©der au service de livraison de colis (MSR-283)

2022-11-22 10:06:45 - [TEST_STEP][PASSED] - startApplication("C:\Users\Ousseynou Diop\Desktop\APK Client\app-debug.apk", true): Started app at: 'C:\Users\Ousseynou Diop\Desktop\APK Client\app-debug.apk'

2022-11-22 10:06:46 - [MESSAGE][INFO] - Detected NodeJS location: "C:\Program Files\nodejs\node.exe"

2022-11-22 10:06:48 - [MESSAGE][INFO] - Appium server started on port 50Â 278

2022-11-22 10:07:26 - [MESSAGE][PASSED] - Started app at: 'C:\Users\Ousseynou Diop\Desktop\APK Client\app-debug.apk'

2022-11-22 10:07:26 - [TEST_STEP][PASSED] - tap(findTestObject("Object Repository/08-AccÃ©der au service de livraison de colis/android.widget.Button-Continuer en mode Guest"), 0): Tapped on element 'Object Repository/08-AccÃ©der au service de livraison de colis/android.widget.Button-Continuer en mode Guest'

2022-11-22 10:07:26 - [MESSAGE][WARNING] - Timeout '0' is invalid. Using default page load timeout: '30'

2022-11-22 10:07:29 - [MESSAGE][PASSED] - Tapped on element 'Object Repository/08-AccÃ©der au service de livraison de colis/android.widget.Button-Continuer en mode Guest'

2022-11-22 10:07:29 - [TEST_STEP][PASSED] - tap(findTestObject("Object Repository/08-AccÃ©der au service de livraison de colis/android.view.View- Onglet  Livraison de colis"), 0): Tapped on element 'Object Repository/08-AccÃ©der au service de livraison de colis/android.view.View- Onglet  Livraison de colis'

2022-11-22 10:07:29 - [MESSAGE][WARNING] - Timeout '0' is invalid. Using default page load timeout: '30'

2022-11-22 10:07:31 - [MESSAGE][PASSED] - Tapped on element 'Object Repository/08-AccÃ©der au service de livraison de colis/android.view.View- Onglet  Livraison de colis'

2022-11-22 10:07:31 - [TEST_STEP][PASSED] - verifyElementVisible(findTestObject("Object Repository/08-AccÃ©der au service de livraison de colis/android.widget.EditText - Adresse de collecte"), 0): Element 'Object Repository/08-AccÃ©der au service de livraison de colis/android.widget.EditText - Adresse de collecte' is visible

2022-11-22 10:07:31 - [MESSAGE][WARNING] - Timeout '0' is invalid. Using default page load timeout: '30'

2022-11-22 10:07:36 - [MESSAGE][PASSED] - Element 'Object Repository/08-AccÃ©der au service de livraison de colis/android.widget.EditText - Adresse de collecte' is visible

2022-11-22 10:07:36 - [TEST_STEP][PASSED] - closeApplication(): Close app successfully

2022-11-22 10:07:40 - [MESSAGE][PASSED] - Close app successfully]]></system-out>
         <system-err><![CDATA[]]></system-err>
      </testcase>
      <testcase name="Test Cases/Cas de test passant/09-AccÃ©der au service faire sa course en ligne (MSR-283)" time="50.127" classname="Test Cases/Cas de test passant/09-AccÃ©der au service faire sa course en ligne (MSR-283)" status="PASSED">
         <system-out><![CDATA[2022-11-22 10:07:40 - [TEST_CASE][PASSED] - Test Cases/Cas de test passant/09-AccÃ©der au service faire sa course en ligne (MSR-283): Test Cases/Cas de test passant/09-AccÃ©der au service faire sa course en ligne (MSR-283)

2022-11-22 10:07:40 - [TEST_STEP][PASSED] - startApplication("C:\Users\Ousseynou Diop\Desktop\APK Client\app-debug.apk", true): Started app at: 'C:\Users\Ousseynou Diop\Desktop\APK Client\app-debug.apk'

2022-11-22 10:07:41 - [MESSAGE][INFO] - Detected NodeJS location: "C:\Program Files\nodejs\node.exe"

2022-11-22 10:07:42 - [MESSAGE][INFO] - Appium server started on port 50Â 506

2022-11-22 10:08:19 - [MESSAGE][PASSED] - Started app at: 'C:\Users\Ousseynou Diop\Desktop\APK Client\app-debug.apk'

2022-11-22 10:08:19 - [TEST_STEP][PASSED] - tap(findTestObject("Object Repository/09-AccÃ©der au service Faire sa course en ligne/android.widget.Button-Continuer en mode Guest"), 0): Tapped on element 'Object Repository/09-AccÃ©der au service Faire sa course en ligne/android.widget.Button-Continuer en mode Guest'

2022-11-22 10:08:19 - [MESSAGE][WARNING] - Timeout '0' is invalid. Using default page load timeout: '30'

2022-11-22 10:08:21 - [MESSAGE][PASSED] - Tapped on element 'Object Repository/09-AccÃ©der au service Faire sa course en ligne/android.widget.Button-Continuer en mode Guest'

2022-11-22 10:08:21 - [TEST_STEP][PASSED] - tap(findTestObject("Object Repository/09-AccÃ©der au service Faire sa course en ligne/android.view.View-Onglet Faire ses courses"), 0): Tapped on element 'Object Repository/09-AccÃ©der au service Faire sa course en ligne/android.view.View-Onglet Faire ses courses'

2022-11-22 10:08:21 - [MESSAGE][WARNING] - Timeout '0' is invalid. Using default page load timeout: '30'

2022-11-22 10:08:24 - [MESSAGE][PASSED] - Tapped on element 'Object Repository/09-AccÃ©der au service Faire sa course en ligne/android.view.View-Onglet Faire ses courses'

2022-11-22 10:08:24 - [TEST_STEP][PASSED] - verifyElementVisible(findTestObject("Object Repository/09-AccÃ©der au service Faire sa course en ligne/android.widget.EditText - Votre adresse"), 0): Element 'Object Repository/09-AccÃ©der au service Faire sa course en ligne/android.widget.EditText - Votre adresse' is visible

2022-11-22 10:08:24 - [MESSAGE][WARNING] - Timeout '0' is invalid. Using default page load timeout: '30'

2022-11-22 10:08:26 - [MESSAGE][PASSED] - Element 'Object Repository/09-AccÃ©der au service Faire sa course en ligne/android.widget.EditText - Votre adresse' is visible

2022-11-22 10:08:26 - [TEST_STEP][PASSED] - closeApplication(): Close app successfully

2022-11-22 10:08:30 - [MESSAGE][PASSED] - Close app successfully]]></system-out>
         <system-err><![CDATA[]]></system-err>
      </testcase>
      <testcase name="Test Cases/Cas de test passant/10-Saisir ses adresses de collecte et de livraison MSR-214)" time="94.85" classname="Test Cases/Cas de test passant/10-Saisir ses adresses de collecte et de livraison MSR-214)" status="FAILED">
         <failure type="FAILED" message="Test Cases/Cas de test passant/10-Saisir ses adresses de collecte et de livraison MSR-214) FAILED.
Reason:
com.kms.katalon.core.exception.StepFailedException: Object Object Repository/10-Saisir ses adresses de collecte et de livraison/android.view.View not found
	at com.kms.katalon.core.keyword.internal.KeywordMain.stepFailed(KeywordMain.groovy:50)
	at com.kms.katalon.core.mobile.keyword.internal.MobileKeywordMain.stepFailed(MobileKeywordMain.groovy:40)
	at com.kms.katalon.core.mobile.keyword.builtin.TapKeyword$_tap_closure1.doCall(TapKeyword.groovy:79)
	at com.kms.katalon.core.mobile.keyword.builtin.TapKeyword$_tap_closure1.call(TapKeyword.groovy)
	at com.kms.katalon.core.mobile.keyword.internal.MobileKeywordMain.runKeyword(MobileKeywordMain.groovy:21)
	at com.kms.katalon.core.mobile.keyword.builtin.TapKeyword.tap(TapKeyword.groovy:84)
	at com.kms.katalon.core.mobile.keyword.builtin.TapKeyword.execute(TapKeyword.groovy:68)
	at com.kms.katalon.core.keyword.internal.KeywordExecutor.executeKeywordForPlatform(KeywordExecutor.groovy:74)
	at com.kms.katalon.core.mobile.keyword.MobileBuiltInKeywords.tap(MobileBuiltInKeywords.groovy:1490)
	at com.kms.katalon.core.mobile.keyword.MobileBuiltInKeywords$tap$0.call(Unknown Source)
	at 10-Saisir ses adresses de collecte et de livraison MSR-214).run(10-Saisir ses adresses de collecte et de livraison MSR-214):40)
	at com.kms.katalon.core.main.ScriptEngine.run(ScriptEngine.java:194)
	at com.kms.katalon.core.main.ScriptEngine.runScriptAsRawText(ScriptEngine.java:119)
	at com.kms.katalon.core.main.TestCaseExecutor.runScript(TestCaseExecutor.java:448)
	at com.kms.katalon.core.main.TestCaseExecutor.doExecute(TestCaseExecutor.java:439)
	at com.kms.katalon.core.main.TestCaseExecutor.processExecutionPhase(TestCaseExecutor.java:418)
	at com.kms.katalon.core.main.TestCaseExecutor.accessMainPhase(TestCaseExecutor.java:410)
	at com.kms.katalon.core.main.TestCaseExecutor.execute(TestCaseExecutor.java:285)
	at com.kms.katalon.core.common.CommonExecutor.accessTestCaseMainPhase(CommonExecutor.java:65)
	at com.kms.katalon.core.main.TestSuiteExecutor.accessTestSuiteMainPhase(TestSuiteExecutor.java:151)
	at com.kms.katalon.core.main.TestSuiteExecutor.execute(TestSuiteExecutor.java:106)
	at com.kms.katalon.core.main.TestCaseMain.startTestSuite(TestCaseMain.java:185)
	at com.kms.katalon.core.main.TestCaseMain$startTestSuite$0.call(Unknown Source)
	at TempTestSuite1669107651687.run(TempTestSuite1669107651687.groovy:36)
"/>
         <system-out><![CDATA[2022-11-22 10:08:30 - [TEST_CASE][FAILED] - Test Cases/Cas de test passant/10-Saisir ses adresses de collecte et de livraison MSR-214): Test Cases/Cas de test passant/10-Saisir ses adresses de collecte et de livraison MSR-214) FAILED.
Reason:
com.kms.katalon.core.exception.StepFailedException: Object Object Repository/10-Saisir ses adresses de collecte et de livraison/android.view.View not found
	at com.kms.katalon.core.keyword.internal.KeywordMain.stepFailed(KeywordMain.groovy:50)
	at com.kms.katalon.core.mobile.keyword.internal.MobileKeywordMain.stepFailed(MobileKeywordMain.groovy:40)
	at com.kms.katalon.core.mobile.keyword.builtin.TapKeyword$_tap_closure1.doCall(TapKeyword.groovy:79)
	at com.kms.katalon.core.mobile.keyword.builtin.TapKeyword$_tap_closure1.call(TapKeyword.groovy)
	at com.kms.katalon.core.mobile.keyword.internal.MobileKeywordMain.runKeyword(MobileKeywordMain.groovy:21)
	at com.kms.katalon.core.mobile.keyword.builtin.TapKeyword.tap(TapKeyword.groovy:84)
	at com.kms.katalon.core.mobile.keyword.builtin.TapKeyword.execute(TapKeyword.groovy:68)
	at com.kms.katalon.core.keyword.internal.KeywordExecutor.executeKeywordForPlatform(KeywordExecutor.groovy:74)
	at com.kms.katalon.core.mobile.keyword.MobileBuiltInKeywords.tap(MobileBuiltInKeywords.groovy:1490)
	at com.kms.katalon.core.mobile.keyword.MobileBuiltInKeywords$tap$0.call(Unknown Source)
	at 10-Saisir ses adresses de collecte et de livraison MSR-214).run(10-Saisir ses adresses de collecte et de livraison MSR-214):40)
	at com.kms.katalon.core.main.ScriptEngine.run(ScriptEngine.java:194)
	at com.kms.katalon.core.main.ScriptEngine.runScriptAsRawText(ScriptEngine.java:119)
	at com.kms.katalon.core.main.TestCaseExecutor.runScript(TestCaseExecutor.java:448)
	at com.kms.katalon.core.main.TestCaseExecutor.doExecute(TestCaseExecutor.java:439)
	at com.kms.katalon.core.main.TestCaseExecutor.processExecutionPhase(TestCaseExecutor.java:418)
	at com.kms.katalon.core.main.TestCaseExecutor.accessMainPhase(TestCaseExecutor.java:410)
	at com.kms.katalon.core.main.TestCaseExecutor.execute(TestCaseExecutor.java:285)
	at com.kms.katalon.core.common.CommonExecutor.accessTestCaseMainPhase(CommonExecutor.java:65)
	at com.kms.katalon.core.main.TestSuiteExecutor.accessTestSuiteMainPhase(TestSuiteExecutor.java:151)
	at com.kms.katalon.core.main.TestSuiteExecutor.execute(TestSuiteExecutor.java:106)
	at com.kms.katalon.core.main.TestCaseMain.startTestSuite(TestCaseMain.java:185)
	at com.kms.katalon.core.main.TestCaseMain$startTestSuite$0.call(Unknown Source)
	at TempTestSuite1669107651687.run(TempTestSuite1669107651687.groovy:36)


2022-11-22 10:08:30 - [TEST_STEP][PASSED] - startApplication("C:\Users\Ousseynou Diop\Desktop\APK Client\app-debug.apk", true): Started app at: 'C:\Users\Ousseynou Diop\Desktop\APK Client\app-debug.apk'

2022-11-22 10:08:31 - [MESSAGE][INFO] - Detected NodeJS location: "C:\Program Files\nodejs\node.exe"

2022-11-22 10:08:32 - [MESSAGE][INFO] - Appium server started on port 50Â 754

2022-11-22 10:09:07 - [MESSAGE][PASSED] - Started app at: 'C:\Users\Ousseynou Diop\Desktop\APK Client\app-debug.apk'

2022-11-22 10:09:07 - [TEST_STEP][PASSED] - tap(findTestObject("Object Repository/10-Saisir ses adresses de collecte et de livraison/android.widget.Button"), 0): Tapped on element 'Object Repository/10-Saisir ses adresses de collecte et de livraison/android.widget.Button'

2022-11-22 10:09:07 - [MESSAGE][WARNING] - Timeout '0' is invalid. Using default page load timeout: '30'

2022-11-22 10:09:11 - [MESSAGE][PASSED] - Tapped on element 'Object Repository/10-Saisir ses adresses de collecte et de livraison/android.widget.Button'

2022-11-22 10:09:11 - [TEST_STEP][PASSED] - tap(findTestObject("Object Repository/10-Saisir ses adresses de collecte et de livraison/android.view.View- Onglet Livraison de colis"), 0): Tapped on element 'Object Repository/10-Saisir ses adresses de collecte et de livraison/android.view.View- Onglet Livraison de colis'

2022-11-22 10:09:11 - [MESSAGE][WARNING] - Timeout '0' is invalid. Using default page load timeout: '30'

2022-11-22 10:09:14 - [MESSAGE][PASSED] - Tapped on element 'Object Repository/10-Saisir ses adresses de collecte et de livraison/android.view.View- Onglet Livraison de colis'

2022-11-22 10:09:14 - [TEST_STEP][PASSED] - tap(findTestObject("Object Repository/10-Saisir ses adresses de collecte et de livraison/android.widget.EditText - Adresse de collecte"), 0): Tapped on element 'Object Repository/10-Saisir ses adresses de collecte et de livraison/android.widget.EditText - Adresse de collecte'

2022-11-22 10:09:14 - [MESSAGE][WARNING] - Timeout '0' is invalid. Using default page load timeout: '30'

2022-11-22 10:09:18 - [MESSAGE][PASSED] - Tapped on element 'Object Repository/10-Saisir ses adresses de collecte et de livraison/android.widget.EditText - Adresse de collecte'

2022-11-22 10:09:18 - [TEST_STEP][PASSED] - tap(findTestObject("Object Repository/10-Saisir ses adresses de collecte et de livraison/android.view.View-Ma position"), 0): Tapped on element 'Object Repository/10-Saisir ses adresses de collecte et de livraison/android.view.View-Ma position'

2022-11-22 10:09:18 - [MESSAGE][WARNING] - Timeout '0' is invalid. Using default page load timeout: '30'

2022-11-22 10:09:22 - [MESSAGE][PASSED] - Tapped on element 'Object Repository/10-Saisir ses adresses de collecte et de livraison/android.view.View-Ma position'

2022-11-22 10:09:22 - [TEST_STEP][PASSED] - tap(findTestObject("Object Repository/10-Saisir ses adresses de collecte et de livraison/android.widget.EditText - Adresse de livraison"), 0): Tapped on element 'Object Repository/10-Saisir ses adresses de collecte et de livraison/android.widget.EditText - Adresse de livraison'

2022-11-22 10:09:22 - [MESSAGE][WARNING] - Timeout '0' is invalid. Using default page load timeout: '30'

2022-11-22 10:09:24 - [MESSAGE][PASSED] - Tapped on element 'Object Repository/10-Saisir ses adresses de collecte et de livraison/android.widget.EditText - Adresse de livraison'

2022-11-22 10:09:24 - [TEST_STEP][PASSED] - setText(findTestObject("Object Repository/10-Saisir ses adresses de collecte et de livraison/android.widget.EditText - Adresse de livraison (1)"), "Pikine", 0): Text 'Pikine' has been set to element 'Object Repository/10-Saisir ses adresses de collecte et de livraison/android.widget.EditText - Adresse de livraison (1)'

2022-11-22 10:09:25 - [MESSAGE][WARNING] - Timeout '0' is invalid. Using default page load timeout: '30'

2022-11-22 10:09:28 - [MESSAGE][PASSED] - Text 'Pikine' has been set to element 'Object Repository/10-Saisir ses adresses de collecte et de livraison/android.widget.EditText - Adresse de livraison (1)'

2022-11-22 10:09:28 - [TEST_STEP][FAILED] - tap(findTestObject("10-Saisir ses adresses de collecte et de livraison/android.view.View"), 0): Failed to tap on element 'Object Repository/10-Saisir ses adresses de collecte et de livraison/android.view.View' (Root cause: com.kms.katalon.core.exception.StepFailedException: Object Object Repository/10-Saisir ses adresses de collecte et de livraison/android.view.View not found
	at com.kms.katalon.core.keyword.internal.KeywordMain.stepFailed(KeywordMain.groovy:50)
	at com.kms.katalon.core.mobile.keyword.internal.MobileKeywordMain.stepFailed(MobileKeywordMain.groovy:40)
	at com.kms.katalon.core.mobile.keyword.builtin.TapKeyword$_tap_closure1.doCall(TapKeyword.groovy:79)
	at com.kms.katalon.core.mobile.keyword.builtin.TapKeyword$_tap_closure1.call(TapKeyword.groovy)
	at com.kms.katalon.core.mobile.keyword.internal.MobileKeywordMain.runKeyword(MobileKeywordMain.groovy:21)
	at com.kms.katalon.core.mobile.keyword.builtin.TapKeyword.tap(TapKeyword.groovy:84)
	at com.kms.katalon.core.mobile.keyword.builtin.TapKeyword.execute(TapKeyword.groovy:68)
	at com.kms.katalon.core.keyword.internal.KeywordExecutor.executeKeywordForPlatform(KeywordExecutor.groovy:74)
	at com.kms.katalon.core.mobile.keyword.MobileBuiltInKeywords.tap(MobileBuiltInKeywords.groovy:1490)
	at com.kms.katalon.core.mobile.keyword.MobileBuiltInKeywords$tap$0.call(Unknown Source)
	at 10-Saisir ses adresses de collecte et de livraison MSR-214).run(10-Saisir ses adresses de collecte et de livraison MSR-214):40)
	at com.kms.katalon.core.main.ScriptEngine.run(ScriptEngine.java:194)
	at com.kms.katalon.core.main.ScriptEngine.runScriptAsRawText(ScriptEngine.java:119)
	at com.kms.katalon.core.main.TestCaseExecutor.runScript(TestCaseExecutor.java:448)
	at com.kms.katalon.core.main.TestCaseExecutor.doExecute(TestCaseExecutor.java:439)
	at com.kms.katalon.core.main.TestCaseExecutor.processExecutionPhase(TestCaseExecutor.java:418)
	at com.kms.katalon.core.main.TestCaseExecutor.accessMainPhase(TestCaseExecutor.java:410)
	at com.kms.katalon.core.main.TestCaseExecutor.execute(TestCaseExecutor.java:285)
	at com.kms.katalon.core.common.CommonExecutor.accessTestCaseMainPhase(CommonExecutor.java:65)
	at com.kms.katalon.core.main.TestSuiteExecutor.accessTestSuiteMainPhase(TestSuiteExecutor.java:151)
	at com.kms.katalon.core.main.TestSuiteExecutor.execute(TestSuiteExecutor.java:106)
	at com.kms.katalon.core.main.TestCaseMain.startTestSuite(TestCaseMain.java:185)
	at com.kms.katalon.core.main.TestCaseMain$startTestSuite$0.call(Unknown Source)
	at TempTestSuite1669107651687.run(TempTestSuite1669107651687.groovy:36)
)

2022-11-22 10:09:28 - [MESSAGE][WARNING] - Timeout '0' is invalid. Using default page load timeout: '30'

2022-11-22 10:09:58 - [MESSAGE][FAILED] - Object Object Repository/10-Saisir ses adresses de collecte et de livraison/android.view.View not found

2022-11-22 10:10:05 - [MESSAGE][FAILED] - Failed to tap on element 'Object Repository/10-Saisir ses adresses de collecte et de livraison/android.view.View' (Root cause: com.kms.katalon.core.exception.StepFailedException: Object Object Repository/10-Saisir ses adresses de collecte et de livraison/android.view.View not found
	at com.kms.katalon.core.keyword.internal.KeywordMain.stepFailed(KeywordMain.groovy:50)
	at com.kms.katalon.core.mobile.keyword.internal.MobileKeywordMain.stepFailed(MobileKeywordMain.groovy:40)
	at com.kms.katalon.core.mobile.keyword.builtin.TapKeyword$_tap_closure1.doCall(TapKeyword.groovy:79)
	at com.kms.katalon.core.mobile.keyword.builtin.TapKeyword$_tap_closure1.call(TapKeyword.groovy)
	at com.kms.katalon.core.mobile.keyword.internal.MobileKeywordMain.runKeyword(MobileKeywordMain.groovy:21)
	at com.kms.katalon.core.mobile.keyword.builtin.TapKeyword.tap(TapKeyword.groovy:84)
	at com.kms.katalon.core.mobile.keyword.builtin.TapKeyword.execute(TapKeyword.groovy:68)
	at com.kms.katalon.core.keyword.internal.KeywordExecutor.executeKeywordForPlatform(KeywordExecutor.groovy:74)
	at com.kms.katalon.core.mobile.keyword.MobileBuiltInKeywords.tap(MobileBuiltInKeywords.groovy:1490)
	at com.kms.katalon.core.mobile.keyword.MobileBuiltInKeywords$tap$0.call(Unknown Source)
	at 10-Saisir ses adresses de collecte et de livraison MSR-214).run(10-Saisir ses adresses de collecte et de livraison MSR-214):40)
	at com.kms.katalon.core.main.ScriptEngine.run(ScriptEngine.java:194)
	at com.kms.katalon.core.main.ScriptEngine.runScriptAsRawText(ScriptEngine.java:119)
	at com.kms.katalon.core.main.TestCaseExecutor.runScript(TestCaseExecutor.java:448)
	at com.kms.katalon.core.main.TestCaseExecutor.doExecute(TestCaseExecutor.java:439)
	at com.kms.katalon.core.main.TestCaseExecutor.processExecutionPhase(TestCaseExecutor.java:418)
	at com.kms.katalon.core.main.TestCaseExecutor.accessMainPhase(TestCaseExecutor.java:410)
	at com.kms.katalon.core.main.TestCaseExecutor.execute(TestCaseExecutor.java:285)
	at com.kms.katalon.core.common.CommonExecutor.accessTestCaseMainPhase(CommonExecutor.java:65)
	at com.kms.katalon.core.main.TestSuiteExecutor.accessTestSuiteMainPhase(TestSuiteExecutor.java:151)
	at com.kms.katalon.core.main.TestSuiteExecutor.execute(TestSuiteExecutor.java:106)
	at com.kms.katalon.core.main.TestCaseMain.startTestSuite(TestCaseMain.java:185)
	at com.kms.katalon.core.main.TestCaseMain$startTestSuite$0.call(Unknown Source)
	at TempTestSuite1669107651687.run(TempTestSuite1669107651687.groovy:36)
)
[[ATTACHMENT|C:\\Users\\Ousseynou Diop\\git\\Mon-Shopper-Automatisation-Application-Client\\Reports\\20221122_100051\\Cas de test passant app client\\20221122_100051\\1669108198288.png]]]]></system-out>
         <system-err><![CDATA[2022-11-22 10:08:30 - [TEST_CASE][FAILED] - Test Cases/Cas de test passant/10-Saisir ses adresses de collecte et de livraison MSR-214): Test Cases/Cas de test passant/10-Saisir ses adresses de collecte et de livraison MSR-214) FAILED.
Reason:
com.kms.katalon.core.exception.StepFailedException: Object Object Repository/10-Saisir ses adresses de collecte et de livraison/android.view.View not found
	at com.kms.katalon.core.keyword.internal.KeywordMain.stepFailed(KeywordMain.groovy:50)
	at com.kms.katalon.core.mobile.keyword.internal.MobileKeywordMain.stepFailed(MobileKeywordMain.groovy:40)
	at com.kms.katalon.core.mobile.keyword.builtin.TapKeyword$_tap_closure1.doCall(TapKeyword.groovy:79)
	at com.kms.katalon.core.mobile.keyword.builtin.TapKeyword$_tap_closure1.call(TapKeyword.groovy)
	at com.kms.katalon.core.mobile.keyword.internal.MobileKeywordMain.runKeyword(MobileKeywordMain.groovy:21)
	at com.kms.katalon.core.mobile.keyword.builtin.TapKeyword.tap(TapKeyword.groovy:84)
	at com.kms.katalon.core.mobile.keyword.builtin.TapKeyword.execute(TapKeyword.groovy:68)
	at com.kms.katalon.core.keyword.internal.KeywordExecutor.executeKeywordForPlatform(KeywordExecutor.groovy:74)
	at com.kms.katalon.core.mobile.keyword.MobileBuiltInKeywords.tap(MobileBuiltInKeywords.groovy:1490)
	at com.kms.katalon.core.mobile.keyword.MobileBuiltInKeywords$tap$0.call(Unknown Source)
	at 10-Saisir ses adresses de collecte et de livraison MSR-214).run(10-Saisir ses adresses de collecte et de livraison MSR-214):40)
	at com.kms.katalon.core.main.ScriptEngine.run(ScriptEngine.java:194)
	at com.kms.katalon.core.main.ScriptEngine.runScriptAsRawText(ScriptEngine.java:119)
	at com.kms.katalon.core.main.TestCaseExecutor.runScript(TestCaseExecutor.java:448)
	at com.kms.katalon.core.main.TestCaseExecutor.doExecute(TestCaseExecutor.java:439)
	at com.kms.katalon.core.main.TestCaseExecutor.processExecutionPhase(TestCaseExecutor.java:418)
	at com.kms.katalon.core.main.TestCaseExecutor.accessMainPhase(TestCaseExecutor.java:410)
	at com.kms.katalon.core.main.TestCaseExecutor.execute(TestCaseExecutor.java:285)
	at com.kms.katalon.core.common.CommonExecutor.accessTestCaseMainPhase(CommonExecutor.java:65)
	at com.kms.katalon.core.main.TestSuiteExecutor.accessTestSuiteMainPhase(TestSuiteExecutor.java:151)
	at com.kms.katalon.core.main.TestSuiteExecutor.execute(TestSuiteExecutor.java:106)
	at com.kms.katalon.core.main.TestCaseMain.startTestSuite(TestCaseMain.java:185)
	at com.kms.katalon.core.main.TestCaseMain$startTestSuite$0.call(Unknown Source)
	at TempTestSuite1669107651687.run(TempTestSuite1669107651687.groovy:36)]]></system-err>
      </testcase>
      <testcase name="Test Cases/Cas de test passant/11- Ajouter un colis au panier (MSR-295)" time="0.324" classname="Test Cases/Cas de test passant/11- Ajouter un colis au panier (MSR-295)" status="FAILED">
         <failure type="FAILED" message="Test Cases/Cas de test passant/11- Ajouter un colis au panier (MSR-295) FAILED.
Reason:
com.kms.katalon.core.exception.StepFailedException: Unable to start app at: 'C:\Users\Ousseynou Diop\Desktop\APK Client\app-debug.apk' (Root cause: java.io.IOException: GetExitCodeProcess error=6, Descripteur non valide
	at com.kms.katalon.core.appium.driver.AppiumDriverManager.isAppiumServerStarted(AppiumDriverManager.java:194)
	at com.kms.katalon.core.appium.driver.AppiumDriverManager.startAppiumServerJS(AppiumDriverManager.java:258)
	at com.kms.katalon.core.appium.driver.AppiumDriverManager.startAppiumServerJS(AppiumDriverManager.java:412)
	at com.kms.katalon.core.appium.driver.AppiumDriverManager.ensureServicesStarted(AppiumDriverManager.java:244)
	at com.kms.katalon.core.appium.driver.AppiumDriverManager.createMobileDriver(AppiumDriverManager.java:478)
	at com.kms.katalon.core.mobile.keyword.internal.MobileDriverFactory.startLocalMobileDriver(MobileDriverFactory.java:539)
	at com.kms.katalon.core.mobile.keyword.internal.MobileDriverFactory.startMobileDriver(MobileDriverFactory.java:452)
	at com.kms.katalon.core.mobile.keyword.builtin.StartApplicationKeyword$_startApplication_closure1.doCall(StartApplicationKeyword.groovy:49)
	at com.kms.katalon.core.mobile.keyword.builtin.StartApplicationKeyword$_startApplication_closure1.call(StartApplicationKeyword.groovy)
	at com.kms.katalon.core.mobile.keyword.internal.MobileKeywordMain.runKeyword(MobileKeywordMain.groovy:21)
	at com.kms.katalon.core.mobile.keyword.builtin.StartApplicationKeyword.startApplication(StartApplicationKeyword.groovy:51)
	at com.kms.katalon.core.mobile.keyword.builtin.StartApplicationKeyword.execute(StartApplicationKeyword.groovy:40)
	at com.kms.katalon.core.keyword.internal.KeywordExecutor.executeKeywordForPlatform(KeywordExecutor.groovy:74)
	at com.kms.katalon.core.mobile.keyword.MobileBuiltInKeywords.startApplication(MobileBuiltInKeywords.groovy:78)
	at com.kms.katalon.core.mobile.keyword.MobileBuiltInKeywords$startApplication.call(Unknown Source)
	at 11- Ajouter un colis au panier (MSR-295).run(11- Ajouter un colis au panier (MSR-295):20)
	at com.kms.katalon.core.main.ScriptEngine.run(ScriptEngine.java:194)
	at com.kms.katalon.core.main.ScriptEngine.runScriptAsRawText(ScriptEngine.java:119)
	at com.kms.katalon.core.main.TestCaseExecutor.runScript(TestCaseExecutor.java:448)
	at com.kms.katalon.core.main.TestCaseExecutor.doExecute(TestCaseExecutor.java:439)
	at com.kms.katalon.core.main.TestCaseExecutor.processExecutionPhase(TestCaseExecutor.java:418)
	at com.kms.katalon.core.main.TestCaseExecutor.accessMainPhase(TestCaseExecutor.java:410)
	at com.kms.katalon.core.main.TestCaseExecutor.execute(TestCaseExecutor.java:285)
	at com.kms.katalon.core.common.CommonExecutor.accessTestCaseMainPhase(CommonExecutor.java:65)
	at com.kms.katalon.core.main.TestSuiteExecutor.accessTestSuiteMainPhase(TestSuiteExecutor.java:151)
	at com.kms.katalon.core.main.TestSuiteExecutor.execute(TestSuiteExecutor.java:106)
	at com.kms.katalon.core.main.TestCaseMain.startTestSuite(TestCaseMain.java:185)
	at com.kms.katalon.core.main.TestCaseMain$startTestSuite$0.call(Unknown Source)
	at TempTestSuite1669107651687.run(TempTestSuite1669107651687.groovy:36)
)
	at com.kms.katalon.core.keyword.internal.KeywordMain.stepFailed(KeywordMain.groovy:50)
	at com.kms.katalon.core.mobile.keyword.internal.MobileKeywordMain.stepFailed(MobileKeywordMain.groovy:40)
	at com.kms.katalon.core.mobile.keyword.internal.MobileKeywordMain.runKeyword(MobileKeywordMain.groovy:23)
	at com.kms.katalon.core.mobile.keyword.builtin.StartApplicationKeyword.startApplication(StartApplicationKeyword.groovy:51)
	at com.kms.katalon.core.mobile.keyword.builtin.StartApplicationKeyword.execute(StartApplicationKeyword.groovy:40)
	at com.kms.katalon.core.keyword.internal.KeywordExecutor.executeKeywordForPlatform(KeywordExecutor.groovy:74)
	at com.kms.katalon.core.mobile.keyword.MobileBuiltInKeywords.startApplication(MobileBuiltInKeywords.groovy:78)
	at com.kms.katalon.core.mobile.keyword.MobileBuiltInKeywords$startApplication.call(Unknown Source)
	at 11- Ajouter un colis au panier (MSR-295).run(11- Ajouter un colis au panier (MSR-295):20)
	at com.kms.katalon.core.main.ScriptEngine.run(ScriptEngine.java:194)
	at com.kms.katalon.core.main.ScriptEngine.runScriptAsRawText(ScriptEngine.java:119)
	at com.kms.katalon.core.main.TestCaseExecutor.runScript(TestCaseExecutor.java:448)
	at com.kms.katalon.core.main.TestCaseExecutor.doExecute(TestCaseExecutor.java:439)
	at com.kms.katalon.core.main.TestCaseExecutor.processExecutionPhase(TestCaseExecutor.java:418)
	at com.kms.katalon.core.main.TestCaseExecutor.accessMainPhase(TestCaseExecutor.java:410)
	at com.kms.katalon.core.main.TestCaseExecutor.execute(TestCaseExecutor.java:285)
	at com.kms.katalon.core.common.CommonExecutor.accessTestCaseMainPhase(CommonExecutor.java:65)
	at com.kms.katalon.core.main.TestSuiteExecutor.accessTestSuiteMainPhase(TestSuiteExecutor.java:151)
	at com.kms.katalon.core.main.TestSuiteExecutor.execute(TestSuiteExecutor.java:106)
	at com.kms.katalon.core.main.TestCaseMain.startTestSuite(TestCaseMain.java:185)
	at com.kms.katalon.core.main.TestCaseMain$startTestSuite$0.call(Unknown Source)
	at TempTestSuite1669107651687.run(TempTestSuite1669107651687.groovy:36)
Caused by: java.io.IOException: GetExitCodeProcess error=6, Descripteur non valide
	at com.kms.katalon.core.appium.driver.AppiumDriverManager.isAppiumServerStarted(AppiumDriverManager.java:194)
	at com.kms.katalon.core.appium.driver.AppiumDriverManager.startAppiumServerJS(AppiumDriverManager.java:258)
	at com.kms.katalon.core.appium.driver.AppiumDriverManager.startAppiumServerJS(AppiumDriverManager.java:412)
	at com.kms.katalon.core.appium.driver.AppiumDriverManager.ensureServicesStarted(AppiumDriverManager.java:244)
	at com.kms.katalon.core.appium.driver.AppiumDriverManager.createMobileDriver(AppiumDriverManager.java:478)
	at com.kms.katalon.core.mobile.keyword.internal.MobileDriverFactory.startLocalMobileDriver(MobileDriverFactory.java:539)
	at com.kms.katalon.core.mobile.keyword.internal.MobileDriverFactory.startMobileDriver(MobileDriverFactory.java:452)
	at com.kms.katalon.core.mobile.keyword.builtin.StartApplicationKeyword$_startApplication_closure1.doCall(StartApplicationKeyword.groovy:49)
	at com.kms.katalon.core.mobile.keyword.builtin.StartApplicationKeyword$_startApplication_closure1.call(StartApplicationKeyword.groovy)
	at com.kms.katalon.core.mobile.keyword.internal.MobileKeywordMain.runKeyword(MobileKeywordMain.groovy:21)
	... 19 more
"/>
         <system-out><![CDATA[2022-11-22 10:10:05 - [TEST_CASE][FAILED] - Test Cases/Cas de test passant/11- Ajouter un colis au panier (MSR-295): Test Cases/Cas de test passant/11- Ajouter un colis au panier (MSR-295) FAILED.
Reason:
com.kms.katalon.core.exception.StepFailedException: Unable to start app at: 'C:\Users\Ousseynou Diop\Desktop\APK Client\app-debug.apk' (Root cause: java.io.IOException: GetExitCodeProcess error=6, Descripteur non valide
	at com.kms.katalon.core.appium.driver.AppiumDriverManager.isAppiumServerStarted(AppiumDriverManager.java:194)
	at com.kms.katalon.core.appium.driver.AppiumDriverManager.startAppiumServerJS(AppiumDriverManager.java:258)
	at com.kms.katalon.core.appium.driver.AppiumDriverManager.startAppiumServerJS(AppiumDriverManager.java:412)
	at com.kms.katalon.core.appium.driver.AppiumDriverManager.ensureServicesStarted(AppiumDriverManager.java:244)
	at com.kms.katalon.core.appium.driver.AppiumDriverManager.createMobileDriver(AppiumDriverManager.java:478)
	at com.kms.katalon.core.mobile.keyword.internal.MobileDriverFactory.startLocalMobileDriver(MobileDriverFactory.java:539)
	at com.kms.katalon.core.mobile.keyword.internal.MobileDriverFactory.startMobileDriver(MobileDriverFactory.java:452)
	at com.kms.katalon.core.mobile.keyword.builtin.StartApplicationKeyword$_startApplication_closure1.doCall(StartApplicationKeyword.groovy:49)
	at com.kms.katalon.core.mobile.keyword.builtin.StartApplicationKeyword$_startApplication_closure1.call(StartApplicationKeyword.groovy)
	at com.kms.katalon.core.mobile.keyword.internal.MobileKeywordMain.runKeyword(MobileKeywordMain.groovy:21)
	at com.kms.katalon.core.mobile.keyword.builtin.StartApplicationKeyword.startApplication(StartApplicationKeyword.groovy:51)
	at com.kms.katalon.core.mobile.keyword.builtin.StartApplicationKeyword.execute(StartApplicationKeyword.groovy:40)
	at com.kms.katalon.core.keyword.internal.KeywordExecutor.executeKeywordForPlatform(KeywordExecutor.groovy:74)
	at com.kms.katalon.core.mobile.keyword.MobileBuiltInKeywords.startApplication(MobileBuiltInKeywords.groovy:78)
	at com.kms.katalon.core.mobile.keyword.MobileBuiltInKeywords$startApplication.call(Unknown Source)
	at 11- Ajouter un colis au panier (MSR-295).run(11- Ajouter un colis au panier (MSR-295):20)
	at com.kms.katalon.core.main.ScriptEngine.run(ScriptEngine.java:194)
	at com.kms.katalon.core.main.ScriptEngine.runScriptAsRawText(ScriptEngine.java:119)
	at com.kms.katalon.core.main.TestCaseExecutor.runScript(TestCaseExecutor.java:448)
	at com.kms.katalon.core.main.TestCaseExecutor.doExecute(TestCaseExecutor.java:439)
	at com.kms.katalon.core.main.TestCaseExecutor.processExecutionPhase(TestCaseExecutor.java:418)
	at com.kms.katalon.core.main.TestCaseExecutor.accessMainPhase(TestCaseExecutor.java:410)
	at com.kms.katalon.core.main.TestCaseExecutor.execute(TestCaseExecutor.java:285)
	at com.kms.katalon.core.common.CommonExecutor.accessTestCaseMainPhase(CommonExecutor.java:65)
	at com.kms.katalon.core.main.TestSuiteExecutor.accessTestSuiteMainPhase(TestSuiteExecutor.java:151)
	at com.kms.katalon.core.main.TestSuiteExecutor.execute(TestSuiteExecutor.java:106)
	at com.kms.katalon.core.main.TestCaseMain.startTestSuite(TestCaseMain.java:185)
	at com.kms.katalon.core.main.TestCaseMain$startTestSuite$0.call(Unknown Source)
	at TempTestSuite1669107651687.run(TempTestSuite1669107651687.groovy:36)
)
	at com.kms.katalon.core.keyword.internal.KeywordMain.stepFailed(KeywordMain.groovy:50)
	at com.kms.katalon.core.mobile.keyword.internal.MobileKeywordMain.stepFailed(MobileKeywordMain.groovy:40)
	at com.kms.katalon.core.mobile.keyword.internal.MobileKeywordMain.runKeyword(MobileKeywordMain.groovy:23)
	at com.kms.katalon.core.mobile.keyword.builtin.StartApplicationKeyword.startApplication(StartApplicationKeyword.groovy:51)
	at com.kms.katalon.core.mobile.keyword.builtin.StartApplicationKeyword.execute(StartApplicationKeyword.groovy:40)
	at com.kms.katalon.core.keyword.internal.KeywordExecutor.executeKeywordForPlatform(KeywordExecutor.groovy:74)
	at com.kms.katalon.core.mobile.keyword.MobileBuiltInKeywords.startApplication(MobileBuiltInKeywords.groovy:78)
	at com.kms.katalon.core.mobile.keyword.MobileBuiltInKeywords$startApplication.call(Unknown Source)
	at 11- Ajouter un colis au panier (MSR-295).run(11- Ajouter un colis au panier (MSR-295):20)
	at com.kms.katalon.core.main.ScriptEngine.run(ScriptEngine.java:194)
	at com.kms.katalon.core.main.ScriptEngine.runScriptAsRawText(ScriptEngine.java:119)
	at com.kms.katalon.core.main.TestCaseExecutor.runScript(TestCaseExecutor.java:448)
	at com.kms.katalon.core.main.TestCaseExecutor.doExecute(TestCaseExecutor.java:439)
	at com.kms.katalon.core.main.TestCaseExecutor.processExecutionPhase(TestCaseExecutor.java:418)
	at com.kms.katalon.core.main.TestCaseExecutor.accessMainPhase(TestCaseExecutor.java:410)
	at com.kms.katalon.core.main.TestCaseExecutor.execute(TestCaseExecutor.java:285)
	at com.kms.katalon.core.common.CommonExecutor.accessTestCaseMainPhase(CommonExecutor.java:65)
	at com.kms.katalon.core.main.TestSuiteExecutor.accessTestSuiteMainPhase(TestSuiteExecutor.java:151)
	at com.kms.katalon.core.main.TestSuiteExecutor.execute(TestSuiteExecutor.java:106)
	at com.kms.katalon.core.main.TestCaseMain.startTestSuite(TestCaseMain.java:185)
	at com.kms.katalon.core.main.TestCaseMain$startTestSuite$0.call(Unknown Source)
	at TempTestSuite1669107651687.run(TempTestSuite1669107651687.groovy:36)
Caused by: java.io.IOException: GetExitCodeProcess error=6, Descripteur non valide
	at com.kms.katalon.core.appium.driver.AppiumDriverManager.isAppiumServerStarted(AppiumDriverManager.java:194)
	at com.kms.katalon.core.appium.driver.AppiumDriverManager.startAppiumServerJS(AppiumDriverManager.java:258)
	at com.kms.katalon.core.appium.driver.AppiumDriverManager.startAppiumServerJS(AppiumDriverManager.java:412)
	at com.kms.katalon.core.appium.driver.AppiumDriverManager.ensureServicesStarted(AppiumDriverManager.java:244)
	at com.kms.katalon.core.appium.driver.AppiumDriverManager.createMobileDriver(AppiumDriverManager.java:478)
	at com.kms.katalon.core.mobile.keyword.internal.MobileDriverFactory.startLocalMobileDriver(MobileDriverFactory.java:539)
	at com.kms.katalon.core.mobile.keyword.internal.MobileDriverFactory.startMobileDriver(MobileDriverFactory.java:452)
	at com.kms.katalon.core.mobile.keyword.builtin.StartApplicationKeyword$_startApplication_closure1.doCall(StartApplicationKeyword.groovy:49)
	at com.kms.katalon.core.mobile.keyword.builtin.StartApplicationKeyword$_startApplication_closure1.call(StartApplicationKeyword.groovy)
	at com.kms.katalon.core.mobile.keyword.internal.MobileKeywordMain.runKeyword(MobileKeywordMain.groovy:21)
	... 19 more


2022-11-22 10:10:05 - [TEST_STEP][FAILED] - startApplication("C:\Users\Ousseynou Diop\Desktop\APK Client\app-debug.apk", true): Unable to start app at: 'C:\Users\Ousseynou Diop\Desktop\APK Client\app-debug.apk' (Root cause: java.io.IOException: GetExitCodeProcess error=6, Descripteur non valide
	at com.kms.katalon.core.appium.driver.AppiumDriverManager.isAppiumServerStarted(AppiumDriverManager.java:194)
	at com.kms.katalon.core.appium.driver.AppiumDriverManager.startAppiumServerJS(AppiumDriverManager.java:258)
	at com.kms.katalon.core.appium.driver.AppiumDriverManager.startAppiumServerJS(AppiumDriverManager.java:412)
	at com.kms.katalon.core.appium.driver.AppiumDriverManager.ensureServicesStarted(AppiumDriverManager.java:244)
	at com.kms.katalon.core.appium.driver.AppiumDriverManager.createMobileDriver(AppiumDriverManager.java:478)
	at com.kms.katalon.core.mobile.keyword.internal.MobileDriverFactory.startLocalMobileDriver(MobileDriverFactory.java:539)
	at com.kms.katalon.core.mobile.keyword.internal.MobileDriverFactory.startMobileDriver(MobileDriverFactory.java:452)
	at com.kms.katalon.core.mobile.keyword.builtin.StartApplicationKeyword$_startApplication_closure1.doCall(StartApplicationKeyword.groovy:49)
	at com.kms.katalon.core.mobile.keyword.builtin.StartApplicationKeyword$_startApplication_closure1.call(StartApplicationKeyword.groovy)
	at com.kms.katalon.core.mobile.keyword.internal.MobileKeywordMain.runKeyword(MobileKeywordMain.groovy:21)
	at com.kms.katalon.core.mobile.keyword.builtin.StartApplicationKeyword.startApplication(StartApplicationKeyword.groovy:51)
	at com.kms.katalon.core.mobile.keyword.builtin.StartApplicationKeyword.execute(StartApplicationKeyword.groovy:40)
	at com.kms.katalon.core.keyword.internal.KeywordExecutor.executeKeywordForPlatform(KeywordExecutor.groovy:74)
	at com.kms.katalon.core.mobile.keyword.MobileBuiltInKeywords.startApplication(MobileBuiltInKeywords.groovy:78)
	at com.kms.katalon.core.mobile.keyword.MobileBuiltInKeywords$startApplication.call(Unknown Source)
	at 11- Ajouter un colis au panier (MSR-295).run(11- Ajouter un colis au panier (MSR-295):20)
	at com.kms.katalon.core.main.ScriptEngine.run(ScriptEngine.java:194)
	at com.kms.katalon.core.main.ScriptEngine.runScriptAsRawText(ScriptEngine.java:119)
	at com.kms.katalon.core.main.TestCaseExecutor.runScript(TestCaseExecutor.java:448)
	at com.kms.katalon.core.main.TestCaseExecutor.doExecute(TestCaseExecutor.java:439)
	at com.kms.katalon.core.main.TestCaseExecutor.processExecutionPhase(TestCaseExecutor.java:418)
	at com.kms.katalon.core.main.TestCaseExecutor.accessMainPhase(TestCaseExecutor.java:410)
	at com.kms.katalon.core.main.TestCaseExecutor.execute(TestCaseExecutor.java:285)
	at com.kms.katalon.core.common.CommonExecutor.accessTestCaseMainPhase(CommonExecutor.java:65)
	at com.kms.katalon.core.main.TestSuiteExecutor.accessTestSuiteMainPhase(TestSuiteExecutor.java:151)
	at com.kms.katalon.core.main.TestSuiteExecutor.execute(TestSuiteExecutor.java:106)
	at com.kms.katalon.core.main.TestCaseMain.startTestSuite(TestCaseMain.java:185)
	at com.kms.katalon.core.main.TestCaseMain$startTestSuite$0.call(Unknown Source)
	at TempTestSuite1669107651687.run(TempTestSuite1669107651687.groovy:36)
)

2022-11-22 10:10:05 - [MESSAGE][FAILED] - Unable to start app at: 'C:\Users\Ousseynou Diop\Desktop\APK Client\app-debug.apk' (Root cause: java.io.IOException: GetExitCodeProcess error=6, Descripteur non valide
	at com.kms.katalon.core.appium.driver.AppiumDriverManager.isAppiumServerStarted(AppiumDriverManager.java:194)
	at com.kms.katalon.core.appium.driver.AppiumDriverManager.startAppiumServerJS(AppiumDriverManager.java:258)
	at com.kms.katalon.core.appium.driver.AppiumDriverManager.startAppiumServerJS(AppiumDriverManager.java:412)
	at com.kms.katalon.core.appium.driver.AppiumDriverManager.ensureServicesStarted(AppiumDriverManager.java:244)
	at com.kms.katalon.core.appium.driver.AppiumDriverManager.createMobileDriver(AppiumDriverManager.java:478)
	at com.kms.katalon.core.mobile.keyword.internal.MobileDriverFactory.startLocalMobileDriver(MobileDriverFactory.java:539)
	at com.kms.katalon.core.mobile.keyword.internal.MobileDriverFactory.startMobileDriver(MobileDriverFactory.java:452)
	at com.kms.katalon.core.mobile.keyword.builtin.StartApplicationKeyword$_startApplication_closure1.doCall(StartApplicationKeyword.groovy:49)
	at com.kms.katalon.core.mobile.keyword.builtin.StartApplicationKeyword$_startApplication_closure1.call(StartApplicationKeyword.groovy)
	at com.kms.katalon.core.mobile.keyword.internal.MobileKeywordMain.runKeyword(MobileKeywordMain.groovy:21)
	at com.kms.katalon.core.mobile.keyword.builtin.StartApplicationKeyword.startApplication(StartApplicationKeyword.groovy:51)
	at com.kms.katalon.core.mobile.keyword.builtin.StartApplicationKeyword.execute(StartApplicationKeyword.groovy:40)
	at com.kms.katalon.core.keyword.internal.KeywordExecutor.executeKeywordForPlatform(KeywordExecutor.groovy:74)
	at com.kms.katalon.core.mobile.keyword.MobileBuiltInKeywords.startApplication(MobileBuiltInKeywords.groovy:78)
	at com.kms.katalon.core.mobile.keyword.MobileBuiltInKeywords$startApplication.call(Unknown Source)
	at 11- Ajouter un colis au panier (MSR-295).run(11- Ajouter un colis au panier (MSR-295):20)
	at com.kms.katalon.core.main.ScriptEngine.run(ScriptEngine.java:194)
	at com.kms.katalon.core.main.ScriptEngine.runScriptAsRawText(ScriptEngine.java:119)
	at com.kms.katalon.core.main.TestCaseExecutor.runScript(TestCaseExecutor.java:448)
	at com.kms.katalon.core.main.TestCaseExecutor.doExecute(TestCaseExecutor.java:439)
	at com.kms.katalon.core.main.TestCaseExecutor.processExecutionPhase(TestCaseExecutor.java:418)
	at com.kms.katalon.core.main.TestCaseExecutor.accessMainPhase(TestCaseExecutor.java:410)
	at com.kms.katalon.core.main.TestCaseExecutor.execute(TestCaseExecutor.java:285)
	at com.kms.katalon.core.common.CommonExecutor.accessTestCaseMainPhase(CommonExecutor.java:65)
	at com.kms.katalon.core.main.TestSuiteExecutor.accessTestSuiteMainPhase(TestSuiteExecutor.java:151)
	at com.kms.katalon.core.main.TestSuiteExecutor.execute(TestSuiteExecutor.java:106)
	at com.kms.katalon.core.main.TestCaseMain.startTestSuite(TestCaseMain.java:185)
	at com.kms.katalon.core.main.TestCaseMain$startTestSuite$0.call(Unknown Source)
	at TempTestSuite1669107651687.run(TempTestSuite1669107651687.groovy:36)
)]]></system-out>
         <system-err><![CDATA[2022-11-22 10:10:05 - [TEST_CASE][FAILED] - Test Cases/Cas de test passant/11- Ajouter un colis au panier (MSR-295): Test Cases/Cas de test passant/11- Ajouter un colis au panier (MSR-295) FAILED.
Reason:
com.kms.katalon.core.exception.StepFailedException: Unable to start app at: 'C:\Users\Ousseynou Diop\Desktop\APK Client\app-debug.apk' (Root cause: java.io.IOException: GetExitCodeProcess error=6, Descripteur non valide
	at com.kms.katalon.core.appium.driver.AppiumDriverManager.isAppiumServerStarted(AppiumDriverManager.java:194)
	at com.kms.katalon.core.appium.driver.AppiumDriverManager.startAppiumServerJS(AppiumDriverManager.java:258)
	at com.kms.katalon.core.appium.driver.AppiumDriverManager.startAppiumServerJS(AppiumDriverManager.java:412)
	at com.kms.katalon.core.appium.driver.AppiumDriverManager.ensureServicesStarted(AppiumDriverManager.java:244)
	at com.kms.katalon.core.appium.driver.AppiumDriverManager.createMobileDriver(AppiumDriverManager.java:478)
	at com.kms.katalon.core.mobile.keyword.internal.MobileDriverFactory.startLocalMobileDriver(MobileDriverFactory.java:539)
	at com.kms.katalon.core.mobile.keyword.internal.MobileDriverFactory.startMobileDriver(MobileDriverFactory.java:452)
	at com.kms.katalon.core.mobile.keyword.builtin.StartApplicationKeyword$_startApplication_closure1.doCall(StartApplicationKeyword.groovy:49)
	at com.kms.katalon.core.mobile.keyword.builtin.StartApplicationKeyword$_startApplication_closure1.call(StartApplicationKeyword.groovy)
	at com.kms.katalon.core.mobile.keyword.internal.MobileKeywordMain.runKeyword(MobileKeywordMain.groovy:21)
	at com.kms.katalon.core.mobile.keyword.builtin.StartApplicationKeyword.startApplication(StartApplicationKeyword.groovy:51)
	at com.kms.katalon.core.mobile.keyword.builtin.StartApplicationKeyword.execute(StartApplicationKeyword.groovy:40)
	at com.kms.katalon.core.keyword.internal.KeywordExecutor.executeKeywordForPlatform(KeywordExecutor.groovy:74)
	at com.kms.katalon.core.mobile.keyword.MobileBuiltInKeywords.startApplication(MobileBuiltInKeywords.groovy:78)
	at com.kms.katalon.core.mobile.keyword.MobileBuiltInKeywords$startApplication.call(Unknown Source)
	at 11- Ajouter un colis au panier (MSR-295).run(11- Ajouter un colis au panier (MSR-295):20)
	at com.kms.katalon.core.main.ScriptEngine.run(ScriptEngine.java:194)
	at com.kms.katalon.core.main.ScriptEngine.runScriptAsRawText(ScriptEngine.java:119)
	at com.kms.katalon.core.main.TestCaseExecutor.runScript(TestCaseExecutor.java:448)
	at com.kms.katalon.core.main.TestCaseExecutor.doExecute(TestCaseExecutor.java:439)
	at com.kms.katalon.core.main.TestCaseExecutor.processExecutionPhase(TestCaseExecutor.java:418)
	at com.kms.katalon.core.main.TestCaseExecutor.accessMainPhase(TestCaseExecutor.java:410)
	at com.kms.katalon.core.main.TestCaseExecutor.execute(TestCaseExecutor.java:285)
	at com.kms.katalon.core.common.CommonExecutor.accessTestCaseMainPhase(CommonExecutor.java:65)
	at com.kms.katalon.core.main.TestSuiteExecutor.accessTestSuiteMainPhase(TestSuiteExecutor.java:151)
	at com.kms.katalon.core.main.TestSuiteExecutor.execute(TestSuiteExecutor.java:106)
	at com.kms.katalon.core.main.TestCaseMain.startTestSuite(TestCaseMain.java:185)
	at com.kms.katalon.core.main.TestCaseMain$startTestSuite$0.call(Unknown Source)
	at TempTestSuite1669107651687.run(TempTestSuite1669107651687.groovy:36)
)
	at com.kms.katalon.core.keyword.internal.KeywordMain.stepFailed(KeywordMain.groovy:50)
	at com.kms.katalon.core.mobile.keyword.internal.MobileKeywordMain.stepFailed(MobileKeywordMain.groovy:40)
	at com.kms.katalon.core.mobile.keyword.internal.MobileKeywordMain.runKeyword(MobileKeywordMain.groovy:23)
	at com.kms.katalon.core.mobile.keyword.builtin.StartApplicationKeyword.startApplication(StartApplicationKeyword.groovy:51)
	at com.kms.katalon.core.mobile.keyword.builtin.StartApplicationKeyword.execute(StartApplicationKeyword.groovy:40)
	at com.kms.katalon.core.keyword.internal.KeywordExecutor.executeKeywordForPlatform(KeywordExecutor.groovy:74)
	at com.kms.katalon.core.mobile.keyword.MobileBuiltInKeywords.startApplication(MobileBuiltInKeywords.groovy:78)
	at com.kms.katalon.core.mobile.keyword.MobileBuiltInKeywords$startApplication.call(Unknown Source)
	at 11- Ajouter un colis au panier (MSR-295).run(11- Ajouter un colis au panier (MSR-295):20)
	at com.kms.katalon.core.main.ScriptEngine.run(ScriptEngine.java:194)
	at com.kms.katalon.core.main.ScriptEngine.runScriptAsRawText(ScriptEngine.java:119)
	at com.kms.katalon.core.main.TestCaseExecutor.runScript(TestCaseExecutor.java:448)
	at com.kms.katalon.core.main.TestCaseExecutor.doExecute(TestCaseExecutor.java:439)
	at com.kms.katalon.core.main.TestCaseExecutor.processExecutionPhase(TestCaseExecutor.java:418)
	at com.kms.katalon.core.main.TestCaseExecutor.accessMainPhase(TestCaseExecutor.java:410)
	at com.kms.katalon.core.main.TestCaseExecutor.execute(TestCaseExecutor.java:285)
	at com.kms.katalon.core.common.CommonExecutor.accessTestCaseMainPhase(CommonExecutor.java:65)
	at com.kms.katalon.core.main.TestSuiteExecutor.accessTestSuiteMainPhase(TestSuiteExecutor.java:151)
	at com.kms.katalon.core.main.TestSuiteExecutor.execute(TestSuiteExecutor.java:106)
	at com.kms.katalon.core.main.TestCaseMain.startTestSuite(TestCaseMain.java:185)
	at com.kms.katalon.core.main.TestCaseMain$startTestSuite$0.call(Unknown Source)
	at TempTestSuite1669107651687.run(TempTestSuite1669107651687.groovy:36)
Caused by: java.io.IOException: GetExitCodeProcess error=6, Descripteur non valide
	at com.kms.katalon.core.appium.driver.AppiumDriverManager.isAppiumServerStarted(AppiumDriverManager.java:194)
	at com.kms.katalon.core.appium.driver.AppiumDriverManager.startAppiumServerJS(AppiumDriverManager.java:258)
	at com.kms.katalon.core.appium.driver.AppiumDriverManager.startAppiumServerJS(AppiumDriverManager.java:412)
	at com.kms.katalon.core.appium.driver.AppiumDriverManager.ensureServicesStarted(AppiumDriverManager.java:244)
	at com.kms.katalon.core.appium.driver.AppiumDriverManager.createMobileDriver(AppiumDriverManager.java:478)
	at com.kms.katalon.core.mobile.keyword.internal.MobileDriverFactory.startLocalMobileDriver(MobileDriverFactory.java:539)
	at com.kms.katalon.core.mobile.keyword.internal.MobileDriverFactory.startMobileDriver(MobileDriverFactory.java:452)
	at com.kms.katalon.core.mobile.keyword.builtin.StartApplicationKeyword$_startApplication_closure1.doCall(StartApplicationKeyword.groovy:49)
	at com.kms.katalon.core.mobile.keyword.builtin.StartApplicationKeyword$_startApplication_closure1.call(StartApplicationKeyword.groovy)
	at com.kms.katalon.core.mobile.keyword.internal.MobileKeywordMain.runKeyword(MobileKeywordMain.groovy:21)
	... 19 more]]></system-err>
      </testcase>
      <testcase name="Test Cases/Cas de test passant/12- Retour Ã  la page d ajout d un colis au panier (MSR-295)" time="0.369" classname="Test Cases/Cas de test passant/12- Retour Ã  la page d ajout d un colis au panier (MSR-295)" status="FAILED">
         <failure type="FAILED" message="Test Cases/Cas de test passant/12- Retour Ã  la page d ajout d un colis au panier (MSR-295) FAILED.
Reason:
com.kms.katalon.core.exception.StepFailedException: Unable to start app at: 'C:\Users\Ousseynou Diop\Desktop\APK Client\app-debug.apk' (Root cause: java.io.IOException: GetExitCodeProcess error=6, Descripteur non valide
	at com.kms.katalon.core.appium.driver.AppiumDriverManager.isAppiumServerStarted(AppiumDriverManager.java:194)
	at com.kms.katalon.core.appium.driver.AppiumDriverManager.startAppiumServerJS(AppiumDriverManager.java:258)
	at com.kms.katalon.core.appium.driver.AppiumDriverManager.startAppiumServerJS(AppiumDriverManager.java:412)
	at com.kms.katalon.core.appium.driver.AppiumDriverManager.ensureServicesStarted(AppiumDriverManager.java:244)
	at com.kms.katalon.core.appium.driver.AppiumDriverManager.createMobileDriver(AppiumDriverManager.java:478)
	at com.kms.katalon.core.mobile.keyword.internal.MobileDriverFactory.startLocalMobileDriver(MobileDriverFactory.java:539)
	at com.kms.katalon.core.mobile.keyword.internal.MobileDriverFactory.startMobileDriver(MobileDriverFactory.java:452)
	at com.kms.katalon.core.mobile.keyword.builtin.StartApplicationKeyword$_startApplication_closure1.doCall(StartApplicationKeyword.groovy:49)
	at com.kms.katalon.core.mobile.keyword.builtin.StartApplicationKeyword$_startApplication_closure1.call(StartApplicationKeyword.groovy)
	at com.kms.katalon.core.mobile.keyword.internal.MobileKeywordMain.runKeyword(MobileKeywordMain.groovy:21)
	at com.kms.katalon.core.mobile.keyword.builtin.StartApplicationKeyword.startApplication(StartApplicationKeyword.groovy:51)
	at com.kms.katalon.core.mobile.keyword.builtin.StartApplicationKeyword.execute(StartApplicationKeyword.groovy:40)
	at com.kms.katalon.core.keyword.internal.KeywordExecutor.executeKeywordForPlatform(KeywordExecutor.groovy:74)
	at com.kms.katalon.core.mobile.keyword.MobileBuiltInKeywords.startApplication(MobileBuiltInKeywords.groovy:78)
	at com.kms.katalon.core.mobile.keyword.MobileBuiltInKeywords$startApplication.call(Unknown Source)
	at 12- Retour Ã  la page d ajout d un colis au panier (MSR-295).run(12- Retour Ã  la page d ajout d un colis au panier (MSR-295):20)
	at com.kms.katalon.core.main.ScriptEngine.run(ScriptEngine.java:194)
	at com.kms.katalon.core.main.ScriptEngine.runScriptAsRawText(ScriptEngine.java:119)
	at com.kms.katalon.core.main.TestCaseExecutor.runScript(TestCaseExecutor.java:448)
	at com.kms.katalon.core.main.TestCaseExecutor.doExecute(TestCaseExecutor.java:439)
	at com.kms.katalon.core.main.TestCaseExecutor.processExecutionPhase(TestCaseExecutor.java:418)
	at com.kms.katalon.core.main.TestCaseExecutor.accessMainPhase(TestCaseExecutor.java:410)
	at com.kms.katalon.core.main.TestCaseExecutor.execute(TestCaseExecutor.java:285)
	at com.kms.katalon.core.common.CommonExecutor.accessTestCaseMainPhase(CommonExecutor.java:65)
	at com.kms.katalon.core.main.TestSuiteExecutor.accessTestSuiteMainPhase(TestSuiteExecutor.java:151)
	at com.kms.katalon.core.main.TestSuiteExecutor.execute(TestSuiteExecutor.java:106)
	at com.kms.katalon.core.main.TestCaseMain.startTestSuite(TestCaseMain.java:185)
	at com.kms.katalon.core.main.TestCaseMain$startTestSuite$0.call(Unknown Source)
	at TempTestSuite1669107651687.run(TempTestSuite1669107651687.groovy:36)
)
	at com.kms.katalon.core.keyword.internal.KeywordMain.stepFailed(KeywordMain.groovy:50)
	at com.kms.katalon.core.mobile.keyword.internal.MobileKeywordMain.stepFailed(MobileKeywordMain.groovy:40)
	at com.kms.katalon.core.mobile.keyword.internal.MobileKeywordMain.runKeyword(MobileKeywordMain.groovy:23)
	at com.kms.katalon.core.mobile.keyword.builtin.StartApplicationKeyword.startApplication(StartApplicationKeyword.groovy:51)
	at com.kms.katalon.core.mobile.keyword.builtin.StartApplicationKeyword.execute(StartApplicationKeyword.groovy:40)
	at com.kms.katalon.core.keyword.internal.KeywordExecutor.executeKeywordForPlatform(KeywordExecutor.groovy:74)
	at com.kms.katalon.core.mobile.keyword.MobileBuiltInKeywords.startApplication(MobileBuiltInKeywords.groovy:78)
	at com.kms.katalon.core.mobile.keyword.MobileBuiltInKeywords$startApplication.call(Unknown Source)
	at 12- Retour Ã  la page d ajout d un colis au panier (MSR-295).run(12- Retour Ã  la page d ajout d un colis au panier (MSR-295):20)
	at com.kms.katalon.core.main.ScriptEngine.run(ScriptEngine.java:194)
	at com.kms.katalon.core.main.ScriptEngine.runScriptAsRawText(ScriptEngine.java:119)
	at com.kms.katalon.core.main.TestCaseExecutor.runScript(TestCaseExecutor.java:448)
	at com.kms.katalon.core.main.TestCaseExecutor.doExecute(TestCaseExecutor.java:439)
	at com.kms.katalon.core.main.TestCaseExecutor.processExecutionPhase(TestCaseExecutor.java:418)
	at com.kms.katalon.core.main.TestCaseExecutor.accessMainPhase(TestCaseExecutor.java:410)
	at com.kms.katalon.core.main.TestCaseExecutor.execute(TestCaseExecutor.java:285)
	at com.kms.katalon.core.common.CommonExecutor.accessTestCaseMainPhase(CommonExecutor.java:65)
	at com.kms.katalon.core.main.TestSuiteExecutor.accessTestSuiteMainPhase(TestSuiteExecutor.java:151)
	at com.kms.katalon.core.main.TestSuiteExecutor.execute(TestSuiteExecutor.java:106)
	at com.kms.katalon.core.main.TestCaseMain.startTestSuite(TestCaseMain.java:185)
	at com.kms.katalon.core.main.TestCaseMain$startTestSuite$0.call(Unknown Source)
	at TempTestSuite1669107651687.run(TempTestSuite1669107651687.groovy:36)
Caused by: java.io.IOException: GetExitCodeProcess error=6, Descripteur non valide
	at com.kms.katalon.core.appium.driver.AppiumDriverManager.isAppiumServerStarted(AppiumDriverManager.java:194)
	at com.kms.katalon.core.appium.driver.AppiumDriverManager.startAppiumServerJS(AppiumDriverManager.java:258)
	at com.kms.katalon.core.appium.driver.AppiumDriverManager.startAppiumServerJS(AppiumDriverManager.java:412)
	at com.kms.katalon.core.appium.driver.AppiumDriverManager.ensureServicesStarted(AppiumDriverManager.java:244)
	at com.kms.katalon.core.appium.driver.AppiumDriverManager.createMobileDriver(AppiumDriverManager.java:478)
	at com.kms.katalon.core.mobile.keyword.internal.MobileDriverFactory.startLocalMobileDriver(MobileDriverFactory.java:539)
	at com.kms.katalon.core.mobile.keyword.internal.MobileDriverFactory.startMobileDriver(MobileDriverFactory.java:452)
	at com.kms.katalon.core.mobile.keyword.builtin.StartApplicationKeyword$_startApplication_closure1.doCall(StartApplicationKeyword.groovy:49)
	at com.kms.katalon.core.mobile.keyword.builtin.StartApplicationKeyword$_startApplication_closure1.call(StartApplicationKeyword.groovy)
	at com.kms.katalon.core.mobile.keyword.internal.MobileKeywordMain.runKeyword(MobileKeywordMain.groovy:21)
	... 19 more
"/>
         <system-out><![CDATA[2022-11-22 10:10:05 - [TEST_CASE][FAILED] - Test Cases/Cas de test passant/12- Retour Ã  la page d ajout d un colis au panier (MSR-295): Test Cases/Cas de test passant/12- Retour Ã  la page d ajout d un colis au panier (MSR-295) FAILED.
Reason:
com.kms.katalon.core.exception.StepFailedException: Unable to start app at: 'C:\Users\Ousseynou Diop\Desktop\APK Client\app-debug.apk' (Root cause: java.io.IOException: GetExitCodeProcess error=6, Descripteur non valide
	at com.kms.katalon.core.appium.driver.AppiumDriverManager.isAppiumServerStarted(AppiumDriverManager.java:194)
	at com.kms.katalon.core.appium.driver.AppiumDriverManager.startAppiumServerJS(AppiumDriverManager.java:258)
	at com.kms.katalon.core.appium.driver.AppiumDriverManager.startAppiumServerJS(AppiumDriverManager.java:412)
	at com.kms.katalon.core.appium.driver.AppiumDriverManager.ensureServicesStarted(AppiumDriverManager.java:244)
	at com.kms.katalon.core.appium.driver.AppiumDriverManager.createMobileDriver(AppiumDriverManager.java:478)
	at com.kms.katalon.core.mobile.keyword.internal.MobileDriverFactory.startLocalMobileDriver(MobileDriverFactory.java:539)
	at com.kms.katalon.core.mobile.keyword.internal.MobileDriverFactory.startMobileDriver(MobileDriverFactory.java:452)
	at com.kms.katalon.core.mobile.keyword.builtin.StartApplicationKeyword$_startApplication_closure1.doCall(StartApplicationKeyword.groovy:49)
	at com.kms.katalon.core.mobile.keyword.builtin.StartApplicationKeyword$_startApplication_closure1.call(StartApplicationKeyword.groovy)
	at com.kms.katalon.core.mobile.keyword.internal.MobileKeywordMain.runKeyword(MobileKeywordMain.groovy:21)
	at com.kms.katalon.core.mobile.keyword.builtin.StartApplicationKeyword.startApplication(StartApplicationKeyword.groovy:51)
	at com.kms.katalon.core.mobile.keyword.builtin.StartApplicationKeyword.execute(StartApplicationKeyword.groovy:40)
	at com.kms.katalon.core.keyword.internal.KeywordExecutor.executeKeywordForPlatform(KeywordExecutor.groovy:74)
	at com.kms.katalon.core.mobile.keyword.MobileBuiltInKeywords.startApplication(MobileBuiltInKeywords.groovy:78)
	at com.kms.katalon.core.mobile.keyword.MobileBuiltInKeywords$startApplication.call(Unknown Source)
	at 12- Retour Ã  la page d ajout d un colis au panier (MSR-295).run(12- Retour Ã  la page d ajout d un colis au panier (MSR-295):20)
	at com.kms.katalon.core.main.ScriptEngine.run(ScriptEngine.java:194)
	at com.kms.katalon.core.main.ScriptEngine.runScriptAsRawText(ScriptEngine.java:119)
	at com.kms.katalon.core.main.TestCaseExecutor.runScript(TestCaseExecutor.java:448)
	at com.kms.katalon.core.main.TestCaseExecutor.doExecute(TestCaseExecutor.java:439)
	at com.kms.katalon.core.main.TestCaseExecutor.processExecutionPhase(TestCaseExecutor.java:418)
	at com.kms.katalon.core.main.TestCaseExecutor.accessMainPhase(TestCaseExecutor.java:410)
	at com.kms.katalon.core.main.TestCaseExecutor.execute(TestCaseExecutor.java:285)
	at com.kms.katalon.core.common.CommonExecutor.accessTestCaseMainPhase(CommonExecutor.java:65)
	at com.kms.katalon.core.main.TestSuiteExecutor.accessTestSuiteMainPhase(TestSuiteExecutor.java:151)
	at com.kms.katalon.core.main.TestSuiteExecutor.execute(TestSuiteExecutor.java:106)
	at com.kms.katalon.core.main.TestCaseMain.startTestSuite(TestCaseMain.java:185)
	at com.kms.katalon.core.main.TestCaseMain$startTestSuite$0.call(Unknown Source)
	at TempTestSuite1669107651687.run(TempTestSuite1669107651687.groovy:36)
)
	at com.kms.katalon.core.keyword.internal.KeywordMain.stepFailed(KeywordMain.groovy:50)
	at com.kms.katalon.core.mobile.keyword.internal.MobileKeywordMain.stepFailed(MobileKeywordMain.groovy:40)
	at com.kms.katalon.core.mobile.keyword.internal.MobileKeywordMain.runKeyword(MobileKeywordMain.groovy:23)
	at com.kms.katalon.core.mobile.keyword.builtin.StartApplicationKeyword.startApplication(StartApplicationKeyword.groovy:51)
	at com.kms.katalon.core.mobile.keyword.builtin.StartApplicationKeyword.execute(StartApplicationKeyword.groovy:40)
	at com.kms.katalon.core.keyword.internal.KeywordExecutor.executeKeywordForPlatform(KeywordExecutor.groovy:74)
	at com.kms.katalon.core.mobile.keyword.MobileBuiltInKeywords.startApplication(MobileBuiltInKeywords.groovy:78)
	at com.kms.katalon.core.mobile.keyword.MobileBuiltInKeywords$startApplication.call(Unknown Source)
	at 12- Retour Ã  la page d ajout d un colis au panier (MSR-295).run(12- Retour Ã  la page d ajout d un colis au panier (MSR-295):20)
	at com.kms.katalon.core.main.ScriptEngine.run(ScriptEngine.java:194)
	at com.kms.katalon.core.main.ScriptEngine.runScriptAsRawText(ScriptEngine.java:119)
	at com.kms.katalon.core.main.TestCaseExecutor.runScript(TestCaseExecutor.java:448)
	at com.kms.katalon.core.main.TestCaseExecutor.doExecute(TestCaseExecutor.java:439)
	at com.kms.katalon.core.main.TestCaseExecutor.processExecutionPhase(TestCaseExecutor.java:418)
	at com.kms.katalon.core.main.TestCaseExecutor.accessMainPhase(TestCaseExecutor.java:410)
	at com.kms.katalon.core.main.TestCaseExecutor.execute(TestCaseExecutor.java:285)
	at com.kms.katalon.core.common.CommonExecutor.accessTestCaseMainPhase(CommonExecutor.java:65)
	at com.kms.katalon.core.main.TestSuiteExecutor.accessTestSuiteMainPhase(TestSuiteExecutor.java:151)
	at com.kms.katalon.core.main.TestSuiteExecutor.execute(TestSuiteExecutor.java:106)
	at com.kms.katalon.core.main.TestCaseMain.startTestSuite(TestCaseMain.java:185)
	at com.kms.katalon.core.main.TestCaseMain$startTestSuite$0.call(Unknown Source)
	at TempTestSuite1669107651687.run(TempTestSuite1669107651687.groovy:36)
Caused by: java.io.IOException: GetExitCodeProcess error=6, Descripteur non valide
	at com.kms.katalon.core.appium.driver.AppiumDriverManager.isAppiumServerStarted(AppiumDriverManager.java:194)
	at com.kms.katalon.core.appium.driver.AppiumDriverManager.startAppiumServerJS(AppiumDriverManager.java:258)
	at com.kms.katalon.core.appium.driver.AppiumDriverManager.startAppiumServerJS(AppiumDriverManager.java:412)
	at com.kms.katalon.core.appium.driver.AppiumDriverManager.ensureServicesStarted(AppiumDriverManager.java:244)
	at com.kms.katalon.core.appium.driver.AppiumDriverManager.createMobileDriver(AppiumDriverManager.java:478)
	at com.kms.katalon.core.mobile.keyword.internal.MobileDriverFactory.startLocalMobileDriver(MobileDriverFactory.java:539)
	at com.kms.katalon.core.mobile.keyword.internal.MobileDriverFactory.startMobileDriver(MobileDriverFactory.java:452)
	at com.kms.katalon.core.mobile.keyword.builtin.StartApplicationKeyword$_startApplication_closure1.doCall(StartApplicationKeyword.groovy:49)
	at com.kms.katalon.core.mobile.keyword.builtin.StartApplicationKeyword$_startApplication_closure1.call(StartApplicationKeyword.groovy)
	at com.kms.katalon.core.mobile.keyword.internal.MobileKeywordMain.runKeyword(MobileKeywordMain.groovy:21)
	... 19 more


2022-11-22 10:10:05 - [TEST_STEP][FAILED] - startApplication("C:\Users\Ousseynou Diop\Desktop\APK Client\app-debug.apk", true): Unable to start app at: 'C:\Users\Ousseynou Diop\Desktop\APK Client\app-debug.apk' (Root cause: java.io.IOException: GetExitCodeProcess error=6, Descripteur non valide
	at com.kms.katalon.core.appium.driver.AppiumDriverManager.isAppiumServerStarted(AppiumDriverManager.java:194)
	at com.kms.katalon.core.appium.driver.AppiumDriverManager.startAppiumServerJS(AppiumDriverManager.java:258)
	at com.kms.katalon.core.appium.driver.AppiumDriverManager.startAppiumServerJS(AppiumDriverManager.java:412)
	at com.kms.katalon.core.appium.driver.AppiumDriverManager.ensureServicesStarted(AppiumDriverManager.java:244)
	at com.kms.katalon.core.appium.driver.AppiumDriverManager.createMobileDriver(AppiumDriverManager.java:478)
	at com.kms.katalon.core.mobile.keyword.internal.MobileDriverFactory.startLocalMobileDriver(MobileDriverFactory.java:539)
	at com.kms.katalon.core.mobile.keyword.internal.MobileDriverFactory.startMobileDriver(MobileDriverFactory.java:452)
	at com.kms.katalon.core.mobile.keyword.builtin.StartApplicationKeyword$_startApplication_closure1.doCall(StartApplicationKeyword.groovy:49)
	at com.kms.katalon.core.mobile.keyword.builtin.StartApplicationKeyword$_startApplication_closure1.call(StartApplicationKeyword.groovy)
	at com.kms.katalon.core.mobile.keyword.internal.MobileKeywordMain.runKeyword(MobileKeywordMain.groovy:21)
	at com.kms.katalon.core.mobile.keyword.builtin.StartApplicationKeyword.startApplication(StartApplicationKeyword.groovy:51)
	at com.kms.katalon.core.mobile.keyword.builtin.StartApplicationKeyword.execute(StartApplicationKeyword.groovy:40)
	at com.kms.katalon.core.keyword.internal.KeywordExecutor.executeKeywordForPlatform(KeywordExecutor.groovy:74)
	at com.kms.katalon.core.mobile.keyword.MobileBuiltInKeywords.startApplication(MobileBuiltInKeywords.groovy:78)
	at com.kms.katalon.core.mobile.keyword.MobileBuiltInKeywords$startApplication.call(Unknown Source)
	at 12- Retour Ã  la page d ajout d un colis au panier (MSR-295).run(12- Retour Ã  la page d ajout d un colis au panier (MSR-295):20)
	at com.kms.katalon.core.main.ScriptEngine.run(ScriptEngine.java:194)
	at com.kms.katalon.core.main.ScriptEngine.runScriptAsRawText(ScriptEngine.java:119)
	at com.kms.katalon.core.main.TestCaseExecutor.runScript(TestCaseExecutor.java:448)
	at com.kms.katalon.core.main.TestCaseExecutor.doExecute(TestCaseExecutor.java:439)
	at com.kms.katalon.core.main.TestCaseExecutor.processExecutionPhase(TestCaseExecutor.java:418)
	at com.kms.katalon.core.main.TestCaseExecutor.accessMainPhase(TestCaseExecutor.java:410)
	at com.kms.katalon.core.main.TestCaseExecutor.execute(TestCaseExecutor.java:285)
	at com.kms.katalon.core.common.CommonExecutor.accessTestCaseMainPhase(CommonExecutor.java:65)
	at com.kms.katalon.core.main.TestSuiteExecutor.accessTestSuiteMainPhase(TestSuiteExecutor.java:151)
	at com.kms.katalon.core.main.TestSuiteExecutor.execute(TestSuiteExecutor.java:106)
	at com.kms.katalon.core.main.TestCaseMain.startTestSuite(TestCaseMain.java:185)
	at com.kms.katalon.core.main.TestCaseMain$startTestSuite$0.call(Unknown Source)
	at TempTestSuite1669107651687.run(TempTestSuite1669107651687.groovy:36)
)

2022-11-22 10:10:05 - [MESSAGE][FAILED] - Unable to start app at: 'C:\Users\Ousseynou Diop\Desktop\APK Client\app-debug.apk' (Root cause: java.io.IOException: GetExitCodeProcess error=6, Descripteur non valide
	at com.kms.katalon.core.appium.driver.AppiumDriverManager.isAppiumServerStarted(AppiumDriverManager.java:194)
	at com.kms.katalon.core.appium.driver.AppiumDriverManager.startAppiumServerJS(AppiumDriverManager.java:258)
	at com.kms.katalon.core.appium.driver.AppiumDriverManager.startAppiumServerJS(AppiumDriverManager.java:412)
	at com.kms.katalon.core.appium.driver.AppiumDriverManager.ensureServicesStarted(AppiumDriverManager.java:244)
	at com.kms.katalon.core.appium.driver.AppiumDriverManager.createMobileDriver(AppiumDriverManager.java:478)
	at com.kms.katalon.core.mobile.keyword.internal.MobileDriverFactory.startLocalMobileDriver(MobileDriverFactory.java:539)
	at com.kms.katalon.core.mobile.keyword.internal.MobileDriverFactory.startMobileDriver(MobileDriverFactory.java:452)
	at com.kms.katalon.core.mobile.keyword.builtin.StartApplicationKeyword$_startApplication_closure1.doCall(StartApplicationKeyword.groovy:49)
	at com.kms.katalon.core.mobile.keyword.builtin.StartApplicationKeyword$_startApplication_closure1.call(StartApplicationKeyword.groovy)
	at com.kms.katalon.core.mobile.keyword.internal.MobileKeywordMain.runKeyword(MobileKeywordMain.groovy:21)
	at com.kms.katalon.core.mobile.keyword.builtin.StartApplicationKeyword.startApplication(StartApplicationKeyword.groovy:51)
	at com.kms.katalon.core.mobile.keyword.builtin.StartApplicationKeyword.execute(StartApplicationKeyword.groovy:40)
	at com.kms.katalon.core.keyword.internal.KeywordExecutor.executeKeywordForPlatform(KeywordExecutor.groovy:74)
	at com.kms.katalon.core.mobile.keyword.MobileBuiltInKeywords.startApplication(MobileBuiltInKeywords.groovy:78)
	at com.kms.katalon.core.mobile.keyword.MobileBuiltInKeywords$startApplication.call(Unknown Source)
	at 12- Retour Ã  la page d ajout d un colis au panier (MSR-295).run(12- Retour Ã  la page d ajout d un colis au panier (MSR-295):20)
	at com.kms.katalon.core.main.ScriptEngine.run(ScriptEngine.java:194)
	at com.kms.katalon.core.main.ScriptEngine.runScriptAsRawText(ScriptEngine.java:119)
	at com.kms.katalon.core.main.TestCaseExecutor.runScript(TestCaseExecutor.java:448)
	at com.kms.katalon.core.main.TestCaseExecutor.doExecute(TestCaseExecutor.java:439)
	at com.kms.katalon.core.main.TestCaseExecutor.processExecutionPhase(TestCaseExecutor.java:418)
	at com.kms.katalon.core.main.TestCaseExecutor.accessMainPhase(TestCaseExecutor.java:410)
	at com.kms.katalon.core.main.TestCaseExecutor.execute(TestCaseExecutor.java:285)
	at com.kms.katalon.core.common.CommonExecutor.accessTestCaseMainPhase(CommonExecutor.java:65)
	at com.kms.katalon.core.main.TestSuiteExecutor.accessTestSuiteMainPhase(TestSuiteExecutor.java:151)
	at com.kms.katalon.core.main.TestSuiteExecutor.execute(TestSuiteExecutor.java:106)
	at com.kms.katalon.core.main.TestCaseMain.startTestSuite(TestCaseMain.java:185)
	at com.kms.katalon.core.main.TestCaseMain$startTestSuite$0.call(Unknown Source)
	at TempTestSuite1669107651687.run(TempTestSuite1669107651687.groovy:36)
)]]></system-out>
         <system-err><![CDATA[2022-11-22 10:10:05 - [TEST_CASE][FAILED] - Test Cases/Cas de test passant/12- Retour Ã  la page d ajout d un colis au panier (MSR-295): Test Cases/Cas de test passant/12- Retour Ã  la page d ajout d un colis au panier (MSR-295) FAILED.
Reason:
com.kms.katalon.core.exception.StepFailedException: Unable to start app at: 'C:\Users\Ousseynou Diop\Desktop\APK Client\app-debug.apk' (Root cause: java.io.IOException: GetExitCodeProcess error=6, Descripteur non valide
	at com.kms.katalon.core.appium.driver.AppiumDriverManager.isAppiumServerStarted(AppiumDriverManager.java:194)
	at com.kms.katalon.core.appium.driver.AppiumDriverManager.startAppiumServerJS(AppiumDriverManager.java:258)
	at com.kms.katalon.core.appium.driver.AppiumDriverManager.startAppiumServerJS(AppiumDriverManager.java:412)
	at com.kms.katalon.core.appium.driver.AppiumDriverManager.ensureServicesStarted(AppiumDriverManager.java:244)
	at com.kms.katalon.core.appium.driver.AppiumDriverManager.createMobileDriver(AppiumDriverManager.java:478)
	at com.kms.katalon.core.mobile.keyword.internal.MobileDriverFactory.startLocalMobileDriver(MobileDriverFactory.java:539)
	at com.kms.katalon.core.mobile.keyword.internal.MobileDriverFactory.startMobileDriver(MobileDriverFactory.java:452)
	at com.kms.katalon.core.mobile.keyword.builtin.StartApplicationKeyword$_startApplication_closure1.doCall(StartApplicationKeyword.groovy:49)
	at com.kms.katalon.core.mobile.keyword.builtin.StartApplicationKeyword$_startApplication_closure1.call(StartApplicationKeyword.groovy)
	at com.kms.katalon.core.mobile.keyword.internal.MobileKeywordMain.runKeyword(MobileKeywordMain.groovy:21)
	at com.kms.katalon.core.mobile.keyword.builtin.StartApplicationKeyword.startApplication(StartApplicationKeyword.groovy:51)
	at com.kms.katalon.core.mobile.keyword.builtin.StartApplicationKeyword.execute(StartApplicationKeyword.groovy:40)
	at com.kms.katalon.core.keyword.internal.KeywordExecutor.executeKeywordForPlatform(KeywordExecutor.groovy:74)
	at com.kms.katalon.core.mobile.keyword.MobileBuiltInKeywords.startApplication(MobileBuiltInKeywords.groovy:78)
	at com.kms.katalon.core.mobile.keyword.MobileBuiltInKeywords$startApplication.call(Unknown Source)
	at 12- Retour Ã  la page d ajout d un colis au panier (MSR-295).run(12- Retour Ã  la page d ajout d un colis au panier (MSR-295):20)
	at com.kms.katalon.core.main.ScriptEngine.run(ScriptEngine.java:194)
	at com.kms.katalon.core.main.ScriptEngine.runScriptAsRawText(ScriptEngine.java:119)
	at com.kms.katalon.core.main.TestCaseExecutor.runScript(TestCaseExecutor.java:448)
	at com.kms.katalon.core.main.TestCaseExecutor.doExecute(TestCaseExecutor.java:439)
	at com.kms.katalon.core.main.TestCaseExecutor.processExecutionPhase(TestCaseExecutor.java:418)
	at com.kms.katalon.core.main.TestCaseExecutor.accessMainPhase(TestCaseExecutor.java:410)
	at com.kms.katalon.core.main.TestCaseExecutor.execute(TestCaseExecutor.java:285)
	at com.kms.katalon.core.common.CommonExecutor.accessTestCaseMainPhase(CommonExecutor.java:65)
	at com.kms.katalon.core.main.TestSuiteExecutor.accessTestSuiteMainPhase(TestSuiteExecutor.java:151)
	at com.kms.katalon.core.main.TestSuiteExecutor.execute(TestSuiteExecutor.java:106)
	at com.kms.katalon.core.main.TestCaseMain.startTestSuite(TestCaseMain.java:185)
	at com.kms.katalon.core.main.TestCaseMain$startTestSuite$0.call(Unknown Source)
	at TempTestSuite1669107651687.run(TempTestSuite1669107651687.groovy:36)
)
	at com.kms.katalon.core.keyword.internal.KeywordMain.stepFailed(KeywordMain.groovy:50)
	at com.kms.katalon.core.mobile.keyword.internal.MobileKeywordMain.stepFailed(MobileKeywordMain.groovy:40)
	at com.kms.katalon.core.mobile.keyword.internal.MobileKeywordMain.runKeyword(MobileKeywordMain.groovy:23)
	at com.kms.katalon.core.mobile.keyword.builtin.StartApplicationKeyword.startApplication(StartApplicationKeyword.groovy:51)
	at com.kms.katalon.core.mobile.keyword.builtin.StartApplicationKeyword.execute(StartApplicationKeyword.groovy:40)
	at com.kms.katalon.core.keyword.internal.KeywordExecutor.executeKeywordForPlatform(KeywordExecutor.groovy:74)
	at com.kms.katalon.core.mobile.keyword.MobileBuiltInKeywords.startApplication(MobileBuiltInKeywords.groovy:78)
	at com.kms.katalon.core.mobile.keyword.MobileBuiltInKeywords$startApplication.call(Unknown Source)
	at 12- Retour Ã  la page d ajout d un colis au panier (MSR-295).run(12- Retour Ã  la page d ajout d un colis au panier (MSR-295):20)
	at com.kms.katalon.core.main.ScriptEngine.run(ScriptEngine.java:194)
	at com.kms.katalon.core.main.ScriptEngine.runScriptAsRawText(ScriptEngine.java:119)
	at com.kms.katalon.core.main.TestCaseExecutor.runScript(TestCaseExecutor.java:448)
	at com.kms.katalon.core.main.TestCaseExecutor.doExecute(TestCaseExecutor.java:439)
	at com.kms.katalon.core.main.TestCaseExecutor.processExecutionPhase(TestCaseExecutor.java:418)
	at com.kms.katalon.core.main.TestCaseExecutor.accessMainPhase(TestCaseExecutor.java:410)
	at com.kms.katalon.core.main.TestCaseExecutor.execute(TestCaseExecutor.java:285)
	at com.kms.katalon.core.common.CommonExecutor.accessTestCaseMainPhase(CommonExecutor.java:65)
	at com.kms.katalon.core.main.TestSuiteExecutor.accessTestSuiteMainPhase(TestSuiteExecutor.java:151)
	at com.kms.katalon.core.main.TestSuiteExecutor.execute(TestSuiteExecutor.java:106)
	at com.kms.katalon.core.main.TestCaseMain.startTestSuite(TestCaseMain.java:185)
	at com.kms.katalon.core.main.TestCaseMain$startTestSuite$0.call(Unknown Source)
	at TempTestSuite1669107651687.run(TempTestSuite1669107651687.groovy:36)
Caused by: java.io.IOException: GetExitCodeProcess error=6, Descripteur non valide
	at com.kms.katalon.core.appium.driver.AppiumDriverManager.isAppiumServerStarted(AppiumDriverManager.java:194)
	at com.kms.katalon.core.appium.driver.AppiumDriverManager.startAppiumServerJS(AppiumDriverManager.java:258)
	at com.kms.katalon.core.appium.driver.AppiumDriverManager.startAppiumServerJS(AppiumDriverManager.java:412)
	at com.kms.katalon.core.appium.driver.AppiumDriverManager.ensureServicesStarted(AppiumDriverManager.java:244)
	at com.kms.katalon.core.appium.driver.AppiumDriverManager.createMobileDriver(AppiumDriverManager.java:478)
	at com.kms.katalon.core.mobile.keyword.internal.MobileDriverFactory.startLocalMobileDriver(MobileDriverFactory.java:539)
	at com.kms.katalon.core.mobile.keyword.internal.MobileDriverFactory.startMobileDriver(MobileDriverFactory.java:452)
	at com.kms.katalon.core.mobile.keyword.builtin.StartApplicationKeyword$_startApplication_closure1.doCall(StartApplicationKeyword.groovy:49)
	at com.kms.katalon.core.mobile.keyword.builtin.StartApplicationKeyword$_startApplication_closure1.call(StartApplicationKeyword.groovy)
	at com.kms.katalon.core.mobile.keyword.internal.MobileKeywordMain.runKeyword(MobileKeywordMain.groovy:21)
	... 19 more]]></system-err>
      </testcase>
      <testcase name="Test Cases/Cas de test passant/13-Supprimer un colis du panier ( MSR-295)" time="0.321" classname="Test Cases/Cas de test passant/13-Supprimer un colis du panier ( MSR-295)" status="FAILED">
         <failure type="FAILED" message="Test Cases/Cas de test passant/13-Supprimer un colis du panier ( MSR-295) FAILED.
Reason:
com.kms.katalon.core.exception.StepFailedException: Unable to start app at: 'C:\Users\Ousseynou Diop\Desktop\APK Client\app-debug.apk' (Root cause: java.io.IOException: GetExitCodeProcess error=6, Descripteur non valide
	at com.kms.katalon.core.appium.driver.AppiumDriverManager.isAppiumServerStarted(AppiumDriverManager.java:194)
	at com.kms.katalon.core.appium.driver.AppiumDriverManager.startAppiumServerJS(AppiumDriverManager.java:258)
	at com.kms.katalon.core.appium.driver.AppiumDriverManager.startAppiumServerJS(AppiumDriverManager.java:412)
	at com.kms.katalon.core.appium.driver.AppiumDriverManager.ensureServicesStarted(AppiumDriverManager.java:244)
	at com.kms.katalon.core.appium.driver.AppiumDriverManager.createMobileDriver(AppiumDriverManager.java:478)
	at com.kms.katalon.core.mobile.keyword.internal.MobileDriverFactory.startLocalMobileDriver(MobileDriverFactory.java:539)
	at com.kms.katalon.core.mobile.keyword.internal.MobileDriverFactory.startMobileDriver(MobileDriverFactory.java:452)
	at com.kms.katalon.core.mobile.keyword.builtin.StartApplicationKeyword$_startApplication_closure1.doCall(StartApplicationKeyword.groovy:49)
	at com.kms.katalon.core.mobile.keyword.builtin.StartApplicationKeyword$_startApplication_closure1.call(StartApplicationKeyword.groovy)
	at com.kms.katalon.core.mobile.keyword.internal.MobileKeywordMain.runKeyword(MobileKeywordMain.groovy:21)
	at com.kms.katalon.core.mobile.keyword.builtin.StartApplicationKeyword.startApplication(StartApplicationKeyword.groovy:51)
	at com.kms.katalon.core.mobile.keyword.builtin.StartApplicationKeyword.execute(StartApplicationKeyword.groovy:40)
	at com.kms.katalon.core.keyword.internal.KeywordExecutor.executeKeywordForPlatform(KeywordExecutor.groovy:74)
	at com.kms.katalon.core.mobile.keyword.MobileBuiltInKeywords.startApplication(MobileBuiltInKeywords.groovy:78)
	at com.kms.katalon.core.mobile.keyword.MobileBuiltInKeywords$startApplication.call(Unknown Source)
	at 13-Supprimer un colis du panier ( MSR-295).run(13-Supprimer un colis du panier ( MSR-295):20)
	at com.kms.katalon.core.main.ScriptEngine.run(ScriptEngine.java:194)
	at com.kms.katalon.core.main.ScriptEngine.runScriptAsRawText(ScriptEngine.java:119)
	at com.kms.katalon.core.main.TestCaseExecutor.runScript(TestCaseExecutor.java:448)
	at com.kms.katalon.core.main.TestCaseExecutor.doExecute(TestCaseExecutor.java:439)
	at com.kms.katalon.core.main.TestCaseExecutor.processExecutionPhase(TestCaseExecutor.java:418)
	at com.kms.katalon.core.main.TestCaseExecutor.accessMainPhase(TestCaseExecutor.java:410)
	at com.kms.katalon.core.main.TestCaseExecutor.execute(TestCaseExecutor.java:285)
	at com.kms.katalon.core.common.CommonExecutor.accessTestCaseMainPhase(CommonExecutor.java:65)
	at com.kms.katalon.core.main.TestSuiteExecutor.accessTestSuiteMainPhase(TestSuiteExecutor.java:151)
	at com.kms.katalon.core.main.TestSuiteExecutor.execute(TestSuiteExecutor.java:106)
	at com.kms.katalon.core.main.TestCaseMain.startTestSuite(TestCaseMain.java:185)
	at com.kms.katalon.core.main.TestCaseMain$startTestSuite$0.call(Unknown Source)
	at TempTestSuite1669107651687.run(TempTestSuite1669107651687.groovy:36)
)
	at com.kms.katalon.core.keyword.internal.KeywordMain.stepFailed(KeywordMain.groovy:50)
	at com.kms.katalon.core.mobile.keyword.internal.MobileKeywordMain.stepFailed(MobileKeywordMain.groovy:40)
	at com.kms.katalon.core.mobile.keyword.internal.MobileKeywordMain.runKeyword(MobileKeywordMain.groovy:23)
	at com.kms.katalon.core.mobile.keyword.builtin.StartApplicationKeyword.startApplication(StartApplicationKeyword.groovy:51)
	at com.kms.katalon.core.mobile.keyword.builtin.StartApplicationKeyword.execute(StartApplicationKeyword.groovy:40)
	at com.kms.katalon.core.keyword.internal.KeywordExecutor.executeKeywordForPlatform(KeywordExecutor.groovy:74)
	at com.kms.katalon.core.mobile.keyword.MobileBuiltInKeywords.startApplication(MobileBuiltInKeywords.groovy:78)
	at com.kms.katalon.core.mobile.keyword.MobileBuiltInKeywords$startApplication.call(Unknown Source)
	at 13-Supprimer un colis du panier ( MSR-295).run(13-Supprimer un colis du panier ( MSR-295):20)
	at com.kms.katalon.core.main.ScriptEngine.run(ScriptEngine.java:194)
	at com.kms.katalon.core.main.ScriptEngine.runScriptAsRawText(ScriptEngine.java:119)
	at com.kms.katalon.core.main.TestCaseExecutor.runScript(TestCaseExecutor.java:448)
	at com.kms.katalon.core.main.TestCaseExecutor.doExecute(TestCaseExecutor.java:439)
	at com.kms.katalon.core.main.TestCaseExecutor.processExecutionPhase(TestCaseExecutor.java:418)
	at com.kms.katalon.core.main.TestCaseExecutor.accessMainPhase(TestCaseExecutor.java:410)
	at com.kms.katalon.core.main.TestCaseExecutor.execute(TestCaseExecutor.java:285)
	at com.kms.katalon.core.common.CommonExecutor.accessTestCaseMainPhase(CommonExecutor.java:65)
	at com.kms.katalon.core.main.TestSuiteExecutor.accessTestSuiteMainPhase(TestSuiteExecutor.java:151)
	at com.kms.katalon.core.main.TestSuiteExecutor.execute(TestSuiteExecutor.java:106)
	at com.kms.katalon.core.main.TestCaseMain.startTestSuite(TestCaseMain.java:185)
	at com.kms.katalon.core.main.TestCaseMain$startTestSuite$0.call(Unknown Source)
	at TempTestSuite1669107651687.run(TempTestSuite1669107651687.groovy:36)
Caused by: java.io.IOException: GetExitCodeProcess error=6, Descripteur non valide
	at com.kms.katalon.core.appium.driver.AppiumDriverManager.isAppiumServerStarted(AppiumDriverManager.java:194)
	at com.kms.katalon.core.appium.driver.AppiumDriverManager.startAppiumServerJS(AppiumDriverManager.java:258)
	at com.kms.katalon.core.appium.driver.AppiumDriverManager.startAppiumServerJS(AppiumDriverManager.java:412)
	at com.kms.katalon.core.appium.driver.AppiumDriverManager.ensureServicesStarted(AppiumDriverManager.java:244)
	at com.kms.katalon.core.appium.driver.AppiumDriverManager.createMobileDriver(AppiumDriverManager.java:478)
	at com.kms.katalon.core.mobile.keyword.internal.MobileDriverFactory.startLocalMobileDriver(MobileDriverFactory.java:539)
	at com.kms.katalon.core.mobile.keyword.internal.MobileDriverFactory.startMobileDriver(MobileDriverFactory.java:452)
	at com.kms.katalon.core.mobile.keyword.builtin.StartApplicationKeyword$_startApplication_closure1.doCall(StartApplicationKeyword.groovy:49)
	at com.kms.katalon.core.mobile.keyword.builtin.StartApplicationKeyword$_startApplication_closure1.call(StartApplicationKeyword.groovy)
	at com.kms.katalon.core.mobile.keyword.internal.MobileKeywordMain.runKeyword(MobileKeywordMain.groovy:21)
	... 19 more
"/>
         <system-out><![CDATA[2022-11-22 10:10:05 - [TEST_CASE][FAILED] - Test Cases/Cas de test passant/13-Supprimer un colis du panier ( MSR-295): Test Cases/Cas de test passant/13-Supprimer un colis du panier ( MSR-295) FAILED.
Reason:
com.kms.katalon.core.exception.StepFailedException: Unable to start app at: 'C:\Users\Ousseynou Diop\Desktop\APK Client\app-debug.apk' (Root cause: java.io.IOException: GetExitCodeProcess error=6, Descripteur non valide
	at com.kms.katalon.core.appium.driver.AppiumDriverManager.isAppiumServerStarted(AppiumDriverManager.java:194)
	at com.kms.katalon.core.appium.driver.AppiumDriverManager.startAppiumServerJS(AppiumDriverManager.java:258)
	at com.kms.katalon.core.appium.driver.AppiumDriverManager.startAppiumServerJS(AppiumDriverManager.java:412)
	at com.kms.katalon.core.appium.driver.AppiumDriverManager.ensureServicesStarted(AppiumDriverManager.java:244)
	at com.kms.katalon.core.appium.driver.AppiumDriverManager.createMobileDriver(AppiumDriverManager.java:478)
	at com.kms.katalon.core.mobile.keyword.internal.MobileDriverFactory.startLocalMobileDriver(MobileDriverFactory.java:539)
	at com.kms.katalon.core.mobile.keyword.internal.MobileDriverFactory.startMobileDriver(MobileDriverFactory.java:452)
	at com.kms.katalon.core.mobile.keyword.builtin.StartApplicationKeyword$_startApplication_closure1.doCall(StartApplicationKeyword.groovy:49)
	at com.kms.katalon.core.mobile.keyword.builtin.StartApplicationKeyword$_startApplication_closure1.call(StartApplicationKeyword.groovy)
	at com.kms.katalon.core.mobile.keyword.internal.MobileKeywordMain.runKeyword(MobileKeywordMain.groovy:21)
	at com.kms.katalon.core.mobile.keyword.builtin.StartApplicationKeyword.startApplication(StartApplicationKeyword.groovy:51)
	at com.kms.katalon.core.mobile.keyword.builtin.StartApplicationKeyword.execute(StartApplicationKeyword.groovy:40)
	at com.kms.katalon.core.keyword.internal.KeywordExecutor.executeKeywordForPlatform(KeywordExecutor.groovy:74)
	at com.kms.katalon.core.mobile.keyword.MobileBuiltInKeywords.startApplication(MobileBuiltInKeywords.groovy:78)
	at com.kms.katalon.core.mobile.keyword.MobileBuiltInKeywords$startApplication.call(Unknown Source)
	at 13-Supprimer un colis du panier ( MSR-295).run(13-Supprimer un colis du panier ( MSR-295):20)
	at com.kms.katalon.core.main.ScriptEngine.run(ScriptEngine.java:194)
	at com.kms.katalon.core.main.ScriptEngine.runScriptAsRawText(ScriptEngine.java:119)
	at com.kms.katalon.core.main.TestCaseExecutor.runScript(TestCaseExecutor.java:448)
	at com.kms.katalon.core.main.TestCaseExecutor.doExecute(TestCaseExecutor.java:439)
	at com.kms.katalon.core.main.TestCaseExecutor.processExecutionPhase(TestCaseExecutor.java:418)
	at com.kms.katalon.core.main.TestCaseExecutor.accessMainPhase(TestCaseExecutor.java:410)
	at com.kms.katalon.core.main.TestCaseExecutor.execute(TestCaseExecutor.java:285)
	at com.kms.katalon.core.common.CommonExecutor.accessTestCaseMainPhase(CommonExecutor.java:65)
	at com.kms.katalon.core.main.TestSuiteExecutor.accessTestSuiteMainPhase(TestSuiteExecutor.java:151)
	at com.kms.katalon.core.main.TestSuiteExecutor.execute(TestSuiteExecutor.java:106)
	at com.kms.katalon.core.main.TestCaseMain.startTestSuite(TestCaseMain.java:185)
	at com.kms.katalon.core.main.TestCaseMain$startTestSuite$0.call(Unknown Source)
	at TempTestSuite1669107651687.run(TempTestSuite1669107651687.groovy:36)
)
	at com.kms.katalon.core.keyword.internal.KeywordMain.stepFailed(KeywordMain.groovy:50)
	at com.kms.katalon.core.mobile.keyword.internal.MobileKeywordMain.stepFailed(MobileKeywordMain.groovy:40)
	at com.kms.katalon.core.mobile.keyword.internal.MobileKeywordMain.runKeyword(MobileKeywordMain.groovy:23)
	at com.kms.katalon.core.mobile.keyword.builtin.StartApplicationKeyword.startApplication(StartApplicationKeyword.groovy:51)
	at com.kms.katalon.core.mobile.keyword.builtin.StartApplicationKeyword.execute(StartApplicationKeyword.groovy:40)
	at com.kms.katalon.core.keyword.internal.KeywordExecutor.executeKeywordForPlatform(KeywordExecutor.groovy:74)
	at com.kms.katalon.core.mobile.keyword.MobileBuiltInKeywords.startApplication(MobileBuiltInKeywords.groovy:78)
	at com.kms.katalon.core.mobile.keyword.MobileBuiltInKeywords$startApplication.call(Unknown Source)
	at 13-Supprimer un colis du panier ( MSR-295).run(13-Supprimer un colis du panier ( MSR-295):20)
	at com.kms.katalon.core.main.ScriptEngine.run(ScriptEngine.java:194)
	at com.kms.katalon.core.main.ScriptEngine.runScriptAsRawText(ScriptEngine.java:119)
	at com.kms.katalon.core.main.TestCaseExecutor.runScript(TestCaseExecutor.java:448)
	at com.kms.katalon.core.main.TestCaseExecutor.doExecute(TestCaseExecutor.java:439)
	at com.kms.katalon.core.main.TestCaseExecutor.processExecutionPhase(TestCaseExecutor.java:418)
	at com.kms.katalon.core.main.TestCaseExecutor.accessMainPhase(TestCaseExecutor.java:410)
	at com.kms.katalon.core.main.TestCaseExecutor.execute(TestCaseExecutor.java:285)
	at com.kms.katalon.core.common.CommonExecutor.accessTestCaseMainPhase(CommonExecutor.java:65)
	at com.kms.katalon.core.main.TestSuiteExecutor.accessTestSuiteMainPhase(TestSuiteExecutor.java:151)
	at com.kms.katalon.core.main.TestSuiteExecutor.execute(TestSuiteExecutor.java:106)
	at com.kms.katalon.core.main.TestCaseMain.startTestSuite(TestCaseMain.java:185)
	at com.kms.katalon.core.main.TestCaseMain$startTestSuite$0.call(Unknown Source)
	at TempTestSuite1669107651687.run(TempTestSuite1669107651687.groovy:36)
Caused by: java.io.IOException: GetExitCodeProcess error=6, Descripteur non valide
	at com.kms.katalon.core.appium.driver.AppiumDriverManager.isAppiumServerStarted(AppiumDriverManager.java:194)
	at com.kms.katalon.core.appium.driver.AppiumDriverManager.startAppiumServerJS(AppiumDriverManager.java:258)
	at com.kms.katalon.core.appium.driver.AppiumDriverManager.startAppiumServerJS(AppiumDriverManager.java:412)
	at com.kms.katalon.core.appium.driver.AppiumDriverManager.ensureServicesStarted(AppiumDriverManager.java:244)
	at com.kms.katalon.core.appium.driver.AppiumDriverManager.createMobileDriver(AppiumDriverManager.java:478)
	at com.kms.katalon.core.mobile.keyword.internal.MobileDriverFactory.startLocalMobileDriver(MobileDriverFactory.java:539)
	at com.kms.katalon.core.mobile.keyword.internal.MobileDriverFactory.startMobileDriver(MobileDriverFactory.java:452)
	at com.kms.katalon.core.mobile.keyword.builtin.StartApplicationKeyword$_startApplication_closure1.doCall(StartApplicationKeyword.groovy:49)
	at com.kms.katalon.core.mobile.keyword.builtin.StartApplicationKeyword$_startApplication_closure1.call(StartApplicationKeyword.groovy)
	at com.kms.katalon.core.mobile.keyword.internal.MobileKeywordMain.runKeyword(MobileKeywordMain.groovy:21)
	... 19 more


2022-11-22 10:10:06 - [TEST_STEP][FAILED] - startApplication("C:\Users\Ousseynou Diop\Desktop\APK Client\app-debug.apk", true): Unable to start app at: 'C:\Users\Ousseynou Diop\Desktop\APK Client\app-debug.apk' (Root cause: java.io.IOException: GetExitCodeProcess error=6, Descripteur non valide
	at com.kms.katalon.core.appium.driver.AppiumDriverManager.isAppiumServerStarted(AppiumDriverManager.java:194)
	at com.kms.katalon.core.appium.driver.AppiumDriverManager.startAppiumServerJS(AppiumDriverManager.java:258)
	at com.kms.katalon.core.appium.driver.AppiumDriverManager.startAppiumServerJS(AppiumDriverManager.java:412)
	at com.kms.katalon.core.appium.driver.AppiumDriverManager.ensureServicesStarted(AppiumDriverManager.java:244)
	at com.kms.katalon.core.appium.driver.AppiumDriverManager.createMobileDriver(AppiumDriverManager.java:478)
	at com.kms.katalon.core.mobile.keyword.internal.MobileDriverFactory.startLocalMobileDriver(MobileDriverFactory.java:539)
	at com.kms.katalon.core.mobile.keyword.internal.MobileDriverFactory.startMobileDriver(MobileDriverFactory.java:452)
	at com.kms.katalon.core.mobile.keyword.builtin.StartApplicationKeyword$_startApplication_closure1.doCall(StartApplicationKeyword.groovy:49)
	at com.kms.katalon.core.mobile.keyword.builtin.StartApplicationKeyword$_startApplication_closure1.call(StartApplicationKeyword.groovy)
	at com.kms.katalon.core.mobile.keyword.internal.MobileKeywordMain.runKeyword(MobileKeywordMain.groovy:21)
	at com.kms.katalon.core.mobile.keyword.builtin.StartApplicationKeyword.startApplication(StartApplicationKeyword.groovy:51)
	at com.kms.katalon.core.mobile.keyword.builtin.StartApplicationKeyword.execute(StartApplicationKeyword.groovy:40)
	at com.kms.katalon.core.keyword.internal.KeywordExecutor.executeKeywordForPlatform(KeywordExecutor.groovy:74)
	at com.kms.katalon.core.mobile.keyword.MobileBuiltInKeywords.startApplication(MobileBuiltInKeywords.groovy:78)
	at com.kms.katalon.core.mobile.keyword.MobileBuiltInKeywords$startApplication.call(Unknown Source)
	at 13-Supprimer un colis du panier ( MSR-295).run(13-Supprimer un colis du panier ( MSR-295):20)
	at com.kms.katalon.core.main.ScriptEngine.run(ScriptEngine.java:194)
	at com.kms.katalon.core.main.ScriptEngine.runScriptAsRawText(ScriptEngine.java:119)
	at com.kms.katalon.core.main.TestCaseExecutor.runScript(TestCaseExecutor.java:448)
	at com.kms.katalon.core.main.TestCaseExecutor.doExecute(TestCaseExecutor.java:439)
	at com.kms.katalon.core.main.TestCaseExecutor.processExecutionPhase(TestCaseExecutor.java:418)
	at com.kms.katalon.core.main.TestCaseExecutor.accessMainPhase(TestCaseExecutor.java:410)
	at com.kms.katalon.core.main.TestCaseExecutor.execute(TestCaseExecutor.java:285)
	at com.kms.katalon.core.common.CommonExecutor.accessTestCaseMainPhase(CommonExecutor.java:65)
	at com.kms.katalon.core.main.TestSuiteExecutor.accessTestSuiteMainPhase(TestSuiteExecutor.java:151)
	at com.kms.katalon.core.main.TestSuiteExecutor.execute(TestSuiteExecutor.java:106)
	at com.kms.katalon.core.main.TestCaseMain.startTestSuite(TestCaseMain.java:185)
	at com.kms.katalon.core.main.TestCaseMain$startTestSuite$0.call(Unknown Source)
	at TempTestSuite1669107651687.run(TempTestSuite1669107651687.groovy:36)
)

2022-11-22 10:10:06 - [MESSAGE][FAILED] - Unable to start app at: 'C:\Users\Ousseynou Diop\Desktop\APK Client\app-debug.apk' (Root cause: java.io.IOException: GetExitCodeProcess error=6, Descripteur non valide
	at com.kms.katalon.core.appium.driver.AppiumDriverManager.isAppiumServerStarted(AppiumDriverManager.java:194)
	at com.kms.katalon.core.appium.driver.AppiumDriverManager.startAppiumServerJS(AppiumDriverManager.java:258)
	at com.kms.katalon.core.appium.driver.AppiumDriverManager.startAppiumServerJS(AppiumDriverManager.java:412)
	at com.kms.katalon.core.appium.driver.AppiumDriverManager.ensureServicesStarted(AppiumDriverManager.java:244)
	at com.kms.katalon.core.appium.driver.AppiumDriverManager.createMobileDriver(AppiumDriverManager.java:478)
	at com.kms.katalon.core.mobile.keyword.internal.MobileDriverFactory.startLocalMobileDriver(MobileDriverFactory.java:539)
	at com.kms.katalon.core.mobile.keyword.internal.MobileDriverFactory.startMobileDriver(MobileDriverFactory.java:452)
	at com.kms.katalon.core.mobile.keyword.builtin.StartApplicationKeyword$_startApplication_closure1.doCall(StartApplicationKeyword.groovy:49)
	at com.kms.katalon.core.mobile.keyword.builtin.StartApplicationKeyword$_startApplication_closure1.call(StartApplicationKeyword.groovy)
	at com.kms.katalon.core.mobile.keyword.internal.MobileKeywordMain.runKeyword(MobileKeywordMain.groovy:21)
	at com.kms.katalon.core.mobile.keyword.builtin.StartApplicationKeyword.startApplication(StartApplicationKeyword.groovy:51)
	at com.kms.katalon.core.mobile.keyword.builtin.StartApplicationKeyword.execute(StartApplicationKeyword.groovy:40)
	at com.kms.katalon.core.keyword.internal.KeywordExecutor.executeKeywordForPlatform(KeywordExecutor.groovy:74)
	at com.kms.katalon.core.mobile.keyword.MobileBuiltInKeywords.startApplication(MobileBuiltInKeywords.groovy:78)
	at com.kms.katalon.core.mobile.keyword.MobileBuiltInKeywords$startApplication.call(Unknown Source)
	at 13-Supprimer un colis du panier ( MSR-295).run(13-Supprimer un colis du panier ( MSR-295):20)
	at com.kms.katalon.core.main.ScriptEngine.run(ScriptEngine.java:194)
	at com.kms.katalon.core.main.ScriptEngine.runScriptAsRawText(ScriptEngine.java:119)
	at com.kms.katalon.core.main.TestCaseExecutor.runScript(TestCaseExecutor.java:448)
	at com.kms.katalon.core.main.TestCaseExecutor.doExecute(TestCaseExecutor.java:439)
	at com.kms.katalon.core.main.TestCaseExecutor.processExecutionPhase(TestCaseExecutor.java:418)
	at com.kms.katalon.core.main.TestCaseExecutor.accessMainPhase(TestCaseExecutor.java:410)
	at com.kms.katalon.core.main.TestCaseExecutor.execute(TestCaseExecutor.java:285)
	at com.kms.katalon.core.common.CommonExecutor.accessTestCaseMainPhase(CommonExecutor.java:65)
	at com.kms.katalon.core.main.TestSuiteExecutor.accessTestSuiteMainPhase(TestSuiteExecutor.java:151)
	at com.kms.katalon.core.main.TestSuiteExecutor.execute(TestSuiteExecutor.java:106)
	at com.kms.katalon.core.main.TestCaseMain.startTestSuite(TestCaseMain.java:185)
	at com.kms.katalon.core.main.TestCaseMain$startTestSuite$0.call(Unknown Source)
	at TempTestSuite1669107651687.run(TempTestSuite1669107651687.groovy:36)
)]]></system-out>
         <system-err><![CDATA[2022-11-22 10:10:05 - [TEST_CASE][FAILED] - Test Cases/Cas de test passant/13-Supprimer un colis du panier ( MSR-295): Test Cases/Cas de test passant/13-Supprimer un colis du panier ( MSR-295) FAILED.
Reason:
com.kms.katalon.core.exception.StepFailedException: Unable to start app at: 'C:\Users\Ousseynou Diop\Desktop\APK Client\app-debug.apk' (Root cause: java.io.IOException: GetExitCodeProcess error=6, Descripteur non valide
	at com.kms.katalon.core.appium.driver.AppiumDriverManager.isAppiumServerStarted(AppiumDriverManager.java:194)
	at com.kms.katalon.core.appium.driver.AppiumDriverManager.startAppiumServerJS(AppiumDriverManager.java:258)
	at com.kms.katalon.core.appium.driver.AppiumDriverManager.startAppiumServerJS(AppiumDriverManager.java:412)
	at com.kms.katalon.core.appium.driver.AppiumDriverManager.ensureServicesStarted(AppiumDriverManager.java:244)
	at com.kms.katalon.core.appium.driver.AppiumDriverManager.createMobileDriver(AppiumDriverManager.java:478)
	at com.kms.katalon.core.mobile.keyword.internal.MobileDriverFactory.startLocalMobileDriver(MobileDriverFactory.java:539)
	at com.kms.katalon.core.mobile.keyword.internal.MobileDriverFactory.startMobileDriver(MobileDriverFactory.java:452)
	at com.kms.katalon.core.mobile.keyword.builtin.StartApplicationKeyword$_startApplication_closure1.doCall(StartApplicationKeyword.groovy:49)
	at com.kms.katalon.core.mobile.keyword.builtin.StartApplicationKeyword$_startApplication_closure1.call(StartApplicationKeyword.groovy)
	at com.kms.katalon.core.mobile.keyword.internal.MobileKeywordMain.runKeyword(MobileKeywordMain.groovy:21)
	at com.kms.katalon.core.mobile.keyword.builtin.StartApplicationKeyword.startApplication(StartApplicationKeyword.groovy:51)
	at com.kms.katalon.core.mobile.keyword.builtin.StartApplicationKeyword.execute(StartApplicationKeyword.groovy:40)
	at com.kms.katalon.core.keyword.internal.KeywordExecutor.executeKeywordForPlatform(KeywordExecutor.groovy:74)
	at com.kms.katalon.core.mobile.keyword.MobileBuiltInKeywords.startApplication(MobileBuiltInKeywords.groovy:78)
	at com.kms.katalon.core.mobile.keyword.MobileBuiltInKeywords$startApplication.call(Unknown Source)
	at 13-Supprimer un colis du panier ( MSR-295).run(13-Supprimer un colis du panier ( MSR-295):20)
	at com.kms.katalon.core.main.ScriptEngine.run(ScriptEngine.java:194)
	at com.kms.katalon.core.main.ScriptEngine.runScriptAsRawText(ScriptEngine.java:119)
	at com.kms.katalon.core.main.TestCaseExecutor.runScript(TestCaseExecutor.java:448)
	at com.kms.katalon.core.main.TestCaseExecutor.doExecute(TestCaseExecutor.java:439)
	at com.kms.katalon.core.main.TestCaseExecutor.processExecutionPhase(TestCaseExecutor.java:418)
	at com.kms.katalon.core.main.TestCaseExecutor.accessMainPhase(TestCaseExecutor.java:410)
	at com.kms.katalon.core.main.TestCaseExecutor.execute(TestCaseExecutor.java:285)
	at com.kms.katalon.core.common.CommonExecutor.accessTestCaseMainPhase(CommonExecutor.java:65)
	at com.kms.katalon.core.main.TestSuiteExecutor.accessTestSuiteMainPhase(TestSuiteExecutor.java:151)
	at com.kms.katalon.core.main.TestSuiteExecutor.execute(TestSuiteExecutor.java:106)
	at com.kms.katalon.core.main.TestCaseMain.startTestSuite(TestCaseMain.java:185)
	at com.kms.katalon.core.main.TestCaseMain$startTestSuite$0.call(Unknown Source)
	at TempTestSuite1669107651687.run(TempTestSuite1669107651687.groovy:36)
)
	at com.kms.katalon.core.keyword.internal.KeywordMain.stepFailed(KeywordMain.groovy:50)
	at com.kms.katalon.core.mobile.keyword.internal.MobileKeywordMain.stepFailed(MobileKeywordMain.groovy:40)
	at com.kms.katalon.core.mobile.keyword.internal.MobileKeywordMain.runKeyword(MobileKeywordMain.groovy:23)
	at com.kms.katalon.core.mobile.keyword.builtin.StartApplicationKeyword.startApplication(StartApplicationKeyword.groovy:51)
	at com.kms.katalon.core.mobile.keyword.builtin.StartApplicationKeyword.execute(StartApplicationKeyword.groovy:40)
	at com.kms.katalon.core.keyword.internal.KeywordExecutor.executeKeywordForPlatform(KeywordExecutor.groovy:74)
	at com.kms.katalon.core.mobile.keyword.MobileBuiltInKeywords.startApplication(MobileBuiltInKeywords.groovy:78)
	at com.kms.katalon.core.mobile.keyword.MobileBuiltInKeywords$startApplication.call(Unknown Source)
	at 13-Supprimer un colis du panier ( MSR-295).run(13-Supprimer un colis du panier ( MSR-295):20)
	at com.kms.katalon.core.main.ScriptEngine.run(ScriptEngine.java:194)
	at com.kms.katalon.core.main.ScriptEngine.runScriptAsRawText(ScriptEngine.java:119)
	at com.kms.katalon.core.main.TestCaseExecutor.runScript(TestCaseExecutor.java:448)
	at com.kms.katalon.core.main.TestCaseExecutor.doExecute(TestCaseExecutor.java:439)
	at com.kms.katalon.core.main.TestCaseExecutor.processExecutionPhase(TestCaseExecutor.java:418)
	at com.kms.katalon.core.main.TestCaseExecutor.accessMainPhase(TestCaseExecutor.java:410)
	at com.kms.katalon.core.main.TestCaseExecutor.execute(TestCaseExecutor.java:285)
	at com.kms.katalon.core.common.CommonExecutor.accessTestCaseMainPhase(CommonExecutor.java:65)
	at com.kms.katalon.core.main.TestSuiteExecutor.accessTestSuiteMainPhase(TestSuiteExecutor.java:151)
	at com.kms.katalon.core.main.TestSuiteExecutor.execute(TestSuiteExecutor.java:106)
	at com.kms.katalon.core.main.TestCaseMain.startTestSuite(TestCaseMain.java:185)
	at com.kms.katalon.core.main.TestCaseMain$startTestSuite$0.call(Unknown Source)
	at TempTestSuite1669107651687.run(TempTestSuite1669107651687.groovy:36)
Caused by: java.io.IOException: GetExitCodeProcess error=6, Descripteur non valide
	at com.kms.katalon.core.appium.driver.AppiumDriverManager.isAppiumServerStarted(AppiumDriverManager.java:194)
	at com.kms.katalon.core.appium.driver.AppiumDriverManager.startAppiumServerJS(AppiumDriverManager.java:258)
	at com.kms.katalon.core.appium.driver.AppiumDriverManager.startAppiumServerJS(AppiumDriverManager.java:412)
	at com.kms.katalon.core.appium.driver.AppiumDriverManager.ensureServicesStarted(AppiumDriverManager.java:244)
	at com.kms.katalon.core.appium.driver.AppiumDriverManager.createMobileDriver(AppiumDriverManager.java:478)
	at com.kms.katalon.core.mobile.keyword.internal.MobileDriverFactory.startLocalMobileDriver(MobileDriverFactory.java:539)
	at com.kms.katalon.core.mobile.keyword.internal.MobileDriverFactory.startMobileDriver(MobileDriverFactory.java:452)
	at com.kms.katalon.core.mobile.keyword.builtin.StartApplicationKeyword$_startApplication_closure1.doCall(StartApplicationKeyword.groovy:49)
	at com.kms.katalon.core.mobile.keyword.builtin.StartApplicationKeyword$_startApplication_closure1.call(StartApplicationKeyword.groovy)
	at com.kms.katalon.core.mobile.keyword.internal.MobileKeywordMain.runKeyword(MobileKeywordMain.groovy:21)
	... 19 more]]></system-err>
      </testcase>
      <testcase name="Test Cases/Cas de test passant/14-Valider mon panier (MSR-295)" time="0.28" classname="Test Cases/Cas de test passant/14-Valider mon panier (MSR-295)" status="FAILED">
         <failure type="FAILED" message="Test Cases/Cas de test passant/14-Valider mon panier (MSR-295) FAILED.
Reason:
com.kms.katalon.core.exception.StepFailedException: Unable to start app at: 'C:\Users\Ousseynou Diop\Desktop\APK Client\app-debug.apk' (Root cause: java.io.IOException: GetExitCodeProcess error=6, Descripteur non valide
	at com.kms.katalon.core.appium.driver.AppiumDriverManager.isAppiumServerStarted(AppiumDriverManager.java:194)
	at com.kms.katalon.core.appium.driver.AppiumDriverManager.startAppiumServerJS(AppiumDriverManager.java:258)
	at com.kms.katalon.core.appium.driver.AppiumDriverManager.startAppiumServerJS(AppiumDriverManager.java:412)
	at com.kms.katalon.core.appium.driver.AppiumDriverManager.ensureServicesStarted(AppiumDriverManager.java:244)
	at com.kms.katalon.core.appium.driver.AppiumDriverManager.createMobileDriver(AppiumDriverManager.java:478)
	at com.kms.katalon.core.mobile.keyword.internal.MobileDriverFactory.startLocalMobileDriver(MobileDriverFactory.java:539)
	at com.kms.katalon.core.mobile.keyword.internal.MobileDriverFactory.startMobileDriver(MobileDriverFactory.java:452)
	at com.kms.katalon.core.mobile.keyword.builtin.StartApplicationKeyword$_startApplication_closure1.doCall(StartApplicationKeyword.groovy:49)
	at com.kms.katalon.core.mobile.keyword.builtin.StartApplicationKeyword$_startApplication_closure1.call(StartApplicationKeyword.groovy)
	at com.kms.katalon.core.mobile.keyword.internal.MobileKeywordMain.runKeyword(MobileKeywordMain.groovy:21)
	at com.kms.katalon.core.mobile.keyword.builtin.StartApplicationKeyword.startApplication(StartApplicationKeyword.groovy:51)
	at com.kms.katalon.core.mobile.keyword.builtin.StartApplicationKeyword.execute(StartApplicationKeyword.groovy:40)
	at com.kms.katalon.core.keyword.internal.KeywordExecutor.executeKeywordForPlatform(KeywordExecutor.groovy:74)
	at com.kms.katalon.core.mobile.keyword.MobileBuiltInKeywords.startApplication(MobileBuiltInKeywords.groovy:78)
	at com.kms.katalon.core.mobile.keyword.MobileBuiltInKeywords$startApplication.call(Unknown Source)
	at 14-Valider mon panier (MSR-295).run(14-Valider mon panier (MSR-295):20)
	at com.kms.katalon.core.main.ScriptEngine.run(ScriptEngine.java:194)
	at com.kms.katalon.core.main.ScriptEngine.runScriptAsRawText(ScriptEngine.java:119)
	at com.kms.katalon.core.main.TestCaseExecutor.runScript(TestCaseExecutor.java:448)
	at com.kms.katalon.core.main.TestCaseExecutor.doExecute(TestCaseExecutor.java:439)
	at com.kms.katalon.core.main.TestCaseExecutor.processExecutionPhase(TestCaseExecutor.java:418)
	at com.kms.katalon.core.main.TestCaseExecutor.accessMainPhase(TestCaseExecutor.java:410)
	at com.kms.katalon.core.main.TestCaseExecutor.execute(TestCaseExecutor.java:285)
	at com.kms.katalon.core.common.CommonExecutor.accessTestCaseMainPhase(CommonExecutor.java:65)
	at com.kms.katalon.core.main.TestSuiteExecutor.accessTestSuiteMainPhase(TestSuiteExecutor.java:151)
	at com.kms.katalon.core.main.TestSuiteExecutor.execute(TestSuiteExecutor.java:106)
	at com.kms.katalon.core.main.TestCaseMain.startTestSuite(TestCaseMain.java:185)
	at com.kms.katalon.core.main.TestCaseMain$startTestSuite$0.call(Unknown Source)
	at TempTestSuite1669107651687.run(TempTestSuite1669107651687.groovy:36)
)
	at com.kms.katalon.core.keyword.internal.KeywordMain.stepFailed(KeywordMain.groovy:50)
	at com.kms.katalon.core.mobile.keyword.internal.MobileKeywordMain.stepFailed(MobileKeywordMain.groovy:40)
	at com.kms.katalon.core.mobile.keyword.internal.MobileKeywordMain.runKeyword(MobileKeywordMain.groovy:23)
	at com.kms.katalon.core.mobile.keyword.builtin.StartApplicationKeyword.startApplication(StartApplicationKeyword.groovy:51)
	at com.kms.katalon.core.mobile.keyword.builtin.StartApplicationKeyword.execute(StartApplicationKeyword.groovy:40)
	at com.kms.katalon.core.keyword.internal.KeywordExecutor.executeKeywordForPlatform(KeywordExecutor.groovy:74)
	at com.kms.katalon.core.mobile.keyword.MobileBuiltInKeywords.startApplication(MobileBuiltInKeywords.groovy:78)
	at com.kms.katalon.core.mobile.keyword.MobileBuiltInKeywords$startApplication.call(Unknown Source)
	at 14-Valider mon panier (MSR-295).run(14-Valider mon panier (MSR-295):20)
	at com.kms.katalon.core.main.ScriptEngine.run(ScriptEngine.java:194)
	at com.kms.katalon.core.main.ScriptEngine.runScriptAsRawText(ScriptEngine.java:119)
	at com.kms.katalon.core.main.TestCaseExecutor.runScript(TestCaseExecutor.java:448)
	at com.kms.katalon.core.main.TestCaseExecutor.doExecute(TestCaseExecutor.java:439)
	at com.kms.katalon.core.main.TestCaseExecutor.processExecutionPhase(TestCaseExecutor.java:418)
	at com.kms.katalon.core.main.TestCaseExecutor.accessMainPhase(TestCaseExecutor.java:410)
	at com.kms.katalon.core.main.TestCaseExecutor.execute(TestCaseExecutor.java:285)
	at com.kms.katalon.core.common.CommonExecutor.accessTestCaseMainPhase(CommonExecutor.java:65)
	at com.kms.katalon.core.main.TestSuiteExecutor.accessTestSuiteMainPhase(TestSuiteExecutor.java:151)
	at com.kms.katalon.core.main.TestSuiteExecutor.execute(TestSuiteExecutor.java:106)
	at com.kms.katalon.core.main.TestCaseMain.startTestSuite(TestCaseMain.java:185)
	at com.kms.katalon.core.main.TestCaseMain$startTestSuite$0.call(Unknown Source)
	at TempTestSuite1669107651687.run(TempTestSuite1669107651687.groovy:36)
Caused by: java.io.IOException: GetExitCodeProcess error=6, Descripteur non valide
	at com.kms.katalon.core.appium.driver.AppiumDriverManager.isAppiumServerStarted(AppiumDriverManager.java:194)
	at com.kms.katalon.core.appium.driver.AppiumDriverManager.startAppiumServerJS(AppiumDriverManager.java:258)
	at com.kms.katalon.core.appium.driver.AppiumDriverManager.startAppiumServerJS(AppiumDriverManager.java:412)
	at com.kms.katalon.core.appium.driver.AppiumDriverManager.ensureServicesStarted(AppiumDriverManager.java:244)
	at com.kms.katalon.core.appium.driver.AppiumDriverManager.createMobileDriver(AppiumDriverManager.java:478)
	at com.kms.katalon.core.mobile.keyword.internal.MobileDriverFactory.startLocalMobileDriver(MobileDriverFactory.java:539)
	at com.kms.katalon.core.mobile.keyword.internal.MobileDriverFactory.startMobileDriver(MobileDriverFactory.java:452)
	at com.kms.katalon.core.mobile.keyword.builtin.StartApplicationKeyword$_startApplication_closure1.doCall(StartApplicationKeyword.groovy:49)
	at com.kms.katalon.core.mobile.keyword.builtin.StartApplicationKeyword$_startApplication_closure1.call(StartApplicationKeyword.groovy)
	at com.kms.katalon.core.mobile.keyword.internal.MobileKeywordMain.runKeyword(MobileKeywordMain.groovy:21)
	... 19 more
"/>
         <system-out><![CDATA[2022-11-22 10:10:06 - [TEST_CASE][FAILED] - Test Cases/Cas de test passant/14-Valider mon panier (MSR-295): Test Cases/Cas de test passant/14-Valider mon panier (MSR-295) FAILED.
Reason:
com.kms.katalon.core.exception.StepFailedException: Unable to start app at: 'C:\Users\Ousseynou Diop\Desktop\APK Client\app-debug.apk' (Root cause: java.io.IOException: GetExitCodeProcess error=6, Descripteur non valide
	at com.kms.katalon.core.appium.driver.AppiumDriverManager.isAppiumServerStarted(AppiumDriverManager.java:194)
	at com.kms.katalon.core.appium.driver.AppiumDriverManager.startAppiumServerJS(AppiumDriverManager.java:258)
	at com.kms.katalon.core.appium.driver.AppiumDriverManager.startAppiumServerJS(AppiumDriverManager.java:412)
	at com.kms.katalon.core.appium.driver.AppiumDriverManager.ensureServicesStarted(AppiumDriverManager.java:244)
	at com.kms.katalon.core.appium.driver.AppiumDriverManager.createMobileDriver(AppiumDriverManager.java:478)
	at com.kms.katalon.core.mobile.keyword.internal.MobileDriverFactory.startLocalMobileDriver(MobileDriverFactory.java:539)
	at com.kms.katalon.core.mobile.keyword.internal.MobileDriverFactory.startMobileDriver(MobileDriverFactory.java:452)
	at com.kms.katalon.core.mobile.keyword.builtin.StartApplicationKeyword$_startApplication_closure1.doCall(StartApplicationKeyword.groovy:49)
	at com.kms.katalon.core.mobile.keyword.builtin.StartApplicationKeyword$_startApplication_closure1.call(StartApplicationKeyword.groovy)
	at com.kms.katalon.core.mobile.keyword.internal.MobileKeywordMain.runKeyword(MobileKeywordMain.groovy:21)
	at com.kms.katalon.core.mobile.keyword.builtin.StartApplicationKeyword.startApplication(StartApplicationKeyword.groovy:51)
	at com.kms.katalon.core.mobile.keyword.builtin.StartApplicationKeyword.execute(StartApplicationKeyword.groovy:40)
	at com.kms.katalon.core.keyword.internal.KeywordExecutor.executeKeywordForPlatform(KeywordExecutor.groovy:74)
	at com.kms.katalon.core.mobile.keyword.MobileBuiltInKeywords.startApplication(MobileBuiltInKeywords.groovy:78)
	at com.kms.katalon.core.mobile.keyword.MobileBuiltInKeywords$startApplication.call(Unknown Source)
	at 14-Valider mon panier (MSR-295).run(14-Valider mon panier (MSR-295):20)
	at com.kms.katalon.core.main.ScriptEngine.run(ScriptEngine.java:194)
	at com.kms.katalon.core.main.ScriptEngine.runScriptAsRawText(ScriptEngine.java:119)
	at com.kms.katalon.core.main.TestCaseExecutor.runScript(TestCaseExecutor.java:448)
	at com.kms.katalon.core.main.TestCaseExecutor.doExecute(TestCaseExecutor.java:439)
	at com.kms.katalon.core.main.TestCaseExecutor.processExecutionPhase(TestCaseExecutor.java:418)
	at com.kms.katalon.core.main.TestCaseExecutor.accessMainPhase(TestCaseExecutor.java:410)
	at com.kms.katalon.core.main.TestCaseExecutor.execute(TestCaseExecutor.java:285)
	at com.kms.katalon.core.common.CommonExecutor.accessTestCaseMainPhase(CommonExecutor.java:65)
	at com.kms.katalon.core.main.TestSuiteExecutor.accessTestSuiteMainPhase(TestSuiteExecutor.java:151)
	at com.kms.katalon.core.main.TestSuiteExecutor.execute(TestSuiteExecutor.java:106)
	at com.kms.katalon.core.main.TestCaseMain.startTestSuite(TestCaseMain.java:185)
	at com.kms.katalon.core.main.TestCaseMain$startTestSuite$0.call(Unknown Source)
	at TempTestSuite1669107651687.run(TempTestSuite1669107651687.groovy:36)
)
	at com.kms.katalon.core.keyword.internal.KeywordMain.stepFailed(KeywordMain.groovy:50)
	at com.kms.katalon.core.mobile.keyword.internal.MobileKeywordMain.stepFailed(MobileKeywordMain.groovy:40)
	at com.kms.katalon.core.mobile.keyword.internal.MobileKeywordMain.runKeyword(MobileKeywordMain.groovy:23)
	at com.kms.katalon.core.mobile.keyword.builtin.StartApplicationKeyword.startApplication(StartApplicationKeyword.groovy:51)
	at com.kms.katalon.core.mobile.keyword.builtin.StartApplicationKeyword.execute(StartApplicationKeyword.groovy:40)
	at com.kms.katalon.core.keyword.internal.KeywordExecutor.executeKeywordForPlatform(KeywordExecutor.groovy:74)
	at com.kms.katalon.core.mobile.keyword.MobileBuiltInKeywords.startApplication(MobileBuiltInKeywords.groovy:78)
	at com.kms.katalon.core.mobile.keyword.MobileBuiltInKeywords$startApplication.call(Unknown Source)
	at 14-Valider mon panier (MSR-295).run(14-Valider mon panier (MSR-295):20)
	at com.kms.katalon.core.main.ScriptEngine.run(ScriptEngine.java:194)
	at com.kms.katalon.core.main.ScriptEngine.runScriptAsRawText(ScriptEngine.java:119)
	at com.kms.katalon.core.main.TestCaseExecutor.runScript(TestCaseExecutor.java:448)
	at com.kms.katalon.core.main.TestCaseExecutor.doExecute(TestCaseExecutor.java:439)
	at com.kms.katalon.core.main.TestCaseExecutor.processExecutionPhase(TestCaseExecutor.java:418)
	at com.kms.katalon.core.main.TestCaseExecutor.accessMainPhase(TestCaseExecutor.java:410)
	at com.kms.katalon.core.main.TestCaseExecutor.execute(TestCaseExecutor.java:285)
	at com.kms.katalon.core.common.CommonExecutor.accessTestCaseMainPhase(CommonExecutor.java:65)
	at com.kms.katalon.core.main.TestSuiteExecutor.accessTestSuiteMainPhase(TestSuiteExecutor.java:151)
	at com.kms.katalon.core.main.TestSuiteExecutor.execute(TestSuiteExecutor.java:106)
	at com.kms.katalon.core.main.TestCaseMain.startTestSuite(TestCaseMain.java:185)
	at com.kms.katalon.core.main.TestCaseMain$startTestSuite$0.call(Unknown Source)
	at TempTestSuite1669107651687.run(TempTestSuite1669107651687.groovy:36)
Caused by: java.io.IOException: GetExitCodeProcess error=6, Descripteur non valide
	at com.kms.katalon.core.appium.driver.AppiumDriverManager.isAppiumServerStarted(AppiumDriverManager.java:194)
	at com.kms.katalon.core.appium.driver.AppiumDriverManager.startAppiumServerJS(AppiumDriverManager.java:258)
	at com.kms.katalon.core.appium.driver.AppiumDriverManager.startAppiumServerJS(AppiumDriverManager.java:412)
	at com.kms.katalon.core.appium.driver.AppiumDriverManager.ensureServicesStarted(AppiumDriverManager.java:244)
	at com.kms.katalon.core.appium.driver.AppiumDriverManager.createMobileDriver(AppiumDriverManager.java:478)
	at com.kms.katalon.core.mobile.keyword.internal.MobileDriverFactory.startLocalMobileDriver(MobileDriverFactory.java:539)
	at com.kms.katalon.core.mobile.keyword.internal.MobileDriverFactory.startMobileDriver(MobileDriverFactory.java:452)
	at com.kms.katalon.core.mobile.keyword.builtin.StartApplicationKeyword$_startApplication_closure1.doCall(StartApplicationKeyword.groovy:49)
	at com.kms.katalon.core.mobile.keyword.builtin.StartApplicationKeyword$_startApplication_closure1.call(StartApplicationKeyword.groovy)
	at com.kms.katalon.core.mobile.keyword.internal.MobileKeywordMain.runKeyword(MobileKeywordMain.groovy:21)
	... 19 more


2022-11-22 10:10:06 - [TEST_STEP][FAILED] - startApplication("C:\Users\Ousseynou Diop\Desktop\APK Client\app-debug.apk", true): Unable to start app at: 'C:\Users\Ousseynou Diop\Desktop\APK Client\app-debug.apk' (Root cause: java.io.IOException: GetExitCodeProcess error=6, Descripteur non valide
	at com.kms.katalon.core.appium.driver.AppiumDriverManager.isAppiumServerStarted(AppiumDriverManager.java:194)
	at com.kms.katalon.core.appium.driver.AppiumDriverManager.startAppiumServerJS(AppiumDriverManager.java:258)
	at com.kms.katalon.core.appium.driver.AppiumDriverManager.startAppiumServerJS(AppiumDriverManager.java:412)
	at com.kms.katalon.core.appium.driver.AppiumDriverManager.ensureServicesStarted(AppiumDriverManager.java:244)
	at com.kms.katalon.core.appium.driver.AppiumDriverManager.createMobileDriver(AppiumDriverManager.java:478)
	at com.kms.katalon.core.mobile.keyword.internal.MobileDriverFactory.startLocalMobileDriver(MobileDriverFactory.java:539)
	at com.kms.katalon.core.mobile.keyword.internal.MobileDriverFactory.startMobileDriver(MobileDriverFactory.java:452)
	at com.kms.katalon.core.mobile.keyword.builtin.StartApplicationKeyword$_startApplication_closure1.doCall(StartApplicationKeyword.groovy:49)
	at com.kms.katalon.core.mobile.keyword.builtin.StartApplicationKeyword$_startApplication_closure1.call(StartApplicationKeyword.groovy)
	at com.kms.katalon.core.mobile.keyword.internal.MobileKeywordMain.runKeyword(MobileKeywordMain.groovy:21)
	at com.kms.katalon.core.mobile.keyword.builtin.StartApplicationKeyword.startApplication(StartApplicationKeyword.groovy:51)
	at com.kms.katalon.core.mobile.keyword.builtin.StartApplicationKeyword.execute(StartApplicationKeyword.groovy:40)
	at com.kms.katalon.core.keyword.internal.KeywordExecutor.executeKeywordForPlatform(KeywordExecutor.groovy:74)
	at com.kms.katalon.core.mobile.keyword.MobileBuiltInKeywords.startApplication(MobileBuiltInKeywords.groovy:78)
	at com.kms.katalon.core.mobile.keyword.MobileBuiltInKeywords$startApplication.call(Unknown Source)
	at 14-Valider mon panier (MSR-295).run(14-Valider mon panier (MSR-295):20)
	at com.kms.katalon.core.main.ScriptEngine.run(ScriptEngine.java:194)
	at com.kms.katalon.core.main.ScriptEngine.runScriptAsRawText(ScriptEngine.java:119)
	at com.kms.katalon.core.main.TestCaseExecutor.runScript(TestCaseExecutor.java:448)
	at com.kms.katalon.core.main.TestCaseExecutor.doExecute(TestCaseExecutor.java:439)
	at com.kms.katalon.core.main.TestCaseExecutor.processExecutionPhase(TestCaseExecutor.java:418)
	at com.kms.katalon.core.main.TestCaseExecutor.accessMainPhase(TestCaseExecutor.java:410)
	at com.kms.katalon.core.main.TestCaseExecutor.execute(TestCaseExecutor.java:285)
	at com.kms.katalon.core.common.CommonExecutor.accessTestCaseMainPhase(CommonExecutor.java:65)
	at com.kms.katalon.core.main.TestSuiteExecutor.accessTestSuiteMainPhase(TestSuiteExecutor.java:151)
	at com.kms.katalon.core.main.TestSuiteExecutor.execute(TestSuiteExecutor.java:106)
	at com.kms.katalon.core.main.TestCaseMain.startTestSuite(TestCaseMain.java:185)
	at com.kms.katalon.core.main.TestCaseMain$startTestSuite$0.call(Unknown Source)
	at TempTestSuite1669107651687.run(TempTestSuite1669107651687.groovy:36)
)

2022-11-22 10:10:06 - [MESSAGE][FAILED] - Unable to start app at: 'C:\Users\Ousseynou Diop\Desktop\APK Client\app-debug.apk' (Root cause: java.io.IOException: GetExitCodeProcess error=6, Descripteur non valide
	at com.kms.katalon.core.appium.driver.AppiumDriverManager.isAppiumServerStarted(AppiumDriverManager.java:194)
	at com.kms.katalon.core.appium.driver.AppiumDriverManager.startAppiumServerJS(AppiumDriverManager.java:258)
	at com.kms.katalon.core.appium.driver.AppiumDriverManager.startAppiumServerJS(AppiumDriverManager.java:412)
	at com.kms.katalon.core.appium.driver.AppiumDriverManager.ensureServicesStarted(AppiumDriverManager.java:244)
	at com.kms.katalon.core.appium.driver.AppiumDriverManager.createMobileDriver(AppiumDriverManager.java:478)
	at com.kms.katalon.core.mobile.keyword.internal.MobileDriverFactory.startLocalMobileDriver(MobileDriverFactory.java:539)
	at com.kms.katalon.core.mobile.keyword.internal.MobileDriverFactory.startMobileDriver(MobileDriverFactory.java:452)
	at com.kms.katalon.core.mobile.keyword.builtin.StartApplicationKeyword$_startApplication_closure1.doCall(StartApplicationKeyword.groovy:49)
	at com.kms.katalon.core.mobile.keyword.builtin.StartApplicationKeyword$_startApplication_closure1.call(StartApplicationKeyword.groovy)
	at com.kms.katalon.core.mobile.keyword.internal.MobileKeywordMain.runKeyword(MobileKeywordMain.groovy:21)
	at com.kms.katalon.core.mobile.keyword.builtin.StartApplicationKeyword.startApplication(StartApplicationKeyword.groovy:51)
	at com.kms.katalon.core.mobile.keyword.builtin.StartApplicationKeyword.execute(StartApplicationKeyword.groovy:40)
	at com.kms.katalon.core.keyword.internal.KeywordExecutor.executeKeywordForPlatform(KeywordExecutor.groovy:74)
	at com.kms.katalon.core.mobile.keyword.MobileBuiltInKeywords.startApplication(MobileBuiltInKeywords.groovy:78)
	at com.kms.katalon.core.mobile.keyword.MobileBuiltInKeywords$startApplication.call(Unknown Source)
	at 14-Valider mon panier (MSR-295).run(14-Valider mon panier (MSR-295):20)
	at com.kms.katalon.core.main.ScriptEngine.run(ScriptEngine.java:194)
	at com.kms.katalon.core.main.ScriptEngine.runScriptAsRawText(ScriptEngine.java:119)
	at com.kms.katalon.core.main.TestCaseExecutor.runScript(TestCaseExecutor.java:448)
	at com.kms.katalon.core.main.TestCaseExecutor.doExecute(TestCaseExecutor.java:439)
	at com.kms.katalon.core.main.TestCaseExecutor.processExecutionPhase(TestCaseExecutor.java:418)
	at com.kms.katalon.core.main.TestCaseExecutor.accessMainPhase(TestCaseExecutor.java:410)
	at com.kms.katalon.core.main.TestCaseExecutor.execute(TestCaseExecutor.java:285)
	at com.kms.katalon.core.common.CommonExecutor.accessTestCaseMainPhase(CommonExecutor.java:65)
	at com.kms.katalon.core.main.TestSuiteExecutor.accessTestSuiteMainPhase(TestSuiteExecutor.java:151)
	at com.kms.katalon.core.main.TestSuiteExecutor.execute(TestSuiteExecutor.java:106)
	at com.kms.katalon.core.main.TestCaseMain.startTestSuite(TestCaseMain.java:185)
	at com.kms.katalon.core.main.TestCaseMain$startTestSuite$0.call(Unknown Source)
	at TempTestSuite1669107651687.run(TempTestSuite1669107651687.groovy:36)
)]]></system-out>
         <system-err><![CDATA[2022-11-22 10:10:06 - [TEST_CASE][FAILED] - Test Cases/Cas de test passant/14-Valider mon panier (MSR-295): Test Cases/Cas de test passant/14-Valider mon panier (MSR-295) FAILED.
Reason:
com.kms.katalon.core.exception.StepFailedException: Unable to start app at: 'C:\Users\Ousseynou Diop\Desktop\APK Client\app-debug.apk' (Root cause: java.io.IOException: GetExitCodeProcess error=6, Descripteur non valide
	at com.kms.katalon.core.appium.driver.AppiumDriverManager.isAppiumServerStarted(AppiumDriverManager.java:194)
	at com.kms.katalon.core.appium.driver.AppiumDriverManager.startAppiumServerJS(AppiumDriverManager.java:258)
	at com.kms.katalon.core.appium.driver.AppiumDriverManager.startAppiumServerJS(AppiumDriverManager.java:412)
	at com.kms.katalon.core.appium.driver.AppiumDriverManager.ensureServicesStarted(AppiumDriverManager.java:244)
	at com.kms.katalon.core.appium.driver.AppiumDriverManager.createMobileDriver(AppiumDriverManager.java:478)
	at com.kms.katalon.core.mobile.keyword.internal.MobileDriverFactory.startLocalMobileDriver(MobileDriverFactory.java:539)
	at com.kms.katalon.core.mobile.keyword.internal.MobileDriverFactory.startMobileDriver(MobileDriverFactory.java:452)
	at com.kms.katalon.core.mobile.keyword.builtin.StartApplicationKeyword$_startApplication_closure1.doCall(StartApplicationKeyword.groovy:49)
	at com.kms.katalon.core.mobile.keyword.builtin.StartApplicationKeyword$_startApplication_closure1.call(StartApplicationKeyword.groovy)
	at com.kms.katalon.core.mobile.keyword.internal.MobileKeywordMain.runKeyword(MobileKeywordMain.groovy:21)
	at com.kms.katalon.core.mobile.keyword.builtin.StartApplicationKeyword.startApplication(StartApplicationKeyword.groovy:51)
	at com.kms.katalon.core.mobile.keyword.builtin.StartApplicationKeyword.execute(StartApplicationKeyword.groovy:40)
	at com.kms.katalon.core.keyword.internal.KeywordExecutor.executeKeywordForPlatform(KeywordExecutor.groovy:74)
	at com.kms.katalon.core.mobile.keyword.MobileBuiltInKeywords.startApplication(MobileBuiltInKeywords.groovy:78)
	at com.kms.katalon.core.mobile.keyword.MobileBuiltInKeywords$startApplication.call(Unknown Source)
	at 14-Valider mon panier (MSR-295).run(14-Valider mon panier (MSR-295):20)
	at com.kms.katalon.core.main.ScriptEngine.run(ScriptEngine.java:194)
	at com.kms.katalon.core.main.ScriptEngine.runScriptAsRawText(ScriptEngine.java:119)
	at com.kms.katalon.core.main.TestCaseExecutor.runScript(TestCaseExecutor.java:448)
	at com.kms.katalon.core.main.TestCaseExecutor.doExecute(TestCaseExecutor.java:439)
	at com.kms.katalon.core.main.TestCaseExecutor.processExecutionPhase(TestCaseExecutor.java:418)
	at com.kms.katalon.core.main.TestCaseExecutor.accessMainPhase(TestCaseExecutor.java:410)
	at com.kms.katalon.core.main.TestCaseExecutor.execute(TestCaseExecutor.java:285)
	at com.kms.katalon.core.common.CommonExecutor.accessTestCaseMainPhase(CommonExecutor.java:65)
	at com.kms.katalon.core.main.TestSuiteExecutor.accessTestSuiteMainPhase(TestSuiteExecutor.java:151)
	at com.kms.katalon.core.main.TestSuiteExecutor.execute(TestSuiteExecutor.java:106)
	at com.kms.katalon.core.main.TestCaseMain.startTestSuite(TestCaseMain.java:185)
	at com.kms.katalon.core.main.TestCaseMain$startTestSuite$0.call(Unknown Source)
	at TempTestSuite1669107651687.run(TempTestSuite1669107651687.groovy:36)
)
	at com.kms.katalon.core.keyword.internal.KeywordMain.stepFailed(KeywordMain.groovy:50)
	at com.kms.katalon.core.mobile.keyword.internal.MobileKeywordMain.stepFailed(MobileKeywordMain.groovy:40)
	at com.kms.katalon.core.mobile.keyword.internal.MobileKeywordMain.runKeyword(MobileKeywordMain.groovy:23)
	at com.kms.katalon.core.mobile.keyword.builtin.StartApplicationKeyword.startApplication(StartApplicationKeyword.groovy:51)
	at com.kms.katalon.core.mobile.keyword.builtin.StartApplicationKeyword.execute(StartApplicationKeyword.groovy:40)
	at com.kms.katalon.core.keyword.internal.KeywordExecutor.executeKeywordForPlatform(KeywordExecutor.groovy:74)
	at com.kms.katalon.core.mobile.keyword.MobileBuiltInKeywords.startApplication(MobileBuiltInKeywords.groovy:78)
	at com.kms.katalon.core.mobile.keyword.MobileBuiltInKeywords$startApplication.call(Unknown Source)
	at 14-Valider mon panier (MSR-295).run(14-Valider mon panier (MSR-295):20)
	at com.kms.katalon.core.main.ScriptEngine.run(ScriptEngine.java:194)
	at com.kms.katalon.core.main.ScriptEngine.runScriptAsRawText(ScriptEngine.java:119)
	at com.kms.katalon.core.main.TestCaseExecutor.runScript(TestCaseExecutor.java:448)
	at com.kms.katalon.core.main.TestCaseExecutor.doExecute(TestCaseExecutor.java:439)
	at com.kms.katalon.core.main.TestCaseExecutor.processExecutionPhase(TestCaseExecutor.java:418)
	at com.kms.katalon.core.main.TestCaseExecutor.accessMainPhase(TestCaseExecutor.java:410)
	at com.kms.katalon.core.main.TestCaseExecutor.execute(TestCaseExecutor.java:285)
	at com.kms.katalon.core.common.CommonExecutor.accessTestCaseMainPhase(CommonExecutor.java:65)
	at com.kms.katalon.core.main.TestSuiteExecutor.accessTestSuiteMainPhase(TestSuiteExecutor.java:151)
	at com.kms.katalon.core.main.TestSuiteExecutor.execute(TestSuiteExecutor.java:106)
	at com.kms.katalon.core.main.TestCaseMain.startTestSuite(TestCaseMain.java:185)
	at com.kms.katalon.core.main.TestCaseMain$startTestSuite$0.call(Unknown Source)
	at TempTestSuite1669107651687.run(TempTestSuite1669107651687.groovy:36)
Caused by: java.io.IOException: GetExitCodeProcess error=6, Descripteur non valide
	at com.kms.katalon.core.appium.driver.AppiumDriverManager.isAppiumServerStarted(AppiumDriverManager.java:194)
	at com.kms.katalon.core.appium.driver.AppiumDriverManager.startAppiumServerJS(AppiumDriverManager.java:258)
	at com.kms.katalon.core.appium.driver.AppiumDriverManager.startAppiumServerJS(AppiumDriverManager.java:412)
	at com.kms.katalon.core.appium.driver.AppiumDriverManager.ensureServicesStarted(AppiumDriverManager.java:244)
	at com.kms.katalon.core.appium.driver.AppiumDriverManager.createMobileDriver(AppiumDriverManager.java:478)
	at com.kms.katalon.core.mobile.keyword.internal.MobileDriverFactory.startLocalMobileDriver(MobileDriverFactory.java:539)
	at com.kms.katalon.core.mobile.keyword.internal.MobileDriverFactory.startMobileDriver(MobileDriverFactory.java:452)
	at com.kms.katalon.core.mobile.keyword.builtin.StartApplicationKeyword$_startApplication_closure1.doCall(StartApplicationKeyword.groovy:49)
	at com.kms.katalon.core.mobile.keyword.builtin.StartApplicationKeyword$_startApplication_closure1.call(StartApplicationKeyword.groovy)
	at com.kms.katalon.core.mobile.keyword.internal.MobileKeywordMain.runKeyword(MobileKeywordMain.groovy:21)
	... 19 more]]></system-err>
      </testcase>
      <testcase name="Test Cases/Cas de test passant/15-Cliquer sur le pictogramme panier (MSR-295)" time="0.289" classname="Test Cases/Cas de test passant/15-Cliquer sur le pictogramme panier (MSR-295)" status="FAILED">
         <failure type="FAILED" message="Test Cases/Cas de test passant/15-Cliquer sur le pictogramme panier (MSR-295) FAILED.
Reason:
com.kms.katalon.core.exception.StepFailedException: Unable to start app at: 'C:\Users\Ousseynou Diop\Desktop\APK Client\app-debug.apk' (Root cause: java.io.IOException: GetExitCodeProcess error=6, Descripteur non valide
	at com.kms.katalon.core.appium.driver.AppiumDriverManager.isAppiumServerStarted(AppiumDriverManager.java:194)
	at com.kms.katalon.core.appium.driver.AppiumDriverManager.startAppiumServerJS(AppiumDriverManager.java:258)
	at com.kms.katalon.core.appium.driver.AppiumDriverManager.startAppiumServerJS(AppiumDriverManager.java:412)
	at com.kms.katalon.core.appium.driver.AppiumDriverManager.ensureServicesStarted(AppiumDriverManager.java:244)
	at com.kms.katalon.core.appium.driver.AppiumDriverManager.createMobileDriver(AppiumDriverManager.java:478)
	at com.kms.katalon.core.mobile.keyword.internal.MobileDriverFactory.startLocalMobileDriver(MobileDriverFactory.java:539)
	at com.kms.katalon.core.mobile.keyword.internal.MobileDriverFactory.startMobileDriver(MobileDriverFactory.java:452)
	at com.kms.katalon.core.mobile.keyword.builtin.StartApplicationKeyword$_startApplication_closure1.doCall(StartApplicationKeyword.groovy:49)
	at com.kms.katalon.core.mobile.keyword.builtin.StartApplicationKeyword$_startApplication_closure1.call(StartApplicationKeyword.groovy)
	at com.kms.katalon.core.mobile.keyword.internal.MobileKeywordMain.runKeyword(MobileKeywordMain.groovy:21)
	at com.kms.katalon.core.mobile.keyword.builtin.StartApplicationKeyword.startApplication(StartApplicationKeyword.groovy:51)
	at com.kms.katalon.core.mobile.keyword.builtin.StartApplicationKeyword.execute(StartApplicationKeyword.groovy:40)
	at com.kms.katalon.core.keyword.internal.KeywordExecutor.executeKeywordForPlatform(KeywordExecutor.groovy:74)
	at com.kms.katalon.core.mobile.keyword.MobileBuiltInKeywords.startApplication(MobileBuiltInKeywords.groovy:78)
	at com.kms.katalon.core.mobile.keyword.MobileBuiltInKeywords$startApplication.call(Unknown Source)
	at 15-Cliquer sur le pictogramme panier (MSR-295).run(15-Cliquer sur le pictogramme panier (MSR-295):20)
	at com.kms.katalon.core.main.ScriptEngine.run(ScriptEngine.java:194)
	at com.kms.katalon.core.main.ScriptEngine.runScriptAsRawText(ScriptEngine.java:119)
	at com.kms.katalon.core.main.TestCaseExecutor.runScript(TestCaseExecutor.java:448)
	at com.kms.katalon.core.main.TestCaseExecutor.doExecute(TestCaseExecutor.java:439)
	at com.kms.katalon.core.main.TestCaseExecutor.processExecutionPhase(TestCaseExecutor.java:418)
	at com.kms.katalon.core.main.TestCaseExecutor.accessMainPhase(TestCaseExecutor.java:410)
	at com.kms.katalon.core.main.TestCaseExecutor.execute(TestCaseExecutor.java:285)
	at com.kms.katalon.core.common.CommonExecutor.accessTestCaseMainPhase(CommonExecutor.java:65)
	at com.kms.katalon.core.main.TestSuiteExecutor.accessTestSuiteMainPhase(TestSuiteExecutor.java:151)
	at com.kms.katalon.core.main.TestSuiteExecutor.execute(TestSuiteExecutor.java:106)
	at com.kms.katalon.core.main.TestCaseMain.startTestSuite(TestCaseMain.java:185)
	at com.kms.katalon.core.main.TestCaseMain$startTestSuite$0.call(Unknown Source)
	at TempTestSuite1669107651687.run(TempTestSuite1669107651687.groovy:36)
)
	at com.kms.katalon.core.keyword.internal.KeywordMain.stepFailed(KeywordMain.groovy:50)
	at com.kms.katalon.core.mobile.keyword.internal.MobileKeywordMain.stepFailed(MobileKeywordMain.groovy:40)
	at com.kms.katalon.core.mobile.keyword.internal.MobileKeywordMain.runKeyword(MobileKeywordMain.groovy:23)
	at com.kms.katalon.core.mobile.keyword.builtin.StartApplicationKeyword.startApplication(StartApplicationKeyword.groovy:51)
	at com.kms.katalon.core.mobile.keyword.builtin.StartApplicationKeyword.execute(StartApplicationKeyword.groovy:40)
	at com.kms.katalon.core.keyword.internal.KeywordExecutor.executeKeywordForPlatform(KeywordExecutor.groovy:74)
	at com.kms.katalon.core.mobile.keyword.MobileBuiltInKeywords.startApplication(MobileBuiltInKeywords.groovy:78)
	at com.kms.katalon.core.mobile.keyword.MobileBuiltInKeywords$startApplication.call(Unknown Source)
	at 15-Cliquer sur le pictogramme panier (MSR-295).run(15-Cliquer sur le pictogramme panier (MSR-295):20)
	at com.kms.katalon.core.main.ScriptEngine.run(ScriptEngine.java:194)
	at com.kms.katalon.core.main.ScriptEngine.runScriptAsRawText(ScriptEngine.java:119)
	at com.kms.katalon.core.main.TestCaseExecutor.runScript(TestCaseExecutor.java:448)
	at com.kms.katalon.core.main.TestCaseExecutor.doExecute(TestCaseExecutor.java:439)
	at com.kms.katalon.core.main.TestCaseExecutor.processExecutionPhase(TestCaseExecutor.java:418)
	at com.kms.katalon.core.main.TestCaseExecutor.accessMainPhase(TestCaseExecutor.java:410)
	at com.kms.katalon.core.main.TestCaseExecutor.execute(TestCaseExecutor.java:285)
	at com.kms.katalon.core.common.CommonExecutor.accessTestCaseMainPhase(CommonExecutor.java:65)
	at com.kms.katalon.core.main.TestSuiteExecutor.accessTestSuiteMainPhase(TestSuiteExecutor.java:151)
	at com.kms.katalon.core.main.TestSuiteExecutor.execute(TestSuiteExecutor.java:106)
	at com.kms.katalon.core.main.TestCaseMain.startTestSuite(TestCaseMain.java:185)
	at com.kms.katalon.core.main.TestCaseMain$startTestSuite$0.call(Unknown Source)
	at TempTestSuite1669107651687.run(TempTestSuite1669107651687.groovy:36)
Caused by: java.io.IOException: GetExitCodeProcess error=6, Descripteur non valide
	at com.kms.katalon.core.appium.driver.AppiumDriverManager.isAppiumServerStarted(AppiumDriverManager.java:194)
	at com.kms.katalon.core.appium.driver.AppiumDriverManager.startAppiumServerJS(AppiumDriverManager.java:258)
	at com.kms.katalon.core.appium.driver.AppiumDriverManager.startAppiumServerJS(AppiumDriverManager.java:412)
	at com.kms.katalon.core.appium.driver.AppiumDriverManager.ensureServicesStarted(AppiumDriverManager.java:244)
	at com.kms.katalon.core.appium.driver.AppiumDriverManager.createMobileDriver(AppiumDriverManager.java:478)
	at com.kms.katalon.core.mobile.keyword.internal.MobileDriverFactory.startLocalMobileDriver(MobileDriverFactory.java:539)
	at com.kms.katalon.core.mobile.keyword.internal.MobileDriverFactory.startMobileDriver(MobileDriverFactory.java:452)
	at com.kms.katalon.core.mobile.keyword.builtin.StartApplicationKeyword$_startApplication_closure1.doCall(StartApplicationKeyword.groovy:49)
	at com.kms.katalon.core.mobile.keyword.builtin.StartApplicationKeyword$_startApplication_closure1.call(StartApplicationKeyword.groovy)
	at com.kms.katalon.core.mobile.keyword.internal.MobileKeywordMain.runKeyword(MobileKeywordMain.groovy:21)
	... 19 more
"/>
         <system-out><![CDATA[2022-11-22 10:10:06 - [TEST_CASE][FAILED] - Test Cases/Cas de test passant/15-Cliquer sur le pictogramme panier (MSR-295): Test Cases/Cas de test passant/15-Cliquer sur le pictogramme panier (MSR-295) FAILED.
Reason:
com.kms.katalon.core.exception.StepFailedException: Unable to start app at: 'C:\Users\Ousseynou Diop\Desktop\APK Client\app-debug.apk' (Root cause: java.io.IOException: GetExitCodeProcess error=6, Descripteur non valide
	at com.kms.katalon.core.appium.driver.AppiumDriverManager.isAppiumServerStarted(AppiumDriverManager.java:194)
	at com.kms.katalon.core.appium.driver.AppiumDriverManager.startAppiumServerJS(AppiumDriverManager.java:258)
	at com.kms.katalon.core.appium.driver.AppiumDriverManager.startAppiumServerJS(AppiumDriverManager.java:412)
	at com.kms.katalon.core.appium.driver.AppiumDriverManager.ensureServicesStarted(AppiumDriverManager.java:244)
	at com.kms.katalon.core.appium.driver.AppiumDriverManager.createMobileDriver(AppiumDriverManager.java:478)
	at com.kms.katalon.core.mobile.keyword.internal.MobileDriverFactory.startLocalMobileDriver(MobileDriverFactory.java:539)
	at com.kms.katalon.core.mobile.keyword.internal.MobileDriverFactory.startMobileDriver(MobileDriverFactory.java:452)
	at com.kms.katalon.core.mobile.keyword.builtin.StartApplicationKeyword$_startApplication_closure1.doCall(StartApplicationKeyword.groovy:49)
	at com.kms.katalon.core.mobile.keyword.builtin.StartApplicationKeyword$_startApplication_closure1.call(StartApplicationKeyword.groovy)
	at com.kms.katalon.core.mobile.keyword.internal.MobileKeywordMain.runKeyword(MobileKeywordMain.groovy:21)
	at com.kms.katalon.core.mobile.keyword.builtin.StartApplicationKeyword.startApplication(StartApplicationKeyword.groovy:51)
	at com.kms.katalon.core.mobile.keyword.builtin.StartApplicationKeyword.execute(StartApplicationKeyword.groovy:40)
	at com.kms.katalon.core.keyword.internal.KeywordExecutor.executeKeywordForPlatform(KeywordExecutor.groovy:74)
	at com.kms.katalon.core.mobile.keyword.MobileBuiltInKeywords.startApplication(MobileBuiltInKeywords.groovy:78)
	at com.kms.katalon.core.mobile.keyword.MobileBuiltInKeywords$startApplication.call(Unknown Source)
	at 15-Cliquer sur le pictogramme panier (MSR-295).run(15-Cliquer sur le pictogramme panier (MSR-295):20)
	at com.kms.katalon.core.main.ScriptEngine.run(ScriptEngine.java:194)
	at com.kms.katalon.core.main.ScriptEngine.runScriptAsRawText(ScriptEngine.java:119)
	at com.kms.katalon.core.main.TestCaseExecutor.runScript(TestCaseExecutor.java:448)
	at com.kms.katalon.core.main.TestCaseExecutor.doExecute(TestCaseExecutor.java:439)
	at com.kms.katalon.core.main.TestCaseExecutor.processExecutionPhase(TestCaseExecutor.java:418)
	at com.kms.katalon.core.main.TestCaseExecutor.accessMainPhase(TestCaseExecutor.java:410)
	at com.kms.katalon.core.main.TestCaseExecutor.execute(TestCaseExecutor.java:285)
	at com.kms.katalon.core.common.CommonExecutor.accessTestCaseMainPhase(CommonExecutor.java:65)
	at com.kms.katalon.core.main.TestSuiteExecutor.accessTestSuiteMainPhase(TestSuiteExecutor.java:151)
	at com.kms.katalon.core.main.TestSuiteExecutor.execute(TestSuiteExecutor.java:106)
	at com.kms.katalon.core.main.TestCaseMain.startTestSuite(TestCaseMain.java:185)
	at com.kms.katalon.core.main.TestCaseMain$startTestSuite$0.call(Unknown Source)
	at TempTestSuite1669107651687.run(TempTestSuite1669107651687.groovy:36)
)
	at com.kms.katalon.core.keyword.internal.KeywordMain.stepFailed(KeywordMain.groovy:50)
	at com.kms.katalon.core.mobile.keyword.internal.MobileKeywordMain.stepFailed(MobileKeywordMain.groovy:40)
	at com.kms.katalon.core.mobile.keyword.internal.MobileKeywordMain.runKeyword(MobileKeywordMain.groovy:23)
	at com.kms.katalon.core.mobile.keyword.builtin.StartApplicationKeyword.startApplication(StartApplicationKeyword.groovy:51)
	at com.kms.katalon.core.mobile.keyword.builtin.StartApplicationKeyword.execute(StartApplicationKeyword.groovy:40)
	at com.kms.katalon.core.keyword.internal.KeywordExecutor.executeKeywordForPlatform(KeywordExecutor.groovy:74)
	at com.kms.katalon.core.mobile.keyword.MobileBuiltInKeywords.startApplication(MobileBuiltInKeywords.groovy:78)
	at com.kms.katalon.core.mobile.keyword.MobileBuiltInKeywords$startApplication.call(Unknown Source)
	at 15-Cliquer sur le pictogramme panier (MSR-295).run(15-Cliquer sur le pictogramme panier (MSR-295):20)
	at com.kms.katalon.core.main.ScriptEngine.run(ScriptEngine.java:194)
	at com.kms.katalon.core.main.ScriptEngine.runScriptAsRawText(ScriptEngine.java:119)
	at com.kms.katalon.core.main.TestCaseExecutor.runScript(TestCaseExecutor.java:448)
	at com.kms.katalon.core.main.TestCaseExecutor.doExecute(TestCaseExecutor.java:439)
	at com.kms.katalon.core.main.TestCaseExecutor.processExecutionPhase(TestCaseExecutor.java:418)
	at com.kms.katalon.core.main.TestCaseExecutor.accessMainPhase(TestCaseExecutor.java:410)
	at com.kms.katalon.core.main.TestCaseExecutor.execute(TestCaseExecutor.java:285)
	at com.kms.katalon.core.common.CommonExecutor.accessTestCaseMainPhase(CommonExecutor.java:65)
	at com.kms.katalon.core.main.TestSuiteExecutor.accessTestSuiteMainPhase(TestSuiteExecutor.java:151)
	at com.kms.katalon.core.main.TestSuiteExecutor.execute(TestSuiteExecutor.java:106)
	at com.kms.katalon.core.main.TestCaseMain.startTestSuite(TestCaseMain.java:185)
	at com.kms.katalon.core.main.TestCaseMain$startTestSuite$0.call(Unknown Source)
	at TempTestSuite1669107651687.run(TempTestSuite1669107651687.groovy:36)
Caused by: java.io.IOException: GetExitCodeProcess error=6, Descripteur non valide
	at com.kms.katalon.core.appium.driver.AppiumDriverManager.isAppiumServerStarted(AppiumDriverManager.java:194)
	at com.kms.katalon.core.appium.driver.AppiumDriverManager.startAppiumServerJS(AppiumDriverManager.java:258)
	at com.kms.katalon.core.appium.driver.AppiumDriverManager.startAppiumServerJS(AppiumDriverManager.java:412)
	at com.kms.katalon.core.appium.driver.AppiumDriverManager.ensureServicesStarted(AppiumDriverManager.java:244)
	at com.kms.katalon.core.appium.driver.AppiumDriverManager.createMobileDriver(AppiumDriverManager.java:478)
	at com.kms.katalon.core.mobile.keyword.internal.MobileDriverFactory.startLocalMobileDriver(MobileDriverFactory.java:539)
	at com.kms.katalon.core.mobile.keyword.internal.MobileDriverFactory.startMobileDriver(MobileDriverFactory.java:452)
	at com.kms.katalon.core.mobile.keyword.builtin.StartApplicationKeyword$_startApplication_closure1.doCall(StartApplicationKeyword.groovy:49)
	at com.kms.katalon.core.mobile.keyword.builtin.StartApplicationKeyword$_startApplication_closure1.call(StartApplicationKeyword.groovy)
	at com.kms.katalon.core.mobile.keyword.internal.MobileKeywordMain.runKeyword(MobileKeywordMain.groovy:21)
	... 19 more


2022-11-22 10:10:06 - [TEST_STEP][FAILED] - startApplication("C:\Users\Ousseynou Diop\Desktop\APK Client\app-debug.apk", true): Unable to start app at: 'C:\Users\Ousseynou Diop\Desktop\APK Client\app-debug.apk' (Root cause: java.io.IOException: GetExitCodeProcess error=6, Descripteur non valide
	at com.kms.katalon.core.appium.driver.AppiumDriverManager.isAppiumServerStarted(AppiumDriverManager.java:194)
	at com.kms.katalon.core.appium.driver.AppiumDriverManager.startAppiumServerJS(AppiumDriverManager.java:258)
	at com.kms.katalon.core.appium.driver.AppiumDriverManager.startAppiumServerJS(AppiumDriverManager.java:412)
	at com.kms.katalon.core.appium.driver.AppiumDriverManager.ensureServicesStarted(AppiumDriverManager.java:244)
	at com.kms.katalon.core.appium.driver.AppiumDriverManager.createMobileDriver(AppiumDriverManager.java:478)
	at com.kms.katalon.core.mobile.keyword.internal.MobileDriverFactory.startLocalMobileDriver(MobileDriverFactory.java:539)
	at com.kms.katalon.core.mobile.keyword.internal.MobileDriverFactory.startMobileDriver(MobileDriverFactory.java:452)
	at com.kms.katalon.core.mobile.keyword.builtin.StartApplicationKeyword$_startApplication_closure1.doCall(StartApplicationKeyword.groovy:49)
	at com.kms.katalon.core.mobile.keyword.builtin.StartApplicationKeyword$_startApplication_closure1.call(StartApplicationKeyword.groovy)
	at com.kms.katalon.core.mobile.keyword.internal.MobileKeywordMain.runKeyword(MobileKeywordMain.groovy:21)
	at com.kms.katalon.core.mobile.keyword.builtin.StartApplicationKeyword.startApplication(StartApplicationKeyword.groovy:51)
	at com.kms.katalon.core.mobile.keyword.builtin.StartApplicationKeyword.execute(StartApplicationKeyword.groovy:40)
	at com.kms.katalon.core.keyword.internal.KeywordExecutor.executeKeywordForPlatform(KeywordExecutor.groovy:74)
	at com.kms.katalon.core.mobile.keyword.MobileBuiltInKeywords.startApplication(MobileBuiltInKeywords.groovy:78)
	at com.kms.katalon.core.mobile.keyword.MobileBuiltInKeywords$startApplication.call(Unknown Source)
	at 15-Cliquer sur le pictogramme panier (MSR-295).run(15-Cliquer sur le pictogramme panier (MSR-295):20)
	at com.kms.katalon.core.main.ScriptEngine.run(ScriptEngine.java:194)
	at com.kms.katalon.core.main.ScriptEngine.runScriptAsRawText(ScriptEngine.java:119)
	at com.kms.katalon.core.main.TestCaseExecutor.runScript(TestCaseExecutor.java:448)
	at com.kms.katalon.core.main.TestCaseExecutor.doExecute(TestCaseExecutor.java:439)
	at com.kms.katalon.core.main.TestCaseExecutor.processExecutionPhase(TestCaseExecutor.java:418)
	at com.kms.katalon.core.main.TestCaseExecutor.accessMainPhase(TestCaseExecutor.java:410)
	at com.kms.katalon.core.main.TestCaseExecutor.execute(TestCaseExecutor.java:285)
	at com.kms.katalon.core.common.CommonExecutor.accessTestCaseMainPhase(CommonExecutor.java:65)
	at com.kms.katalon.core.main.TestSuiteExecutor.accessTestSuiteMainPhase(TestSuiteExecutor.java:151)
	at com.kms.katalon.core.main.TestSuiteExecutor.execute(TestSuiteExecutor.java:106)
	at com.kms.katalon.core.main.TestCaseMain.startTestSuite(TestCaseMain.java:185)
	at com.kms.katalon.core.main.TestCaseMain$startTestSuite$0.call(Unknown Source)
	at TempTestSuite1669107651687.run(TempTestSuite1669107651687.groovy:36)
)

2022-11-22 10:10:06 - [MESSAGE][FAILED] - Unable to start app at: 'C:\Users\Ousseynou Diop\Desktop\APK Client\app-debug.apk' (Root cause: java.io.IOException: GetExitCodeProcess error=6, Descripteur non valide
	at com.kms.katalon.core.appium.driver.AppiumDriverManager.isAppiumServerStarted(AppiumDriverManager.java:194)
	at com.kms.katalon.core.appium.driver.AppiumDriverManager.startAppiumServerJS(AppiumDriverManager.java:258)
	at com.kms.katalon.core.appium.driver.AppiumDriverManager.startAppiumServerJS(AppiumDriverManager.java:412)
	at com.kms.katalon.core.appium.driver.AppiumDriverManager.ensureServicesStarted(AppiumDriverManager.java:244)
	at com.kms.katalon.core.appium.driver.AppiumDriverManager.createMobileDriver(AppiumDriverManager.java:478)
	at com.kms.katalon.core.mobile.keyword.internal.MobileDriverFactory.startLocalMobileDriver(MobileDriverFactory.java:539)
	at com.kms.katalon.core.mobile.keyword.internal.MobileDriverFactory.startMobileDriver(MobileDriverFactory.java:452)
	at com.kms.katalon.core.mobile.keyword.builtin.StartApplicationKeyword$_startApplication_closure1.doCall(StartApplicationKeyword.groovy:49)
	at com.kms.katalon.core.mobile.keyword.builtin.StartApplicationKeyword$_startApplication_closure1.call(StartApplicationKeyword.groovy)
	at com.kms.katalon.core.mobile.keyword.internal.MobileKeywordMain.runKeyword(MobileKeywordMain.groovy:21)
	at com.kms.katalon.core.mobile.keyword.builtin.StartApplicationKeyword.startApplication(StartApplicationKeyword.groovy:51)
	at com.kms.katalon.core.mobile.keyword.builtin.StartApplicationKeyword.execute(StartApplicationKeyword.groovy:40)
	at com.kms.katalon.core.keyword.internal.KeywordExecutor.executeKeywordForPlatform(KeywordExecutor.groovy:74)
	at com.kms.katalon.core.mobile.keyword.MobileBuiltInKeywords.startApplication(MobileBuiltInKeywords.groovy:78)
	at com.kms.katalon.core.mobile.keyword.MobileBuiltInKeywords$startApplication.call(Unknown Source)
	at 15-Cliquer sur le pictogramme panier (MSR-295).run(15-Cliquer sur le pictogramme panier (MSR-295):20)
	at com.kms.katalon.core.main.ScriptEngine.run(ScriptEngine.java:194)
	at com.kms.katalon.core.main.ScriptEngine.runScriptAsRawText(ScriptEngine.java:119)
	at com.kms.katalon.core.main.TestCaseExecutor.runScript(TestCaseExecutor.java:448)
	at com.kms.katalon.core.main.TestCaseExecutor.doExecute(TestCaseExecutor.java:439)
	at com.kms.katalon.core.main.TestCaseExecutor.processExecutionPhase(TestCaseExecutor.java:418)
	at com.kms.katalon.core.main.TestCaseExecutor.accessMainPhase(TestCaseExecutor.java:410)
	at com.kms.katalon.core.main.TestCaseExecutor.execute(TestCaseExecutor.java:285)
	at com.kms.katalon.core.common.CommonExecutor.accessTestCaseMainPhase(CommonExecutor.java:65)
	at com.kms.katalon.core.main.TestSuiteExecutor.accessTestSuiteMainPhase(TestSuiteExecutor.java:151)
	at com.kms.katalon.core.main.TestSuiteExecutor.execute(TestSuiteExecutor.java:106)
	at com.kms.katalon.core.main.TestCaseMain.startTestSuite(TestCaseMain.java:185)
	at com.kms.katalon.core.main.TestCaseMain$startTestSuite$0.call(Unknown Source)
	at TempTestSuite1669107651687.run(TempTestSuite1669107651687.groovy:36)
)]]></system-out>
         <system-err><![CDATA[2022-11-22 10:10:06 - [TEST_CASE][FAILED] - Test Cases/Cas de test passant/15-Cliquer sur le pictogramme panier (MSR-295): Test Cases/Cas de test passant/15-Cliquer sur le pictogramme panier (MSR-295) FAILED.
Reason:
com.kms.katalon.core.exception.StepFailedException: Unable to start app at: 'C:\Users\Ousseynou Diop\Desktop\APK Client\app-debug.apk' (Root cause: java.io.IOException: GetExitCodeProcess error=6, Descripteur non valide
	at com.kms.katalon.core.appium.driver.AppiumDriverManager.isAppiumServerStarted(AppiumDriverManager.java:194)
	at com.kms.katalon.core.appium.driver.AppiumDriverManager.startAppiumServerJS(AppiumDriverManager.java:258)
	at com.kms.katalon.core.appium.driver.AppiumDriverManager.startAppiumServerJS(AppiumDriverManager.java:412)
	at com.kms.katalon.core.appium.driver.AppiumDriverManager.ensureServicesStarted(AppiumDriverManager.java:244)
	at com.kms.katalon.core.appium.driver.AppiumDriverManager.createMobileDriver(AppiumDriverManager.java:478)
	at com.kms.katalon.core.mobile.keyword.internal.MobileDriverFactory.startLocalMobileDriver(MobileDriverFactory.java:539)
	at com.kms.katalon.core.mobile.keyword.internal.MobileDriverFactory.startMobileDriver(MobileDriverFactory.java:452)
	at com.kms.katalon.core.mobile.keyword.builtin.StartApplicationKeyword$_startApplication_closure1.doCall(StartApplicationKeyword.groovy:49)
	at com.kms.katalon.core.mobile.keyword.builtin.StartApplicationKeyword$_startApplication_closure1.call(StartApplicationKeyword.groovy)
	at com.kms.katalon.core.mobile.keyword.internal.MobileKeywordMain.runKeyword(MobileKeywordMain.groovy:21)
	at com.kms.katalon.core.mobile.keyword.builtin.StartApplicationKeyword.startApplication(StartApplicationKeyword.groovy:51)
	at com.kms.katalon.core.mobile.keyword.builtin.StartApplicationKeyword.execute(StartApplicationKeyword.groovy:40)
	at com.kms.katalon.core.keyword.internal.KeywordExecutor.executeKeywordForPlatform(KeywordExecutor.groovy:74)
	at com.kms.katalon.core.mobile.keyword.MobileBuiltInKeywords.startApplication(MobileBuiltInKeywords.groovy:78)
	at com.kms.katalon.core.mobile.keyword.MobileBuiltInKeywords$startApplication.call(Unknown Source)
	at 15-Cliquer sur le pictogramme panier (MSR-295).run(15-Cliquer sur le pictogramme panier (MSR-295):20)
	at com.kms.katalon.core.main.ScriptEngine.run(ScriptEngine.java:194)
	at com.kms.katalon.core.main.ScriptEngine.runScriptAsRawText(ScriptEngine.java:119)
	at com.kms.katalon.core.main.TestCaseExecutor.runScript(TestCaseExecutor.java:448)
	at com.kms.katalon.core.main.TestCaseExecutor.doExecute(TestCaseExecutor.java:439)
	at com.kms.katalon.core.main.TestCaseExecutor.processExecutionPhase(TestCaseExecutor.java:418)
	at com.kms.katalon.core.main.TestCaseExecutor.accessMainPhase(TestCaseExecutor.java:410)
	at com.kms.katalon.core.main.TestCaseExecutor.execute(TestCaseExecutor.java:285)
	at com.kms.katalon.core.common.CommonExecutor.accessTestCaseMainPhase(CommonExecutor.java:65)
	at com.kms.katalon.core.main.TestSuiteExecutor.accessTestSuiteMainPhase(TestSuiteExecutor.java:151)
	at com.kms.katalon.core.main.TestSuiteExecutor.execute(TestSuiteExecutor.java:106)
	at com.kms.katalon.core.main.TestCaseMain.startTestSuite(TestCaseMain.java:185)
	at com.kms.katalon.core.main.TestCaseMain$startTestSuite$0.call(Unknown Source)
	at TempTestSuite1669107651687.run(TempTestSuite1669107651687.groovy:36)
)
	at com.kms.katalon.core.keyword.internal.KeywordMain.stepFailed(KeywordMain.groovy:50)
	at com.kms.katalon.core.mobile.keyword.internal.MobileKeywordMain.stepFailed(MobileKeywordMain.groovy:40)
	at com.kms.katalon.core.mobile.keyword.internal.MobileKeywordMain.runKeyword(MobileKeywordMain.groovy:23)
	at com.kms.katalon.core.mobile.keyword.builtin.StartApplicationKeyword.startApplication(StartApplicationKeyword.groovy:51)
	at com.kms.katalon.core.mobile.keyword.builtin.StartApplicationKeyword.execute(StartApplicationKeyword.groovy:40)
	at com.kms.katalon.core.keyword.internal.KeywordExecutor.executeKeywordForPlatform(KeywordExecutor.groovy:74)
	at com.kms.katalon.core.mobile.keyword.MobileBuiltInKeywords.startApplication(MobileBuiltInKeywords.groovy:78)
	at com.kms.katalon.core.mobile.keyword.MobileBuiltInKeywords$startApplication.call(Unknown Source)
	at 15-Cliquer sur le pictogramme panier (MSR-295).run(15-Cliquer sur le pictogramme panier (MSR-295):20)
	at com.kms.katalon.core.main.ScriptEngine.run(ScriptEngine.java:194)
	at com.kms.katalon.core.main.ScriptEngine.runScriptAsRawText(ScriptEngine.java:119)
	at com.kms.katalon.core.main.TestCaseExecutor.runScript(TestCaseExecutor.java:448)
	at com.kms.katalon.core.main.TestCaseExecutor.doExecute(TestCaseExecutor.java:439)
	at com.kms.katalon.core.main.TestCaseExecutor.processExecutionPhase(TestCaseExecutor.java:418)
	at com.kms.katalon.core.main.TestCaseExecutor.accessMainPhase(TestCaseExecutor.java:410)
	at com.kms.katalon.core.main.TestCaseExecutor.execute(TestCaseExecutor.java:285)
	at com.kms.katalon.core.common.CommonExecutor.accessTestCaseMainPhase(CommonExecutor.java:65)
	at com.kms.katalon.core.main.TestSuiteExecutor.accessTestSuiteMainPhase(TestSuiteExecutor.java:151)
	at com.kms.katalon.core.main.TestSuiteExecutor.execute(TestSuiteExecutor.java:106)
	at com.kms.katalon.core.main.TestCaseMain.startTestSuite(TestCaseMain.java:185)
	at com.kms.katalon.core.main.TestCaseMain$startTestSuite$0.call(Unknown Source)
	at TempTestSuite1669107651687.run(TempTestSuite1669107651687.groovy:36)
Caused by: java.io.IOException: GetExitCodeProcess error=6, Descripteur non valide
	at com.kms.katalon.core.appium.driver.AppiumDriverManager.isAppiumServerStarted(AppiumDriverManager.java:194)
	at com.kms.katalon.core.appium.driver.AppiumDriverManager.startAppiumServerJS(AppiumDriverManager.java:258)
	at com.kms.katalon.core.appium.driver.AppiumDriverManager.startAppiumServerJS(AppiumDriverManager.java:412)
	at com.kms.katalon.core.appium.driver.AppiumDriverManager.ensureServicesStarted(AppiumDriverManager.java:244)
	at com.kms.katalon.core.appium.driver.AppiumDriverManager.createMobileDriver(AppiumDriverManager.java:478)
	at com.kms.katalon.core.mobile.keyword.internal.MobileDriverFactory.startLocalMobileDriver(MobileDriverFactory.java:539)
	at com.kms.katalon.core.mobile.keyword.internal.MobileDriverFactory.startMobileDriver(MobileDriverFactory.java:452)
	at com.kms.katalon.core.mobile.keyword.builtin.StartApplicationKeyword$_startApplication_closure1.doCall(StartApplicationKeyword.groovy:49)
	at com.kms.katalon.core.mobile.keyword.builtin.StartApplicationKeyword$_startApplication_closure1.call(StartApplicationKeyword.groovy)
	at com.kms.katalon.core.mobile.keyword.internal.MobileKeywordMain.runKeyword(MobileKeywordMain.groovy:21)
	... 19 more]]></system-err>
      </testcase>
      <testcase name="Test Cases/Cas de test passant/16- Cliquer sur le bouton suivant aprÃ¨s ajout dinformation complÃ©mentaire pour le shopper (MSR-297)" time="0.382" classname="Test Cases/Cas de test passant/16- Cliquer sur le bouton suivant aprÃ¨s ajout dinformation complÃ©mentaire pour le shopper (MSR-297)" status="PASSED">
         <system-out><![CDATA[2022-11-22 10:10:06 - [TEST_CASE][PASSED] - Test Cases/Cas de test passant/16- Cliquer sur le bouton suivant aprÃ¨s ajout dinformation complÃ©mentaire pour le shopper (MSR-297): Test Cases/Cas de test passant/16- Cliquer sur le bouton suivant aprÃ¨s ajout dinformation complÃ©mentaire pour le shopper (MSR-297)

2022-11-22 10:10:07 - [TEST_STEP][PASSED] - return null: null]]></system-out>
         <system-err><![CDATA[]]></system-err>
      </testcase>
      <testcase name="Test Cases/Cas de test passant/22-Ajouter les informations de l expÃ©diteur en mode Guest" time="0.319" classname="Test Cases/Cas de test passant/22-Ajouter les informations de l expÃ©diteur en mode Guest" status="FAILED">
         <failure type="FAILED" message="Test Cases/Cas de test passant/22-Ajouter les informations de l expÃ©diteur en mode Guest FAILED.
Reason:
com.kms.katalon.core.exception.StepFailedException: Unable to start app at: 'C:\Users\Ousseynou Diop\Desktop\APK Client\app-debug.apk' (Root cause: java.io.IOException: GetExitCodeProcess error=6, Descripteur non valide
	at com.kms.katalon.core.appium.driver.AppiumDriverManager.isAppiumServerStarted(AppiumDriverManager.java:194)
	at com.kms.katalon.core.appium.driver.AppiumDriverManager.startAppiumServerJS(AppiumDriverManager.java:258)
	at com.kms.katalon.core.appium.driver.AppiumDriverManager.startAppiumServerJS(AppiumDriverManager.java:412)
	at com.kms.katalon.core.appium.driver.AppiumDriverManager.ensureServicesStarted(AppiumDriverManager.java:244)
	at com.kms.katalon.core.appium.driver.AppiumDriverManager.createMobileDriver(AppiumDriverManager.java:478)
	at com.kms.katalon.core.mobile.keyword.internal.MobileDriverFactory.startLocalMobileDriver(MobileDriverFactory.java:539)
	at com.kms.katalon.core.mobile.keyword.internal.MobileDriverFactory.startMobileDriver(MobileDriverFactory.java:452)
	at com.kms.katalon.core.mobile.keyword.builtin.StartApplicationKeyword$_startApplication_closure1.doCall(StartApplicationKeyword.groovy:49)
	at com.kms.katalon.core.mobile.keyword.builtin.StartApplicationKeyword$_startApplication_closure1.call(StartApplicationKeyword.groovy)
	at com.kms.katalon.core.mobile.keyword.internal.MobileKeywordMain.runKeyword(MobileKeywordMain.groovy:21)
	at com.kms.katalon.core.mobile.keyword.builtin.StartApplicationKeyword.startApplication(StartApplicationKeyword.groovy:51)
	at com.kms.katalon.core.mobile.keyword.builtin.StartApplicationKeyword.execute(StartApplicationKeyword.groovy:40)
	at com.kms.katalon.core.keyword.internal.KeywordExecutor.executeKeywordForPlatform(KeywordExecutor.groovy:74)
	at com.kms.katalon.core.mobile.keyword.MobileBuiltInKeywords.startApplication(MobileBuiltInKeywords.groovy:78)
	at com.kms.katalon.core.mobile.keyword.MobileBuiltInKeywords$startApplication.call(Unknown Source)
	at 22-Ajouter les informations de l expÃ©diteur en mode Guest.run(22-Ajouter les informations de l expÃ©diteur en mode Guest:20)
	at com.kms.katalon.core.main.ScriptEngine.run(ScriptEngine.java:194)
	at com.kms.katalon.core.main.ScriptEngine.runScriptAsRawText(ScriptEngine.java:119)
	at com.kms.katalon.core.main.TestCaseExecutor.runScript(TestCaseExecutor.java:448)
	at com.kms.katalon.core.main.TestCaseExecutor.doExecute(TestCaseExecutor.java:439)
	at com.kms.katalon.core.main.TestCaseExecutor.processExecutionPhase(TestCaseExecutor.java:418)
	at com.kms.katalon.core.main.TestCaseExecutor.accessMainPhase(TestCaseExecutor.java:410)
	at com.kms.katalon.core.main.TestCaseExecutor.execute(TestCaseExecutor.java:285)
	at com.kms.katalon.core.common.CommonExecutor.accessTestCaseMainPhase(CommonExecutor.java:65)
	at com.kms.katalon.core.main.TestSuiteExecutor.accessTestSuiteMainPhase(TestSuiteExecutor.java:151)
	at com.kms.katalon.core.main.TestSuiteExecutor.execute(TestSuiteExecutor.java:106)
	at com.kms.katalon.core.main.TestCaseMain.startTestSuite(TestCaseMain.java:185)
	at com.kms.katalon.core.main.TestCaseMain$startTestSuite$0.call(Unknown Source)
	at TempTestSuite1669107651687.run(TempTestSuite1669107651687.groovy:36)
)
	at com.kms.katalon.core.keyword.internal.KeywordMain.stepFailed(KeywordMain.groovy:50)
	at com.kms.katalon.core.mobile.keyword.internal.MobileKeywordMain.stepFailed(MobileKeywordMain.groovy:40)
	at com.kms.katalon.core.mobile.keyword.internal.MobileKeywordMain.runKeyword(MobileKeywordMain.groovy:23)
	at com.kms.katalon.core.mobile.keyword.builtin.StartApplicationKeyword.startApplication(StartApplicationKeyword.groovy:51)
	at com.kms.katalon.core.mobile.keyword.builtin.StartApplicationKeyword.execute(StartApplicationKeyword.groovy:40)
	at com.kms.katalon.core.keyword.internal.KeywordExecutor.executeKeywordForPlatform(KeywordExecutor.groovy:74)
	at com.kms.katalon.core.mobile.keyword.MobileBuiltInKeywords.startApplication(MobileBuiltInKeywords.groovy:78)
	at com.kms.katalon.core.mobile.keyword.MobileBuiltInKeywords$startApplication.call(Unknown Source)
	at 22-Ajouter les informations de l expÃ©diteur en mode Guest.run(22-Ajouter les informations de l expÃ©diteur en mode Guest:20)
	at com.kms.katalon.core.main.ScriptEngine.run(ScriptEngine.java:194)
	at com.kms.katalon.core.main.ScriptEngine.runScriptAsRawText(ScriptEngine.java:119)
	at com.kms.katalon.core.main.TestCaseExecutor.runScript(TestCaseExecutor.java:448)
	at com.kms.katalon.core.main.TestCaseExecutor.doExecute(TestCaseExecutor.java:439)
	at com.kms.katalon.core.main.TestCaseExecutor.processExecutionPhase(TestCaseExecutor.java:418)
	at com.kms.katalon.core.main.TestCaseExecutor.accessMainPhase(TestCaseExecutor.java:410)
	at com.kms.katalon.core.main.TestCaseExecutor.execute(TestCaseExecutor.java:285)
	at com.kms.katalon.core.common.CommonExecutor.accessTestCaseMainPhase(CommonExecutor.java:65)
	at com.kms.katalon.core.main.TestSuiteExecutor.accessTestSuiteMainPhase(TestSuiteExecutor.java:151)
	at com.kms.katalon.core.main.TestSuiteExecutor.execute(TestSuiteExecutor.java:106)
	at com.kms.katalon.core.main.TestCaseMain.startTestSuite(TestCaseMain.java:185)
	at com.kms.katalon.core.main.TestCaseMain$startTestSuite$0.call(Unknown Source)
	at TempTestSuite1669107651687.run(TempTestSuite1669107651687.groovy:36)
Caused by: java.io.IOException: GetExitCodeProcess error=6, Descripteur non valide
	at com.kms.katalon.core.appium.driver.AppiumDriverManager.isAppiumServerStarted(AppiumDriverManager.java:194)
	at com.kms.katalon.core.appium.driver.AppiumDriverManager.startAppiumServerJS(AppiumDriverManager.java:258)
	at com.kms.katalon.core.appium.driver.AppiumDriverManager.startAppiumServerJS(AppiumDriverManager.java:412)
	at com.kms.katalon.core.appium.driver.AppiumDriverManager.ensureServicesStarted(AppiumDriverManager.java:244)
	at com.kms.katalon.core.appium.driver.AppiumDriverManager.createMobileDriver(AppiumDriverManager.java:478)
	at com.kms.katalon.core.mobile.keyword.internal.MobileDriverFactory.startLocalMobileDriver(MobileDriverFactory.java:539)
	at com.kms.katalon.core.mobile.keyword.internal.MobileDriverFactory.startMobileDriver(MobileDriverFactory.java:452)
	at com.kms.katalon.core.mobile.keyword.builtin.StartApplicationKeyword$_startApplication_closure1.doCall(StartApplicationKeyword.groovy:49)
	at com.kms.katalon.core.mobile.keyword.builtin.StartApplicationKeyword$_startApplication_closure1.call(StartApplicationKeyword.groovy)
	at com.kms.katalon.core.mobile.keyword.internal.MobileKeywordMain.runKeyword(MobileKeywordMain.groovy:21)
	... 19 more
"/>
         <system-out><![CDATA[2022-11-22 10:10:07 - [TEST_CASE][FAILED] - Test Cases/Cas de test passant/22-Ajouter les informations de l expÃ©diteur en mode Guest: Test Cases/Cas de test passant/22-Ajouter les informations de l expÃ©diteur en mode Guest FAILED.
Reason:
com.kms.katalon.core.exception.StepFailedException: Unable to start app at: 'C:\Users\Ousseynou Diop\Desktop\APK Client\app-debug.apk' (Root cause: java.io.IOException: GetExitCodeProcess error=6, Descripteur non valide
	at com.kms.katalon.core.appium.driver.AppiumDriverManager.isAppiumServerStarted(AppiumDriverManager.java:194)
	at com.kms.katalon.core.appium.driver.AppiumDriverManager.startAppiumServerJS(AppiumDriverManager.java:258)
	at com.kms.katalon.core.appium.driver.AppiumDriverManager.startAppiumServerJS(AppiumDriverManager.java:412)
	at com.kms.katalon.core.appium.driver.AppiumDriverManager.ensureServicesStarted(AppiumDriverManager.java:244)
	at com.kms.katalon.core.appium.driver.AppiumDriverManager.createMobileDriver(AppiumDriverManager.java:478)
	at com.kms.katalon.core.mobile.keyword.internal.MobileDriverFactory.startLocalMobileDriver(MobileDriverFactory.java:539)
	at com.kms.katalon.core.mobile.keyword.internal.MobileDriverFactory.startMobileDriver(MobileDriverFactory.java:452)
	at com.kms.katalon.core.mobile.keyword.builtin.StartApplicationKeyword$_startApplication_closure1.doCall(StartApplicationKeyword.groovy:49)
	at com.kms.katalon.core.mobile.keyword.builtin.StartApplicationKeyword$_startApplication_closure1.call(StartApplicationKeyword.groovy)
	at com.kms.katalon.core.mobile.keyword.internal.MobileKeywordMain.runKeyword(MobileKeywordMain.groovy:21)
	at com.kms.katalon.core.mobile.keyword.builtin.StartApplicationKeyword.startApplication(StartApplicationKeyword.groovy:51)
	at com.kms.katalon.core.mobile.keyword.builtin.StartApplicationKeyword.execute(StartApplicationKeyword.groovy:40)
	at com.kms.katalon.core.keyword.internal.KeywordExecutor.executeKeywordForPlatform(KeywordExecutor.groovy:74)
	at com.kms.katalon.core.mobile.keyword.MobileBuiltInKeywords.startApplication(MobileBuiltInKeywords.groovy:78)
	at com.kms.katalon.core.mobile.keyword.MobileBuiltInKeywords$startApplication.call(Unknown Source)
	at 22-Ajouter les informations de l expÃ©diteur en mode Guest.run(22-Ajouter les informations de l expÃ©diteur en mode Guest:20)
	at com.kms.katalon.core.main.ScriptEngine.run(ScriptEngine.java:194)
	at com.kms.katalon.core.main.ScriptEngine.runScriptAsRawText(ScriptEngine.java:119)
	at com.kms.katalon.core.main.TestCaseExecutor.runScript(TestCaseExecutor.java:448)
	at com.kms.katalon.core.main.TestCaseExecutor.doExecute(TestCaseExecutor.java:439)
	at com.kms.katalon.core.main.TestCaseExecutor.processExecutionPhase(TestCaseExecutor.java:418)
	at com.kms.katalon.core.main.TestCaseExecutor.accessMainPhase(TestCaseExecutor.java:410)
	at com.kms.katalon.core.main.TestCaseExecutor.execute(TestCaseExecutor.java:285)
	at com.kms.katalon.core.common.CommonExecutor.accessTestCaseMainPhase(CommonExecutor.java:65)
	at com.kms.katalon.core.main.TestSuiteExecutor.accessTestSuiteMainPhase(TestSuiteExecutor.java:151)
	at com.kms.katalon.core.main.TestSuiteExecutor.execute(TestSuiteExecutor.java:106)
	at com.kms.katalon.core.main.TestCaseMain.startTestSuite(TestCaseMain.java:185)
	at com.kms.katalon.core.main.TestCaseMain$startTestSuite$0.call(Unknown Source)
	at TempTestSuite1669107651687.run(TempTestSuite1669107651687.groovy:36)
)
	at com.kms.katalon.core.keyword.internal.KeywordMain.stepFailed(KeywordMain.groovy:50)
	at com.kms.katalon.core.mobile.keyword.internal.MobileKeywordMain.stepFailed(MobileKeywordMain.groovy:40)
	at com.kms.katalon.core.mobile.keyword.internal.MobileKeywordMain.runKeyword(MobileKeywordMain.groovy:23)
	at com.kms.katalon.core.mobile.keyword.builtin.StartApplicationKeyword.startApplication(StartApplicationKeyword.groovy:51)
	at com.kms.katalon.core.mobile.keyword.builtin.StartApplicationKeyword.execute(StartApplicationKeyword.groovy:40)
	at com.kms.katalon.core.keyword.internal.KeywordExecutor.executeKeywordForPlatform(KeywordExecutor.groovy:74)
	at com.kms.katalon.core.mobile.keyword.MobileBuiltInKeywords.startApplication(MobileBuiltInKeywords.groovy:78)
	at com.kms.katalon.core.mobile.keyword.MobileBuiltInKeywords$startApplication.call(Unknown Source)
	at 22-Ajouter les informations de l expÃ©diteur en mode Guest.run(22-Ajouter les informations de l expÃ©diteur en mode Guest:20)
	at com.kms.katalon.core.main.ScriptEngine.run(ScriptEngine.java:194)
	at com.kms.katalon.core.main.ScriptEngine.runScriptAsRawText(ScriptEngine.java:119)
	at com.kms.katalon.core.main.TestCaseExecutor.runScript(TestCaseExecutor.java:448)
	at com.kms.katalon.core.main.TestCaseExecutor.doExecute(TestCaseExecutor.java:439)
	at com.kms.katalon.core.main.TestCaseExecutor.processExecutionPhase(TestCaseExecutor.java:418)
	at com.kms.katalon.core.main.TestCaseExecutor.accessMainPhase(TestCaseExecutor.java:410)
	at com.kms.katalon.core.main.TestCaseExecutor.execute(TestCaseExecutor.java:285)
	at com.kms.katalon.core.common.CommonExecutor.accessTestCaseMainPhase(CommonExecutor.java:65)
	at com.kms.katalon.core.main.TestSuiteExecutor.accessTestSuiteMainPhase(TestSuiteExecutor.java:151)
	at com.kms.katalon.core.main.TestSuiteExecutor.execute(TestSuiteExecutor.java:106)
	at com.kms.katalon.core.main.TestCaseMain.startTestSuite(TestCaseMain.java:185)
	at com.kms.katalon.core.main.TestCaseMain$startTestSuite$0.call(Unknown Source)
	at TempTestSuite1669107651687.run(TempTestSuite1669107651687.groovy:36)
Caused by: java.io.IOException: GetExitCodeProcess error=6, Descripteur non valide
	at com.kms.katalon.core.appium.driver.AppiumDriverManager.isAppiumServerStarted(AppiumDriverManager.java:194)
	at com.kms.katalon.core.appium.driver.AppiumDriverManager.startAppiumServerJS(AppiumDriverManager.java:258)
	at com.kms.katalon.core.appium.driver.AppiumDriverManager.startAppiumServerJS(AppiumDriverManager.java:412)
	at com.kms.katalon.core.appium.driver.AppiumDriverManager.ensureServicesStarted(AppiumDriverManager.java:244)
	at com.kms.katalon.core.appium.driver.AppiumDriverManager.createMobileDriver(AppiumDriverManager.java:478)
	at com.kms.katalon.core.mobile.keyword.internal.MobileDriverFactory.startLocalMobileDriver(MobileDriverFactory.java:539)
	at com.kms.katalon.core.mobile.keyword.internal.MobileDriverFactory.startMobileDriver(MobileDriverFactory.java:452)
	at com.kms.katalon.core.mobile.keyword.builtin.StartApplicationKeyword$_startApplication_closure1.doCall(StartApplicationKeyword.groovy:49)
	at com.kms.katalon.core.mobile.keyword.builtin.StartApplicationKeyword$_startApplication_closure1.call(StartApplicationKeyword.groovy)
	at com.kms.katalon.core.mobile.keyword.internal.MobileKeywordMain.runKeyword(MobileKeywordMain.groovy:21)
	... 19 more


2022-11-22 10:10:07 - [TEST_STEP][FAILED] - startApplication("C:\Users\Ousseynou Diop\Desktop\APK Client\app-debug.apk", true): Unable to start app at: 'C:\Users\Ousseynou Diop\Desktop\APK Client\app-debug.apk' (Root cause: java.io.IOException: GetExitCodeProcess error=6, Descripteur non valide
	at com.kms.katalon.core.appium.driver.AppiumDriverManager.isAppiumServerStarted(AppiumDriverManager.java:194)
	at com.kms.katalon.core.appium.driver.AppiumDriverManager.startAppiumServerJS(AppiumDriverManager.java:258)
	at com.kms.katalon.core.appium.driver.AppiumDriverManager.startAppiumServerJS(AppiumDriverManager.java:412)
	at com.kms.katalon.core.appium.driver.AppiumDriverManager.ensureServicesStarted(AppiumDriverManager.java:244)
	at com.kms.katalon.core.appium.driver.AppiumDriverManager.createMobileDriver(AppiumDriverManager.java:478)
	at com.kms.katalon.core.mobile.keyword.internal.MobileDriverFactory.startLocalMobileDriver(MobileDriverFactory.java:539)
	at com.kms.katalon.core.mobile.keyword.internal.MobileDriverFactory.startMobileDriver(MobileDriverFactory.java:452)
	at com.kms.katalon.core.mobile.keyword.builtin.StartApplicationKeyword$_startApplication_closure1.doCall(StartApplicationKeyword.groovy:49)
	at com.kms.katalon.core.mobile.keyword.builtin.StartApplicationKeyword$_startApplication_closure1.call(StartApplicationKeyword.groovy)
	at com.kms.katalon.core.mobile.keyword.internal.MobileKeywordMain.runKeyword(MobileKeywordMain.groovy:21)
	at com.kms.katalon.core.mobile.keyword.builtin.StartApplicationKeyword.startApplication(StartApplicationKeyword.groovy:51)
	at com.kms.katalon.core.mobile.keyword.builtin.StartApplicationKeyword.execute(StartApplicationKeyword.groovy:40)
	at com.kms.katalon.core.keyword.internal.KeywordExecutor.executeKeywordForPlatform(KeywordExecutor.groovy:74)
	at com.kms.katalon.core.mobile.keyword.MobileBuiltInKeywords.startApplication(MobileBuiltInKeywords.groovy:78)
	at com.kms.katalon.core.mobile.keyword.MobileBuiltInKeywords$startApplication.call(Unknown Source)
	at 22-Ajouter les informations de l expÃ©diteur en mode Guest.run(22-Ajouter les informations de l expÃ©diteur en mode Guest:20)
	at com.kms.katalon.core.main.ScriptEngine.run(ScriptEngine.java:194)
	at com.kms.katalon.core.main.ScriptEngine.runScriptAsRawText(ScriptEngine.java:119)
	at com.kms.katalon.core.main.TestCaseExecutor.runScript(TestCaseExecutor.java:448)
	at com.kms.katalon.core.main.TestCaseExecutor.doExecute(TestCaseExecutor.java:439)
	at com.kms.katalon.core.main.TestCaseExecutor.processExecutionPhase(TestCaseExecutor.java:418)
	at com.kms.katalon.core.main.TestCaseExecutor.accessMainPhase(TestCaseExecutor.java:410)
	at com.kms.katalon.core.main.TestCaseExecutor.execute(TestCaseExecutor.java:285)
	at com.kms.katalon.core.common.CommonExecutor.accessTestCaseMainPhase(CommonExecutor.java:65)
	at com.kms.katalon.core.main.TestSuiteExecutor.accessTestSuiteMainPhase(TestSuiteExecutor.java:151)
	at com.kms.katalon.core.main.TestSuiteExecutor.execute(TestSuiteExecutor.java:106)
	at com.kms.katalon.core.main.TestCaseMain.startTestSuite(TestCaseMain.java:185)
	at com.kms.katalon.core.main.TestCaseMain$startTestSuite$0.call(Unknown Source)
	at TempTestSuite1669107651687.run(TempTestSuite1669107651687.groovy:36)
)

2022-11-22 10:10:07 - [MESSAGE][FAILED] - Unable to start app at: 'C:\Users\Ousseynou Diop\Desktop\APK Client\app-debug.apk' (Root cause: java.io.IOException: GetExitCodeProcess error=6, Descripteur non valide
	at com.kms.katalon.core.appium.driver.AppiumDriverManager.isAppiumServerStarted(AppiumDriverManager.java:194)
	at com.kms.katalon.core.appium.driver.AppiumDriverManager.startAppiumServerJS(AppiumDriverManager.java:258)
	at com.kms.katalon.core.appium.driver.AppiumDriverManager.startAppiumServerJS(AppiumDriverManager.java:412)
	at com.kms.katalon.core.appium.driver.AppiumDriverManager.ensureServicesStarted(AppiumDriverManager.java:244)
	at com.kms.katalon.core.appium.driver.AppiumDriverManager.createMobileDriver(AppiumDriverManager.java:478)
	at com.kms.katalon.core.mobile.keyword.internal.MobileDriverFactory.startLocalMobileDriver(MobileDriverFactory.java:539)
	at com.kms.katalon.core.mobile.keyword.internal.MobileDriverFactory.startMobileDriver(MobileDriverFactory.java:452)
	at com.kms.katalon.core.mobile.keyword.builtin.StartApplicationKeyword$_startApplication_closure1.doCall(StartApplicationKeyword.groovy:49)
	at com.kms.katalon.core.mobile.keyword.builtin.StartApplicationKeyword$_startApplication_closure1.call(StartApplicationKeyword.groovy)
	at com.kms.katalon.core.mobile.keyword.internal.MobileKeywordMain.runKeyword(MobileKeywordMain.groovy:21)
	at com.kms.katalon.core.mobile.keyword.builtin.StartApplicationKeyword.startApplication(StartApplicationKeyword.groovy:51)
	at com.kms.katalon.core.mobile.keyword.builtin.StartApplicationKeyword.execute(StartApplicationKeyword.groovy:40)
	at com.kms.katalon.core.keyword.internal.KeywordExecutor.executeKeywordForPlatform(KeywordExecutor.groovy:74)
	at com.kms.katalon.core.mobile.keyword.MobileBuiltInKeywords.startApplication(MobileBuiltInKeywords.groovy:78)
	at com.kms.katalon.core.mobile.keyword.MobileBuiltInKeywords$startApplication.call(Unknown Source)
	at 22-Ajouter les informations de l expÃ©diteur en mode Guest.run(22-Ajouter les informations de l expÃ©diteur en mode Guest:20)
	at com.kms.katalon.core.main.ScriptEngine.run(ScriptEngine.java:194)
	at com.kms.katalon.core.main.ScriptEngine.runScriptAsRawText(ScriptEngine.java:119)
	at com.kms.katalon.core.main.TestCaseExecutor.runScript(TestCaseExecutor.java:448)
	at com.kms.katalon.core.main.TestCaseExecutor.doExecute(TestCaseExecutor.java:439)
	at com.kms.katalon.core.main.TestCaseExecutor.processExecutionPhase(TestCaseExecutor.java:418)
	at com.kms.katalon.core.main.TestCaseExecutor.accessMainPhase(TestCaseExecutor.java:410)
	at com.kms.katalon.core.main.TestCaseExecutor.execute(TestCaseExecutor.java:285)
	at com.kms.katalon.core.common.CommonExecutor.accessTestCaseMainPhase(CommonExecutor.java:65)
	at com.kms.katalon.core.main.TestSuiteExecutor.accessTestSuiteMainPhase(TestSuiteExecutor.java:151)
	at com.kms.katalon.core.main.TestSuiteExecutor.execute(TestSuiteExecutor.java:106)
	at com.kms.katalon.core.main.TestCaseMain.startTestSuite(TestCaseMain.java:185)
	at com.kms.katalon.core.main.TestCaseMain$startTestSuite$0.call(Unknown Source)
	at TempTestSuite1669107651687.run(TempTestSuite1669107651687.groovy:36)
)]]></system-out>
         <system-err><![CDATA[2022-11-22 10:10:07 - [TEST_CASE][FAILED] - Test Cases/Cas de test passant/22-Ajouter les informations de l expÃ©diteur en mode Guest: Test Cases/Cas de test passant/22-Ajouter les informations de l expÃ©diteur en mode Guest FAILED.
Reason:
com.kms.katalon.core.exception.StepFailedException: Unable to start app at: 'C:\Users\Ousseynou Diop\Desktop\APK Client\app-debug.apk' (Root cause: java.io.IOException: GetExitCodeProcess error=6, Descripteur non valide
	at com.kms.katalon.core.appium.driver.AppiumDriverManager.isAppiumServerStarted(AppiumDriverManager.java:194)
	at com.kms.katalon.core.appium.driver.AppiumDriverManager.startAppiumServerJS(AppiumDriverManager.java:258)
	at com.kms.katalon.core.appium.driver.AppiumDriverManager.startAppiumServerJS(AppiumDriverManager.java:412)
	at com.kms.katalon.core.appium.driver.AppiumDriverManager.ensureServicesStarted(AppiumDriverManager.java:244)
	at com.kms.katalon.core.appium.driver.AppiumDriverManager.createMobileDriver(AppiumDriverManager.java:478)
	at com.kms.katalon.core.mobile.keyword.internal.MobileDriverFactory.startLocalMobileDriver(MobileDriverFactory.java:539)
	at com.kms.katalon.core.mobile.keyword.internal.MobileDriverFactory.startMobileDriver(MobileDriverFactory.java:452)
	at com.kms.katalon.core.mobile.keyword.builtin.StartApplicationKeyword$_startApplication_closure1.doCall(StartApplicationKeyword.groovy:49)
	at com.kms.katalon.core.mobile.keyword.builtin.StartApplicationKeyword$_startApplication_closure1.call(StartApplicationKeyword.groovy)
	at com.kms.katalon.core.mobile.keyword.internal.MobileKeywordMain.runKeyword(MobileKeywordMain.groovy:21)
	at com.kms.katalon.core.mobile.keyword.builtin.StartApplicationKeyword.startApplication(StartApplicationKeyword.groovy:51)
	at com.kms.katalon.core.mobile.keyword.builtin.StartApplicationKeyword.execute(StartApplicationKeyword.groovy:40)
	at com.kms.katalon.core.keyword.internal.KeywordExecutor.executeKeywordForPlatform(KeywordExecutor.groovy:74)
	at com.kms.katalon.core.mobile.keyword.MobileBuiltInKeywords.startApplication(MobileBuiltInKeywords.groovy:78)
	at com.kms.katalon.core.mobile.keyword.MobileBuiltInKeywords$startApplication.call(Unknown Source)
	at 22-Ajouter les informations de l expÃ©diteur en mode Guest.run(22-Ajouter les informations de l expÃ©diteur en mode Guest:20)
	at com.kms.katalon.core.main.ScriptEngine.run(ScriptEngine.java:194)
	at com.kms.katalon.core.main.ScriptEngine.runScriptAsRawText(ScriptEngine.java:119)
	at com.kms.katalon.core.main.TestCaseExecutor.runScript(TestCaseExecutor.java:448)
	at com.kms.katalon.core.main.TestCaseExecutor.doExecute(TestCaseExecutor.java:439)
	at com.kms.katalon.core.main.TestCaseExecutor.processExecutionPhase(TestCaseExecutor.java:418)
	at com.kms.katalon.core.main.TestCaseExecutor.accessMainPhase(TestCaseExecutor.java:410)
	at com.kms.katalon.core.main.TestCaseExecutor.execute(TestCaseExecutor.java:285)
	at com.kms.katalon.core.common.CommonExecutor.accessTestCaseMainPhase(CommonExecutor.java:65)
	at com.kms.katalon.core.main.TestSuiteExecutor.accessTestSuiteMainPhase(TestSuiteExecutor.java:151)
	at com.kms.katalon.core.main.TestSuiteExecutor.execute(TestSuiteExecutor.java:106)
	at com.kms.katalon.core.main.TestCaseMain.startTestSuite(TestCaseMain.java:185)
	at com.kms.katalon.core.main.TestCaseMain$startTestSuite$0.call(Unknown Source)
	at TempTestSuite1669107651687.run(TempTestSuite1669107651687.groovy:36)
)
	at com.kms.katalon.core.keyword.internal.KeywordMain.stepFailed(KeywordMain.groovy:50)
	at com.kms.katalon.core.mobile.keyword.internal.MobileKeywordMain.stepFailed(MobileKeywordMain.groovy:40)
	at com.kms.katalon.core.mobile.keyword.internal.MobileKeywordMain.runKeyword(MobileKeywordMain.groovy:23)
	at com.kms.katalon.core.mobile.keyword.builtin.StartApplicationKeyword.startApplication(StartApplicationKeyword.groovy:51)
	at com.kms.katalon.core.mobile.keyword.builtin.StartApplicationKeyword.execute(StartApplicationKeyword.groovy:40)
	at com.kms.katalon.core.keyword.internal.KeywordExecutor.executeKeywordForPlatform(KeywordExecutor.groovy:74)
	at com.kms.katalon.core.mobile.keyword.MobileBuiltInKeywords.startApplication(MobileBuiltInKeywords.groovy:78)
	at com.kms.katalon.core.mobile.keyword.MobileBuiltInKeywords$startApplication.call(Unknown Source)
	at 22-Ajouter les informations de l expÃ©diteur en mode Guest.run(22-Ajouter les informations de l expÃ©diteur en mode Guest:20)
	at com.kms.katalon.core.main.ScriptEngine.run(ScriptEngine.java:194)
	at com.kms.katalon.core.main.ScriptEngine.runScriptAsRawText(ScriptEngine.java:119)
	at com.kms.katalon.core.main.TestCaseExecutor.runScript(TestCaseExecutor.java:448)
	at com.kms.katalon.core.main.TestCaseExecutor.doExecute(TestCaseExecutor.java:439)
	at com.kms.katalon.core.main.TestCaseExecutor.processExecutionPhase(TestCaseExecutor.java:418)
	at com.kms.katalon.core.main.TestCaseExecutor.accessMainPhase(TestCaseExecutor.java:410)
	at com.kms.katalon.core.main.TestCaseExecutor.execute(TestCaseExecutor.java:285)
	at com.kms.katalon.core.common.CommonExecutor.accessTestCaseMainPhase(CommonExecutor.java:65)
	at com.kms.katalon.core.main.TestSuiteExecutor.accessTestSuiteMainPhase(TestSuiteExecutor.java:151)
	at com.kms.katalon.core.main.TestSuiteExecutor.execute(TestSuiteExecutor.java:106)
	at com.kms.katalon.core.main.TestCaseMain.startTestSuite(TestCaseMain.java:185)
	at com.kms.katalon.core.main.TestCaseMain$startTestSuite$0.call(Unknown Source)
	at TempTestSuite1669107651687.run(TempTestSuite1669107651687.groovy:36)
Caused by: java.io.IOException: GetExitCodeProcess error=6, Descripteur non valide
	at com.kms.katalon.core.appium.driver.AppiumDriverManager.isAppiumServerStarted(AppiumDriverManager.java:194)
	at com.kms.katalon.core.appium.driver.AppiumDriverManager.startAppiumServerJS(AppiumDriverManager.java:258)
	at com.kms.katalon.core.appium.driver.AppiumDriverManager.startAppiumServerJS(AppiumDriverManager.java:412)
	at com.kms.katalon.core.appium.driver.AppiumDriverManager.ensureServicesStarted(AppiumDriverManager.java:244)
	at com.kms.katalon.core.appium.driver.AppiumDriverManager.createMobileDriver(AppiumDriverManager.java:478)
	at com.kms.katalon.core.mobile.keyword.internal.MobileDriverFactory.startLocalMobileDriver(MobileDriverFactory.java:539)
	at com.kms.katalon.core.mobile.keyword.internal.MobileDriverFactory.startMobileDriver(MobileDriverFactory.java:452)
	at com.kms.katalon.core.mobile.keyword.builtin.StartApplicationKeyword$_startApplication_closure1.doCall(StartApplicationKeyword.groovy:49)
	at com.kms.katalon.core.mobile.keyword.builtin.StartApplicationKeyword$_startApplication_closure1.call(StartApplicationKeyword.groovy)
	at com.kms.katalon.core.mobile.keyword.internal.MobileKeywordMain.runKeyword(MobileKeywordMain.groovy:21)
	... 19 more]]></system-err>
      </testcase>
      <testcase name="Test Cases/Cas de test passant/23- Ajouter les informations du destinataire en mode Guest" time="0.299" classname="Test Cases/Cas de test passant/23- Ajouter les informations du destinataire en mode Guest" status="FAILED">
         <failure type="FAILED" message="Test Cases/Cas de test passant/23- Ajouter les informations du destinataire en mode Guest FAILED.
Reason:
com.kms.katalon.core.exception.StepFailedException: Unable to start app at: 'C:\Users\Ousseynou Diop\Desktop\APK Client\app-debug.apk' (Root cause: java.io.IOException: GetExitCodeProcess error=6, Descripteur non valide
	at com.kms.katalon.core.appium.driver.AppiumDriverManager.isAppiumServerStarted(AppiumDriverManager.java:194)
	at com.kms.katalon.core.appium.driver.AppiumDriverManager.startAppiumServerJS(AppiumDriverManager.java:258)
	at com.kms.katalon.core.appium.driver.AppiumDriverManager.startAppiumServerJS(AppiumDriverManager.java:412)
	at com.kms.katalon.core.appium.driver.AppiumDriverManager.ensureServicesStarted(AppiumDriverManager.java:244)
	at com.kms.katalon.core.appium.driver.AppiumDriverManager.createMobileDriver(AppiumDriverManager.java:478)
	at com.kms.katalon.core.mobile.keyword.internal.MobileDriverFactory.startLocalMobileDriver(MobileDriverFactory.java:539)
	at com.kms.katalon.core.mobile.keyword.internal.MobileDriverFactory.startMobileDriver(MobileDriverFactory.java:452)
	at com.kms.katalon.core.mobile.keyword.builtin.StartApplicationKeyword$_startApplication_closure1.doCall(StartApplicationKeyword.groovy:49)
	at com.kms.katalon.core.mobile.keyword.builtin.StartApplicationKeyword$_startApplication_closure1.call(StartApplicationKeyword.groovy)
	at com.kms.katalon.core.mobile.keyword.internal.MobileKeywordMain.runKeyword(MobileKeywordMain.groovy:21)
	at com.kms.katalon.core.mobile.keyword.builtin.StartApplicationKeyword.startApplication(StartApplicationKeyword.groovy:51)
	at com.kms.katalon.core.mobile.keyword.builtin.StartApplicationKeyword.execute(StartApplicationKeyword.groovy:40)
	at com.kms.katalon.core.keyword.internal.KeywordExecutor.executeKeywordForPlatform(KeywordExecutor.groovy:74)
	at com.kms.katalon.core.mobile.keyword.MobileBuiltInKeywords.startApplication(MobileBuiltInKeywords.groovy:78)
	at com.kms.katalon.core.mobile.keyword.MobileBuiltInKeywords$startApplication.call(Unknown Source)
	at 23- Ajouter les informations du destinataire en mode Guest.run(23- Ajouter les informations du destinataire en mode Guest:20)
	at com.kms.katalon.core.main.ScriptEngine.run(ScriptEngine.java:194)
	at com.kms.katalon.core.main.ScriptEngine.runScriptAsRawText(ScriptEngine.java:119)
	at com.kms.katalon.core.main.TestCaseExecutor.runScript(TestCaseExecutor.java:448)
	at com.kms.katalon.core.main.TestCaseExecutor.doExecute(TestCaseExecutor.java:439)
	at com.kms.katalon.core.main.TestCaseExecutor.processExecutionPhase(TestCaseExecutor.java:418)
	at com.kms.katalon.core.main.TestCaseExecutor.accessMainPhase(TestCaseExecutor.java:410)
	at com.kms.katalon.core.main.TestCaseExecutor.execute(TestCaseExecutor.java:285)
	at com.kms.katalon.core.common.CommonExecutor.accessTestCaseMainPhase(CommonExecutor.java:65)
	at com.kms.katalon.core.main.TestSuiteExecutor.accessTestSuiteMainPhase(TestSuiteExecutor.java:151)
	at com.kms.katalon.core.main.TestSuiteExecutor.execute(TestSuiteExecutor.java:106)
	at com.kms.katalon.core.main.TestCaseMain.startTestSuite(TestCaseMain.java:185)
	at com.kms.katalon.core.main.TestCaseMain$startTestSuite$0.call(Unknown Source)
	at TempTestSuite1669107651687.run(TempTestSuite1669107651687.groovy:36)
)
	at com.kms.katalon.core.keyword.internal.KeywordMain.stepFailed(KeywordMain.groovy:50)
	at com.kms.katalon.core.mobile.keyword.internal.MobileKeywordMain.stepFailed(MobileKeywordMain.groovy:40)
	at com.kms.katalon.core.mobile.keyword.internal.MobileKeywordMain.runKeyword(MobileKeywordMain.groovy:23)
	at com.kms.katalon.core.mobile.keyword.builtin.StartApplicationKeyword.startApplication(StartApplicationKeyword.groovy:51)
	at com.kms.katalon.core.mobile.keyword.builtin.StartApplicationKeyword.execute(StartApplicationKeyword.groovy:40)
	at com.kms.katalon.core.keyword.internal.KeywordExecutor.executeKeywordForPlatform(KeywordExecutor.groovy:74)
	at com.kms.katalon.core.mobile.keyword.MobileBuiltInKeywords.startApplication(MobileBuiltInKeywords.groovy:78)
	at com.kms.katalon.core.mobile.keyword.MobileBuiltInKeywords$startApplication.call(Unknown Source)
	at 23- Ajouter les informations du destinataire en mode Guest.run(23- Ajouter les informations du destinataire en mode Guest:20)
	at com.kms.katalon.core.main.ScriptEngine.run(ScriptEngine.java:194)
	at com.kms.katalon.core.main.ScriptEngine.runScriptAsRawText(ScriptEngine.java:119)
	at com.kms.katalon.core.main.TestCaseExecutor.runScript(TestCaseExecutor.java:448)
	at com.kms.katalon.core.main.TestCaseExecutor.doExecute(TestCaseExecutor.java:439)
	at com.kms.katalon.core.main.TestCaseExecutor.processExecutionPhase(TestCaseExecutor.java:418)
	at com.kms.katalon.core.main.TestCaseExecutor.accessMainPhase(TestCaseExecutor.java:410)
	at com.kms.katalon.core.main.TestCaseExecutor.execute(TestCaseExecutor.java:285)
	at com.kms.katalon.core.common.CommonExecutor.accessTestCaseMainPhase(CommonExecutor.java:65)
	at com.kms.katalon.core.main.TestSuiteExecutor.accessTestSuiteMainPhase(TestSuiteExecutor.java:151)
	at com.kms.katalon.core.main.TestSuiteExecutor.execute(TestSuiteExecutor.java:106)
	at com.kms.katalon.core.main.TestCaseMain.startTestSuite(TestCaseMain.java:185)
	at com.kms.katalon.core.main.TestCaseMain$startTestSuite$0.call(Unknown Source)
	at TempTestSuite1669107651687.run(TempTestSuite1669107651687.groovy:36)
Caused by: java.io.IOException: GetExitCodeProcess error=6, Descripteur non valide
	at com.kms.katalon.core.appium.driver.AppiumDriverManager.isAppiumServerStarted(AppiumDriverManager.java:194)
	at com.kms.katalon.core.appium.driver.AppiumDriverManager.startAppiumServerJS(AppiumDriverManager.java:258)
	at com.kms.katalon.core.appium.driver.AppiumDriverManager.startAppiumServerJS(AppiumDriverManager.java:412)
	at com.kms.katalon.core.appium.driver.AppiumDriverManager.ensureServicesStarted(AppiumDriverManager.java:244)
	at com.kms.katalon.core.appium.driver.AppiumDriverManager.createMobileDriver(AppiumDriverManager.java:478)
	at com.kms.katalon.core.mobile.keyword.internal.MobileDriverFactory.startLocalMobileDriver(MobileDriverFactory.java:539)
	at com.kms.katalon.core.mobile.keyword.internal.MobileDriverFactory.startMobileDriver(MobileDriverFactory.java:452)
	at com.kms.katalon.core.mobile.keyword.builtin.StartApplicationKeyword$_startApplication_closure1.doCall(StartApplicationKeyword.groovy:49)
	at com.kms.katalon.core.mobile.keyword.builtin.StartApplicationKeyword$_startApplication_closure1.call(StartApplicationKeyword.groovy)
	at com.kms.katalon.core.mobile.keyword.internal.MobileKeywordMain.runKeyword(MobileKeywordMain.groovy:21)
	... 19 more
"/>
         <system-out><![CDATA[2022-11-22 10:10:07 - [TEST_CASE][FAILED] - Test Cases/Cas de test passant/23- Ajouter les informations du destinataire en mode Guest: Test Cases/Cas de test passant/23- Ajouter les informations du destinataire en mode Guest FAILED.
Reason:
com.kms.katalon.core.exception.StepFailedException: Unable to start app at: 'C:\Users\Ousseynou Diop\Desktop\APK Client\app-debug.apk' (Root cause: java.io.IOException: GetExitCodeProcess error=6, Descripteur non valide
	at com.kms.katalon.core.appium.driver.AppiumDriverManager.isAppiumServerStarted(AppiumDriverManager.java:194)
	at com.kms.katalon.core.appium.driver.AppiumDriverManager.startAppiumServerJS(AppiumDriverManager.java:258)
	at com.kms.katalon.core.appium.driver.AppiumDriverManager.startAppiumServerJS(AppiumDriverManager.java:412)
	at com.kms.katalon.core.appium.driver.AppiumDriverManager.ensureServicesStarted(AppiumDriverManager.java:244)
	at com.kms.katalon.core.appium.driver.AppiumDriverManager.createMobileDriver(AppiumDriverManager.java:478)
	at com.kms.katalon.core.mobile.keyword.internal.MobileDriverFactory.startLocalMobileDriver(MobileDriverFactory.java:539)
	at com.kms.katalon.core.mobile.keyword.internal.MobileDriverFactory.startMobileDriver(MobileDriverFactory.java:452)
	at com.kms.katalon.core.mobile.keyword.builtin.StartApplicationKeyword$_startApplication_closure1.doCall(StartApplicationKeyword.groovy:49)
	at com.kms.katalon.core.mobile.keyword.builtin.StartApplicationKeyword$_startApplication_closure1.call(StartApplicationKeyword.groovy)
	at com.kms.katalon.core.mobile.keyword.internal.MobileKeywordMain.runKeyword(MobileKeywordMain.groovy:21)
	at com.kms.katalon.core.mobile.keyword.builtin.StartApplicationKeyword.startApplication(StartApplicationKeyword.groovy:51)
	at com.kms.katalon.core.mobile.keyword.builtin.StartApplicationKeyword.execute(StartApplicationKeyword.groovy:40)
	at com.kms.katalon.core.keyword.internal.KeywordExecutor.executeKeywordForPlatform(KeywordExecutor.groovy:74)
	at com.kms.katalon.core.mobile.keyword.MobileBuiltInKeywords.startApplication(MobileBuiltInKeywords.groovy:78)
	at com.kms.katalon.core.mobile.keyword.MobileBuiltInKeywords$startApplication.call(Unknown Source)
	at 23- Ajouter les informations du destinataire en mode Guest.run(23- Ajouter les informations du destinataire en mode Guest:20)
	at com.kms.katalon.core.main.ScriptEngine.run(ScriptEngine.java:194)
	at com.kms.katalon.core.main.ScriptEngine.runScriptAsRawText(ScriptEngine.java:119)
	at com.kms.katalon.core.main.TestCaseExecutor.runScript(TestCaseExecutor.java:448)
	at com.kms.katalon.core.main.TestCaseExecutor.doExecute(TestCaseExecutor.java:439)
	at com.kms.katalon.core.main.TestCaseExecutor.processExecutionPhase(TestCaseExecutor.java:418)
	at com.kms.katalon.core.main.TestCaseExecutor.accessMainPhase(TestCaseExecutor.java:410)
	at com.kms.katalon.core.main.TestCaseExecutor.execute(TestCaseExecutor.java:285)
	at com.kms.katalon.core.common.CommonExecutor.accessTestCaseMainPhase(CommonExecutor.java:65)
	at com.kms.katalon.core.main.TestSuiteExecutor.accessTestSuiteMainPhase(TestSuiteExecutor.java:151)
	at com.kms.katalon.core.main.TestSuiteExecutor.execute(TestSuiteExecutor.java:106)
	at com.kms.katalon.core.main.TestCaseMain.startTestSuite(TestCaseMain.java:185)
	at com.kms.katalon.core.main.TestCaseMain$startTestSuite$0.call(Unknown Source)
	at TempTestSuite1669107651687.run(TempTestSuite1669107651687.groovy:36)
)
	at com.kms.katalon.core.keyword.internal.KeywordMain.stepFailed(KeywordMain.groovy:50)
	at com.kms.katalon.core.mobile.keyword.internal.MobileKeywordMain.stepFailed(MobileKeywordMain.groovy:40)
	at com.kms.katalon.core.mobile.keyword.internal.MobileKeywordMain.runKeyword(MobileKeywordMain.groovy:23)
	at com.kms.katalon.core.mobile.keyword.builtin.StartApplicationKeyword.startApplication(StartApplicationKeyword.groovy:51)
	at com.kms.katalon.core.mobile.keyword.builtin.StartApplicationKeyword.execute(StartApplicationKeyword.groovy:40)
	at com.kms.katalon.core.keyword.internal.KeywordExecutor.executeKeywordForPlatform(KeywordExecutor.groovy:74)
	at com.kms.katalon.core.mobile.keyword.MobileBuiltInKeywords.startApplication(MobileBuiltInKeywords.groovy:78)
	at com.kms.katalon.core.mobile.keyword.MobileBuiltInKeywords$startApplication.call(Unknown Source)
	at 23- Ajouter les informations du destinataire en mode Guest.run(23- Ajouter les informations du destinataire en mode Guest:20)
	at com.kms.katalon.core.main.ScriptEngine.run(ScriptEngine.java:194)
	at com.kms.katalon.core.main.ScriptEngine.runScriptAsRawText(ScriptEngine.java:119)
	at com.kms.katalon.core.main.TestCaseExecutor.runScript(TestCaseExecutor.java:448)
	at com.kms.katalon.core.main.TestCaseExecutor.doExecute(TestCaseExecutor.java:439)
	at com.kms.katalon.core.main.TestCaseExecutor.processExecutionPhase(TestCaseExecutor.java:418)
	at com.kms.katalon.core.main.TestCaseExecutor.accessMainPhase(TestCaseExecutor.java:410)
	at com.kms.katalon.core.main.TestCaseExecutor.execute(TestCaseExecutor.java:285)
	at com.kms.katalon.core.common.CommonExecutor.accessTestCaseMainPhase(CommonExecutor.java:65)
	at com.kms.katalon.core.main.TestSuiteExecutor.accessTestSuiteMainPhase(TestSuiteExecutor.java:151)
	at com.kms.katalon.core.main.TestSuiteExecutor.execute(TestSuiteExecutor.java:106)
	at com.kms.katalon.core.main.TestCaseMain.startTestSuite(TestCaseMain.java:185)
	at com.kms.katalon.core.main.TestCaseMain$startTestSuite$0.call(Unknown Source)
	at TempTestSuite1669107651687.run(TempTestSuite1669107651687.groovy:36)
Caused by: java.io.IOException: GetExitCodeProcess error=6, Descripteur non valide
	at com.kms.katalon.core.appium.driver.AppiumDriverManager.isAppiumServerStarted(AppiumDriverManager.java:194)
	at com.kms.katalon.core.appium.driver.AppiumDriverManager.startAppiumServerJS(AppiumDriverManager.java:258)
	at com.kms.katalon.core.appium.driver.AppiumDriverManager.startAppiumServerJS(AppiumDriverManager.java:412)
	at com.kms.katalon.core.appium.driver.AppiumDriverManager.ensureServicesStarted(AppiumDriverManager.java:244)
	at com.kms.katalon.core.appium.driver.AppiumDriverManager.createMobileDriver(AppiumDriverManager.java:478)
	at com.kms.katalon.core.mobile.keyword.internal.MobileDriverFactory.startLocalMobileDriver(MobileDriverFactory.java:539)
	at com.kms.katalon.core.mobile.keyword.internal.MobileDriverFactory.startMobileDriver(MobileDriverFactory.java:452)
	at com.kms.katalon.core.mobile.keyword.builtin.StartApplicationKeyword$_startApplication_closure1.doCall(StartApplicationKeyword.groovy:49)
	at com.kms.katalon.core.mobile.keyword.builtin.StartApplicationKeyword$_startApplication_closure1.call(StartApplicationKeyword.groovy)
	at com.kms.katalon.core.mobile.keyword.internal.MobileKeywordMain.runKeyword(MobileKeywordMain.groovy:21)
	... 19 more


2022-11-22 10:10:07 - [TEST_STEP][FAILED] - startApplication("C:\Users\Ousseynou Diop\Desktop\APK Client\app-debug.apk", true): Unable to start app at: 'C:\Users\Ousseynou Diop\Desktop\APK Client\app-debug.apk' (Root cause: java.io.IOException: GetExitCodeProcess error=6, Descripteur non valide
	at com.kms.katalon.core.appium.driver.AppiumDriverManager.isAppiumServerStarted(AppiumDriverManager.java:194)
	at com.kms.katalon.core.appium.driver.AppiumDriverManager.startAppiumServerJS(AppiumDriverManager.java:258)
	at com.kms.katalon.core.appium.driver.AppiumDriverManager.startAppiumServerJS(AppiumDriverManager.java:412)
	at com.kms.katalon.core.appium.driver.AppiumDriverManager.ensureServicesStarted(AppiumDriverManager.java:244)
	at com.kms.katalon.core.appium.driver.AppiumDriverManager.createMobileDriver(AppiumDriverManager.java:478)
	at com.kms.katalon.core.mobile.keyword.internal.MobileDriverFactory.startLocalMobileDriver(MobileDriverFactory.java:539)
	at com.kms.katalon.core.mobile.keyword.internal.MobileDriverFactory.startMobileDriver(MobileDriverFactory.java:452)
	at com.kms.katalon.core.mobile.keyword.builtin.StartApplicationKeyword$_startApplication_closure1.doCall(StartApplicationKeyword.groovy:49)
	at com.kms.katalon.core.mobile.keyword.builtin.StartApplicationKeyword$_startApplication_closure1.call(StartApplicationKeyword.groovy)
	at com.kms.katalon.core.mobile.keyword.internal.MobileKeywordMain.runKeyword(MobileKeywordMain.groovy:21)
	at com.kms.katalon.core.mobile.keyword.builtin.StartApplicationKeyword.startApplication(StartApplicationKeyword.groovy:51)
	at com.kms.katalon.core.mobile.keyword.builtin.StartApplicationKeyword.execute(StartApplicationKeyword.groovy:40)
	at com.kms.katalon.core.keyword.internal.KeywordExecutor.executeKeywordForPlatform(KeywordExecutor.groovy:74)
	at com.kms.katalon.core.mobile.keyword.MobileBuiltInKeywords.startApplication(MobileBuiltInKeywords.groovy:78)
	at com.kms.katalon.core.mobile.keyword.MobileBuiltInKeywords$startApplication.call(Unknown Source)
	at 23- Ajouter les informations du destinataire en mode Guest.run(23- Ajouter les informations du destinataire en mode Guest:20)
	at com.kms.katalon.core.main.ScriptEngine.run(ScriptEngine.java:194)
	at com.kms.katalon.core.main.ScriptEngine.runScriptAsRawText(ScriptEngine.java:119)
	at com.kms.katalon.core.main.TestCaseExecutor.runScript(TestCaseExecutor.java:448)
	at com.kms.katalon.core.main.TestCaseExecutor.doExecute(TestCaseExecutor.java:439)
	at com.kms.katalon.core.main.TestCaseExecutor.processExecutionPhase(TestCaseExecutor.java:418)
	at com.kms.katalon.core.main.TestCaseExecutor.accessMainPhase(TestCaseExecutor.java:410)
	at com.kms.katalon.core.main.TestCaseExecutor.execute(TestCaseExecutor.java:285)
	at com.kms.katalon.core.common.CommonExecutor.accessTestCaseMainPhase(CommonExecutor.java:65)
	at com.kms.katalon.core.main.TestSuiteExecutor.accessTestSuiteMainPhase(TestSuiteExecutor.java:151)
	at com.kms.katalon.core.main.TestSuiteExecutor.execute(TestSuiteExecutor.java:106)
	at com.kms.katalon.core.main.TestCaseMain.startTestSuite(TestCaseMain.java:185)
	at com.kms.katalon.core.main.TestCaseMain$startTestSuite$0.call(Unknown Source)
	at TempTestSuite1669107651687.run(TempTestSuite1669107651687.groovy:36)
)

2022-11-22 10:10:07 - [MESSAGE][FAILED] - Unable to start app at: 'C:\Users\Ousseynou Diop\Desktop\APK Client\app-debug.apk' (Root cause: java.io.IOException: GetExitCodeProcess error=6, Descripteur non valide
	at com.kms.katalon.core.appium.driver.AppiumDriverManager.isAppiumServerStarted(AppiumDriverManager.java:194)
	at com.kms.katalon.core.appium.driver.AppiumDriverManager.startAppiumServerJS(AppiumDriverManager.java:258)
	at com.kms.katalon.core.appium.driver.AppiumDriverManager.startAppiumServerJS(AppiumDriverManager.java:412)
	at com.kms.katalon.core.appium.driver.AppiumDriverManager.ensureServicesStarted(AppiumDriverManager.java:244)
	at com.kms.katalon.core.appium.driver.AppiumDriverManager.createMobileDriver(AppiumDriverManager.java:478)
	at com.kms.katalon.core.mobile.keyword.internal.MobileDriverFactory.startLocalMobileDriver(MobileDriverFactory.java:539)
	at com.kms.katalon.core.mobile.keyword.internal.MobileDriverFactory.startMobileDriver(MobileDriverFactory.java:452)
	at com.kms.katalon.core.mobile.keyword.builtin.StartApplicationKeyword$_startApplication_closure1.doCall(StartApplicationKeyword.groovy:49)
	at com.kms.katalon.core.mobile.keyword.builtin.StartApplicationKeyword$_startApplication_closure1.call(StartApplicationKeyword.groovy)
	at com.kms.katalon.core.mobile.keyword.internal.MobileKeywordMain.runKeyword(MobileKeywordMain.groovy:21)
	at com.kms.katalon.core.mobile.keyword.builtin.StartApplicationKeyword.startApplication(StartApplicationKeyword.groovy:51)
	at com.kms.katalon.core.mobile.keyword.builtin.StartApplicationKeyword.execute(StartApplicationKeyword.groovy:40)
	at com.kms.katalon.core.keyword.internal.KeywordExecutor.executeKeywordForPlatform(KeywordExecutor.groovy:74)
	at com.kms.katalon.core.mobile.keyword.MobileBuiltInKeywords.startApplication(MobileBuiltInKeywords.groovy:78)
	at com.kms.katalon.core.mobile.keyword.MobileBuiltInKeywords$startApplication.call(Unknown Source)
	at 23- Ajouter les informations du destinataire en mode Guest.run(23- Ajouter les informations du destinataire en mode Guest:20)
	at com.kms.katalon.core.main.ScriptEngine.run(ScriptEngine.java:194)
	at com.kms.katalon.core.main.ScriptEngine.runScriptAsRawText(ScriptEngine.java:119)
	at com.kms.katalon.core.main.TestCaseExecutor.runScript(TestCaseExecutor.java:448)
	at com.kms.katalon.core.main.TestCaseExecutor.doExecute(TestCaseExecutor.java:439)
	at com.kms.katalon.core.main.TestCaseExecutor.processExecutionPhase(TestCaseExecutor.java:418)
	at com.kms.katalon.core.main.TestCaseExecutor.accessMainPhase(TestCaseExecutor.java:410)
	at com.kms.katalon.core.main.TestCaseExecutor.execute(TestCaseExecutor.java:285)
	at com.kms.katalon.core.common.CommonExecutor.accessTestCaseMainPhase(CommonExecutor.java:65)
	at com.kms.katalon.core.main.TestSuiteExecutor.accessTestSuiteMainPhase(TestSuiteExecutor.java:151)
	at com.kms.katalon.core.main.TestSuiteExecutor.execute(TestSuiteExecutor.java:106)
	at com.kms.katalon.core.main.TestCaseMain.startTestSuite(TestCaseMain.java:185)
	at com.kms.katalon.core.main.TestCaseMain$startTestSuite$0.call(Unknown Source)
	at TempTestSuite1669107651687.run(TempTestSuite1669107651687.groovy:36)
)]]></system-out>
         <system-err><![CDATA[2022-11-22 10:10:07 - [TEST_CASE][FAILED] - Test Cases/Cas de test passant/23- Ajouter les informations du destinataire en mode Guest: Test Cases/Cas de test passant/23- Ajouter les informations du destinataire en mode Guest FAILED.
Reason:
com.kms.katalon.core.exception.StepFailedException: Unable to start app at: 'C:\Users\Ousseynou Diop\Desktop\APK Client\app-debug.apk' (Root cause: java.io.IOException: GetExitCodeProcess error=6, Descripteur non valide
	at com.kms.katalon.core.appium.driver.AppiumDriverManager.isAppiumServerStarted(AppiumDriverManager.java:194)
	at com.kms.katalon.core.appium.driver.AppiumDriverManager.startAppiumServerJS(AppiumDriverManager.java:258)
	at com.kms.katalon.core.appium.driver.AppiumDriverManager.startAppiumServerJS(AppiumDriverManager.java:412)
	at com.kms.katalon.core.appium.driver.AppiumDriverManager.ensureServicesStarted(AppiumDriverManager.java:244)
	at com.kms.katalon.core.appium.driver.AppiumDriverManager.createMobileDriver(AppiumDriverManager.java:478)
	at com.kms.katalon.core.mobile.keyword.internal.MobileDriverFactory.startLocalMobileDriver(MobileDriverFactory.java:539)
	at com.kms.katalon.core.mobile.keyword.internal.MobileDriverFactory.startMobileDriver(MobileDriverFactory.java:452)
	at com.kms.katalon.core.mobile.keyword.builtin.StartApplicationKeyword$_startApplication_closure1.doCall(StartApplicationKeyword.groovy:49)
	at com.kms.katalon.core.mobile.keyword.builtin.StartApplicationKeyword$_startApplication_closure1.call(StartApplicationKeyword.groovy)
	at com.kms.katalon.core.mobile.keyword.internal.MobileKeywordMain.runKeyword(MobileKeywordMain.groovy:21)
	at com.kms.katalon.core.mobile.keyword.builtin.StartApplicationKeyword.startApplication(StartApplicationKeyword.groovy:51)
	at com.kms.katalon.core.mobile.keyword.builtin.StartApplicationKeyword.execute(StartApplicationKeyword.groovy:40)
	at com.kms.katalon.core.keyword.internal.KeywordExecutor.executeKeywordForPlatform(KeywordExecutor.groovy:74)
	at com.kms.katalon.core.mobile.keyword.MobileBuiltInKeywords.startApplication(MobileBuiltInKeywords.groovy:78)
	at com.kms.katalon.core.mobile.keyword.MobileBuiltInKeywords$startApplication.call(Unknown Source)
	at 23- Ajouter les informations du destinataire en mode Guest.run(23- Ajouter les informations du destinataire en mode Guest:20)
	at com.kms.katalon.core.main.ScriptEngine.run(ScriptEngine.java:194)
	at com.kms.katalon.core.main.ScriptEngine.runScriptAsRawText(ScriptEngine.java:119)
	at com.kms.katalon.core.main.TestCaseExecutor.runScript(TestCaseExecutor.java:448)
	at com.kms.katalon.core.main.TestCaseExecutor.doExecute(TestCaseExecutor.java:439)
	at com.kms.katalon.core.main.TestCaseExecutor.processExecutionPhase(TestCaseExecutor.java:418)
	at com.kms.katalon.core.main.TestCaseExecutor.accessMainPhase(TestCaseExecutor.java:410)
	at com.kms.katalon.core.main.TestCaseExecutor.execute(TestCaseExecutor.java:285)
	at com.kms.katalon.core.common.CommonExecutor.accessTestCaseMainPhase(CommonExecutor.java:65)
	at com.kms.katalon.core.main.TestSuiteExecutor.accessTestSuiteMainPhase(TestSuiteExecutor.java:151)
	at com.kms.katalon.core.main.TestSuiteExecutor.execute(TestSuiteExecutor.java:106)
	at com.kms.katalon.core.main.TestCaseMain.startTestSuite(TestCaseMain.java:185)
	at com.kms.katalon.core.main.TestCaseMain$startTestSuite$0.call(Unknown Source)
	at TempTestSuite1669107651687.run(TempTestSuite1669107651687.groovy:36)
)
	at com.kms.katalon.core.keyword.internal.KeywordMain.stepFailed(KeywordMain.groovy:50)
	at com.kms.katalon.core.mobile.keyword.internal.MobileKeywordMain.stepFailed(MobileKeywordMain.groovy:40)
	at com.kms.katalon.core.mobile.keyword.internal.MobileKeywordMain.runKeyword(MobileKeywordMain.groovy:23)
	at com.kms.katalon.core.mobile.keyword.builtin.StartApplicationKeyword.startApplication(StartApplicationKeyword.groovy:51)
	at com.kms.katalon.core.mobile.keyword.builtin.StartApplicationKeyword.execute(StartApplicationKeyword.groovy:40)
	at com.kms.katalon.core.keyword.internal.KeywordExecutor.executeKeywordForPlatform(KeywordExecutor.groovy:74)
	at com.kms.katalon.core.mobile.keyword.MobileBuiltInKeywords.startApplication(MobileBuiltInKeywords.groovy:78)
	at com.kms.katalon.core.mobile.keyword.MobileBuiltInKeywords$startApplication.call(Unknown Source)
	at 23- Ajouter les informations du destinataire en mode Guest.run(23- Ajouter les informations du destinataire en mode Guest:20)
	at com.kms.katalon.core.main.ScriptEngine.run(ScriptEngine.java:194)
	at com.kms.katalon.core.main.ScriptEngine.runScriptAsRawText(ScriptEngine.java:119)
	at com.kms.katalon.core.main.TestCaseExecutor.runScript(TestCaseExecutor.java:448)
	at com.kms.katalon.core.main.TestCaseExecutor.doExecute(TestCaseExecutor.java:439)
	at com.kms.katalon.core.main.TestCaseExecutor.processExecutionPhase(TestCaseExecutor.java:418)
	at com.kms.katalon.core.main.TestCaseExecutor.accessMainPhase(TestCaseExecutor.java:410)
	at com.kms.katalon.core.main.TestCaseExecutor.execute(TestCaseExecutor.java:285)
	at com.kms.katalon.core.common.CommonExecutor.accessTestCaseMainPhase(CommonExecutor.java:65)
	at com.kms.katalon.core.main.TestSuiteExecutor.accessTestSuiteMainPhase(TestSuiteExecutor.java:151)
	at com.kms.katalon.core.main.TestSuiteExecutor.execute(TestSuiteExecutor.java:106)
	at com.kms.katalon.core.main.TestCaseMain.startTestSuite(TestCaseMain.java:185)
	at com.kms.katalon.core.main.TestCaseMain$startTestSuite$0.call(Unknown Source)
	at TempTestSuite1669107651687.run(TempTestSuite1669107651687.groovy:36)
Caused by: java.io.IOException: GetExitCodeProcess error=6, Descripteur non valide
	at com.kms.katalon.core.appium.driver.AppiumDriverManager.isAppiumServerStarted(AppiumDriverManager.java:194)
	at com.kms.katalon.core.appium.driver.AppiumDriverManager.startAppiumServerJS(AppiumDriverManager.java:258)
	at com.kms.katalon.core.appium.driver.AppiumDriverManager.startAppiumServerJS(AppiumDriverManager.java:412)
	at com.kms.katalon.core.appium.driver.AppiumDriverManager.ensureServicesStarted(AppiumDriverManager.java:244)
	at com.kms.katalon.core.appium.driver.AppiumDriverManager.createMobileDriver(AppiumDriverManager.java:478)
	at com.kms.katalon.core.mobile.keyword.internal.MobileDriverFactory.startLocalMobileDriver(MobileDriverFactory.java:539)
	at com.kms.katalon.core.mobile.keyword.internal.MobileDriverFactory.startMobileDriver(MobileDriverFactory.java:452)
	at com.kms.katalon.core.mobile.keyword.builtin.StartApplicationKeyword$_startApplication_closure1.doCall(StartApplicationKeyword.groovy:49)
	at com.kms.katalon.core.mobile.keyword.builtin.StartApplicationKeyword$_startApplication_closure1.call(StartApplicationKeyword.groovy)
	at com.kms.katalon.core.mobile.keyword.internal.MobileKeywordMain.runKeyword(MobileKeywordMain.groovy:21)
	... 19 more]]></system-err>
      </testcase>
      <testcase name="Test Cases/Cas de test passant/24-Notation du shopper et pourboire (MSR-222)" time="4.236" classname="Test Cases/Cas de test passant/24-Notation du shopper et pourboire (MSR-222)" status="FAILED">
         <failure type="FAILED" message="Test Cases/Cas de test passant/24-Notation du shopper et pourboire (MSR-222) FAILED.
Reason:
com.kms.katalon.core.exception.StepFailedException: Unable to start app at: 'C:\Users\Ousseynou Diop\Desktop\APK Client\app-debug.apk' (Root cause: java.io.IOException: GetExitCodeProcess error=6, Descripteur non valide
	at com.kms.katalon.core.appium.driver.AppiumDriverManager.isAppiumServerStarted(AppiumDriverManager.java:194)
	at com.kms.katalon.core.appium.driver.AppiumDriverManager.startAppiumServerJS(AppiumDriverManager.java:258)
	at com.kms.katalon.core.appium.driver.AppiumDriverManager.startAppiumServerJS(AppiumDriverManager.java:412)
	at com.kms.katalon.core.appium.driver.AppiumDriverManager.ensureServicesStarted(AppiumDriverManager.java:244)
	at com.kms.katalon.core.appium.driver.AppiumDriverManager.createMobileDriver(AppiumDriverManager.java:478)
	at com.kms.katalon.core.mobile.keyword.internal.MobileDriverFactory.startLocalMobileDriver(MobileDriverFactory.java:539)
	at com.kms.katalon.core.mobile.keyword.internal.MobileDriverFactory.startMobileDriver(MobileDriverFactory.java:452)
	at com.kms.katalon.core.mobile.keyword.builtin.StartApplicationKeyword$_startApplication_closure1.doCall(StartApplicationKeyword.groovy:49)
	at com.kms.katalon.core.mobile.keyword.builtin.StartApplicationKeyword$_startApplication_closure1.call(StartApplicationKeyword.groovy)
	at com.kms.katalon.core.mobile.keyword.internal.MobileKeywordMain.runKeyword(MobileKeywordMain.groovy:21)
	at com.kms.katalon.core.mobile.keyword.builtin.StartApplicationKeyword.startApplication(StartApplicationKeyword.groovy:51)
	at com.kms.katalon.core.mobile.keyword.builtin.StartApplicationKeyword.execute(StartApplicationKeyword.groovy:40)
	at com.kms.katalon.core.keyword.internal.KeywordExecutor.executeKeywordForPlatform(KeywordExecutor.groovy:74)
	at com.kms.katalon.core.mobile.keyword.MobileBuiltInKeywords.startApplication(MobileBuiltInKeywords.groovy:78)
	at com.kms.katalon.core.mobile.keyword.MobileBuiltInKeywords$startApplication.call(Unknown Source)
	at 24-Notation du shopper et pourboire (MSR-222).run(24-Notation du shopper et pourboire (MSR-222):22)
	at com.kms.katalon.core.main.ScriptEngine.run(ScriptEngine.java:194)
	at com.kms.katalon.core.main.ScriptEngine.runScriptAsRawText(ScriptEngine.java:119)
	at com.kms.katalon.core.main.TestCaseExecutor.runScript(TestCaseExecutor.java:448)
	at com.kms.katalon.core.main.TestCaseExecutor.doExecute(TestCaseExecutor.java:439)
	at com.kms.katalon.core.main.TestCaseExecutor.processExecutionPhase(TestCaseExecutor.java:418)
	at com.kms.katalon.core.main.TestCaseExecutor.accessMainPhase(TestCaseExecutor.java:410)
	at com.kms.katalon.core.main.TestCaseExecutor.execute(TestCaseExecutor.java:285)
	at com.kms.katalon.core.common.CommonExecutor.accessTestCaseMainPhase(CommonExecutor.java:65)
	at com.kms.katalon.core.main.TestSuiteExecutor.accessTestSuiteMainPhase(TestSuiteExecutor.java:151)
	at com.kms.katalon.core.main.TestSuiteExecutor.execute(TestSuiteExecutor.java:106)
	at com.kms.katalon.core.main.TestCaseMain.startTestSuite(TestCaseMain.java:185)
	at com.kms.katalon.core.main.TestCaseMain$startTestSuite$0.call(Unknown Source)
	at TempTestSuite1669107651687.run(TempTestSuite1669107651687.groovy:36)
)
	at com.kms.katalon.core.keyword.internal.KeywordMain.stepFailed(KeywordMain.groovy:50)
	at com.kms.katalon.core.mobile.keyword.internal.MobileKeywordMain.stepFailed(MobileKeywordMain.groovy:40)
	at com.kms.katalon.core.mobile.keyword.internal.MobileKeywordMain.runKeyword(MobileKeywordMain.groovy:23)
	at com.kms.katalon.core.mobile.keyword.builtin.StartApplicationKeyword.startApplication(StartApplicationKeyword.groovy:51)
	at com.kms.katalon.core.mobile.keyword.builtin.StartApplicationKeyword.execute(StartApplicationKeyword.groovy:40)
	at com.kms.katalon.core.keyword.internal.KeywordExecutor.executeKeywordForPlatform(KeywordExecutor.groovy:74)
	at com.kms.katalon.core.mobile.keyword.MobileBuiltInKeywords.startApplication(MobileBuiltInKeywords.groovy:78)
	at com.kms.katalon.core.mobile.keyword.MobileBuiltInKeywords$startApplication.call(Unknown Source)
	at 24-Notation du shopper et pourboire (MSR-222).run(24-Notation du shopper et pourboire (MSR-222):22)
	at com.kms.katalon.core.main.ScriptEngine.run(ScriptEngine.java:194)
	at com.kms.katalon.core.main.ScriptEngine.runScriptAsRawText(ScriptEngine.java:119)
	at com.kms.katalon.core.main.TestCaseExecutor.runScript(TestCaseExecutor.java:448)
	at com.kms.katalon.core.main.TestCaseExecutor.doExecute(TestCaseExecutor.java:439)
	at com.kms.katalon.core.main.TestCaseExecutor.processExecutionPhase(TestCaseExecutor.java:418)
	at com.kms.katalon.core.main.TestCaseExecutor.accessMainPhase(TestCaseExecutor.java:410)
	at com.kms.katalon.core.main.TestCaseExecutor.execute(TestCaseExecutor.java:285)
	at com.kms.katalon.core.common.CommonExecutor.accessTestCaseMainPhase(CommonExecutor.java:65)
	at com.kms.katalon.core.main.TestSuiteExecutor.accessTestSuiteMainPhase(TestSuiteExecutor.java:151)
	at com.kms.katalon.core.main.TestSuiteExecutor.execute(TestSuiteExecutor.java:106)
	at com.kms.katalon.core.main.TestCaseMain.startTestSuite(TestCaseMain.java:185)
	at com.kms.katalon.core.main.TestCaseMain$startTestSuite$0.call(Unknown Source)
	at TempTestSuite1669107651687.run(TempTestSuite1669107651687.groovy:36)
Caused by: java.io.IOException: GetExitCodeProcess error=6, Descripteur non valide
	at com.kms.katalon.core.appium.driver.AppiumDriverManager.isAppiumServerStarted(AppiumDriverManager.java:194)
	at com.kms.katalon.core.appium.driver.AppiumDriverManager.startAppiumServerJS(AppiumDriverManager.java:258)
	at com.kms.katalon.core.appium.driver.AppiumDriverManager.startAppiumServerJS(AppiumDriverManager.java:412)
	at com.kms.katalon.core.appium.driver.AppiumDriverManager.ensureServicesStarted(AppiumDriverManager.java:244)
	at com.kms.katalon.core.appium.driver.AppiumDriverManager.createMobileDriver(AppiumDriverManager.java:478)
	at com.kms.katalon.core.mobile.keyword.internal.MobileDriverFactory.startLocalMobileDriver(MobileDriverFactory.java:539)
	at com.kms.katalon.core.mobile.keyword.internal.MobileDriverFactory.startMobileDriver(MobileDriverFactory.java:452)
	at com.kms.katalon.core.mobile.keyword.builtin.StartApplicationKeyword$_startApplication_closure1.doCall(StartApplicationKeyword.groovy:49)
	at com.kms.katalon.core.mobile.keyword.builtin.StartApplicationKeyword$_startApplication_closure1.call(StartApplicationKeyword.groovy)
	at com.kms.katalon.core.mobile.keyword.internal.MobileKeywordMain.runKeyword(MobileKeywordMain.groovy:21)
	... 19 more
"/>
         <system-out><![CDATA[2022-11-22 10:10:07 - [TEST_CASE][FAILED] - Test Cases/Cas de test passant/24-Notation du shopper et pourboire (MSR-222): Test Cases/Cas de test passant/24-Notation du shopper et pourboire (MSR-222) FAILED.
Reason:
com.kms.katalon.core.exception.StepFailedException: Unable to start app at: 'C:\Users\Ousseynou Diop\Desktop\APK Client\app-debug.apk' (Root cause: java.io.IOException: GetExitCodeProcess error=6, Descripteur non valide
	at com.kms.katalon.core.appium.driver.AppiumDriverManager.isAppiumServerStarted(AppiumDriverManager.java:194)
	at com.kms.katalon.core.appium.driver.AppiumDriverManager.startAppiumServerJS(AppiumDriverManager.java:258)
	at com.kms.katalon.core.appium.driver.AppiumDriverManager.startAppiumServerJS(AppiumDriverManager.java:412)
	at com.kms.katalon.core.appium.driver.AppiumDriverManager.ensureServicesStarted(AppiumDriverManager.java:244)
	at com.kms.katalon.core.appium.driver.AppiumDriverManager.createMobileDriver(AppiumDriverManager.java:478)
	at com.kms.katalon.core.mobile.keyword.internal.MobileDriverFactory.startLocalMobileDriver(MobileDriverFactory.java:539)
	at com.kms.katalon.core.mobile.keyword.internal.MobileDriverFactory.startMobileDriver(MobileDriverFactory.java:452)
	at com.kms.katalon.core.mobile.keyword.builtin.StartApplicationKeyword$_startApplication_closure1.doCall(StartApplicationKeyword.groovy:49)
	at com.kms.katalon.core.mobile.keyword.builtin.StartApplicationKeyword$_startApplication_closure1.call(StartApplicationKeyword.groovy)
	at com.kms.katalon.core.mobile.keyword.internal.MobileKeywordMain.runKeyword(MobileKeywordMain.groovy:21)
	at com.kms.katalon.core.mobile.keyword.builtin.StartApplicationKeyword.startApplication(StartApplicationKeyword.groovy:51)
	at com.kms.katalon.core.mobile.keyword.builtin.StartApplicationKeyword.execute(StartApplicationKeyword.groovy:40)
	at com.kms.katalon.core.keyword.internal.KeywordExecutor.executeKeywordForPlatform(KeywordExecutor.groovy:74)
	at com.kms.katalon.core.mobile.keyword.MobileBuiltInKeywords.startApplication(MobileBuiltInKeywords.groovy:78)
	at com.kms.katalon.core.mobile.keyword.MobileBuiltInKeywords$startApplication.call(Unknown Source)
	at 24-Notation du shopper et pourboire (MSR-222).run(24-Notation du shopper et pourboire (MSR-222):22)
	at com.kms.katalon.core.main.ScriptEngine.run(ScriptEngine.java:194)
	at com.kms.katalon.core.main.ScriptEngine.runScriptAsRawText(ScriptEngine.java:119)
	at com.kms.katalon.core.main.TestCaseExecutor.runScript(TestCaseExecutor.java:448)
	at com.kms.katalon.core.main.TestCaseExecutor.doExecute(TestCaseExecutor.java:439)
	at com.kms.katalon.core.main.TestCaseExecutor.processExecutionPhase(TestCaseExecutor.java:418)
	at com.kms.katalon.core.main.TestCaseExecutor.accessMainPhase(TestCaseExecutor.java:410)
	at com.kms.katalon.core.main.TestCaseExecutor.execute(TestCaseExecutor.java:285)
	at com.kms.katalon.core.common.CommonExecutor.accessTestCaseMainPhase(CommonExecutor.java:65)
	at com.kms.katalon.core.main.TestSuiteExecutor.accessTestSuiteMainPhase(TestSuiteExecutor.java:151)
	at com.kms.katalon.core.main.TestSuiteExecutor.execute(TestSuiteExecutor.java:106)
	at com.kms.katalon.core.main.TestCaseMain.startTestSuite(TestCaseMain.java:185)
	at com.kms.katalon.core.main.TestCaseMain$startTestSuite$0.call(Unknown Source)
	at TempTestSuite1669107651687.run(TempTestSuite1669107651687.groovy:36)
)
	at com.kms.katalon.core.keyword.internal.KeywordMain.stepFailed(KeywordMain.groovy:50)
	at com.kms.katalon.core.mobile.keyword.internal.MobileKeywordMain.stepFailed(MobileKeywordMain.groovy:40)
	at com.kms.katalon.core.mobile.keyword.internal.MobileKeywordMain.runKeyword(MobileKeywordMain.groovy:23)
	at com.kms.katalon.core.mobile.keyword.builtin.StartApplicationKeyword.startApplication(StartApplicationKeyword.groovy:51)
	at com.kms.katalon.core.mobile.keyword.builtin.StartApplicationKeyword.execute(StartApplicationKeyword.groovy:40)
	at com.kms.katalon.core.keyword.internal.KeywordExecutor.executeKeywordForPlatform(KeywordExecutor.groovy:74)
	at com.kms.katalon.core.mobile.keyword.MobileBuiltInKeywords.startApplication(MobileBuiltInKeywords.groovy:78)
	at com.kms.katalon.core.mobile.keyword.MobileBuiltInKeywords$startApplication.call(Unknown Source)
	at 24-Notation du shopper et pourboire (MSR-222).run(24-Notation du shopper et pourboire (MSR-222):22)
	at com.kms.katalon.core.main.ScriptEngine.run(ScriptEngine.java:194)
	at com.kms.katalon.core.main.ScriptEngine.runScriptAsRawText(ScriptEngine.java:119)
	at com.kms.katalon.core.main.TestCaseExecutor.runScript(TestCaseExecutor.java:448)
	at com.kms.katalon.core.main.TestCaseExecutor.doExecute(TestCaseExecutor.java:439)
	at com.kms.katalon.core.main.TestCaseExecutor.processExecutionPhase(TestCaseExecutor.java:418)
	at com.kms.katalon.core.main.TestCaseExecutor.accessMainPhase(TestCaseExecutor.java:410)
	at com.kms.katalon.core.main.TestCaseExecutor.execute(TestCaseExecutor.java:285)
	at com.kms.katalon.core.common.CommonExecutor.accessTestCaseMainPhase(CommonExecutor.java:65)
	at com.kms.katalon.core.main.TestSuiteExecutor.accessTestSuiteMainPhase(TestSuiteExecutor.java:151)
	at com.kms.katalon.core.main.TestSuiteExecutor.execute(TestSuiteExecutor.java:106)
	at com.kms.katalon.core.main.TestCaseMain.startTestSuite(TestCaseMain.java:185)
	at com.kms.katalon.core.main.TestCaseMain$startTestSuite$0.call(Unknown Source)
	at TempTestSuite1669107651687.run(TempTestSuite1669107651687.groovy:36)
Caused by: java.io.IOException: GetExitCodeProcess error=6, Descripteur non valide
	at com.kms.katalon.core.appium.driver.AppiumDriverManager.isAppiumServerStarted(AppiumDriverManager.java:194)
	at com.kms.katalon.core.appium.driver.AppiumDriverManager.startAppiumServerJS(AppiumDriverManager.java:258)
	at com.kms.katalon.core.appium.driver.AppiumDriverManager.startAppiumServerJS(AppiumDriverManager.java:412)
	at com.kms.katalon.core.appium.driver.AppiumDriverManager.ensureServicesStarted(AppiumDriverManager.java:244)
	at com.kms.katalon.core.appium.driver.AppiumDriverManager.createMobileDriver(AppiumDriverManager.java:478)
	at com.kms.katalon.core.mobile.keyword.internal.MobileDriverFactory.startLocalMobileDriver(MobileDriverFactory.java:539)
	at com.kms.katalon.core.mobile.keyword.internal.MobileDriverFactory.startMobileDriver(MobileDriverFactory.java:452)
	at com.kms.katalon.core.mobile.keyword.builtin.StartApplicationKeyword$_startApplication_closure1.doCall(StartApplicationKeyword.groovy:49)
	at com.kms.katalon.core.mobile.keyword.builtin.StartApplicationKeyword$_startApplication_closure1.call(StartApplicationKeyword.groovy)
	at com.kms.katalon.core.mobile.keyword.internal.MobileKeywordMain.runKeyword(MobileKeywordMain.groovy:21)
	... 19 more


2022-11-22 10:10:08 - [TEST_STEP][PASSED] - closeApplication(): Close app successfully

2022-11-22 10:10:11 - [MESSAGE][PASSED] - Close app successfully

2022-11-22 10:10:11 - [TEST_STEP][FAILED] - startApplication("C:\Users\Ousseynou Diop\Desktop\APK Client\app-debug.apk", true): Unable to start app at: 'C:\Users\Ousseynou Diop\Desktop\APK Client\app-debug.apk' (Root cause: java.io.IOException: GetExitCodeProcess error=6, Descripteur non valide
	at com.kms.katalon.core.appium.driver.AppiumDriverManager.isAppiumServerStarted(AppiumDriverManager.java:194)
	at com.kms.katalon.core.appium.driver.AppiumDriverManager.startAppiumServerJS(AppiumDriverManager.java:258)
	at com.kms.katalon.core.appium.driver.AppiumDriverManager.startAppiumServerJS(AppiumDriverManager.java:412)
	at com.kms.katalon.core.appium.driver.AppiumDriverManager.ensureServicesStarted(AppiumDriverManager.java:244)
	at com.kms.katalon.core.appium.driver.AppiumDriverManager.createMobileDriver(AppiumDriverManager.java:478)
	at com.kms.katalon.core.mobile.keyword.internal.MobileDriverFactory.startLocalMobileDriver(MobileDriverFactory.java:539)
	at com.kms.katalon.core.mobile.keyword.internal.MobileDriverFactory.startMobileDriver(MobileDriverFactory.java:452)
	at com.kms.katalon.core.mobile.keyword.builtin.StartApplicationKeyword$_startApplication_closure1.doCall(StartApplicationKeyword.groovy:49)
	at com.kms.katalon.core.mobile.keyword.builtin.StartApplicationKeyword$_startApplication_closure1.call(StartApplicationKeyword.groovy)
	at com.kms.katalon.core.mobile.keyword.internal.MobileKeywordMain.runKeyword(MobileKeywordMain.groovy:21)
	at com.kms.katalon.core.mobile.keyword.builtin.StartApplicationKeyword.startApplication(StartApplicationKeyword.groovy:51)
	at com.kms.katalon.core.mobile.keyword.builtin.StartApplicationKeyword.execute(StartApplicationKeyword.groovy:40)
	at com.kms.katalon.core.keyword.internal.KeywordExecutor.executeKeywordForPlatform(KeywordExecutor.groovy:74)
	at com.kms.katalon.core.mobile.keyword.MobileBuiltInKeywords.startApplication(MobileBuiltInKeywords.groovy:78)
	at com.kms.katalon.core.mobile.keyword.MobileBuiltInKeywords$startApplication.call(Unknown Source)
	at 24-Notation du shopper et pourboire (MSR-222).run(24-Notation du shopper et pourboire (MSR-222):22)
	at com.kms.katalon.core.main.ScriptEngine.run(ScriptEngine.java:194)
	at com.kms.katalon.core.main.ScriptEngine.runScriptAsRawText(ScriptEngine.java:119)
	at com.kms.katalon.core.main.TestCaseExecutor.runScript(TestCaseExecutor.java:448)
	at com.kms.katalon.core.main.TestCaseExecutor.doExecute(TestCaseExecutor.java:439)
	at com.kms.katalon.core.main.TestCaseExecutor.processExecutionPhase(TestCaseExecutor.java:418)
	at com.kms.katalon.core.main.TestCaseExecutor.accessMainPhase(TestCaseExecutor.java:410)
	at com.kms.katalon.core.main.TestCaseExecutor.execute(TestCaseExecutor.java:285)
	at com.kms.katalon.core.common.CommonExecutor.accessTestCaseMainPhase(CommonExecutor.java:65)
	at com.kms.katalon.core.main.TestSuiteExecutor.accessTestSuiteMainPhase(TestSuiteExecutor.java:151)
	at com.kms.katalon.core.main.TestSuiteExecutor.execute(TestSuiteExecutor.java:106)
	at com.kms.katalon.core.main.TestCaseMain.startTestSuite(TestCaseMain.java:185)
	at com.kms.katalon.core.main.TestCaseMain$startTestSuite$0.call(Unknown Source)
	at TempTestSuite1669107651687.run(TempTestSuite1669107651687.groovy:36)
)

2022-11-22 10:10:11 - [MESSAGE][FAILED] - Unable to start app at: 'C:\Users\Ousseynou Diop\Desktop\APK Client\app-debug.apk' (Root cause: java.io.IOException: GetExitCodeProcess error=6, Descripteur non valide
	at com.kms.katalon.core.appium.driver.AppiumDriverManager.isAppiumServerStarted(AppiumDriverManager.java:194)
	at com.kms.katalon.core.appium.driver.AppiumDriverManager.startAppiumServerJS(AppiumDriverManager.java:258)
	at com.kms.katalon.core.appium.driver.AppiumDriverManager.startAppiumServerJS(AppiumDriverManager.java:412)
	at com.kms.katalon.core.appium.driver.AppiumDriverManager.ensureServicesStarted(AppiumDriverManager.java:244)
	at com.kms.katalon.core.appium.driver.AppiumDriverManager.createMobileDriver(AppiumDriverManager.java:478)
	at com.kms.katalon.core.mobile.keyword.internal.MobileDriverFactory.startLocalMobileDriver(MobileDriverFactory.java:539)
	at com.kms.katalon.core.mobile.keyword.internal.MobileDriverFactory.startMobileDriver(MobileDriverFactory.java:452)
	at com.kms.katalon.core.mobile.keyword.builtin.StartApplicationKeyword$_startApplication_closure1.doCall(StartApplicationKeyword.groovy:49)
	at com.kms.katalon.core.mobile.keyword.builtin.StartApplicationKeyword$_startApplication_closure1.call(StartApplicationKeyword.groovy)
	at com.kms.katalon.core.mobile.keyword.internal.MobileKeywordMain.runKeyword(MobileKeywordMain.groovy:21)
	at com.kms.katalon.core.mobile.keyword.builtin.StartApplicationKeyword.startApplication(StartApplicationKeyword.groovy:51)
	at com.kms.katalon.core.mobile.keyword.builtin.StartApplicationKeyword.execute(StartApplicationKeyword.groovy:40)
	at com.kms.katalon.core.keyword.internal.KeywordExecutor.executeKeywordForPlatform(KeywordExecutor.groovy:74)
	at com.kms.katalon.core.mobile.keyword.MobileBuiltInKeywords.startApplication(MobileBuiltInKeywords.groovy:78)
	at com.kms.katalon.core.mobile.keyword.MobileBuiltInKeywords$startApplication.call(Unknown Source)
	at 24-Notation du shopper et pourboire (MSR-222).run(24-Notation du shopper et pourboire (MSR-222):22)
	at com.kms.katalon.core.main.ScriptEngine.run(ScriptEngine.java:194)
	at com.kms.katalon.core.main.ScriptEngine.runScriptAsRawText(ScriptEngine.java:119)
	at com.kms.katalon.core.main.TestCaseExecutor.runScript(TestCaseExecutor.java:448)
	at com.kms.katalon.core.main.TestCaseExecutor.doExecute(TestCaseExecutor.java:439)
	at com.kms.katalon.core.main.TestCaseExecutor.processExecutionPhase(TestCaseExecutor.java:418)
	at com.kms.katalon.core.main.TestCaseExecutor.accessMainPhase(TestCaseExecutor.java:410)
	at com.kms.katalon.core.main.TestCaseExecutor.execute(TestCaseExecutor.java:285)
	at com.kms.katalon.core.common.CommonExecutor.accessTestCaseMainPhase(CommonExecutor.java:65)
	at com.kms.katalon.core.main.TestSuiteExecutor.accessTestSuiteMainPhase(TestSuiteExecutor.java:151)
	at com.kms.katalon.core.main.TestSuiteExecutor.execute(TestSuiteExecutor.java:106)
	at com.kms.katalon.core.main.TestCaseMain.startTestSuite(TestCaseMain.java:185)
	at com.kms.katalon.core.main.TestCaseMain$startTestSuite$0.call(Unknown Source)
	at TempTestSuite1669107651687.run(TempTestSuite1669107651687.groovy:36)
)]]></system-out>
         <system-err><![CDATA[2022-11-22 10:10:07 - [TEST_CASE][FAILED] - Test Cases/Cas de test passant/24-Notation du shopper et pourboire (MSR-222): Test Cases/Cas de test passant/24-Notation du shopper et pourboire (MSR-222) FAILED.
Reason:
com.kms.katalon.core.exception.StepFailedException: Unable to start app at: 'C:\Users\Ousseynou Diop\Desktop\APK Client\app-debug.apk' (Root cause: java.io.IOException: GetExitCodeProcess error=6, Descripteur non valide
	at com.kms.katalon.core.appium.driver.AppiumDriverManager.isAppiumServerStarted(AppiumDriverManager.java:194)
	at com.kms.katalon.core.appium.driver.AppiumDriverManager.startAppiumServerJS(AppiumDriverManager.java:258)
	at com.kms.katalon.core.appium.driver.AppiumDriverManager.startAppiumServerJS(AppiumDriverManager.java:412)
	at com.kms.katalon.core.appium.driver.AppiumDriverManager.ensureServicesStarted(AppiumDriverManager.java:244)
	at com.kms.katalon.core.appium.driver.AppiumDriverManager.createMobileDriver(AppiumDriverManager.java:478)
	at com.kms.katalon.core.mobile.keyword.internal.MobileDriverFactory.startLocalMobileDriver(MobileDriverFactory.java:539)
	at com.kms.katalon.core.mobile.keyword.internal.MobileDriverFactory.startMobileDriver(MobileDriverFactory.java:452)
	at com.kms.katalon.core.mobile.keyword.builtin.StartApplicationKeyword$_startApplication_closure1.doCall(StartApplicationKeyword.groovy:49)
	at com.kms.katalon.core.mobile.keyword.builtin.StartApplicationKeyword$_startApplication_closure1.call(StartApplicationKeyword.groovy)
	at com.kms.katalon.core.mobile.keyword.internal.MobileKeywordMain.runKeyword(MobileKeywordMain.groovy:21)
	at com.kms.katalon.core.mobile.keyword.builtin.StartApplicationKeyword.startApplication(StartApplicationKeyword.groovy:51)
	at com.kms.katalon.core.mobile.keyword.builtin.StartApplicationKeyword.execute(StartApplicationKeyword.groovy:40)
	at com.kms.katalon.core.keyword.internal.KeywordExecutor.executeKeywordForPlatform(KeywordExecutor.groovy:74)
	at com.kms.katalon.core.mobile.keyword.MobileBuiltInKeywords.startApplication(MobileBuiltInKeywords.groovy:78)
	at com.kms.katalon.core.mobile.keyword.MobileBuiltInKeywords$startApplication.call(Unknown Source)
	at 24-Notation du shopper et pourboire (MSR-222).run(24-Notation du shopper et pourboire (MSR-222):22)
	at com.kms.katalon.core.main.ScriptEngine.run(ScriptEngine.java:194)
	at com.kms.katalon.core.main.ScriptEngine.runScriptAsRawText(ScriptEngine.java:119)
	at com.kms.katalon.core.main.TestCaseExecutor.runScript(TestCaseExecutor.java:448)
	at com.kms.katalon.core.main.TestCaseExecutor.doExecute(TestCaseExecutor.java:439)
	at com.kms.katalon.core.main.TestCaseExecutor.processExecutionPhase(TestCaseExecutor.java:418)
	at com.kms.katalon.core.main.TestCaseExecutor.accessMainPhase(TestCaseExecutor.java:410)
	at com.kms.katalon.core.main.TestCaseExecutor.execute(TestCaseExecutor.java:285)
	at com.kms.katalon.core.common.CommonExecutor.accessTestCaseMainPhase(CommonExecutor.java:65)
	at com.kms.katalon.core.main.TestSuiteExecutor.accessTestSuiteMainPhase(TestSuiteExecutor.java:151)
	at com.kms.katalon.core.main.TestSuiteExecutor.execute(TestSuiteExecutor.java:106)
	at com.kms.katalon.core.main.TestCaseMain.startTestSuite(TestCaseMain.java:185)
	at com.kms.katalon.core.main.TestCaseMain$startTestSuite$0.call(Unknown Source)
	at TempTestSuite1669107651687.run(TempTestSuite1669107651687.groovy:36)
)
	at com.kms.katalon.core.keyword.internal.KeywordMain.stepFailed(KeywordMain.groovy:50)
	at com.kms.katalon.core.mobile.keyword.internal.MobileKeywordMain.stepFailed(MobileKeywordMain.groovy:40)
	at com.kms.katalon.core.mobile.keyword.internal.MobileKeywordMain.runKeyword(MobileKeywordMain.groovy:23)
	at com.kms.katalon.core.mobile.keyword.builtin.StartApplicationKeyword.startApplication(StartApplicationKeyword.groovy:51)
	at com.kms.katalon.core.mobile.keyword.builtin.StartApplicationKeyword.execute(StartApplicationKeyword.groovy:40)
	at com.kms.katalon.core.keyword.internal.KeywordExecutor.executeKeywordForPlatform(KeywordExecutor.groovy:74)
	at com.kms.katalon.core.mobile.keyword.MobileBuiltInKeywords.startApplication(MobileBuiltInKeywords.groovy:78)
	at com.kms.katalon.core.mobile.keyword.MobileBuiltInKeywords$startApplication.call(Unknown Source)
	at 24-Notation du shopper et pourboire (MSR-222).run(24-Notation du shopper et pourboire (MSR-222):22)
	at com.kms.katalon.core.main.ScriptEngine.run(ScriptEngine.java:194)
	at com.kms.katalon.core.main.ScriptEngine.runScriptAsRawText(ScriptEngine.java:119)
	at com.kms.katalon.core.main.TestCaseExecutor.runScript(TestCaseExecutor.java:448)
	at com.kms.katalon.core.main.TestCaseExecutor.doExecute(TestCaseExecutor.java:439)
	at com.kms.katalon.core.main.TestCaseExecutor.processExecutionPhase(TestCaseExecutor.java:418)
	at com.kms.katalon.core.main.TestCaseExecutor.accessMainPhase(TestCaseExecutor.java:410)
	at com.kms.katalon.core.main.TestCaseExecutor.execute(TestCaseExecutor.java:285)
	at com.kms.katalon.core.common.CommonExecutor.accessTestCaseMainPhase(CommonExecutor.java:65)
	at com.kms.katalon.core.main.TestSuiteExecutor.accessTestSuiteMainPhase(TestSuiteExecutor.java:151)
	at com.kms.katalon.core.main.TestSuiteExecutor.execute(TestSuiteExecutor.java:106)
	at com.kms.katalon.core.main.TestCaseMain.startTestSuite(TestCaseMain.java:185)
	at com.kms.katalon.core.main.TestCaseMain$startTestSuite$0.call(Unknown Source)
	at TempTestSuite1669107651687.run(TempTestSuite1669107651687.groovy:36)
Caused by: java.io.IOException: GetExitCodeProcess error=6, Descripteur non valide
	at com.kms.katalon.core.appium.driver.AppiumDriverManager.isAppiumServerStarted(AppiumDriverManager.java:194)
	at com.kms.katalon.core.appium.driver.AppiumDriverManager.startAppiumServerJS(AppiumDriverManager.java:258)
	at com.kms.katalon.core.appium.driver.AppiumDriverManager.startAppiumServerJS(AppiumDriverManager.java:412)
	at com.kms.katalon.core.appium.driver.AppiumDriverManager.ensureServicesStarted(AppiumDriverManager.java:244)
	at com.kms.katalon.core.appium.driver.AppiumDriverManager.createMobileDriver(AppiumDriverManager.java:478)
	at com.kms.katalon.core.mobile.keyword.internal.MobileDriverFactory.startLocalMobileDriver(MobileDriverFactory.java:539)
	at com.kms.katalon.core.mobile.keyword.internal.MobileDriverFactory.startMobileDriver(MobileDriverFactory.java:452)
	at com.kms.katalon.core.mobile.keyword.builtin.StartApplicationKeyword$_startApplication_closure1.doCall(StartApplicationKeyword.groovy:49)
	at com.kms.katalon.core.mobile.keyword.builtin.StartApplicationKeyword$_startApplication_closure1.call(StartApplicationKeyword.groovy)
	at com.kms.katalon.core.mobile.keyword.internal.MobileKeywordMain.runKeyword(MobileKeywordMain.groovy:21)
	... 19 more]]></system-err>
      </testcase>
      <testcase name="Test Cases/Cas de test passant/02-Se connecter avec ses identifiants (MSR-2)" time="0.226" classname="Test Cases/Cas de test passant/02-Se connecter avec ses identifiants (MSR-2)" status="FAILED">
         <failure type="FAILED" message="Test Cases/Cas de test passant/02-Se connecter avec ses identifiants (MSR-2) FAILED.
Reason:
com.kms.katalon.core.exception.StepFailedException: Unable to start app at: 'C:\Users\Ousseynou Diop\Desktop\APK Client\app-debug.apk' (Root cause: java.io.IOException: GetExitCodeProcess error=6, Descripteur non valide
	at com.kms.katalon.core.appium.driver.AppiumDriverManager.isAppiumServerStarted(AppiumDriverManager.java:194)
	at com.kms.katalon.core.appium.driver.AppiumDriverManager.startAppiumServerJS(AppiumDriverManager.java:258)
	at com.kms.katalon.core.appium.driver.AppiumDriverManager.startAppiumServerJS(AppiumDriverManager.java:412)
	at com.kms.katalon.core.appium.driver.AppiumDriverManager.ensureServicesStarted(AppiumDriverManager.java:244)
	at com.kms.katalon.core.appium.driver.AppiumDriverManager.createMobileDriver(AppiumDriverManager.java:478)
	at com.kms.katalon.core.mobile.keyword.internal.MobileDriverFactory.startLocalMobileDriver(MobileDriverFactory.java:539)
	at com.kms.katalon.core.mobile.keyword.internal.MobileDriverFactory.startMobileDriver(MobileDriverFactory.java:452)
	at com.kms.katalon.core.mobile.keyword.builtin.StartApplicationKeyword$_startApplication_closure1.doCall(StartApplicationKeyword.groovy:49)
	at com.kms.katalon.core.mobile.keyword.builtin.StartApplicationKeyword$_startApplication_closure1.call(StartApplicationKeyword.groovy)
	at com.kms.katalon.core.mobile.keyword.internal.MobileKeywordMain.runKeyword(MobileKeywordMain.groovy:21)
	at com.kms.katalon.core.mobile.keyword.builtin.StartApplicationKeyword.startApplication(StartApplicationKeyword.groovy:51)
	at com.kms.katalon.core.mobile.keyword.builtin.StartApplicationKeyword.execute(StartApplicationKeyword.groovy:40)
	at com.kms.katalon.core.keyword.internal.KeywordExecutor.executeKeywordForPlatform(KeywordExecutor.groovy:74)
	at com.kms.katalon.core.mobile.keyword.MobileBuiltInKeywords.startApplication(MobileBuiltInKeywords.groovy:78)
	at com.kms.katalon.core.mobile.keyword.MobileBuiltInKeywords$startApplication.call(Unknown Source)
	at 02-Se connecter avec ses identifiants (MSR-2).run(02-Se connecter avec ses identifiants (MSR-2):20)
	at com.kms.katalon.core.main.ScriptEngine.run(ScriptEngine.java:194)
	at com.kms.katalon.core.main.ScriptEngine.runScriptAsRawText(ScriptEngine.java:119)
	at com.kms.katalon.core.main.TestCaseExecutor.runScript(TestCaseExecutor.java:448)
	at com.kms.katalon.core.main.TestCaseExecutor.doExecute(TestCaseExecutor.java:439)
	at com.kms.katalon.core.main.TestCaseExecutor.processExecutionPhase(TestCaseExecutor.java:418)
	at com.kms.katalon.core.main.TestCaseExecutor.accessMainPhase(TestCaseExecutor.java:410)
	at com.kms.katalon.core.main.TestCaseExecutor.execute(TestCaseExecutor.java:285)
	at com.kms.katalon.core.common.CommonExecutor.accessTestCaseMainPhase(CommonExecutor.java:65)
	at com.kms.katalon.core.main.TestSuiteExecutor.accessTestSuiteMainPhase(TestSuiteExecutor.java:151)
	at com.kms.katalon.core.main.TestSuiteExecutor.execute(TestSuiteExecutor.java:106)
	at com.kms.katalon.core.main.TestCaseMain.startTestSuite(TestCaseMain.java:185)
	at com.kms.katalon.core.main.TestCaseMain$startTestSuite$0.call(Unknown Source)
	at TempTestSuite1669107651687.run(TempTestSuite1669107651687.groovy:36)
)
	at com.kms.katalon.core.keyword.internal.KeywordMain.stepFailed(KeywordMain.groovy:50)
	at com.kms.katalon.core.mobile.keyword.internal.MobileKeywordMain.stepFailed(MobileKeywordMain.groovy:40)
	at com.kms.katalon.core.mobile.keyword.internal.MobileKeywordMain.runKeyword(MobileKeywordMain.groovy:23)
	at com.kms.katalon.core.mobile.keyword.builtin.StartApplicationKeyword.startApplication(StartApplicationKeyword.groovy:51)
	at com.kms.katalon.core.mobile.keyword.builtin.StartApplicationKeyword.execute(StartApplicationKeyword.groovy:40)
	at com.kms.katalon.core.keyword.internal.KeywordExecutor.executeKeywordForPlatform(KeywordExecutor.groovy:74)
	at com.kms.katalon.core.mobile.keyword.MobileBuiltInKeywords.startApplication(MobileBuiltInKeywords.groovy:78)
	at com.kms.katalon.core.mobile.keyword.MobileBuiltInKeywords$startApplication.call(Unknown Source)
	at 02-Se connecter avec ses identifiants (MSR-2).run(02-Se connecter avec ses identifiants (MSR-2):20)
	at com.kms.katalon.core.main.ScriptEngine.run(ScriptEngine.java:194)
	at com.kms.katalon.core.main.ScriptEngine.runScriptAsRawText(ScriptEngine.java:119)
	at com.kms.katalon.core.main.TestCaseExecutor.runScript(TestCaseExecutor.java:448)
	at com.kms.katalon.core.main.TestCaseExecutor.doExecute(TestCaseExecutor.java:439)
	at com.kms.katalon.core.main.TestCaseExecutor.processExecutionPhase(TestCaseExecutor.java:418)
	at com.kms.katalon.core.main.TestCaseExecutor.accessMainPhase(TestCaseExecutor.java:410)
	at com.kms.katalon.core.main.TestCaseExecutor.execute(TestCaseExecutor.java:285)
	at com.kms.katalon.core.common.CommonExecutor.accessTestCaseMainPhase(CommonExecutor.java:65)
	at com.kms.katalon.core.main.TestSuiteExecutor.accessTestSuiteMainPhase(TestSuiteExecutor.java:151)
	at com.kms.katalon.core.main.TestSuiteExecutor.execute(TestSuiteExecutor.java:106)
	at com.kms.katalon.core.main.TestCaseMain.startTestSuite(TestCaseMain.java:185)
	at com.kms.katalon.core.main.TestCaseMain$startTestSuite$0.call(Unknown Source)
	at TempTestSuite1669107651687.run(TempTestSuite1669107651687.groovy:36)
Caused by: java.io.IOException: GetExitCodeProcess error=6, Descripteur non valide
	at com.kms.katalon.core.appium.driver.AppiumDriverManager.isAppiumServerStarted(AppiumDriverManager.java:194)
	at com.kms.katalon.core.appium.driver.AppiumDriverManager.startAppiumServerJS(AppiumDriverManager.java:258)
	at com.kms.katalon.core.appium.driver.AppiumDriverManager.startAppiumServerJS(AppiumDriverManager.java:412)
	at com.kms.katalon.core.appium.driver.AppiumDriverManager.ensureServicesStarted(AppiumDriverManager.java:244)
	at com.kms.katalon.core.appium.driver.AppiumDriverManager.createMobileDriver(AppiumDriverManager.java:478)
	at com.kms.katalon.core.mobile.keyword.internal.MobileDriverFactory.startLocalMobileDriver(MobileDriverFactory.java:539)
	at com.kms.katalon.core.mobile.keyword.internal.MobileDriverFactory.startMobileDriver(MobileDriverFactory.java:452)
	at com.kms.katalon.core.mobile.keyword.builtin.StartApplicationKeyword$_startApplication_closure1.doCall(StartApplicationKeyword.groovy:49)
	at com.kms.katalon.core.mobile.keyword.builtin.StartApplicationKeyword$_startApplication_closure1.call(StartApplicationKeyword.groovy)
	at com.kms.katalon.core.mobile.keyword.internal.MobileKeywordMain.runKeyword(MobileKeywordMain.groovy:21)
	... 19 more
"/>
         <system-out><![CDATA[2022-11-22 10:10:11 - [TEST_CASE][FAILED] - Test Cases/Cas de test passant/02-Se connecter avec ses identifiants (MSR-2): Test Cases/Cas de test passant/02-Se connecter avec ses identifiants (MSR-2) FAILED.
Reason:
com.kms.katalon.core.exception.StepFailedException: Unable to start app at: 'C:\Users\Ousseynou Diop\Desktop\APK Client\app-debug.apk' (Root cause: java.io.IOException: GetExitCodeProcess error=6, Descripteur non valide
	at com.kms.katalon.core.appium.driver.AppiumDriverManager.isAppiumServerStarted(AppiumDriverManager.java:194)
	at com.kms.katalon.core.appium.driver.AppiumDriverManager.startAppiumServerJS(AppiumDriverManager.java:258)
	at com.kms.katalon.core.appium.driver.AppiumDriverManager.startAppiumServerJS(AppiumDriverManager.java:412)
	at com.kms.katalon.core.appium.driver.AppiumDriverManager.ensureServicesStarted(AppiumDriverManager.java:244)
	at com.kms.katalon.core.appium.driver.AppiumDriverManager.createMobileDriver(AppiumDriverManager.java:478)
	at com.kms.katalon.core.mobile.keyword.internal.MobileDriverFactory.startLocalMobileDriver(MobileDriverFactory.java:539)
	at com.kms.katalon.core.mobile.keyword.internal.MobileDriverFactory.startMobileDriver(MobileDriverFactory.java:452)
	at com.kms.katalon.core.mobile.keyword.builtin.StartApplicationKeyword$_startApplication_closure1.doCall(StartApplicationKeyword.groovy:49)
	at com.kms.katalon.core.mobile.keyword.builtin.StartApplicationKeyword$_startApplication_closure1.call(StartApplicationKeyword.groovy)
	at com.kms.katalon.core.mobile.keyword.internal.MobileKeywordMain.runKeyword(MobileKeywordMain.groovy:21)
	at com.kms.katalon.core.mobile.keyword.builtin.StartApplicationKeyword.startApplication(StartApplicationKeyword.groovy:51)
	at com.kms.katalon.core.mobile.keyword.builtin.StartApplicationKeyword.execute(StartApplicationKeyword.groovy:40)
	at com.kms.katalon.core.keyword.internal.KeywordExecutor.executeKeywordForPlatform(KeywordExecutor.groovy:74)
	at com.kms.katalon.core.mobile.keyword.MobileBuiltInKeywords.startApplication(MobileBuiltInKeywords.groovy:78)
	at com.kms.katalon.core.mobile.keyword.MobileBuiltInKeywords$startApplication.call(Unknown Source)
	at 02-Se connecter avec ses identifiants (MSR-2).run(02-Se connecter avec ses identifiants (MSR-2):20)
	at com.kms.katalon.core.main.ScriptEngine.run(ScriptEngine.java:194)
	at com.kms.katalon.core.main.ScriptEngine.runScriptAsRawText(ScriptEngine.java:119)
	at com.kms.katalon.core.main.TestCaseExecutor.runScript(TestCaseExecutor.java:448)
	at com.kms.katalon.core.main.TestCaseExecutor.doExecute(TestCaseExecutor.java:439)
	at com.kms.katalon.core.main.TestCaseExecutor.processExecutionPhase(TestCaseExecutor.java:418)
	at com.kms.katalon.core.main.TestCaseExecutor.accessMainPhase(TestCaseExecutor.java:410)
	at com.kms.katalon.core.main.TestCaseExecutor.execute(TestCaseExecutor.java:285)
	at com.kms.katalon.core.common.CommonExecutor.accessTestCaseMainPhase(CommonExecutor.java:65)
	at com.kms.katalon.core.main.TestSuiteExecutor.accessTestSuiteMainPhase(TestSuiteExecutor.java:151)
	at com.kms.katalon.core.main.TestSuiteExecutor.execute(TestSuiteExecutor.java:106)
	at com.kms.katalon.core.main.TestCaseMain.startTestSuite(TestCaseMain.java:185)
	at com.kms.katalon.core.main.TestCaseMain$startTestSuite$0.call(Unknown Source)
	at TempTestSuite1669107651687.run(TempTestSuite1669107651687.groovy:36)
)
	at com.kms.katalon.core.keyword.internal.KeywordMain.stepFailed(KeywordMain.groovy:50)
	at com.kms.katalon.core.mobile.keyword.internal.MobileKeywordMain.stepFailed(MobileKeywordMain.groovy:40)
	at com.kms.katalon.core.mobile.keyword.internal.MobileKeywordMain.runKeyword(MobileKeywordMain.groovy:23)
	at com.kms.katalon.core.mobile.keyword.builtin.StartApplicationKeyword.startApplication(StartApplicationKeyword.groovy:51)
	at com.kms.katalon.core.mobile.keyword.builtin.StartApplicationKeyword.execute(StartApplicationKeyword.groovy:40)
	at com.kms.katalon.core.keyword.internal.KeywordExecutor.executeKeywordForPlatform(KeywordExecutor.groovy:74)
	at com.kms.katalon.core.mobile.keyword.MobileBuiltInKeywords.startApplication(MobileBuiltInKeywords.groovy:78)
	at com.kms.katalon.core.mobile.keyword.MobileBuiltInKeywords$startApplication.call(Unknown Source)
	at 02-Se connecter avec ses identifiants (MSR-2).run(02-Se connecter avec ses identifiants (MSR-2):20)
	at com.kms.katalon.core.main.ScriptEngine.run(ScriptEngine.java:194)
	at com.kms.katalon.core.main.ScriptEngine.runScriptAsRawText(ScriptEngine.java:119)
	at com.kms.katalon.core.main.TestCaseExecutor.runScript(TestCaseExecutor.java:448)
	at com.kms.katalon.core.main.TestCaseExecutor.doExecute(TestCaseExecutor.java:439)
	at com.kms.katalon.core.main.TestCaseExecutor.processExecutionPhase(TestCaseExecutor.java:418)
	at com.kms.katalon.core.main.TestCaseExecutor.accessMainPhase(TestCaseExecutor.java:410)
	at com.kms.katalon.core.main.TestCaseExecutor.execute(TestCaseExecutor.java:285)
	at com.kms.katalon.core.common.CommonExecutor.accessTestCaseMainPhase(CommonExecutor.java:65)
	at com.kms.katalon.core.main.TestSuiteExecutor.accessTestSuiteMainPhase(TestSuiteExecutor.java:151)
	at com.kms.katalon.core.main.TestSuiteExecutor.execute(TestSuiteExecutor.java:106)
	at com.kms.katalon.core.main.TestCaseMain.startTestSuite(TestCaseMain.java:185)
	at com.kms.katalon.core.main.TestCaseMain$startTestSuite$0.call(Unknown Source)
	at TempTestSuite1669107651687.run(TempTestSuite1669107651687.groovy:36)
Caused by: java.io.IOException: GetExitCodeProcess error=6, Descripteur non valide
	at com.kms.katalon.core.appium.driver.AppiumDriverManager.isAppiumServerStarted(AppiumDriverManager.java:194)
	at com.kms.katalon.core.appium.driver.AppiumDriverManager.startAppiumServerJS(AppiumDriverManager.java:258)
	at com.kms.katalon.core.appium.driver.AppiumDriverManager.startAppiumServerJS(AppiumDriverManager.java:412)
	at com.kms.katalon.core.appium.driver.AppiumDriverManager.ensureServicesStarted(AppiumDriverManager.java:244)
	at com.kms.katalon.core.appium.driver.AppiumDriverManager.createMobileDriver(AppiumDriverManager.java:478)
	at com.kms.katalon.core.mobile.keyword.internal.MobileDriverFactory.startLocalMobileDriver(MobileDriverFactory.java:539)
	at com.kms.katalon.core.mobile.keyword.internal.MobileDriverFactory.startMobileDriver(MobileDriverFactory.java:452)
	at com.kms.katalon.core.mobile.keyword.builtin.StartApplicationKeyword$_startApplication_closure1.doCall(StartApplicationKeyword.groovy:49)
	at com.kms.katalon.core.mobile.keyword.builtin.StartApplicationKeyword$_startApplication_closure1.call(StartApplicationKeyword.groovy)
	at com.kms.katalon.core.mobile.keyword.internal.MobileKeywordMain.runKeyword(MobileKeywordMain.groovy:21)
	... 19 more


2022-11-22 10:10:12 - [TEST_STEP][FAILED] - startApplication("C:\Users\Ousseynou Diop\Desktop\APK Client\app-debug.apk", true): Unable to start app at: 'C:\Users\Ousseynou Diop\Desktop\APK Client\app-debug.apk' (Root cause: java.io.IOException: GetExitCodeProcess error=6, Descripteur non valide
	at com.kms.katalon.core.appium.driver.AppiumDriverManager.isAppiumServerStarted(AppiumDriverManager.java:194)
	at com.kms.katalon.core.appium.driver.AppiumDriverManager.startAppiumServerJS(AppiumDriverManager.java:258)
	at com.kms.katalon.core.appium.driver.AppiumDriverManager.startAppiumServerJS(AppiumDriverManager.java:412)
	at com.kms.katalon.core.appium.driver.AppiumDriverManager.ensureServicesStarted(AppiumDriverManager.java:244)
	at com.kms.katalon.core.appium.driver.AppiumDriverManager.createMobileDriver(AppiumDriverManager.java:478)
	at com.kms.katalon.core.mobile.keyword.internal.MobileDriverFactory.startLocalMobileDriver(MobileDriverFactory.java:539)
	at com.kms.katalon.core.mobile.keyword.internal.MobileDriverFactory.startMobileDriver(MobileDriverFactory.java:452)
	at com.kms.katalon.core.mobile.keyword.builtin.StartApplicationKeyword$_startApplication_closure1.doCall(StartApplicationKeyword.groovy:49)
	at com.kms.katalon.core.mobile.keyword.builtin.StartApplicationKeyword$_startApplication_closure1.call(StartApplicationKeyword.groovy)
	at com.kms.katalon.core.mobile.keyword.internal.MobileKeywordMain.runKeyword(MobileKeywordMain.groovy:21)
	at com.kms.katalon.core.mobile.keyword.builtin.StartApplicationKeyword.startApplication(StartApplicationKeyword.groovy:51)
	at com.kms.katalon.core.mobile.keyword.builtin.StartApplicationKeyword.execute(StartApplicationKeyword.groovy:40)
	at com.kms.katalon.core.keyword.internal.KeywordExecutor.executeKeywordForPlatform(KeywordExecutor.groovy:74)
	at com.kms.katalon.core.mobile.keyword.MobileBuiltInKeywords.startApplication(MobileBuiltInKeywords.groovy:78)
	at com.kms.katalon.core.mobile.keyword.MobileBuiltInKeywords$startApplication.call(Unknown Source)
	at 02-Se connecter avec ses identifiants (MSR-2).run(02-Se connecter avec ses identifiants (MSR-2):20)
	at com.kms.katalon.core.main.ScriptEngine.run(ScriptEngine.java:194)
	at com.kms.katalon.core.main.ScriptEngine.runScriptAsRawText(ScriptEngine.java:119)
	at com.kms.katalon.core.main.TestCaseExecutor.runScript(TestCaseExecutor.java:448)
	at com.kms.katalon.core.main.TestCaseExecutor.doExecute(TestCaseExecutor.java:439)
	at com.kms.katalon.core.main.TestCaseExecutor.processExecutionPhase(TestCaseExecutor.java:418)
	at com.kms.katalon.core.main.TestCaseExecutor.accessMainPhase(TestCaseExecutor.java:410)
	at com.kms.katalon.core.main.TestCaseExecutor.execute(TestCaseExecutor.java:285)
	at com.kms.katalon.core.common.CommonExecutor.accessTestCaseMainPhase(CommonExecutor.java:65)
	at com.kms.katalon.core.main.TestSuiteExecutor.accessTestSuiteMainPhase(TestSuiteExecutor.java:151)
	at com.kms.katalon.core.main.TestSuiteExecutor.execute(TestSuiteExecutor.java:106)
	at com.kms.katalon.core.main.TestCaseMain.startTestSuite(TestCaseMain.java:185)
	at com.kms.katalon.core.main.TestCaseMain$startTestSuite$0.call(Unknown Source)
	at TempTestSuite1669107651687.run(TempTestSuite1669107651687.groovy:36)
)

2022-11-22 10:10:12 - [MESSAGE][FAILED] - Unable to start app at: 'C:\Users\Ousseynou Diop\Desktop\APK Client\app-debug.apk' (Root cause: java.io.IOException: GetExitCodeProcess error=6, Descripteur non valide
	at com.kms.katalon.core.appium.driver.AppiumDriverManager.isAppiumServerStarted(AppiumDriverManager.java:194)
	at com.kms.katalon.core.appium.driver.AppiumDriverManager.startAppiumServerJS(AppiumDriverManager.java:258)
	at com.kms.katalon.core.appium.driver.AppiumDriverManager.startAppiumServerJS(AppiumDriverManager.java:412)
	at com.kms.katalon.core.appium.driver.AppiumDriverManager.ensureServicesStarted(AppiumDriverManager.java:244)
	at com.kms.katalon.core.appium.driver.AppiumDriverManager.createMobileDriver(AppiumDriverManager.java:478)
	at com.kms.katalon.core.mobile.keyword.internal.MobileDriverFactory.startLocalMobileDriver(MobileDriverFactory.java:539)
	at com.kms.katalon.core.mobile.keyword.internal.MobileDriverFactory.startMobileDriver(MobileDriverFactory.java:452)
	at com.kms.katalon.core.mobile.keyword.builtin.StartApplicationKeyword$_startApplication_closure1.doCall(StartApplicationKeyword.groovy:49)
	at com.kms.katalon.core.mobile.keyword.builtin.StartApplicationKeyword$_startApplication_closure1.call(StartApplicationKeyword.groovy)
	at com.kms.katalon.core.mobile.keyword.internal.MobileKeywordMain.runKeyword(MobileKeywordMain.groovy:21)
	at com.kms.katalon.core.mobile.keyword.builtin.StartApplicationKeyword.startApplication(StartApplicationKeyword.groovy:51)
	at com.kms.katalon.core.mobile.keyword.builtin.StartApplicationKeyword.execute(StartApplicationKeyword.groovy:40)
	at com.kms.katalon.core.keyword.internal.KeywordExecutor.executeKeywordForPlatform(KeywordExecutor.groovy:74)
	at com.kms.katalon.core.mobile.keyword.MobileBuiltInKeywords.startApplication(MobileBuiltInKeywords.groovy:78)
	at com.kms.katalon.core.mobile.keyword.MobileBuiltInKeywords$startApplication.call(Unknown Source)
	at 02-Se connecter avec ses identifiants (MSR-2).run(02-Se connecter avec ses identifiants (MSR-2):20)
	at com.kms.katalon.core.main.ScriptEngine.run(ScriptEngine.java:194)
	at com.kms.katalon.core.main.ScriptEngine.runScriptAsRawText(ScriptEngine.java:119)
	at com.kms.katalon.core.main.TestCaseExecutor.runScript(TestCaseExecutor.java:448)
	at com.kms.katalon.core.main.TestCaseExecutor.doExecute(TestCaseExecutor.java:439)
	at com.kms.katalon.core.main.TestCaseExecutor.processExecutionPhase(TestCaseExecutor.java:418)
	at com.kms.katalon.core.main.TestCaseExecutor.accessMainPhase(TestCaseExecutor.java:410)
	at com.kms.katalon.core.main.TestCaseExecutor.execute(TestCaseExecutor.java:285)
	at com.kms.katalon.core.common.CommonExecutor.accessTestCaseMainPhase(CommonExecutor.java:65)
	at com.kms.katalon.core.main.TestSuiteExecutor.accessTestSuiteMainPhase(TestSuiteExecutor.java:151)
	at com.kms.katalon.core.main.TestSuiteExecutor.execute(TestSuiteExecutor.java:106)
	at com.kms.katalon.core.main.TestCaseMain.startTestSuite(TestCaseMain.java:185)
	at com.kms.katalon.core.main.TestCaseMain$startTestSuite$0.call(Unknown Source)
	at TempTestSuite1669107651687.run(TempTestSuite1669107651687.groovy:36)
)]]></system-out>
         <system-err><![CDATA[2022-11-22 10:10:11 - [TEST_CASE][FAILED] - Test Cases/Cas de test passant/02-Se connecter avec ses identifiants (MSR-2): Test Cases/Cas de test passant/02-Se connecter avec ses identifiants (MSR-2) FAILED.
Reason:
com.kms.katalon.core.exception.StepFailedException: Unable to start app at: 'C:\Users\Ousseynou Diop\Desktop\APK Client\app-debug.apk' (Root cause: java.io.IOException: GetExitCodeProcess error=6, Descripteur non valide
	at com.kms.katalon.core.appium.driver.AppiumDriverManager.isAppiumServerStarted(AppiumDriverManager.java:194)
	at com.kms.katalon.core.appium.driver.AppiumDriverManager.startAppiumServerJS(AppiumDriverManager.java:258)
	at com.kms.katalon.core.appium.driver.AppiumDriverManager.startAppiumServerJS(AppiumDriverManager.java:412)
	at com.kms.katalon.core.appium.driver.AppiumDriverManager.ensureServicesStarted(AppiumDriverManager.java:244)
	at com.kms.katalon.core.appium.driver.AppiumDriverManager.createMobileDriver(AppiumDriverManager.java:478)
	at com.kms.katalon.core.mobile.keyword.internal.MobileDriverFactory.startLocalMobileDriver(MobileDriverFactory.java:539)
	at com.kms.katalon.core.mobile.keyword.internal.MobileDriverFactory.startMobileDriver(MobileDriverFactory.java:452)
	at com.kms.katalon.core.mobile.keyword.builtin.StartApplicationKeyword$_startApplication_closure1.doCall(StartApplicationKeyword.groovy:49)
	at com.kms.katalon.core.mobile.keyword.builtin.StartApplicationKeyword$_startApplication_closure1.call(StartApplicationKeyword.groovy)
	at com.kms.katalon.core.mobile.keyword.internal.MobileKeywordMain.runKeyword(MobileKeywordMain.groovy:21)
	at com.kms.katalon.core.mobile.keyword.builtin.StartApplicationKeyword.startApplication(StartApplicationKeyword.groovy:51)
	at com.kms.katalon.core.mobile.keyword.builtin.StartApplicationKeyword.execute(StartApplicationKeyword.groovy:40)
	at com.kms.katalon.core.keyword.internal.KeywordExecutor.executeKeywordForPlatform(KeywordExecutor.groovy:74)
	at com.kms.katalon.core.mobile.keyword.MobileBuiltInKeywords.startApplication(MobileBuiltInKeywords.groovy:78)
	at com.kms.katalon.core.mobile.keyword.MobileBuiltInKeywords$startApplication.call(Unknown Source)
	at 02-Se connecter avec ses identifiants (MSR-2).run(02-Se connecter avec ses identifiants (MSR-2):20)
	at com.kms.katalon.core.main.ScriptEngine.run(ScriptEngine.java:194)
	at com.kms.katalon.core.main.ScriptEngine.runScriptAsRawText(ScriptEngine.java:119)
	at com.kms.katalon.core.main.TestCaseExecutor.runScript(TestCaseExecutor.java:448)
	at com.kms.katalon.core.main.TestCaseExecutor.doExecute(TestCaseExecutor.java:439)
	at com.kms.katalon.core.main.TestCaseExecutor.processExecutionPhase(TestCaseExecutor.java:418)
	at com.kms.katalon.core.main.TestCaseExecutor.accessMainPhase(TestCaseExecutor.java:410)
	at com.kms.katalon.core.main.TestCaseExecutor.execute(TestCaseExecutor.java:285)
	at com.kms.katalon.core.common.CommonExecutor.accessTestCaseMainPhase(CommonExecutor.java:65)
	at com.kms.katalon.core.main.TestSuiteExecutor.accessTestSuiteMainPhase(TestSuiteExecutor.java:151)
	at com.kms.katalon.core.main.TestSuiteExecutor.execute(TestSuiteExecutor.java:106)
	at com.kms.katalon.core.main.TestCaseMain.startTestSuite(TestCaseMain.java:185)
	at com.kms.katalon.core.main.TestCaseMain$startTestSuite$0.call(Unknown Source)
	at TempTestSuite1669107651687.run(TempTestSuite1669107651687.groovy:36)
)
	at com.kms.katalon.core.keyword.internal.KeywordMain.stepFailed(KeywordMain.groovy:50)
	at com.kms.katalon.core.mobile.keyword.internal.MobileKeywordMain.stepFailed(MobileKeywordMain.groovy:40)
	at com.kms.katalon.core.mobile.keyword.internal.MobileKeywordMain.runKeyword(MobileKeywordMain.groovy:23)
	at com.kms.katalon.core.mobile.keyword.builtin.StartApplicationKeyword.startApplication(StartApplicationKeyword.groovy:51)
	at com.kms.katalon.core.mobile.keyword.builtin.StartApplicationKeyword.execute(StartApplicationKeyword.groovy:40)
	at com.kms.katalon.core.keyword.internal.KeywordExecutor.executeKeywordForPlatform(KeywordExecutor.groovy:74)
	at com.kms.katalon.core.mobile.keyword.MobileBuiltInKeywords.startApplication(MobileBuiltInKeywords.groovy:78)
	at com.kms.katalon.core.mobile.keyword.MobileBuiltInKeywords$startApplication.call(Unknown Source)
	at 02-Se connecter avec ses identifiants (MSR-2).run(02-Se connecter avec ses identifiants (MSR-2):20)
	at com.kms.katalon.core.main.ScriptEngine.run(ScriptEngine.java:194)
	at com.kms.katalon.core.main.ScriptEngine.runScriptAsRawText(ScriptEngine.java:119)
	at com.kms.katalon.core.main.TestCaseExecutor.runScript(TestCaseExecutor.java:448)
	at com.kms.katalon.core.main.TestCaseExecutor.doExecute(TestCaseExecutor.java:439)
	at com.kms.katalon.core.main.TestCaseExecutor.processExecutionPhase(TestCaseExecutor.java:418)
	at com.kms.katalon.core.main.TestCaseExecutor.accessMainPhase(TestCaseExecutor.java:410)
	at com.kms.katalon.core.main.TestCaseExecutor.execute(TestCaseExecutor.java:285)
	at com.kms.katalon.core.common.CommonExecutor.accessTestCaseMainPhase(CommonExecutor.java:65)
	at com.kms.katalon.core.main.TestSuiteExecutor.accessTestSuiteMainPhase(TestSuiteExecutor.java:151)
	at com.kms.katalon.core.main.TestSuiteExecutor.execute(TestSuiteExecutor.java:106)
	at com.kms.katalon.core.main.TestCaseMain.startTestSuite(TestCaseMain.java:185)
	at com.kms.katalon.core.main.TestCaseMain$startTestSuite$0.call(Unknown Source)
	at TempTestSuite1669107651687.run(TempTestSuite1669107651687.groovy:36)
Caused by: java.io.IOException: GetExitCodeProcess error=6, Descripteur non valide
	at com.kms.katalon.core.appium.driver.AppiumDriverManager.isAppiumServerStarted(AppiumDriverManager.java:194)
	at com.kms.katalon.core.appium.driver.AppiumDriverManager.startAppiumServerJS(AppiumDriverManager.java:258)
	at com.kms.katalon.core.appium.driver.AppiumDriverManager.startAppiumServerJS(AppiumDriverManager.java:412)
	at com.kms.katalon.core.appium.driver.AppiumDriverManager.ensureServicesStarted(AppiumDriverManager.java:244)
	at com.kms.katalon.core.appium.driver.AppiumDriverManager.createMobileDriver(AppiumDriverManager.java:478)
	at com.kms.katalon.core.mobile.keyword.internal.MobileDriverFactory.startLocalMobileDriver(MobileDriverFactory.java:539)
	at com.kms.katalon.core.mobile.keyword.internal.MobileDriverFactory.startMobileDriver(MobileDriverFactory.java:452)
	at com.kms.katalon.core.mobile.keyword.builtin.StartApplicationKeyword$_startApplication_closure1.doCall(StartApplicationKeyword.groovy:49)
	at com.kms.katalon.core.mobile.keyword.builtin.StartApplicationKeyword$_startApplication_closure1.call(StartApplicationKeyword.groovy)
	at com.kms.katalon.core.mobile.keyword.internal.MobileKeywordMain.runKeyword(MobileKeywordMain.groovy:21)
	... 19 more]]></system-err>
      </testcase>
      <system-out><![CDATA[2022-11-22 10:00:53 - [TEST_SUITE][FAILED] - Cas de test passant app client: Test Cases/Cas de test passant/01-Inscription (MSR-5) FAILED.
Reason:
com.kms.katalon.core.exception.StepFailedException: Object Object Repository/01-Inscription/android.widget.Button - Accepter not found
	at com.kms.katalon.core.keyword.internal.KeywordMain.stepFailed(KeywordMain.groovy:50)
	at com.kms.katalon.core.mobile.keyword.internal.MobileKeywordMain.stepFailed(MobileKeywordMain.groovy:40)
	at com.kms.katalon.core.mobile.keyword.builtin.TapKeyword$_tap_closure1.doCall(TapKeyword.groovy:79)
	at com.kms.katalon.core.mobile.keyword.builtin.TapKeyword$_tap_closure1.call(TapKeyword.groovy)
	at com.kms.katalon.core.mobile.keyword.internal.MobileKeywordMain.runKeyword(MobileKeywordMain.groovy:21)
	at com.kms.katalon.core.mobile.keyword.builtin.TapKeyword.tap(TapKeyword.groovy:84)
	at com.kms.katalon.core.mobile.keyword.builtin.TapKeyword.execute(TapKeyword.groovy:68)
	at com.kms.katalon.core.keyword.internal.KeywordExecutor.executeKeywordForPlatform(KeywordExecutor.groovy:74)
	at com.kms.katalon.core.mobile.keyword.MobileBuiltInKeywords.tap(MobileBuiltInKeywords.groovy:1490)
	at com.kms.katalon.core.mobile.keyword.MobileBuiltInKeywords$tap$0.call(Unknown Source)
	at 01-Inscription (MSR-5).run(01-Inscription (MSR-5):42)
	at com.kms.katalon.core.main.ScriptEngine.run(ScriptEngine.java:194)
	at com.kms.katalon.core.main.ScriptEngine.runScriptAsRawText(ScriptEngine.java:119)
	at com.kms.katalon.core.main.TestCaseExecutor.runScript(TestCaseExecutor.java:448)
	at com.kms.katalon.core.main.TestCaseExecutor.doExecute(TestCaseExecutor.java:439)
	at com.kms.katalon.core.main.TestCaseExecutor.processExecutionPhase(TestCaseExecutor.java:418)
	at com.kms.katalon.core.main.TestCaseExecutor.accessMainPhase(TestCaseExecutor.java:410)
	at com.kms.katalon.core.main.TestCaseExecutor.execute(TestCaseExecutor.java:285)
	at com.kms.katalon.core.common.CommonExecutor.accessTestCaseMainPhase(CommonExecutor.java:65)
	at com.kms.katalon.core.main.TestSuiteExecutor.accessTestSuiteMainPhase(TestSuiteExecutor.java:151)
	at com.kms.katalon.core.main.TestSuiteExecutor.execute(TestSuiteExecutor.java:106)
	at com.kms.katalon.core.main.TestCaseMain.startTestSuite(TestCaseMain.java:185)
	at com.kms.katalon.core.main.TestCaseMain$startTestSuite$0.call(Unknown Source)
	at TempTestSuite1669107651687.run(TempTestSuite1669107651687.groovy:36)]]></system-out>
      <system-err><![CDATA[2022-11-22 10:00:53 - [TEST_SUITE][FAILED] - Cas de test passant app client: Test Cases/Cas de test passant/01-Inscription (MSR-5) FAILED.
Reason:
com.kms.katalon.core.exception.StepFailedException: Object Object Repository/01-Inscription/android.widget.Button - Accepter not found
	at com.kms.katalon.core.keyword.internal.KeywordMain.stepFailed(KeywordMain.groovy:50)
	at com.kms.katalon.core.mobile.keyword.internal.MobileKeywordMain.stepFailed(MobileKeywordMain.groovy:40)
	at com.kms.katalon.core.mobile.keyword.builtin.TapKeyword$_tap_closure1.doCall(TapKeyword.groovy:79)
	at com.kms.katalon.core.mobile.keyword.builtin.TapKeyword$_tap_closure1.call(TapKeyword.groovy)
	at com.kms.katalon.core.mobile.keyword.internal.MobileKeywordMain.runKeyword(MobileKeywordMain.groovy:21)
	at com.kms.katalon.core.mobile.keyword.builtin.TapKeyword.tap(TapKeyword.groovy:84)
	at com.kms.katalon.core.mobile.keyword.builtin.TapKeyword.execute(TapKeyword.groovy:68)
	at com.kms.katalon.core.keyword.internal.KeywordExecutor.executeKeywordForPlatform(KeywordExecutor.groovy:74)
	at com.kms.katalon.core.mobile.keyword.MobileBuiltInKeywords.tap(MobileBuiltInKeywords.groovy:1490)
	at com.kms.katalon.core.mobile.keyword.MobileBuiltInKeywords$tap$0.call(Unknown Source)
	at 01-Inscription (MSR-5).run(01-Inscription (MSR-5):42)
	at com.kms.katalon.core.main.ScriptEngine.run(ScriptEngine.java:194)
	at com.kms.katalon.core.main.ScriptEngine.runScriptAsRawText(ScriptEngine.java:119)
	at com.kms.katalon.core.main.TestCaseExecutor.runScript(TestCaseExecutor.java:448)
	at com.kms.katalon.core.main.TestCaseExecutor.doExecute(TestCaseExecutor.java:439)
	at com.kms.katalon.core.main.TestCaseExecutor.processExecutionPhase(TestCaseExecutor.java:418)
	at com.kms.katalon.core.main.TestCaseExecutor.accessMainPhase(TestCaseExecutor.java:410)
	at com.kms.katalon.core.main.TestCaseExecutor.execute(TestCaseExecutor.java:285)
	at com.kms.katalon.core.common.CommonExecutor.accessTestCaseMainPhase(CommonExecutor.java:65)
	at com.kms.katalon.core.main.TestSuiteExecutor.accessTestSuiteMainPhase(TestSuiteExecutor.java:151)
	at com.kms.katalon.core.main.TestSuiteExecutor.execute(TestSuiteExecutor.java:106)
	at com.kms.katalon.core.main.TestCaseMain.startTestSuite(TestCaseMain.java:185)
	at com.kms.katalon.core.main.TestCaseMain$startTestSuite$0.call(Unknown Source)
	at TempTestSuite1669107651687.run(TempTestSuite1669107651687.groovy:36)]]></system-err>
   </testsuite>
</testsuites>
