<?xml version="1.0" encoding="UTF-8"?>
<testsuites name="Cas de test passant app client" time="736.913" tests="18" failures="9" errors="0">
   <testsuite name="Cas de test passant app client" tests="18" failures="9" errors="0" time="736.913" skipped="0" timestamp="2022-11-22 10:34:00" hostname="Ousseynou Diop - DESKTOP-QOR6BOM.home" id="Test Suites/Cas de test passant app client">
      <properties>
         <property name="deviceName" value="samsung SM-A022F (Android 11)"/>
         <property name="devicePlatform" value=""/>
         <property name="logFolder" value="C:\\Users\\Ousseynou Diop\\git\\Mon-Shopper-Automatisation-Application-Client\\Reports\\20221122_103358\\Cas de test passant app client\\20221122_103358"/>
         <property name="logFiles" value="C:\\Users\\Ousseynou Diop\\git\\Mon-Shopper-Automatisation-Application-Client\\Reports\\20221122_103358\\Cas de test passant app client\\20221122_103358\\appium.log, C:\\Users\\Ousseynou Diop\\git\\Mon-Shopper-Automatisation-Application-Client\\Reports\\20221122_103358\\Cas de test passant app client\\20221122_103358\\execution0.log"/>
         <property name="attachments" value="C:\\Users\\Ousseynou Diop\\git\\Mon-Shopper-Automatisation-Application-Client\\Reports\\20221122_103358\\Cas de test passant app client\\20221122_103358\\1669109761509.png, C:\\Users\\Ousseynou Diop\\git\\Mon-Shopper-Automatisation-Application-Client\\Reports\\20221122_103358\\Cas de test passant app client\\20221122_103358\\1669109878803.png, C:\\Users\\Ousseynou Diop\\git\\Mon-Shopper-Automatisation-Application-Client\\Reports\\20221122_103358\\Cas de test passant app client\\20221122_103358\\1669110366604.png"/>
         <property name="hostName" value="Ousseynou Diop - DESKTOP-QOR6BOM.home"/>
         <property name="os" value="Windows 10 64bit"/>
         <property name="appiumServerStatus" value="{&quot;value&quot;:{&quot;build&quot;:{&quot;version&quot;:&quot;1.22.3&quot;}},&quot;sessionId&quot;:null,&quot;status&quot;:0}"/>
         <property name="katalonVersion" value="8.5.2.208"/>
         <property name="deviceOS" value="Android"/>
         <property name="appiumVersion" value="1.22.3"/>
         <property name="deviceModel" value="SM-A022F"/>
         <property name="hostAddress" value="192.168.1.5"/>
         <property name="deviceManufacturer" value="samsung"/>
         <property name="deviceId" value="RZ8R71P5YRT"/>
         <property name="deviceName" value="samsung SM-A022F (Android 11)"/>
         <property name="deviceOSVersion" value="11"/>
      </properties>
      <testcase name="Test Cases/Cas de test passant/01-Inscription (MSR-5)" time="68.597" classname="Test Cases/Cas de test passant/01-Inscription (MSR-5)" status="PASSED">
         <system-out><![CDATA[2022-11-22 10:34:00 - [TEST_CASE][PASSED] - Test Cases/Cas de test passant/01-Inscription (MSR-5): Test Cases/Cas de test passant/01-Inscription (MSR-5)

2022-11-22 10:34:01 - [TEST_STEP][PASSED] - startApplication("C:\Users\Ousseynou Diop\Desktop\APK Client\app-debug.apk", true): Started app at: 'C:\Users\Ousseynou Diop\Desktop\APK Client\app-debug.apk'

2022-11-22 10:34:01 - [MESSAGE][INFO] - Detected NodeJS location: "C:\Program Files\nodejs\node.exe"

2022-11-22 10:34:02 - [MESSAGE][INFO] - Appium server started on port 51Â 795

2022-11-22 10:34:43 - [MESSAGE][PASSED] - Started app at: 'C:\Users\Ousseynou Diop\Desktop\APK Client\app-debug.apk'

2022-11-22 10:34:43 - [TEST_STEP][PASSED] - tap(findTestObject("Object Repository/01-Inscription/Se connecter.android.widget.Button"), 0): Tapped on element 'Object Repository/01-Inscription/Se connecter.android.widget.Button'

2022-11-22 10:34:43 - [MESSAGE][WARNING] - Timeout '0' is invalid. Using default page load timeout: '30'

2022-11-22 10:34:45 - [MESSAGE][PASSED] - Tapped on element 'Object Repository/01-Inscription/Se connecter.android.widget.Button'

2022-11-22 10:34:45 - [TEST_STEP][PASSED] - tap(findTestObject("Object Repository/01-Inscription/android.widget.TextView - Enregistrement"), 0): Tapped on element 'Object Repository/01-Inscription/android.widget.TextView - Enregistrement'

2022-11-22 10:34:45 - [MESSAGE][WARNING] - Timeout '0' is invalid. Using default page load timeout: '30'

2022-11-22 10:34:53 - [MESSAGE][PASSED] - Tapped on element 'Object Repository/01-Inscription/android.widget.TextView - Enregistrement'

2022-11-22 10:34:53 - [TEST_STEP][PASSED] - setText(findTestObject("Object Repository/01-Inscription/firstName.android.widget.EditText"), "Elhadji Ouseynou", 0): Text 'Elhadji Ouseynou' has been set to element 'Object Repository/01-Inscription/firstName.android.widget.EditText'

2022-11-22 10:34:53 - [MESSAGE][WARNING] - Timeout '0' is invalid. Using default page load timeout: '30'

2022-11-22 10:34:55 - [MESSAGE][PASSED] - Text 'Elhadji Ouseynou' has been set to element 'Object Repository/01-Inscription/firstName.android.widget.EditText'

2022-11-22 10:34:55 - [TEST_STEP][PASSED] - setText(findTestObject("Object Repository/01-Inscription/lastName.android.widget.EditText"), "DIOP", 0): Text 'DIOP' has been set to element 'Object Repository/01-Inscription/lastName.android.widget.EditText'

2022-11-22 10:34:55 - [MESSAGE][WARNING] - Timeout '0' is invalid. Using default page load timeout: '30'

2022-11-22 10:34:56 - [MESSAGE][PASSED] - Text 'DIOP' has been set to element 'Object Repository/01-Inscription/lastName.android.widget.EditText'

2022-11-22 10:34:56 - [TEST_STEP][PASSED] - setText(findTestObject("Object Repository/01-Inscription/email.android.widget.EditText"), "aimerdiop14@yopmail.com", 0): Text 'aimerdiop14@yopmail.com' has been set to element 'Object Repository/01-Inscription/email.android.widget.EditText'

2022-11-22 10:34:56 - [MESSAGE][WARNING] - Timeout '0' is invalid. Using default page load timeout: '30'

2022-11-22 10:34:57 - [MESSAGE][PASSED] - Text 'aimerdiop14@yopmail.com' has been set to element 'Object Repository/01-Inscription/email.android.widget.EditText'

2022-11-22 10:34:57 - [TEST_STEP][PASSED] - setEncryptedText(findTestObject("Object Repository/01-Inscription/password.android.widget.EditText"), "Cexku/mp9Z18eElUeR1LGg==", 0): Encrypted text 'Cexku/mp9Z18eElUeR1LGg==' has been set to element 'Object Repository/01-Inscription/password.android.widget.EditText'

2022-11-22 10:34:57 - [MESSAGE][WARNING] - Timeout '0' is invalid. Using default page load timeout: '30'

2022-11-22 10:34:58 - [MESSAGE][PASSED] - Encrypted text 'Cexku/mp9Z18eElUeR1LGg==' has been set to element 'Object Repository/01-Inscription/password.android.widget.EditText'

2022-11-22 10:34:58 - [TEST_STEP][PASSED] - setEncryptedText(findTestObject("Object Repository/01-Inscription/password-confirm.android.widget.EditText"), "Cexku/mp9Z18eElUeR1LGg==", 0): Encrypted text 'Cexku/mp9Z18eElUeR1LGg==' has been set to element 'Object Repository/01-Inscription/password-confirm.android.widget.EditText'

2022-11-22 10:34:58 - [MESSAGE][WARNING] - Timeout '0' is invalid. Using default page load timeout: '30'

2022-11-22 10:34:59 - [MESSAGE][PASSED] - Encrypted text 'Cexku/mp9Z18eElUeR1LGg==' has been set to element 'Object Repository/01-Inscription/password-confirm.android.widget.EditText'

2022-11-22 10:34:59 - [TEST_STEP][PASSED] - tap(findTestObject("Object Repository/01-Inscription/android.widget.Button - Enregistrement"), 0): Tapped on element 'Object Repository/01-Inscription/android.widget.Button - Enregistrement'

2022-11-22 10:34:59 - [MESSAGE][WARNING] - Timeout '0' is invalid. Using default page load timeout: '30'

2022-11-22 10:35:01 - [MESSAGE][PASSED] - Tapped on element 'Object Repository/01-Inscription/android.widget.Button - Enregistrement'

2022-11-22 10:35:01 - [TEST_STEP][PASSED] - tap(findTestObject("01-Inscription/android.widget.Button - Accepter"), 0): Tapped on element 'Object Repository/01-Inscription/android.widget.Button - Accepter'

2022-11-22 10:35:01 - [MESSAGE][WARNING] - Timeout '0' is invalid. Using default page load timeout: '30'

2022-11-22 10:35:03 - [MESSAGE][PASSED] - Tapped on element 'Object Repository/01-Inscription/android.widget.Button - Accepter'

2022-11-22 10:35:03 - [TEST_STEP][PASSED] - verifyElementExist(findTestObject("01-Inscription/android.widget.TextView - Vous devez vrifier votre courriel pour activer votre compte"), 0): Element 'Object Repository/01-Inscription/android.widget.TextView - Vous devez vrifier votre courriel pour activer votre compte' is exist

2022-11-22 10:35:03 - [MESSAGE][WARNING] - Timeout '0' is invalid. Using default page load timeout: '30'

2022-11-22 10:35:06 - [MESSAGE][PASSED] - Element 'Object Repository/01-Inscription/android.widget.TextView - Vous devez vrifier votre courriel pour activer votre compte' is exist

2022-11-22 10:35:06 - [TEST_STEP][PASSED] - closeApplication(): Close app successfully

2022-11-22 10:35:09 - [MESSAGE][PASSED] - Close app successfully]]></system-out>
         <system-err><![CDATA[]]></system-err>
      </testcase>
      <testcase name="Test Cases/Cas de test passant/03-Se connecter avec un compte google (MSR-2)" time="58.196" classname="Test Cases/Cas de test passant/03-Se connecter avec un compte google (MSR-2)" status="FAILED">
         <failure type="FAILED" message="Test Cases/Cas de test passant/03-Se connecter avec un compte google (MSR-2) FAILED.
Reason:
com.kms.katalon.core.exception.StepFailedException: Element 'Object Repository/03- Se connecter avec un compte google/android.widget.TextView - Erreur 403 disallowed_useragent' is visible
	at com.kms.katalon.core.keyword.internal.KeywordMain.stepFailed(KeywordMain.groovy:50)
	at com.kms.katalon.core.mobile.keyword.internal.MobileKeywordMain.stepFailed(MobileKeywordMain.groovy:40)
	at com.kms.katalon.core.mobile.keyword.builtin.VerifyElementNotVisibleKeyword$_verifyElementNotVisible_closure1.doCall(VerifyElementNotVisibleKeyword.groovy:75)
	at com.kms.katalon.core.mobile.keyword.builtin.VerifyElementNotVisibleKeyword$_verifyElementNotVisible_closure1.call(VerifyElementNotVisibleKeyword.groovy)
	at com.kms.katalon.core.mobile.keyword.internal.MobileKeywordMain.runKeyword(MobileKeywordMain.groovy:21)
	at com.kms.katalon.core.mobile.keyword.builtin.VerifyElementNotVisibleKeyword.verifyElementNotVisible(VerifyElementNotVisibleKeyword.groovy:85)
	at com.kms.katalon.core.mobile.keyword.builtin.VerifyElementNotVisibleKeyword.execute(VerifyElementNotVisibleKeyword.groovy:64)
	at com.kms.katalon.core.keyword.internal.KeywordExecutor.executeKeywordForPlatform(KeywordExecutor.groovy:74)
	at com.kms.katalon.core.mobile.keyword.MobileBuiltInKeywords.verifyElementNotVisible(MobileBuiltInKeywords.groovy:2064)
	at com.kms.katalon.core.mobile.keyword.MobileBuiltInKeywords$verifyElementNotVisible$5.call(Unknown Source)
	at 03-Se connecter avec un compte google (MSR-2).run(03-Se connecter avec un compte google (MSR-2):28)
	at com.kms.katalon.core.main.ScriptEngine.run(ScriptEngine.java:194)
	at com.kms.katalon.core.main.ScriptEngine.runScriptAsRawText(ScriptEngine.java:119)
	at com.kms.katalon.core.main.TestCaseExecutor.runScript(TestCaseExecutor.java:448)
	at com.kms.katalon.core.main.TestCaseExecutor.doExecute(TestCaseExecutor.java:439)
	at com.kms.katalon.core.main.TestCaseExecutor.processExecutionPhase(TestCaseExecutor.java:418)
	at com.kms.katalon.core.main.TestCaseExecutor.accessMainPhase(TestCaseExecutor.java:410)
	at com.kms.katalon.core.main.TestCaseExecutor.execute(TestCaseExecutor.java:285)
	at com.kms.katalon.core.common.CommonExecutor.accessTestCaseMainPhase(CommonExecutor.java:65)
	at com.kms.katalon.core.main.TestSuiteExecutor.accessTestSuiteMainPhase(TestSuiteExecutor.java:151)
	at com.kms.katalon.core.main.TestSuiteExecutor.execute(TestSuiteExecutor.java:106)
	at com.kms.katalon.core.main.TestCaseMain.startTestSuite(TestCaseMain.java:185)
	at com.kms.katalon.core.main.TestCaseMain$startTestSuite$0.call(Unknown Source)
	at TempTestSuite1669109638590.run(TempTestSuite1669109638590.groovy:36)
"/>
         <system-out><![CDATA[2022-11-22 10:35:09 - [TEST_CASE][FAILED] - Test Cases/Cas de test passant/03-Se connecter avec un compte google (MSR-2): Test Cases/Cas de test passant/03-Se connecter avec un compte google (MSR-2) FAILED.
Reason:
com.kms.katalon.core.exception.StepFailedException: Element 'Object Repository/03- Se connecter avec un compte google/android.widget.TextView - Erreur 403 disallowed_useragent' is visible
	at com.kms.katalon.core.keyword.internal.KeywordMain.stepFailed(KeywordMain.groovy:50)
	at com.kms.katalon.core.mobile.keyword.internal.MobileKeywordMain.stepFailed(MobileKeywordMain.groovy:40)
	at com.kms.katalon.core.mobile.keyword.builtin.VerifyElementNotVisibleKeyword$_verifyElementNotVisible_closure1.doCall(VerifyElementNotVisibleKeyword.groovy:75)
	at com.kms.katalon.core.mobile.keyword.builtin.VerifyElementNotVisibleKeyword$_verifyElementNotVisible_closure1.call(VerifyElementNotVisibleKeyword.groovy)
	at com.kms.katalon.core.mobile.keyword.internal.MobileKeywordMain.runKeyword(MobileKeywordMain.groovy:21)
	at com.kms.katalon.core.mobile.keyword.builtin.VerifyElementNotVisibleKeyword.verifyElementNotVisible(VerifyElementNotVisibleKeyword.groovy:85)
	at com.kms.katalon.core.mobile.keyword.builtin.VerifyElementNotVisibleKeyword.execute(VerifyElementNotVisibleKeyword.groovy:64)
	at com.kms.katalon.core.keyword.internal.KeywordExecutor.executeKeywordForPlatform(KeywordExecutor.groovy:74)
	at com.kms.katalon.core.mobile.keyword.MobileBuiltInKeywords.verifyElementNotVisible(MobileBuiltInKeywords.groovy:2064)
	at com.kms.katalon.core.mobile.keyword.MobileBuiltInKeywords$verifyElementNotVisible$5.call(Unknown Source)
	at 03-Se connecter avec un compte google (MSR-2).run(03-Se connecter avec un compte google (MSR-2):28)
	at com.kms.katalon.core.main.ScriptEngine.run(ScriptEngine.java:194)
	at com.kms.katalon.core.main.ScriptEngine.runScriptAsRawText(ScriptEngine.java:119)
	at com.kms.katalon.core.main.TestCaseExecutor.runScript(TestCaseExecutor.java:448)
	at com.kms.katalon.core.main.TestCaseExecutor.doExecute(TestCaseExecutor.java:439)
	at com.kms.katalon.core.main.TestCaseExecutor.processExecutionPhase(TestCaseExecutor.java:418)
	at com.kms.katalon.core.main.TestCaseExecutor.accessMainPhase(TestCaseExecutor.java:410)
	at com.kms.katalon.core.main.TestCaseExecutor.execute(TestCaseExecutor.java:285)
	at com.kms.katalon.core.common.CommonExecutor.accessTestCaseMainPhase(CommonExecutor.java:65)
	at com.kms.katalon.core.main.TestSuiteExecutor.accessTestSuiteMainPhase(TestSuiteExecutor.java:151)
	at com.kms.katalon.core.main.TestSuiteExecutor.execute(TestSuiteExecutor.java:106)
	at com.kms.katalon.core.main.TestCaseMain.startTestSuite(TestCaseMain.java:185)
	at com.kms.katalon.core.main.TestCaseMain$startTestSuite$0.call(Unknown Source)
	at TempTestSuite1669109638590.run(TempTestSuite1669109638590.groovy:36)


2022-11-22 10:35:09 - [TEST_STEP][PASSED] - startApplication("C:\Users\Ousseynou Diop\Desktop\APK Client\app-debug.apk", true): Started app at: 'C:\Users\Ousseynou Diop\Desktop\APK Client\app-debug.apk'

2022-11-22 10:35:10 - [MESSAGE][INFO] - Detected NodeJS location: "C:\Program Files\nodejs\node.exe"

2022-11-22 10:35:11 - [MESSAGE][INFO] - Appium server started on port 51Â 947

2022-11-22 10:35:45 - [MESSAGE][PASSED] - Started app at: 'C:\Users\Ousseynou Diop\Desktop\APK Client\app-debug.apk'

2022-11-22 10:35:45 - [TEST_STEP][PASSED] - tap(findTestObject("Object Repository/03- Se connecter avec un compte google/android.widget.Button -Se connecter"), 0): Tapped on element 'Object Repository/03- Se connecter avec un compte google/android.widget.Button -Se connecter'

2022-11-22 10:35:45 - [MESSAGE][WARNING] - Timeout '0' is invalid. Using default page load timeout: '30'

2022-11-22 10:35:48 - [MESSAGE][PASSED] - Tapped on element 'Object Repository/03- Se connecter avec un compte google/android.widget.Button -Se connecter'

2022-11-22 10:35:48 - [TEST_STEP][PASSED] - tap(findTestObject("Object Repository/03- Se connecter avec un compte google/android.view.View Button social-google Login"), 0): Tapped on element 'Object Repository/03- Se connecter avec un compte google/android.view.View Button social-google Login'

2022-11-22 10:35:48 - [MESSAGE][WARNING] - Timeout '0' is invalid. Using default page load timeout: '30'

2022-11-22 10:35:56 - [MESSAGE][PASSED] - Tapped on element 'Object Repository/03- Se connecter avec un compte google/android.view.View Button social-google Login'

2022-11-22 10:35:56 - [TEST_STEP][FAILED] - verifyElementNotVisible(findTestObject("03- Se connecter avec un compte google/android.widget.TextView - Erreur 403 disallowed_useragent"), 0): Failed to check if element 'Object Repository/03- Se connecter avec un compte google/android.widget.TextView - Erreur 403 disallowed_useragent' is not visible (Root cause: com.kms.katalon.core.exception.StepFailedException: Element 'Object Repository/03- Se connecter avec un compte google/android.widget.TextView - Erreur 403 disallowed_useragent' is visible
	at com.kms.katalon.core.keyword.internal.KeywordMain.stepFailed(KeywordMain.groovy:50)
	at com.kms.katalon.core.mobile.keyword.internal.MobileKeywordMain.stepFailed(MobileKeywordMain.groovy:40)
	at com.kms.katalon.core.mobile.keyword.builtin.VerifyElementNotVisibleKeyword$_verifyElementNotVisible_closure1.doCall(VerifyElementNotVisibleKeyword.groovy:75)
	at com.kms.katalon.core.mobile.keyword.builtin.VerifyElementNotVisibleKeyword$_verifyElementNotVisible_closure1.call(VerifyElementNotVisibleKeyword.groovy)
	at com.kms.katalon.core.mobile.keyword.internal.MobileKeywordMain.runKeyword(MobileKeywordMain.groovy:21)
	at com.kms.katalon.core.mobile.keyword.builtin.VerifyElementNotVisibleKeyword.verifyElementNotVisible(VerifyElementNotVisibleKeyword.groovy:85)
	at com.kms.katalon.core.mobile.keyword.builtin.VerifyElementNotVisibleKeyword.execute(VerifyElementNotVisibleKeyword.groovy:64)
	at com.kms.katalon.core.keyword.internal.KeywordExecutor.executeKeywordForPlatform(KeywordExecutor.groovy:74)
	at com.kms.katalon.core.mobile.keyword.MobileBuiltInKeywords.verifyElementNotVisible(MobileBuiltInKeywords.groovy:2064)
	at com.kms.katalon.core.mobile.keyword.MobileBuiltInKeywords$verifyElementNotVisible$5.call(Unknown Source)
	at 03-Se connecter avec un compte google (MSR-2).run(03-Se connecter avec un compte google (MSR-2):28)
	at com.kms.katalon.core.main.ScriptEngine.run(ScriptEngine.java:194)
	at com.kms.katalon.core.main.ScriptEngine.runScriptAsRawText(ScriptEngine.java:119)
	at com.kms.katalon.core.main.TestCaseExecutor.runScript(TestCaseExecutor.java:448)
	at com.kms.katalon.core.main.TestCaseExecutor.doExecute(TestCaseExecutor.java:439)
	at com.kms.katalon.core.main.TestCaseExecutor.processExecutionPhase(TestCaseExecutor.java:418)
	at com.kms.katalon.core.main.TestCaseExecutor.accessMainPhase(TestCaseExecutor.java:410)
	at com.kms.katalon.core.main.TestCaseExecutor.execute(TestCaseExecutor.java:285)
	at com.kms.katalon.core.common.CommonExecutor.accessTestCaseMainPhase(CommonExecutor.java:65)
	at com.kms.katalon.core.main.TestSuiteExecutor.accessTestSuiteMainPhase(TestSuiteExecutor.java:151)
	at com.kms.katalon.core.main.TestSuiteExecutor.execute(TestSuiteExecutor.java:106)
	at com.kms.katalon.core.main.TestCaseMain.startTestSuite(TestCaseMain.java:185)
	at com.kms.katalon.core.main.TestCaseMain$startTestSuite$0.call(Unknown Source)
	at TempTestSuite1669109638590.run(TempTestSuite1669109638590.groovy:36)
)

2022-11-22 10:35:56 - [MESSAGE][WARNING] - Timeout '0' is invalid. Using default page load timeout: '30'

2022-11-22 10:36:01 - [MESSAGE][FAILED] - Element 'Object Repository/03- Se connecter avec un compte google/android.widget.TextView - Erreur 403 disallowed_useragent' is visible

2022-11-22 10:36:07 - [MESSAGE][FAILED] - Failed to check if element 'Object Repository/03- Se connecter avec un compte google/android.widget.TextView - Erreur 403 disallowed_useragent' is not visible (Root cause: com.kms.katalon.core.exception.StepFailedException: Element 'Object Repository/03- Se connecter avec un compte google/android.widget.TextView - Erreur 403 disallowed_useragent' is visible
	at com.kms.katalon.core.keyword.internal.KeywordMain.stepFailed(KeywordMain.groovy:50)
	at com.kms.katalon.core.mobile.keyword.internal.MobileKeywordMain.stepFailed(MobileKeywordMain.groovy:40)
	at com.kms.katalon.core.mobile.keyword.builtin.VerifyElementNotVisibleKeyword$_verifyElementNotVisible_closure1.doCall(VerifyElementNotVisibleKeyword.groovy:75)
	at com.kms.katalon.core.mobile.keyword.builtin.VerifyElementNotVisibleKeyword$_verifyElementNotVisible_closure1.call(VerifyElementNotVisibleKeyword.groovy)
	at com.kms.katalon.core.mobile.keyword.internal.MobileKeywordMain.runKeyword(MobileKeywordMain.groovy:21)
	at com.kms.katalon.core.mobile.keyword.builtin.VerifyElementNotVisibleKeyword.verifyElementNotVisible(VerifyElementNotVisibleKeyword.groovy:85)
	at com.kms.katalon.core.mobile.keyword.builtin.VerifyElementNotVisibleKeyword.execute(VerifyElementNotVisibleKeyword.groovy:64)
	at com.kms.katalon.core.keyword.internal.KeywordExecutor.executeKeywordForPlatform(KeywordExecutor.groovy:74)
	at com.kms.katalon.core.mobile.keyword.MobileBuiltInKeywords.verifyElementNotVisible(MobileBuiltInKeywords.groovy:2064)
	at com.kms.katalon.core.mobile.keyword.MobileBuiltInKeywords$verifyElementNotVisible$5.call(Unknown Source)
	at 03-Se connecter avec un compte google (MSR-2).run(03-Se connecter avec un compte google (MSR-2):28)
	at com.kms.katalon.core.main.ScriptEngine.run(ScriptEngine.java:194)
	at com.kms.katalon.core.main.ScriptEngine.runScriptAsRawText(ScriptEngine.java:119)
	at com.kms.katalon.core.main.TestCaseExecutor.runScript(TestCaseExecutor.java:448)
	at com.kms.katalon.core.main.TestCaseExecutor.doExecute(TestCaseExecutor.java:439)
	at com.kms.katalon.core.main.TestCaseExecutor.processExecutionPhase(TestCaseExecutor.java:418)
	at com.kms.katalon.core.main.TestCaseExecutor.accessMainPhase(TestCaseExecutor.java:410)
	at com.kms.katalon.core.main.TestCaseExecutor.execute(TestCaseExecutor.java:285)
	at com.kms.katalon.core.common.CommonExecutor.accessTestCaseMainPhase(CommonExecutor.java:65)
	at com.kms.katalon.core.main.TestSuiteExecutor.accessTestSuiteMainPhase(TestSuiteExecutor.java:151)
	at com.kms.katalon.core.main.TestSuiteExecutor.execute(TestSuiteExecutor.java:106)
	at com.kms.katalon.core.main.TestCaseMain.startTestSuite(TestCaseMain.java:185)
	at com.kms.katalon.core.main.TestCaseMain$startTestSuite$0.call(Unknown Source)
	at TempTestSuite1669109638590.run(TempTestSuite1669109638590.groovy:36)
)
[[ATTACHMENT|C:\\Users\\Ousseynou Diop\\git\\Mon-Shopper-Automatisation-Application-Client\\Reports\\20221122_103358\\Cas de test passant app client\\20221122_103358\\1669109761509.png]]]]></system-out>
         <system-err><![CDATA[2022-11-22 10:35:09 - [TEST_CASE][FAILED] - Test Cases/Cas de test passant/03-Se connecter avec un compte google (MSR-2): Test Cases/Cas de test passant/03-Se connecter avec un compte google (MSR-2) FAILED.
Reason:
com.kms.katalon.core.exception.StepFailedException: Element 'Object Repository/03- Se connecter avec un compte google/android.widget.TextView - Erreur 403 disallowed_useragent' is visible
	at com.kms.katalon.core.keyword.internal.KeywordMain.stepFailed(KeywordMain.groovy:50)
	at com.kms.katalon.core.mobile.keyword.internal.MobileKeywordMain.stepFailed(MobileKeywordMain.groovy:40)
	at com.kms.katalon.core.mobile.keyword.builtin.VerifyElementNotVisibleKeyword$_verifyElementNotVisible_closure1.doCall(VerifyElementNotVisibleKeyword.groovy:75)
	at com.kms.katalon.core.mobile.keyword.builtin.VerifyElementNotVisibleKeyword$_verifyElementNotVisible_closure1.call(VerifyElementNotVisibleKeyword.groovy)
	at com.kms.katalon.core.mobile.keyword.internal.MobileKeywordMain.runKeyword(MobileKeywordMain.groovy:21)
	at com.kms.katalon.core.mobile.keyword.builtin.VerifyElementNotVisibleKeyword.verifyElementNotVisible(VerifyElementNotVisibleKeyword.groovy:85)
	at com.kms.katalon.core.mobile.keyword.builtin.VerifyElementNotVisibleKeyword.execute(VerifyElementNotVisibleKeyword.groovy:64)
	at com.kms.katalon.core.keyword.internal.KeywordExecutor.executeKeywordForPlatform(KeywordExecutor.groovy:74)
	at com.kms.katalon.core.mobile.keyword.MobileBuiltInKeywords.verifyElementNotVisible(MobileBuiltInKeywords.groovy:2064)
	at com.kms.katalon.core.mobile.keyword.MobileBuiltInKeywords$verifyElementNotVisible$5.call(Unknown Source)
	at 03-Se connecter avec un compte google (MSR-2).run(03-Se connecter avec un compte google (MSR-2):28)
	at com.kms.katalon.core.main.ScriptEngine.run(ScriptEngine.java:194)
	at com.kms.katalon.core.main.ScriptEngine.runScriptAsRawText(ScriptEngine.java:119)
	at com.kms.katalon.core.main.TestCaseExecutor.runScript(TestCaseExecutor.java:448)
	at com.kms.katalon.core.main.TestCaseExecutor.doExecute(TestCaseExecutor.java:439)
	at com.kms.katalon.core.main.TestCaseExecutor.processExecutionPhase(TestCaseExecutor.java:418)
	at com.kms.katalon.core.main.TestCaseExecutor.accessMainPhase(TestCaseExecutor.java:410)
	at com.kms.katalon.core.main.TestCaseExecutor.execute(TestCaseExecutor.java:285)
	at com.kms.katalon.core.common.CommonExecutor.accessTestCaseMainPhase(CommonExecutor.java:65)
	at com.kms.katalon.core.main.TestSuiteExecutor.accessTestSuiteMainPhase(TestSuiteExecutor.java:151)
	at com.kms.katalon.core.main.TestSuiteExecutor.execute(TestSuiteExecutor.java:106)
	at com.kms.katalon.core.main.TestCaseMain.startTestSuite(TestCaseMain.java:185)
	at com.kms.katalon.core.main.TestCaseMain$startTestSuite$0.call(Unknown Source)
	at TempTestSuite1669109638590.run(TempTestSuite1669109638590.groovy:36)]]></system-err>
      </testcase>
      <testcase name="Test Cases/Cas de test passant/05- Se Connecter en mode Guest (MSR-219 et MSR-74)" time="42.782" classname="Test Cases/Cas de test passant/05- Se Connecter en mode Guest (MSR-219 et MSR-74)" status="PASSED">
         <system-out><![CDATA[2022-11-22 10:36:07 - [TEST_CASE][PASSED] - Test Cases/Cas de test passant/05- Se Connecter en mode Guest (MSR-219 et MSR-74): Test Cases/Cas de test passant/05- Se Connecter en mode Guest (MSR-219 et MSR-74)

2022-11-22 10:36:07 - [TEST_STEP][PASSED] - startApplication("C:\Users\Ousseynou Diop\Desktop\APK Client\app-debug.apk", true): Started app at: 'C:\Users\Ousseynou Diop\Desktop\APK Client\app-debug.apk'

2022-11-22 10:36:42 - [MESSAGE][PASSED] - Started app at: 'C:\Users\Ousseynou Diop\Desktop\APK Client\app-debug.apk'

2022-11-22 10:36:42 - [TEST_STEP][PASSED] - tap(findTestObject("Object Repository/05-Se connecter en mode Guest/android.widget.Button Continuer en mode guest"), 0): Tapped on element 'Object Repository/05-Se connecter en mode Guest/android.widget.Button Continuer en mode guest'

2022-11-22 10:36:42 - [MESSAGE][WARNING] - Timeout '0' is invalid. Using default page load timeout: '30'

2022-11-22 10:36:44 - [MESSAGE][PASSED] - Tapped on element 'Object Repository/05-Se connecter en mode Guest/android.widget.Button Continuer en mode guest'

2022-11-22 10:36:44 - [TEST_STEP][PASSED] - verifyElementVisible(findTestObject("Object Repository/05-Se connecter en mode Guest/android.view.View - Onglet Livraison de colis"), 0): Element 'Object Repository/05-Se connecter en mode Guest/android.view.View - Onglet Livraison de colis' is visible

2022-11-22 10:36:44 - [MESSAGE][WARNING] - Timeout '0' is invalid. Using default page load timeout: '30'

2022-11-22 10:36:47 - [MESSAGE][PASSED] - Element 'Object Repository/05-Se connecter en mode Guest/android.view.View - Onglet Livraison de colis' is visible

2022-11-22 10:36:47 - [TEST_STEP][PASSED] - closeApplication(): Close app successfully

2022-11-22 10:36:50 - [MESSAGE][PASSED] - Close app successfully]]></system-out>
         <system-err><![CDATA[]]></system-err>
      </testcase>
      <testcase name="Test Cases/Cas de test passant/06- Inscription avec le lien Inscriver-vous (MSR-2)" time="75.834" classname="Test Cases/Cas de test passant/06- Inscription avec le lien Inscriver-vous (MSR-2)" status="FAILED">
         <failure type="FAILED" message="Test Cases/Cas de test passant/06- Inscription avec le lien Inscriver-vous (MSR-2) FAILED.
Reason:
com.kms.katalon.core.exception.StepFailedException: Element 'Object Repository/06- Inscription avec le lien Inscrivez-vous/android.widget.TextView - Senregistrer' not found
	at com.kms.katalon.core.keyword.internal.KeywordMain.stepFailed(KeywordMain.groovy:50)
	at com.kms.katalon.core.mobile.keyword.internal.MobileKeywordMain.stepFailed(MobileKeywordMain.groovy:40)
	at com.kms.katalon.core.mobile.keyword.builtin.VerifyElementVisibleKeyword$_verifyElementVisible_closure1.doCall(VerifyElementVisibleKeyword.groovy:82)
	at com.kms.katalon.core.mobile.keyword.builtin.VerifyElementVisibleKeyword$_verifyElementVisible_closure1.call(VerifyElementVisibleKeyword.groovy)
	at com.kms.katalon.core.mobile.keyword.internal.MobileKeywordMain.runKeyword(MobileKeywordMain.groovy:21)
	at com.kms.katalon.core.mobile.keyword.builtin.VerifyElementVisibleKeyword.verifyElementVisible(VerifyElementVisibleKeyword.groovy:85)
	at com.kms.katalon.core.mobile.keyword.builtin.VerifyElementVisibleKeyword.execute(VerifyElementVisibleKeyword.groovy:64)
	at com.kms.katalon.core.keyword.internal.KeywordExecutor.executeKeywordForPlatform(KeywordExecutor.groovy:74)
	at com.kms.katalon.core.mobile.keyword.MobileBuiltInKeywords.verifyElementVisible(MobileBuiltInKeywords.groovy:2031)
	at com.kms.katalon.core.mobile.keyword.MobileBuiltInKeywords$verifyElementVisible$6.call(Unknown Source)
	at 06- Inscription avec le lien Inscriver-vous (MSR-2).run(06- Inscription avec le lien Inscriver-vous (MSR-2):24)
	at com.kms.katalon.core.main.ScriptEngine.run(ScriptEngine.java:194)
	at com.kms.katalon.core.main.ScriptEngine.runScriptAsRawText(ScriptEngine.java:119)
	at com.kms.katalon.core.main.TestCaseExecutor.runScript(TestCaseExecutor.java:448)
	at com.kms.katalon.core.main.TestCaseExecutor.doExecute(TestCaseExecutor.java:439)
	at com.kms.katalon.core.main.TestCaseExecutor.processExecutionPhase(TestCaseExecutor.java:418)
	at com.kms.katalon.core.main.TestCaseExecutor.accessMainPhase(TestCaseExecutor.java:410)
	at com.kms.katalon.core.main.TestCaseExecutor.execute(TestCaseExecutor.java:285)
	at com.kms.katalon.core.common.CommonExecutor.accessTestCaseMainPhase(CommonExecutor.java:65)
	at com.kms.katalon.core.main.TestSuiteExecutor.accessTestSuiteMainPhase(TestSuiteExecutor.java:151)
	at com.kms.katalon.core.main.TestSuiteExecutor.execute(TestSuiteExecutor.java:106)
	at com.kms.katalon.core.main.TestCaseMain.startTestSuite(TestCaseMain.java:185)
	at com.kms.katalon.core.main.TestCaseMain$startTestSuite$0.call(Unknown Source)
	at TempTestSuite1669109638590.run(TempTestSuite1669109638590.groovy:36)
"/>
         <system-out><![CDATA[2022-11-22 10:36:50 - [TEST_CASE][FAILED] - Test Cases/Cas de test passant/06- Inscription avec le lien Inscriver-vous (MSR-2): Test Cases/Cas de test passant/06- Inscription avec le lien Inscriver-vous (MSR-2) FAILED.
Reason:
com.kms.katalon.core.exception.StepFailedException: Element 'Object Repository/06- Inscription avec le lien Inscrivez-vous/android.widget.TextView - Senregistrer' not found
	at com.kms.katalon.core.keyword.internal.KeywordMain.stepFailed(KeywordMain.groovy:50)
	at com.kms.katalon.core.mobile.keyword.internal.MobileKeywordMain.stepFailed(MobileKeywordMain.groovy:40)
	at com.kms.katalon.core.mobile.keyword.builtin.VerifyElementVisibleKeyword$_verifyElementVisible_closure1.doCall(VerifyElementVisibleKeyword.groovy:82)
	at com.kms.katalon.core.mobile.keyword.builtin.VerifyElementVisibleKeyword$_verifyElementVisible_closure1.call(VerifyElementVisibleKeyword.groovy)
	at com.kms.katalon.core.mobile.keyword.internal.MobileKeywordMain.runKeyword(MobileKeywordMain.groovy:21)
	at com.kms.katalon.core.mobile.keyword.builtin.VerifyElementVisibleKeyword.verifyElementVisible(VerifyElementVisibleKeyword.groovy:85)
	at com.kms.katalon.core.mobile.keyword.builtin.VerifyElementVisibleKeyword.execute(VerifyElementVisibleKeyword.groovy:64)
	at com.kms.katalon.core.keyword.internal.KeywordExecutor.executeKeywordForPlatform(KeywordExecutor.groovy:74)
	at com.kms.katalon.core.mobile.keyword.MobileBuiltInKeywords.verifyElementVisible(MobileBuiltInKeywords.groovy:2031)
	at com.kms.katalon.core.mobile.keyword.MobileBuiltInKeywords$verifyElementVisible$6.call(Unknown Source)
	at 06- Inscription avec le lien Inscriver-vous (MSR-2).run(06- Inscription avec le lien Inscriver-vous (MSR-2):24)
	at com.kms.katalon.core.main.ScriptEngine.run(ScriptEngine.java:194)
	at com.kms.katalon.core.main.ScriptEngine.runScriptAsRawText(ScriptEngine.java:119)
	at com.kms.katalon.core.main.TestCaseExecutor.runScript(TestCaseExecutor.java:448)
	at com.kms.katalon.core.main.TestCaseExecutor.doExecute(TestCaseExecutor.java:439)
	at com.kms.katalon.core.main.TestCaseExecutor.processExecutionPhase(TestCaseExecutor.java:418)
	at com.kms.katalon.core.main.TestCaseExecutor.accessMainPhase(TestCaseExecutor.java:410)
	at com.kms.katalon.core.main.TestCaseExecutor.execute(TestCaseExecutor.java:285)
	at com.kms.katalon.core.common.CommonExecutor.accessTestCaseMainPhase(CommonExecutor.java:65)
	at com.kms.katalon.core.main.TestSuiteExecutor.accessTestSuiteMainPhase(TestSuiteExecutor.java:151)
	at com.kms.katalon.core.main.TestSuiteExecutor.execute(TestSuiteExecutor.java:106)
	at com.kms.katalon.core.main.TestCaseMain.startTestSuite(TestCaseMain.java:185)
	at com.kms.katalon.core.main.TestCaseMain$startTestSuite$0.call(Unknown Source)
	at TempTestSuite1669109638590.run(TempTestSuite1669109638590.groovy:36)


2022-11-22 10:36:50 - [TEST_STEP][PASSED] - startApplication("C:\Users\Ousseynou Diop\Desktop\APK Client\app-debug.apk", true): Started app at: 'C:\Users\Ousseynou Diop\Desktop\APK Client\app-debug.apk'

2022-11-22 10:36:50 - [MESSAGE][INFO] - Detected NodeJS location: "C:\Program Files\nodejs\node.exe"

2022-11-22 10:36:51 - [MESSAGE][INFO] - Appium server started on port 52Â 215

2022-11-22 10:37:26 - [MESSAGE][PASSED] - Started app at: 'C:\Users\Ousseynou Diop\Desktop\APK Client\app-debug.apk'

2022-11-22 10:37:26 - [TEST_STEP][PASSED] - tap(findTestObject("Object Repository/06- Inscription avec le lien Inscrivez-vous/android.widget.Button Inscrivez-vous"), 0): Tapped on element 'Object Repository/06- Inscription avec le lien Inscrivez-vous/android.widget.Button Inscrivez-vous'

2022-11-22 10:37:26 - [MESSAGE][WARNING] - Timeout '0' is invalid. Using default page load timeout: '30'

2022-11-22 10:37:28 - [MESSAGE][PASSED] - Tapped on element 'Object Repository/06- Inscription avec le lien Inscrivez-vous/android.widget.Button Inscrivez-vous'

2022-11-22 10:37:28 - [TEST_STEP][FAILED] - verifyElementVisible(findTestObject("06- Inscription avec le lien Inscrivez-vous/android.widget.TextView - Senregistrer"), 0): Failed to check for element 'Object Repository/06- Inscription avec le lien Inscrivez-vous/android.widget.TextView - Senregistrer' visible (Root cause: com.kms.katalon.core.exception.StepFailedException: Element 'Object Repository/06- Inscription avec le lien Inscrivez-vous/android.widget.TextView - Senregistrer' not found
	at com.kms.katalon.core.keyword.internal.KeywordMain.stepFailed(KeywordMain.groovy:50)
	at com.kms.katalon.core.mobile.keyword.internal.MobileKeywordMain.stepFailed(MobileKeywordMain.groovy:40)
	at com.kms.katalon.core.mobile.keyword.builtin.VerifyElementVisibleKeyword$_verifyElementVisible_closure1.doCall(VerifyElementVisibleKeyword.groovy:82)
	at com.kms.katalon.core.mobile.keyword.builtin.VerifyElementVisibleKeyword$_verifyElementVisible_closure1.call(VerifyElementVisibleKeyword.groovy)
	at com.kms.katalon.core.mobile.keyword.internal.MobileKeywordMain.runKeyword(MobileKeywordMain.groovy:21)
	at com.kms.katalon.core.mobile.keyword.builtin.VerifyElementVisibleKeyword.verifyElementVisible(VerifyElementVisibleKeyword.groovy:85)
	at com.kms.katalon.core.mobile.keyword.builtin.VerifyElementVisibleKeyword.execute(VerifyElementVisibleKeyword.groovy:64)
	at com.kms.katalon.core.keyword.internal.KeywordExecutor.executeKeywordForPlatform(KeywordExecutor.groovy:74)
	at com.kms.katalon.core.mobile.keyword.MobileBuiltInKeywords.verifyElementVisible(MobileBuiltInKeywords.groovy:2031)
	at com.kms.katalon.core.mobile.keyword.MobileBuiltInKeywords$verifyElementVisible$6.call(Unknown Source)
	at 06- Inscription avec le lien Inscriver-vous (MSR-2).run(06- Inscription avec le lien Inscriver-vous (MSR-2):24)
	at com.kms.katalon.core.main.ScriptEngine.run(ScriptEngine.java:194)
	at com.kms.katalon.core.main.ScriptEngine.runScriptAsRawText(ScriptEngine.java:119)
	at com.kms.katalon.core.main.TestCaseExecutor.runScript(TestCaseExecutor.java:448)
	at com.kms.katalon.core.main.TestCaseExecutor.doExecute(TestCaseExecutor.java:439)
	at com.kms.katalon.core.main.TestCaseExecutor.processExecutionPhase(TestCaseExecutor.java:418)
	at com.kms.katalon.core.main.TestCaseExecutor.accessMainPhase(TestCaseExecutor.java:410)
	at com.kms.katalon.core.main.TestCaseExecutor.execute(TestCaseExecutor.java:285)
	at com.kms.katalon.core.common.CommonExecutor.accessTestCaseMainPhase(CommonExecutor.java:65)
	at com.kms.katalon.core.main.TestSuiteExecutor.accessTestSuiteMainPhase(TestSuiteExecutor.java:151)
	at com.kms.katalon.core.main.TestSuiteExecutor.execute(TestSuiteExecutor.java:106)
	at com.kms.katalon.core.main.TestCaseMain.startTestSuite(TestCaseMain.java:185)
	at com.kms.katalon.core.main.TestCaseMain$startTestSuite$0.call(Unknown Source)
	at TempTestSuite1669109638590.run(TempTestSuite1669109638590.groovy:36)
)

2022-11-22 10:37:28 - [MESSAGE][WARNING] - Timeout '0' is invalid. Using default page load timeout: '30'

2022-11-22 10:37:58 - [MESSAGE][FAILED] - Element 'Object Repository/06- Inscription avec le lien Inscrivez-vous/android.widget.TextView - Senregistrer' not found

2022-11-22 10:38:06 - [MESSAGE][FAILED] - Failed to check for element 'Object Repository/06- Inscription avec le lien Inscrivez-vous/android.widget.TextView - Senregistrer' visible (Root cause: com.kms.katalon.core.exception.StepFailedException: Element 'Object Repository/06- Inscription avec le lien Inscrivez-vous/android.widget.TextView - Senregistrer' not found
	at com.kms.katalon.core.keyword.internal.KeywordMain.stepFailed(KeywordMain.groovy:50)
	at com.kms.katalon.core.mobile.keyword.internal.MobileKeywordMain.stepFailed(MobileKeywordMain.groovy:40)
	at com.kms.katalon.core.mobile.keyword.builtin.VerifyElementVisibleKeyword$_verifyElementVisible_closure1.doCall(VerifyElementVisibleKeyword.groovy:82)
	at com.kms.katalon.core.mobile.keyword.builtin.VerifyElementVisibleKeyword$_verifyElementVisible_closure1.call(VerifyElementVisibleKeyword.groovy)
	at com.kms.katalon.core.mobile.keyword.internal.MobileKeywordMain.runKeyword(MobileKeywordMain.groovy:21)
	at com.kms.katalon.core.mobile.keyword.builtin.VerifyElementVisibleKeyword.verifyElementVisible(VerifyElementVisibleKeyword.groovy:85)
	at com.kms.katalon.core.mobile.keyword.builtin.VerifyElementVisibleKeyword.execute(VerifyElementVisibleKeyword.groovy:64)
	at com.kms.katalon.core.keyword.internal.KeywordExecutor.executeKeywordForPlatform(KeywordExecutor.groovy:74)
	at com.kms.katalon.core.mobile.keyword.MobileBuiltInKeywords.verifyElementVisible(MobileBuiltInKeywords.groovy:2031)
	at com.kms.katalon.core.mobile.keyword.MobileBuiltInKeywords$verifyElementVisible$6.call(Unknown Source)
	at 06- Inscription avec le lien Inscriver-vous (MSR-2).run(06- Inscription avec le lien Inscriver-vous (MSR-2):24)
	at com.kms.katalon.core.main.ScriptEngine.run(ScriptEngine.java:194)
	at com.kms.katalon.core.main.ScriptEngine.runScriptAsRawText(ScriptEngine.java:119)
	at com.kms.katalon.core.main.TestCaseExecutor.runScript(TestCaseExecutor.java:448)
	at com.kms.katalon.core.main.TestCaseExecutor.doExecute(TestCaseExecutor.java:439)
	at com.kms.katalon.core.main.TestCaseExecutor.processExecutionPhase(TestCaseExecutor.java:418)
	at com.kms.katalon.core.main.TestCaseExecutor.accessMainPhase(TestCaseExecutor.java:410)
	at com.kms.katalon.core.main.TestCaseExecutor.execute(TestCaseExecutor.java:285)
	at com.kms.katalon.core.common.CommonExecutor.accessTestCaseMainPhase(CommonExecutor.java:65)
	at com.kms.katalon.core.main.TestSuiteExecutor.accessTestSuiteMainPhase(TestSuiteExecutor.java:151)
	at com.kms.katalon.core.main.TestSuiteExecutor.execute(TestSuiteExecutor.java:106)
	at com.kms.katalon.core.main.TestCaseMain.startTestSuite(TestCaseMain.java:185)
	at com.kms.katalon.core.main.TestCaseMain$startTestSuite$0.call(Unknown Source)
	at TempTestSuite1669109638590.run(TempTestSuite1669109638590.groovy:36)
)
[[ATTACHMENT|C:\\Users\\Ousseynou Diop\\git\\Mon-Shopper-Automatisation-Application-Client\\Reports\\20221122_103358\\Cas de test passant app client\\20221122_103358\\1669109878803.png]]]]></system-out>
         <system-err><![CDATA[2022-11-22 10:36:50 - [TEST_CASE][FAILED] - Test Cases/Cas de test passant/06- Inscription avec le lien Inscriver-vous (MSR-2): Test Cases/Cas de test passant/06- Inscription avec le lien Inscriver-vous (MSR-2) FAILED.
Reason:
com.kms.katalon.core.exception.StepFailedException: Element 'Object Repository/06- Inscription avec le lien Inscrivez-vous/android.widget.TextView - Senregistrer' not found
	at com.kms.katalon.core.keyword.internal.KeywordMain.stepFailed(KeywordMain.groovy:50)
	at com.kms.katalon.core.mobile.keyword.internal.MobileKeywordMain.stepFailed(MobileKeywordMain.groovy:40)
	at com.kms.katalon.core.mobile.keyword.builtin.VerifyElementVisibleKeyword$_verifyElementVisible_closure1.doCall(VerifyElementVisibleKeyword.groovy:82)
	at com.kms.katalon.core.mobile.keyword.builtin.VerifyElementVisibleKeyword$_verifyElementVisible_closure1.call(VerifyElementVisibleKeyword.groovy)
	at com.kms.katalon.core.mobile.keyword.internal.MobileKeywordMain.runKeyword(MobileKeywordMain.groovy:21)
	at com.kms.katalon.core.mobile.keyword.builtin.VerifyElementVisibleKeyword.verifyElementVisible(VerifyElementVisibleKeyword.groovy:85)
	at com.kms.katalon.core.mobile.keyword.builtin.VerifyElementVisibleKeyword.execute(VerifyElementVisibleKeyword.groovy:64)
	at com.kms.katalon.core.keyword.internal.KeywordExecutor.executeKeywordForPlatform(KeywordExecutor.groovy:74)
	at com.kms.katalon.core.mobile.keyword.MobileBuiltInKeywords.verifyElementVisible(MobileBuiltInKeywords.groovy:2031)
	at com.kms.katalon.core.mobile.keyword.MobileBuiltInKeywords$verifyElementVisible$6.call(Unknown Source)
	at 06- Inscription avec le lien Inscriver-vous (MSR-2).run(06- Inscription avec le lien Inscriver-vous (MSR-2):24)
	at com.kms.katalon.core.main.ScriptEngine.run(ScriptEngine.java:194)
	at com.kms.katalon.core.main.ScriptEngine.runScriptAsRawText(ScriptEngine.java:119)
	at com.kms.katalon.core.main.TestCaseExecutor.runScript(TestCaseExecutor.java:448)
	at com.kms.katalon.core.main.TestCaseExecutor.doExecute(TestCaseExecutor.java:439)
	at com.kms.katalon.core.main.TestCaseExecutor.processExecutionPhase(TestCaseExecutor.java:418)
	at com.kms.katalon.core.main.TestCaseExecutor.accessMainPhase(TestCaseExecutor.java:410)
	at com.kms.katalon.core.main.TestCaseExecutor.execute(TestCaseExecutor.java:285)
	at com.kms.katalon.core.common.CommonExecutor.accessTestCaseMainPhase(CommonExecutor.java:65)
	at com.kms.katalon.core.main.TestSuiteExecutor.accessTestSuiteMainPhase(TestSuiteExecutor.java:151)
	at com.kms.katalon.core.main.TestSuiteExecutor.execute(TestSuiteExecutor.java:106)
	at com.kms.katalon.core.main.TestCaseMain.startTestSuite(TestCaseMain.java:185)
	at com.kms.katalon.core.main.TestCaseMain$startTestSuite$0.call(Unknown Source)
	at TempTestSuite1669109638590.run(TempTestSuite1669109638590.groovy:36)]]></system-err>
      </testcase>
      <testcase name="Test Cases/Cas de test passant/07- Modification de mot de passe oublier (MSR-3 et MSR-27)" time="57.708" classname="Test Cases/Cas de test passant/07- Modification de mot de passe oublier (MSR-3 et MSR-27)" status="PASSED">
         <system-out><![CDATA[2022-11-22 10:38:06 - [TEST_CASE][PASSED] - Test Cases/Cas de test passant/07- Modification de mot de passe oublier (MSR-3 et MSR-27): Test Cases/Cas de test passant/07- Modification de mot de passe oublier (MSR-3 et MSR-27)

2022-11-22 10:38:06 - [TEST_STEP][PASSED] - startApplication("C:\Users\Ousseynou Diop\Desktop\APK Client\app-debug.apk", true): Started app at: 'C:\Users\Ousseynou Diop\Desktop\APK Client\app-debug.apk'

2022-11-22 10:38:39 - [MESSAGE][PASSED] - Started app at: 'C:\Users\Ousseynou Diop\Desktop\APK Client\app-debug.apk'

2022-11-22 10:38:39 - [TEST_STEP][PASSED] - tap(findTestObject("Object Repository/07-Modification de mot de passe oubliÃ©/android.widget.Button-Se connecter"), 0): Tapped on element 'Object Repository/07-Modification de mot de passe oubliÃ©/android.widget.Button-Se connecter'

2022-11-22 10:38:39 - [MESSAGE][WARNING] - Timeout '0' is invalid. Using default page load timeout: '30'

2022-11-22 10:38:41 - [MESSAGE][PASSED] - Tapped on element 'Object Repository/07-Modification de mot de passe oubliÃ©/android.widget.Button-Se connecter'

2022-11-22 10:38:41 - [TEST_STEP][PASSED] - tap(findTestObject("Object Repository/07-Modification de mot de passe oubliÃ©/android.widget.TextView - Mot de passe oubli"), 0): Tapped on element 'Object Repository/07-Modification de mot de passe oubliÃ©/android.widget.TextView - Mot de passe oubli'

2022-11-22 10:38:41 - [MESSAGE][WARNING] - Timeout '0' is invalid. Using default page load timeout: '30'

2022-11-22 10:38:54 - [MESSAGE][PASSED] - Tapped on element 'Object Repository/07-Modification de mot de passe oubliÃ©/android.widget.TextView - Mot de passe oubli'

2022-11-22 10:38:54 - [TEST_STEP][PASSED] - tap(findTestObject("07-Modification de mot de passe oubliÃ©/android.widget.EditText-username"), 0): Tapped on element 'Object Repository/07-Modification de mot de passe oubliÃ©/android.widget.EditText-username'

2022-11-22 10:38:54 - [MESSAGE][WARNING] - Timeout '0' is invalid. Using default page load timeout: '30'

2022-11-22 10:38:56 - [MESSAGE][PASSED] - Tapped on element 'Object Repository/07-Modification de mot de passe oubliÃ©/android.widget.EditText-username'

2022-11-22 10:38:56 - [TEST_STEP][PASSED] - setText(findTestObject("Object Repository/07-Modification de mot de passe oubliÃ©/android.widget.EditText-username"), "pacorabanne@yopmail.com", 0): Text 'pacorabanne@yopmail.com' has been set to element 'Object Repository/07-Modification de mot de passe oubliÃ©/android.widget.EditText-username'

2022-11-22 10:38:56 - [MESSAGE][WARNING] - Timeout '0' is invalid. Using default page load timeout: '30'

2022-11-22 10:38:57 - [MESSAGE][PASSED] - Text 'pacorabanne@yopmail.com' has been set to element 'Object Repository/07-Modification de mot de passe oubliÃ©/android.widget.EditText-username'

2022-11-22 10:38:57 - [TEST_STEP][PASSED] - tap(findTestObject("Object Repository/07-Modification de mot de passe oubliÃ©/android.widget.Button - Soumettre"), 0): Tapped on element 'Object Repository/07-Modification de mot de passe oubliÃ©/android.widget.Button - Soumettre'

2022-11-22 10:38:57 - [MESSAGE][WARNING] - Timeout '0' is invalid. Using default page load timeout: '30'

2022-11-22 10:38:59 - [MESSAGE][PASSED] - Tapped on element 'Object Repository/07-Modification de mot de passe oubliÃ©/android.widget.Button - Soumettre'

2022-11-22 10:38:59 - [TEST_STEP][PASSED] - verifyElementVisible(findTestObject("Object Repository/07-Modification de mot de passe oubliÃ©/android.widget.TextView - Vous devriez recevoir rapidement un courriel avec de plus amples instructions"), 0): Element 'Object Repository/07-Modification de mot de passe oubliÃ©/android.widget.TextView - Vous devriez recevoir rapidement un courriel avec de plus amples instructions' is visible

2022-11-22 10:38:59 - [MESSAGE][WARNING] - Timeout '0' is invalid. Using default page load timeout: '30'

2022-11-22 10:39:01 - [MESSAGE][PASSED] - Element 'Object Repository/07-Modification de mot de passe oubliÃ©/android.widget.TextView - Vous devriez recevoir rapidement un courriel avec de plus amples instructions' is visible

2022-11-22 10:39:01 - [TEST_STEP][PASSED] - closeApplication(): Close app successfully

2022-11-22 10:39:03 - [MESSAGE][PASSED] - Close app successfully]]></system-out>
         <system-err><![CDATA[]]></system-err>
      </testcase>
      <testcase name="Test Cases/Cas de test passant/08- AccÃ©der au service de livraison de colis (MSR-283)" time="50.273" classname="Test Cases/Cas de test passant/08- AccÃ©der au service de livraison de colis (MSR-283)" status="PASSED">
         <system-out><![CDATA[2022-11-22 10:39:03 - [TEST_CASE][PASSED] - Test Cases/Cas de test passant/08- AccÃ©der au service de livraison de colis (MSR-283): Test Cases/Cas de test passant/08- AccÃ©der au service de livraison de colis (MSR-283)

2022-11-22 10:39:04 - [TEST_STEP][PASSED] - startApplication("C:\Users\Ousseynou Diop\Desktop\APK Client\app-debug.apk", true): Started app at: 'C:\Users\Ousseynou Diop\Desktop\APK Client\app-debug.apk'

2022-11-22 10:39:04 - [MESSAGE][INFO] - Detected NodeJS location: "C:\Program Files\nodejs\node.exe"

2022-11-22 10:39:05 - [MESSAGE][INFO] - Appium server started on port 52Â 482

2022-11-22 10:39:40 - [MESSAGE][PASSED] - Started app at: 'C:\Users\Ousseynou Diop\Desktop\APK Client\app-debug.apk'

2022-11-22 10:39:40 - [TEST_STEP][PASSED] - tap(findTestObject("Object Repository/08-AccÃ©der au service de livraison de colis/android.widget.Button-Continuer en mode Guest"), 0): Tapped on element 'Object Repository/08-AccÃ©der au service de livraison de colis/android.widget.Button-Continuer en mode Guest'

2022-11-22 10:39:40 - [MESSAGE][WARNING] - Timeout '0' is invalid. Using default page load timeout: '30'

2022-11-22 10:39:43 - [MESSAGE][PASSED] - Tapped on element 'Object Repository/08-AccÃ©der au service de livraison de colis/android.widget.Button-Continuer en mode Guest'

2022-11-22 10:39:43 - [TEST_STEP][PASSED] - tap(findTestObject("Object Repository/08-AccÃ©der au service de livraison de colis/android.view.View- Onglet  Livraison de colis"), 0): Tapped on element 'Object Repository/08-AccÃ©der au service de livraison de colis/android.view.View- Onglet  Livraison de colis'

2022-11-22 10:39:43 - [MESSAGE][WARNING] - Timeout '0' is invalid. Using default page load timeout: '30'

2022-11-22 10:39:45 - [MESSAGE][PASSED] - Tapped on element 'Object Repository/08-AccÃ©der au service de livraison de colis/android.view.View- Onglet  Livraison de colis'

2022-11-22 10:39:45 - [TEST_STEP][PASSED] - verifyElementVisible(findTestObject("Object Repository/08-AccÃ©der au service de livraison de colis/android.widget.EditText - Adresse de collecte"), 0): Element 'Object Repository/08-AccÃ©der au service de livraison de colis/android.widget.EditText - Adresse de collecte' is visible

2022-11-22 10:39:46 - [MESSAGE][WARNING] - Timeout '0' is invalid. Using default page load timeout: '30'

2022-11-22 10:39:50 - [MESSAGE][PASSED] - Element 'Object Repository/08-AccÃ©der au service de livraison de colis/android.widget.EditText - Adresse de collecte' is visible

2022-11-22 10:39:50 - [TEST_STEP][PASSED] - closeApplication(): Close app successfully

2022-11-22 10:39:54 - [MESSAGE][PASSED] - Close app successfully]]></system-out>
         <system-err><![CDATA[]]></system-err>
      </testcase>
      <testcase name="Test Cases/Cas de test passant/09-AccÃ©der au service faire sa course en ligne (MSR-283)" time="45.403" classname="Test Cases/Cas de test passant/09-AccÃ©der au service faire sa course en ligne (MSR-283)" status="PASSED">
         <system-out><![CDATA[2022-11-22 10:39:54 - [TEST_CASE][PASSED] - Test Cases/Cas de test passant/09-AccÃ©der au service faire sa course en ligne (MSR-283): Test Cases/Cas de test passant/09-AccÃ©der au service faire sa course en ligne (MSR-283)

2022-11-22 10:39:54 - [TEST_STEP][PASSED] - startApplication("C:\Users\Ousseynou Diop\Desktop\APK Client\app-debug.apk", true): Started app at: 'C:\Users\Ousseynou Diop\Desktop\APK Client\app-debug.apk'

2022-11-22 10:39:54 - [MESSAGE][INFO] - Detected NodeJS location: "C:\Program Files\nodejs\node.exe"

2022-11-22 10:39:55 - [MESSAGE][INFO] - Appium server started on port 52Â 615

2022-11-22 10:40:29 - [MESSAGE][PASSED] - Started app at: 'C:\Users\Ousseynou Diop\Desktop\APK Client\app-debug.apk'

2022-11-22 10:40:29 - [TEST_STEP][PASSED] - tap(findTestObject("Object Repository/09-AccÃ©der au service Faire sa course en ligne/android.widget.Button-Continuer en mode Guest"), 0): Tapped on element 'Object Repository/09-AccÃ©der au service Faire sa course en ligne/android.widget.Button-Continuer en mode Guest'

2022-11-22 10:40:29 - [MESSAGE][WARNING] - Timeout '0' is invalid. Using default page load timeout: '30'

2022-11-22 10:40:31 - [MESSAGE][PASSED] - Tapped on element 'Object Repository/09-AccÃ©der au service Faire sa course en ligne/android.widget.Button-Continuer en mode Guest'

2022-11-22 10:40:31 - [TEST_STEP][PASSED] - tap(findTestObject("Object Repository/09-AccÃ©der au service Faire sa course en ligne/android.view.View-Onglet Faire ses courses"), 0): Tapped on element 'Object Repository/09-AccÃ©der au service Faire sa course en ligne/android.view.View-Onglet Faire ses courses'

2022-11-22 10:40:31 - [MESSAGE][WARNING] - Timeout '0' is invalid. Using default page load timeout: '30'

2022-11-22 10:40:34 - [MESSAGE][PASSED] - Tapped on element 'Object Repository/09-AccÃ©der au service Faire sa course en ligne/android.view.View-Onglet Faire ses courses'

2022-11-22 10:40:34 - [TEST_STEP][PASSED] - verifyElementVisible(findTestObject("Object Repository/09-AccÃ©der au service Faire sa course en ligne/android.widget.EditText - Votre adresse"), 0): Element 'Object Repository/09-AccÃ©der au service Faire sa course en ligne/android.widget.EditText - Votre adresse' is visible

2022-11-22 10:40:34 - [MESSAGE][WARNING] - Timeout '0' is invalid. Using default page load timeout: '30'

2022-11-22 10:40:36 - [MESSAGE][PASSED] - Element 'Object Repository/09-AccÃ©der au service Faire sa course en ligne/android.widget.EditText - Votre adresse' is visible

2022-11-22 10:40:36 - [TEST_STEP][PASSED] - closeApplication(): Close app successfully

2022-11-22 10:40:39 - [MESSAGE][PASSED] - Close app successfully]]></system-out>
         <system-err><![CDATA[]]></system-err>
      </testcase>
      <testcase name="Test Cases/Cas de test passant/10-Saisir ses adresses de collecte et de livraison MSR-214)" time="67.26" classname="Test Cases/Cas de test passant/10-Saisir ses adresses de collecte et de livraison MSR-214)" status="PASSED">
         <system-out><![CDATA[2022-11-22 10:40:39 - [TEST_CASE][PASSED] - Test Cases/Cas de test passant/10-Saisir ses adresses de collecte et de livraison MSR-214): Test Cases/Cas de test passant/10-Saisir ses adresses de collecte et de livraison MSR-214)

2022-11-22 10:40:39 - [TEST_STEP][PASSED] - startApplication("C:\Users\Ousseynou Diop\Desktop\APK Client\app-debug.apk", true): Started app at: 'C:\Users\Ousseynou Diop\Desktop\APK Client\app-debug.apk'

2022-11-22 10:40:40 - [MESSAGE][INFO] - Detected NodeJS location: "C:\Program Files\nodejs\node.exe"

2022-11-22 10:40:41 - [MESSAGE][INFO] - Appium server started on port 52Â 757

2022-11-22 10:41:14 - [MESSAGE][PASSED] - Started app at: 'C:\Users\Ousseynou Diop\Desktop\APK Client\app-debug.apk'

2022-11-22 10:41:14 - [TEST_STEP][PASSED] - tap(findTestObject("Object Repository/10-Saisir ses adresses de collecte et de livraison/android.widget.Button"), 0): Tapped on element 'Object Repository/10-Saisir ses adresses de collecte et de livraison/android.widget.Button'

2022-11-22 10:41:14 - [MESSAGE][WARNING] - Timeout '0' is invalid. Using default page load timeout: '30'

2022-11-22 10:41:16 - [MESSAGE][PASSED] - Tapped on element 'Object Repository/10-Saisir ses adresses de collecte et de livraison/android.widget.Button'

2022-11-22 10:41:16 - [TEST_STEP][PASSED] - tap(findTestObject("Object Repository/10-Saisir ses adresses de collecte et de livraison/android.view.View- Onglet Livraison de colis"), 0): Tapped on element 'Object Repository/10-Saisir ses adresses de collecte et de livraison/android.view.View- Onglet Livraison de colis'

2022-11-22 10:41:16 - [MESSAGE][WARNING] - Timeout '0' is invalid. Using default page load timeout: '30'

2022-11-22 10:41:19 - [MESSAGE][PASSED] - Tapped on element 'Object Repository/10-Saisir ses adresses de collecte et de livraison/android.view.View- Onglet Livraison de colis'

2022-11-22 10:41:19 - [TEST_STEP][PASSED] - tap(findTestObject("Object Repository/10-Saisir ses adresses de collecte et de livraison/android.widget.EditText - Adresse de collecte"), 0): Tapped on element 'Object Repository/10-Saisir ses adresses de collecte et de livraison/android.widget.EditText - Adresse de collecte'

2022-11-22 10:41:19 - [MESSAGE][WARNING] - Timeout '0' is invalid. Using default page load timeout: '30'

2022-11-22 10:41:24 - [MESSAGE][PASSED] - Tapped on element 'Object Repository/10-Saisir ses adresses de collecte et de livraison/android.widget.EditText - Adresse de collecte'

2022-11-22 10:41:24 - [TEST_STEP][PASSED] - tap(findTestObject("Object Repository/10-Saisir ses adresses de collecte et de livraison/android.view.View-Ma position"), 0): Tapped on element 'Object Repository/10-Saisir ses adresses de collecte et de livraison/android.view.View-Ma position'

2022-11-22 10:41:24 - [MESSAGE][WARNING] - Timeout '0' is invalid. Using default page load timeout: '30'

2022-11-22 10:41:29 - [MESSAGE][PASSED] - Tapped on element 'Object Repository/10-Saisir ses adresses de collecte et de livraison/android.view.View-Ma position'

2022-11-22 10:41:29 - [TEST_STEP][PASSED] - tap(findTestObject("Object Repository/10-Saisir ses adresses de collecte et de livraison/android.widget.EditText - Adresse de livraison"), 0): Tapped on element 'Object Repository/10-Saisir ses adresses de collecte et de livraison/android.widget.EditText - Adresse de livraison'

2022-11-22 10:41:29 - [MESSAGE][WARNING] - Timeout '0' is invalid. Using default page load timeout: '30'

2022-11-22 10:41:32 - [MESSAGE][PASSED] - Tapped on element 'Object Repository/10-Saisir ses adresses de collecte et de livraison/android.widget.EditText - Adresse de livraison'

2022-11-22 10:41:32 - [TEST_STEP][PASSED] - setText(findTestObject("Object Repository/10-Saisir ses adresses de collecte et de livraison/android.widget.EditText - Adresse de livraison (1)"), "Pikine", 0): Text 'Pikine' has been set to element 'Object Repository/10-Saisir ses adresses de collecte et de livraison/android.widget.EditText - Adresse de livraison (1)'

2022-11-22 10:41:32 - [MESSAGE][WARNING] - Timeout '0' is invalid. Using default page load timeout: '30'

2022-11-22 10:41:35 - [MESSAGE][PASSED] - Text 'Pikine' has been set to element 'Object Repository/10-Saisir ses adresses de collecte et de livraison/android.widget.EditText - Adresse de livraison (1)'

2022-11-22 10:41:35 - [TEST_STEP][PASSED] - tap(findTestObject("10-Saisir ses adresses de collecte et de livraison/android.view.View"), 0): Tapped on element 'Object Repository/10-Saisir ses adresses de collecte et de livraison/android.view.View'

2022-11-22 10:41:35 - [MESSAGE][WARNING] - Timeout '0' is invalid. Using default page load timeout: '30'

2022-11-22 10:41:37 - [MESSAGE][PASSED] - Tapped on element 'Object Repository/10-Saisir ses adresses de collecte et de livraison/android.view.View'

2022-11-22 10:41:37 - [TEST_STEP][PASSED] - tap(findTestObject("Object Repository/10-Saisir ses adresses de collecte et de livraison/android.widget.Button- Continuer"), 0): Tapped on element 'Object Repository/10-Saisir ses adresses de collecte et de livraison/android.widget.Button- Continuer'

2022-11-22 10:41:37 - [MESSAGE][WARNING] - Timeout '0' is invalid. Using default page load timeout: '30'

2022-11-22 10:41:39 - [MESSAGE][PASSED] - Tapped on element 'Object Repository/10-Saisir ses adresses de collecte et de livraison/android.widget.Button- Continuer'

2022-11-22 10:41:39 - [TEST_STEP][PASSED] - verifyElementVisible(findTestObject("10-Saisir ses adresses de collecte et de livraison/android.widget.ImageView"), 0): Element 'Object Repository/10-Saisir ses adresses de collecte et de livraison/android.widget.ImageView' is visible

2022-11-22 10:41:39 - [MESSAGE][WARNING] - Timeout '0' is invalid. Using default page load timeout: '30'

2022-11-22 10:41:43 - [MESSAGE][PASSED] - Element 'Object Repository/10-Saisir ses adresses de collecte et de livraison/android.widget.ImageView' is visible

2022-11-22 10:41:43 - [TEST_STEP][PASSED] - closeApplication(): Close app successfully

2022-11-22 10:41:46 - [MESSAGE][PASSED] - Close app successfully]]></system-out>
         <system-err><![CDATA[]]></system-err>
      </testcase>
      <testcase name="Test Cases/Cas de test passant/11- Ajouter un colis au panier (MSR-295)" time="87.122" classname="Test Cases/Cas de test passant/11- Ajouter un colis au panier (MSR-295)" status="PASSED">
         <system-out><![CDATA[2022-11-22 10:41:46 - [TEST_CASE][PASSED] - Test Cases/Cas de test passant/11- Ajouter un colis au panier (MSR-295): Test Cases/Cas de test passant/11- Ajouter un colis au panier (MSR-295)

2022-11-22 10:41:47 - [TEST_STEP][PASSED] - startApplication("C:\Users\Ousseynou Diop\Desktop\APK Client\app-debug.apk", true): Started app at: 'C:\Users\Ousseynou Diop\Desktop\APK Client\app-debug.apk'

2022-11-22 10:41:47 - [MESSAGE][INFO] - Detected NodeJS location: "C:\Program Files\nodejs\node.exe"

2022-11-22 10:41:48 - [MESSAGE][INFO] - Appium server started on port 52Â 903

2022-11-22 10:42:22 - [MESSAGE][PASSED] - Started app at: 'C:\Users\Ousseynou Diop\Desktop\APK Client\app-debug.apk'

2022-11-22 10:42:22 - [TEST_STEP][PASSED] - tap(findTestObject("Object Repository/11-Ajouter un colis au panier/android.widget.Button-Continuer en mode Guest"), 0): Tapped on element 'Object Repository/11-Ajouter un colis au panier/android.widget.Button-Continuer en mode Guest'

2022-11-22 10:42:22 - [MESSAGE][WARNING] - Timeout '0' is invalid. Using default page load timeout: '30'

2022-11-22 10:42:24 - [MESSAGE][PASSED] - Tapped on element 'Object Repository/11-Ajouter un colis au panier/android.widget.Button-Continuer en mode Guest'

2022-11-22 10:42:24 - [TEST_STEP][PASSED] - tap(findTestObject("Object Repository/11-Ajouter un colis au panier/android.view.View-Onglet  Livraison de colis"), 0): Tapped on element 'Object Repository/11-Ajouter un colis au panier/android.view.View-Onglet  Livraison de colis'

2022-11-22 10:42:24 - [MESSAGE][WARNING] - Timeout '0' is invalid. Using default page load timeout: '30'

2022-11-22 10:42:27 - [MESSAGE][PASSED] - Tapped on element 'Object Repository/11-Ajouter un colis au panier/android.view.View-Onglet  Livraison de colis'

2022-11-22 10:42:27 - [TEST_STEP][PASSED] - tap(findTestObject("Object Repository/11-Ajouter un colis au panier/android.widget.EditText - Adresse de collecte"), 0): Tapped on element 'Object Repository/11-Ajouter un colis au panier/android.widget.EditText - Adresse de collecte'

2022-11-22 10:42:27 - [MESSAGE][WARNING] - Timeout '0' is invalid. Using default page load timeout: '30'

2022-11-22 10:42:31 - [MESSAGE][PASSED] - Tapped on element 'Object Repository/11-Ajouter un colis au panier/android.widget.EditText - Adresse de collecte'

2022-11-22 10:42:31 - [TEST_STEP][PASSED] - tap(findTestObject("Object Repository/11-Ajouter un colis au panier/android.view.View- Ma position"), 0): Tapped on element 'Object Repository/11-Ajouter un colis au panier/android.view.View- Ma position'

2022-11-22 10:42:31 - [MESSAGE][WARNING] - Timeout '0' is invalid. Using default page load timeout: '30'

2022-11-22 10:42:36 - [MESSAGE][PASSED] - Tapped on element 'Object Repository/11-Ajouter un colis au panier/android.view.View- Ma position'

2022-11-22 10:42:36 - [TEST_STEP][PASSED] - tap(findTestObject("Object Repository/11-Ajouter un colis au panier/android.widget.EditText - Adresse de livraison"), 0): Tapped on element 'Object Repository/11-Ajouter un colis au panier/android.widget.EditText - Adresse de livraison'

2022-11-22 10:42:36 - [MESSAGE][WARNING] - Timeout '0' is invalid. Using default page load timeout: '30'

2022-11-22 10:42:41 - [MESSAGE][PASSED] - Tapped on element 'Object Repository/11-Ajouter un colis au panier/android.widget.EditText - Adresse de livraison'

2022-11-22 10:42:41 - [TEST_STEP][PASSED] - setText(findTestObject("Object Repository/11-Ajouter un colis au panier/android.widget.EditText - Adresse de livraison (1)"), "Pikine Rue 10", 0): Text 'Pikine Rue 10' has been set to element 'Object Repository/11-Ajouter un colis au panier/android.widget.EditText - Adresse de livraison (1)'

2022-11-22 10:42:41 - [MESSAGE][WARNING] - Timeout '0' is invalid. Using default page load timeout: '30'

2022-11-22 10:42:42 - [MESSAGE][PASSED] - Text 'Pikine Rue 10' has been set to element 'Object Repository/11-Ajouter un colis au panier/android.widget.EditText - Adresse de livraison (1)'

2022-11-22 10:42:42 - [TEST_STEP][PASSED] - tap(findTestObject("Object Repository/11-Ajouter un colis au panier/android.view.View- Pikine Rue 10, Dakar, Senegal"), 0): Tapped on element 'Object Repository/11-Ajouter un colis au panier/android.view.View- Pikine Rue 10, Dakar, Senegal'

2022-11-22 10:42:42 - [MESSAGE][WARNING] - Timeout '0' is invalid. Using default page load timeout: '30'

2022-11-22 10:42:44 - [MESSAGE][PASSED] - Tapped on element 'Object Repository/11-Ajouter un colis au panier/android.view.View- Pikine Rue 10, Dakar, Senegal'

2022-11-22 10:42:44 - [TEST_STEP][PASSED] - tap(findTestObject("Object Repository/11-Ajouter un colis au panier/android.widget.Button Continuer"), 0): Tapped on element 'Object Repository/11-Ajouter un colis au panier/android.widget.Button Continuer'

2022-11-22 10:42:45 - [MESSAGE][WARNING] - Timeout '0' is invalid. Using default page load timeout: '30'

2022-11-22 10:42:46 - [MESSAGE][PASSED] - Tapped on element 'Object Repository/11-Ajouter un colis au panier/android.widget.Button Continuer'

2022-11-22 10:42:46 - [TEST_STEP][PASSED] - tap(findTestObject("Object Repository/11-Ajouter un colis au panier/android.view.View"), 0): Tapped on element 'Object Repository/11-Ajouter un colis au panier/android.view.View'

2022-11-22 10:42:46 - [MESSAGE][WARNING] - Timeout '0' is invalid. Using default page load timeout: '30'

2022-11-22 10:42:50 - [MESSAGE][PASSED] - Tapped on element 'Object Repository/11-Ajouter un colis au panier/android.view.View'

2022-11-22 10:42:50 - [TEST_STEP][PASSED] - tap(findTestObject("Object Repository/11-Ajouter un colis au panier/android.widget.Button"), 0): Tapped on element 'Object Repository/11-Ajouter un colis au panier/android.widget.Button'

2022-11-22 10:42:50 - [MESSAGE][WARNING] - Timeout '0' is invalid. Using default page load timeout: '30'

2022-11-22 10:42:50 - [MESSAGE][PASSED] - Tapped on element 'Object Repository/11-Ajouter un colis au panier/android.widget.Button'

2022-11-22 10:42:50 - [TEST_STEP][PASSED] - tap(findTestObject("Object Repository/11-Ajouter un colis au panier/android.view.View (1)"), 0): Tapped on element 'Object Repository/11-Ajouter un colis au panier/android.view.View (1)'

2022-11-22 10:42:50 - [MESSAGE][WARNING] - Timeout '0' is invalid. Using default page load timeout: '30'

2022-11-22 10:42:52 - [MESSAGE][PASSED] - Tapped on element 'Object Repository/11-Ajouter un colis au panier/android.view.View (1)'

2022-11-22 10:42:52 - [TEST_STEP][PASSED] - tap(findTestObject("Object Repository/11-Ajouter un colis au panier/android.widget.Button (1)"), 0): Tapped on element 'Object Repository/11-Ajouter un colis au panier/android.widget.Button (1)'

2022-11-22 10:42:52 - [MESSAGE][WARNING] - Timeout '0' is invalid. Using default page load timeout: '30'

2022-11-22 10:42:54 - [MESSAGE][PASSED] - Tapped on element 'Object Repository/11-Ajouter un colis au panier/android.widget.Button (1)'

2022-11-22 10:42:54 - [TEST_STEP][PASSED] - tap(findTestObject("Object Repository/11-Ajouter un colis au panier/android.view.View (2)"), 0): Tapped on element 'Object Repository/11-Ajouter un colis au panier/android.view.View (2)'

2022-11-22 10:42:54 - [MESSAGE][WARNING] - Timeout '0' is invalid. Using default page load timeout: '30'

2022-11-22 10:42:55 - [MESSAGE][PASSED] - Tapped on element 'Object Repository/11-Ajouter un colis au panier/android.view.View (2)'

2022-11-22 10:42:55 - [TEST_STEP][PASSED] - tap(findTestObject("Object Repository/11-Ajouter un colis au panier/android.widget.Button (2)"), 0): Tapped on element 'Object Repository/11-Ajouter un colis au panier/android.widget.Button (2)'

2022-11-22 10:42:55 - [MESSAGE][WARNING] - Timeout '0' is invalid. Using default page load timeout: '30'

2022-11-22 10:42:56 - [MESSAGE][PASSED] - Tapped on element 'Object Repository/11-Ajouter un colis au panier/android.widget.Button (2)'

2022-11-22 10:42:56 - [TEST_STEP][PASSED] - tap(findTestObject("Object Repository/11-Ajouter un colis au panier/android.view.View (3)"), 0): Tapped on element 'Object Repository/11-Ajouter un colis au panier/android.view.View (3)'

2022-11-22 10:42:56 - [MESSAGE][WARNING] - Timeout '0' is invalid. Using default page load timeout: '30'

2022-11-22 10:42:57 - [MESSAGE][PASSED] - Tapped on element 'Object Repository/11-Ajouter un colis au panier/android.view.View (3)'

2022-11-22 10:42:57 - [TEST_STEP][PASSED] - checkElement(findTestObject("Object Repository/11-Ajouter un colis au panier/android.widget.CheckBox-Beaut"), 0): Element 'Object Repository/11-Ajouter un colis au panier/android.widget.CheckBox-Beaut' is checked

2022-11-22 10:42:57 - [MESSAGE][WARNING] - Timeout '0' is invalid. Using default page load timeout: '30'

2022-11-22 10:42:58 - [MESSAGE][PASSED] - Element 'Object Repository/11-Ajouter un colis au panier/android.widget.CheckBox-Beaut' is checked

2022-11-22 10:42:58 - [TEST_STEP][PASSED] - checkElement(findTestObject("Object Repository/11-Ajouter un colis au panier/android.widget.CheckBox-Sant"), 0): Element 'Object Repository/11-Ajouter un colis au panier/android.widget.CheckBox-Sant' is checked

2022-11-22 10:42:59 - [MESSAGE][WARNING] - Timeout '0' is invalid. Using default page load timeout: '30'

2022-11-22 10:43:00 - [MESSAGE][PASSED] - Element 'Object Repository/11-Ajouter un colis au panier/android.widget.CheckBox-Sant' is checked

2022-11-22 10:43:00 - [TEST_STEP][PASSED] - scrollToText("Saisir la description exacte de votre colis", CONTINUE_ON_FAILURE): Scrolling to text 'Saisir la description exacte de votre colis' successfully

2022-11-22 10:43:03 - [MESSAGE][PASSED] - Scrolling to text 'Saisir la description exacte de votre colis' successfully

2022-11-22 10:43:03 - [TEST_STEP][PASSED] - tap(findTestObject("11-Ajouter un colis au panier/android.widget.EditText - Saisir la description exacte de votre colis (1)"), 0): Tapped on element 'Object Repository/11-Ajouter un colis au panier/android.widget.EditText - Saisir la description exacte de votre colis (1)'

2022-11-22 10:43:03 - [MESSAGE][WARNING] - Timeout '0' is invalid. Using default page load timeout: '30'

2022-11-22 10:43:04 - [MESSAGE][PASSED] - Tapped on element 'Object Repository/11-Ajouter un colis au panier/android.widget.EditText - Saisir la description exacte de votre colis (1)'

2022-11-22 10:43:04 - [TEST_STEP][PASSED] - setText(findTestObject("Object Repository/11-Ajouter un colis au panier/android.widget.EditText - Saisir la description exacte de votre colis (1)"), "Baume", 0): Text 'Baume' has been set to element 'Object Repository/11-Ajouter un colis au panier/android.widget.EditText - Saisir la description exacte de votre colis (1)'

2022-11-22 10:43:04 - [MESSAGE][WARNING] - Timeout '0' is invalid. Using default page load timeout: '30'

2022-11-22 10:43:06 - [MESSAGE][PASSED] - Text 'Baume' has been set to element 'Object Repository/11-Ajouter un colis au panier/android.widget.EditText - Saisir la description exacte de votre colis (1)'

2022-11-22 10:43:06 - [TEST_STEP][PASSED] - pressBack(): Press back button successfully

2022-11-22 10:43:07 - [MESSAGE][PASSED] - Press back button successfully

2022-11-22 10:43:07 - [TEST_STEP][PASSED] - tap(findTestObject("Object Repository/11-Ajouter un colis au panier/android.widget.Button-Ajouter au panier"), 0): Tapped on element 'Object Repository/11-Ajouter un colis au panier/android.widget.Button-Ajouter au panier'

2022-11-22 10:43:07 - [MESSAGE][WARNING] - Timeout '0' is invalid. Using default page load timeout: '30'

2022-11-22 10:43:08 - [MESSAGE][PASSED] - Tapped on element 'Object Repository/11-Ajouter un colis au panier/android.widget.Button-Ajouter au panier'

2022-11-22 10:43:08 - [TEST_STEP][PASSED] - verifyElementVisible(findTestObject("Object Repository/11-Ajouter un colis au panier/android.widget.Button-Valider mon panier"), 0): Element 'Object Repository/11-Ajouter un colis au panier/android.widget.Button-Valider mon panier' is visible

2022-11-22 10:43:08 - [MESSAGE][WARNING] - Timeout '0' is invalid. Using default page load timeout: '30'

2022-11-22 10:43:10 - [MESSAGE][PASSED] - Element 'Object Repository/11-Ajouter un colis au panier/android.widget.Button-Valider mon panier' is visible

2022-11-22 10:43:10 - [TEST_STEP][PASSED] - closeApplication(): Close app successfully

2022-11-22 10:43:14 - [MESSAGE][PASSED] - Close app successfully]]></system-out>
         <system-err><![CDATA[]]></system-err>
      </testcase>
      <testcase name="Test Cases/Cas de test passant/12- Retour Ã  la page d ajout d un colis au panier (MSR-295)" time="88.952" classname="Test Cases/Cas de test passant/12- Retour Ã  la page d ajout d un colis au panier (MSR-295)" status="PASSED">
         <system-out><![CDATA[2022-11-22 10:43:14 - [TEST_CASE][PASSED] - Test Cases/Cas de test passant/12- Retour Ã  la page d ajout d un colis au panier (MSR-295): Test Cases/Cas de test passant/12- Retour Ã  la page d ajout d un colis au panier (MSR-295)

2022-11-22 10:43:14 - [TEST_STEP][PASSED] - startApplication("C:\Users\Ousseynou Diop\Desktop\APK Client\app-debug.apk", true): Started app at: 'C:\Users\Ousseynou Diop\Desktop\APK Client\app-debug.apk'

2022-11-22 10:43:14 - [MESSAGE][INFO] - Detected NodeJS location: "C:\Program Files\nodejs\node.exe"

2022-11-22 10:43:15 - [MESSAGE][INFO] - Appium server started on port 53Â 048

2022-11-22 10:43:49 - [MESSAGE][PASSED] - Started app at: 'C:\Users\Ousseynou Diop\Desktop\APK Client\app-debug.apk'

2022-11-22 10:43:49 - [TEST_STEP][PASSED] - tap(findTestObject("Object Repository/11-Ajouter un colis au panier/android.widget.Button-Continuer en mode Guest"), 0): Tapped on element 'Object Repository/11-Ajouter un colis au panier/android.widget.Button-Continuer en mode Guest'

2022-11-22 10:43:49 - [MESSAGE][WARNING] - Timeout '0' is invalid. Using default page load timeout: '30'

2022-11-22 10:43:52 - [MESSAGE][PASSED] - Tapped on element 'Object Repository/11-Ajouter un colis au panier/android.widget.Button-Continuer en mode Guest'

2022-11-22 10:43:52 - [TEST_STEP][PASSED] - tap(findTestObject("Object Repository/11-Ajouter un colis au panier/android.view.View-Onglet  Livraison de colis"), 0): Tapped on element 'Object Repository/11-Ajouter un colis au panier/android.view.View-Onglet  Livraison de colis'

2022-11-22 10:43:52 - [MESSAGE][WARNING] - Timeout '0' is invalid. Using default page load timeout: '30'

2022-11-22 10:43:54 - [MESSAGE][PASSED] - Tapped on element 'Object Repository/11-Ajouter un colis au panier/android.view.View-Onglet  Livraison de colis'

2022-11-22 10:43:54 - [TEST_STEP][PASSED] - tap(findTestObject("Object Repository/11-Ajouter un colis au panier/android.widget.EditText - Adresse de collecte"), 0): Tapped on element 'Object Repository/11-Ajouter un colis au panier/android.widget.EditText - Adresse de collecte'

2022-11-22 10:43:55 - [MESSAGE][WARNING] - Timeout '0' is invalid. Using default page load timeout: '30'

2022-11-22 10:43:59 - [MESSAGE][PASSED] - Tapped on element 'Object Repository/11-Ajouter un colis au panier/android.widget.EditText - Adresse de collecte'

2022-11-22 10:43:59 - [TEST_STEP][PASSED] - tap(findTestObject("Object Repository/11-Ajouter un colis au panier/android.view.View- Ma position"), 0): Tapped on element 'Object Repository/11-Ajouter un colis au panier/android.view.View- Ma position'

2022-11-22 10:43:59 - [MESSAGE][WARNING] - Timeout '0' is invalid. Using default page load timeout: '30'

2022-11-22 10:44:03 - [MESSAGE][PASSED] - Tapped on element 'Object Repository/11-Ajouter un colis au panier/android.view.View- Ma position'

2022-11-22 10:44:03 - [TEST_STEP][PASSED] - tap(findTestObject("Object Repository/11-Ajouter un colis au panier/android.widget.EditText - Adresse de livraison"), 0): Tapped on element 'Object Repository/11-Ajouter un colis au panier/android.widget.EditText - Adresse de livraison'

2022-11-22 10:44:03 - [MESSAGE][WARNING] - Timeout '0' is invalid. Using default page load timeout: '30'

2022-11-22 10:44:06 - [MESSAGE][PASSED] - Tapped on element 'Object Repository/11-Ajouter un colis au panier/android.widget.EditText - Adresse de livraison'

2022-11-22 10:44:06 - [TEST_STEP][PASSED] - setText(findTestObject("Object Repository/11-Ajouter un colis au panier/android.widget.EditText - Adresse de livraison (1)"), "Pikine Rue 10", 0): Text 'Pikine Rue 10' has been set to element 'Object Repository/11-Ajouter un colis au panier/android.widget.EditText - Adresse de livraison (1)'

2022-11-22 10:44:06 - [MESSAGE][WARNING] - Timeout '0' is invalid. Using default page load timeout: '30'

2022-11-22 10:44:09 - [MESSAGE][PASSED] - Text 'Pikine Rue 10' has been set to element 'Object Repository/11-Ajouter un colis au panier/android.widget.EditText - Adresse de livraison (1)'

2022-11-22 10:44:09 - [TEST_STEP][PASSED] - tap(findTestObject("Object Repository/11-Ajouter un colis au panier/android.view.View- Pikine Rue 10, Dakar, Senegal"), 0): Tapped on element 'Object Repository/11-Ajouter un colis au panier/android.view.View- Pikine Rue 10, Dakar, Senegal'

2022-11-22 10:44:09 - [MESSAGE][WARNING] - Timeout '0' is invalid. Using default page load timeout: '30'

2022-11-22 10:44:11 - [MESSAGE][PASSED] - Tapped on element 'Object Repository/11-Ajouter un colis au panier/android.view.View- Pikine Rue 10, Dakar, Senegal'

2022-11-22 10:44:11 - [TEST_STEP][PASSED] - tap(findTestObject("Object Repository/11-Ajouter un colis au panier/android.widget.Button Continuer"), 0): Tapped on element 'Object Repository/11-Ajouter un colis au panier/android.widget.Button Continuer'

2022-11-22 10:44:11 - [MESSAGE][WARNING] - Timeout '0' is invalid. Using default page load timeout: '30'

2022-11-22 10:44:13 - [MESSAGE][PASSED] - Tapped on element 'Object Repository/11-Ajouter un colis au panier/android.widget.Button Continuer'

2022-11-22 10:44:13 - [TEST_STEP][PASSED] - tap(findTestObject("11-Ajouter un colis au panier/android.view.View"), 0): Tapped on element 'Object Repository/11-Ajouter un colis au panier/android.view.View'

2022-11-22 10:44:13 - [MESSAGE][WARNING] - Timeout '0' is invalid. Using default page load timeout: '30'

2022-11-22 10:44:17 - [MESSAGE][PASSED] - Tapped on element 'Object Repository/11-Ajouter un colis au panier/android.view.View'

2022-11-22 10:44:17 - [TEST_STEP][PASSED] - tap(findTestObject("Object Repository/11-Ajouter un colis au panier/android.widget.Button"), 0): Tapped on element 'Object Repository/11-Ajouter un colis au panier/android.widget.Button'

2022-11-22 10:44:17 - [MESSAGE][WARNING] - Timeout '0' is invalid. Using default page load timeout: '30'

2022-11-22 10:44:17 - [MESSAGE][PASSED] - Tapped on element 'Object Repository/11-Ajouter un colis au panier/android.widget.Button'

2022-11-22 10:44:17 - [TEST_STEP][PASSED] - tap(findTestObject("Object Repository/11-Ajouter un colis au panier/android.view.View (1)"), 0): Tapped on element 'Object Repository/11-Ajouter un colis au panier/android.view.View (1)'

2022-11-22 10:44:17 - [MESSAGE][WARNING] - Timeout '0' is invalid. Using default page load timeout: '30'

2022-11-22 10:44:19 - [MESSAGE][PASSED] - Tapped on element 'Object Repository/11-Ajouter un colis au panier/android.view.View (1)'

2022-11-22 10:44:19 - [TEST_STEP][PASSED] - tap(findTestObject("Object Repository/11-Ajouter un colis au panier/android.widget.Button (1)"), 0): Tapped on element 'Object Repository/11-Ajouter un colis au panier/android.widget.Button (1)'

2022-11-22 10:44:19 - [MESSAGE][WARNING] - Timeout '0' is invalid. Using default page load timeout: '30'

2022-11-22 10:44:20 - [MESSAGE][PASSED] - Tapped on element 'Object Repository/11-Ajouter un colis au panier/android.widget.Button (1)'

2022-11-22 10:44:20 - [TEST_STEP][PASSED] - tap(findTestObject("Object Repository/11-Ajouter un colis au panier/android.view.View (2)"), 0): Tapped on element 'Object Repository/11-Ajouter un colis au panier/android.view.View (2)'

2022-11-22 10:44:20 - [MESSAGE][WARNING] - Timeout '0' is invalid. Using default page load timeout: '30'

2022-11-22 10:44:21 - [MESSAGE][PASSED] - Tapped on element 'Object Repository/11-Ajouter un colis au panier/android.view.View (2)'

2022-11-22 10:44:21 - [TEST_STEP][PASSED] - tap(findTestObject("Object Repository/11-Ajouter un colis au panier/android.widget.Button (2)"), 0): Tapped on element 'Object Repository/11-Ajouter un colis au panier/android.widget.Button (2)'

2022-11-22 10:44:21 - [MESSAGE][WARNING] - Timeout '0' is invalid. Using default page load timeout: '30'

2022-11-22 10:44:22 - [MESSAGE][PASSED] - Tapped on element 'Object Repository/11-Ajouter un colis au panier/android.widget.Button (2)'

2022-11-22 10:44:22 - [TEST_STEP][PASSED] - tap(findTestObject("Object Repository/11-Ajouter un colis au panier/android.view.View (3)"), 0): Tapped on element 'Object Repository/11-Ajouter un colis au panier/android.view.View (3)'

2022-11-22 10:44:23 - [MESSAGE][WARNING] - Timeout '0' is invalid. Using default page load timeout: '30'

2022-11-22 10:44:23 - [MESSAGE][PASSED] - Tapped on element 'Object Repository/11-Ajouter un colis au panier/android.view.View (3)'

2022-11-22 10:44:23 - [TEST_STEP][PASSED] - checkElement(findTestObject("Object Repository/11-Ajouter un colis au panier/android.widget.CheckBox-Beaut"), 0): Element 'Object Repository/11-Ajouter un colis au panier/android.widget.CheckBox-Beaut' is checked

2022-11-22 10:44:24 - [MESSAGE][WARNING] - Timeout '0' is invalid. Using default page load timeout: '30'

2022-11-22 10:44:25 - [MESSAGE][PASSED] - Element 'Object Repository/11-Ajouter un colis au panier/android.widget.CheckBox-Beaut' is checked

2022-11-22 10:44:25 - [TEST_STEP][PASSED] - checkElement(findTestObject("Object Repository/11-Ajouter un colis au panier/android.widget.CheckBox-Sant"), 0): Element 'Object Repository/11-Ajouter un colis au panier/android.widget.CheckBox-Sant' is checked

2022-11-22 10:44:25 - [MESSAGE][WARNING] - Timeout '0' is invalid. Using default page load timeout: '30'

2022-11-22 10:44:27 - [MESSAGE][PASSED] - Element 'Object Repository/11-Ajouter un colis au panier/android.widget.CheckBox-Sant' is checked

2022-11-22 10:44:27 - [TEST_STEP][PASSED] - scrollToText("Saisir la description exacte de votre colis", CONTINUE_ON_FAILURE): Scrolling to text 'Saisir la description exacte de votre colis' successfully

2022-11-22 10:44:30 - [MESSAGE][PASSED] - Scrolling to text 'Saisir la description exacte de votre colis' successfully

2022-11-22 10:44:30 - [TEST_STEP][PASSED] - tap(findTestObject("11-Ajouter un colis au panier/android.widget.EditText - Saisir la description exacte de votre colis (1)"), 0): Tapped on element 'Object Repository/11-Ajouter un colis au panier/android.widget.EditText - Saisir la description exacte de votre colis (1)'

2022-11-22 10:44:30 - [MESSAGE][WARNING] - Timeout '0' is invalid. Using default page load timeout: '30'

2022-11-22 10:44:31 - [MESSAGE][PASSED] - Tapped on element 'Object Repository/11-Ajouter un colis au panier/android.widget.EditText - Saisir la description exacte de votre colis (1)'

2022-11-22 10:44:31 - [TEST_STEP][PASSED] - setText(findTestObject("Object Repository/11-Ajouter un colis au panier/android.widget.EditText - Saisir la description exacte de votre colis (1)"), "Baume", 0): Text 'Baume' has been set to element 'Object Repository/11-Ajouter un colis au panier/android.widget.EditText - Saisir la description exacte de votre colis (1)'

2022-11-22 10:44:31 - [MESSAGE][WARNING] - Timeout '0' is invalid. Using default page load timeout: '30'

2022-11-22 10:44:32 - [MESSAGE][PASSED] - Text 'Baume' has been set to element 'Object Repository/11-Ajouter un colis au panier/android.widget.EditText - Saisir la description exacte de votre colis (1)'

2022-11-22 10:44:32 - [TEST_STEP][PASSED] - pressBack(): Press back button successfully

2022-11-22 10:44:33 - [MESSAGE][PASSED] - Press back button successfully

2022-11-22 10:44:33 - [TEST_STEP][PASSED] - tap(findTestObject("Object Repository/11-Ajouter un colis au panier/android.widget.Button-Ajouter au panier"), 0): Tapped on element 'Object Repository/11-Ajouter un colis au panier/android.widget.Button-Ajouter au panier'

2022-11-22 10:44:33 - [MESSAGE][WARNING] - Timeout '0' is invalid. Using default page load timeout: '30'

2022-11-22 10:44:35 - [MESSAGE][PASSED] - Tapped on element 'Object Repository/11-Ajouter un colis au panier/android.widget.Button-Ajouter au panier'

2022-11-22 10:44:35 - [TEST_STEP][PASSED] - tap(findTestObject("Object Repository/12-Retour a la page d ajout d un colis/ButtonBack"), 0): Tapped on element 'Object Repository/12-Retour a la page d ajout d un colis/ButtonBack'

2022-11-22 10:44:35 - [MESSAGE][WARNING] - Timeout '0' is invalid. Using default page load timeout: '30'

2022-11-22 10:44:37 - [MESSAGE][PASSED] - Tapped on element 'Object Repository/12-Retour a la page d ajout d un colis/ButtonBack'

2022-11-22 10:44:37 - [TEST_STEP][PASSED] - verifyElementVisible(findTestObject("11-Ajouter un colis au panier/android.view.View"), 0): Element 'Object Repository/11-Ajouter un colis au panier/android.view.View' is visible

2022-11-22 10:44:37 - [MESSAGE][WARNING] - Timeout '0' is invalid. Using default page load timeout: '30'

2022-11-22 10:44:39 - [MESSAGE][PASSED] - Element 'Object Repository/11-Ajouter un colis au panier/android.view.View' is visible

2022-11-22 10:44:39 - [TEST_STEP][PASSED] - closeApplication(): Close app successfully

2022-11-22 10:44:42 - [MESSAGE][PASSED] - Close app successfully]]></system-out>
         <system-err><![CDATA[]]></system-err>
      </testcase>
      <testcase name="Test Cases/Cas de test passant/13-Supprimer un colis du panier ( MSR-295)" time="89.631" classname="Test Cases/Cas de test passant/13-Supprimer un colis du panier ( MSR-295)" status="FAILED">
         <failure type="FAILED" message="Test Cases/Cas de test passant/13-Supprimer un colis du panier ( MSR-295) FAILED.
Reason:
com.kms.katalon.core.exception.StepFailedException: Failed to check if element 'Object Repository/13-Supprimer un colis du panier/android.widget.ImageViewBaume' is not visible (Root cause: org.openqa.selenium.StaleElementReferenceException: Cached elements 'By.xpath: //*[@class = 'android.widget.ImageView' and @resource-id = '' and (@text = '' or . = '')]' do not exist in DOM anymore
For documentation on this error, please visit: https://www.seleniumhq.org/exceptions/stale_element_reference.html
Build info: version: '3.141.59', revision: 'e82be7d358', time: '2018-11-14T08:25:53'
System info: host: 'DESKTOP-QOR6BOM', ip: '192.168.1.5', os.name: 'Windows 10', os.arch: 'amd64', os.version: '10.0', java.version: '1.8.0_282'
Driver info: com.kms.katalon.core.appium.driver.SwipeableAndroidDriver
Capabilities {app: C:\Users\Ousseynou Diop\Des..., appPackage: fr.agiltoo.myshopper.custom..., autoGrantPermissions: true, automationName: uiautomator2, chromedriverPort: 53206, databaseEnabled: false, desired: {app: C:\Users\Ousseynou Diop\Des..., autoGrantPermissions: true, automationName: uiautomator2, chromedriverPort: 53206, deviceName: samsung SM-A022F (Android 11), fullReset: true, newCommandTimeout: 1800, noReset: false, platform: ANDROID, platformName: android, platformVersion: 11, systemPort: 53204, udid: RZ8R71P5YRT}, deviceApiLevel: 30, deviceManufacturer: samsung, deviceModel: SM-A022F, deviceName: RZ8R71P5YRT, deviceScreenDensity: 300, deviceScreenSize: 720x1600, deviceUDID: RZ8R71P5YRT, fullReset: true, javascriptEnabled: true, locationContextEnabled: false, networkConnectionEnabled: true, newCommandTimeout: 1800, noReset: false, pixelRatio: 1.875, platform: ANDROID, platformName: Android, platformVersion: 11, statBarHeight: 45, systemPort: 53204, takesScreenshot: true, udid: RZ8R71P5YRT, viewportRect: {height: 1420, left: 0, top: 45, width: 720}, warnings: {}, webStorageEnabled: false}
Session ID: f38efcab-a23f-4291-8d60-ca6329c243f9
	at org.openqa.selenium.remote.http.W3CHttpResponseCodec.createException(W3CHttpResponseCodec.java:187)
	at org.openqa.selenium.remote.http.W3CHttpResponseCodec.decode(W3CHttpResponseCodec.java:122)
	at org.openqa.selenium.remote.http.W3CHttpResponseCodec.decode(W3CHttpResponseCodec.java:49)
	at org.openqa.selenium.remote.HttpCommandExecutor.execute(HttpCommandExecutor.java:158)
	at io.appium.java_client.remote.AppiumCommandExecutor.execute(AppiumCommandExecutor.java:239)
	at org.openqa.selenium.remote.RemoteWebDriver.execute(RemoteWebDriver.java:552)
	at io.appium.java_client.DefaultGenericMobileDriver.execute(DefaultGenericMobileDriver.java:42)
	at io.appium.java_client.AppiumDriver.execute(AppiumDriver.java:1)
	at io.appium.java_client.android.AndroidDriver.execute(AndroidDriver.java:1)
	at com.kms.katalon.core.appium.driver.SwipeableAndroidDriver.execute(SwipeableAndroidDriver.java:1)
	at org.openqa.selenium.remote.RemoteWebElement.execute(RemoteWebElement.java:285)
	at io.appium.java_client.DefaultGenericMobileElement.execute(DefaultGenericMobileElement.java:45)
	at io.appium.java_client.MobileElement.execute(MobileElement.java:1)
	at io.appium.java_client.android.AndroidElement.execute(AndroidElement.java:1)
	at org.openqa.selenium.remote.RemoteWebElement.getLocation(RemoteWebElement.java:337)
	at org.openqa.selenium.WebElement$getLocation.call(Unknown Source)
	at com.kms.katalon.core.mobile.keyword.internal.MobileAbstractKeyword.findElement(MobileAbstractKeyword.groovy:86)
	at com.kms.katalon.core.mobile.keyword.builtin.VerifyElementNotVisibleKeyword.access$1(VerifyElementNotVisibleKeyword.groovy)
	at com.kms.katalon.core.mobile.keyword.builtin.VerifyElementNotVisibleKeyword$_verifyElementNotVisible_closure1.doCall(VerifyElementNotVisibleKeyword.groovy:72)
	at com.kms.katalon.core.mobile.keyword.builtin.VerifyElementNotVisibleKeyword$_verifyElementNotVisible_closure1.call(VerifyElementNotVisibleKeyword.groovy)
	at com.kms.katalon.core.mobile.keyword.internal.MobileKeywordMain.runKeyword(MobileKeywordMain.groovy:21)
	at com.kms.katalon.core.mobile.keyword.builtin.VerifyElementNotVisibleKeyword.verifyElementNotVisible(VerifyElementNotVisibleKeyword.groovy:85)
	at com.kms.katalon.core.mobile.keyword.builtin.VerifyElementNotVisibleKeyword.execute(VerifyElementNotVisibleKeyword.groovy:64)
	at com.kms.katalon.core.keyword.internal.KeywordExecutor.executeKeywordForPlatform(KeywordExecutor.groovy:74)
	at com.kms.katalon.core.mobile.keyword.MobileBuiltInKeywords.verifyElementNotVisible(MobileBuiltInKeywords.groovy:2064)
	at com.kms.katalon.core.mobile.keyword.MobileBuiltInKeywords$verifyElementNotVisible$5.call(Unknown Source)
	at 13-Supprimer un colis du panier ( MSR-295).run(13-Supprimer un colis du panier ( MSR-295):77)
	at com.kms.katalon.core.main.ScriptEngine.run(ScriptEngine.java:194)
	at com.kms.katalon.core.main.ScriptEngine.runScriptAsRawText(ScriptEngine.java:119)
	at com.kms.katalon.core.main.TestCaseExecutor.runScript(TestCaseExecutor.java:448)
	at com.kms.katalon.core.main.TestCaseExecutor.doExecute(TestCaseExecutor.java:439)
	at com.kms.katalon.core.main.TestCaseExecutor.processExecutionPhase(TestCaseExecutor.java:418)
	at com.kms.katalon.core.main.TestCaseExecutor.accessMainPhase(TestCaseExecutor.java:410)
	at com.kms.katalon.core.main.TestCaseExecutor.execute(TestCaseExecutor.java:285)
	at com.kms.katalon.core.common.CommonExecutor.accessTestCaseMainPhase(CommonExecutor.java:65)
	at com.kms.katalon.core.main.TestSuiteExecutor.accessTestSuiteMainPhase(TestSuiteExecutor.java:151)
	at com.kms.katalon.core.main.TestSuiteExecutor.execute(TestSuiteExecutor.java:106)
	at com.kms.katalon.core.main.TestCaseMain.startTestSuite(TestCaseMain.java:185)
	at com.kms.katalon.core.main.TestCaseMain$startTestSuite$0.call(Unknown Source)
	at TempTestSuite1669109638590.run(TempTestSuite1669109638590.groovy:36)
)
	at com.kms.katalon.core.keyword.internal.KeywordMain.stepFailed(KeywordMain.groovy:50)
	at com.kms.katalon.core.mobile.keyword.internal.MobileKeywordMain.stepFailed(MobileKeywordMain.groovy:40)
	at com.kms.katalon.core.mobile.keyword.internal.MobileKeywordMain.runKeyword(MobileKeywordMain.groovy:23)
	at com.kms.katalon.core.mobile.keyword.builtin.VerifyElementNotVisibleKeyword.verifyElementNotVisible(VerifyElementNotVisibleKeyword.groovy:85)
	at com.kms.katalon.core.mobile.keyword.builtin.VerifyElementNotVisibleKeyword.execute(VerifyElementNotVisibleKeyword.groovy:64)
	at com.kms.katalon.core.keyword.internal.KeywordExecutor.executeKeywordForPlatform(KeywordExecutor.groovy:74)
	at com.kms.katalon.core.mobile.keyword.MobileBuiltInKeywords.verifyElementNotVisible(MobileBuiltInKeywords.groovy:2064)
	at com.kms.katalon.core.mobile.keyword.MobileBuiltInKeywords$verifyElementNotVisible$5.call(Unknown Source)
	at 13-Supprimer un colis du panier ( MSR-295).run(13-Supprimer un colis du panier ( MSR-295):77)
	at com.kms.katalon.core.main.ScriptEngine.run(ScriptEngine.java:194)
	at com.kms.katalon.core.main.ScriptEngine.runScriptAsRawText(ScriptEngine.java:119)
	at com.kms.katalon.core.main.TestCaseExecutor.runScript(TestCaseExecutor.java:448)
	at com.kms.katalon.core.main.TestCaseExecutor.doExecute(TestCaseExecutor.java:439)
	at com.kms.katalon.core.main.TestCaseExecutor.processExecutionPhase(TestCaseExecutor.java:418)
	at com.kms.katalon.core.main.TestCaseExecutor.accessMainPhase(TestCaseExecutor.java:410)
	at com.kms.katalon.core.main.TestCaseExecutor.execute(TestCaseExecutor.java:285)
	at com.kms.katalon.core.common.CommonExecutor.accessTestCaseMainPhase(CommonExecutor.java:65)
	at com.kms.katalon.core.main.TestSuiteExecutor.accessTestSuiteMainPhase(TestSuiteExecutor.java:151)
	at com.kms.katalon.core.main.TestSuiteExecutor.execute(TestSuiteExecutor.java:106)
	at com.kms.katalon.core.main.TestCaseMain.startTestSuite(TestCaseMain.java:185)
	at com.kms.katalon.core.main.TestCaseMain$startTestSuite$0.call(Unknown Source)
	at TempTestSuite1669109638590.run(TempTestSuite1669109638590.groovy:36)
Caused by: org.openqa.selenium.StaleElementReferenceException: Cached elements 'By.xpath: //*[@class = 'android.widget.ImageView' and @resource-id = '' and (@text = '' or . = '')]' do not exist in DOM anymore
For documentation on this error, please visit: https://www.seleniumhq.org/exceptions/stale_element_reference.html
Build info: version: '3.141.59', revision: 'e82be7d358', time: '2018-11-14T08:25:53'
System info: host: 'DESKTOP-QOR6BOM', ip: '192.168.1.5', os.name: 'Windows 10', os.arch: 'amd64', os.version: '10.0', java.version: '1.8.0_282'
Driver info: com.kms.katalon.core.appium.driver.SwipeableAndroidDriver
Capabilities {app: C:\Users\Ousseynou Diop\Des..., appPackage: fr.agiltoo.myshopper.custom..., autoGrantPermissions: true, automationName: uiautomator2, chromedriverPort: 53206, databaseEnabled: false, desired: {app: C:\Users\Ousseynou Diop\Des..., autoGrantPermissions: true, automationName: uiautomator2, chromedriverPort: 53206, deviceName: samsung SM-A022F (Android 11), fullReset: true, newCommandTimeout: 1800, noReset: false, platform: ANDROID, platformName: android, platformVersion: 11, systemPort: 53204, udid: RZ8R71P5YRT}, deviceApiLevel: 30, deviceManufacturer: samsung, deviceModel: SM-A022F, deviceName: RZ8R71P5YRT, deviceScreenDensity: 300, deviceScreenSize: 720x1600, deviceUDID: RZ8R71P5YRT, fullReset: true, javascriptEnabled: true, locationContextEnabled: false, networkConnectionEnabled: true, newCommandTimeout: 1800, noReset: false, pixelRatio: 1.875, platform: ANDROID, platformName: Android, platformVersion: 11, statBarHeight: 45, systemPort: 53204, takesScreenshot: true, udid: RZ8R71P5YRT, viewportRect: {height: 1420, left: 0, top: 45, width: 720}, warnings: {}, webStorageEnabled: false}
Session ID: f38efcab-a23f-4291-8d60-ca6329c243f9
	at org.openqa.selenium.remote.http.W3CHttpResponseCodec.createException(W3CHttpResponseCodec.java:187)
	at org.openqa.selenium.remote.http.W3CHttpResponseCodec.decode(W3CHttpResponseCodec.java:122)
	at org.openqa.selenium.remote.http.W3CHttpResponseCodec.decode(W3CHttpResponseCodec.java:49)
	at org.openqa.selenium.remote.HttpCommandExecutor.execute(HttpCommandExecutor.java:158)
	at io.appium.java_client.remote.AppiumCommandExecutor.execute(AppiumCommandExecutor.java:239)
	at org.openqa.selenium.remote.RemoteWebDriver.execute(RemoteWebDriver.java:552)
	at io.appium.java_client.DefaultGenericMobileDriver.execute(DefaultGenericMobileDriver.java:42)
	at io.appium.java_client.AppiumDriver.execute(AppiumDriver.java:1)
	at io.appium.java_client.android.AndroidDriver.execute(AndroidDriver.java:1)
	at com.kms.katalon.core.appium.driver.SwipeableAndroidDriver.execute(SwipeableAndroidDriver.java:1)
	at org.openqa.selenium.remote.RemoteWebElement.execute(RemoteWebElement.java:285)
	at io.appium.java_client.DefaultGenericMobileElement.execute(DefaultGenericMobileElement.java:45)
	at io.appium.java_client.MobileElement.execute(MobileElement.java:1)
	at io.appium.java_client.android.AndroidElement.execute(AndroidElement.java:1)
	at org.openqa.selenium.remote.RemoteWebElement.getLocation(RemoteWebElement.java:337)
	at org.openqa.selenium.WebElement$getLocation.call(Unknown Source)
	at com.kms.katalon.core.mobile.keyword.internal.MobileAbstractKeyword.findElement(MobileAbstractKeyword.groovy:86)
	at com.kms.katalon.core.mobile.keyword.builtin.VerifyElementNotVisibleKeyword.access$1(VerifyElementNotVisibleKeyword.groovy)
	at com.kms.katalon.core.mobile.keyword.builtin.VerifyElementNotVisibleKeyword$_verifyElementNotVisible_closure1.doCall(VerifyElementNotVisibleKeyword.groovy:72)
	at com.kms.katalon.core.mobile.keyword.builtin.VerifyElementNotVisibleKeyword$_verifyElementNotVisible_closure1.call(VerifyElementNotVisibleKeyword.groovy)
	at com.kms.katalon.core.mobile.keyword.internal.MobileKeywordMain.runKeyword(MobileKeywordMain.groovy:21)
	... 19 more
"/>
         <system-out><![CDATA[2022-11-22 10:44:42 - [TEST_CASE][FAILED] - Test Cases/Cas de test passant/13-Supprimer un colis du panier ( MSR-295): Test Cases/Cas de test passant/13-Supprimer un colis du panier ( MSR-295) FAILED.
Reason:
com.kms.katalon.core.exception.StepFailedException: Failed to check if element 'Object Repository/13-Supprimer un colis du panier/android.widget.ImageViewBaume' is not visible (Root cause: org.openqa.selenium.StaleElementReferenceException: Cached elements 'By.xpath: //*[@class = 'android.widget.ImageView' and @resource-id = '' and (@text = '' or . = '')]' do not exist in DOM anymore
For documentation on this error, please visit: https://www.seleniumhq.org/exceptions/stale_element_reference.html
Build info: version: '3.141.59', revision: 'e82be7d358', time: '2018-11-14T08:25:53'
System info: host: 'DESKTOP-QOR6BOM', ip: '192.168.1.5', os.name: 'Windows 10', os.arch: 'amd64', os.version: '10.0', java.version: '1.8.0_282'
Driver info: com.kms.katalon.core.appium.driver.SwipeableAndroidDriver
Capabilities {app: C:\Users\Ousseynou Diop\Des..., appPackage: fr.agiltoo.myshopper.custom..., autoGrantPermissions: true, automationName: uiautomator2, chromedriverPort: 53206, databaseEnabled: false, desired: {app: C:\Users\Ousseynou Diop\Des..., autoGrantPermissions: true, automationName: uiautomator2, chromedriverPort: 53206, deviceName: samsung SM-A022F (Android 11), fullReset: true, newCommandTimeout: 1800, noReset: false, platform: ANDROID, platformName: android, platformVersion: 11, systemPort: 53204, udid: RZ8R71P5YRT}, deviceApiLevel: 30, deviceManufacturer: samsung, deviceModel: SM-A022F, deviceName: RZ8R71P5YRT, deviceScreenDensity: 300, deviceScreenSize: 720x1600, deviceUDID: RZ8R71P5YRT, fullReset: true, javascriptEnabled: true, locationContextEnabled: false, networkConnectionEnabled: true, newCommandTimeout: 1800, noReset: false, pixelRatio: 1.875, platform: ANDROID, platformName: Android, platformVersion: 11, statBarHeight: 45, systemPort: 53204, takesScreenshot: true, udid: RZ8R71P5YRT, viewportRect: {height: 1420, left: 0, top: 45, width: 720}, warnings: {}, webStorageEnabled: false}
Session ID: f38efcab-a23f-4291-8d60-ca6329c243f9
	at org.openqa.selenium.remote.http.W3CHttpResponseCodec.createException(W3CHttpResponseCodec.java:187)
	at org.openqa.selenium.remote.http.W3CHttpResponseCodec.decode(W3CHttpResponseCodec.java:122)
	at org.openqa.selenium.remote.http.W3CHttpResponseCodec.decode(W3CHttpResponseCodec.java:49)
	at org.openqa.selenium.remote.HttpCommandExecutor.execute(HttpCommandExecutor.java:158)
	at io.appium.java_client.remote.AppiumCommandExecutor.execute(AppiumCommandExecutor.java:239)
	at org.openqa.selenium.remote.RemoteWebDriver.execute(RemoteWebDriver.java:552)
	at io.appium.java_client.DefaultGenericMobileDriver.execute(DefaultGenericMobileDriver.java:42)
	at io.appium.java_client.AppiumDriver.execute(AppiumDriver.java:1)
	at io.appium.java_client.android.AndroidDriver.execute(AndroidDriver.java:1)
	at com.kms.katalon.core.appium.driver.SwipeableAndroidDriver.execute(SwipeableAndroidDriver.java:1)
	at org.openqa.selenium.remote.RemoteWebElement.execute(RemoteWebElement.java:285)
	at io.appium.java_client.DefaultGenericMobileElement.execute(DefaultGenericMobileElement.java:45)
	at io.appium.java_client.MobileElement.execute(MobileElement.java:1)
	at io.appium.java_client.android.AndroidElement.execute(AndroidElement.java:1)
	at org.openqa.selenium.remote.RemoteWebElement.getLocation(RemoteWebElement.java:337)
	at org.openqa.selenium.WebElement$getLocation.call(Unknown Source)
	at com.kms.katalon.core.mobile.keyword.internal.MobileAbstractKeyword.findElement(MobileAbstractKeyword.groovy:86)
	at com.kms.katalon.core.mobile.keyword.builtin.VerifyElementNotVisibleKeyword.access$1(VerifyElementNotVisibleKeyword.groovy)
	at com.kms.katalon.core.mobile.keyword.builtin.VerifyElementNotVisibleKeyword$_verifyElementNotVisible_closure1.doCall(VerifyElementNotVisibleKeyword.groovy:72)
	at com.kms.katalon.core.mobile.keyword.builtin.VerifyElementNotVisibleKeyword$_verifyElementNotVisible_closure1.call(VerifyElementNotVisibleKeyword.groovy)
	at com.kms.katalon.core.mobile.keyword.internal.MobileKeywordMain.runKeyword(MobileKeywordMain.groovy:21)
	at com.kms.katalon.core.mobile.keyword.builtin.VerifyElementNotVisibleKeyword.verifyElementNotVisible(VerifyElementNotVisibleKeyword.groovy:85)
	at com.kms.katalon.core.mobile.keyword.builtin.VerifyElementNotVisibleKeyword.execute(VerifyElementNotVisibleKeyword.groovy:64)
	at com.kms.katalon.core.keyword.internal.KeywordExecutor.executeKeywordForPlatform(KeywordExecutor.groovy:74)
	at com.kms.katalon.core.mobile.keyword.MobileBuiltInKeywords.verifyElementNotVisible(MobileBuiltInKeywords.groovy:2064)
	at com.kms.katalon.core.mobile.keyword.MobileBuiltInKeywords$verifyElementNotVisible$5.call(Unknown Source)
	at 13-Supprimer un colis du panier ( MSR-295).run(13-Supprimer un colis du panier ( MSR-295):77)
	at com.kms.katalon.core.main.ScriptEngine.run(ScriptEngine.java:194)
	at com.kms.katalon.core.main.ScriptEngine.runScriptAsRawText(ScriptEngine.java:119)
	at com.kms.katalon.core.main.TestCaseExecutor.runScript(TestCaseExecutor.java:448)
	at com.kms.katalon.core.main.TestCaseExecutor.doExecute(TestCaseExecutor.java:439)
	at com.kms.katalon.core.main.TestCaseExecutor.processExecutionPhase(TestCaseExecutor.java:418)
	at com.kms.katalon.core.main.TestCaseExecutor.accessMainPhase(TestCaseExecutor.java:410)
	at com.kms.katalon.core.main.TestCaseExecutor.execute(TestCaseExecutor.java:285)
	at com.kms.katalon.core.common.CommonExecutor.accessTestCaseMainPhase(CommonExecutor.java:65)
	at com.kms.katalon.core.main.TestSuiteExecutor.accessTestSuiteMainPhase(TestSuiteExecutor.java:151)
	at com.kms.katalon.core.main.TestSuiteExecutor.execute(TestSuiteExecutor.java:106)
	at com.kms.katalon.core.main.TestCaseMain.startTestSuite(TestCaseMain.java:185)
	at com.kms.katalon.core.main.TestCaseMain$startTestSuite$0.call(Unknown Source)
	at TempTestSuite1669109638590.run(TempTestSuite1669109638590.groovy:36)
)
	at com.kms.katalon.core.keyword.internal.KeywordMain.stepFailed(KeywordMain.groovy:50)
	at com.kms.katalon.core.mobile.keyword.internal.MobileKeywordMain.stepFailed(MobileKeywordMain.groovy:40)
	at com.kms.katalon.core.mobile.keyword.internal.MobileKeywordMain.runKeyword(MobileKeywordMain.groovy:23)
	at com.kms.katalon.core.mobile.keyword.builtin.VerifyElementNotVisibleKeyword.verifyElementNotVisible(VerifyElementNotVisibleKeyword.groovy:85)
	at com.kms.katalon.core.mobile.keyword.builtin.VerifyElementNotVisibleKeyword.execute(VerifyElementNotVisibleKeyword.groovy:64)
	at com.kms.katalon.core.keyword.internal.KeywordExecutor.executeKeywordForPlatform(KeywordExecutor.groovy:74)
	at com.kms.katalon.core.mobile.keyword.MobileBuiltInKeywords.verifyElementNotVisible(MobileBuiltInKeywords.groovy:2064)
	at com.kms.katalon.core.mobile.keyword.MobileBuiltInKeywords$verifyElementNotVisible$5.call(Unknown Source)
	at 13-Supprimer un colis du panier ( MSR-295).run(13-Supprimer un colis du panier ( MSR-295):77)
	at com.kms.katalon.core.main.ScriptEngine.run(ScriptEngine.java:194)
	at com.kms.katalon.core.main.ScriptEngine.runScriptAsRawText(ScriptEngine.java:119)
	at com.kms.katalon.core.main.TestCaseExecutor.runScript(TestCaseExecutor.java:448)
	at com.kms.katalon.core.main.TestCaseExecutor.doExecute(TestCaseExecutor.java:439)
	at com.kms.katalon.core.main.TestCaseExecutor.processExecutionPhase(TestCaseExecutor.java:418)
	at com.kms.katalon.core.main.TestCaseExecutor.accessMainPhase(TestCaseExecutor.java:410)
	at com.kms.katalon.core.main.TestCaseExecutor.execute(TestCaseExecutor.java:285)
	at com.kms.katalon.core.common.CommonExecutor.accessTestCaseMainPhase(CommonExecutor.java:65)
	at com.kms.katalon.core.main.TestSuiteExecutor.accessTestSuiteMainPhase(TestSuiteExecutor.java:151)
	at com.kms.katalon.core.main.TestSuiteExecutor.execute(TestSuiteExecutor.java:106)
	at com.kms.katalon.core.main.TestCaseMain.startTestSuite(TestCaseMain.java:185)
	at com.kms.katalon.core.main.TestCaseMain$startTestSuite$0.call(Unknown Source)
	at TempTestSuite1669109638590.run(TempTestSuite1669109638590.groovy:36)
Caused by: org.openqa.selenium.StaleElementReferenceException: Cached elements 'By.xpath: //*[@class = 'android.widget.ImageView' and @resource-id = '' and (@text = '' or . = '')]' do not exist in DOM anymore
For documentation on this error, please visit: https://www.seleniumhq.org/exceptions/stale_element_reference.html
Build info: version: '3.141.59', revision: 'e82be7d358', time: '2018-11-14T08:25:53'
System info: host: 'DESKTOP-QOR6BOM', ip: '192.168.1.5', os.name: 'Windows 10', os.arch: 'amd64', os.version: '10.0', java.version: '1.8.0_282'
Driver info: com.kms.katalon.core.appium.driver.SwipeableAndroidDriver
Capabilities {app: C:\Users\Ousseynou Diop\Des..., appPackage: fr.agiltoo.myshopper.custom..., autoGrantPermissions: true, automationName: uiautomator2, chromedriverPort: 53206, databaseEnabled: false, desired: {app: C:\Users\Ousseynou Diop\Des..., autoGrantPermissions: true, automationName: uiautomator2, chromedriverPort: 53206, deviceName: samsung SM-A022F (Android 11), fullReset: true, newCommandTimeout: 1800, noReset: false, platform: ANDROID, platformName: android, platformVersion: 11, systemPort: 53204, udid: RZ8R71P5YRT}, deviceApiLevel: 30, deviceManufacturer: samsung, deviceModel: SM-A022F, deviceName: RZ8R71P5YRT, deviceScreenDensity: 300, deviceScreenSize: 720x1600, deviceUDID: RZ8R71P5YRT, fullReset: true, javascriptEnabled: true, locationContextEnabled: false, networkConnectionEnabled: true, newCommandTimeout: 1800, noReset: false, pixelRatio: 1.875, platform: ANDROID, platformName: Android, platformVersion: 11, statBarHeight: 45, systemPort: 53204, takesScreenshot: true, udid: RZ8R71P5YRT, viewportRect: {height: 1420, left: 0, top: 45, width: 720}, warnings: {}, webStorageEnabled: false}
Session ID: f38efcab-a23f-4291-8d60-ca6329c243f9
	at org.openqa.selenium.remote.http.W3CHttpResponseCodec.createException(W3CHttpResponseCodec.java:187)
	at org.openqa.selenium.remote.http.W3CHttpResponseCodec.decode(W3CHttpResponseCodec.java:122)
	at org.openqa.selenium.remote.http.W3CHttpResponseCodec.decode(W3CHttpResponseCodec.java:49)
	at org.openqa.selenium.remote.HttpCommandExecutor.execute(HttpCommandExecutor.java:158)
	at io.appium.java_client.remote.AppiumCommandExecutor.execute(AppiumCommandExecutor.java:239)
	at org.openqa.selenium.remote.RemoteWebDriver.execute(RemoteWebDriver.java:552)
	at io.appium.java_client.DefaultGenericMobileDriver.execute(DefaultGenericMobileDriver.java:42)
	at io.appium.java_client.AppiumDriver.execute(AppiumDriver.java:1)
	at io.appium.java_client.android.AndroidDriver.execute(AndroidDriver.java:1)
	at com.kms.katalon.core.appium.driver.SwipeableAndroidDriver.execute(SwipeableAndroidDriver.java:1)
	at org.openqa.selenium.remote.RemoteWebElement.execute(RemoteWebElement.java:285)
	at io.appium.java_client.DefaultGenericMobileElement.execute(DefaultGenericMobileElement.java:45)
	at io.appium.java_client.MobileElement.execute(MobileElement.java:1)
	at io.appium.java_client.android.AndroidElement.execute(AndroidElement.java:1)
	at org.openqa.selenium.remote.RemoteWebElement.getLocation(RemoteWebElement.java:337)
	at org.openqa.selenium.WebElement$getLocation.call(Unknown Source)
	at com.kms.katalon.core.mobile.keyword.internal.MobileAbstractKeyword.findElement(MobileAbstractKeyword.groovy:86)
	at com.kms.katalon.core.mobile.keyword.builtin.VerifyElementNotVisibleKeyword.access$1(VerifyElementNotVisibleKeyword.groovy)
	at com.kms.katalon.core.mobile.keyword.builtin.VerifyElementNotVisibleKeyword$_verifyElementNotVisible_closure1.doCall(VerifyElementNotVisibleKeyword.groovy:72)
	at com.kms.katalon.core.mobile.keyword.builtin.VerifyElementNotVisibleKeyword$_verifyElementNotVisible_closure1.call(VerifyElementNotVisibleKeyword.groovy)
	at com.kms.katalon.core.mobile.keyword.internal.MobileKeywordMain.runKeyword(MobileKeywordMain.groovy:21)
	... 19 more


2022-11-22 10:44:43 - [TEST_STEP][PASSED] - startApplication("C:\Users\Ousseynou Diop\Desktop\APK Client\app-debug.apk", true): Started app at: 'C:\Users\Ousseynou Diop\Desktop\APK Client\app-debug.apk'

2022-11-22 10:44:43 - [MESSAGE][INFO] - Detected NodeJS location: "C:\Program Files\nodejs\node.exe"

2022-11-22 10:44:44 - [MESSAGE][INFO] - Appium server started on port 53Â 205

2022-11-22 10:45:18 - [MESSAGE][PASSED] - Started app at: 'C:\Users\Ousseynou Diop\Desktop\APK Client\app-debug.apk'

2022-11-22 10:45:18 - [TEST_STEP][PASSED] - tap(findTestObject("Object Repository/11-Ajouter un colis au panier/android.widget.Button-Continuer en mode Guest"), 0): Tapped on element 'Object Repository/11-Ajouter un colis au panier/android.widget.Button-Continuer en mode Guest'

2022-11-22 10:45:18 - [MESSAGE][WARNING] - Timeout '0' is invalid. Using default page load timeout: '30'

2022-11-22 10:45:20 - [MESSAGE][PASSED] - Tapped on element 'Object Repository/11-Ajouter un colis au panier/android.widget.Button-Continuer en mode Guest'

2022-11-22 10:45:20 - [TEST_STEP][PASSED] - tap(findTestObject("Object Repository/11-Ajouter un colis au panier/android.view.View-Onglet  Livraison de colis"), 0): Tapped on element 'Object Repository/11-Ajouter un colis au panier/android.view.View-Onglet  Livraison de colis'

2022-11-22 10:45:20 - [MESSAGE][WARNING] - Timeout '0' is invalid. Using default page load timeout: '30'

2022-11-22 10:45:23 - [MESSAGE][PASSED] - Tapped on element 'Object Repository/11-Ajouter un colis au panier/android.view.View-Onglet  Livraison de colis'

2022-11-22 10:45:23 - [TEST_STEP][PASSED] - tap(findTestObject("Object Repository/11-Ajouter un colis au panier/android.widget.EditText - Adresse de collecte"), 0): Tapped on element 'Object Repository/11-Ajouter un colis au panier/android.widget.EditText - Adresse de collecte'

2022-11-22 10:45:23 - [MESSAGE][WARNING] - Timeout '0' is invalid. Using default page load timeout: '30'

2022-11-22 10:45:27 - [MESSAGE][PASSED] - Tapped on element 'Object Repository/11-Ajouter un colis au panier/android.widget.EditText - Adresse de collecte'

2022-11-22 10:45:27 - [TEST_STEP][PASSED] - tap(findTestObject("Object Repository/11-Ajouter un colis au panier/android.view.View- Ma position"), 0): Tapped on element 'Object Repository/11-Ajouter un colis au panier/android.view.View- Ma position'

2022-11-22 10:45:27 - [MESSAGE][WARNING] - Timeout '0' is invalid. Using default page load timeout: '30'

2022-11-22 10:45:32 - [MESSAGE][PASSED] - Tapped on element 'Object Repository/11-Ajouter un colis au panier/android.view.View- Ma position'

2022-11-22 10:45:32 - [TEST_STEP][PASSED] - tap(findTestObject("Object Repository/11-Ajouter un colis au panier/android.widget.EditText - Adresse de livraison"), 0): Tapped on element 'Object Repository/11-Ajouter un colis au panier/android.widget.EditText - Adresse de livraison'

2022-11-22 10:45:32 - [MESSAGE][WARNING] - Timeout '0' is invalid. Using default page load timeout: '30'

2022-11-22 10:45:35 - [MESSAGE][PASSED] - Tapped on element 'Object Repository/11-Ajouter un colis au panier/android.widget.EditText - Adresse de livraison'

2022-11-22 10:45:35 - [TEST_STEP][PASSED] - setText(findTestObject("Object Repository/11-Ajouter un colis au panier/android.widget.EditText - Adresse de livraison (1)"), "Pikine Rue 10", 0): Text 'Pikine Rue 10' has been set to element 'Object Repository/11-Ajouter un colis au panier/android.widget.EditText - Adresse de livraison (1)'

2022-11-22 10:45:35 - [MESSAGE][WARNING] - Timeout '0' is invalid. Using default page load timeout: '30'

2022-11-22 10:45:38 - [MESSAGE][PASSED] - Text 'Pikine Rue 10' has been set to element 'Object Repository/11-Ajouter un colis au panier/android.widget.EditText - Adresse de livraison (1)'

2022-11-22 10:45:38 - [TEST_STEP][PASSED] - tap(findTestObject("Object Repository/11-Ajouter un colis au panier/android.view.View- Pikine Rue 10, Dakar, Senegal"), 0): Tapped on element 'Object Repository/11-Ajouter un colis au panier/android.view.View- Pikine Rue 10, Dakar, Senegal'

2022-11-22 10:45:38 - [MESSAGE][WARNING] - Timeout '0' is invalid. Using default page load timeout: '30'

2022-11-22 10:45:40 - [MESSAGE][PASSED] - Tapped on element 'Object Repository/11-Ajouter un colis au panier/android.view.View- Pikine Rue 10, Dakar, Senegal'

2022-11-22 10:45:40 - [TEST_STEP][PASSED] - tap(findTestObject("Object Repository/11-Ajouter un colis au panier/android.widget.Button Continuer"), 0): Tapped on element 'Object Repository/11-Ajouter un colis au panier/android.widget.Button Continuer'

2022-11-22 10:45:40 - [MESSAGE][WARNING] - Timeout '0' is invalid. Using default page load timeout: '30'

2022-11-22 10:45:42 - [MESSAGE][PASSED] - Tapped on element 'Object Repository/11-Ajouter un colis au panier/android.widget.Button Continuer'

2022-11-22 10:45:42 - [TEST_STEP][PASSED] - tap(findTestObject("Object Repository/11-Ajouter un colis au panier/android.view.View"), 0): Tapped on element 'Object Repository/11-Ajouter un colis au panier/android.view.View'

2022-11-22 10:45:42 - [MESSAGE][WARNING] - Timeout '0' is invalid. Using default page load timeout: '30'

2022-11-22 10:45:46 - [MESSAGE][PASSED] - Tapped on element 'Object Repository/11-Ajouter un colis au panier/android.view.View'

2022-11-22 10:45:46 - [TEST_STEP][PASSED] - tap(findTestObject("Object Repository/11-Ajouter un colis au panier/android.widget.Button"), 0): Tapped on element 'Object Repository/11-Ajouter un colis au panier/android.widget.Button'

2022-11-22 10:45:46 - [MESSAGE][WARNING] - Timeout '0' is invalid. Using default page load timeout: '30'

2022-11-22 10:45:47 - [MESSAGE][PASSED] - Tapped on element 'Object Repository/11-Ajouter un colis au panier/android.widget.Button'

2022-11-22 10:45:47 - [TEST_STEP][PASSED] - tap(findTestObject("Object Repository/11-Ajouter un colis au panier/android.view.View (1)"), 0): Tapped on element 'Object Repository/11-Ajouter un colis au panier/android.view.View (1)'

2022-11-22 10:45:47 - [MESSAGE][WARNING] - Timeout '0' is invalid. Using default page load timeout: '30'

2022-11-22 10:45:48 - [MESSAGE][PASSED] - Tapped on element 'Object Repository/11-Ajouter un colis au panier/android.view.View (1)'

2022-11-22 10:45:48 - [TEST_STEP][PASSED] - tap(findTestObject("Object Repository/11-Ajouter un colis au panier/android.widget.Button (1)"), 0): Tapped on element 'Object Repository/11-Ajouter un colis au panier/android.widget.Button (1)'

2022-11-22 10:45:48 - [MESSAGE][WARNING] - Timeout '0' is invalid. Using default page load timeout: '30'

2022-11-22 10:45:49 - [MESSAGE][PASSED] - Tapped on element 'Object Repository/11-Ajouter un colis au panier/android.widget.Button (1)'

2022-11-22 10:45:49 - [TEST_STEP][PASSED] - tap(findTestObject("Object Repository/11-Ajouter un colis au panier/android.view.View (2)"), 0): Tapped on element 'Object Repository/11-Ajouter un colis au panier/android.view.View (2)'

2022-11-22 10:45:49 - [MESSAGE][WARNING] - Timeout '0' is invalid. Using default page load timeout: '30'

2022-11-22 10:45:51 - [MESSAGE][PASSED] - Tapped on element 'Object Repository/11-Ajouter un colis au panier/android.view.View (2)'

2022-11-22 10:45:51 - [TEST_STEP][PASSED] - tap(findTestObject("Object Repository/11-Ajouter un colis au panier/android.widget.Button (2)"), 0): Tapped on element 'Object Repository/11-Ajouter un colis au panier/android.widget.Button (2)'

2022-11-22 10:45:51 - [MESSAGE][WARNING] - Timeout '0' is invalid. Using default page load timeout: '30'

2022-11-22 10:45:52 - [MESSAGE][PASSED] - Tapped on element 'Object Repository/11-Ajouter un colis au panier/android.widget.Button (2)'

2022-11-22 10:45:52 - [TEST_STEP][PASSED] - tap(findTestObject("Object Repository/11-Ajouter un colis au panier/android.view.View (3)"), 0): Tapped on element 'Object Repository/11-Ajouter un colis au panier/android.view.View (3)'

2022-11-22 10:45:52 - [MESSAGE][WARNING] - Timeout '0' is invalid. Using default page load timeout: '30'

2022-11-22 10:45:53 - [MESSAGE][PASSED] - Tapped on element 'Object Repository/11-Ajouter un colis au panier/android.view.View (3)'

2022-11-22 10:45:53 - [TEST_STEP][PASSED] - checkElement(findTestObject("Object Repository/11-Ajouter un colis au panier/android.widget.CheckBox-Beaut"), 0): Element 'Object Repository/11-Ajouter un colis au panier/android.widget.CheckBox-Beaut' is checked

2022-11-22 10:45:53 - [MESSAGE][WARNING] - Timeout '0' is invalid. Using default page load timeout: '30'

2022-11-22 10:45:54 - [MESSAGE][PASSED] - Element 'Object Repository/11-Ajouter un colis au panier/android.widget.CheckBox-Beaut' is checked

2022-11-22 10:45:54 - [TEST_STEP][PASSED] - checkElement(findTestObject("Object Repository/11-Ajouter un colis au panier/android.widget.CheckBox-Sant"), 0): Element 'Object Repository/11-Ajouter un colis au panier/android.widget.CheckBox-Sant' is checked

2022-11-22 10:45:54 - [MESSAGE][WARNING] - Timeout '0' is invalid. Using default page load timeout: '30'

2022-11-22 10:45:56 - [MESSAGE][PASSED] - Element 'Object Repository/11-Ajouter un colis au panier/android.widget.CheckBox-Sant' is checked

2022-11-22 10:45:56 - [TEST_STEP][PASSED] - scrollToText("Saisir la description exacte de votre colis", CONTINUE_ON_FAILURE): Scrolling to text 'Saisir la description exacte de votre colis' successfully

2022-11-22 10:45:59 - [MESSAGE][PASSED] - Scrolling to text 'Saisir la description exacte de votre colis' successfully

2022-11-22 10:45:59 - [TEST_STEP][PASSED] - tap(findTestObject("11-Ajouter un colis au panier/android.widget.EditText - Saisir la description exacte de votre colis (1)"), 0): Tapped on element 'Object Repository/11-Ajouter un colis au panier/android.widget.EditText - Saisir la description exacte de votre colis (1)'

2022-11-22 10:45:59 - [MESSAGE][WARNING] - Timeout '0' is invalid. Using default page load timeout: '30'

2022-11-22 10:46:00 - [MESSAGE][PASSED] - Tapped on element 'Object Repository/11-Ajouter un colis au panier/android.widget.EditText - Saisir la description exacte de votre colis (1)'

2022-11-22 10:46:00 - [TEST_STEP][PASSED] - setText(findTestObject("Object Repository/11-Ajouter un colis au panier/android.widget.EditText - Saisir la description exacte de votre colis (1)"), "Baume", 0): Text 'Baume' has been set to element 'Object Repository/11-Ajouter un colis au panier/android.widget.EditText - Saisir la description exacte de votre colis (1)'

2022-11-22 10:46:00 - [MESSAGE][WARNING] - Timeout '0' is invalid. Using default page load timeout: '30'

2022-11-22 10:46:01 - [MESSAGE][PASSED] - Text 'Baume' has been set to element 'Object Repository/11-Ajouter un colis au panier/android.widget.EditText - Saisir la description exacte de votre colis (1)'

2022-11-22 10:46:01 - [TEST_STEP][PASSED] - pressBack(): Press back button successfully

2022-11-22 10:46:02 - [MESSAGE][PASSED] - Press back button successfully

2022-11-22 10:46:02 - [TEST_STEP][PASSED] - tap(findTestObject("Object Repository/11-Ajouter un colis au panier/android.widget.Button-Ajouter au panier"), 0): Tapped on element 'Object Repository/11-Ajouter un colis au panier/android.widget.Button-Ajouter au panier'

2022-11-22 10:46:03 - [MESSAGE][WARNING] - Timeout '0' is invalid. Using default page load timeout: '30'

2022-11-22 10:46:04 - [MESSAGE][PASSED] - Tapped on element 'Object Repository/11-Ajouter un colis au panier/android.widget.Button-Ajouter au panier'

2022-11-22 10:46:04 - [TEST_STEP][PASSED] - tap(findTestObject("13-Supprimer un colis du panier/android.widget.ImageViewBaume"), 0): Tapped on element 'Object Repository/13-Supprimer un colis du panier/android.widget.ImageViewBaume'

2022-11-22 10:46:04 - [MESSAGE][WARNING] - Timeout '0' is invalid. Using default page load timeout: '30'

2022-11-22 10:46:05 - [MESSAGE][PASSED] - Tapped on element 'Object Repository/13-Supprimer un colis du panier/android.widget.ImageViewBaume'

2022-11-22 10:46:05 - [TEST_STEP][FAILED] - verifyElementNotVisible(findTestObject("13-Supprimer un colis du panier/android.widget.ImageViewBaume"), 0): Failed to check if element 'Object Repository/13-Supprimer un colis du panier/android.widget.ImageViewBaume' is not visible (Root cause: org.openqa.selenium.StaleElementReferenceException: Cached elements 'By.xpath: //*[@class = 'android.widget.ImageView' and @resource-id = '' and (@text = '' or . = '')]' do not exist in DOM anymore
For documentation on this error, please visit: https://www.seleniumhq.org/exceptions/stale_element_reference.html
Build info: version: '3.141.59', revision: 'e82be7d358', time: '2018-11-14T08:25:53'
System info: host: 'DESKTOP-QOR6BOM', ip: '192.168.1.5', os.name: 'Windows 10', os.arch: 'amd64', os.version: '10.0', java.version: '1.8.0_282'
Driver info: com.kms.katalon.core.appium.driver.SwipeableAndroidDriver
Capabilities {app: C:\Users\Ousseynou Diop\Des..., appPackage: fr.agiltoo.myshopper.custom..., autoGrantPermissions: true, automationName: uiautomator2, chromedriverPort: 53206, databaseEnabled: false, desired: {app: C:\Users\Ousseynou Diop\Des..., autoGrantPermissions: true, automationName: uiautomator2, chromedriverPort: 53206, deviceName: samsung SM-A022F (Android 11), fullReset: true, newCommandTimeout: 1800, noReset: false, platform: ANDROID, platformName: android, platformVersion: 11, systemPort: 53204, udid: RZ8R71P5YRT}, deviceApiLevel: 30, deviceManufacturer: samsung, deviceModel: SM-A022F, deviceName: RZ8R71P5YRT, deviceScreenDensity: 300, deviceScreenSize: 720x1600, deviceUDID: RZ8R71P5YRT, fullReset: true, javascriptEnabled: true, locationContextEnabled: false, networkConnectionEnabled: true, newCommandTimeout: 1800, noReset: false, pixelRatio: 1.875, platform: ANDROID, platformName: Android, platformVersion: 11, statBarHeight: 45, systemPort: 53204, takesScreenshot: true, udid: RZ8R71P5YRT, viewportRect: {height: 1420, left: 0, top: 45, width: 720}, warnings: {}, webStorageEnabled: false}
Session ID: f38efcab-a23f-4291-8d60-ca6329c243f9
	at org.openqa.selenium.remote.http.W3CHttpResponseCodec.createException(W3CHttpResponseCodec.java:187)
	at org.openqa.selenium.remote.http.W3CHttpResponseCodec.decode(W3CHttpResponseCodec.java:122)
	at org.openqa.selenium.remote.http.W3CHttpResponseCodec.decode(W3CHttpResponseCodec.java:49)
	at org.openqa.selenium.remote.HttpCommandExecutor.execute(HttpCommandExecutor.java:158)
	at io.appium.java_client.remote.AppiumCommandExecutor.execute(AppiumCommandExecutor.java:239)
	at org.openqa.selenium.remote.RemoteWebDriver.execute(RemoteWebDriver.java:552)
	at io.appium.java_client.DefaultGenericMobileDriver.execute(DefaultGenericMobileDriver.java:42)
	at io.appium.java_client.AppiumDriver.execute(AppiumDriver.java:1)
	at io.appium.java_client.android.AndroidDriver.execute(AndroidDriver.java:1)
	at com.kms.katalon.core.appium.driver.SwipeableAndroidDriver.execute(SwipeableAndroidDriver.java:1)
	at org.openqa.selenium.remote.RemoteWebElement.execute(RemoteWebElement.java:285)
	at io.appium.java_client.DefaultGenericMobileElement.execute(DefaultGenericMobileElement.java:45)
	at io.appium.java_client.MobileElement.execute(MobileElement.java:1)
	at io.appium.java_client.android.AndroidElement.execute(AndroidElement.java:1)
	at org.openqa.selenium.remote.RemoteWebElement.getLocation(RemoteWebElement.java:337)
	at org.openqa.selenium.WebElement$getLocation.call(Unknown Source)
	at com.kms.katalon.core.mobile.keyword.internal.MobileAbstractKeyword.findElement(MobileAbstractKeyword.groovy:86)
	at com.kms.katalon.core.mobile.keyword.builtin.VerifyElementNotVisibleKeyword.access$1(VerifyElementNotVisibleKeyword.groovy)
	at com.kms.katalon.core.mobile.keyword.builtin.VerifyElementNotVisibleKeyword$_verifyElementNotVisible_closure1.doCall(VerifyElementNotVisibleKeyword.groovy:72)
	at com.kms.katalon.core.mobile.keyword.builtin.VerifyElementNotVisibleKeyword$_verifyElementNotVisible_closure1.call(VerifyElementNotVisibleKeyword.groovy)
	at com.kms.katalon.core.mobile.keyword.internal.MobileKeywordMain.runKeyword(MobileKeywordMain.groovy:21)
	at com.kms.katalon.core.mobile.keyword.builtin.VerifyElementNotVisibleKeyword.verifyElementNotVisible(VerifyElementNotVisibleKeyword.groovy:85)
	at com.kms.katalon.core.mobile.keyword.builtin.VerifyElementNotVisibleKeyword.execute(VerifyElementNotVisibleKeyword.groovy:64)
	at com.kms.katalon.core.keyword.internal.KeywordExecutor.executeKeywordForPlatform(KeywordExecutor.groovy:74)
	at com.kms.katalon.core.mobile.keyword.MobileBuiltInKeywords.verifyElementNotVisible(MobileBuiltInKeywords.groovy:2064)
	at com.kms.katalon.core.mobile.keyword.MobileBuiltInKeywords$verifyElementNotVisible$5.call(Unknown Source)
	at 13-Supprimer un colis du panier ( MSR-295).run(13-Supprimer un colis du panier ( MSR-295):77)
	at com.kms.katalon.core.main.ScriptEngine.run(ScriptEngine.java:194)
	at com.kms.katalon.core.main.ScriptEngine.runScriptAsRawText(ScriptEngine.java:119)
	at com.kms.katalon.core.main.TestCaseExecutor.runScript(TestCaseExecutor.java:448)
	at com.kms.katalon.core.main.TestCaseExecutor.doExecute(TestCaseExecutor.java:439)
	at com.kms.katalon.core.main.TestCaseExecutor.processExecutionPhase(TestCaseExecutor.java:418)
	at com.kms.katalon.core.main.TestCaseExecutor.accessMainPhase(TestCaseExecutor.java:410)
	at com.kms.katalon.core.main.TestCaseExecutor.execute(TestCaseExecutor.java:285)
	at com.kms.katalon.core.common.CommonExecutor.accessTestCaseMainPhase(CommonExecutor.java:65)
	at com.kms.katalon.core.main.TestSuiteExecutor.accessTestSuiteMainPhase(TestSuiteExecutor.java:151)
	at com.kms.katalon.core.main.TestSuiteExecutor.execute(TestSuiteExecutor.java:106)
	at com.kms.katalon.core.main.TestCaseMain.startTestSuite(TestCaseMain.java:185)
	at com.kms.katalon.core.main.TestCaseMain$startTestSuite$0.call(Unknown Source)
	at TempTestSuite1669109638590.run(TempTestSuite1669109638590.groovy:36)
)

2022-11-22 10:46:05 - [MESSAGE][WARNING] - Timeout '0' is invalid. Using default page load timeout: '30'

2022-11-22 10:46:12 - [MESSAGE][FAILED] - Failed to check if element 'Object Repository/13-Supprimer un colis du panier/android.widget.ImageViewBaume' is not visible (Root cause: org.openqa.selenium.StaleElementReferenceException: Cached elements 'By.xpath: //*[@class = 'android.widget.ImageView' and @resource-id = '' and (@text = '' or . = '')]' do not exist in DOM anymore
For documentation on this error, please visit: https://www.seleniumhq.org/exceptions/stale_element_reference.html
Build info: version: '3.141.59', revision: 'e82be7d358', time: '2018-11-14T08:25:53'
System info: host: 'DESKTOP-QOR6BOM', ip: '192.168.1.5', os.name: 'Windows 10', os.arch: 'amd64', os.version: '10.0', java.version: '1.8.0_282'
Driver info: com.kms.katalon.core.appium.driver.SwipeableAndroidDriver
Capabilities {app: C:\Users\Ousseynou Diop\Des..., appPackage: fr.agiltoo.myshopper.custom..., autoGrantPermissions: true, automationName: uiautomator2, chromedriverPort: 53206, databaseEnabled: false, desired: {app: C:\Users\Ousseynou Diop\Des..., autoGrantPermissions: true, automationName: uiautomator2, chromedriverPort: 53206, deviceName: samsung SM-A022F (Android 11), fullReset: true, newCommandTimeout: 1800, noReset: false, platform: ANDROID, platformName: android, platformVersion: 11, systemPort: 53204, udid: RZ8R71P5YRT}, deviceApiLevel: 30, deviceManufacturer: samsung, deviceModel: SM-A022F, deviceName: RZ8R71P5YRT, deviceScreenDensity: 300, deviceScreenSize: 720x1600, deviceUDID: RZ8R71P5YRT, fullReset: true, javascriptEnabled: true, locationContextEnabled: false, networkConnectionEnabled: true, newCommandTimeout: 1800, noReset: false, pixelRatio: 1.875, platform: ANDROID, platformName: Android, platformVersion: 11, statBarHeight: 45, systemPort: 53204, takesScreenshot: true, udid: RZ8R71P5YRT, viewportRect: {height: 1420, left: 0, top: 45, width: 720}, warnings: {}, webStorageEnabled: false}
Session ID: f38efcab-a23f-4291-8d60-ca6329c243f9
	at org.openqa.selenium.remote.http.W3CHttpResponseCodec.createException(W3CHttpResponseCodec.java:187)
	at org.openqa.selenium.remote.http.W3CHttpResponseCodec.decode(W3CHttpResponseCodec.java:122)
	at org.openqa.selenium.remote.http.W3CHttpResponseCodec.decode(W3CHttpResponseCodec.java:49)
	at org.openqa.selenium.remote.HttpCommandExecutor.execute(HttpCommandExecutor.java:158)
	at io.appium.java_client.remote.AppiumCommandExecutor.execute(AppiumCommandExecutor.java:239)
	at org.openqa.selenium.remote.RemoteWebDriver.execute(RemoteWebDriver.java:552)
	at io.appium.java_client.DefaultGenericMobileDriver.execute(DefaultGenericMobileDriver.java:42)
	at io.appium.java_client.AppiumDriver.execute(AppiumDriver.java:1)
	at io.appium.java_client.android.AndroidDriver.execute(AndroidDriver.java:1)
	at com.kms.katalon.core.appium.driver.SwipeableAndroidDriver.execute(SwipeableAndroidDriver.java:1)
	at org.openqa.selenium.remote.RemoteWebElement.execute(RemoteWebElement.java:285)
	at io.appium.java_client.DefaultGenericMobileElement.execute(DefaultGenericMobileElement.java:45)
	at io.appium.java_client.MobileElement.execute(MobileElement.java:1)
	at io.appium.java_client.android.AndroidElement.execute(AndroidElement.java:1)
	at org.openqa.selenium.remote.RemoteWebElement.getLocation(RemoteWebElement.java:337)
	at org.openqa.selenium.WebElement$getLocation.call(Unknown Source)
	at com.kms.katalon.core.mobile.keyword.internal.MobileAbstractKeyword.findElement(MobileAbstractKeyword.groovy:86)
	at com.kms.katalon.core.mobile.keyword.builtin.VerifyElementNotVisibleKeyword.access$1(VerifyElementNotVisibleKeyword.groovy)
	at com.kms.katalon.core.mobile.keyword.builtin.VerifyElementNotVisibleKeyword$_verifyElementNotVisible_closure1.doCall(VerifyElementNotVisibleKeyword.groovy:72)
	at com.kms.katalon.core.mobile.keyword.builtin.VerifyElementNotVisibleKeyword$_verifyElementNotVisible_closure1.call(VerifyElementNotVisibleKeyword.groovy)
	at com.kms.katalon.core.mobile.keyword.internal.MobileKeywordMain.runKeyword(MobileKeywordMain.groovy:21)
	at com.kms.katalon.core.mobile.keyword.builtin.VerifyElementNotVisibleKeyword.verifyElementNotVisible(VerifyElementNotVisibleKeyword.groovy:85)
	at com.kms.katalon.core.mobile.keyword.builtin.VerifyElementNotVisibleKeyword.execute(VerifyElementNotVisibleKeyword.groovy:64)
	at com.kms.katalon.core.keyword.internal.KeywordExecutor.executeKeywordForPlatform(KeywordExecutor.groovy:74)
	at com.kms.katalon.core.mobile.keyword.MobileBuiltInKeywords.verifyElementNotVisible(MobileBuiltInKeywords.groovy:2064)
	at com.kms.katalon.core.mobile.keyword.MobileBuiltInKeywords$verifyElementNotVisible$5.call(Unknown Source)
	at 13-Supprimer un colis du panier ( MSR-295).run(13-Supprimer un colis du panier ( MSR-295):77)
	at com.kms.katalon.core.main.ScriptEngine.run(ScriptEngine.java:194)
	at com.kms.katalon.core.main.ScriptEngine.runScriptAsRawText(ScriptEngine.java:119)
	at com.kms.katalon.core.main.TestCaseExecutor.runScript(TestCaseExecutor.java:448)
	at com.kms.katalon.core.main.TestCaseExecutor.doExecute(TestCaseExecutor.java:439)
	at com.kms.katalon.core.main.TestCaseExecutor.processExecutionPhase(TestCaseExecutor.java:418)
	at com.kms.katalon.core.main.TestCaseExecutor.accessMainPhase(TestCaseExecutor.java:410)
	at com.kms.katalon.core.main.TestCaseExecutor.execute(TestCaseExecutor.java:285)
	at com.kms.katalon.core.common.CommonExecutor.accessTestCaseMainPhase(CommonExecutor.java:65)
	at com.kms.katalon.core.main.TestSuiteExecutor.accessTestSuiteMainPhase(TestSuiteExecutor.java:151)
	at com.kms.katalon.core.main.TestSuiteExecutor.execute(TestSuiteExecutor.java:106)
	at com.kms.katalon.core.main.TestCaseMain.startTestSuite(TestCaseMain.java:185)
	at com.kms.katalon.core.main.TestCaseMain$startTestSuite$0.call(Unknown Source)
	at TempTestSuite1669109638590.run(TempTestSuite1669109638590.groovy:36)
)
[[ATTACHMENT|C:\\Users\\Ousseynou Diop\\git\\Mon-Shopper-Automatisation-Application-Client\\Reports\\20221122_103358\\Cas de test passant app client\\20221122_103358\\1669110366604.png]]]]></system-out>
         <system-err><![CDATA[2022-11-22 10:44:42 - [TEST_CASE][FAILED] - Test Cases/Cas de test passant/13-Supprimer un colis du panier ( MSR-295): Test Cases/Cas de test passant/13-Supprimer un colis du panier ( MSR-295) FAILED.
Reason:
com.kms.katalon.core.exception.StepFailedException: Failed to check if element 'Object Repository/13-Supprimer un colis du panier/android.widget.ImageViewBaume' is not visible (Root cause: org.openqa.selenium.StaleElementReferenceException: Cached elements 'By.xpath: //*[@class = 'android.widget.ImageView' and @resource-id = '' and (@text = '' or . = '')]' do not exist in DOM anymore
For documentation on this error, please visit: https://www.seleniumhq.org/exceptions/stale_element_reference.html
Build info: version: '3.141.59', revision: 'e82be7d358', time: '2018-11-14T08:25:53'
System info: host: 'DESKTOP-QOR6BOM', ip: '192.168.1.5', os.name: 'Windows 10', os.arch: 'amd64', os.version: '10.0', java.version: '1.8.0_282'
Driver info: com.kms.katalon.core.appium.driver.SwipeableAndroidDriver
Capabilities {app: C:\Users\Ousseynou Diop\Des..., appPackage: fr.agiltoo.myshopper.custom..., autoGrantPermissions: true, automationName: uiautomator2, chromedriverPort: 53206, databaseEnabled: false, desired: {app: C:\Users\Ousseynou Diop\Des..., autoGrantPermissions: true, automationName: uiautomator2, chromedriverPort: 53206, deviceName: samsung SM-A022F (Android 11), fullReset: true, newCommandTimeout: 1800, noReset: false, platform: ANDROID, platformName: android, platformVersion: 11, systemPort: 53204, udid: RZ8R71P5YRT}, deviceApiLevel: 30, deviceManufacturer: samsung, deviceModel: SM-A022F, deviceName: RZ8R71P5YRT, deviceScreenDensity: 300, deviceScreenSize: 720x1600, deviceUDID: RZ8R71P5YRT, fullReset: true, javascriptEnabled: true, locationContextEnabled: false, networkConnectionEnabled: true, newCommandTimeout: 1800, noReset: false, pixelRatio: 1.875, platform: ANDROID, platformName: Android, platformVersion: 11, statBarHeight: 45, systemPort: 53204, takesScreenshot: true, udid: RZ8R71P5YRT, viewportRect: {height: 1420, left: 0, top: 45, width: 720}, warnings: {}, webStorageEnabled: false}
Session ID: f38efcab-a23f-4291-8d60-ca6329c243f9
	at org.openqa.selenium.remote.http.W3CHttpResponseCodec.createException(W3CHttpResponseCodec.java:187)
	at org.openqa.selenium.remote.http.W3CHttpResponseCodec.decode(W3CHttpResponseCodec.java:122)
	at org.openqa.selenium.remote.http.W3CHttpResponseCodec.decode(W3CHttpResponseCodec.java:49)
	at org.openqa.selenium.remote.HttpCommandExecutor.execute(HttpCommandExecutor.java:158)
	at io.appium.java_client.remote.AppiumCommandExecutor.execute(AppiumCommandExecutor.java:239)
	at org.openqa.selenium.remote.RemoteWebDriver.execute(RemoteWebDriver.java:552)
	at io.appium.java_client.DefaultGenericMobileDriver.execute(DefaultGenericMobileDriver.java:42)
	at io.appium.java_client.AppiumDriver.execute(AppiumDriver.java:1)
	at io.appium.java_client.android.AndroidDriver.execute(AndroidDriver.java:1)
	at com.kms.katalon.core.appium.driver.SwipeableAndroidDriver.execute(SwipeableAndroidDriver.java:1)
	at org.openqa.selenium.remote.RemoteWebElement.execute(RemoteWebElement.java:285)
	at io.appium.java_client.DefaultGenericMobileElement.execute(DefaultGenericMobileElement.java:45)
	at io.appium.java_client.MobileElement.execute(MobileElement.java:1)
	at io.appium.java_client.android.AndroidElement.execute(AndroidElement.java:1)
	at org.openqa.selenium.remote.RemoteWebElement.getLocation(RemoteWebElement.java:337)
	at org.openqa.selenium.WebElement$getLocation.call(Unknown Source)
	at com.kms.katalon.core.mobile.keyword.internal.MobileAbstractKeyword.findElement(MobileAbstractKeyword.groovy:86)
	at com.kms.katalon.core.mobile.keyword.builtin.VerifyElementNotVisibleKeyword.access$1(VerifyElementNotVisibleKeyword.groovy)
	at com.kms.katalon.core.mobile.keyword.builtin.VerifyElementNotVisibleKeyword$_verifyElementNotVisible_closure1.doCall(VerifyElementNotVisibleKeyword.groovy:72)
	at com.kms.katalon.core.mobile.keyword.builtin.VerifyElementNotVisibleKeyword$_verifyElementNotVisible_closure1.call(VerifyElementNotVisibleKeyword.groovy)
	at com.kms.katalon.core.mobile.keyword.internal.MobileKeywordMain.runKeyword(MobileKeywordMain.groovy:21)
	at com.kms.katalon.core.mobile.keyword.builtin.VerifyElementNotVisibleKeyword.verifyElementNotVisible(VerifyElementNotVisibleKeyword.groovy:85)
	at com.kms.katalon.core.mobile.keyword.builtin.VerifyElementNotVisibleKeyword.execute(VerifyElementNotVisibleKeyword.groovy:64)
	at com.kms.katalon.core.keyword.internal.KeywordExecutor.executeKeywordForPlatform(KeywordExecutor.groovy:74)
	at com.kms.katalon.core.mobile.keyword.MobileBuiltInKeywords.verifyElementNotVisible(MobileBuiltInKeywords.groovy:2064)
	at com.kms.katalon.core.mobile.keyword.MobileBuiltInKeywords$verifyElementNotVisible$5.call(Unknown Source)
	at 13-Supprimer un colis du panier ( MSR-295).run(13-Supprimer un colis du panier ( MSR-295):77)
	at com.kms.katalon.core.main.ScriptEngine.run(ScriptEngine.java:194)
	at com.kms.katalon.core.main.ScriptEngine.runScriptAsRawText(ScriptEngine.java:119)
	at com.kms.katalon.core.main.TestCaseExecutor.runScript(TestCaseExecutor.java:448)
	at com.kms.katalon.core.main.TestCaseExecutor.doExecute(TestCaseExecutor.java:439)
	at com.kms.katalon.core.main.TestCaseExecutor.processExecutionPhase(TestCaseExecutor.java:418)
	at com.kms.katalon.core.main.TestCaseExecutor.accessMainPhase(TestCaseExecutor.java:410)
	at com.kms.katalon.core.main.TestCaseExecutor.execute(TestCaseExecutor.java:285)
	at com.kms.katalon.core.common.CommonExecutor.accessTestCaseMainPhase(CommonExecutor.java:65)
	at com.kms.katalon.core.main.TestSuiteExecutor.accessTestSuiteMainPhase(TestSuiteExecutor.java:151)
	at com.kms.katalon.core.main.TestSuiteExecutor.execute(TestSuiteExecutor.java:106)
	at com.kms.katalon.core.main.TestCaseMain.startTestSuite(TestCaseMain.java:185)
	at com.kms.katalon.core.main.TestCaseMain$startTestSuite$0.call(Unknown Source)
	at TempTestSuite1669109638590.run(TempTestSuite1669109638590.groovy:36)
)
	at com.kms.katalon.core.keyword.internal.KeywordMain.stepFailed(KeywordMain.groovy:50)
	at com.kms.katalon.core.mobile.keyword.internal.MobileKeywordMain.stepFailed(MobileKeywordMain.groovy:40)
	at com.kms.katalon.core.mobile.keyword.internal.MobileKeywordMain.runKeyword(MobileKeywordMain.groovy:23)
	at com.kms.katalon.core.mobile.keyword.builtin.VerifyElementNotVisibleKeyword.verifyElementNotVisible(VerifyElementNotVisibleKeyword.groovy:85)
	at com.kms.katalon.core.mobile.keyword.builtin.VerifyElementNotVisibleKeyword.execute(VerifyElementNotVisibleKeyword.groovy:64)
	at com.kms.katalon.core.keyword.internal.KeywordExecutor.executeKeywordForPlatform(KeywordExecutor.groovy:74)
	at com.kms.katalon.core.mobile.keyword.MobileBuiltInKeywords.verifyElementNotVisible(MobileBuiltInKeywords.groovy:2064)
	at com.kms.katalon.core.mobile.keyword.MobileBuiltInKeywords$verifyElementNotVisible$5.call(Unknown Source)
	at 13-Supprimer un colis du panier ( MSR-295).run(13-Supprimer un colis du panier ( MSR-295):77)
	at com.kms.katalon.core.main.ScriptEngine.run(ScriptEngine.java:194)
	at com.kms.katalon.core.main.ScriptEngine.runScriptAsRawText(ScriptEngine.java:119)
	at com.kms.katalon.core.main.TestCaseExecutor.runScript(TestCaseExecutor.java:448)
	at com.kms.katalon.core.main.TestCaseExecutor.doExecute(TestCaseExecutor.java:439)
	at com.kms.katalon.core.main.TestCaseExecutor.processExecutionPhase(TestCaseExecutor.java:418)
	at com.kms.katalon.core.main.TestCaseExecutor.accessMainPhase(TestCaseExecutor.java:410)
	at com.kms.katalon.core.main.TestCaseExecutor.execute(TestCaseExecutor.java:285)
	at com.kms.katalon.core.common.CommonExecutor.accessTestCaseMainPhase(CommonExecutor.java:65)
	at com.kms.katalon.core.main.TestSuiteExecutor.accessTestSuiteMainPhase(TestSuiteExecutor.java:151)
	at com.kms.katalon.core.main.TestSuiteExecutor.execute(TestSuiteExecutor.java:106)
	at com.kms.katalon.core.main.TestCaseMain.startTestSuite(TestCaseMain.java:185)
	at com.kms.katalon.core.main.TestCaseMain$startTestSuite$0.call(Unknown Source)
	at TempTestSuite1669109638590.run(TempTestSuite1669109638590.groovy:36)
Caused by: org.openqa.selenium.StaleElementReferenceException: Cached elements 'By.xpath: //*[@class = 'android.widget.ImageView' and @resource-id = '' and (@text = '' or . = '')]' do not exist in DOM anymore
For documentation on this error, please visit: https://www.seleniumhq.org/exceptions/stale_element_reference.html
Build info: version: '3.141.59', revision: 'e82be7d358', time: '2018-11-14T08:25:53'
System info: host: 'DESKTOP-QOR6BOM', ip: '192.168.1.5', os.name: 'Windows 10', os.arch: 'amd64', os.version: '10.0', java.version: '1.8.0_282'
Driver info: com.kms.katalon.core.appium.driver.SwipeableAndroidDriver
Capabilities {app: C:\Users\Ousseynou Diop\Des..., appPackage: fr.agiltoo.myshopper.custom..., autoGrantPermissions: true, automationName: uiautomator2, chromedriverPort: 53206, databaseEnabled: false, desired: {app: C:\Users\Ousseynou Diop\Des..., autoGrantPermissions: true, automationName: uiautomator2, chromedriverPort: 53206, deviceName: samsung SM-A022F (Android 11), fullReset: true, newCommandTimeout: 1800, noReset: false, platform: ANDROID, platformName: android, platformVersion: 11, systemPort: 53204, udid: RZ8R71P5YRT}, deviceApiLevel: 30, deviceManufacturer: samsung, deviceModel: SM-A022F, deviceName: RZ8R71P5YRT, deviceScreenDensity: 300, deviceScreenSize: 720x1600, deviceUDID: RZ8R71P5YRT, fullReset: true, javascriptEnabled: true, locationContextEnabled: false, networkConnectionEnabled: true, newCommandTimeout: 1800, noReset: false, pixelRatio: 1.875, platform: ANDROID, platformName: Android, platformVersion: 11, statBarHeight: 45, systemPort: 53204, takesScreenshot: true, udid: RZ8R71P5YRT, viewportRect: {height: 1420, left: 0, top: 45, width: 720}, warnings: {}, webStorageEnabled: false}
Session ID: f38efcab-a23f-4291-8d60-ca6329c243f9
	at org.openqa.selenium.remote.http.W3CHttpResponseCodec.createException(W3CHttpResponseCodec.java:187)
	at org.openqa.selenium.remote.http.W3CHttpResponseCodec.decode(W3CHttpResponseCodec.java:122)
	at org.openqa.selenium.remote.http.W3CHttpResponseCodec.decode(W3CHttpResponseCodec.java:49)
	at org.openqa.selenium.remote.HttpCommandExecutor.execute(HttpCommandExecutor.java:158)
	at io.appium.java_client.remote.AppiumCommandExecutor.execute(AppiumCommandExecutor.java:239)
	at org.openqa.selenium.remote.RemoteWebDriver.execute(RemoteWebDriver.java:552)
	at io.appium.java_client.DefaultGenericMobileDriver.execute(DefaultGenericMobileDriver.java:42)
	at io.appium.java_client.AppiumDriver.execute(AppiumDriver.java:1)
	at io.appium.java_client.android.AndroidDriver.execute(AndroidDriver.java:1)
	at com.kms.katalon.core.appium.driver.SwipeableAndroidDriver.execute(SwipeableAndroidDriver.java:1)
	at org.openqa.selenium.remote.RemoteWebElement.execute(RemoteWebElement.java:285)
	at io.appium.java_client.DefaultGenericMobileElement.execute(DefaultGenericMobileElement.java:45)
	at io.appium.java_client.MobileElement.execute(MobileElement.java:1)
	at io.appium.java_client.android.AndroidElement.execute(AndroidElement.java:1)
	at org.openqa.selenium.remote.RemoteWebElement.getLocation(RemoteWebElement.java:337)
	at org.openqa.selenium.WebElement$getLocation.call(Unknown Source)
	at com.kms.katalon.core.mobile.keyword.internal.MobileAbstractKeyword.findElement(MobileAbstractKeyword.groovy:86)
	at com.kms.katalon.core.mobile.keyword.builtin.VerifyElementNotVisibleKeyword.access$1(VerifyElementNotVisibleKeyword.groovy)
	at com.kms.katalon.core.mobile.keyword.builtin.VerifyElementNotVisibleKeyword$_verifyElementNotVisible_closure1.doCall(VerifyElementNotVisibleKeyword.groovy:72)
	at com.kms.katalon.core.mobile.keyword.builtin.VerifyElementNotVisibleKeyword$_verifyElementNotVisible_closure1.call(VerifyElementNotVisibleKeyword.groovy)
	at com.kms.katalon.core.mobile.keyword.internal.MobileKeywordMain.runKeyword(MobileKeywordMain.groovy:21)
	... 19 more]]></system-err>
      </testcase>
      <testcase name="Test Cases/Cas de test passant/14-Valider mon panier (MSR-295)" time="0.185" classname="Test Cases/Cas de test passant/14-Valider mon panier (MSR-295)" status="FAILED">
         <failure type="FAILED" message="Test Cases/Cas de test passant/14-Valider mon panier (MSR-295) FAILED.
Reason:
com.kms.katalon.core.exception.StepFailedException: Unable to start app at: 'C:\Users\Ousseynou Diop\Desktop\APK Client\app-debug.apk' (Root cause: java.io.IOException: GetExitCodeProcess error=6, Descripteur non valide
	at com.kms.katalon.core.appium.driver.AppiumDriverManager.isAppiumServerStarted(AppiumDriverManager.java:194)
	at com.kms.katalon.core.appium.driver.AppiumDriverManager.startAppiumServerJS(AppiumDriverManager.java:258)
	at com.kms.katalon.core.appium.driver.AppiumDriverManager.startAppiumServerJS(AppiumDriverManager.java:412)
	at com.kms.katalon.core.appium.driver.AppiumDriverManager.ensureServicesStarted(AppiumDriverManager.java:244)
	at com.kms.katalon.core.appium.driver.AppiumDriverManager.createMobileDriver(AppiumDriverManager.java:478)
	at com.kms.katalon.core.mobile.keyword.internal.MobileDriverFactory.startLocalMobileDriver(MobileDriverFactory.java:539)
	at com.kms.katalon.core.mobile.keyword.internal.MobileDriverFactory.startMobileDriver(MobileDriverFactory.java:452)
	at com.kms.katalon.core.mobile.keyword.builtin.StartApplicationKeyword$_startApplication_closure1.doCall(StartApplicationKeyword.groovy:49)
	at com.kms.katalon.core.mobile.keyword.builtin.StartApplicationKeyword$_startApplication_closure1.call(StartApplicationKeyword.groovy)
	at com.kms.katalon.core.mobile.keyword.internal.MobileKeywordMain.runKeyword(MobileKeywordMain.groovy:21)
	at com.kms.katalon.core.mobile.keyword.builtin.StartApplicationKeyword.startApplication(StartApplicationKeyword.groovy:51)
	at com.kms.katalon.core.mobile.keyword.builtin.StartApplicationKeyword.execute(StartApplicationKeyword.groovy:40)
	at com.kms.katalon.core.keyword.internal.KeywordExecutor.executeKeywordForPlatform(KeywordExecutor.groovy:74)
	at com.kms.katalon.core.mobile.keyword.MobileBuiltInKeywords.startApplication(MobileBuiltInKeywords.groovy:78)
	at com.kms.katalon.core.mobile.keyword.MobileBuiltInKeywords$startApplication.call(Unknown Source)
	at 14-Valider mon panier (MSR-295).run(14-Valider mon panier (MSR-295):20)
	at com.kms.katalon.core.main.ScriptEngine.run(ScriptEngine.java:194)
	at com.kms.katalon.core.main.ScriptEngine.runScriptAsRawText(ScriptEngine.java:119)
	at com.kms.katalon.core.main.TestCaseExecutor.runScript(TestCaseExecutor.java:448)
	at com.kms.katalon.core.main.TestCaseExecutor.doExecute(TestCaseExecutor.java:439)
	at com.kms.katalon.core.main.TestCaseExecutor.processExecutionPhase(TestCaseExecutor.java:418)
	at com.kms.katalon.core.main.TestCaseExecutor.accessMainPhase(TestCaseExecutor.java:410)
	at com.kms.katalon.core.main.TestCaseExecutor.execute(TestCaseExecutor.java:285)
	at com.kms.katalon.core.common.CommonExecutor.accessTestCaseMainPhase(CommonExecutor.java:65)
	at com.kms.katalon.core.main.TestSuiteExecutor.accessTestSuiteMainPhase(TestSuiteExecutor.java:151)
	at com.kms.katalon.core.main.TestSuiteExecutor.execute(TestSuiteExecutor.java:106)
	at com.kms.katalon.core.main.TestCaseMain.startTestSuite(TestCaseMain.java:185)
	at com.kms.katalon.core.main.TestCaseMain$startTestSuite$0.call(Unknown Source)
	at TempTestSuite1669109638590.run(TempTestSuite1669109638590.groovy:36)
)
	at com.kms.katalon.core.keyword.internal.KeywordMain.stepFailed(KeywordMain.groovy:50)
	at com.kms.katalon.core.mobile.keyword.internal.MobileKeywordMain.stepFailed(MobileKeywordMain.groovy:40)
	at com.kms.katalon.core.mobile.keyword.internal.MobileKeywordMain.runKeyword(MobileKeywordMain.groovy:23)
	at com.kms.katalon.core.mobile.keyword.builtin.StartApplicationKeyword.startApplication(StartApplicationKeyword.groovy:51)
	at com.kms.katalon.core.mobile.keyword.builtin.StartApplicationKeyword.execute(StartApplicationKeyword.groovy:40)
	at com.kms.katalon.core.keyword.internal.KeywordExecutor.executeKeywordForPlatform(KeywordExecutor.groovy:74)
	at com.kms.katalon.core.mobile.keyword.MobileBuiltInKeywords.startApplication(MobileBuiltInKeywords.groovy:78)
	at com.kms.katalon.core.mobile.keyword.MobileBuiltInKeywords$startApplication.call(Unknown Source)
	at 14-Valider mon panier (MSR-295).run(14-Valider mon panier (MSR-295):20)
	at com.kms.katalon.core.main.ScriptEngine.run(ScriptEngine.java:194)
	at com.kms.katalon.core.main.ScriptEngine.runScriptAsRawText(ScriptEngine.java:119)
	at com.kms.katalon.core.main.TestCaseExecutor.runScript(TestCaseExecutor.java:448)
	at com.kms.katalon.core.main.TestCaseExecutor.doExecute(TestCaseExecutor.java:439)
	at com.kms.katalon.core.main.TestCaseExecutor.processExecutionPhase(TestCaseExecutor.java:418)
	at com.kms.katalon.core.main.TestCaseExecutor.accessMainPhase(TestCaseExecutor.java:410)
	at com.kms.katalon.core.main.TestCaseExecutor.execute(TestCaseExecutor.java:285)
	at com.kms.katalon.core.common.CommonExecutor.accessTestCaseMainPhase(CommonExecutor.java:65)
	at com.kms.katalon.core.main.TestSuiteExecutor.accessTestSuiteMainPhase(TestSuiteExecutor.java:151)
	at com.kms.katalon.core.main.TestSuiteExecutor.execute(TestSuiteExecutor.java:106)
	at com.kms.katalon.core.main.TestCaseMain.startTestSuite(TestCaseMain.java:185)
	at com.kms.katalon.core.main.TestCaseMain$startTestSuite$0.call(Unknown Source)
	at TempTestSuite1669109638590.run(TempTestSuite1669109638590.groovy:36)
Caused by: java.io.IOException: GetExitCodeProcess error=6, Descripteur non valide
	at com.kms.katalon.core.appium.driver.AppiumDriverManager.isAppiumServerStarted(AppiumDriverManager.java:194)
	at com.kms.katalon.core.appium.driver.AppiumDriverManager.startAppiumServerJS(AppiumDriverManager.java:258)
	at com.kms.katalon.core.appium.driver.AppiumDriverManager.startAppiumServerJS(AppiumDriverManager.java:412)
	at com.kms.katalon.core.appium.driver.AppiumDriverManager.ensureServicesStarted(AppiumDriverManager.java:244)
	at com.kms.katalon.core.appium.driver.AppiumDriverManager.createMobileDriver(AppiumDriverManager.java:478)
	at com.kms.katalon.core.mobile.keyword.internal.MobileDriverFactory.startLocalMobileDriver(MobileDriverFactory.java:539)
	at com.kms.katalon.core.mobile.keyword.internal.MobileDriverFactory.startMobileDriver(MobileDriverFactory.java:452)
	at com.kms.katalon.core.mobile.keyword.builtin.StartApplicationKeyword$_startApplication_closure1.doCall(StartApplicationKeyword.groovy:49)
	at com.kms.katalon.core.mobile.keyword.builtin.StartApplicationKeyword$_startApplication_closure1.call(StartApplicationKeyword.groovy)
	at com.kms.katalon.core.mobile.keyword.internal.MobileKeywordMain.runKeyword(MobileKeywordMain.groovy:21)
	... 19 more
"/>
         <system-out><![CDATA[2022-11-22 10:46:12 - [TEST_CASE][FAILED] - Test Cases/Cas de test passant/14-Valider mon panier (MSR-295): Test Cases/Cas de test passant/14-Valider mon panier (MSR-295) FAILED.
Reason:
com.kms.katalon.core.exception.StepFailedException: Unable to start app at: 'C:\Users\Ousseynou Diop\Desktop\APK Client\app-debug.apk' (Root cause: java.io.IOException: GetExitCodeProcess error=6, Descripteur non valide
	at com.kms.katalon.core.appium.driver.AppiumDriverManager.isAppiumServerStarted(AppiumDriverManager.java:194)
	at com.kms.katalon.core.appium.driver.AppiumDriverManager.startAppiumServerJS(AppiumDriverManager.java:258)
	at com.kms.katalon.core.appium.driver.AppiumDriverManager.startAppiumServerJS(AppiumDriverManager.java:412)
	at com.kms.katalon.core.appium.driver.AppiumDriverManager.ensureServicesStarted(AppiumDriverManager.java:244)
	at com.kms.katalon.core.appium.driver.AppiumDriverManager.createMobileDriver(AppiumDriverManager.java:478)
	at com.kms.katalon.core.mobile.keyword.internal.MobileDriverFactory.startLocalMobileDriver(MobileDriverFactory.java:539)
	at com.kms.katalon.core.mobile.keyword.internal.MobileDriverFactory.startMobileDriver(MobileDriverFactory.java:452)
	at com.kms.katalon.core.mobile.keyword.builtin.StartApplicationKeyword$_startApplication_closure1.doCall(StartApplicationKeyword.groovy:49)
	at com.kms.katalon.core.mobile.keyword.builtin.StartApplicationKeyword$_startApplication_closure1.call(StartApplicationKeyword.groovy)
	at com.kms.katalon.core.mobile.keyword.internal.MobileKeywordMain.runKeyword(MobileKeywordMain.groovy:21)
	at com.kms.katalon.core.mobile.keyword.builtin.StartApplicationKeyword.startApplication(StartApplicationKeyword.groovy:51)
	at com.kms.katalon.core.mobile.keyword.builtin.StartApplicationKeyword.execute(StartApplicationKeyword.groovy:40)
	at com.kms.katalon.core.keyword.internal.KeywordExecutor.executeKeywordForPlatform(KeywordExecutor.groovy:74)
	at com.kms.katalon.core.mobile.keyword.MobileBuiltInKeywords.startApplication(MobileBuiltInKeywords.groovy:78)
	at com.kms.katalon.core.mobile.keyword.MobileBuiltInKeywords$startApplication.call(Unknown Source)
	at 14-Valider mon panier (MSR-295).run(14-Valider mon panier (MSR-295):20)
	at com.kms.katalon.core.main.ScriptEngine.run(ScriptEngine.java:194)
	at com.kms.katalon.core.main.ScriptEngine.runScriptAsRawText(ScriptEngine.java:119)
	at com.kms.katalon.core.main.TestCaseExecutor.runScript(TestCaseExecutor.java:448)
	at com.kms.katalon.core.main.TestCaseExecutor.doExecute(TestCaseExecutor.java:439)
	at com.kms.katalon.core.main.TestCaseExecutor.processExecutionPhase(TestCaseExecutor.java:418)
	at com.kms.katalon.core.main.TestCaseExecutor.accessMainPhase(TestCaseExecutor.java:410)
	at com.kms.katalon.core.main.TestCaseExecutor.execute(TestCaseExecutor.java:285)
	at com.kms.katalon.core.common.CommonExecutor.accessTestCaseMainPhase(CommonExecutor.java:65)
	at com.kms.katalon.core.main.TestSuiteExecutor.accessTestSuiteMainPhase(TestSuiteExecutor.java:151)
	at com.kms.katalon.core.main.TestSuiteExecutor.execute(TestSuiteExecutor.java:106)
	at com.kms.katalon.core.main.TestCaseMain.startTestSuite(TestCaseMain.java:185)
	at com.kms.katalon.core.main.TestCaseMain$startTestSuite$0.call(Unknown Source)
	at TempTestSuite1669109638590.run(TempTestSuite1669109638590.groovy:36)
)
	at com.kms.katalon.core.keyword.internal.KeywordMain.stepFailed(KeywordMain.groovy:50)
	at com.kms.katalon.core.mobile.keyword.internal.MobileKeywordMain.stepFailed(MobileKeywordMain.groovy:40)
	at com.kms.katalon.core.mobile.keyword.internal.MobileKeywordMain.runKeyword(MobileKeywordMain.groovy:23)
	at com.kms.katalon.core.mobile.keyword.builtin.StartApplicationKeyword.startApplication(StartApplicationKeyword.groovy:51)
	at com.kms.katalon.core.mobile.keyword.builtin.StartApplicationKeyword.execute(StartApplicationKeyword.groovy:40)
	at com.kms.katalon.core.keyword.internal.KeywordExecutor.executeKeywordForPlatform(KeywordExecutor.groovy:74)
	at com.kms.katalon.core.mobile.keyword.MobileBuiltInKeywords.startApplication(MobileBuiltInKeywords.groovy:78)
	at com.kms.katalon.core.mobile.keyword.MobileBuiltInKeywords$startApplication.call(Unknown Source)
	at 14-Valider mon panier (MSR-295).run(14-Valider mon panier (MSR-295):20)
	at com.kms.katalon.core.main.ScriptEngine.run(ScriptEngine.java:194)
	at com.kms.katalon.core.main.ScriptEngine.runScriptAsRawText(ScriptEngine.java:119)
	at com.kms.katalon.core.main.TestCaseExecutor.runScript(TestCaseExecutor.java:448)
	at com.kms.katalon.core.main.TestCaseExecutor.doExecute(TestCaseExecutor.java:439)
	at com.kms.katalon.core.main.TestCaseExecutor.processExecutionPhase(TestCaseExecutor.java:418)
	at com.kms.katalon.core.main.TestCaseExecutor.accessMainPhase(TestCaseExecutor.java:410)
	at com.kms.katalon.core.main.TestCaseExecutor.execute(TestCaseExecutor.java:285)
	at com.kms.katalon.core.common.CommonExecutor.accessTestCaseMainPhase(CommonExecutor.java:65)
	at com.kms.katalon.core.main.TestSuiteExecutor.accessTestSuiteMainPhase(TestSuiteExecutor.java:151)
	at com.kms.katalon.core.main.TestSuiteExecutor.execute(TestSuiteExecutor.java:106)
	at com.kms.katalon.core.main.TestCaseMain.startTestSuite(TestCaseMain.java:185)
	at com.kms.katalon.core.main.TestCaseMain$startTestSuite$0.call(Unknown Source)
	at TempTestSuite1669109638590.run(TempTestSuite1669109638590.groovy:36)
Caused by: java.io.IOException: GetExitCodeProcess error=6, Descripteur non valide
	at com.kms.katalon.core.appium.driver.AppiumDriverManager.isAppiumServerStarted(AppiumDriverManager.java:194)
	at com.kms.katalon.core.appium.driver.AppiumDriverManager.startAppiumServerJS(AppiumDriverManager.java:258)
	at com.kms.katalon.core.appium.driver.AppiumDriverManager.startAppiumServerJS(AppiumDriverManager.java:412)
	at com.kms.katalon.core.appium.driver.AppiumDriverManager.ensureServicesStarted(AppiumDriverManager.java:244)
	at com.kms.katalon.core.appium.driver.AppiumDriverManager.createMobileDriver(AppiumDriverManager.java:478)
	at com.kms.katalon.core.mobile.keyword.internal.MobileDriverFactory.startLocalMobileDriver(MobileDriverFactory.java:539)
	at com.kms.katalon.core.mobile.keyword.internal.MobileDriverFactory.startMobileDriver(MobileDriverFactory.java:452)
	at com.kms.katalon.core.mobile.keyword.builtin.StartApplicationKeyword$_startApplication_closure1.doCall(StartApplicationKeyword.groovy:49)
	at com.kms.katalon.core.mobile.keyword.builtin.StartApplicationKeyword$_startApplication_closure1.call(StartApplicationKeyword.groovy)
	at com.kms.katalon.core.mobile.keyword.internal.MobileKeywordMain.runKeyword(MobileKeywordMain.groovy:21)
	... 19 more


2022-11-22 10:46:12 - [TEST_STEP][FAILED] - startApplication("C:\Users\Ousseynou Diop\Desktop\APK Client\app-debug.apk", true): Unable to start app at: 'C:\Users\Ousseynou Diop\Desktop\APK Client\app-debug.apk' (Root cause: java.io.IOException: GetExitCodeProcess error=6, Descripteur non valide
	at com.kms.katalon.core.appium.driver.AppiumDriverManager.isAppiumServerStarted(AppiumDriverManager.java:194)
	at com.kms.katalon.core.appium.driver.AppiumDriverManager.startAppiumServerJS(AppiumDriverManager.java:258)
	at com.kms.katalon.core.appium.driver.AppiumDriverManager.startAppiumServerJS(AppiumDriverManager.java:412)
	at com.kms.katalon.core.appium.driver.AppiumDriverManager.ensureServicesStarted(AppiumDriverManager.java:244)
	at com.kms.katalon.core.appium.driver.AppiumDriverManager.createMobileDriver(AppiumDriverManager.java:478)
	at com.kms.katalon.core.mobile.keyword.internal.MobileDriverFactory.startLocalMobileDriver(MobileDriverFactory.java:539)
	at com.kms.katalon.core.mobile.keyword.internal.MobileDriverFactory.startMobileDriver(MobileDriverFactory.java:452)
	at com.kms.katalon.core.mobile.keyword.builtin.StartApplicationKeyword$_startApplication_closure1.doCall(StartApplicationKeyword.groovy:49)
	at com.kms.katalon.core.mobile.keyword.builtin.StartApplicationKeyword$_startApplication_closure1.call(StartApplicationKeyword.groovy)
	at com.kms.katalon.core.mobile.keyword.internal.MobileKeywordMain.runKeyword(MobileKeywordMain.groovy:21)
	at com.kms.katalon.core.mobile.keyword.builtin.StartApplicationKeyword.startApplication(StartApplicationKeyword.groovy:51)
	at com.kms.katalon.core.mobile.keyword.builtin.StartApplicationKeyword.execute(StartApplicationKeyword.groovy:40)
	at com.kms.katalon.core.keyword.internal.KeywordExecutor.executeKeywordForPlatform(KeywordExecutor.groovy:74)
	at com.kms.katalon.core.mobile.keyword.MobileBuiltInKeywords.startApplication(MobileBuiltInKeywords.groovy:78)
	at com.kms.katalon.core.mobile.keyword.MobileBuiltInKeywords$startApplication.call(Unknown Source)
	at 14-Valider mon panier (MSR-295).run(14-Valider mon panier (MSR-295):20)
	at com.kms.katalon.core.main.ScriptEngine.run(ScriptEngine.java:194)
	at com.kms.katalon.core.main.ScriptEngine.runScriptAsRawText(ScriptEngine.java:119)
	at com.kms.katalon.core.main.TestCaseExecutor.runScript(TestCaseExecutor.java:448)
	at com.kms.katalon.core.main.TestCaseExecutor.doExecute(TestCaseExecutor.java:439)
	at com.kms.katalon.core.main.TestCaseExecutor.processExecutionPhase(TestCaseExecutor.java:418)
	at com.kms.katalon.core.main.TestCaseExecutor.accessMainPhase(TestCaseExecutor.java:410)
	at com.kms.katalon.core.main.TestCaseExecutor.execute(TestCaseExecutor.java:285)
	at com.kms.katalon.core.common.CommonExecutor.accessTestCaseMainPhase(CommonExecutor.java:65)
	at com.kms.katalon.core.main.TestSuiteExecutor.accessTestSuiteMainPhase(TestSuiteExecutor.java:151)
	at com.kms.katalon.core.main.TestSuiteExecutor.execute(TestSuiteExecutor.java:106)
	at com.kms.katalon.core.main.TestCaseMain.startTestSuite(TestCaseMain.java:185)
	at com.kms.katalon.core.main.TestCaseMain$startTestSuite$0.call(Unknown Source)
	at TempTestSuite1669109638590.run(TempTestSuite1669109638590.groovy:36)
)

2022-11-22 10:46:12 - [MESSAGE][FAILED] - Unable to start app at: 'C:\Users\Ousseynou Diop\Desktop\APK Client\app-debug.apk' (Root cause: java.io.IOException: GetExitCodeProcess error=6, Descripteur non valide
	at com.kms.katalon.core.appium.driver.AppiumDriverManager.isAppiumServerStarted(AppiumDriverManager.java:194)
	at com.kms.katalon.core.appium.driver.AppiumDriverManager.startAppiumServerJS(AppiumDriverManager.java:258)
	at com.kms.katalon.core.appium.driver.AppiumDriverManager.startAppiumServerJS(AppiumDriverManager.java:412)
	at com.kms.katalon.core.appium.driver.AppiumDriverManager.ensureServicesStarted(AppiumDriverManager.java:244)
	at com.kms.katalon.core.appium.driver.AppiumDriverManager.createMobileDriver(AppiumDriverManager.java:478)
	at com.kms.katalon.core.mobile.keyword.internal.MobileDriverFactory.startLocalMobileDriver(MobileDriverFactory.java:539)
	at com.kms.katalon.core.mobile.keyword.internal.MobileDriverFactory.startMobileDriver(MobileDriverFactory.java:452)
	at com.kms.katalon.core.mobile.keyword.builtin.StartApplicationKeyword$_startApplication_closure1.doCall(StartApplicationKeyword.groovy:49)
	at com.kms.katalon.core.mobile.keyword.builtin.StartApplicationKeyword$_startApplication_closure1.call(StartApplicationKeyword.groovy)
	at com.kms.katalon.core.mobile.keyword.internal.MobileKeywordMain.runKeyword(MobileKeywordMain.groovy:21)
	at com.kms.katalon.core.mobile.keyword.builtin.StartApplicationKeyword.startApplication(StartApplicationKeyword.groovy:51)
	at com.kms.katalon.core.mobile.keyword.builtin.StartApplicationKeyword.execute(StartApplicationKeyword.groovy:40)
	at com.kms.katalon.core.keyword.internal.KeywordExecutor.executeKeywordForPlatform(KeywordExecutor.groovy:74)
	at com.kms.katalon.core.mobile.keyword.MobileBuiltInKeywords.startApplication(MobileBuiltInKeywords.groovy:78)
	at com.kms.katalon.core.mobile.keyword.MobileBuiltInKeywords$startApplication.call(Unknown Source)
	at 14-Valider mon panier (MSR-295).run(14-Valider mon panier (MSR-295):20)
	at com.kms.katalon.core.main.ScriptEngine.run(ScriptEngine.java:194)
	at com.kms.katalon.core.main.ScriptEngine.runScriptAsRawText(ScriptEngine.java:119)
	at com.kms.katalon.core.main.TestCaseExecutor.runScript(TestCaseExecutor.java:448)
	at com.kms.katalon.core.main.TestCaseExecutor.doExecute(TestCaseExecutor.java:439)
	at com.kms.katalon.core.main.TestCaseExecutor.processExecutionPhase(TestCaseExecutor.java:418)
	at com.kms.katalon.core.main.TestCaseExecutor.accessMainPhase(TestCaseExecutor.java:410)
	at com.kms.katalon.core.main.TestCaseExecutor.execute(TestCaseExecutor.java:285)
	at com.kms.katalon.core.common.CommonExecutor.accessTestCaseMainPhase(CommonExecutor.java:65)
	at com.kms.katalon.core.main.TestSuiteExecutor.accessTestSuiteMainPhase(TestSuiteExecutor.java:151)
	at com.kms.katalon.core.main.TestSuiteExecutor.execute(TestSuiteExecutor.java:106)
	at com.kms.katalon.core.main.TestCaseMain.startTestSuite(TestCaseMain.java:185)
	at com.kms.katalon.core.main.TestCaseMain$startTestSuite$0.call(Unknown Source)
	at TempTestSuite1669109638590.run(TempTestSuite1669109638590.groovy:36)
)]]></system-out>
         <system-err><![CDATA[2022-11-22 10:46:12 - [TEST_CASE][FAILED] - Test Cases/Cas de test passant/14-Valider mon panier (MSR-295): Test Cases/Cas de test passant/14-Valider mon panier (MSR-295) FAILED.
Reason:
com.kms.katalon.core.exception.StepFailedException: Unable to start app at: 'C:\Users\Ousseynou Diop\Desktop\APK Client\app-debug.apk' (Root cause: java.io.IOException: GetExitCodeProcess error=6, Descripteur non valide
	at com.kms.katalon.core.appium.driver.AppiumDriverManager.isAppiumServerStarted(AppiumDriverManager.java:194)
	at com.kms.katalon.core.appium.driver.AppiumDriverManager.startAppiumServerJS(AppiumDriverManager.java:258)
	at com.kms.katalon.core.appium.driver.AppiumDriverManager.startAppiumServerJS(AppiumDriverManager.java:412)
	at com.kms.katalon.core.appium.driver.AppiumDriverManager.ensureServicesStarted(AppiumDriverManager.java:244)
	at com.kms.katalon.core.appium.driver.AppiumDriverManager.createMobileDriver(AppiumDriverManager.java:478)
	at com.kms.katalon.core.mobile.keyword.internal.MobileDriverFactory.startLocalMobileDriver(MobileDriverFactory.java:539)
	at com.kms.katalon.core.mobile.keyword.internal.MobileDriverFactory.startMobileDriver(MobileDriverFactory.java:452)
	at com.kms.katalon.core.mobile.keyword.builtin.StartApplicationKeyword$_startApplication_closure1.doCall(StartApplicationKeyword.groovy:49)
	at com.kms.katalon.core.mobile.keyword.builtin.StartApplicationKeyword$_startApplication_closure1.call(StartApplicationKeyword.groovy)
	at com.kms.katalon.core.mobile.keyword.internal.MobileKeywordMain.runKeyword(MobileKeywordMain.groovy:21)
	at com.kms.katalon.core.mobile.keyword.builtin.StartApplicationKeyword.startApplication(StartApplicationKeyword.groovy:51)
	at com.kms.katalon.core.mobile.keyword.builtin.StartApplicationKeyword.execute(StartApplicationKeyword.groovy:40)
	at com.kms.katalon.core.keyword.internal.KeywordExecutor.executeKeywordForPlatform(KeywordExecutor.groovy:74)
	at com.kms.katalon.core.mobile.keyword.MobileBuiltInKeywords.startApplication(MobileBuiltInKeywords.groovy:78)
	at com.kms.katalon.core.mobile.keyword.MobileBuiltInKeywords$startApplication.call(Unknown Source)
	at 14-Valider mon panier (MSR-295).run(14-Valider mon panier (MSR-295):20)
	at com.kms.katalon.core.main.ScriptEngine.run(ScriptEngine.java:194)
	at com.kms.katalon.core.main.ScriptEngine.runScriptAsRawText(ScriptEngine.java:119)
	at com.kms.katalon.core.main.TestCaseExecutor.runScript(TestCaseExecutor.java:448)
	at com.kms.katalon.core.main.TestCaseExecutor.doExecute(TestCaseExecutor.java:439)
	at com.kms.katalon.core.main.TestCaseExecutor.processExecutionPhase(TestCaseExecutor.java:418)
	at com.kms.katalon.core.main.TestCaseExecutor.accessMainPhase(TestCaseExecutor.java:410)
	at com.kms.katalon.core.main.TestCaseExecutor.execute(TestCaseExecutor.java:285)
	at com.kms.katalon.core.common.CommonExecutor.accessTestCaseMainPhase(CommonExecutor.java:65)
	at com.kms.katalon.core.main.TestSuiteExecutor.accessTestSuiteMainPhase(TestSuiteExecutor.java:151)
	at com.kms.katalon.core.main.TestSuiteExecutor.execute(TestSuiteExecutor.java:106)
	at com.kms.katalon.core.main.TestCaseMain.startTestSuite(TestCaseMain.java:185)
	at com.kms.katalon.core.main.TestCaseMain$startTestSuite$0.call(Unknown Source)
	at TempTestSuite1669109638590.run(TempTestSuite1669109638590.groovy:36)
)
	at com.kms.katalon.core.keyword.internal.KeywordMain.stepFailed(KeywordMain.groovy:50)
	at com.kms.katalon.core.mobile.keyword.internal.MobileKeywordMain.stepFailed(MobileKeywordMain.groovy:40)
	at com.kms.katalon.core.mobile.keyword.internal.MobileKeywordMain.runKeyword(MobileKeywordMain.groovy:23)
	at com.kms.katalon.core.mobile.keyword.builtin.StartApplicationKeyword.startApplication(StartApplicationKeyword.groovy:51)
	at com.kms.katalon.core.mobile.keyword.builtin.StartApplicationKeyword.execute(StartApplicationKeyword.groovy:40)
	at com.kms.katalon.core.keyword.internal.KeywordExecutor.executeKeywordForPlatform(KeywordExecutor.groovy:74)
	at com.kms.katalon.core.mobile.keyword.MobileBuiltInKeywords.startApplication(MobileBuiltInKeywords.groovy:78)
	at com.kms.katalon.core.mobile.keyword.MobileBuiltInKeywords$startApplication.call(Unknown Source)
	at 14-Valider mon panier (MSR-295).run(14-Valider mon panier (MSR-295):20)
	at com.kms.katalon.core.main.ScriptEngine.run(ScriptEngine.java:194)
	at com.kms.katalon.core.main.ScriptEngine.runScriptAsRawText(ScriptEngine.java:119)
	at com.kms.katalon.core.main.TestCaseExecutor.runScript(TestCaseExecutor.java:448)
	at com.kms.katalon.core.main.TestCaseExecutor.doExecute(TestCaseExecutor.java:439)
	at com.kms.katalon.core.main.TestCaseExecutor.processExecutionPhase(TestCaseExecutor.java:418)
	at com.kms.katalon.core.main.TestCaseExecutor.accessMainPhase(TestCaseExecutor.java:410)
	at com.kms.katalon.core.main.TestCaseExecutor.execute(TestCaseExecutor.java:285)
	at com.kms.katalon.core.common.CommonExecutor.accessTestCaseMainPhase(CommonExecutor.java:65)
	at com.kms.katalon.core.main.TestSuiteExecutor.accessTestSuiteMainPhase(TestSuiteExecutor.java:151)
	at com.kms.katalon.core.main.TestSuiteExecutor.execute(TestSuiteExecutor.java:106)
	at com.kms.katalon.core.main.TestCaseMain.startTestSuite(TestCaseMain.java:185)
	at com.kms.katalon.core.main.TestCaseMain$startTestSuite$0.call(Unknown Source)
	at TempTestSuite1669109638590.run(TempTestSuite1669109638590.groovy:36)
Caused by: java.io.IOException: GetExitCodeProcess error=6, Descripteur non valide
	at com.kms.katalon.core.appium.driver.AppiumDriverManager.isAppiumServerStarted(AppiumDriverManager.java:194)
	at com.kms.katalon.core.appium.driver.AppiumDriverManager.startAppiumServerJS(AppiumDriverManager.java:258)
	at com.kms.katalon.core.appium.driver.AppiumDriverManager.startAppiumServerJS(AppiumDriverManager.java:412)
	at com.kms.katalon.core.appium.driver.AppiumDriverManager.ensureServicesStarted(AppiumDriverManager.java:244)
	at com.kms.katalon.core.appium.driver.AppiumDriverManager.createMobileDriver(AppiumDriverManager.java:478)
	at com.kms.katalon.core.mobile.keyword.internal.MobileDriverFactory.startLocalMobileDriver(MobileDriverFactory.java:539)
	at com.kms.katalon.core.mobile.keyword.internal.MobileDriverFactory.startMobileDriver(MobileDriverFactory.java:452)
	at com.kms.katalon.core.mobile.keyword.builtin.StartApplicationKeyword$_startApplication_closure1.doCall(StartApplicationKeyword.groovy:49)
	at com.kms.katalon.core.mobile.keyword.builtin.StartApplicationKeyword$_startApplication_closure1.call(StartApplicationKeyword.groovy)
	at com.kms.katalon.core.mobile.keyword.internal.MobileKeywordMain.runKeyword(MobileKeywordMain.groovy:21)
	... 19 more]]></system-err>
      </testcase>
      <testcase name="Test Cases/Cas de test passant/15-Cliquer sur le pictogramme panier (MSR-295)" time="0.181" classname="Test Cases/Cas de test passant/15-Cliquer sur le pictogramme panier (MSR-295)" status="FAILED">
         <failure type="FAILED" message="Test Cases/Cas de test passant/15-Cliquer sur le pictogramme panier (MSR-295) FAILED.
Reason:
com.kms.katalon.core.exception.StepFailedException: Unable to start app at: 'C:\Users\Ousseynou Diop\Desktop\APK Client\app-debug.apk' (Root cause: java.io.IOException: GetExitCodeProcess error=6, Descripteur non valide
	at com.kms.katalon.core.appium.driver.AppiumDriverManager.isAppiumServerStarted(AppiumDriverManager.java:194)
	at com.kms.katalon.core.appium.driver.AppiumDriverManager.startAppiumServerJS(AppiumDriverManager.java:258)
	at com.kms.katalon.core.appium.driver.AppiumDriverManager.startAppiumServerJS(AppiumDriverManager.java:412)
	at com.kms.katalon.core.appium.driver.AppiumDriverManager.ensureServicesStarted(AppiumDriverManager.java:244)
	at com.kms.katalon.core.appium.driver.AppiumDriverManager.createMobileDriver(AppiumDriverManager.java:478)
	at com.kms.katalon.core.mobile.keyword.internal.MobileDriverFactory.startLocalMobileDriver(MobileDriverFactory.java:539)
	at com.kms.katalon.core.mobile.keyword.internal.MobileDriverFactory.startMobileDriver(MobileDriverFactory.java:452)
	at com.kms.katalon.core.mobile.keyword.builtin.StartApplicationKeyword$_startApplication_closure1.doCall(StartApplicationKeyword.groovy:49)
	at com.kms.katalon.core.mobile.keyword.builtin.StartApplicationKeyword$_startApplication_closure1.call(StartApplicationKeyword.groovy)
	at com.kms.katalon.core.mobile.keyword.internal.MobileKeywordMain.runKeyword(MobileKeywordMain.groovy:21)
	at com.kms.katalon.core.mobile.keyword.builtin.StartApplicationKeyword.startApplication(StartApplicationKeyword.groovy:51)
	at com.kms.katalon.core.mobile.keyword.builtin.StartApplicationKeyword.execute(StartApplicationKeyword.groovy:40)
	at com.kms.katalon.core.keyword.internal.KeywordExecutor.executeKeywordForPlatform(KeywordExecutor.groovy:74)
	at com.kms.katalon.core.mobile.keyword.MobileBuiltInKeywords.startApplication(MobileBuiltInKeywords.groovy:78)
	at com.kms.katalon.core.mobile.keyword.MobileBuiltInKeywords$startApplication.call(Unknown Source)
	at 15-Cliquer sur le pictogramme panier (MSR-295).run(15-Cliquer sur le pictogramme panier (MSR-295):20)
	at com.kms.katalon.core.main.ScriptEngine.run(ScriptEngine.java:194)
	at com.kms.katalon.core.main.ScriptEngine.runScriptAsRawText(ScriptEngine.java:119)
	at com.kms.katalon.core.main.TestCaseExecutor.runScript(TestCaseExecutor.java:448)
	at com.kms.katalon.core.main.TestCaseExecutor.doExecute(TestCaseExecutor.java:439)
	at com.kms.katalon.core.main.TestCaseExecutor.processExecutionPhase(TestCaseExecutor.java:418)
	at com.kms.katalon.core.main.TestCaseExecutor.accessMainPhase(TestCaseExecutor.java:410)
	at com.kms.katalon.core.main.TestCaseExecutor.execute(TestCaseExecutor.java:285)
	at com.kms.katalon.core.common.CommonExecutor.accessTestCaseMainPhase(CommonExecutor.java:65)
	at com.kms.katalon.core.main.TestSuiteExecutor.accessTestSuiteMainPhase(TestSuiteExecutor.java:151)
	at com.kms.katalon.core.main.TestSuiteExecutor.execute(TestSuiteExecutor.java:106)
	at com.kms.katalon.core.main.TestCaseMain.startTestSuite(TestCaseMain.java:185)
	at com.kms.katalon.core.main.TestCaseMain$startTestSuite$0.call(Unknown Source)
	at TempTestSuite1669109638590.run(TempTestSuite1669109638590.groovy:36)
)
	at com.kms.katalon.core.keyword.internal.KeywordMain.stepFailed(KeywordMain.groovy:50)
	at com.kms.katalon.core.mobile.keyword.internal.MobileKeywordMain.stepFailed(MobileKeywordMain.groovy:40)
	at com.kms.katalon.core.mobile.keyword.internal.MobileKeywordMain.runKeyword(MobileKeywordMain.groovy:23)
	at com.kms.katalon.core.mobile.keyword.builtin.StartApplicationKeyword.startApplication(StartApplicationKeyword.groovy:51)
	at com.kms.katalon.core.mobile.keyword.builtin.StartApplicationKeyword.execute(StartApplicationKeyword.groovy:40)
	at com.kms.katalon.core.keyword.internal.KeywordExecutor.executeKeywordForPlatform(KeywordExecutor.groovy:74)
	at com.kms.katalon.core.mobile.keyword.MobileBuiltInKeywords.startApplication(MobileBuiltInKeywords.groovy:78)
	at com.kms.katalon.core.mobile.keyword.MobileBuiltInKeywords$startApplication.call(Unknown Source)
	at 15-Cliquer sur le pictogramme panier (MSR-295).run(15-Cliquer sur le pictogramme panier (MSR-295):20)
	at com.kms.katalon.core.main.ScriptEngine.run(ScriptEngine.java:194)
	at com.kms.katalon.core.main.ScriptEngine.runScriptAsRawText(ScriptEngine.java:119)
	at com.kms.katalon.core.main.TestCaseExecutor.runScript(TestCaseExecutor.java:448)
	at com.kms.katalon.core.main.TestCaseExecutor.doExecute(TestCaseExecutor.java:439)
	at com.kms.katalon.core.main.TestCaseExecutor.processExecutionPhase(TestCaseExecutor.java:418)
	at com.kms.katalon.core.main.TestCaseExecutor.accessMainPhase(TestCaseExecutor.java:410)
	at com.kms.katalon.core.main.TestCaseExecutor.execute(TestCaseExecutor.java:285)
	at com.kms.katalon.core.common.CommonExecutor.accessTestCaseMainPhase(CommonExecutor.java:65)
	at com.kms.katalon.core.main.TestSuiteExecutor.accessTestSuiteMainPhase(TestSuiteExecutor.java:151)
	at com.kms.katalon.core.main.TestSuiteExecutor.execute(TestSuiteExecutor.java:106)
	at com.kms.katalon.core.main.TestCaseMain.startTestSuite(TestCaseMain.java:185)
	at com.kms.katalon.core.main.TestCaseMain$startTestSuite$0.call(Unknown Source)
	at TempTestSuite1669109638590.run(TempTestSuite1669109638590.groovy:36)
Caused by: java.io.IOException: GetExitCodeProcess error=6, Descripteur non valide
	at com.kms.katalon.core.appium.driver.AppiumDriverManager.isAppiumServerStarted(AppiumDriverManager.java:194)
	at com.kms.katalon.core.appium.driver.AppiumDriverManager.startAppiumServerJS(AppiumDriverManager.java:258)
	at com.kms.katalon.core.appium.driver.AppiumDriverManager.startAppiumServerJS(AppiumDriverManager.java:412)
	at com.kms.katalon.core.appium.driver.AppiumDriverManager.ensureServicesStarted(AppiumDriverManager.java:244)
	at com.kms.katalon.core.appium.driver.AppiumDriverManager.createMobileDriver(AppiumDriverManager.java:478)
	at com.kms.katalon.core.mobile.keyword.internal.MobileDriverFactory.startLocalMobileDriver(MobileDriverFactory.java:539)
	at com.kms.katalon.core.mobile.keyword.internal.MobileDriverFactory.startMobileDriver(MobileDriverFactory.java:452)
	at com.kms.katalon.core.mobile.keyword.builtin.StartApplicationKeyword$_startApplication_closure1.doCall(StartApplicationKeyword.groovy:49)
	at com.kms.katalon.core.mobile.keyword.builtin.StartApplicationKeyword$_startApplication_closure1.call(StartApplicationKeyword.groovy)
	at com.kms.katalon.core.mobile.keyword.internal.MobileKeywordMain.runKeyword(MobileKeywordMain.groovy:21)
	... 19 more
"/>
         <system-out><![CDATA[2022-11-22 10:46:12 - [TEST_CASE][FAILED] - Test Cases/Cas de test passant/15-Cliquer sur le pictogramme panier (MSR-295): Test Cases/Cas de test passant/15-Cliquer sur le pictogramme panier (MSR-295) FAILED.
Reason:
com.kms.katalon.core.exception.StepFailedException: Unable to start app at: 'C:\Users\Ousseynou Diop\Desktop\APK Client\app-debug.apk' (Root cause: java.io.IOException: GetExitCodeProcess error=6, Descripteur non valide
	at com.kms.katalon.core.appium.driver.AppiumDriverManager.isAppiumServerStarted(AppiumDriverManager.java:194)
	at com.kms.katalon.core.appium.driver.AppiumDriverManager.startAppiumServerJS(AppiumDriverManager.java:258)
	at com.kms.katalon.core.appium.driver.AppiumDriverManager.startAppiumServerJS(AppiumDriverManager.java:412)
	at com.kms.katalon.core.appium.driver.AppiumDriverManager.ensureServicesStarted(AppiumDriverManager.java:244)
	at com.kms.katalon.core.appium.driver.AppiumDriverManager.createMobileDriver(AppiumDriverManager.java:478)
	at com.kms.katalon.core.mobile.keyword.internal.MobileDriverFactory.startLocalMobileDriver(MobileDriverFactory.java:539)
	at com.kms.katalon.core.mobile.keyword.internal.MobileDriverFactory.startMobileDriver(MobileDriverFactory.java:452)
	at com.kms.katalon.core.mobile.keyword.builtin.StartApplicationKeyword$_startApplication_closure1.doCall(StartApplicationKeyword.groovy:49)
	at com.kms.katalon.core.mobile.keyword.builtin.StartApplicationKeyword$_startApplication_closure1.call(StartApplicationKeyword.groovy)
	at com.kms.katalon.core.mobile.keyword.internal.MobileKeywordMain.runKeyword(MobileKeywordMain.groovy:21)
	at com.kms.katalon.core.mobile.keyword.builtin.StartApplicationKeyword.startApplication(StartApplicationKeyword.groovy:51)
	at com.kms.katalon.core.mobile.keyword.builtin.StartApplicationKeyword.execute(StartApplicationKeyword.groovy:40)
	at com.kms.katalon.core.keyword.internal.KeywordExecutor.executeKeywordForPlatform(KeywordExecutor.groovy:74)
	at com.kms.katalon.core.mobile.keyword.MobileBuiltInKeywords.startApplication(MobileBuiltInKeywords.groovy:78)
	at com.kms.katalon.core.mobile.keyword.MobileBuiltInKeywords$startApplication.call(Unknown Source)
	at 15-Cliquer sur le pictogramme panier (MSR-295).run(15-Cliquer sur le pictogramme panier (MSR-295):20)
	at com.kms.katalon.core.main.ScriptEngine.run(ScriptEngine.java:194)
	at com.kms.katalon.core.main.ScriptEngine.runScriptAsRawText(ScriptEngine.java:119)
	at com.kms.katalon.core.main.TestCaseExecutor.runScript(TestCaseExecutor.java:448)
	at com.kms.katalon.core.main.TestCaseExecutor.doExecute(TestCaseExecutor.java:439)
	at com.kms.katalon.core.main.TestCaseExecutor.processExecutionPhase(TestCaseExecutor.java:418)
	at com.kms.katalon.core.main.TestCaseExecutor.accessMainPhase(TestCaseExecutor.java:410)
	at com.kms.katalon.core.main.TestCaseExecutor.execute(TestCaseExecutor.java:285)
	at com.kms.katalon.core.common.CommonExecutor.accessTestCaseMainPhase(CommonExecutor.java:65)
	at com.kms.katalon.core.main.TestSuiteExecutor.accessTestSuiteMainPhase(TestSuiteExecutor.java:151)
	at com.kms.katalon.core.main.TestSuiteExecutor.execute(TestSuiteExecutor.java:106)
	at com.kms.katalon.core.main.TestCaseMain.startTestSuite(TestCaseMain.java:185)
	at com.kms.katalon.core.main.TestCaseMain$startTestSuite$0.call(Unknown Source)
	at TempTestSuite1669109638590.run(TempTestSuite1669109638590.groovy:36)
)
	at com.kms.katalon.core.keyword.internal.KeywordMain.stepFailed(KeywordMain.groovy:50)
	at com.kms.katalon.core.mobile.keyword.internal.MobileKeywordMain.stepFailed(MobileKeywordMain.groovy:40)
	at com.kms.katalon.core.mobile.keyword.internal.MobileKeywordMain.runKeyword(MobileKeywordMain.groovy:23)
	at com.kms.katalon.core.mobile.keyword.builtin.StartApplicationKeyword.startApplication(StartApplicationKeyword.groovy:51)
	at com.kms.katalon.core.mobile.keyword.builtin.StartApplicationKeyword.execute(StartApplicationKeyword.groovy:40)
	at com.kms.katalon.core.keyword.internal.KeywordExecutor.executeKeywordForPlatform(KeywordExecutor.groovy:74)
	at com.kms.katalon.core.mobile.keyword.MobileBuiltInKeywords.startApplication(MobileBuiltInKeywords.groovy:78)
	at com.kms.katalon.core.mobile.keyword.MobileBuiltInKeywords$startApplication.call(Unknown Source)
	at 15-Cliquer sur le pictogramme panier (MSR-295).run(15-Cliquer sur le pictogramme panier (MSR-295):20)
	at com.kms.katalon.core.main.ScriptEngine.run(ScriptEngine.java:194)
	at com.kms.katalon.core.main.ScriptEngine.runScriptAsRawText(ScriptEngine.java:119)
	at com.kms.katalon.core.main.TestCaseExecutor.runScript(TestCaseExecutor.java:448)
	at com.kms.katalon.core.main.TestCaseExecutor.doExecute(TestCaseExecutor.java:439)
	at com.kms.katalon.core.main.TestCaseExecutor.processExecutionPhase(TestCaseExecutor.java:418)
	at com.kms.katalon.core.main.TestCaseExecutor.accessMainPhase(TestCaseExecutor.java:410)
	at com.kms.katalon.core.main.TestCaseExecutor.execute(TestCaseExecutor.java:285)
	at com.kms.katalon.core.common.CommonExecutor.accessTestCaseMainPhase(CommonExecutor.java:65)
	at com.kms.katalon.core.main.TestSuiteExecutor.accessTestSuiteMainPhase(TestSuiteExecutor.java:151)
	at com.kms.katalon.core.main.TestSuiteExecutor.execute(TestSuiteExecutor.java:106)
	at com.kms.katalon.core.main.TestCaseMain.startTestSuite(TestCaseMain.java:185)
	at com.kms.katalon.core.main.TestCaseMain$startTestSuite$0.call(Unknown Source)
	at TempTestSuite1669109638590.run(TempTestSuite1669109638590.groovy:36)
Caused by: java.io.IOException: GetExitCodeProcess error=6, Descripteur non valide
	at com.kms.katalon.core.appium.driver.AppiumDriverManager.isAppiumServerStarted(AppiumDriverManager.java:194)
	at com.kms.katalon.core.appium.driver.AppiumDriverManager.startAppiumServerJS(AppiumDriverManager.java:258)
	at com.kms.katalon.core.appium.driver.AppiumDriverManager.startAppiumServerJS(AppiumDriverManager.java:412)
	at com.kms.katalon.core.appium.driver.AppiumDriverManager.ensureServicesStarted(AppiumDriverManager.java:244)
	at com.kms.katalon.core.appium.driver.AppiumDriverManager.createMobileDriver(AppiumDriverManager.java:478)
	at com.kms.katalon.core.mobile.keyword.internal.MobileDriverFactory.startLocalMobileDriver(MobileDriverFactory.java:539)
	at com.kms.katalon.core.mobile.keyword.internal.MobileDriverFactory.startMobileDriver(MobileDriverFactory.java:452)
	at com.kms.katalon.core.mobile.keyword.builtin.StartApplicationKeyword$_startApplication_closure1.doCall(StartApplicationKeyword.groovy:49)
	at com.kms.katalon.core.mobile.keyword.builtin.StartApplicationKeyword$_startApplication_closure1.call(StartApplicationKeyword.groovy)
	at com.kms.katalon.core.mobile.keyword.internal.MobileKeywordMain.runKeyword(MobileKeywordMain.groovy:21)
	... 19 more


2022-11-22 10:46:12 - [TEST_STEP][FAILED] - startApplication("C:\Users\Ousseynou Diop\Desktop\APK Client\app-debug.apk", true): Unable to start app at: 'C:\Users\Ousseynou Diop\Desktop\APK Client\app-debug.apk' (Root cause: java.io.IOException: GetExitCodeProcess error=6, Descripteur non valide
	at com.kms.katalon.core.appium.driver.AppiumDriverManager.isAppiumServerStarted(AppiumDriverManager.java:194)
	at com.kms.katalon.core.appium.driver.AppiumDriverManager.startAppiumServerJS(AppiumDriverManager.java:258)
	at com.kms.katalon.core.appium.driver.AppiumDriverManager.startAppiumServerJS(AppiumDriverManager.java:412)
	at com.kms.katalon.core.appium.driver.AppiumDriverManager.ensureServicesStarted(AppiumDriverManager.java:244)
	at com.kms.katalon.core.appium.driver.AppiumDriverManager.createMobileDriver(AppiumDriverManager.java:478)
	at com.kms.katalon.core.mobile.keyword.internal.MobileDriverFactory.startLocalMobileDriver(MobileDriverFactory.java:539)
	at com.kms.katalon.core.mobile.keyword.internal.MobileDriverFactory.startMobileDriver(MobileDriverFactory.java:452)
	at com.kms.katalon.core.mobile.keyword.builtin.StartApplicationKeyword$_startApplication_closure1.doCall(StartApplicationKeyword.groovy:49)
	at com.kms.katalon.core.mobile.keyword.builtin.StartApplicationKeyword$_startApplication_closure1.call(StartApplicationKeyword.groovy)
	at com.kms.katalon.core.mobile.keyword.internal.MobileKeywordMain.runKeyword(MobileKeywordMain.groovy:21)
	at com.kms.katalon.core.mobile.keyword.builtin.StartApplicationKeyword.startApplication(StartApplicationKeyword.groovy:51)
	at com.kms.katalon.core.mobile.keyword.builtin.StartApplicationKeyword.execute(StartApplicationKeyword.groovy:40)
	at com.kms.katalon.core.keyword.internal.KeywordExecutor.executeKeywordForPlatform(KeywordExecutor.groovy:74)
	at com.kms.katalon.core.mobile.keyword.MobileBuiltInKeywords.startApplication(MobileBuiltInKeywords.groovy:78)
	at com.kms.katalon.core.mobile.keyword.MobileBuiltInKeywords$startApplication.call(Unknown Source)
	at 15-Cliquer sur le pictogramme panier (MSR-295).run(15-Cliquer sur le pictogramme panier (MSR-295):20)
	at com.kms.katalon.core.main.ScriptEngine.run(ScriptEngine.java:194)
	at com.kms.katalon.core.main.ScriptEngine.runScriptAsRawText(ScriptEngine.java:119)
	at com.kms.katalon.core.main.TestCaseExecutor.runScript(TestCaseExecutor.java:448)
	at com.kms.katalon.core.main.TestCaseExecutor.doExecute(TestCaseExecutor.java:439)
	at com.kms.katalon.core.main.TestCaseExecutor.processExecutionPhase(TestCaseExecutor.java:418)
	at com.kms.katalon.core.main.TestCaseExecutor.accessMainPhase(TestCaseExecutor.java:410)
	at com.kms.katalon.core.main.TestCaseExecutor.execute(TestCaseExecutor.java:285)
	at com.kms.katalon.core.common.CommonExecutor.accessTestCaseMainPhase(CommonExecutor.java:65)
	at com.kms.katalon.core.main.TestSuiteExecutor.accessTestSuiteMainPhase(TestSuiteExecutor.java:151)
	at com.kms.katalon.core.main.TestSuiteExecutor.execute(TestSuiteExecutor.java:106)
	at com.kms.katalon.core.main.TestCaseMain.startTestSuite(TestCaseMain.java:185)
	at com.kms.katalon.core.main.TestCaseMain$startTestSuite$0.call(Unknown Source)
	at TempTestSuite1669109638590.run(TempTestSuite1669109638590.groovy:36)
)

2022-11-22 10:46:12 - [MESSAGE][FAILED] - Unable to start app at: 'C:\Users\Ousseynou Diop\Desktop\APK Client\app-debug.apk' (Root cause: java.io.IOException: GetExitCodeProcess error=6, Descripteur non valide
	at com.kms.katalon.core.appium.driver.AppiumDriverManager.isAppiumServerStarted(AppiumDriverManager.java:194)
	at com.kms.katalon.core.appium.driver.AppiumDriverManager.startAppiumServerJS(AppiumDriverManager.java:258)
	at com.kms.katalon.core.appium.driver.AppiumDriverManager.startAppiumServerJS(AppiumDriverManager.java:412)
	at com.kms.katalon.core.appium.driver.AppiumDriverManager.ensureServicesStarted(AppiumDriverManager.java:244)
	at com.kms.katalon.core.appium.driver.AppiumDriverManager.createMobileDriver(AppiumDriverManager.java:478)
	at com.kms.katalon.core.mobile.keyword.internal.MobileDriverFactory.startLocalMobileDriver(MobileDriverFactory.java:539)
	at com.kms.katalon.core.mobile.keyword.internal.MobileDriverFactory.startMobileDriver(MobileDriverFactory.java:452)
	at com.kms.katalon.core.mobile.keyword.builtin.StartApplicationKeyword$_startApplication_closure1.doCall(StartApplicationKeyword.groovy:49)
	at com.kms.katalon.core.mobile.keyword.builtin.StartApplicationKeyword$_startApplication_closure1.call(StartApplicationKeyword.groovy)
	at com.kms.katalon.core.mobile.keyword.internal.MobileKeywordMain.runKeyword(MobileKeywordMain.groovy:21)
	at com.kms.katalon.core.mobile.keyword.builtin.StartApplicationKeyword.startApplication(StartApplicationKeyword.groovy:51)
	at com.kms.katalon.core.mobile.keyword.builtin.StartApplicationKeyword.execute(StartApplicationKeyword.groovy:40)
	at com.kms.katalon.core.keyword.internal.KeywordExecutor.executeKeywordForPlatform(KeywordExecutor.groovy:74)
	at com.kms.katalon.core.mobile.keyword.MobileBuiltInKeywords.startApplication(MobileBuiltInKeywords.groovy:78)
	at com.kms.katalon.core.mobile.keyword.MobileBuiltInKeywords$startApplication.call(Unknown Source)
	at 15-Cliquer sur le pictogramme panier (MSR-295).run(15-Cliquer sur le pictogramme panier (MSR-295):20)
	at com.kms.katalon.core.main.ScriptEngine.run(ScriptEngine.java:194)
	at com.kms.katalon.core.main.ScriptEngine.runScriptAsRawText(ScriptEngine.java:119)
	at com.kms.katalon.core.main.TestCaseExecutor.runScript(TestCaseExecutor.java:448)
	at com.kms.katalon.core.main.TestCaseExecutor.doExecute(TestCaseExecutor.java:439)
	at com.kms.katalon.core.main.TestCaseExecutor.processExecutionPhase(TestCaseExecutor.java:418)
	at com.kms.katalon.core.main.TestCaseExecutor.accessMainPhase(TestCaseExecutor.java:410)
	at com.kms.katalon.core.main.TestCaseExecutor.execute(TestCaseExecutor.java:285)
	at com.kms.katalon.core.common.CommonExecutor.accessTestCaseMainPhase(CommonExecutor.java:65)
	at com.kms.katalon.core.main.TestSuiteExecutor.accessTestSuiteMainPhase(TestSuiteExecutor.java:151)
	at com.kms.katalon.core.main.TestSuiteExecutor.execute(TestSuiteExecutor.java:106)
	at com.kms.katalon.core.main.TestCaseMain.startTestSuite(TestCaseMain.java:185)
	at com.kms.katalon.core.main.TestCaseMain$startTestSuite$0.call(Unknown Source)
	at TempTestSuite1669109638590.run(TempTestSuite1669109638590.groovy:36)
)]]></system-out>
         <system-err><![CDATA[2022-11-22 10:46:12 - [TEST_CASE][FAILED] - Test Cases/Cas de test passant/15-Cliquer sur le pictogramme panier (MSR-295): Test Cases/Cas de test passant/15-Cliquer sur le pictogramme panier (MSR-295) FAILED.
Reason:
com.kms.katalon.core.exception.StepFailedException: Unable to start app at: 'C:\Users\Ousseynou Diop\Desktop\APK Client\app-debug.apk' (Root cause: java.io.IOException: GetExitCodeProcess error=6, Descripteur non valide
	at com.kms.katalon.core.appium.driver.AppiumDriverManager.isAppiumServerStarted(AppiumDriverManager.java:194)
	at com.kms.katalon.core.appium.driver.AppiumDriverManager.startAppiumServerJS(AppiumDriverManager.java:258)
	at com.kms.katalon.core.appium.driver.AppiumDriverManager.startAppiumServerJS(AppiumDriverManager.java:412)
	at com.kms.katalon.core.appium.driver.AppiumDriverManager.ensureServicesStarted(AppiumDriverManager.java:244)
	at com.kms.katalon.core.appium.driver.AppiumDriverManager.createMobileDriver(AppiumDriverManager.java:478)
	at com.kms.katalon.core.mobile.keyword.internal.MobileDriverFactory.startLocalMobileDriver(MobileDriverFactory.java:539)
	at com.kms.katalon.core.mobile.keyword.internal.MobileDriverFactory.startMobileDriver(MobileDriverFactory.java:452)
	at com.kms.katalon.core.mobile.keyword.builtin.StartApplicationKeyword$_startApplication_closure1.doCall(StartApplicationKeyword.groovy:49)
	at com.kms.katalon.core.mobile.keyword.builtin.StartApplicationKeyword$_startApplication_closure1.call(StartApplicationKeyword.groovy)
	at com.kms.katalon.core.mobile.keyword.internal.MobileKeywordMain.runKeyword(MobileKeywordMain.groovy:21)
	at com.kms.katalon.core.mobile.keyword.builtin.StartApplicationKeyword.startApplication(StartApplicationKeyword.groovy:51)
	at com.kms.katalon.core.mobile.keyword.builtin.StartApplicationKeyword.execute(StartApplicationKeyword.groovy:40)
	at com.kms.katalon.core.keyword.internal.KeywordExecutor.executeKeywordForPlatform(KeywordExecutor.groovy:74)
	at com.kms.katalon.core.mobile.keyword.MobileBuiltInKeywords.startApplication(MobileBuiltInKeywords.groovy:78)
	at com.kms.katalon.core.mobile.keyword.MobileBuiltInKeywords$startApplication.call(Unknown Source)
	at 15-Cliquer sur le pictogramme panier (MSR-295).run(15-Cliquer sur le pictogramme panier (MSR-295):20)
	at com.kms.katalon.core.main.ScriptEngine.run(ScriptEngine.java:194)
	at com.kms.katalon.core.main.ScriptEngine.runScriptAsRawText(ScriptEngine.java:119)
	at com.kms.katalon.core.main.TestCaseExecutor.runScript(TestCaseExecutor.java:448)
	at com.kms.katalon.core.main.TestCaseExecutor.doExecute(TestCaseExecutor.java:439)
	at com.kms.katalon.core.main.TestCaseExecutor.processExecutionPhase(TestCaseExecutor.java:418)
	at com.kms.katalon.core.main.TestCaseExecutor.accessMainPhase(TestCaseExecutor.java:410)
	at com.kms.katalon.core.main.TestCaseExecutor.execute(TestCaseExecutor.java:285)
	at com.kms.katalon.core.common.CommonExecutor.accessTestCaseMainPhase(CommonExecutor.java:65)
	at com.kms.katalon.core.main.TestSuiteExecutor.accessTestSuiteMainPhase(TestSuiteExecutor.java:151)
	at com.kms.katalon.core.main.TestSuiteExecutor.execute(TestSuiteExecutor.java:106)
	at com.kms.katalon.core.main.TestCaseMain.startTestSuite(TestCaseMain.java:185)
	at com.kms.katalon.core.main.TestCaseMain$startTestSuite$0.call(Unknown Source)
	at TempTestSuite1669109638590.run(TempTestSuite1669109638590.groovy:36)
)
	at com.kms.katalon.core.keyword.internal.KeywordMain.stepFailed(KeywordMain.groovy:50)
	at com.kms.katalon.core.mobile.keyword.internal.MobileKeywordMain.stepFailed(MobileKeywordMain.groovy:40)
	at com.kms.katalon.core.mobile.keyword.internal.MobileKeywordMain.runKeyword(MobileKeywordMain.groovy:23)
	at com.kms.katalon.core.mobile.keyword.builtin.StartApplicationKeyword.startApplication(StartApplicationKeyword.groovy:51)
	at com.kms.katalon.core.mobile.keyword.builtin.StartApplicationKeyword.execute(StartApplicationKeyword.groovy:40)
	at com.kms.katalon.core.keyword.internal.KeywordExecutor.executeKeywordForPlatform(KeywordExecutor.groovy:74)
	at com.kms.katalon.core.mobile.keyword.MobileBuiltInKeywords.startApplication(MobileBuiltInKeywords.groovy:78)
	at com.kms.katalon.core.mobile.keyword.MobileBuiltInKeywords$startApplication.call(Unknown Source)
	at 15-Cliquer sur le pictogramme panier (MSR-295).run(15-Cliquer sur le pictogramme panier (MSR-295):20)
	at com.kms.katalon.core.main.ScriptEngine.run(ScriptEngine.java:194)
	at com.kms.katalon.core.main.ScriptEngine.runScriptAsRawText(ScriptEngine.java:119)
	at com.kms.katalon.core.main.TestCaseExecutor.runScript(TestCaseExecutor.java:448)
	at com.kms.katalon.core.main.TestCaseExecutor.doExecute(TestCaseExecutor.java:439)
	at com.kms.katalon.core.main.TestCaseExecutor.processExecutionPhase(TestCaseExecutor.java:418)
	at com.kms.katalon.core.main.TestCaseExecutor.accessMainPhase(TestCaseExecutor.java:410)
	at com.kms.katalon.core.main.TestCaseExecutor.execute(TestCaseExecutor.java:285)
	at com.kms.katalon.core.common.CommonExecutor.accessTestCaseMainPhase(CommonExecutor.java:65)
	at com.kms.katalon.core.main.TestSuiteExecutor.accessTestSuiteMainPhase(TestSuiteExecutor.java:151)
	at com.kms.katalon.core.main.TestSuiteExecutor.execute(TestSuiteExecutor.java:106)
	at com.kms.katalon.core.main.TestCaseMain.startTestSuite(TestCaseMain.java:185)
	at com.kms.katalon.core.main.TestCaseMain$startTestSuite$0.call(Unknown Source)
	at TempTestSuite1669109638590.run(TempTestSuite1669109638590.groovy:36)
Caused by: java.io.IOException: GetExitCodeProcess error=6, Descripteur non valide
	at com.kms.katalon.core.appium.driver.AppiumDriverManager.isAppiumServerStarted(AppiumDriverManager.java:194)
	at com.kms.katalon.core.appium.driver.AppiumDriverManager.startAppiumServerJS(AppiumDriverManager.java:258)
	at com.kms.katalon.core.appium.driver.AppiumDriverManager.startAppiumServerJS(AppiumDriverManager.java:412)
	at com.kms.katalon.core.appium.driver.AppiumDriverManager.ensureServicesStarted(AppiumDriverManager.java:244)
	at com.kms.katalon.core.appium.driver.AppiumDriverManager.createMobileDriver(AppiumDriverManager.java:478)
	at com.kms.katalon.core.mobile.keyword.internal.MobileDriverFactory.startLocalMobileDriver(MobileDriverFactory.java:539)
	at com.kms.katalon.core.mobile.keyword.internal.MobileDriverFactory.startMobileDriver(MobileDriverFactory.java:452)
	at com.kms.katalon.core.mobile.keyword.builtin.StartApplicationKeyword$_startApplication_closure1.doCall(StartApplicationKeyword.groovy:49)
	at com.kms.katalon.core.mobile.keyword.builtin.StartApplicationKeyword$_startApplication_closure1.call(StartApplicationKeyword.groovy)
	at com.kms.katalon.core.mobile.keyword.internal.MobileKeywordMain.runKeyword(MobileKeywordMain.groovy:21)
	... 19 more]]></system-err>
      </testcase>
      <testcase name="Test Cases/Cas de test passant/16- Cliquer sur le bouton suivant aprÃ¨s ajout dinformation complÃ©mentaire pour le shopper (MSR-297)" time="0.184" classname="Test Cases/Cas de test passant/16- Cliquer sur le bouton suivant aprÃ¨s ajout dinformation complÃ©mentaire pour le shopper (MSR-297)" status="PASSED">
         <system-out><![CDATA[2022-11-22 10:46:12 - [TEST_CASE][PASSED] - Test Cases/Cas de test passant/16- Cliquer sur le bouton suivant aprÃ¨s ajout dinformation complÃ©mentaire pour le shopper (MSR-297): Test Cases/Cas de test passant/16- Cliquer sur le bouton suivant aprÃ¨s ajout dinformation complÃ©mentaire pour le shopper (MSR-297)

2022-11-22 10:46:13 - [TEST_STEP][PASSED] - return null: null]]></system-out>
         <system-err><![CDATA[]]></system-err>
      </testcase>
      <testcase name="Test Cases/Cas de test passant/22-Ajouter les informations de l expÃ©diteur en mode Guest" time="0.204" classname="Test Cases/Cas de test passant/22-Ajouter les informations de l expÃ©diteur en mode Guest" status="FAILED">
         <failure type="FAILED" message="Test Cases/Cas de test passant/22-Ajouter les informations de l expÃ©diteur en mode Guest FAILED.
Reason:
com.kms.katalon.core.exception.StepFailedException: Unable to start app at: 'C:\Users\Ousseynou Diop\Desktop\APK Client\app-debug.apk' (Root cause: java.io.IOException: GetExitCodeProcess error=6, Descripteur non valide
	at com.kms.katalon.core.appium.driver.AppiumDriverManager.isAppiumServerStarted(AppiumDriverManager.java:194)
	at com.kms.katalon.core.appium.driver.AppiumDriverManager.startAppiumServerJS(AppiumDriverManager.java:258)
	at com.kms.katalon.core.appium.driver.AppiumDriverManager.startAppiumServerJS(AppiumDriverManager.java:412)
	at com.kms.katalon.core.appium.driver.AppiumDriverManager.ensureServicesStarted(AppiumDriverManager.java:244)
	at com.kms.katalon.core.appium.driver.AppiumDriverManager.createMobileDriver(AppiumDriverManager.java:478)
	at com.kms.katalon.core.mobile.keyword.internal.MobileDriverFactory.startLocalMobileDriver(MobileDriverFactory.java:539)
	at com.kms.katalon.core.mobile.keyword.internal.MobileDriverFactory.startMobileDriver(MobileDriverFactory.java:452)
	at com.kms.katalon.core.mobile.keyword.builtin.StartApplicationKeyword$_startApplication_closure1.doCall(StartApplicationKeyword.groovy:49)
	at com.kms.katalon.core.mobile.keyword.builtin.StartApplicationKeyword$_startApplication_closure1.call(StartApplicationKeyword.groovy)
	at com.kms.katalon.core.mobile.keyword.internal.MobileKeywordMain.runKeyword(MobileKeywordMain.groovy:21)
	at com.kms.katalon.core.mobile.keyword.builtin.StartApplicationKeyword.startApplication(StartApplicationKeyword.groovy:51)
	at com.kms.katalon.core.mobile.keyword.builtin.StartApplicationKeyword.execute(StartApplicationKeyword.groovy:40)
	at com.kms.katalon.core.keyword.internal.KeywordExecutor.executeKeywordForPlatform(KeywordExecutor.groovy:74)
	at com.kms.katalon.core.mobile.keyword.MobileBuiltInKeywords.startApplication(MobileBuiltInKeywords.groovy:78)
	at com.kms.katalon.core.mobile.keyword.MobileBuiltInKeywords$startApplication.call(Unknown Source)
	at 22-Ajouter les informations de l expÃ©diteur en mode Guest.run(22-Ajouter les informations de l expÃ©diteur en mode Guest:20)
	at com.kms.katalon.core.main.ScriptEngine.run(ScriptEngine.java:194)
	at com.kms.katalon.core.main.ScriptEngine.runScriptAsRawText(ScriptEngine.java:119)
	at com.kms.katalon.core.main.TestCaseExecutor.runScript(TestCaseExecutor.java:448)
	at com.kms.katalon.core.main.TestCaseExecutor.doExecute(TestCaseExecutor.java:439)
	at com.kms.katalon.core.main.TestCaseExecutor.processExecutionPhase(TestCaseExecutor.java:418)
	at com.kms.katalon.core.main.TestCaseExecutor.accessMainPhase(TestCaseExecutor.java:410)
	at com.kms.katalon.core.main.TestCaseExecutor.execute(TestCaseExecutor.java:285)
	at com.kms.katalon.core.common.CommonExecutor.accessTestCaseMainPhase(CommonExecutor.java:65)
	at com.kms.katalon.core.main.TestSuiteExecutor.accessTestSuiteMainPhase(TestSuiteExecutor.java:151)
	at com.kms.katalon.core.main.TestSuiteExecutor.execute(TestSuiteExecutor.java:106)
	at com.kms.katalon.core.main.TestCaseMain.startTestSuite(TestCaseMain.java:185)
	at com.kms.katalon.core.main.TestCaseMain$startTestSuite$0.call(Unknown Source)
	at TempTestSuite1669109638590.run(TempTestSuite1669109638590.groovy:36)
)
	at com.kms.katalon.core.keyword.internal.KeywordMain.stepFailed(KeywordMain.groovy:50)
	at com.kms.katalon.core.mobile.keyword.internal.MobileKeywordMain.stepFailed(MobileKeywordMain.groovy:40)
	at com.kms.katalon.core.mobile.keyword.internal.MobileKeywordMain.runKeyword(MobileKeywordMain.groovy:23)
	at com.kms.katalon.core.mobile.keyword.builtin.StartApplicationKeyword.startApplication(StartApplicationKeyword.groovy:51)
	at com.kms.katalon.core.mobile.keyword.builtin.StartApplicationKeyword.execute(StartApplicationKeyword.groovy:40)
	at com.kms.katalon.core.keyword.internal.KeywordExecutor.executeKeywordForPlatform(KeywordExecutor.groovy:74)
	at com.kms.katalon.core.mobile.keyword.MobileBuiltInKeywords.startApplication(MobileBuiltInKeywords.groovy:78)
	at com.kms.katalon.core.mobile.keyword.MobileBuiltInKeywords$startApplication.call(Unknown Source)
	at 22-Ajouter les informations de l expÃ©diteur en mode Guest.run(22-Ajouter les informations de l expÃ©diteur en mode Guest:20)
	at com.kms.katalon.core.main.ScriptEngine.run(ScriptEngine.java:194)
	at com.kms.katalon.core.main.ScriptEngine.runScriptAsRawText(ScriptEngine.java:119)
	at com.kms.katalon.core.main.TestCaseExecutor.runScript(TestCaseExecutor.java:448)
	at com.kms.katalon.core.main.TestCaseExecutor.doExecute(TestCaseExecutor.java:439)
	at com.kms.katalon.core.main.TestCaseExecutor.processExecutionPhase(TestCaseExecutor.java:418)
	at com.kms.katalon.core.main.TestCaseExecutor.accessMainPhase(TestCaseExecutor.java:410)
	at com.kms.katalon.core.main.TestCaseExecutor.execute(TestCaseExecutor.java:285)
	at com.kms.katalon.core.common.CommonExecutor.accessTestCaseMainPhase(CommonExecutor.java:65)
	at com.kms.katalon.core.main.TestSuiteExecutor.accessTestSuiteMainPhase(TestSuiteExecutor.java:151)
	at com.kms.katalon.core.main.TestSuiteExecutor.execute(TestSuiteExecutor.java:106)
	at com.kms.katalon.core.main.TestCaseMain.startTestSuite(TestCaseMain.java:185)
	at com.kms.katalon.core.main.TestCaseMain$startTestSuite$0.call(Unknown Source)
	at TempTestSuite1669109638590.run(TempTestSuite1669109638590.groovy:36)
Caused by: java.io.IOException: GetExitCodeProcess error=6, Descripteur non valide
	at com.kms.katalon.core.appium.driver.AppiumDriverManager.isAppiumServerStarted(AppiumDriverManager.java:194)
	at com.kms.katalon.core.appium.driver.AppiumDriverManager.startAppiumServerJS(AppiumDriverManager.java:258)
	at com.kms.katalon.core.appium.driver.AppiumDriverManager.startAppiumServerJS(AppiumDriverManager.java:412)
	at com.kms.katalon.core.appium.driver.AppiumDriverManager.ensureServicesStarted(AppiumDriverManager.java:244)
	at com.kms.katalon.core.appium.driver.AppiumDriverManager.createMobileDriver(AppiumDriverManager.java:478)
	at com.kms.katalon.core.mobile.keyword.internal.MobileDriverFactory.startLocalMobileDriver(MobileDriverFactory.java:539)
	at com.kms.katalon.core.mobile.keyword.internal.MobileDriverFactory.startMobileDriver(MobileDriverFactory.java:452)
	at com.kms.katalon.core.mobile.keyword.builtin.StartApplicationKeyword$_startApplication_closure1.doCall(StartApplicationKeyword.groovy:49)
	at com.kms.katalon.core.mobile.keyword.builtin.StartApplicationKeyword$_startApplication_closure1.call(StartApplicationKeyword.groovy)
	at com.kms.katalon.core.mobile.keyword.internal.MobileKeywordMain.runKeyword(MobileKeywordMain.groovy:21)
	... 19 more
"/>
         <system-out><![CDATA[2022-11-22 10:46:13 - [TEST_CASE][FAILED] - Test Cases/Cas de test passant/22-Ajouter les informations de l expÃ©diteur en mode Guest: Test Cases/Cas de test passant/22-Ajouter les informations de l expÃ©diteur en mode Guest FAILED.
Reason:
com.kms.katalon.core.exception.StepFailedException: Unable to start app at: 'C:\Users\Ousseynou Diop\Desktop\APK Client\app-debug.apk' (Root cause: java.io.IOException: GetExitCodeProcess error=6, Descripteur non valide
	at com.kms.katalon.core.appium.driver.AppiumDriverManager.isAppiumServerStarted(AppiumDriverManager.java:194)
	at com.kms.katalon.core.appium.driver.AppiumDriverManager.startAppiumServerJS(AppiumDriverManager.java:258)
	at com.kms.katalon.core.appium.driver.AppiumDriverManager.startAppiumServerJS(AppiumDriverManager.java:412)
	at com.kms.katalon.core.appium.driver.AppiumDriverManager.ensureServicesStarted(AppiumDriverManager.java:244)
	at com.kms.katalon.core.appium.driver.AppiumDriverManager.createMobileDriver(AppiumDriverManager.java:478)
	at com.kms.katalon.core.mobile.keyword.internal.MobileDriverFactory.startLocalMobileDriver(MobileDriverFactory.java:539)
	at com.kms.katalon.core.mobile.keyword.internal.MobileDriverFactory.startMobileDriver(MobileDriverFactory.java:452)
	at com.kms.katalon.core.mobile.keyword.builtin.StartApplicationKeyword$_startApplication_closure1.doCall(StartApplicationKeyword.groovy:49)
	at com.kms.katalon.core.mobile.keyword.builtin.StartApplicationKeyword$_startApplication_closure1.call(StartApplicationKeyword.groovy)
	at com.kms.katalon.core.mobile.keyword.internal.MobileKeywordMain.runKeyword(MobileKeywordMain.groovy:21)
	at com.kms.katalon.core.mobile.keyword.builtin.StartApplicationKeyword.startApplication(StartApplicationKeyword.groovy:51)
	at com.kms.katalon.core.mobile.keyword.builtin.StartApplicationKeyword.execute(StartApplicationKeyword.groovy:40)
	at com.kms.katalon.core.keyword.internal.KeywordExecutor.executeKeywordForPlatform(KeywordExecutor.groovy:74)
	at com.kms.katalon.core.mobile.keyword.MobileBuiltInKeywords.startApplication(MobileBuiltInKeywords.groovy:78)
	at com.kms.katalon.core.mobile.keyword.MobileBuiltInKeywords$startApplication.call(Unknown Source)
	at 22-Ajouter les informations de l expÃ©diteur en mode Guest.run(22-Ajouter les informations de l expÃ©diteur en mode Guest:20)
	at com.kms.katalon.core.main.ScriptEngine.run(ScriptEngine.java:194)
	at com.kms.katalon.core.main.ScriptEngine.runScriptAsRawText(ScriptEngine.java:119)
	at com.kms.katalon.core.main.TestCaseExecutor.runScript(TestCaseExecutor.java:448)
	at com.kms.katalon.core.main.TestCaseExecutor.doExecute(TestCaseExecutor.java:439)
	at com.kms.katalon.core.main.TestCaseExecutor.processExecutionPhase(TestCaseExecutor.java:418)
	at com.kms.katalon.core.main.TestCaseExecutor.accessMainPhase(TestCaseExecutor.java:410)
	at com.kms.katalon.core.main.TestCaseExecutor.execute(TestCaseExecutor.java:285)
	at com.kms.katalon.core.common.CommonExecutor.accessTestCaseMainPhase(CommonExecutor.java:65)
	at com.kms.katalon.core.main.TestSuiteExecutor.accessTestSuiteMainPhase(TestSuiteExecutor.java:151)
	at com.kms.katalon.core.main.TestSuiteExecutor.execute(TestSuiteExecutor.java:106)
	at com.kms.katalon.core.main.TestCaseMain.startTestSuite(TestCaseMain.java:185)
	at com.kms.katalon.core.main.TestCaseMain$startTestSuite$0.call(Unknown Source)
	at TempTestSuite1669109638590.run(TempTestSuite1669109638590.groovy:36)
)
	at com.kms.katalon.core.keyword.internal.KeywordMain.stepFailed(KeywordMain.groovy:50)
	at com.kms.katalon.core.mobile.keyword.internal.MobileKeywordMain.stepFailed(MobileKeywordMain.groovy:40)
	at com.kms.katalon.core.mobile.keyword.internal.MobileKeywordMain.runKeyword(MobileKeywordMain.groovy:23)
	at com.kms.katalon.core.mobile.keyword.builtin.StartApplicationKeyword.startApplication(StartApplicationKeyword.groovy:51)
	at com.kms.katalon.core.mobile.keyword.builtin.StartApplicationKeyword.execute(StartApplicationKeyword.groovy:40)
	at com.kms.katalon.core.keyword.internal.KeywordExecutor.executeKeywordForPlatform(KeywordExecutor.groovy:74)
	at com.kms.katalon.core.mobile.keyword.MobileBuiltInKeywords.startApplication(MobileBuiltInKeywords.groovy:78)
	at com.kms.katalon.core.mobile.keyword.MobileBuiltInKeywords$startApplication.call(Unknown Source)
	at 22-Ajouter les informations de l expÃ©diteur en mode Guest.run(22-Ajouter les informations de l expÃ©diteur en mode Guest:20)
	at com.kms.katalon.core.main.ScriptEngine.run(ScriptEngine.java:194)
	at com.kms.katalon.core.main.ScriptEngine.runScriptAsRawText(ScriptEngine.java:119)
	at com.kms.katalon.core.main.TestCaseExecutor.runScript(TestCaseExecutor.java:448)
	at com.kms.katalon.core.main.TestCaseExecutor.doExecute(TestCaseExecutor.java:439)
	at com.kms.katalon.core.main.TestCaseExecutor.processExecutionPhase(TestCaseExecutor.java:418)
	at com.kms.katalon.core.main.TestCaseExecutor.accessMainPhase(TestCaseExecutor.java:410)
	at com.kms.katalon.core.main.TestCaseExecutor.execute(TestCaseExecutor.java:285)
	at com.kms.katalon.core.common.CommonExecutor.accessTestCaseMainPhase(CommonExecutor.java:65)
	at com.kms.katalon.core.main.TestSuiteExecutor.accessTestSuiteMainPhase(TestSuiteExecutor.java:151)
	at com.kms.katalon.core.main.TestSuiteExecutor.execute(TestSuiteExecutor.java:106)
	at com.kms.katalon.core.main.TestCaseMain.startTestSuite(TestCaseMain.java:185)
	at com.kms.katalon.core.main.TestCaseMain$startTestSuite$0.call(Unknown Source)
	at TempTestSuite1669109638590.run(TempTestSuite1669109638590.groovy:36)
Caused by: java.io.IOException: GetExitCodeProcess error=6, Descripteur non valide
	at com.kms.katalon.core.appium.driver.AppiumDriverManager.isAppiumServerStarted(AppiumDriverManager.java:194)
	at com.kms.katalon.core.appium.driver.AppiumDriverManager.startAppiumServerJS(AppiumDriverManager.java:258)
	at com.kms.katalon.core.appium.driver.AppiumDriverManager.startAppiumServerJS(AppiumDriverManager.java:412)
	at com.kms.katalon.core.appium.driver.AppiumDriverManager.ensureServicesStarted(AppiumDriverManager.java:244)
	at com.kms.katalon.core.appium.driver.AppiumDriverManager.createMobileDriver(AppiumDriverManager.java:478)
	at com.kms.katalon.core.mobile.keyword.internal.MobileDriverFactory.startLocalMobileDriver(MobileDriverFactory.java:539)
	at com.kms.katalon.core.mobile.keyword.internal.MobileDriverFactory.startMobileDriver(MobileDriverFactory.java:452)
	at com.kms.katalon.core.mobile.keyword.builtin.StartApplicationKeyword$_startApplication_closure1.doCall(StartApplicationKeyword.groovy:49)
	at com.kms.katalon.core.mobile.keyword.builtin.StartApplicationKeyword$_startApplication_closure1.call(StartApplicationKeyword.groovy)
	at com.kms.katalon.core.mobile.keyword.internal.MobileKeywordMain.runKeyword(MobileKeywordMain.groovy:21)
	... 19 more


2022-11-22 10:46:13 - [TEST_STEP][FAILED] - startApplication("C:\Users\Ousseynou Diop\Desktop\APK Client\app-debug.apk", true): Unable to start app at: 'C:\Users\Ousseynou Diop\Desktop\APK Client\app-debug.apk' (Root cause: java.io.IOException: GetExitCodeProcess error=6, Descripteur non valide
	at com.kms.katalon.core.appium.driver.AppiumDriverManager.isAppiumServerStarted(AppiumDriverManager.java:194)
	at com.kms.katalon.core.appium.driver.AppiumDriverManager.startAppiumServerJS(AppiumDriverManager.java:258)
	at com.kms.katalon.core.appium.driver.AppiumDriverManager.startAppiumServerJS(AppiumDriverManager.java:412)
	at com.kms.katalon.core.appium.driver.AppiumDriverManager.ensureServicesStarted(AppiumDriverManager.java:244)
	at com.kms.katalon.core.appium.driver.AppiumDriverManager.createMobileDriver(AppiumDriverManager.java:478)
	at com.kms.katalon.core.mobile.keyword.internal.MobileDriverFactory.startLocalMobileDriver(MobileDriverFactory.java:539)
	at com.kms.katalon.core.mobile.keyword.internal.MobileDriverFactory.startMobileDriver(MobileDriverFactory.java:452)
	at com.kms.katalon.core.mobile.keyword.builtin.StartApplicationKeyword$_startApplication_closure1.doCall(StartApplicationKeyword.groovy:49)
	at com.kms.katalon.core.mobile.keyword.builtin.StartApplicationKeyword$_startApplication_closure1.call(StartApplicationKeyword.groovy)
	at com.kms.katalon.core.mobile.keyword.internal.MobileKeywordMain.runKeyword(MobileKeywordMain.groovy:21)
	at com.kms.katalon.core.mobile.keyword.builtin.StartApplicationKeyword.startApplication(StartApplicationKeyword.groovy:51)
	at com.kms.katalon.core.mobile.keyword.builtin.StartApplicationKeyword.execute(StartApplicationKeyword.groovy:40)
	at com.kms.katalon.core.keyword.internal.KeywordExecutor.executeKeywordForPlatform(KeywordExecutor.groovy:74)
	at com.kms.katalon.core.mobile.keyword.MobileBuiltInKeywords.startApplication(MobileBuiltInKeywords.groovy:78)
	at com.kms.katalon.core.mobile.keyword.MobileBuiltInKeywords$startApplication.call(Unknown Source)
	at 22-Ajouter les informations de l expÃ©diteur en mode Guest.run(22-Ajouter les informations de l expÃ©diteur en mode Guest:20)
	at com.kms.katalon.core.main.ScriptEngine.run(ScriptEngine.java:194)
	at com.kms.katalon.core.main.ScriptEngine.runScriptAsRawText(ScriptEngine.java:119)
	at com.kms.katalon.core.main.TestCaseExecutor.runScript(TestCaseExecutor.java:448)
	at com.kms.katalon.core.main.TestCaseExecutor.doExecute(TestCaseExecutor.java:439)
	at com.kms.katalon.core.main.TestCaseExecutor.processExecutionPhase(TestCaseExecutor.java:418)
	at com.kms.katalon.core.main.TestCaseExecutor.accessMainPhase(TestCaseExecutor.java:410)
	at com.kms.katalon.core.main.TestCaseExecutor.execute(TestCaseExecutor.java:285)
	at com.kms.katalon.core.common.CommonExecutor.accessTestCaseMainPhase(CommonExecutor.java:65)
	at com.kms.katalon.core.main.TestSuiteExecutor.accessTestSuiteMainPhase(TestSuiteExecutor.java:151)
	at com.kms.katalon.core.main.TestSuiteExecutor.execute(TestSuiteExecutor.java:106)
	at com.kms.katalon.core.main.TestCaseMain.startTestSuite(TestCaseMain.java:185)
	at com.kms.katalon.core.main.TestCaseMain$startTestSuite$0.call(Unknown Source)
	at TempTestSuite1669109638590.run(TempTestSuite1669109638590.groovy:36)
)

2022-11-22 10:46:13 - [MESSAGE][FAILED] - Unable to start app at: 'C:\Users\Ousseynou Diop\Desktop\APK Client\app-debug.apk' (Root cause: java.io.IOException: GetExitCodeProcess error=6, Descripteur non valide
	at com.kms.katalon.core.appium.driver.AppiumDriverManager.isAppiumServerStarted(AppiumDriverManager.java:194)
	at com.kms.katalon.core.appium.driver.AppiumDriverManager.startAppiumServerJS(AppiumDriverManager.java:258)
	at com.kms.katalon.core.appium.driver.AppiumDriverManager.startAppiumServerJS(AppiumDriverManager.java:412)
	at com.kms.katalon.core.appium.driver.AppiumDriverManager.ensureServicesStarted(AppiumDriverManager.java:244)
	at com.kms.katalon.core.appium.driver.AppiumDriverManager.createMobileDriver(AppiumDriverManager.java:478)
	at com.kms.katalon.core.mobile.keyword.internal.MobileDriverFactory.startLocalMobileDriver(MobileDriverFactory.java:539)
	at com.kms.katalon.core.mobile.keyword.internal.MobileDriverFactory.startMobileDriver(MobileDriverFactory.java:452)
	at com.kms.katalon.core.mobile.keyword.builtin.StartApplicationKeyword$_startApplication_closure1.doCall(StartApplicationKeyword.groovy:49)
	at com.kms.katalon.core.mobile.keyword.builtin.StartApplicationKeyword$_startApplication_closure1.call(StartApplicationKeyword.groovy)
	at com.kms.katalon.core.mobile.keyword.internal.MobileKeywordMain.runKeyword(MobileKeywordMain.groovy:21)
	at com.kms.katalon.core.mobile.keyword.builtin.StartApplicationKeyword.startApplication(StartApplicationKeyword.groovy:51)
	at com.kms.katalon.core.mobile.keyword.builtin.StartApplicationKeyword.execute(StartApplicationKeyword.groovy:40)
	at com.kms.katalon.core.keyword.internal.KeywordExecutor.executeKeywordForPlatform(KeywordExecutor.groovy:74)
	at com.kms.katalon.core.mobile.keyword.MobileBuiltInKeywords.startApplication(MobileBuiltInKeywords.groovy:78)
	at com.kms.katalon.core.mobile.keyword.MobileBuiltInKeywords$startApplication.call(Unknown Source)
	at 22-Ajouter les informations de l expÃ©diteur en mode Guest.run(22-Ajouter les informations de l expÃ©diteur en mode Guest:20)
	at com.kms.katalon.core.main.ScriptEngine.run(ScriptEngine.java:194)
	at com.kms.katalon.core.main.ScriptEngine.runScriptAsRawText(ScriptEngine.java:119)
	at com.kms.katalon.core.main.TestCaseExecutor.runScript(TestCaseExecutor.java:448)
	at com.kms.katalon.core.main.TestCaseExecutor.doExecute(TestCaseExecutor.java:439)
	at com.kms.katalon.core.main.TestCaseExecutor.processExecutionPhase(TestCaseExecutor.java:418)
	at com.kms.katalon.core.main.TestCaseExecutor.accessMainPhase(TestCaseExecutor.java:410)
	at com.kms.katalon.core.main.TestCaseExecutor.execute(TestCaseExecutor.java:285)
	at com.kms.katalon.core.common.CommonExecutor.accessTestCaseMainPhase(CommonExecutor.java:65)
	at com.kms.katalon.core.main.TestSuiteExecutor.accessTestSuiteMainPhase(TestSuiteExecutor.java:151)
	at com.kms.katalon.core.main.TestSuiteExecutor.execute(TestSuiteExecutor.java:106)
	at com.kms.katalon.core.main.TestCaseMain.startTestSuite(TestCaseMain.java:185)
	at com.kms.katalon.core.main.TestCaseMain$startTestSuite$0.call(Unknown Source)
	at TempTestSuite1669109638590.run(TempTestSuite1669109638590.groovy:36)
)]]></system-out>
         <system-err><![CDATA[2022-11-22 10:46:13 - [TEST_CASE][FAILED] - Test Cases/Cas de test passant/22-Ajouter les informations de l expÃ©diteur en mode Guest: Test Cases/Cas de test passant/22-Ajouter les informations de l expÃ©diteur en mode Guest FAILED.
Reason:
com.kms.katalon.core.exception.StepFailedException: Unable to start app at: 'C:\Users\Ousseynou Diop\Desktop\APK Client\app-debug.apk' (Root cause: java.io.IOException: GetExitCodeProcess error=6, Descripteur non valide
	at com.kms.katalon.core.appium.driver.AppiumDriverManager.isAppiumServerStarted(AppiumDriverManager.java:194)
	at com.kms.katalon.core.appium.driver.AppiumDriverManager.startAppiumServerJS(AppiumDriverManager.java:258)
	at com.kms.katalon.core.appium.driver.AppiumDriverManager.startAppiumServerJS(AppiumDriverManager.java:412)
	at com.kms.katalon.core.appium.driver.AppiumDriverManager.ensureServicesStarted(AppiumDriverManager.java:244)
	at com.kms.katalon.core.appium.driver.AppiumDriverManager.createMobileDriver(AppiumDriverManager.java:478)
	at com.kms.katalon.core.mobile.keyword.internal.MobileDriverFactory.startLocalMobileDriver(MobileDriverFactory.java:539)
	at com.kms.katalon.core.mobile.keyword.internal.MobileDriverFactory.startMobileDriver(MobileDriverFactory.java:452)
	at com.kms.katalon.core.mobile.keyword.builtin.StartApplicationKeyword$_startApplication_closure1.doCall(StartApplicationKeyword.groovy:49)
	at com.kms.katalon.core.mobile.keyword.builtin.StartApplicationKeyword$_startApplication_closure1.call(StartApplicationKeyword.groovy)
	at com.kms.katalon.core.mobile.keyword.internal.MobileKeywordMain.runKeyword(MobileKeywordMain.groovy:21)
	at com.kms.katalon.core.mobile.keyword.builtin.StartApplicationKeyword.startApplication(StartApplicationKeyword.groovy:51)
	at com.kms.katalon.core.mobile.keyword.builtin.StartApplicationKeyword.execute(StartApplicationKeyword.groovy:40)
	at com.kms.katalon.core.keyword.internal.KeywordExecutor.executeKeywordForPlatform(KeywordExecutor.groovy:74)
	at com.kms.katalon.core.mobile.keyword.MobileBuiltInKeywords.startApplication(MobileBuiltInKeywords.groovy:78)
	at com.kms.katalon.core.mobile.keyword.MobileBuiltInKeywords$startApplication.call(Unknown Source)
	at 22-Ajouter les informations de l expÃ©diteur en mode Guest.run(22-Ajouter les informations de l expÃ©diteur en mode Guest:20)
	at com.kms.katalon.core.main.ScriptEngine.run(ScriptEngine.java:194)
	at com.kms.katalon.core.main.ScriptEngine.runScriptAsRawText(ScriptEngine.java:119)
	at com.kms.katalon.core.main.TestCaseExecutor.runScript(TestCaseExecutor.java:448)
	at com.kms.katalon.core.main.TestCaseExecutor.doExecute(TestCaseExecutor.java:439)
	at com.kms.katalon.core.main.TestCaseExecutor.processExecutionPhase(TestCaseExecutor.java:418)
	at com.kms.katalon.core.main.TestCaseExecutor.accessMainPhase(TestCaseExecutor.java:410)
	at com.kms.katalon.core.main.TestCaseExecutor.execute(TestCaseExecutor.java:285)
	at com.kms.katalon.core.common.CommonExecutor.accessTestCaseMainPhase(CommonExecutor.java:65)
	at com.kms.katalon.core.main.TestSuiteExecutor.accessTestSuiteMainPhase(TestSuiteExecutor.java:151)
	at com.kms.katalon.core.main.TestSuiteExecutor.execute(TestSuiteExecutor.java:106)
	at com.kms.katalon.core.main.TestCaseMain.startTestSuite(TestCaseMain.java:185)
	at com.kms.katalon.core.main.TestCaseMain$startTestSuite$0.call(Unknown Source)
	at TempTestSuite1669109638590.run(TempTestSuite1669109638590.groovy:36)
)
	at com.kms.katalon.core.keyword.internal.KeywordMain.stepFailed(KeywordMain.groovy:50)
	at com.kms.katalon.core.mobile.keyword.internal.MobileKeywordMain.stepFailed(MobileKeywordMain.groovy:40)
	at com.kms.katalon.core.mobile.keyword.internal.MobileKeywordMain.runKeyword(MobileKeywordMain.groovy:23)
	at com.kms.katalon.core.mobile.keyword.builtin.StartApplicationKeyword.startApplication(StartApplicationKeyword.groovy:51)
	at com.kms.katalon.core.mobile.keyword.builtin.StartApplicationKeyword.execute(StartApplicationKeyword.groovy:40)
	at com.kms.katalon.core.keyword.internal.KeywordExecutor.executeKeywordForPlatform(KeywordExecutor.groovy:74)
	at com.kms.katalon.core.mobile.keyword.MobileBuiltInKeywords.startApplication(MobileBuiltInKeywords.groovy:78)
	at com.kms.katalon.core.mobile.keyword.MobileBuiltInKeywords$startApplication.call(Unknown Source)
	at 22-Ajouter les informations de l expÃ©diteur en mode Guest.run(22-Ajouter les informations de l expÃ©diteur en mode Guest:20)
	at com.kms.katalon.core.main.ScriptEngine.run(ScriptEngine.java:194)
	at com.kms.katalon.core.main.ScriptEngine.runScriptAsRawText(ScriptEngine.java:119)
	at com.kms.katalon.core.main.TestCaseExecutor.runScript(TestCaseExecutor.java:448)
	at com.kms.katalon.core.main.TestCaseExecutor.doExecute(TestCaseExecutor.java:439)
	at com.kms.katalon.core.main.TestCaseExecutor.processExecutionPhase(TestCaseExecutor.java:418)
	at com.kms.katalon.core.main.TestCaseExecutor.accessMainPhase(TestCaseExecutor.java:410)
	at com.kms.katalon.core.main.TestCaseExecutor.execute(TestCaseExecutor.java:285)
	at com.kms.katalon.core.common.CommonExecutor.accessTestCaseMainPhase(CommonExecutor.java:65)
	at com.kms.katalon.core.main.TestSuiteExecutor.accessTestSuiteMainPhase(TestSuiteExecutor.java:151)
	at com.kms.katalon.core.main.TestSuiteExecutor.execute(TestSuiteExecutor.java:106)
	at com.kms.katalon.core.main.TestCaseMain.startTestSuite(TestCaseMain.java:185)
	at com.kms.katalon.core.main.TestCaseMain$startTestSuite$0.call(Unknown Source)
	at TempTestSuite1669109638590.run(TempTestSuite1669109638590.groovy:36)
Caused by: java.io.IOException: GetExitCodeProcess error=6, Descripteur non valide
	at com.kms.katalon.core.appium.driver.AppiumDriverManager.isAppiumServerStarted(AppiumDriverManager.java:194)
	at com.kms.katalon.core.appium.driver.AppiumDriverManager.startAppiumServerJS(AppiumDriverManager.java:258)
	at com.kms.katalon.core.appium.driver.AppiumDriverManager.startAppiumServerJS(AppiumDriverManager.java:412)
	at com.kms.katalon.core.appium.driver.AppiumDriverManager.ensureServicesStarted(AppiumDriverManager.java:244)
	at com.kms.katalon.core.appium.driver.AppiumDriverManager.createMobileDriver(AppiumDriverManager.java:478)
	at com.kms.katalon.core.mobile.keyword.internal.MobileDriverFactory.startLocalMobileDriver(MobileDriverFactory.java:539)
	at com.kms.katalon.core.mobile.keyword.internal.MobileDriverFactory.startMobileDriver(MobileDriverFactory.java:452)
	at com.kms.katalon.core.mobile.keyword.builtin.StartApplicationKeyword$_startApplication_closure1.doCall(StartApplicationKeyword.groovy:49)
	at com.kms.katalon.core.mobile.keyword.builtin.StartApplicationKeyword$_startApplication_closure1.call(StartApplicationKeyword.groovy)
	at com.kms.katalon.core.mobile.keyword.internal.MobileKeywordMain.runKeyword(MobileKeywordMain.groovy:21)
	... 19 more]]></system-err>
      </testcase>
      <testcase name="Test Cases/Cas de test passant/23- Ajouter les informations du destinataire en mode Guest" time="0.186" classname="Test Cases/Cas de test passant/23- Ajouter les informations du destinataire en mode Guest" status="FAILED">
         <failure type="FAILED" message="Test Cases/Cas de test passant/23- Ajouter les informations du destinataire en mode Guest FAILED.
Reason:
com.kms.katalon.core.exception.StepFailedException: Unable to start app at: 'C:\Users\Ousseynou Diop\Desktop\APK Client\app-debug.apk' (Root cause: java.io.IOException: GetExitCodeProcess error=6, Descripteur non valide
	at com.kms.katalon.core.appium.driver.AppiumDriverManager.isAppiumServerStarted(AppiumDriverManager.java:194)
	at com.kms.katalon.core.appium.driver.AppiumDriverManager.startAppiumServerJS(AppiumDriverManager.java:258)
	at com.kms.katalon.core.appium.driver.AppiumDriverManager.startAppiumServerJS(AppiumDriverManager.java:412)
	at com.kms.katalon.core.appium.driver.AppiumDriverManager.ensureServicesStarted(AppiumDriverManager.java:244)
	at com.kms.katalon.core.appium.driver.AppiumDriverManager.createMobileDriver(AppiumDriverManager.java:478)
	at com.kms.katalon.core.mobile.keyword.internal.MobileDriverFactory.startLocalMobileDriver(MobileDriverFactory.java:539)
	at com.kms.katalon.core.mobile.keyword.internal.MobileDriverFactory.startMobileDriver(MobileDriverFactory.java:452)
	at com.kms.katalon.core.mobile.keyword.builtin.StartApplicationKeyword$_startApplication_closure1.doCall(StartApplicationKeyword.groovy:49)
	at com.kms.katalon.core.mobile.keyword.builtin.StartApplicationKeyword$_startApplication_closure1.call(StartApplicationKeyword.groovy)
	at com.kms.katalon.core.mobile.keyword.internal.MobileKeywordMain.runKeyword(MobileKeywordMain.groovy:21)
	at com.kms.katalon.core.mobile.keyword.builtin.StartApplicationKeyword.startApplication(StartApplicationKeyword.groovy:51)
	at com.kms.katalon.core.mobile.keyword.builtin.StartApplicationKeyword.execute(StartApplicationKeyword.groovy:40)
	at com.kms.katalon.core.keyword.internal.KeywordExecutor.executeKeywordForPlatform(KeywordExecutor.groovy:74)
	at com.kms.katalon.core.mobile.keyword.MobileBuiltInKeywords.startApplication(MobileBuiltInKeywords.groovy:78)
	at com.kms.katalon.core.mobile.keyword.MobileBuiltInKeywords$startApplication.call(Unknown Source)
	at 23- Ajouter les informations du destinataire en mode Guest.run(23- Ajouter les informations du destinataire en mode Guest:20)
	at com.kms.katalon.core.main.ScriptEngine.run(ScriptEngine.java:194)
	at com.kms.katalon.core.main.ScriptEngine.runScriptAsRawText(ScriptEngine.java:119)
	at com.kms.katalon.core.main.TestCaseExecutor.runScript(TestCaseExecutor.java:448)
	at com.kms.katalon.core.main.TestCaseExecutor.doExecute(TestCaseExecutor.java:439)
	at com.kms.katalon.core.main.TestCaseExecutor.processExecutionPhase(TestCaseExecutor.java:418)
	at com.kms.katalon.core.main.TestCaseExecutor.accessMainPhase(TestCaseExecutor.java:410)
	at com.kms.katalon.core.main.TestCaseExecutor.execute(TestCaseExecutor.java:285)
	at com.kms.katalon.core.common.CommonExecutor.accessTestCaseMainPhase(CommonExecutor.java:65)
	at com.kms.katalon.core.main.TestSuiteExecutor.accessTestSuiteMainPhase(TestSuiteExecutor.java:151)
	at com.kms.katalon.core.main.TestSuiteExecutor.execute(TestSuiteExecutor.java:106)
	at com.kms.katalon.core.main.TestCaseMain.startTestSuite(TestCaseMain.java:185)
	at com.kms.katalon.core.main.TestCaseMain$startTestSuite$0.call(Unknown Source)
	at TempTestSuite1669109638590.run(TempTestSuite1669109638590.groovy:36)
)
	at com.kms.katalon.core.keyword.internal.KeywordMain.stepFailed(KeywordMain.groovy:50)
	at com.kms.katalon.core.mobile.keyword.internal.MobileKeywordMain.stepFailed(MobileKeywordMain.groovy:40)
	at com.kms.katalon.core.mobile.keyword.internal.MobileKeywordMain.runKeyword(MobileKeywordMain.groovy:23)
	at com.kms.katalon.core.mobile.keyword.builtin.StartApplicationKeyword.startApplication(StartApplicationKeyword.groovy:51)
	at com.kms.katalon.core.mobile.keyword.builtin.StartApplicationKeyword.execute(StartApplicationKeyword.groovy:40)
	at com.kms.katalon.core.keyword.internal.KeywordExecutor.executeKeywordForPlatform(KeywordExecutor.groovy:74)
	at com.kms.katalon.core.mobile.keyword.MobileBuiltInKeywords.startApplication(MobileBuiltInKeywords.groovy:78)
	at com.kms.katalon.core.mobile.keyword.MobileBuiltInKeywords$startApplication.call(Unknown Source)
	at 23- Ajouter les informations du destinataire en mode Guest.run(23- Ajouter les informations du destinataire en mode Guest:20)
	at com.kms.katalon.core.main.ScriptEngine.run(ScriptEngine.java:194)
	at com.kms.katalon.core.main.ScriptEngine.runScriptAsRawText(ScriptEngine.java:119)
	at com.kms.katalon.core.main.TestCaseExecutor.runScript(TestCaseExecutor.java:448)
	at com.kms.katalon.core.main.TestCaseExecutor.doExecute(TestCaseExecutor.java:439)
	at com.kms.katalon.core.main.TestCaseExecutor.processExecutionPhase(TestCaseExecutor.java:418)
	at com.kms.katalon.core.main.TestCaseExecutor.accessMainPhase(TestCaseExecutor.java:410)
	at com.kms.katalon.core.main.TestCaseExecutor.execute(TestCaseExecutor.java:285)
	at com.kms.katalon.core.common.CommonExecutor.accessTestCaseMainPhase(CommonExecutor.java:65)
	at com.kms.katalon.core.main.TestSuiteExecutor.accessTestSuiteMainPhase(TestSuiteExecutor.java:151)
	at com.kms.katalon.core.main.TestSuiteExecutor.execute(TestSuiteExecutor.java:106)
	at com.kms.katalon.core.main.TestCaseMain.startTestSuite(TestCaseMain.java:185)
	at com.kms.katalon.core.main.TestCaseMain$startTestSuite$0.call(Unknown Source)
	at TempTestSuite1669109638590.run(TempTestSuite1669109638590.groovy:36)
Caused by: java.io.IOException: GetExitCodeProcess error=6, Descripteur non valide
	at com.kms.katalon.core.appium.driver.AppiumDriverManager.isAppiumServerStarted(AppiumDriverManager.java:194)
	at com.kms.katalon.core.appium.driver.AppiumDriverManager.startAppiumServerJS(AppiumDriverManager.java:258)
	at com.kms.katalon.core.appium.driver.AppiumDriverManager.startAppiumServerJS(AppiumDriverManager.java:412)
	at com.kms.katalon.core.appium.driver.AppiumDriverManager.ensureServicesStarted(AppiumDriverManager.java:244)
	at com.kms.katalon.core.appium.driver.AppiumDriverManager.createMobileDriver(AppiumDriverManager.java:478)
	at com.kms.katalon.core.mobile.keyword.internal.MobileDriverFactory.startLocalMobileDriver(MobileDriverFactory.java:539)
	at com.kms.katalon.core.mobile.keyword.internal.MobileDriverFactory.startMobileDriver(MobileDriverFactory.java:452)
	at com.kms.katalon.core.mobile.keyword.builtin.StartApplicationKeyword$_startApplication_closure1.doCall(StartApplicationKeyword.groovy:49)
	at com.kms.katalon.core.mobile.keyword.builtin.StartApplicationKeyword$_startApplication_closure1.call(StartApplicationKeyword.groovy)
	at com.kms.katalon.core.mobile.keyword.internal.MobileKeywordMain.runKeyword(MobileKeywordMain.groovy:21)
	... 19 more
"/>
         <system-out><![CDATA[2022-11-22 10:46:13 - [TEST_CASE][FAILED] - Test Cases/Cas de test passant/23- Ajouter les informations du destinataire en mode Guest: Test Cases/Cas de test passant/23- Ajouter les informations du destinataire en mode Guest FAILED.
Reason:
com.kms.katalon.core.exception.StepFailedException: Unable to start app at: 'C:\Users\Ousseynou Diop\Desktop\APK Client\app-debug.apk' (Root cause: java.io.IOException: GetExitCodeProcess error=6, Descripteur non valide
	at com.kms.katalon.core.appium.driver.AppiumDriverManager.isAppiumServerStarted(AppiumDriverManager.java:194)
	at com.kms.katalon.core.appium.driver.AppiumDriverManager.startAppiumServerJS(AppiumDriverManager.java:258)
	at com.kms.katalon.core.appium.driver.AppiumDriverManager.startAppiumServerJS(AppiumDriverManager.java:412)
	at com.kms.katalon.core.appium.driver.AppiumDriverManager.ensureServicesStarted(AppiumDriverManager.java:244)
	at com.kms.katalon.core.appium.driver.AppiumDriverManager.createMobileDriver(AppiumDriverManager.java:478)
	at com.kms.katalon.core.mobile.keyword.internal.MobileDriverFactory.startLocalMobileDriver(MobileDriverFactory.java:539)
	at com.kms.katalon.core.mobile.keyword.internal.MobileDriverFactory.startMobileDriver(MobileDriverFactory.java:452)
	at com.kms.katalon.core.mobile.keyword.builtin.StartApplicationKeyword$_startApplication_closure1.doCall(StartApplicationKeyword.groovy:49)
	at com.kms.katalon.core.mobile.keyword.builtin.StartApplicationKeyword$_startApplication_closure1.call(StartApplicationKeyword.groovy)
	at com.kms.katalon.core.mobile.keyword.internal.MobileKeywordMain.runKeyword(MobileKeywordMain.groovy:21)
	at com.kms.katalon.core.mobile.keyword.builtin.StartApplicationKeyword.startApplication(StartApplicationKeyword.groovy:51)
	at com.kms.katalon.core.mobile.keyword.builtin.StartApplicationKeyword.execute(StartApplicationKeyword.groovy:40)
	at com.kms.katalon.core.keyword.internal.KeywordExecutor.executeKeywordForPlatform(KeywordExecutor.groovy:74)
	at com.kms.katalon.core.mobile.keyword.MobileBuiltInKeywords.startApplication(MobileBuiltInKeywords.groovy:78)
	at com.kms.katalon.core.mobile.keyword.MobileBuiltInKeywords$startApplication.call(Unknown Source)
	at 23- Ajouter les informations du destinataire en mode Guest.run(23- Ajouter les informations du destinataire en mode Guest:20)
	at com.kms.katalon.core.main.ScriptEngine.run(ScriptEngine.java:194)
	at com.kms.katalon.core.main.ScriptEngine.runScriptAsRawText(ScriptEngine.java:119)
	at com.kms.katalon.core.main.TestCaseExecutor.runScript(TestCaseExecutor.java:448)
	at com.kms.katalon.core.main.TestCaseExecutor.doExecute(TestCaseExecutor.java:439)
	at com.kms.katalon.core.main.TestCaseExecutor.processExecutionPhase(TestCaseExecutor.java:418)
	at com.kms.katalon.core.main.TestCaseExecutor.accessMainPhase(TestCaseExecutor.java:410)
	at com.kms.katalon.core.main.TestCaseExecutor.execute(TestCaseExecutor.java:285)
	at com.kms.katalon.core.common.CommonExecutor.accessTestCaseMainPhase(CommonExecutor.java:65)
	at com.kms.katalon.core.main.TestSuiteExecutor.accessTestSuiteMainPhase(TestSuiteExecutor.java:151)
	at com.kms.katalon.core.main.TestSuiteExecutor.execute(TestSuiteExecutor.java:106)
	at com.kms.katalon.core.main.TestCaseMain.startTestSuite(TestCaseMain.java:185)
	at com.kms.katalon.core.main.TestCaseMain$startTestSuite$0.call(Unknown Source)
	at TempTestSuite1669109638590.run(TempTestSuite1669109638590.groovy:36)
)
	at com.kms.katalon.core.keyword.internal.KeywordMain.stepFailed(KeywordMain.groovy:50)
	at com.kms.katalon.core.mobile.keyword.internal.MobileKeywordMain.stepFailed(MobileKeywordMain.groovy:40)
	at com.kms.katalon.core.mobile.keyword.internal.MobileKeywordMain.runKeyword(MobileKeywordMain.groovy:23)
	at com.kms.katalon.core.mobile.keyword.builtin.StartApplicationKeyword.startApplication(StartApplicationKeyword.groovy:51)
	at com.kms.katalon.core.mobile.keyword.builtin.StartApplicationKeyword.execute(StartApplicationKeyword.groovy:40)
	at com.kms.katalon.core.keyword.internal.KeywordExecutor.executeKeywordForPlatform(KeywordExecutor.groovy:74)
	at com.kms.katalon.core.mobile.keyword.MobileBuiltInKeywords.startApplication(MobileBuiltInKeywords.groovy:78)
	at com.kms.katalon.core.mobile.keyword.MobileBuiltInKeywords$startApplication.call(Unknown Source)
	at 23- Ajouter les informations du destinataire en mode Guest.run(23- Ajouter les informations du destinataire en mode Guest:20)
	at com.kms.katalon.core.main.ScriptEngine.run(ScriptEngine.java:194)
	at com.kms.katalon.core.main.ScriptEngine.runScriptAsRawText(ScriptEngine.java:119)
	at com.kms.katalon.core.main.TestCaseExecutor.runScript(TestCaseExecutor.java:448)
	at com.kms.katalon.core.main.TestCaseExecutor.doExecute(TestCaseExecutor.java:439)
	at com.kms.katalon.core.main.TestCaseExecutor.processExecutionPhase(TestCaseExecutor.java:418)
	at com.kms.katalon.core.main.TestCaseExecutor.accessMainPhase(TestCaseExecutor.java:410)
	at com.kms.katalon.core.main.TestCaseExecutor.execute(TestCaseExecutor.java:285)
	at com.kms.katalon.core.common.CommonExecutor.accessTestCaseMainPhase(CommonExecutor.java:65)
	at com.kms.katalon.core.main.TestSuiteExecutor.accessTestSuiteMainPhase(TestSuiteExecutor.java:151)
	at com.kms.katalon.core.main.TestSuiteExecutor.execute(TestSuiteExecutor.java:106)
	at com.kms.katalon.core.main.TestCaseMain.startTestSuite(TestCaseMain.java:185)
	at com.kms.katalon.core.main.TestCaseMain$startTestSuite$0.call(Unknown Source)
	at TempTestSuite1669109638590.run(TempTestSuite1669109638590.groovy:36)
Caused by: java.io.IOException: GetExitCodeProcess error=6, Descripteur non valide
	at com.kms.katalon.core.appium.driver.AppiumDriverManager.isAppiumServerStarted(AppiumDriverManager.java:194)
	at com.kms.katalon.core.appium.driver.AppiumDriverManager.startAppiumServerJS(AppiumDriverManager.java:258)
	at com.kms.katalon.core.appium.driver.AppiumDriverManager.startAppiumServerJS(AppiumDriverManager.java:412)
	at com.kms.katalon.core.appium.driver.AppiumDriverManager.ensureServicesStarted(AppiumDriverManager.java:244)
	at com.kms.katalon.core.appium.driver.AppiumDriverManager.createMobileDriver(AppiumDriverManager.java:478)
	at com.kms.katalon.core.mobile.keyword.internal.MobileDriverFactory.startLocalMobileDriver(MobileDriverFactory.java:539)
	at com.kms.katalon.core.mobile.keyword.internal.MobileDriverFactory.startMobileDriver(MobileDriverFactory.java:452)
	at com.kms.katalon.core.mobile.keyword.builtin.StartApplicationKeyword$_startApplication_closure1.doCall(StartApplicationKeyword.groovy:49)
	at com.kms.katalon.core.mobile.keyword.builtin.StartApplicationKeyword$_startApplication_closure1.call(StartApplicationKeyword.groovy)
	at com.kms.katalon.core.mobile.keyword.internal.MobileKeywordMain.runKeyword(MobileKeywordMain.groovy:21)
	... 19 more


2022-11-22 10:46:13 - [TEST_STEP][FAILED] - startApplication("C:\Users\Ousseynou Diop\Desktop\APK Client\app-debug.apk", true): Unable to start app at: 'C:\Users\Ousseynou Diop\Desktop\APK Client\app-debug.apk' (Root cause: java.io.IOException: GetExitCodeProcess error=6, Descripteur non valide
	at com.kms.katalon.core.appium.driver.AppiumDriverManager.isAppiumServerStarted(AppiumDriverManager.java:194)
	at com.kms.katalon.core.appium.driver.AppiumDriverManager.startAppiumServerJS(AppiumDriverManager.java:258)
	at com.kms.katalon.core.appium.driver.AppiumDriverManager.startAppiumServerJS(AppiumDriverManager.java:412)
	at com.kms.katalon.core.appium.driver.AppiumDriverManager.ensureServicesStarted(AppiumDriverManager.java:244)
	at com.kms.katalon.core.appium.driver.AppiumDriverManager.createMobileDriver(AppiumDriverManager.java:478)
	at com.kms.katalon.core.mobile.keyword.internal.MobileDriverFactory.startLocalMobileDriver(MobileDriverFactory.java:539)
	at com.kms.katalon.core.mobile.keyword.internal.MobileDriverFactory.startMobileDriver(MobileDriverFactory.java:452)
	at com.kms.katalon.core.mobile.keyword.builtin.StartApplicationKeyword$_startApplication_closure1.doCall(StartApplicationKeyword.groovy:49)
	at com.kms.katalon.core.mobile.keyword.builtin.StartApplicationKeyword$_startApplication_closure1.call(StartApplicationKeyword.groovy)
	at com.kms.katalon.core.mobile.keyword.internal.MobileKeywordMain.runKeyword(MobileKeywordMain.groovy:21)
	at com.kms.katalon.core.mobile.keyword.builtin.StartApplicationKeyword.startApplication(StartApplicationKeyword.groovy:51)
	at com.kms.katalon.core.mobile.keyword.builtin.StartApplicationKeyword.execute(StartApplicationKeyword.groovy:40)
	at com.kms.katalon.core.keyword.internal.KeywordExecutor.executeKeywordForPlatform(KeywordExecutor.groovy:74)
	at com.kms.katalon.core.mobile.keyword.MobileBuiltInKeywords.startApplication(MobileBuiltInKeywords.groovy:78)
	at com.kms.katalon.core.mobile.keyword.MobileBuiltInKeywords$startApplication.call(Unknown Source)
	at 23- Ajouter les informations du destinataire en mode Guest.run(23- Ajouter les informations du destinataire en mode Guest:20)
	at com.kms.katalon.core.main.ScriptEngine.run(ScriptEngine.java:194)
	at com.kms.katalon.core.main.ScriptEngine.runScriptAsRawText(ScriptEngine.java:119)
	at com.kms.katalon.core.main.TestCaseExecutor.runScript(TestCaseExecutor.java:448)
	at com.kms.katalon.core.main.TestCaseExecutor.doExecute(TestCaseExecutor.java:439)
	at com.kms.katalon.core.main.TestCaseExecutor.processExecutionPhase(TestCaseExecutor.java:418)
	at com.kms.katalon.core.main.TestCaseExecutor.accessMainPhase(TestCaseExecutor.java:410)
	at com.kms.katalon.core.main.TestCaseExecutor.execute(TestCaseExecutor.java:285)
	at com.kms.katalon.core.common.CommonExecutor.accessTestCaseMainPhase(CommonExecutor.java:65)
	at com.kms.katalon.core.main.TestSuiteExecutor.accessTestSuiteMainPhase(TestSuiteExecutor.java:151)
	at com.kms.katalon.core.main.TestSuiteExecutor.execute(TestSuiteExecutor.java:106)
	at com.kms.katalon.core.main.TestCaseMain.startTestSuite(TestCaseMain.java:185)
	at com.kms.katalon.core.main.TestCaseMain$startTestSuite$0.call(Unknown Source)
	at TempTestSuite1669109638590.run(TempTestSuite1669109638590.groovy:36)
)

2022-11-22 10:46:13 - [MESSAGE][FAILED] - Unable to start app at: 'C:\Users\Ousseynou Diop\Desktop\APK Client\app-debug.apk' (Root cause: java.io.IOException: GetExitCodeProcess error=6, Descripteur non valide
	at com.kms.katalon.core.appium.driver.AppiumDriverManager.isAppiumServerStarted(AppiumDriverManager.java:194)
	at com.kms.katalon.core.appium.driver.AppiumDriverManager.startAppiumServerJS(AppiumDriverManager.java:258)
	at com.kms.katalon.core.appium.driver.AppiumDriverManager.startAppiumServerJS(AppiumDriverManager.java:412)
	at com.kms.katalon.core.appium.driver.AppiumDriverManager.ensureServicesStarted(AppiumDriverManager.java:244)
	at com.kms.katalon.core.appium.driver.AppiumDriverManager.createMobileDriver(AppiumDriverManager.java:478)
	at com.kms.katalon.core.mobile.keyword.internal.MobileDriverFactory.startLocalMobileDriver(MobileDriverFactory.java:539)
	at com.kms.katalon.core.mobile.keyword.internal.MobileDriverFactory.startMobileDriver(MobileDriverFactory.java:452)
	at com.kms.katalon.core.mobile.keyword.builtin.StartApplicationKeyword$_startApplication_closure1.doCall(StartApplicationKeyword.groovy:49)
	at com.kms.katalon.core.mobile.keyword.builtin.StartApplicationKeyword$_startApplication_closure1.call(StartApplicationKeyword.groovy)
	at com.kms.katalon.core.mobile.keyword.internal.MobileKeywordMain.runKeyword(MobileKeywordMain.groovy:21)
	at com.kms.katalon.core.mobile.keyword.builtin.StartApplicationKeyword.startApplication(StartApplicationKeyword.groovy:51)
	at com.kms.katalon.core.mobile.keyword.builtin.StartApplicationKeyword.execute(StartApplicationKeyword.groovy:40)
	at com.kms.katalon.core.keyword.internal.KeywordExecutor.executeKeywordForPlatform(KeywordExecutor.groovy:74)
	at com.kms.katalon.core.mobile.keyword.MobileBuiltInKeywords.startApplication(MobileBuiltInKeywords.groovy:78)
	at com.kms.katalon.core.mobile.keyword.MobileBuiltInKeywords$startApplication.call(Unknown Source)
	at 23- Ajouter les informations du destinataire en mode Guest.run(23- Ajouter les informations du destinataire en mode Guest:20)
	at com.kms.katalon.core.main.ScriptEngine.run(ScriptEngine.java:194)
	at com.kms.katalon.core.main.ScriptEngine.runScriptAsRawText(ScriptEngine.java:119)
	at com.kms.katalon.core.main.TestCaseExecutor.runScript(TestCaseExecutor.java:448)
	at com.kms.katalon.core.main.TestCaseExecutor.doExecute(TestCaseExecutor.java:439)
	at com.kms.katalon.core.main.TestCaseExecutor.processExecutionPhase(TestCaseExecutor.java:418)
	at com.kms.katalon.core.main.TestCaseExecutor.accessMainPhase(TestCaseExecutor.java:410)
	at com.kms.katalon.core.main.TestCaseExecutor.execute(TestCaseExecutor.java:285)
	at com.kms.katalon.core.common.CommonExecutor.accessTestCaseMainPhase(CommonExecutor.java:65)
	at com.kms.katalon.core.main.TestSuiteExecutor.accessTestSuiteMainPhase(TestSuiteExecutor.java:151)
	at com.kms.katalon.core.main.TestSuiteExecutor.execute(TestSuiteExecutor.java:106)
	at com.kms.katalon.core.main.TestCaseMain.startTestSuite(TestCaseMain.java:185)
	at com.kms.katalon.core.main.TestCaseMain$startTestSuite$0.call(Unknown Source)
	at TempTestSuite1669109638590.run(TempTestSuite1669109638590.groovy:36)
)]]></system-out>
         <system-err><![CDATA[2022-11-22 10:46:13 - [TEST_CASE][FAILED] - Test Cases/Cas de test passant/23- Ajouter les informations du destinataire en mode Guest: Test Cases/Cas de test passant/23- Ajouter les informations du destinataire en mode Guest FAILED.
Reason:
com.kms.katalon.core.exception.StepFailedException: Unable to start app at: 'C:\Users\Ousseynou Diop\Desktop\APK Client\app-debug.apk' (Root cause: java.io.IOException: GetExitCodeProcess error=6, Descripteur non valide
	at com.kms.katalon.core.appium.driver.AppiumDriverManager.isAppiumServerStarted(AppiumDriverManager.java:194)
	at com.kms.katalon.core.appium.driver.AppiumDriverManager.startAppiumServerJS(AppiumDriverManager.java:258)
	at com.kms.katalon.core.appium.driver.AppiumDriverManager.startAppiumServerJS(AppiumDriverManager.java:412)
	at com.kms.katalon.core.appium.driver.AppiumDriverManager.ensureServicesStarted(AppiumDriverManager.java:244)
	at com.kms.katalon.core.appium.driver.AppiumDriverManager.createMobileDriver(AppiumDriverManager.java:478)
	at com.kms.katalon.core.mobile.keyword.internal.MobileDriverFactory.startLocalMobileDriver(MobileDriverFactory.java:539)
	at com.kms.katalon.core.mobile.keyword.internal.MobileDriverFactory.startMobileDriver(MobileDriverFactory.java:452)
	at com.kms.katalon.core.mobile.keyword.builtin.StartApplicationKeyword$_startApplication_closure1.doCall(StartApplicationKeyword.groovy:49)
	at com.kms.katalon.core.mobile.keyword.builtin.StartApplicationKeyword$_startApplication_closure1.call(StartApplicationKeyword.groovy)
	at com.kms.katalon.core.mobile.keyword.internal.MobileKeywordMain.runKeyword(MobileKeywordMain.groovy:21)
	at com.kms.katalon.core.mobile.keyword.builtin.StartApplicationKeyword.startApplication(StartApplicationKeyword.groovy:51)
	at com.kms.katalon.core.mobile.keyword.builtin.StartApplicationKeyword.execute(StartApplicationKeyword.groovy:40)
	at com.kms.katalon.core.keyword.internal.KeywordExecutor.executeKeywordForPlatform(KeywordExecutor.groovy:74)
	at com.kms.katalon.core.mobile.keyword.MobileBuiltInKeywords.startApplication(MobileBuiltInKeywords.groovy:78)
	at com.kms.katalon.core.mobile.keyword.MobileBuiltInKeywords$startApplication.call(Unknown Source)
	at 23- Ajouter les informations du destinataire en mode Guest.run(23- Ajouter les informations du destinataire en mode Guest:20)
	at com.kms.katalon.core.main.ScriptEngine.run(ScriptEngine.java:194)
	at com.kms.katalon.core.main.ScriptEngine.runScriptAsRawText(ScriptEngine.java:119)
	at com.kms.katalon.core.main.TestCaseExecutor.runScript(TestCaseExecutor.java:448)
	at com.kms.katalon.core.main.TestCaseExecutor.doExecute(TestCaseExecutor.java:439)
	at com.kms.katalon.core.main.TestCaseExecutor.processExecutionPhase(TestCaseExecutor.java:418)
	at com.kms.katalon.core.main.TestCaseExecutor.accessMainPhase(TestCaseExecutor.java:410)
	at com.kms.katalon.core.main.TestCaseExecutor.execute(TestCaseExecutor.java:285)
	at com.kms.katalon.core.common.CommonExecutor.accessTestCaseMainPhase(CommonExecutor.java:65)
	at com.kms.katalon.core.main.TestSuiteExecutor.accessTestSuiteMainPhase(TestSuiteExecutor.java:151)
	at com.kms.katalon.core.main.TestSuiteExecutor.execute(TestSuiteExecutor.java:106)
	at com.kms.katalon.core.main.TestCaseMain.startTestSuite(TestCaseMain.java:185)
	at com.kms.katalon.core.main.TestCaseMain$startTestSuite$0.call(Unknown Source)
	at TempTestSuite1669109638590.run(TempTestSuite1669109638590.groovy:36)
)
	at com.kms.katalon.core.keyword.internal.KeywordMain.stepFailed(KeywordMain.groovy:50)
	at com.kms.katalon.core.mobile.keyword.internal.MobileKeywordMain.stepFailed(MobileKeywordMain.groovy:40)
	at com.kms.katalon.core.mobile.keyword.internal.MobileKeywordMain.runKeyword(MobileKeywordMain.groovy:23)
	at com.kms.katalon.core.mobile.keyword.builtin.StartApplicationKeyword.startApplication(StartApplicationKeyword.groovy:51)
	at com.kms.katalon.core.mobile.keyword.builtin.StartApplicationKeyword.execute(StartApplicationKeyword.groovy:40)
	at com.kms.katalon.core.keyword.internal.KeywordExecutor.executeKeywordForPlatform(KeywordExecutor.groovy:74)
	at com.kms.katalon.core.mobile.keyword.MobileBuiltInKeywords.startApplication(MobileBuiltInKeywords.groovy:78)
	at com.kms.katalon.core.mobile.keyword.MobileBuiltInKeywords$startApplication.call(Unknown Source)
	at 23- Ajouter les informations du destinataire en mode Guest.run(23- Ajouter les informations du destinataire en mode Guest:20)
	at com.kms.katalon.core.main.ScriptEngine.run(ScriptEngine.java:194)
	at com.kms.katalon.core.main.ScriptEngine.runScriptAsRawText(ScriptEngine.java:119)
	at com.kms.katalon.core.main.TestCaseExecutor.runScript(TestCaseExecutor.java:448)
	at com.kms.katalon.core.main.TestCaseExecutor.doExecute(TestCaseExecutor.java:439)
	at com.kms.katalon.core.main.TestCaseExecutor.processExecutionPhase(TestCaseExecutor.java:418)
	at com.kms.katalon.core.main.TestCaseExecutor.accessMainPhase(TestCaseExecutor.java:410)
	at com.kms.katalon.core.main.TestCaseExecutor.execute(TestCaseExecutor.java:285)
	at com.kms.katalon.core.common.CommonExecutor.accessTestCaseMainPhase(CommonExecutor.java:65)
	at com.kms.katalon.core.main.TestSuiteExecutor.accessTestSuiteMainPhase(TestSuiteExecutor.java:151)
	at com.kms.katalon.core.main.TestSuiteExecutor.execute(TestSuiteExecutor.java:106)
	at com.kms.katalon.core.main.TestCaseMain.startTestSuite(TestCaseMain.java:185)
	at com.kms.katalon.core.main.TestCaseMain$startTestSuite$0.call(Unknown Source)
	at TempTestSuite1669109638590.run(TempTestSuite1669109638590.groovy:36)
Caused by: java.io.IOException: GetExitCodeProcess error=6, Descripteur non valide
	at com.kms.katalon.core.appium.driver.AppiumDriverManager.isAppiumServerStarted(AppiumDriverManager.java:194)
	at com.kms.katalon.core.appium.driver.AppiumDriverManager.startAppiumServerJS(AppiumDriverManager.java:258)
	at com.kms.katalon.core.appium.driver.AppiumDriverManager.startAppiumServerJS(AppiumDriverManager.java:412)
	at com.kms.katalon.core.appium.driver.AppiumDriverManager.ensureServicesStarted(AppiumDriverManager.java:244)
	at com.kms.katalon.core.appium.driver.AppiumDriverManager.createMobileDriver(AppiumDriverManager.java:478)
	at com.kms.katalon.core.mobile.keyword.internal.MobileDriverFactory.startLocalMobileDriver(MobileDriverFactory.java:539)
	at com.kms.katalon.core.mobile.keyword.internal.MobileDriverFactory.startMobileDriver(MobileDriverFactory.java:452)
	at com.kms.katalon.core.mobile.keyword.builtin.StartApplicationKeyword$_startApplication_closure1.doCall(StartApplicationKeyword.groovy:49)
	at com.kms.katalon.core.mobile.keyword.builtin.StartApplicationKeyword$_startApplication_closure1.call(StartApplicationKeyword.groovy)
	at com.kms.katalon.core.mobile.keyword.internal.MobileKeywordMain.runKeyword(MobileKeywordMain.groovy:21)
	... 19 more]]></system-err>
      </testcase>
      <testcase name="Test Cases/Cas de test passant/24-Notation du shopper et pourboire (MSR-222)" time="3.779" classname="Test Cases/Cas de test passant/24-Notation du shopper et pourboire (MSR-222)" status="FAILED">
         <failure type="FAILED" message="Test Cases/Cas de test passant/24-Notation du shopper et pourboire (MSR-222) FAILED.
Reason:
com.kms.katalon.core.exception.StepFailedException: Unable to start app at: 'C:\Users\Ousseynou Diop\Desktop\APK Client\app-debug.apk' (Root cause: java.io.IOException: GetExitCodeProcess error=6, Descripteur non valide
	at com.kms.katalon.core.appium.driver.AppiumDriverManager.isAppiumServerStarted(AppiumDriverManager.java:194)
	at com.kms.katalon.core.appium.driver.AppiumDriverManager.startAppiumServerJS(AppiumDriverManager.java:258)
	at com.kms.katalon.core.appium.driver.AppiumDriverManager.startAppiumServerJS(AppiumDriverManager.java:412)
	at com.kms.katalon.core.appium.driver.AppiumDriverManager.ensureServicesStarted(AppiumDriverManager.java:244)
	at com.kms.katalon.core.appium.driver.AppiumDriverManager.createMobileDriver(AppiumDriverManager.java:478)
	at com.kms.katalon.core.mobile.keyword.internal.MobileDriverFactory.startLocalMobileDriver(MobileDriverFactory.java:539)
	at com.kms.katalon.core.mobile.keyword.internal.MobileDriverFactory.startMobileDriver(MobileDriverFactory.java:452)
	at com.kms.katalon.core.mobile.keyword.builtin.StartApplicationKeyword$_startApplication_closure1.doCall(StartApplicationKeyword.groovy:49)
	at com.kms.katalon.core.mobile.keyword.builtin.StartApplicationKeyword$_startApplication_closure1.call(StartApplicationKeyword.groovy)
	at com.kms.katalon.core.mobile.keyword.internal.MobileKeywordMain.runKeyword(MobileKeywordMain.groovy:21)
	at com.kms.katalon.core.mobile.keyword.builtin.StartApplicationKeyword.startApplication(StartApplicationKeyword.groovy:51)
	at com.kms.katalon.core.mobile.keyword.builtin.StartApplicationKeyword.execute(StartApplicationKeyword.groovy:40)
	at com.kms.katalon.core.keyword.internal.KeywordExecutor.executeKeywordForPlatform(KeywordExecutor.groovy:74)
	at com.kms.katalon.core.mobile.keyword.MobileBuiltInKeywords.startApplication(MobileBuiltInKeywords.groovy:78)
	at com.kms.katalon.core.mobile.keyword.MobileBuiltInKeywords$startApplication.call(Unknown Source)
	at 24-Notation du shopper et pourboire (MSR-222).run(24-Notation du shopper et pourboire (MSR-222):22)
	at com.kms.katalon.core.main.ScriptEngine.run(ScriptEngine.java:194)
	at com.kms.katalon.core.main.ScriptEngine.runScriptAsRawText(ScriptEngine.java:119)
	at com.kms.katalon.core.main.TestCaseExecutor.runScript(TestCaseExecutor.java:448)
	at com.kms.katalon.core.main.TestCaseExecutor.doExecute(TestCaseExecutor.java:439)
	at com.kms.katalon.core.main.TestCaseExecutor.processExecutionPhase(TestCaseExecutor.java:418)
	at com.kms.katalon.core.main.TestCaseExecutor.accessMainPhase(TestCaseExecutor.java:410)
	at com.kms.katalon.core.main.TestCaseExecutor.execute(TestCaseExecutor.java:285)
	at com.kms.katalon.core.common.CommonExecutor.accessTestCaseMainPhase(CommonExecutor.java:65)
	at com.kms.katalon.core.main.TestSuiteExecutor.accessTestSuiteMainPhase(TestSuiteExecutor.java:151)
	at com.kms.katalon.core.main.TestSuiteExecutor.execute(TestSuiteExecutor.java:106)
	at com.kms.katalon.core.main.TestCaseMain.startTestSuite(TestCaseMain.java:185)
	at com.kms.katalon.core.main.TestCaseMain$startTestSuite$0.call(Unknown Source)
	at TempTestSuite1669109638590.run(TempTestSuite1669109638590.groovy:36)
)
	at com.kms.katalon.core.keyword.internal.KeywordMain.stepFailed(KeywordMain.groovy:50)
	at com.kms.katalon.core.mobile.keyword.internal.MobileKeywordMain.stepFailed(MobileKeywordMain.groovy:40)
	at com.kms.katalon.core.mobile.keyword.internal.MobileKeywordMain.runKeyword(MobileKeywordMain.groovy:23)
	at com.kms.katalon.core.mobile.keyword.builtin.StartApplicationKeyword.startApplication(StartApplicationKeyword.groovy:51)
	at com.kms.katalon.core.mobile.keyword.builtin.StartApplicationKeyword.execute(StartApplicationKeyword.groovy:40)
	at com.kms.katalon.core.keyword.internal.KeywordExecutor.executeKeywordForPlatform(KeywordExecutor.groovy:74)
	at com.kms.katalon.core.mobile.keyword.MobileBuiltInKeywords.startApplication(MobileBuiltInKeywords.groovy:78)
	at com.kms.katalon.core.mobile.keyword.MobileBuiltInKeywords$startApplication.call(Unknown Source)
	at 24-Notation du shopper et pourboire (MSR-222).run(24-Notation du shopper et pourboire (MSR-222):22)
	at com.kms.katalon.core.main.ScriptEngine.run(ScriptEngine.java:194)
	at com.kms.katalon.core.main.ScriptEngine.runScriptAsRawText(ScriptEngine.java:119)
	at com.kms.katalon.core.main.TestCaseExecutor.runScript(TestCaseExecutor.java:448)
	at com.kms.katalon.core.main.TestCaseExecutor.doExecute(TestCaseExecutor.java:439)
	at com.kms.katalon.core.main.TestCaseExecutor.processExecutionPhase(TestCaseExecutor.java:418)
	at com.kms.katalon.core.main.TestCaseExecutor.accessMainPhase(TestCaseExecutor.java:410)
	at com.kms.katalon.core.main.TestCaseExecutor.execute(TestCaseExecutor.java:285)
	at com.kms.katalon.core.common.CommonExecutor.accessTestCaseMainPhase(CommonExecutor.java:65)
	at com.kms.katalon.core.main.TestSuiteExecutor.accessTestSuiteMainPhase(TestSuiteExecutor.java:151)
	at com.kms.katalon.core.main.TestSuiteExecutor.execute(TestSuiteExecutor.java:106)
	at com.kms.katalon.core.main.TestCaseMain.startTestSuite(TestCaseMain.java:185)
	at com.kms.katalon.core.main.TestCaseMain$startTestSuite$0.call(Unknown Source)
	at TempTestSuite1669109638590.run(TempTestSuite1669109638590.groovy:36)
Caused by: java.io.IOException: GetExitCodeProcess error=6, Descripteur non valide
	at com.kms.katalon.core.appium.driver.AppiumDriverManager.isAppiumServerStarted(AppiumDriverManager.java:194)
	at com.kms.katalon.core.appium.driver.AppiumDriverManager.startAppiumServerJS(AppiumDriverManager.java:258)
	at com.kms.katalon.core.appium.driver.AppiumDriverManager.startAppiumServerJS(AppiumDriverManager.java:412)
	at com.kms.katalon.core.appium.driver.AppiumDriverManager.ensureServicesStarted(AppiumDriverManager.java:244)
	at com.kms.katalon.core.appium.driver.AppiumDriverManager.createMobileDriver(AppiumDriverManager.java:478)
	at com.kms.katalon.core.mobile.keyword.internal.MobileDriverFactory.startLocalMobileDriver(MobileDriverFactory.java:539)
	at com.kms.katalon.core.mobile.keyword.internal.MobileDriverFactory.startMobileDriver(MobileDriverFactory.java:452)
	at com.kms.katalon.core.mobile.keyword.builtin.StartApplicationKeyword$_startApplication_closure1.doCall(StartApplicationKeyword.groovy:49)
	at com.kms.katalon.core.mobile.keyword.builtin.StartApplicationKeyword$_startApplication_closure1.call(StartApplicationKeyword.groovy)
	at com.kms.katalon.core.mobile.keyword.internal.MobileKeywordMain.runKeyword(MobileKeywordMain.groovy:21)
	... 19 more
"/>
         <system-out><![CDATA[2022-11-22 10:46:13 - [TEST_CASE][FAILED] - Test Cases/Cas de test passant/24-Notation du shopper et pourboire (MSR-222): Test Cases/Cas de test passant/24-Notation du shopper et pourboire (MSR-222) FAILED.
Reason:
com.kms.katalon.core.exception.StepFailedException: Unable to start app at: 'C:\Users\Ousseynou Diop\Desktop\APK Client\app-debug.apk' (Root cause: java.io.IOException: GetExitCodeProcess error=6, Descripteur non valide
	at com.kms.katalon.core.appium.driver.AppiumDriverManager.isAppiumServerStarted(AppiumDriverManager.java:194)
	at com.kms.katalon.core.appium.driver.AppiumDriverManager.startAppiumServerJS(AppiumDriverManager.java:258)
	at com.kms.katalon.core.appium.driver.AppiumDriverManager.startAppiumServerJS(AppiumDriverManager.java:412)
	at com.kms.katalon.core.appium.driver.AppiumDriverManager.ensureServicesStarted(AppiumDriverManager.java:244)
	at com.kms.katalon.core.appium.driver.AppiumDriverManager.createMobileDriver(AppiumDriverManager.java:478)
	at com.kms.katalon.core.mobile.keyword.internal.MobileDriverFactory.startLocalMobileDriver(MobileDriverFactory.java:539)
	at com.kms.katalon.core.mobile.keyword.internal.MobileDriverFactory.startMobileDriver(MobileDriverFactory.java:452)
	at com.kms.katalon.core.mobile.keyword.builtin.StartApplicationKeyword$_startApplication_closure1.doCall(StartApplicationKeyword.groovy:49)
	at com.kms.katalon.core.mobile.keyword.builtin.StartApplicationKeyword$_startApplication_closure1.call(StartApplicationKeyword.groovy)
	at com.kms.katalon.core.mobile.keyword.internal.MobileKeywordMain.runKeyword(MobileKeywordMain.groovy:21)
	at com.kms.katalon.core.mobile.keyword.builtin.StartApplicationKeyword.startApplication(StartApplicationKeyword.groovy:51)
	at com.kms.katalon.core.mobile.keyword.builtin.StartApplicationKeyword.execute(StartApplicationKeyword.groovy:40)
	at com.kms.katalon.core.keyword.internal.KeywordExecutor.executeKeywordForPlatform(KeywordExecutor.groovy:74)
	at com.kms.katalon.core.mobile.keyword.MobileBuiltInKeywords.startApplication(MobileBuiltInKeywords.groovy:78)
	at com.kms.katalon.core.mobile.keyword.MobileBuiltInKeywords$startApplication.call(Unknown Source)
	at 24-Notation du shopper et pourboire (MSR-222).run(24-Notation du shopper et pourboire (MSR-222):22)
	at com.kms.katalon.core.main.ScriptEngine.run(ScriptEngine.java:194)
	at com.kms.katalon.core.main.ScriptEngine.runScriptAsRawText(ScriptEngine.java:119)
	at com.kms.katalon.core.main.TestCaseExecutor.runScript(TestCaseExecutor.java:448)
	at com.kms.katalon.core.main.TestCaseExecutor.doExecute(TestCaseExecutor.java:439)
	at com.kms.katalon.core.main.TestCaseExecutor.processExecutionPhase(TestCaseExecutor.java:418)
	at com.kms.katalon.core.main.TestCaseExecutor.accessMainPhase(TestCaseExecutor.java:410)
	at com.kms.katalon.core.main.TestCaseExecutor.execute(TestCaseExecutor.java:285)
	at com.kms.katalon.core.common.CommonExecutor.accessTestCaseMainPhase(CommonExecutor.java:65)
	at com.kms.katalon.core.main.TestSuiteExecutor.accessTestSuiteMainPhase(TestSuiteExecutor.java:151)
	at com.kms.katalon.core.main.TestSuiteExecutor.execute(TestSuiteExecutor.java:106)
	at com.kms.katalon.core.main.TestCaseMain.startTestSuite(TestCaseMain.java:185)
	at com.kms.katalon.core.main.TestCaseMain$startTestSuite$0.call(Unknown Source)
	at TempTestSuite1669109638590.run(TempTestSuite1669109638590.groovy:36)
)
	at com.kms.katalon.core.keyword.internal.KeywordMain.stepFailed(KeywordMain.groovy:50)
	at com.kms.katalon.core.mobile.keyword.internal.MobileKeywordMain.stepFailed(MobileKeywordMain.groovy:40)
	at com.kms.katalon.core.mobile.keyword.internal.MobileKeywordMain.runKeyword(MobileKeywordMain.groovy:23)
	at com.kms.katalon.core.mobile.keyword.builtin.StartApplicationKeyword.startApplication(StartApplicationKeyword.groovy:51)
	at com.kms.katalon.core.mobile.keyword.builtin.StartApplicationKeyword.execute(StartApplicationKeyword.groovy:40)
	at com.kms.katalon.core.keyword.internal.KeywordExecutor.executeKeywordForPlatform(KeywordExecutor.groovy:74)
	at com.kms.katalon.core.mobile.keyword.MobileBuiltInKeywords.startApplication(MobileBuiltInKeywords.groovy:78)
	at com.kms.katalon.core.mobile.keyword.MobileBuiltInKeywords$startApplication.call(Unknown Source)
	at 24-Notation du shopper et pourboire (MSR-222).run(24-Notation du shopper et pourboire (MSR-222):22)
	at com.kms.katalon.core.main.ScriptEngine.run(ScriptEngine.java:194)
	at com.kms.katalon.core.main.ScriptEngine.runScriptAsRawText(ScriptEngine.java:119)
	at com.kms.katalon.core.main.TestCaseExecutor.runScript(TestCaseExecutor.java:448)
	at com.kms.katalon.core.main.TestCaseExecutor.doExecute(TestCaseExecutor.java:439)
	at com.kms.katalon.core.main.TestCaseExecutor.processExecutionPhase(TestCaseExecutor.java:418)
	at com.kms.katalon.core.main.TestCaseExecutor.accessMainPhase(TestCaseExecutor.java:410)
	at com.kms.katalon.core.main.TestCaseExecutor.execute(TestCaseExecutor.java:285)
	at com.kms.katalon.core.common.CommonExecutor.accessTestCaseMainPhase(CommonExecutor.java:65)
	at com.kms.katalon.core.main.TestSuiteExecutor.accessTestSuiteMainPhase(TestSuiteExecutor.java:151)
	at com.kms.katalon.core.main.TestSuiteExecutor.execute(TestSuiteExecutor.java:106)
	at com.kms.katalon.core.main.TestCaseMain.startTestSuite(TestCaseMain.java:185)
	at com.kms.katalon.core.main.TestCaseMain$startTestSuite$0.call(Unknown Source)
	at TempTestSuite1669109638590.run(TempTestSuite1669109638590.groovy:36)
Caused by: java.io.IOException: GetExitCodeProcess error=6, Descripteur non valide
	at com.kms.katalon.core.appium.driver.AppiumDriverManager.isAppiumServerStarted(AppiumDriverManager.java:194)
	at com.kms.katalon.core.appium.driver.AppiumDriverManager.startAppiumServerJS(AppiumDriverManager.java:258)
	at com.kms.katalon.core.appium.driver.AppiumDriverManager.startAppiumServerJS(AppiumDriverManager.java:412)
	at com.kms.katalon.core.appium.driver.AppiumDriverManager.ensureServicesStarted(AppiumDriverManager.java:244)
	at com.kms.katalon.core.appium.driver.AppiumDriverManager.createMobileDriver(AppiumDriverManager.java:478)
	at com.kms.katalon.core.mobile.keyword.internal.MobileDriverFactory.startLocalMobileDriver(MobileDriverFactory.java:539)
	at com.kms.katalon.core.mobile.keyword.internal.MobileDriverFactory.startMobileDriver(MobileDriverFactory.java:452)
	at com.kms.katalon.core.mobile.keyword.builtin.StartApplicationKeyword$_startApplication_closure1.doCall(StartApplicationKeyword.groovy:49)
	at com.kms.katalon.core.mobile.keyword.builtin.StartApplicationKeyword$_startApplication_closure1.call(StartApplicationKeyword.groovy)
	at com.kms.katalon.core.mobile.keyword.internal.MobileKeywordMain.runKeyword(MobileKeywordMain.groovy:21)
	... 19 more


2022-11-22 10:46:13 - [TEST_STEP][PASSED] - closeApplication(): Close app successfully

2022-11-22 10:46:17 - [MESSAGE][PASSED] - Close app successfully

2022-11-22 10:46:17 - [TEST_STEP][FAILED] - startApplication("C:\Users\Ousseynou Diop\Desktop\APK Client\app-debug.apk", true): Unable to start app at: 'C:\Users\Ousseynou Diop\Desktop\APK Client\app-debug.apk' (Root cause: java.io.IOException: GetExitCodeProcess error=6, Descripteur non valide
	at com.kms.katalon.core.appium.driver.AppiumDriverManager.isAppiumServerStarted(AppiumDriverManager.java:194)
	at com.kms.katalon.core.appium.driver.AppiumDriverManager.startAppiumServerJS(AppiumDriverManager.java:258)
	at com.kms.katalon.core.appium.driver.AppiumDriverManager.startAppiumServerJS(AppiumDriverManager.java:412)
	at com.kms.katalon.core.appium.driver.AppiumDriverManager.ensureServicesStarted(AppiumDriverManager.java:244)
	at com.kms.katalon.core.appium.driver.AppiumDriverManager.createMobileDriver(AppiumDriverManager.java:478)
	at com.kms.katalon.core.mobile.keyword.internal.MobileDriverFactory.startLocalMobileDriver(MobileDriverFactory.java:539)
	at com.kms.katalon.core.mobile.keyword.internal.MobileDriverFactory.startMobileDriver(MobileDriverFactory.java:452)
	at com.kms.katalon.core.mobile.keyword.builtin.StartApplicationKeyword$_startApplication_closure1.doCall(StartApplicationKeyword.groovy:49)
	at com.kms.katalon.core.mobile.keyword.builtin.StartApplicationKeyword$_startApplication_closure1.call(StartApplicationKeyword.groovy)
	at com.kms.katalon.core.mobile.keyword.internal.MobileKeywordMain.runKeyword(MobileKeywordMain.groovy:21)
	at com.kms.katalon.core.mobile.keyword.builtin.StartApplicationKeyword.startApplication(StartApplicationKeyword.groovy:51)
	at com.kms.katalon.core.mobile.keyword.builtin.StartApplicationKeyword.execute(StartApplicationKeyword.groovy:40)
	at com.kms.katalon.core.keyword.internal.KeywordExecutor.executeKeywordForPlatform(KeywordExecutor.groovy:74)
	at com.kms.katalon.core.mobile.keyword.MobileBuiltInKeywords.startApplication(MobileBuiltInKeywords.groovy:78)
	at com.kms.katalon.core.mobile.keyword.MobileBuiltInKeywords$startApplication.call(Unknown Source)
	at 24-Notation du shopper et pourboire (MSR-222).run(24-Notation du shopper et pourboire (MSR-222):22)
	at com.kms.katalon.core.main.ScriptEngine.run(ScriptEngine.java:194)
	at com.kms.katalon.core.main.ScriptEngine.runScriptAsRawText(ScriptEngine.java:119)
	at com.kms.katalon.core.main.TestCaseExecutor.runScript(TestCaseExecutor.java:448)
	at com.kms.katalon.core.main.TestCaseExecutor.doExecute(TestCaseExecutor.java:439)
	at com.kms.katalon.core.main.TestCaseExecutor.processExecutionPhase(TestCaseExecutor.java:418)
	at com.kms.katalon.core.main.TestCaseExecutor.accessMainPhase(TestCaseExecutor.java:410)
	at com.kms.katalon.core.main.TestCaseExecutor.execute(TestCaseExecutor.java:285)
	at com.kms.katalon.core.common.CommonExecutor.accessTestCaseMainPhase(CommonExecutor.java:65)
	at com.kms.katalon.core.main.TestSuiteExecutor.accessTestSuiteMainPhase(TestSuiteExecutor.java:151)
	at com.kms.katalon.core.main.TestSuiteExecutor.execute(TestSuiteExecutor.java:106)
	at com.kms.katalon.core.main.TestCaseMain.startTestSuite(TestCaseMain.java:185)
	at com.kms.katalon.core.main.TestCaseMain$startTestSuite$0.call(Unknown Source)
	at TempTestSuite1669109638590.run(TempTestSuite1669109638590.groovy:36)
)

2022-11-22 10:46:17 - [MESSAGE][FAILED] - Unable to start app at: 'C:\Users\Ousseynou Diop\Desktop\APK Client\app-debug.apk' (Root cause: java.io.IOException: GetExitCodeProcess error=6, Descripteur non valide
	at com.kms.katalon.core.appium.driver.AppiumDriverManager.isAppiumServerStarted(AppiumDriverManager.java:194)
	at com.kms.katalon.core.appium.driver.AppiumDriverManager.startAppiumServerJS(AppiumDriverManager.java:258)
	at com.kms.katalon.core.appium.driver.AppiumDriverManager.startAppiumServerJS(AppiumDriverManager.java:412)
	at com.kms.katalon.core.appium.driver.AppiumDriverManager.ensureServicesStarted(AppiumDriverManager.java:244)
	at com.kms.katalon.core.appium.driver.AppiumDriverManager.createMobileDriver(AppiumDriverManager.java:478)
	at com.kms.katalon.core.mobile.keyword.internal.MobileDriverFactory.startLocalMobileDriver(MobileDriverFactory.java:539)
	at com.kms.katalon.core.mobile.keyword.internal.MobileDriverFactory.startMobileDriver(MobileDriverFactory.java:452)
	at com.kms.katalon.core.mobile.keyword.builtin.StartApplicationKeyword$_startApplication_closure1.doCall(StartApplicationKeyword.groovy:49)
	at com.kms.katalon.core.mobile.keyword.builtin.StartApplicationKeyword$_startApplication_closure1.call(StartApplicationKeyword.groovy)
	at com.kms.katalon.core.mobile.keyword.internal.MobileKeywordMain.runKeyword(MobileKeywordMain.groovy:21)
	at com.kms.katalon.core.mobile.keyword.builtin.StartApplicationKeyword.startApplication(StartApplicationKeyword.groovy:51)
	at com.kms.katalon.core.mobile.keyword.builtin.StartApplicationKeyword.execute(StartApplicationKeyword.groovy:40)
	at com.kms.katalon.core.keyword.internal.KeywordExecutor.executeKeywordForPlatform(KeywordExecutor.groovy:74)
	at com.kms.katalon.core.mobile.keyword.MobileBuiltInKeywords.startApplication(MobileBuiltInKeywords.groovy:78)
	at com.kms.katalon.core.mobile.keyword.MobileBuiltInKeywords$startApplication.call(Unknown Source)
	at 24-Notation du shopper et pourboire (MSR-222).run(24-Notation du shopper et pourboire (MSR-222):22)
	at com.kms.katalon.core.main.ScriptEngine.run(ScriptEngine.java:194)
	at com.kms.katalon.core.main.ScriptEngine.runScriptAsRawText(ScriptEngine.java:119)
	at com.kms.katalon.core.main.TestCaseExecutor.runScript(TestCaseExecutor.java:448)
	at com.kms.katalon.core.main.TestCaseExecutor.doExecute(TestCaseExecutor.java:439)
	at com.kms.katalon.core.main.TestCaseExecutor.processExecutionPhase(TestCaseExecutor.java:418)
	at com.kms.katalon.core.main.TestCaseExecutor.accessMainPhase(TestCaseExecutor.java:410)
	at com.kms.katalon.core.main.TestCaseExecutor.execute(TestCaseExecutor.java:285)
	at com.kms.katalon.core.common.CommonExecutor.accessTestCaseMainPhase(CommonExecutor.java:65)
	at com.kms.katalon.core.main.TestSuiteExecutor.accessTestSuiteMainPhase(TestSuiteExecutor.java:151)
	at com.kms.katalon.core.main.TestSuiteExecutor.execute(TestSuiteExecutor.java:106)
	at com.kms.katalon.core.main.TestCaseMain.startTestSuite(TestCaseMain.java:185)
	at com.kms.katalon.core.main.TestCaseMain$startTestSuite$0.call(Unknown Source)
	at TempTestSuite1669109638590.run(TempTestSuite1669109638590.groovy:36)
)]]></system-out>
         <system-err><![CDATA[2022-11-22 10:46:13 - [TEST_CASE][FAILED] - Test Cases/Cas de test passant/24-Notation du shopper et pourboire (MSR-222): Test Cases/Cas de test passant/24-Notation du shopper et pourboire (MSR-222) FAILED.
Reason:
com.kms.katalon.core.exception.StepFailedException: Unable to start app at: 'C:\Users\Ousseynou Diop\Desktop\APK Client\app-debug.apk' (Root cause: java.io.IOException: GetExitCodeProcess error=6, Descripteur non valide
	at com.kms.katalon.core.appium.driver.AppiumDriverManager.isAppiumServerStarted(AppiumDriverManager.java:194)
	at com.kms.katalon.core.appium.driver.AppiumDriverManager.startAppiumServerJS(AppiumDriverManager.java:258)
	at com.kms.katalon.core.appium.driver.AppiumDriverManager.startAppiumServerJS(AppiumDriverManager.java:412)
	at com.kms.katalon.core.appium.driver.AppiumDriverManager.ensureServicesStarted(AppiumDriverManager.java:244)
	at com.kms.katalon.core.appium.driver.AppiumDriverManager.createMobileDriver(AppiumDriverManager.java:478)
	at com.kms.katalon.core.mobile.keyword.internal.MobileDriverFactory.startLocalMobileDriver(MobileDriverFactory.java:539)
	at com.kms.katalon.core.mobile.keyword.internal.MobileDriverFactory.startMobileDriver(MobileDriverFactory.java:452)
	at com.kms.katalon.core.mobile.keyword.builtin.StartApplicationKeyword$_startApplication_closure1.doCall(StartApplicationKeyword.groovy:49)
	at com.kms.katalon.core.mobile.keyword.builtin.StartApplicationKeyword$_startApplication_closure1.call(StartApplicationKeyword.groovy)
	at com.kms.katalon.core.mobile.keyword.internal.MobileKeywordMain.runKeyword(MobileKeywordMain.groovy:21)
	at com.kms.katalon.core.mobile.keyword.builtin.StartApplicationKeyword.startApplication(StartApplicationKeyword.groovy:51)
	at com.kms.katalon.core.mobile.keyword.builtin.StartApplicationKeyword.execute(StartApplicationKeyword.groovy:40)
	at com.kms.katalon.core.keyword.internal.KeywordExecutor.executeKeywordForPlatform(KeywordExecutor.groovy:74)
	at com.kms.katalon.core.mobile.keyword.MobileBuiltInKeywords.startApplication(MobileBuiltInKeywords.groovy:78)
	at com.kms.katalon.core.mobile.keyword.MobileBuiltInKeywords$startApplication.call(Unknown Source)
	at 24-Notation du shopper et pourboire (MSR-222).run(24-Notation du shopper et pourboire (MSR-222):22)
	at com.kms.katalon.core.main.ScriptEngine.run(ScriptEngine.java:194)
	at com.kms.katalon.core.main.ScriptEngine.runScriptAsRawText(ScriptEngine.java:119)
	at com.kms.katalon.core.main.TestCaseExecutor.runScript(TestCaseExecutor.java:448)
	at com.kms.katalon.core.main.TestCaseExecutor.doExecute(TestCaseExecutor.java:439)
	at com.kms.katalon.core.main.TestCaseExecutor.processExecutionPhase(TestCaseExecutor.java:418)
	at com.kms.katalon.core.main.TestCaseExecutor.accessMainPhase(TestCaseExecutor.java:410)
	at com.kms.katalon.core.main.TestCaseExecutor.execute(TestCaseExecutor.java:285)
	at com.kms.katalon.core.common.CommonExecutor.accessTestCaseMainPhase(CommonExecutor.java:65)
	at com.kms.katalon.core.main.TestSuiteExecutor.accessTestSuiteMainPhase(TestSuiteExecutor.java:151)
	at com.kms.katalon.core.main.TestSuiteExecutor.execute(TestSuiteExecutor.java:106)
	at com.kms.katalon.core.main.TestCaseMain.startTestSuite(TestCaseMain.java:185)
	at com.kms.katalon.core.main.TestCaseMain$startTestSuite$0.call(Unknown Source)
	at TempTestSuite1669109638590.run(TempTestSuite1669109638590.groovy:36)
)
	at com.kms.katalon.core.keyword.internal.KeywordMain.stepFailed(KeywordMain.groovy:50)
	at com.kms.katalon.core.mobile.keyword.internal.MobileKeywordMain.stepFailed(MobileKeywordMain.groovy:40)
	at com.kms.katalon.core.mobile.keyword.internal.MobileKeywordMain.runKeyword(MobileKeywordMain.groovy:23)
	at com.kms.katalon.core.mobile.keyword.builtin.StartApplicationKeyword.startApplication(StartApplicationKeyword.groovy:51)
	at com.kms.katalon.core.mobile.keyword.builtin.StartApplicationKeyword.execute(StartApplicationKeyword.groovy:40)
	at com.kms.katalon.core.keyword.internal.KeywordExecutor.executeKeywordForPlatform(KeywordExecutor.groovy:74)
	at com.kms.katalon.core.mobile.keyword.MobileBuiltInKeywords.startApplication(MobileBuiltInKeywords.groovy:78)
	at com.kms.katalon.core.mobile.keyword.MobileBuiltInKeywords$startApplication.call(Unknown Source)
	at 24-Notation du shopper et pourboire (MSR-222).run(24-Notation du shopper et pourboire (MSR-222):22)
	at com.kms.katalon.core.main.ScriptEngine.run(ScriptEngine.java:194)
	at com.kms.katalon.core.main.ScriptEngine.runScriptAsRawText(ScriptEngine.java:119)
	at com.kms.katalon.core.main.TestCaseExecutor.runScript(TestCaseExecutor.java:448)
	at com.kms.katalon.core.main.TestCaseExecutor.doExecute(TestCaseExecutor.java:439)
	at com.kms.katalon.core.main.TestCaseExecutor.processExecutionPhase(TestCaseExecutor.java:418)
	at com.kms.katalon.core.main.TestCaseExecutor.accessMainPhase(TestCaseExecutor.java:410)
	at com.kms.katalon.core.main.TestCaseExecutor.execute(TestCaseExecutor.java:285)
	at com.kms.katalon.core.common.CommonExecutor.accessTestCaseMainPhase(CommonExecutor.java:65)
	at com.kms.katalon.core.main.TestSuiteExecutor.accessTestSuiteMainPhase(TestSuiteExecutor.java:151)
	at com.kms.katalon.core.main.TestSuiteExecutor.execute(TestSuiteExecutor.java:106)
	at com.kms.katalon.core.main.TestCaseMain.startTestSuite(TestCaseMain.java:185)
	at com.kms.katalon.core.main.TestCaseMain$startTestSuite$0.call(Unknown Source)
	at TempTestSuite1669109638590.run(TempTestSuite1669109638590.groovy:36)
Caused by: java.io.IOException: GetExitCodeProcess error=6, Descripteur non valide
	at com.kms.katalon.core.appium.driver.AppiumDriverManager.isAppiumServerStarted(AppiumDriverManager.java:194)
	at com.kms.katalon.core.appium.driver.AppiumDriverManager.startAppiumServerJS(AppiumDriverManager.java:258)
	at com.kms.katalon.core.appium.driver.AppiumDriverManager.startAppiumServerJS(AppiumDriverManager.java:412)
	at com.kms.katalon.core.appium.driver.AppiumDriverManager.ensureServicesStarted(AppiumDriverManager.java:244)
	at com.kms.katalon.core.appium.driver.AppiumDriverManager.createMobileDriver(AppiumDriverManager.java:478)
	at com.kms.katalon.core.mobile.keyword.internal.MobileDriverFactory.startLocalMobileDriver(MobileDriverFactory.java:539)
	at com.kms.katalon.core.mobile.keyword.internal.MobileDriverFactory.startMobileDriver(MobileDriverFactory.java:452)
	at com.kms.katalon.core.mobile.keyword.builtin.StartApplicationKeyword$_startApplication_closure1.doCall(StartApplicationKeyword.groovy:49)
	at com.kms.katalon.core.mobile.keyword.builtin.StartApplicationKeyword$_startApplication_closure1.call(StartApplicationKeyword.groovy)
	at com.kms.katalon.core.mobile.keyword.internal.MobileKeywordMain.runKeyword(MobileKeywordMain.groovy:21)
	... 19 more]]></system-err>
      </testcase>
      <testcase name="Test Cases/Cas de test passant/02-Se connecter avec ses identifiants (MSR-2)" time="0.172" classname="Test Cases/Cas de test passant/02-Se connecter avec ses identifiants (MSR-2)" status="FAILED">
         <failure type="FAILED" message="Test Cases/Cas de test passant/02-Se connecter avec ses identifiants (MSR-2) FAILED.
Reason:
com.kms.katalon.core.exception.StepFailedException: Unable to start app at: 'C:\Users\Ousseynou Diop\Desktop\APK Client\app-debug.apk' (Root cause: java.io.IOException: GetExitCodeProcess error=6, Descripteur non valide
	at com.kms.katalon.core.appium.driver.AppiumDriverManager.isAppiumServerStarted(AppiumDriverManager.java:194)
	at com.kms.katalon.core.appium.driver.AppiumDriverManager.startAppiumServerJS(AppiumDriverManager.java:258)
	at com.kms.katalon.core.appium.driver.AppiumDriverManager.startAppiumServerJS(AppiumDriverManager.java:412)
	at com.kms.katalon.core.appium.driver.AppiumDriverManager.ensureServicesStarted(AppiumDriverManager.java:244)
	at com.kms.katalon.core.appium.driver.AppiumDriverManager.createMobileDriver(AppiumDriverManager.java:478)
	at com.kms.katalon.core.mobile.keyword.internal.MobileDriverFactory.startLocalMobileDriver(MobileDriverFactory.java:539)
	at com.kms.katalon.core.mobile.keyword.internal.MobileDriverFactory.startMobileDriver(MobileDriverFactory.java:452)
	at com.kms.katalon.core.mobile.keyword.builtin.StartApplicationKeyword$_startApplication_closure1.doCall(StartApplicationKeyword.groovy:49)
	at com.kms.katalon.core.mobile.keyword.builtin.StartApplicationKeyword$_startApplication_closure1.call(StartApplicationKeyword.groovy)
	at com.kms.katalon.core.mobile.keyword.internal.MobileKeywordMain.runKeyword(MobileKeywordMain.groovy:21)
	at com.kms.katalon.core.mobile.keyword.builtin.StartApplicationKeyword.startApplication(StartApplicationKeyword.groovy:51)
	at com.kms.katalon.core.mobile.keyword.builtin.StartApplicationKeyword.execute(StartApplicationKeyword.groovy:40)
	at com.kms.katalon.core.keyword.internal.KeywordExecutor.executeKeywordForPlatform(KeywordExecutor.groovy:74)
	at com.kms.katalon.core.mobile.keyword.MobileBuiltInKeywords.startApplication(MobileBuiltInKeywords.groovy:78)
	at com.kms.katalon.core.mobile.keyword.MobileBuiltInKeywords$startApplication.call(Unknown Source)
	at 02-Se connecter avec ses identifiants (MSR-2).run(02-Se connecter avec ses identifiants (MSR-2):20)
	at com.kms.katalon.core.main.ScriptEngine.run(ScriptEngine.java:194)
	at com.kms.katalon.core.main.ScriptEngine.runScriptAsRawText(ScriptEngine.java:119)
	at com.kms.katalon.core.main.TestCaseExecutor.runScript(TestCaseExecutor.java:448)
	at com.kms.katalon.core.main.TestCaseExecutor.doExecute(TestCaseExecutor.java:439)
	at com.kms.katalon.core.main.TestCaseExecutor.processExecutionPhase(TestCaseExecutor.java:418)
	at com.kms.katalon.core.main.TestCaseExecutor.accessMainPhase(TestCaseExecutor.java:410)
	at com.kms.katalon.core.main.TestCaseExecutor.execute(TestCaseExecutor.java:285)
	at com.kms.katalon.core.common.CommonExecutor.accessTestCaseMainPhase(CommonExecutor.java:65)
	at com.kms.katalon.core.main.TestSuiteExecutor.accessTestSuiteMainPhase(TestSuiteExecutor.java:151)
	at com.kms.katalon.core.main.TestSuiteExecutor.execute(TestSuiteExecutor.java:106)
	at com.kms.katalon.core.main.TestCaseMain.startTestSuite(TestCaseMain.java:185)
	at com.kms.katalon.core.main.TestCaseMain$startTestSuite$0.call(Unknown Source)
	at TempTestSuite1669109638590.run(TempTestSuite1669109638590.groovy:36)
)
	at com.kms.katalon.core.keyword.internal.KeywordMain.stepFailed(KeywordMain.groovy:50)
	at com.kms.katalon.core.mobile.keyword.internal.MobileKeywordMain.stepFailed(MobileKeywordMain.groovy:40)
	at com.kms.katalon.core.mobile.keyword.internal.MobileKeywordMain.runKeyword(MobileKeywordMain.groovy:23)
	at com.kms.katalon.core.mobile.keyword.builtin.StartApplicationKeyword.startApplication(StartApplicationKeyword.groovy:51)
	at com.kms.katalon.core.mobile.keyword.builtin.StartApplicationKeyword.execute(StartApplicationKeyword.groovy:40)
	at com.kms.katalon.core.keyword.internal.KeywordExecutor.executeKeywordForPlatform(KeywordExecutor.groovy:74)
	at com.kms.katalon.core.mobile.keyword.MobileBuiltInKeywords.startApplication(MobileBuiltInKeywords.groovy:78)
	at com.kms.katalon.core.mobile.keyword.MobileBuiltInKeywords$startApplication.call(Unknown Source)
	at 02-Se connecter avec ses identifiants (MSR-2).run(02-Se connecter avec ses identifiants (MSR-2):20)
	at com.kms.katalon.core.main.ScriptEngine.run(ScriptEngine.java:194)
	at com.kms.katalon.core.main.ScriptEngine.runScriptAsRawText(ScriptEngine.java:119)
	at com.kms.katalon.core.main.TestCaseExecutor.runScript(TestCaseExecutor.java:448)
	at com.kms.katalon.core.main.TestCaseExecutor.doExecute(TestCaseExecutor.java:439)
	at com.kms.katalon.core.main.TestCaseExecutor.processExecutionPhase(TestCaseExecutor.java:418)
	at com.kms.katalon.core.main.TestCaseExecutor.accessMainPhase(TestCaseExecutor.java:410)
	at com.kms.katalon.core.main.TestCaseExecutor.execute(TestCaseExecutor.java:285)
	at com.kms.katalon.core.common.CommonExecutor.accessTestCaseMainPhase(CommonExecutor.java:65)
	at com.kms.katalon.core.main.TestSuiteExecutor.accessTestSuiteMainPhase(TestSuiteExecutor.java:151)
	at com.kms.katalon.core.main.TestSuiteExecutor.execute(TestSuiteExecutor.java:106)
	at com.kms.katalon.core.main.TestCaseMain.startTestSuite(TestCaseMain.java:185)
	at com.kms.katalon.core.main.TestCaseMain$startTestSuite$0.call(Unknown Source)
	at TempTestSuite1669109638590.run(TempTestSuite1669109638590.groovy:36)
Caused by: java.io.IOException: GetExitCodeProcess error=6, Descripteur non valide
	at com.kms.katalon.core.appium.driver.AppiumDriverManager.isAppiumServerStarted(AppiumDriverManager.java:194)
	at com.kms.katalon.core.appium.driver.AppiumDriverManager.startAppiumServerJS(AppiumDriverManager.java:258)
	at com.kms.katalon.core.appium.driver.AppiumDriverManager.startAppiumServerJS(AppiumDriverManager.java:412)
	at com.kms.katalon.core.appium.driver.AppiumDriverManager.ensureServicesStarted(AppiumDriverManager.java:244)
	at com.kms.katalon.core.appium.driver.AppiumDriverManager.createMobileDriver(AppiumDriverManager.java:478)
	at com.kms.katalon.core.mobile.keyword.internal.MobileDriverFactory.startLocalMobileDriver(MobileDriverFactory.java:539)
	at com.kms.katalon.core.mobile.keyword.internal.MobileDriverFactory.startMobileDriver(MobileDriverFactory.java:452)
	at com.kms.katalon.core.mobile.keyword.builtin.StartApplicationKeyword$_startApplication_closure1.doCall(StartApplicationKeyword.groovy:49)
	at com.kms.katalon.core.mobile.keyword.builtin.StartApplicationKeyword$_startApplication_closure1.call(StartApplicationKeyword.groovy)
	at com.kms.katalon.core.mobile.keyword.internal.MobileKeywordMain.runKeyword(MobileKeywordMain.groovy:21)
	... 19 more
"/>
         <system-out><![CDATA[2022-11-22 10:46:17 - [TEST_CASE][FAILED] - Test Cases/Cas de test passant/02-Se connecter avec ses identifiants (MSR-2): Test Cases/Cas de test passant/02-Se connecter avec ses identifiants (MSR-2) FAILED.
Reason:
com.kms.katalon.core.exception.StepFailedException: Unable to start app at: 'C:\Users\Ousseynou Diop\Desktop\APK Client\app-debug.apk' (Root cause: java.io.IOException: GetExitCodeProcess error=6, Descripteur non valide
	at com.kms.katalon.core.appium.driver.AppiumDriverManager.isAppiumServerStarted(AppiumDriverManager.java:194)
	at com.kms.katalon.core.appium.driver.AppiumDriverManager.startAppiumServerJS(AppiumDriverManager.java:258)
	at com.kms.katalon.core.appium.driver.AppiumDriverManager.startAppiumServerJS(AppiumDriverManager.java:412)
	at com.kms.katalon.core.appium.driver.AppiumDriverManager.ensureServicesStarted(AppiumDriverManager.java:244)
	at com.kms.katalon.core.appium.driver.AppiumDriverManager.createMobileDriver(AppiumDriverManager.java:478)
	at com.kms.katalon.core.mobile.keyword.internal.MobileDriverFactory.startLocalMobileDriver(MobileDriverFactory.java:539)
	at com.kms.katalon.core.mobile.keyword.internal.MobileDriverFactory.startMobileDriver(MobileDriverFactory.java:452)
	at com.kms.katalon.core.mobile.keyword.builtin.StartApplicationKeyword$_startApplication_closure1.doCall(StartApplicationKeyword.groovy:49)
	at com.kms.katalon.core.mobile.keyword.builtin.StartApplicationKeyword$_startApplication_closure1.call(StartApplicationKeyword.groovy)
	at com.kms.katalon.core.mobile.keyword.internal.MobileKeywordMain.runKeyword(MobileKeywordMain.groovy:21)
	at com.kms.katalon.core.mobile.keyword.builtin.StartApplicationKeyword.startApplication(StartApplicationKeyword.groovy:51)
	at com.kms.katalon.core.mobile.keyword.builtin.StartApplicationKeyword.execute(StartApplicationKeyword.groovy:40)
	at com.kms.katalon.core.keyword.internal.KeywordExecutor.executeKeywordForPlatform(KeywordExecutor.groovy:74)
	at com.kms.katalon.core.mobile.keyword.MobileBuiltInKeywords.startApplication(MobileBuiltInKeywords.groovy:78)
	at com.kms.katalon.core.mobile.keyword.MobileBuiltInKeywords$startApplication.call(Unknown Source)
	at 02-Se connecter avec ses identifiants (MSR-2).run(02-Se connecter avec ses identifiants (MSR-2):20)
	at com.kms.katalon.core.main.ScriptEngine.run(ScriptEngine.java:194)
	at com.kms.katalon.core.main.ScriptEngine.runScriptAsRawText(ScriptEngine.java:119)
	at com.kms.katalon.core.main.TestCaseExecutor.runScript(TestCaseExecutor.java:448)
	at com.kms.katalon.core.main.TestCaseExecutor.doExecute(TestCaseExecutor.java:439)
	at com.kms.katalon.core.main.TestCaseExecutor.processExecutionPhase(TestCaseExecutor.java:418)
	at com.kms.katalon.core.main.TestCaseExecutor.accessMainPhase(TestCaseExecutor.java:410)
	at com.kms.katalon.core.main.TestCaseExecutor.execute(TestCaseExecutor.java:285)
	at com.kms.katalon.core.common.CommonExecutor.accessTestCaseMainPhase(CommonExecutor.java:65)
	at com.kms.katalon.core.main.TestSuiteExecutor.accessTestSuiteMainPhase(TestSuiteExecutor.java:151)
	at com.kms.katalon.core.main.TestSuiteExecutor.execute(TestSuiteExecutor.java:106)
	at com.kms.katalon.core.main.TestCaseMain.startTestSuite(TestCaseMain.java:185)
	at com.kms.katalon.core.main.TestCaseMain$startTestSuite$0.call(Unknown Source)
	at TempTestSuite1669109638590.run(TempTestSuite1669109638590.groovy:36)
)
	at com.kms.katalon.core.keyword.internal.KeywordMain.stepFailed(KeywordMain.groovy:50)
	at com.kms.katalon.core.mobile.keyword.internal.MobileKeywordMain.stepFailed(MobileKeywordMain.groovy:40)
	at com.kms.katalon.core.mobile.keyword.internal.MobileKeywordMain.runKeyword(MobileKeywordMain.groovy:23)
	at com.kms.katalon.core.mobile.keyword.builtin.StartApplicationKeyword.startApplication(StartApplicationKeyword.groovy:51)
	at com.kms.katalon.core.mobile.keyword.builtin.StartApplicationKeyword.execute(StartApplicationKeyword.groovy:40)
	at com.kms.katalon.core.keyword.internal.KeywordExecutor.executeKeywordForPlatform(KeywordExecutor.groovy:74)
	at com.kms.katalon.core.mobile.keyword.MobileBuiltInKeywords.startApplication(MobileBuiltInKeywords.groovy:78)
	at com.kms.katalon.core.mobile.keyword.MobileBuiltInKeywords$startApplication.call(Unknown Source)
	at 02-Se connecter avec ses identifiants (MSR-2).run(02-Se connecter avec ses identifiants (MSR-2):20)
	at com.kms.katalon.core.main.ScriptEngine.run(ScriptEngine.java:194)
	at com.kms.katalon.core.main.ScriptEngine.runScriptAsRawText(ScriptEngine.java:119)
	at com.kms.katalon.core.main.TestCaseExecutor.runScript(TestCaseExecutor.java:448)
	at com.kms.katalon.core.main.TestCaseExecutor.doExecute(TestCaseExecutor.java:439)
	at com.kms.katalon.core.main.TestCaseExecutor.processExecutionPhase(TestCaseExecutor.java:418)
	at com.kms.katalon.core.main.TestCaseExecutor.accessMainPhase(TestCaseExecutor.java:410)
	at com.kms.katalon.core.main.TestCaseExecutor.execute(TestCaseExecutor.java:285)
	at com.kms.katalon.core.common.CommonExecutor.accessTestCaseMainPhase(CommonExecutor.java:65)
	at com.kms.katalon.core.main.TestSuiteExecutor.accessTestSuiteMainPhase(TestSuiteExecutor.java:151)
	at com.kms.katalon.core.main.TestSuiteExecutor.execute(TestSuiteExecutor.java:106)
	at com.kms.katalon.core.main.TestCaseMain.startTestSuite(TestCaseMain.java:185)
	at com.kms.katalon.core.main.TestCaseMain$startTestSuite$0.call(Unknown Source)
	at TempTestSuite1669109638590.run(TempTestSuite1669109638590.groovy:36)
Caused by: java.io.IOException: GetExitCodeProcess error=6, Descripteur non valide
	at com.kms.katalon.core.appium.driver.AppiumDriverManager.isAppiumServerStarted(AppiumDriverManager.java:194)
	at com.kms.katalon.core.appium.driver.AppiumDriverManager.startAppiumServerJS(AppiumDriverManager.java:258)
	at com.kms.katalon.core.appium.driver.AppiumDriverManager.startAppiumServerJS(AppiumDriverManager.java:412)
	at com.kms.katalon.core.appium.driver.AppiumDriverManager.ensureServicesStarted(AppiumDriverManager.java:244)
	at com.kms.katalon.core.appium.driver.AppiumDriverManager.createMobileDriver(AppiumDriverManager.java:478)
	at com.kms.katalon.core.mobile.keyword.internal.MobileDriverFactory.startLocalMobileDriver(MobileDriverFactory.java:539)
	at com.kms.katalon.core.mobile.keyword.internal.MobileDriverFactory.startMobileDriver(MobileDriverFactory.java:452)
	at com.kms.katalon.core.mobile.keyword.builtin.StartApplicationKeyword$_startApplication_closure1.doCall(StartApplicationKeyword.groovy:49)
	at com.kms.katalon.core.mobile.keyword.builtin.StartApplicationKeyword$_startApplication_closure1.call(StartApplicationKeyword.groovy)
	at com.kms.katalon.core.mobile.keyword.internal.MobileKeywordMain.runKeyword(MobileKeywordMain.groovy:21)
	... 19 more


2022-11-22 10:46:17 - [TEST_STEP][FAILED] - startApplication("C:\Users\Ousseynou Diop\Desktop\APK Client\app-debug.apk", true): Unable to start app at: 'C:\Users\Ousseynou Diop\Desktop\APK Client\app-debug.apk' (Root cause: java.io.IOException: GetExitCodeProcess error=6, Descripteur non valide
	at com.kms.katalon.core.appium.driver.AppiumDriverManager.isAppiumServerStarted(AppiumDriverManager.java:194)
	at com.kms.katalon.core.appium.driver.AppiumDriverManager.startAppiumServerJS(AppiumDriverManager.java:258)
	at com.kms.katalon.core.appium.driver.AppiumDriverManager.startAppiumServerJS(AppiumDriverManager.java:412)
	at com.kms.katalon.core.appium.driver.AppiumDriverManager.ensureServicesStarted(AppiumDriverManager.java:244)
	at com.kms.katalon.core.appium.driver.AppiumDriverManager.createMobileDriver(AppiumDriverManager.java:478)
	at com.kms.katalon.core.mobile.keyword.internal.MobileDriverFactory.startLocalMobileDriver(MobileDriverFactory.java:539)
	at com.kms.katalon.core.mobile.keyword.internal.MobileDriverFactory.startMobileDriver(MobileDriverFactory.java:452)
	at com.kms.katalon.core.mobile.keyword.builtin.StartApplicationKeyword$_startApplication_closure1.doCall(StartApplicationKeyword.groovy:49)
	at com.kms.katalon.core.mobile.keyword.builtin.StartApplicationKeyword$_startApplication_closure1.call(StartApplicationKeyword.groovy)
	at com.kms.katalon.core.mobile.keyword.internal.MobileKeywordMain.runKeyword(MobileKeywordMain.groovy:21)
	at com.kms.katalon.core.mobile.keyword.builtin.StartApplicationKeyword.startApplication(StartApplicationKeyword.groovy:51)
	at com.kms.katalon.core.mobile.keyword.builtin.StartApplicationKeyword.execute(StartApplicationKeyword.groovy:40)
	at com.kms.katalon.core.keyword.internal.KeywordExecutor.executeKeywordForPlatform(KeywordExecutor.groovy:74)
	at com.kms.katalon.core.mobile.keyword.MobileBuiltInKeywords.startApplication(MobileBuiltInKeywords.groovy:78)
	at com.kms.katalon.core.mobile.keyword.MobileBuiltInKeywords$startApplication.call(Unknown Source)
	at 02-Se connecter avec ses identifiants (MSR-2).run(02-Se connecter avec ses identifiants (MSR-2):20)
	at com.kms.katalon.core.main.ScriptEngine.run(ScriptEngine.java:194)
	at com.kms.katalon.core.main.ScriptEngine.runScriptAsRawText(ScriptEngine.java:119)
	at com.kms.katalon.core.main.TestCaseExecutor.runScript(TestCaseExecutor.java:448)
	at com.kms.katalon.core.main.TestCaseExecutor.doExecute(TestCaseExecutor.java:439)
	at com.kms.katalon.core.main.TestCaseExecutor.processExecutionPhase(TestCaseExecutor.java:418)
	at com.kms.katalon.core.main.TestCaseExecutor.accessMainPhase(TestCaseExecutor.java:410)
	at com.kms.katalon.core.main.TestCaseExecutor.execute(TestCaseExecutor.java:285)
	at com.kms.katalon.core.common.CommonExecutor.accessTestCaseMainPhase(CommonExecutor.java:65)
	at com.kms.katalon.core.main.TestSuiteExecutor.accessTestSuiteMainPhase(TestSuiteExecutor.java:151)
	at com.kms.katalon.core.main.TestSuiteExecutor.execute(TestSuiteExecutor.java:106)
	at com.kms.katalon.core.main.TestCaseMain.startTestSuite(TestCaseMain.java:185)
	at com.kms.katalon.core.main.TestCaseMain$startTestSuite$0.call(Unknown Source)
	at TempTestSuite1669109638590.run(TempTestSuite1669109638590.groovy:36)
)

2022-11-22 10:46:17 - [MESSAGE][FAILED] - Unable to start app at: 'C:\Users\Ousseynou Diop\Desktop\APK Client\app-debug.apk' (Root cause: java.io.IOException: GetExitCodeProcess error=6, Descripteur non valide
	at com.kms.katalon.core.appium.driver.AppiumDriverManager.isAppiumServerStarted(AppiumDriverManager.java:194)
	at com.kms.katalon.core.appium.driver.AppiumDriverManager.startAppiumServerJS(AppiumDriverManager.java:258)
	at com.kms.katalon.core.appium.driver.AppiumDriverManager.startAppiumServerJS(AppiumDriverManager.java:412)
	at com.kms.katalon.core.appium.driver.AppiumDriverManager.ensureServicesStarted(AppiumDriverManager.java:244)
	at com.kms.katalon.core.appium.driver.AppiumDriverManager.createMobileDriver(AppiumDriverManager.java:478)
	at com.kms.katalon.core.mobile.keyword.internal.MobileDriverFactory.startLocalMobileDriver(MobileDriverFactory.java:539)
	at com.kms.katalon.core.mobile.keyword.internal.MobileDriverFactory.startMobileDriver(MobileDriverFactory.java:452)
	at com.kms.katalon.core.mobile.keyword.builtin.StartApplicationKeyword$_startApplication_closure1.doCall(StartApplicationKeyword.groovy:49)
	at com.kms.katalon.core.mobile.keyword.builtin.StartApplicationKeyword$_startApplication_closure1.call(StartApplicationKeyword.groovy)
	at com.kms.katalon.core.mobile.keyword.internal.MobileKeywordMain.runKeyword(MobileKeywordMain.groovy:21)
	at com.kms.katalon.core.mobile.keyword.builtin.StartApplicationKeyword.startApplication(StartApplicationKeyword.groovy:51)
	at com.kms.katalon.core.mobile.keyword.builtin.StartApplicationKeyword.execute(StartApplicationKeyword.groovy:40)
	at com.kms.katalon.core.keyword.internal.KeywordExecutor.executeKeywordForPlatform(KeywordExecutor.groovy:74)
	at com.kms.katalon.core.mobile.keyword.MobileBuiltInKeywords.startApplication(MobileBuiltInKeywords.groovy:78)
	at com.kms.katalon.core.mobile.keyword.MobileBuiltInKeywords$startApplication.call(Unknown Source)
	at 02-Se connecter avec ses identifiants (MSR-2).run(02-Se connecter avec ses identifiants (MSR-2):20)
	at com.kms.katalon.core.main.ScriptEngine.run(ScriptEngine.java:194)
	at com.kms.katalon.core.main.ScriptEngine.runScriptAsRawText(ScriptEngine.java:119)
	at com.kms.katalon.core.main.TestCaseExecutor.runScript(TestCaseExecutor.java:448)
	at com.kms.katalon.core.main.TestCaseExecutor.doExecute(TestCaseExecutor.java:439)
	at com.kms.katalon.core.main.TestCaseExecutor.processExecutionPhase(TestCaseExecutor.java:418)
	at com.kms.katalon.core.main.TestCaseExecutor.accessMainPhase(TestCaseExecutor.java:410)
	at com.kms.katalon.core.main.TestCaseExecutor.execute(TestCaseExecutor.java:285)
	at com.kms.katalon.core.common.CommonExecutor.accessTestCaseMainPhase(CommonExecutor.java:65)
	at com.kms.katalon.core.main.TestSuiteExecutor.accessTestSuiteMainPhase(TestSuiteExecutor.java:151)
	at com.kms.katalon.core.main.TestSuiteExecutor.execute(TestSuiteExecutor.java:106)
	at com.kms.katalon.core.main.TestCaseMain.startTestSuite(TestCaseMain.java:185)
	at com.kms.katalon.core.main.TestCaseMain$startTestSuite$0.call(Unknown Source)
	at TempTestSuite1669109638590.run(TempTestSuite1669109638590.groovy:36)
)]]></system-out>
         <system-err><![CDATA[2022-11-22 10:46:17 - [TEST_CASE][FAILED] - Test Cases/Cas de test passant/02-Se connecter avec ses identifiants (MSR-2): Test Cases/Cas de test passant/02-Se connecter avec ses identifiants (MSR-2) FAILED.
Reason:
com.kms.katalon.core.exception.StepFailedException: Unable to start app at: 'C:\Users\Ousseynou Diop\Desktop\APK Client\app-debug.apk' (Root cause: java.io.IOException: GetExitCodeProcess error=6, Descripteur non valide
	at com.kms.katalon.core.appium.driver.AppiumDriverManager.isAppiumServerStarted(AppiumDriverManager.java:194)
	at com.kms.katalon.core.appium.driver.AppiumDriverManager.startAppiumServerJS(AppiumDriverManager.java:258)
	at com.kms.katalon.core.appium.driver.AppiumDriverManager.startAppiumServerJS(AppiumDriverManager.java:412)
	at com.kms.katalon.core.appium.driver.AppiumDriverManager.ensureServicesStarted(AppiumDriverManager.java:244)
	at com.kms.katalon.core.appium.driver.AppiumDriverManager.createMobileDriver(AppiumDriverManager.java:478)
	at com.kms.katalon.core.mobile.keyword.internal.MobileDriverFactory.startLocalMobileDriver(MobileDriverFactory.java:539)
	at com.kms.katalon.core.mobile.keyword.internal.MobileDriverFactory.startMobileDriver(MobileDriverFactory.java:452)
	at com.kms.katalon.core.mobile.keyword.builtin.StartApplicationKeyword$_startApplication_closure1.doCall(StartApplicationKeyword.groovy:49)
	at com.kms.katalon.core.mobile.keyword.builtin.StartApplicationKeyword$_startApplication_closure1.call(StartApplicationKeyword.groovy)
	at com.kms.katalon.core.mobile.keyword.internal.MobileKeywordMain.runKeyword(MobileKeywordMain.groovy:21)
	at com.kms.katalon.core.mobile.keyword.builtin.StartApplicationKeyword.startApplication(StartApplicationKeyword.groovy:51)
	at com.kms.katalon.core.mobile.keyword.builtin.StartApplicationKeyword.execute(StartApplicationKeyword.groovy:40)
	at com.kms.katalon.core.keyword.internal.KeywordExecutor.executeKeywordForPlatform(KeywordExecutor.groovy:74)
	at com.kms.katalon.core.mobile.keyword.MobileBuiltInKeywords.startApplication(MobileBuiltInKeywords.groovy:78)
	at com.kms.katalon.core.mobile.keyword.MobileBuiltInKeywords$startApplication.call(Unknown Source)
	at 02-Se connecter avec ses identifiants (MSR-2).run(02-Se connecter avec ses identifiants (MSR-2):20)
	at com.kms.katalon.core.main.ScriptEngine.run(ScriptEngine.java:194)
	at com.kms.katalon.core.main.ScriptEngine.runScriptAsRawText(ScriptEngine.java:119)
	at com.kms.katalon.core.main.TestCaseExecutor.runScript(TestCaseExecutor.java:448)
	at com.kms.katalon.core.main.TestCaseExecutor.doExecute(TestCaseExecutor.java:439)
	at com.kms.katalon.core.main.TestCaseExecutor.processExecutionPhase(TestCaseExecutor.java:418)
	at com.kms.katalon.core.main.TestCaseExecutor.accessMainPhase(TestCaseExecutor.java:410)
	at com.kms.katalon.core.main.TestCaseExecutor.execute(TestCaseExecutor.java:285)
	at com.kms.katalon.core.common.CommonExecutor.accessTestCaseMainPhase(CommonExecutor.java:65)
	at com.kms.katalon.core.main.TestSuiteExecutor.accessTestSuiteMainPhase(TestSuiteExecutor.java:151)
	at com.kms.katalon.core.main.TestSuiteExecutor.execute(TestSuiteExecutor.java:106)
	at com.kms.katalon.core.main.TestCaseMain.startTestSuite(TestCaseMain.java:185)
	at com.kms.katalon.core.main.TestCaseMain$startTestSuite$0.call(Unknown Source)
	at TempTestSuite1669109638590.run(TempTestSuite1669109638590.groovy:36)
)
	at com.kms.katalon.core.keyword.internal.KeywordMain.stepFailed(KeywordMain.groovy:50)
	at com.kms.katalon.core.mobile.keyword.internal.MobileKeywordMain.stepFailed(MobileKeywordMain.groovy:40)
	at com.kms.katalon.core.mobile.keyword.internal.MobileKeywordMain.runKeyword(MobileKeywordMain.groovy:23)
	at com.kms.katalon.core.mobile.keyword.builtin.StartApplicationKeyword.startApplication(StartApplicationKeyword.groovy:51)
	at com.kms.katalon.core.mobile.keyword.builtin.StartApplicationKeyword.execute(StartApplicationKeyword.groovy:40)
	at com.kms.katalon.core.keyword.internal.KeywordExecutor.executeKeywordForPlatform(KeywordExecutor.groovy:74)
	at com.kms.katalon.core.mobile.keyword.MobileBuiltInKeywords.startApplication(MobileBuiltInKeywords.groovy:78)
	at com.kms.katalon.core.mobile.keyword.MobileBuiltInKeywords$startApplication.call(Unknown Source)
	at 02-Se connecter avec ses identifiants (MSR-2).run(02-Se connecter avec ses identifiants (MSR-2):20)
	at com.kms.katalon.core.main.ScriptEngine.run(ScriptEngine.java:194)
	at com.kms.katalon.core.main.ScriptEngine.runScriptAsRawText(ScriptEngine.java:119)
	at com.kms.katalon.core.main.TestCaseExecutor.runScript(TestCaseExecutor.java:448)
	at com.kms.katalon.core.main.TestCaseExecutor.doExecute(TestCaseExecutor.java:439)
	at com.kms.katalon.core.main.TestCaseExecutor.processExecutionPhase(TestCaseExecutor.java:418)
	at com.kms.katalon.core.main.TestCaseExecutor.accessMainPhase(TestCaseExecutor.java:410)
	at com.kms.katalon.core.main.TestCaseExecutor.execute(TestCaseExecutor.java:285)
	at com.kms.katalon.core.common.CommonExecutor.accessTestCaseMainPhase(CommonExecutor.java:65)
	at com.kms.katalon.core.main.TestSuiteExecutor.accessTestSuiteMainPhase(TestSuiteExecutor.java:151)
	at com.kms.katalon.core.main.TestSuiteExecutor.execute(TestSuiteExecutor.java:106)
	at com.kms.katalon.core.main.TestCaseMain.startTestSuite(TestCaseMain.java:185)
	at com.kms.katalon.core.main.TestCaseMain$startTestSuite$0.call(Unknown Source)
	at TempTestSuite1669109638590.run(TempTestSuite1669109638590.groovy:36)
Caused by: java.io.IOException: GetExitCodeProcess error=6, Descripteur non valide
	at com.kms.katalon.core.appium.driver.AppiumDriverManager.isAppiumServerStarted(AppiumDriverManager.java:194)
	at com.kms.katalon.core.appium.driver.AppiumDriverManager.startAppiumServerJS(AppiumDriverManager.java:258)
	at com.kms.katalon.core.appium.driver.AppiumDriverManager.startAppiumServerJS(AppiumDriverManager.java:412)
	at com.kms.katalon.core.appium.driver.AppiumDriverManager.ensureServicesStarted(AppiumDriverManager.java:244)
	at com.kms.katalon.core.appium.driver.AppiumDriverManager.createMobileDriver(AppiumDriverManager.java:478)
	at com.kms.katalon.core.mobile.keyword.internal.MobileDriverFactory.startLocalMobileDriver(MobileDriverFactory.java:539)
	at com.kms.katalon.core.mobile.keyword.internal.MobileDriverFactory.startMobileDriver(MobileDriverFactory.java:452)
	at com.kms.katalon.core.mobile.keyword.builtin.StartApplicationKeyword$_startApplication_closure1.doCall(StartApplicationKeyword.groovy:49)
	at com.kms.katalon.core.mobile.keyword.builtin.StartApplicationKeyword$_startApplication_closure1.call(StartApplicationKeyword.groovy)
	at com.kms.katalon.core.mobile.keyword.internal.MobileKeywordMain.runKeyword(MobileKeywordMain.groovy:21)
	... 19 more]]></system-err>
      </testcase>
      <system-out><![CDATA[2022-11-22 10:34:00 - [TEST_SUITE][FAILED] - Cas de test passant app client: Test Cases/Cas de test passant/03-Se connecter avec un compte google (MSR-2) FAILED.
Reason:
com.kms.katalon.core.exception.StepFailedException: Element 'Object Repository/03- Se connecter avec un compte google/android.widget.TextView - Erreur 403 disallowed_useragent' is visible
	at com.kms.katalon.core.keyword.internal.KeywordMain.stepFailed(KeywordMain.groovy:50)
	at com.kms.katalon.core.mobile.keyword.internal.MobileKeywordMain.stepFailed(MobileKeywordMain.groovy:40)
	at com.kms.katalon.core.mobile.keyword.builtin.VerifyElementNotVisibleKeyword$_verifyElementNotVisible_closure1.doCall(VerifyElementNotVisibleKeyword.groovy:75)
	at com.kms.katalon.core.mobile.keyword.builtin.VerifyElementNotVisibleKeyword$_verifyElementNotVisible_closure1.call(VerifyElementNotVisibleKeyword.groovy)
	at com.kms.katalon.core.mobile.keyword.internal.MobileKeywordMain.runKeyword(MobileKeywordMain.groovy:21)
	at com.kms.katalon.core.mobile.keyword.builtin.VerifyElementNotVisibleKeyword.verifyElementNotVisible(VerifyElementNotVisibleKeyword.groovy:85)
	at com.kms.katalon.core.mobile.keyword.builtin.VerifyElementNotVisibleKeyword.execute(VerifyElementNotVisibleKeyword.groovy:64)
	at com.kms.katalon.core.keyword.internal.KeywordExecutor.executeKeywordForPlatform(KeywordExecutor.groovy:74)
	at com.kms.katalon.core.mobile.keyword.MobileBuiltInKeywords.verifyElementNotVisible(MobileBuiltInKeywords.groovy:2064)
	at com.kms.katalon.core.mobile.keyword.MobileBuiltInKeywords$verifyElementNotVisible$5.call(Unknown Source)
	at 03-Se connecter avec un compte google (MSR-2).run(03-Se connecter avec un compte google (MSR-2):28)
	at com.kms.katalon.core.main.ScriptEngine.run(ScriptEngine.java:194)
	at com.kms.katalon.core.main.ScriptEngine.runScriptAsRawText(ScriptEngine.java:119)
	at com.kms.katalon.core.main.TestCaseExecutor.runScript(TestCaseExecutor.java:448)
	at com.kms.katalon.core.main.TestCaseExecutor.doExecute(TestCaseExecutor.java:439)
	at com.kms.katalon.core.main.TestCaseExecutor.processExecutionPhase(TestCaseExecutor.java:418)
	at com.kms.katalon.core.main.TestCaseExecutor.accessMainPhase(TestCaseExecutor.java:410)
	at com.kms.katalon.core.main.TestCaseExecutor.execute(TestCaseExecutor.java:285)
	at com.kms.katalon.core.common.CommonExecutor.accessTestCaseMainPhase(CommonExecutor.java:65)
	at com.kms.katalon.core.main.TestSuiteExecutor.accessTestSuiteMainPhase(TestSuiteExecutor.java:151)
	at com.kms.katalon.core.main.TestSuiteExecutor.execute(TestSuiteExecutor.java:106)
	at com.kms.katalon.core.main.TestCaseMain.startTestSuite(TestCaseMain.java:185)
	at com.kms.katalon.core.main.TestCaseMain$startTestSuite$0.call(Unknown Source)
	at TempTestSuite1669109638590.run(TempTestSuite1669109638590.groovy:36)]]></system-out>
      <system-err><![CDATA[2022-11-22 10:34:00 - [TEST_SUITE][FAILED] - Cas de test passant app client: Test Cases/Cas de test passant/03-Se connecter avec un compte google (MSR-2) FAILED.
Reason:
com.kms.katalon.core.exception.StepFailedException: Element 'Object Repository/03- Se connecter avec un compte google/android.widget.TextView - Erreur 403 disallowed_useragent' is visible
	at com.kms.katalon.core.keyword.internal.KeywordMain.stepFailed(KeywordMain.groovy:50)
	at com.kms.katalon.core.mobile.keyword.internal.MobileKeywordMain.stepFailed(MobileKeywordMain.groovy:40)
	at com.kms.katalon.core.mobile.keyword.builtin.VerifyElementNotVisibleKeyword$_verifyElementNotVisible_closure1.doCall(VerifyElementNotVisibleKeyword.groovy:75)
	at com.kms.katalon.core.mobile.keyword.builtin.VerifyElementNotVisibleKeyword$_verifyElementNotVisible_closure1.call(VerifyElementNotVisibleKeyword.groovy)
	at com.kms.katalon.core.mobile.keyword.internal.MobileKeywordMain.runKeyword(MobileKeywordMain.groovy:21)
	at com.kms.katalon.core.mobile.keyword.builtin.VerifyElementNotVisibleKeyword.verifyElementNotVisible(VerifyElementNotVisibleKeyword.groovy:85)
	at com.kms.katalon.core.mobile.keyword.builtin.VerifyElementNotVisibleKeyword.execute(VerifyElementNotVisibleKeyword.groovy:64)
	at com.kms.katalon.core.keyword.internal.KeywordExecutor.executeKeywordForPlatform(KeywordExecutor.groovy:74)
	at com.kms.katalon.core.mobile.keyword.MobileBuiltInKeywords.verifyElementNotVisible(MobileBuiltInKeywords.groovy:2064)
	at com.kms.katalon.core.mobile.keyword.MobileBuiltInKeywords$verifyElementNotVisible$5.call(Unknown Source)
	at 03-Se connecter avec un compte google (MSR-2).run(03-Se connecter avec un compte google (MSR-2):28)
	at com.kms.katalon.core.main.ScriptEngine.run(ScriptEngine.java:194)
	at com.kms.katalon.core.main.ScriptEngine.runScriptAsRawText(ScriptEngine.java:119)
	at com.kms.katalon.core.main.TestCaseExecutor.runScript(TestCaseExecutor.java:448)
	at com.kms.katalon.core.main.TestCaseExecutor.doExecute(TestCaseExecutor.java:439)
	at com.kms.katalon.core.main.TestCaseExecutor.processExecutionPhase(TestCaseExecutor.java:418)
	at com.kms.katalon.core.main.TestCaseExecutor.accessMainPhase(TestCaseExecutor.java:410)
	at com.kms.katalon.core.main.TestCaseExecutor.execute(TestCaseExecutor.java:285)
	at com.kms.katalon.core.common.CommonExecutor.accessTestCaseMainPhase(CommonExecutor.java:65)
	at com.kms.katalon.core.main.TestSuiteExecutor.accessTestSuiteMainPhase(TestSuiteExecutor.java:151)
	at com.kms.katalon.core.main.TestSuiteExecutor.execute(TestSuiteExecutor.java:106)
	at com.kms.katalon.core.main.TestCaseMain.startTestSuite(TestCaseMain.java:185)
	at com.kms.katalon.core.main.TestCaseMain$startTestSuite$0.call(Unknown Source)
	at TempTestSuite1669109638590.run(TempTestSuite1669109638590.groovy:36)]]></system-err>
   </testsuite>
</testsuites>
