<?xml version="1.0" encoding="UTF-8"?>
<testsuites name="Cas de test passant app client" time="1382.24" tests="18" failures="10" errors="0">
   <testsuite name="Cas de test passant app client" tests="18" failures="10" errors="0" time="1382.24" skipped="0" timestamp="2022-11-15 11:57:17" hostname="Ousseynou Diop - DESKTOP-QOR6BOM.home" id="Test Suites/Cas de test passant app client">
      <properties>
         <property name="deviceName" value="samsung SM-A022F (Android 11)"/>
         <property name="devicePlatform" value=""/>
         <property name="logFolder" value="C:\\Users\\Ousseynou Diop\\git\\Mon-Shopper-Automatisation-Application-Client\\Reports\\20221115_115715\\Cas de test passant app client\\20221115_115715"/>
         <property name="logFiles" value="C:\\Users\\Ousseynou Diop\\git\\Mon-Shopper-Automatisation-Application-Client\\Reports\\20221115_115715\\Cas de test passant app client\\20221115_115715\\appium.log, C:\\Users\\Ousseynou Diop\\git\\Mon-Shopper-Automatisation-Application-Client\\Reports\\20221115_115715\\Cas de test passant app client\\20221115_115715\\execution0.log"/>
         <property name="attachments" value="C:\\Users\\Ousseynou Diop\\git\\Mon-Shopper-Automatisation-Application-Client\\Reports\\20221115_115715\\Cas de test passant app client\\20221115_115715\\1668509961636.png, C:\\Users\\Ousseynou Diop\\git\\Mon-Shopper-Automatisation-Application-Client\\Reports\\20221115_115715\\Cas de test passant app client\\20221115_115715\\1668510084888.png, C:\\Users\\Ousseynou Diop\\git\\Mon-Shopper-Automatisation-Application-Client\\Reports\\20221115_115715\\Cas de test passant app client\\20221115_115715\\1668510162466.png, C:\\Users\\Ousseynou Diop\\git\\Mon-Shopper-Automatisation-Application-Client\\Reports\\20221115_115715\\Cas de test passant app client\\20221115_115715\\1668510605745.png, C:\\Users\\Ousseynou Diop\\git\\Mon-Shopper-Automatisation-Application-Client\\Reports\\20221115_115715\\Cas de test passant app client\\20221115_115715\\1668510703954.png, C:\\Users\\Ousseynou Diop\\git\\Mon-Shopper-Automatisation-Application-Client\\Reports\\20221115_115715\\Cas de test passant app client\\20221115_115715\\1668510907299.png, C:\\Users\\Ousseynou Diop\\git\\Mon-Shopper-Automatisation-Application-Client\\Reports\\20221115_115715\\Cas de test passant app client\\20221115_115715\\1668511008895.png, C:\\Users\\Ousseynou Diop\\git\\Mon-Shopper-Automatisation-Application-Client\\Reports\\20221115_115715\\Cas de test passant app client\\20221115_115715\\1668511108971.png, C:\\Users\\Ousseynou Diop\\git\\Mon-Shopper-Automatisation-Application-Client\\Reports\\20221115_115715\\Cas de test passant app client\\20221115_115715\\1668511213443.png"/>
         <property name="hostName" value="Ousseynou Diop - DESKTOP-QOR6BOM.home"/>
         <property name="os" value="Windows 10 64bit"/>
         <property name="appiumServerStatus" value="{&quot;value&quot;:{&quot;build&quot;:{&quot;version&quot;:&quot;1.22.3&quot;}},&quot;sessionId&quot;:null,&quot;status&quot;:0}"/>
         <property name="katalonVersion" value="8.5.2.208"/>
         <property name="deviceOS" value="Android"/>
         <property name="appiumVersion" value="1.22.3"/>
         <property name="deviceModel" value="SM-A022F"/>
         <property name="hostAddress" value="192.168.1.14"/>
         <property name="deviceManufacturer" value="samsung"/>
         <property name="deviceId" value="RZ8R71P5YRT"/>
         <property name="deviceName" value="samsung SM-A022F (Android 11)"/>
         <property name="deviceOSVersion" value="11"/>
      </properties>
      <testcase name="Test Cases/Cas de test passant/01-Inscription (MSR-5)" time="71.477" classname="Test Cases/Cas de test passant/01-Inscription (MSR-5)" status="PASSED">
         <system-out><![CDATA[2022-11-15 11:57:17 - [TEST_CASE][PASSED] - Test Cases/Cas de test passant/01-Inscription (MSR-5): Test Cases/Cas de test passant/01-Inscription (MSR-5)

2022-11-15 11:57:17 - [TEST_STEP][PASSED] - startApplication("C:\Users\Ousseynou Diop\Desktop\APK Client\app-debug.apk", true): Started app at: 'C:\Users\Ousseynou Diop\Desktop\APK Client\app-debug.apk'

2022-11-15 11:57:18 - [MESSAGE][INFO] - Detected NodeJS location: "C:\Program Files\nodejs\node.exe"

2022-11-15 11:57:19 - [MESSAGE][INFO] - Appium server started on port 60Â 357

2022-11-15 11:58:05 - [MESSAGE][PASSED] - Started app at: 'C:\Users\Ousseynou Diop\Desktop\APK Client\app-debug.apk'

2022-11-15 11:58:05 - [TEST_STEP][PASSED] - tap(findTestObject("Object Repository/01-Inscription/Se connecter.android.widget.Button"), 0): Tapped on element 'Object Repository/01-Inscription/Se connecter.android.widget.Button'

2022-11-15 11:58:05 - [MESSAGE][WARNING] - Timeout '0' is invalid. Using default page load timeout: '30'

2022-11-15 11:58:06 - [MESSAGE][PASSED] - Tapped on element 'Object Repository/01-Inscription/Se connecter.android.widget.Button'

2022-11-15 11:58:06 - [TEST_STEP][PASSED] - tap(findTestObject("Object Repository/01-Inscription/android.widget.TextView - Enregistrement"), 0): Tapped on element 'Object Repository/01-Inscription/android.widget.TextView - Enregistrement'

2022-11-15 11:58:06 - [MESSAGE][WARNING] - Timeout '0' is invalid. Using default page load timeout: '30'

2022-11-15 11:58:15 - [MESSAGE][PASSED] - Tapped on element 'Object Repository/01-Inscription/android.widget.TextView - Enregistrement'

2022-11-15 11:58:15 - [TEST_STEP][PASSED] - setText(findTestObject("Object Repository/01-Inscription/firstName.android.widget.EditText"), "Elhadji Ouseynou", 0): Text 'Elhadji Ouseynou' has been set to element 'Object Repository/01-Inscription/firstName.android.widget.EditText'

2022-11-15 11:58:15 - [MESSAGE][WARNING] - Timeout '0' is invalid. Using default page load timeout: '30'

2022-11-15 11:58:16 - [MESSAGE][PASSED] - Text 'Elhadji Ouseynou' has been set to element 'Object Repository/01-Inscription/firstName.android.widget.EditText'

2022-11-15 11:58:16 - [TEST_STEP][PASSED] - setText(findTestObject("Object Repository/01-Inscription/lastName.android.widget.EditText"), "DIOP", 0): Text 'DIOP' has been set to element 'Object Repository/01-Inscription/lastName.android.widget.EditText'

2022-11-15 11:58:16 - [MESSAGE][WARNING] - Timeout '0' is invalid. Using default page load timeout: '30'

2022-11-15 11:58:17 - [MESSAGE][PASSED] - Text 'DIOP' has been set to element 'Object Repository/01-Inscription/lastName.android.widget.EditText'

2022-11-15 11:58:17 - [TEST_STEP][PASSED] - setText(findTestObject("Object Repository/01-Inscription/email.android.widget.EditText"), "aimerdiop9@yopmail.com", 0): Text 'aimerdiop9@yopmail.com' has been set to element 'Object Repository/01-Inscription/email.android.widget.EditText'

2022-11-15 11:58:17 - [MESSAGE][WARNING] - Timeout '0' is invalid. Using default page load timeout: '30'

2022-11-15 11:58:18 - [MESSAGE][PASSED] - Text 'aimerdiop9@yopmail.com' has been set to element 'Object Repository/01-Inscription/email.android.widget.EditText'

2022-11-15 11:58:18 - [TEST_STEP][PASSED] - setEncryptedText(findTestObject("Object Repository/01-Inscription/password.android.widget.EditText"), "Cexku/mp9Z18eElUeR1LGg==", 0): Encrypted text 'Cexku/mp9Z18eElUeR1LGg==' has been set to element 'Object Repository/01-Inscription/password.android.widget.EditText'

2022-11-15 11:58:18 - [MESSAGE][WARNING] - Timeout '0' is invalid. Using default page load timeout: '30'

2022-11-15 11:58:19 - [MESSAGE][PASSED] - Encrypted text 'Cexku/mp9Z18eElUeR1LGg==' has been set to element 'Object Repository/01-Inscription/password.android.widget.EditText'

2022-11-15 11:58:19 - [TEST_STEP][PASSED] - setEncryptedText(findTestObject("Object Repository/01-Inscription/password-confirm.android.widget.EditText"), "Cexku/mp9Z18eElUeR1LGg==", 0): Encrypted text 'Cexku/mp9Z18eElUeR1LGg==' has been set to element 'Object Repository/01-Inscription/password-confirm.android.widget.EditText'

2022-11-15 11:58:19 - [MESSAGE][WARNING] - Timeout '0' is invalid. Using default page load timeout: '30'

2022-11-15 11:58:20 - [MESSAGE][PASSED] - Encrypted text 'Cexku/mp9Z18eElUeR1LGg==' has been set to element 'Object Repository/01-Inscription/password-confirm.android.widget.EditText'

2022-11-15 11:58:20 - [TEST_STEP][PASSED] - tap(findTestObject("Object Repository/01-Inscription/android.widget.Button - Enregistrement"), 0): Tapped on element 'Object Repository/01-Inscription/android.widget.Button - Enregistrement'

2022-11-15 11:58:20 - [MESSAGE][WARNING] - Timeout '0' is invalid. Using default page load timeout: '30'

2022-11-15 11:58:22 - [MESSAGE][PASSED] - Tapped on element 'Object Repository/01-Inscription/android.widget.Button - Enregistrement'

2022-11-15 11:58:22 - [TEST_STEP][PASSED] - tap(findTestObject("01-Inscription/android.widget.Button - Accepter"), 0): Tapped on element 'Object Repository/01-Inscription/android.widget.Button - Accepter'

2022-11-15 11:58:22 - [MESSAGE][WARNING] - Timeout '0' is invalid. Using default page load timeout: '30'

2022-11-15 11:58:24 - [MESSAGE][PASSED] - Tapped on element 'Object Repository/01-Inscription/android.widget.Button - Accepter'

2022-11-15 11:58:24 - [TEST_STEP][PASSED] - verifyElementExist(findTestObject("01-Inscription/android.widget.TextView - Vous devez vrifier votre courriel pour activer votre compte"), 0): Element 'Object Repository/01-Inscription/android.widget.TextView - Vous devez vrifier votre courriel pour activer votre compte' is exist

2022-11-15 11:58:24 - [MESSAGE][WARNING] - Timeout '0' is invalid. Using default page load timeout: '30'

2022-11-15 11:58:26 - [MESSAGE][PASSED] - Element 'Object Repository/01-Inscription/android.widget.TextView - Vous devez vrifier votre courriel pour activer votre compte' is exist

2022-11-15 11:58:26 - [TEST_STEP][PASSED] - closeApplication(): Close app successfully

2022-11-15 11:58:29 - [MESSAGE][PASSED] - Close app successfully]]></system-out>
         <system-err><![CDATA[]]></system-err>
      </testcase>
      <testcase name="Test Cases/Cas de test passant/03-Se connecter avec un compte google (MSR-2)" time="58.607" classname="Test Cases/Cas de test passant/03-Se connecter avec un compte google (MSR-2)" status="FAILED">
         <failure type="FAILED" message="Test Cases/Cas de test passant/03-Se connecter avec un compte google (MSR-2) FAILED.
Reason:
com.kms.katalon.core.exception.StepFailedException: Element 'Object Repository/03- Se connecter avec un compte google/android.widget.TextView - Erreur 403 disallowed_useragent' is visible
	at com.kms.katalon.core.keyword.internal.KeywordMain.stepFailed(KeywordMain.groovy:50)
	at com.kms.katalon.core.mobile.keyword.internal.MobileKeywordMain.stepFailed(MobileKeywordMain.groovy:40)
	at com.kms.katalon.core.mobile.keyword.builtin.VerifyElementNotVisibleKeyword$_verifyElementNotVisible_closure1.doCall(VerifyElementNotVisibleKeyword.groovy:75)
	at com.kms.katalon.core.mobile.keyword.builtin.VerifyElementNotVisibleKeyword$_verifyElementNotVisible_closure1.call(VerifyElementNotVisibleKeyword.groovy)
	at com.kms.katalon.core.mobile.keyword.internal.MobileKeywordMain.runKeyword(MobileKeywordMain.groovy:21)
	at com.kms.katalon.core.mobile.keyword.builtin.VerifyElementNotVisibleKeyword.verifyElementNotVisible(VerifyElementNotVisibleKeyword.groovy:85)
	at com.kms.katalon.core.mobile.keyword.builtin.VerifyElementNotVisibleKeyword.execute(VerifyElementNotVisibleKeyword.groovy:64)
	at com.kms.katalon.core.keyword.internal.KeywordExecutor.executeKeywordForPlatform(KeywordExecutor.groovy:74)
	at com.kms.katalon.core.mobile.keyword.MobileBuiltInKeywords.verifyElementNotVisible(MobileBuiltInKeywords.groovy:2064)
	at com.kms.katalon.core.mobile.keyword.MobileBuiltInKeywords$verifyElementNotVisible$5.call(Unknown Source)
	at 03-Se connecter avec un compte google (MSR-2).run(03-Se connecter avec un compte google (MSR-2):28)
	at com.kms.katalon.core.main.ScriptEngine.run(ScriptEngine.java:194)
	at com.kms.katalon.core.main.ScriptEngine.runScriptAsRawText(ScriptEngine.java:119)
	at com.kms.katalon.core.main.TestCaseExecutor.runScript(TestCaseExecutor.java:448)
	at com.kms.katalon.core.main.TestCaseExecutor.doExecute(TestCaseExecutor.java:439)
	at com.kms.katalon.core.main.TestCaseExecutor.processExecutionPhase(TestCaseExecutor.java:418)
	at com.kms.katalon.core.main.TestCaseExecutor.accessMainPhase(TestCaseExecutor.java:410)
	at com.kms.katalon.core.main.TestCaseExecutor.execute(TestCaseExecutor.java:285)
	at com.kms.katalon.core.common.CommonExecutor.accessTestCaseMainPhase(CommonExecutor.java:65)
	at com.kms.katalon.core.main.TestSuiteExecutor.accessTestSuiteMainPhase(TestSuiteExecutor.java:151)
	at com.kms.katalon.core.main.TestSuiteExecutor.execute(TestSuiteExecutor.java:106)
	at com.kms.katalon.core.main.TestCaseMain.startTestSuite(TestCaseMain.java:185)
	at com.kms.katalon.core.main.TestCaseMain$startTestSuite$0.call(Unknown Source)
	at TempTestSuite1668509835381.run(TempTestSuite1668509835381.groovy:36)
"/>
         <system-out><![CDATA[2022-11-15 11:58:29 - [TEST_CASE][FAILED] - Test Cases/Cas de test passant/03-Se connecter avec un compte google (MSR-2): Test Cases/Cas de test passant/03-Se connecter avec un compte google (MSR-2) FAILED.
Reason:
com.kms.katalon.core.exception.StepFailedException: Element 'Object Repository/03- Se connecter avec un compte google/android.widget.TextView - Erreur 403 disallowed_useragent' is visible
	at com.kms.katalon.core.keyword.internal.KeywordMain.stepFailed(KeywordMain.groovy:50)
	at com.kms.katalon.core.mobile.keyword.internal.MobileKeywordMain.stepFailed(MobileKeywordMain.groovy:40)
	at com.kms.katalon.core.mobile.keyword.builtin.VerifyElementNotVisibleKeyword$_verifyElementNotVisible_closure1.doCall(VerifyElementNotVisibleKeyword.groovy:75)
	at com.kms.katalon.core.mobile.keyword.builtin.VerifyElementNotVisibleKeyword$_verifyElementNotVisible_closure1.call(VerifyElementNotVisibleKeyword.groovy)
	at com.kms.katalon.core.mobile.keyword.internal.MobileKeywordMain.runKeyword(MobileKeywordMain.groovy:21)
	at com.kms.katalon.core.mobile.keyword.builtin.VerifyElementNotVisibleKeyword.verifyElementNotVisible(VerifyElementNotVisibleKeyword.groovy:85)
	at com.kms.katalon.core.mobile.keyword.builtin.VerifyElementNotVisibleKeyword.execute(VerifyElementNotVisibleKeyword.groovy:64)
	at com.kms.katalon.core.keyword.internal.KeywordExecutor.executeKeywordForPlatform(KeywordExecutor.groovy:74)
	at com.kms.katalon.core.mobile.keyword.MobileBuiltInKeywords.verifyElementNotVisible(MobileBuiltInKeywords.groovy:2064)
	at com.kms.katalon.core.mobile.keyword.MobileBuiltInKeywords$verifyElementNotVisible$5.call(Unknown Source)
	at 03-Se connecter avec un compte google (MSR-2).run(03-Se connecter avec un compte google (MSR-2):28)
	at com.kms.katalon.core.main.ScriptEngine.run(ScriptEngine.java:194)
	at com.kms.katalon.core.main.ScriptEngine.runScriptAsRawText(ScriptEngine.java:119)
	at com.kms.katalon.core.main.TestCaseExecutor.runScript(TestCaseExecutor.java:448)
	at com.kms.katalon.core.main.TestCaseExecutor.doExecute(TestCaseExecutor.java:439)
	at com.kms.katalon.core.main.TestCaseExecutor.processExecutionPhase(TestCaseExecutor.java:418)
	at com.kms.katalon.core.main.TestCaseExecutor.accessMainPhase(TestCaseExecutor.java:410)
	at com.kms.katalon.core.main.TestCaseExecutor.execute(TestCaseExecutor.java:285)
	at com.kms.katalon.core.common.CommonExecutor.accessTestCaseMainPhase(CommonExecutor.java:65)
	at com.kms.katalon.core.main.TestSuiteExecutor.accessTestSuiteMainPhase(TestSuiteExecutor.java:151)
	at com.kms.katalon.core.main.TestSuiteExecutor.execute(TestSuiteExecutor.java:106)
	at com.kms.katalon.core.main.TestCaseMain.startTestSuite(TestCaseMain.java:185)
	at com.kms.katalon.core.main.TestCaseMain$startTestSuite$0.call(Unknown Source)
	at TempTestSuite1668509835381.run(TempTestSuite1668509835381.groovy:36)


2022-11-15 11:58:29 - [TEST_STEP][PASSED] - startApplication("C:\Users\Ousseynou Diop\Desktop\APK Client\app-debug.apk", true): Started app at: 'C:\Users\Ousseynou Diop\Desktop\APK Client\app-debug.apk'

2022-11-15 11:58:29 - [MESSAGE][INFO] - Detected NodeJS location: "C:\Program Files\nodejs\node.exe"

2022-11-15 11:58:30 - [MESSAGE][INFO] - Appium server started on port 60Â 498

2022-11-15 11:59:06 - [MESSAGE][PASSED] - Started app at: 'C:\Users\Ousseynou Diop\Desktop\APK Client\app-debug.apk'

2022-11-15 11:59:06 - [TEST_STEP][PASSED] - tap(findTestObject("Object Repository/03- Se connecter avec un compte google/android.widget.Button -Se connecter"), 0): Tapped on element 'Object Repository/03- Se connecter avec un compte google/android.widget.Button -Se connecter'

2022-11-15 11:59:06 - [MESSAGE][WARNING] - Timeout '0' is invalid. Using default page load timeout: '30'

2022-11-15 11:59:09 - [MESSAGE][PASSED] - Tapped on element 'Object Repository/03- Se connecter avec un compte google/android.widget.Button -Se connecter'

2022-11-15 11:59:09 - [TEST_STEP][PASSED] - tap(findTestObject("Object Repository/03- Se connecter avec un compte google/android.view.View Button social-google Login"), 0): Tapped on element 'Object Repository/03- Se connecter avec un compte google/android.view.View Button social-google Login'

2022-11-15 11:59:09 - [MESSAGE][WARNING] - Timeout '0' is invalid. Using default page load timeout: '30'

2022-11-15 11:59:17 - [MESSAGE][PASSED] - Tapped on element 'Object Repository/03- Se connecter avec un compte google/android.view.View Button social-google Login'

2022-11-15 11:59:17 - [TEST_STEP][FAILED] - verifyElementNotVisible(findTestObject("03- Se connecter avec un compte google/android.widget.TextView - Erreur 403 disallowed_useragent"), 0): Failed to check if element 'Object Repository/03- Se connecter avec un compte google/android.widget.TextView - Erreur 403 disallowed_useragent' is not visible (Root cause: com.kms.katalon.core.exception.StepFailedException: Element 'Object Repository/03- Se connecter avec un compte google/android.widget.TextView - Erreur 403 disallowed_useragent' is visible
	at com.kms.katalon.core.keyword.internal.KeywordMain.stepFailed(KeywordMain.groovy:50)
	at com.kms.katalon.core.mobile.keyword.internal.MobileKeywordMain.stepFailed(MobileKeywordMain.groovy:40)
	at com.kms.katalon.core.mobile.keyword.builtin.VerifyElementNotVisibleKeyword$_verifyElementNotVisible_closure1.doCall(VerifyElementNotVisibleKeyword.groovy:75)
	at com.kms.katalon.core.mobile.keyword.builtin.VerifyElementNotVisibleKeyword$_verifyElementNotVisible_closure1.call(VerifyElementNotVisibleKeyword.groovy)
	at com.kms.katalon.core.mobile.keyword.internal.MobileKeywordMain.runKeyword(MobileKeywordMain.groovy:21)
	at com.kms.katalon.core.mobile.keyword.builtin.VerifyElementNotVisibleKeyword.verifyElementNotVisible(VerifyElementNotVisibleKeyword.groovy:85)
	at com.kms.katalon.core.mobile.keyword.builtin.VerifyElementNotVisibleKeyword.execute(VerifyElementNotVisibleKeyword.groovy:64)
	at com.kms.katalon.core.keyword.internal.KeywordExecutor.executeKeywordForPlatform(KeywordExecutor.groovy:74)
	at com.kms.katalon.core.mobile.keyword.MobileBuiltInKeywords.verifyElementNotVisible(MobileBuiltInKeywords.groovy:2064)
	at com.kms.katalon.core.mobile.keyword.MobileBuiltInKeywords$verifyElementNotVisible$5.call(Unknown Source)
	at 03-Se connecter avec un compte google (MSR-2).run(03-Se connecter avec un compte google (MSR-2):28)
	at com.kms.katalon.core.main.ScriptEngine.run(ScriptEngine.java:194)
	at com.kms.katalon.core.main.ScriptEngine.runScriptAsRawText(ScriptEngine.java:119)
	at com.kms.katalon.core.main.TestCaseExecutor.runScript(TestCaseExecutor.java:448)
	at com.kms.katalon.core.main.TestCaseExecutor.doExecute(TestCaseExecutor.java:439)
	at com.kms.katalon.core.main.TestCaseExecutor.processExecutionPhase(TestCaseExecutor.java:418)
	at com.kms.katalon.core.main.TestCaseExecutor.accessMainPhase(TestCaseExecutor.java:410)
	at com.kms.katalon.core.main.TestCaseExecutor.execute(TestCaseExecutor.java:285)
	at com.kms.katalon.core.common.CommonExecutor.accessTestCaseMainPhase(CommonExecutor.java:65)
	at com.kms.katalon.core.main.TestSuiteExecutor.accessTestSuiteMainPhase(TestSuiteExecutor.java:151)
	at com.kms.katalon.core.main.TestSuiteExecutor.execute(TestSuiteExecutor.java:106)
	at com.kms.katalon.core.main.TestCaseMain.startTestSuite(TestCaseMain.java:185)
	at com.kms.katalon.core.main.TestCaseMain$startTestSuite$0.call(Unknown Source)
	at TempTestSuite1668509835381.run(TempTestSuite1668509835381.groovy:36)
)

2022-11-15 11:59:17 - [MESSAGE][WARNING] - Timeout '0' is invalid. Using default page load timeout: '30'

2022-11-15 11:59:21 - [MESSAGE][FAILED] - Element 'Object Repository/03- Se connecter avec un compte google/android.widget.TextView - Erreur 403 disallowed_useragent' is visible

2022-11-15 11:59:27 - [MESSAGE][FAILED] - Failed to check if element 'Object Repository/03- Se connecter avec un compte google/android.widget.TextView - Erreur 403 disallowed_useragent' is not visible (Root cause: com.kms.katalon.core.exception.StepFailedException: Element 'Object Repository/03- Se connecter avec un compte google/android.widget.TextView - Erreur 403 disallowed_useragent' is visible
	at com.kms.katalon.core.keyword.internal.KeywordMain.stepFailed(KeywordMain.groovy:50)
	at com.kms.katalon.core.mobile.keyword.internal.MobileKeywordMain.stepFailed(MobileKeywordMain.groovy:40)
	at com.kms.katalon.core.mobile.keyword.builtin.VerifyElementNotVisibleKeyword$_verifyElementNotVisible_closure1.doCall(VerifyElementNotVisibleKeyword.groovy:75)
	at com.kms.katalon.core.mobile.keyword.builtin.VerifyElementNotVisibleKeyword$_verifyElementNotVisible_closure1.call(VerifyElementNotVisibleKeyword.groovy)
	at com.kms.katalon.core.mobile.keyword.internal.MobileKeywordMain.runKeyword(MobileKeywordMain.groovy:21)
	at com.kms.katalon.core.mobile.keyword.builtin.VerifyElementNotVisibleKeyword.verifyElementNotVisible(VerifyElementNotVisibleKeyword.groovy:85)
	at com.kms.katalon.core.mobile.keyword.builtin.VerifyElementNotVisibleKeyword.execute(VerifyElementNotVisibleKeyword.groovy:64)
	at com.kms.katalon.core.keyword.internal.KeywordExecutor.executeKeywordForPlatform(KeywordExecutor.groovy:74)
	at com.kms.katalon.core.mobile.keyword.MobileBuiltInKeywords.verifyElementNotVisible(MobileBuiltInKeywords.groovy:2064)
	at com.kms.katalon.core.mobile.keyword.MobileBuiltInKeywords$verifyElementNotVisible$5.call(Unknown Source)
	at 03-Se connecter avec un compte google (MSR-2).run(03-Se connecter avec un compte google (MSR-2):28)
	at com.kms.katalon.core.main.ScriptEngine.run(ScriptEngine.java:194)
	at com.kms.katalon.core.main.ScriptEngine.runScriptAsRawText(ScriptEngine.java:119)
	at com.kms.katalon.core.main.TestCaseExecutor.runScript(TestCaseExecutor.java:448)
	at com.kms.katalon.core.main.TestCaseExecutor.doExecute(TestCaseExecutor.java:439)
	at com.kms.katalon.core.main.TestCaseExecutor.processExecutionPhase(TestCaseExecutor.java:418)
	at com.kms.katalon.core.main.TestCaseExecutor.accessMainPhase(TestCaseExecutor.java:410)
	at com.kms.katalon.core.main.TestCaseExecutor.execute(TestCaseExecutor.java:285)
	at com.kms.katalon.core.common.CommonExecutor.accessTestCaseMainPhase(CommonExecutor.java:65)
	at com.kms.katalon.core.main.TestSuiteExecutor.accessTestSuiteMainPhase(TestSuiteExecutor.java:151)
	at com.kms.katalon.core.main.TestSuiteExecutor.execute(TestSuiteExecutor.java:106)
	at com.kms.katalon.core.main.TestCaseMain.startTestSuite(TestCaseMain.java:185)
	at com.kms.katalon.core.main.TestCaseMain$startTestSuite$0.call(Unknown Source)
	at TempTestSuite1668509835381.run(TempTestSuite1668509835381.groovy:36)
)
[[ATTACHMENT|C:\\Users\\Ousseynou Diop\\git\\Mon-Shopper-Automatisation-Application-Client\\Reports\\20221115_115715\\Cas de test passant app client\\20221115_115715\\1668509961636.png]]]]></system-out>
         <system-err><![CDATA[2022-11-15 11:58:29 - [TEST_CASE][FAILED] - Test Cases/Cas de test passant/03-Se connecter avec un compte google (MSR-2): Test Cases/Cas de test passant/03-Se connecter avec un compte google (MSR-2) FAILED.
Reason:
com.kms.katalon.core.exception.StepFailedException: Element 'Object Repository/03- Se connecter avec un compte google/android.widget.TextView - Erreur 403 disallowed_useragent' is visible
	at com.kms.katalon.core.keyword.internal.KeywordMain.stepFailed(KeywordMain.groovy:50)
	at com.kms.katalon.core.mobile.keyword.internal.MobileKeywordMain.stepFailed(MobileKeywordMain.groovy:40)
	at com.kms.katalon.core.mobile.keyword.builtin.VerifyElementNotVisibleKeyword$_verifyElementNotVisible_closure1.doCall(VerifyElementNotVisibleKeyword.groovy:75)
	at com.kms.katalon.core.mobile.keyword.builtin.VerifyElementNotVisibleKeyword$_verifyElementNotVisible_closure1.call(VerifyElementNotVisibleKeyword.groovy)
	at com.kms.katalon.core.mobile.keyword.internal.MobileKeywordMain.runKeyword(MobileKeywordMain.groovy:21)
	at com.kms.katalon.core.mobile.keyword.builtin.VerifyElementNotVisibleKeyword.verifyElementNotVisible(VerifyElementNotVisibleKeyword.groovy:85)
	at com.kms.katalon.core.mobile.keyword.builtin.VerifyElementNotVisibleKeyword.execute(VerifyElementNotVisibleKeyword.groovy:64)
	at com.kms.katalon.core.keyword.internal.KeywordExecutor.executeKeywordForPlatform(KeywordExecutor.groovy:74)
	at com.kms.katalon.core.mobile.keyword.MobileBuiltInKeywords.verifyElementNotVisible(MobileBuiltInKeywords.groovy:2064)
	at com.kms.katalon.core.mobile.keyword.MobileBuiltInKeywords$verifyElementNotVisible$5.call(Unknown Source)
	at 03-Se connecter avec un compte google (MSR-2).run(03-Se connecter avec un compte google (MSR-2):28)
	at com.kms.katalon.core.main.ScriptEngine.run(ScriptEngine.java:194)
	at com.kms.katalon.core.main.ScriptEngine.runScriptAsRawText(ScriptEngine.java:119)
	at com.kms.katalon.core.main.TestCaseExecutor.runScript(TestCaseExecutor.java:448)
	at com.kms.katalon.core.main.TestCaseExecutor.doExecute(TestCaseExecutor.java:439)
	at com.kms.katalon.core.main.TestCaseExecutor.processExecutionPhase(TestCaseExecutor.java:418)
	at com.kms.katalon.core.main.TestCaseExecutor.accessMainPhase(TestCaseExecutor.java:410)
	at com.kms.katalon.core.main.TestCaseExecutor.execute(TestCaseExecutor.java:285)
	at com.kms.katalon.core.common.CommonExecutor.accessTestCaseMainPhase(CommonExecutor.java:65)
	at com.kms.katalon.core.main.TestSuiteExecutor.accessTestSuiteMainPhase(TestSuiteExecutor.java:151)
	at com.kms.katalon.core.main.TestSuiteExecutor.execute(TestSuiteExecutor.java:106)
	at com.kms.katalon.core.main.TestCaseMain.startTestSuite(TestCaseMain.java:185)
	at com.kms.katalon.core.main.TestCaseMain$startTestSuite$0.call(Unknown Source)
	at TempTestSuite1668509835381.run(TempTestSuite1668509835381.groovy:36)]]></system-err>
      </testcase>
      <testcase name="Test Cases/Cas de test passant/05- Se Connecter en mode Guest (MSR-219 et MSR-74)" time="44.1" classname="Test Cases/Cas de test passant/05- Se Connecter en mode Guest (MSR-219 et MSR-74)" status="PASSED">
         <system-out><![CDATA[2022-11-15 11:59:27 - [TEST_CASE][PASSED] - Test Cases/Cas de test passant/05- Se Connecter en mode Guest (MSR-219 et MSR-74): Test Cases/Cas de test passant/05- Se Connecter en mode Guest (MSR-219 et MSR-74)

2022-11-15 11:59:27 - [TEST_STEP][PASSED] - startApplication("C:\Users\Ousseynou Diop\Desktop\APK Client\app-debug.apk", true): Started app at: 'C:\Users\Ousseynou Diop\Desktop\APK Client\app-debug.apk'

2022-11-15 12:00:03 - [MESSAGE][PASSED] - Started app at: 'C:\Users\Ousseynou Diop\Desktop\APK Client\app-debug.apk'

2022-11-15 12:00:03 - [TEST_STEP][PASSED] - tap(findTestObject("Object Repository/05-Se connecter en mode Guest/android.widget.Button Continuer en mode guest"), 0): Tapped on element 'Object Repository/05-Se connecter en mode Guest/android.widget.Button Continuer en mode guest'

2022-11-15 12:00:03 - [MESSAGE][WARNING] - Timeout '0' is invalid. Using default page load timeout: '30'

2022-11-15 12:00:05 - [MESSAGE][PASSED] - Tapped on element 'Object Repository/05-Se connecter en mode Guest/android.widget.Button Continuer en mode guest'

2022-11-15 12:00:05 - [TEST_STEP][PASSED] - verifyElementVisible(findTestObject("Object Repository/05-Se connecter en mode Guest/android.view.View - Onglet Livraison de colis"), 0): Element 'Object Repository/05-Se connecter en mode Guest/android.view.View - Onglet Livraison de colis' is visible

2022-11-15 12:00:06 - [MESSAGE][WARNING] - Timeout '0' is invalid. Using default page load timeout: '30'

2022-11-15 12:00:08 - [MESSAGE][PASSED] - Element 'Object Repository/05-Se connecter en mode Guest/android.view.View - Onglet Livraison de colis' is visible

2022-11-15 12:00:08 - [TEST_STEP][PASSED] - closeApplication(): Close app successfully

2022-11-15 12:00:11 - [MESSAGE][PASSED] - Close app successfully]]></system-out>
         <system-err><![CDATA[]]></system-err>
      </testcase>
      <testcase name="Test Cases/Cas de test passant/06- Inscription avec le lien Inscriver-vous (MSR-2)" time="80.694" classname="Test Cases/Cas de test passant/06- Inscription avec le lien Inscriver-vous (MSR-2)" status="FAILED">
         <failure type="FAILED" message="Test Cases/Cas de test passant/06- Inscription avec le lien Inscriver-vous (MSR-2) FAILED.
Reason:
com.kms.katalon.core.exception.StepFailedException: Element 'Object Repository/06- Inscription avec le lien Inscrivez-vous/android.widget.TextView - Senregistrer' not found
	at com.kms.katalon.core.keyword.internal.KeywordMain.stepFailed(KeywordMain.groovy:50)
	at com.kms.katalon.core.mobile.keyword.internal.MobileKeywordMain.stepFailed(MobileKeywordMain.groovy:40)
	at com.kms.katalon.core.mobile.keyword.builtin.VerifyElementVisibleKeyword$_verifyElementVisible_closure1.doCall(VerifyElementVisibleKeyword.groovy:82)
	at com.kms.katalon.core.mobile.keyword.builtin.VerifyElementVisibleKeyword$_verifyElementVisible_closure1.call(VerifyElementVisibleKeyword.groovy)
	at com.kms.katalon.core.mobile.keyword.internal.MobileKeywordMain.runKeyword(MobileKeywordMain.groovy:21)
	at com.kms.katalon.core.mobile.keyword.builtin.VerifyElementVisibleKeyword.verifyElementVisible(VerifyElementVisibleKeyword.groovy:85)
	at com.kms.katalon.core.mobile.keyword.builtin.VerifyElementVisibleKeyword.execute(VerifyElementVisibleKeyword.groovy:64)
	at com.kms.katalon.core.keyword.internal.KeywordExecutor.executeKeywordForPlatform(KeywordExecutor.groovy:74)
	at com.kms.katalon.core.mobile.keyword.MobileBuiltInKeywords.verifyElementVisible(MobileBuiltInKeywords.groovy:2031)
	at com.kms.katalon.core.mobile.keyword.MobileBuiltInKeywords$verifyElementVisible$6.call(Unknown Source)
	at 06- Inscription avec le lien Inscriver-vous (MSR-2).run(06- Inscription avec le lien Inscriver-vous (MSR-2):24)
	at com.kms.katalon.core.main.ScriptEngine.run(ScriptEngine.java:194)
	at com.kms.katalon.core.main.ScriptEngine.runScriptAsRawText(ScriptEngine.java:119)
	at com.kms.katalon.core.main.TestCaseExecutor.runScript(TestCaseExecutor.java:448)
	at com.kms.katalon.core.main.TestCaseExecutor.doExecute(TestCaseExecutor.java:439)
	at com.kms.katalon.core.main.TestCaseExecutor.processExecutionPhase(TestCaseExecutor.java:418)
	at com.kms.katalon.core.main.TestCaseExecutor.accessMainPhase(TestCaseExecutor.java:410)
	at com.kms.katalon.core.main.TestCaseExecutor.execute(TestCaseExecutor.java:285)
	at com.kms.katalon.core.common.CommonExecutor.accessTestCaseMainPhase(CommonExecutor.java:65)
	at com.kms.katalon.core.main.TestSuiteExecutor.accessTestSuiteMainPhase(TestSuiteExecutor.java:151)
	at com.kms.katalon.core.main.TestSuiteExecutor.execute(TestSuiteExecutor.java:106)
	at com.kms.katalon.core.main.TestCaseMain.startTestSuite(TestCaseMain.java:185)
	at com.kms.katalon.core.main.TestCaseMain$startTestSuite$0.call(Unknown Source)
	at TempTestSuite1668509835381.run(TempTestSuite1668509835381.groovy:36)
"/>
         <system-out><![CDATA[2022-11-15 12:00:11 - [TEST_CASE][FAILED] - Test Cases/Cas de test passant/06- Inscription avec le lien Inscriver-vous (MSR-2): Test Cases/Cas de test passant/06- Inscription avec le lien Inscriver-vous (MSR-2) FAILED.
Reason:
com.kms.katalon.core.exception.StepFailedException: Element 'Object Repository/06- Inscription avec le lien Inscrivez-vous/android.widget.TextView - Senregistrer' not found
	at com.kms.katalon.core.keyword.internal.KeywordMain.stepFailed(KeywordMain.groovy:50)
	at com.kms.katalon.core.mobile.keyword.internal.MobileKeywordMain.stepFailed(MobileKeywordMain.groovy:40)
	at com.kms.katalon.core.mobile.keyword.builtin.VerifyElementVisibleKeyword$_verifyElementVisible_closure1.doCall(VerifyElementVisibleKeyword.groovy:82)
	at com.kms.katalon.core.mobile.keyword.builtin.VerifyElementVisibleKeyword$_verifyElementVisible_closure1.call(VerifyElementVisibleKeyword.groovy)
	at com.kms.katalon.core.mobile.keyword.internal.MobileKeywordMain.runKeyword(MobileKeywordMain.groovy:21)
	at com.kms.katalon.core.mobile.keyword.builtin.VerifyElementVisibleKeyword.verifyElementVisible(VerifyElementVisibleKeyword.groovy:85)
	at com.kms.katalon.core.mobile.keyword.builtin.VerifyElementVisibleKeyword.execute(VerifyElementVisibleKeyword.groovy:64)
	at com.kms.katalon.core.keyword.internal.KeywordExecutor.executeKeywordForPlatform(KeywordExecutor.groovy:74)
	at com.kms.katalon.core.mobile.keyword.MobileBuiltInKeywords.verifyElementVisible(MobileBuiltInKeywords.groovy:2031)
	at com.kms.katalon.core.mobile.keyword.MobileBuiltInKeywords$verifyElementVisible$6.call(Unknown Source)
	at 06- Inscription avec le lien Inscriver-vous (MSR-2).run(06- Inscription avec le lien Inscriver-vous (MSR-2):24)
	at com.kms.katalon.core.main.ScriptEngine.run(ScriptEngine.java:194)
	at com.kms.katalon.core.main.ScriptEngine.runScriptAsRawText(ScriptEngine.java:119)
	at com.kms.katalon.core.main.TestCaseExecutor.runScript(TestCaseExecutor.java:448)
	at com.kms.katalon.core.main.TestCaseExecutor.doExecute(TestCaseExecutor.java:439)
	at com.kms.katalon.core.main.TestCaseExecutor.processExecutionPhase(TestCaseExecutor.java:418)
	at com.kms.katalon.core.main.TestCaseExecutor.accessMainPhase(TestCaseExecutor.java:410)
	at com.kms.katalon.core.main.TestCaseExecutor.execute(TestCaseExecutor.java:285)
	at com.kms.katalon.core.common.CommonExecutor.accessTestCaseMainPhase(CommonExecutor.java:65)
	at com.kms.katalon.core.main.TestSuiteExecutor.accessTestSuiteMainPhase(TestSuiteExecutor.java:151)
	at com.kms.katalon.core.main.TestSuiteExecutor.execute(TestSuiteExecutor.java:106)
	at com.kms.katalon.core.main.TestCaseMain.startTestSuite(TestCaseMain.java:185)
	at com.kms.katalon.core.main.TestCaseMain$startTestSuite$0.call(Unknown Source)
	at TempTestSuite1668509835381.run(TempTestSuite1668509835381.groovy:36)


2022-11-15 12:00:12 - [TEST_STEP][PASSED] - startApplication("C:\Users\Ousseynou Diop\Desktop\APK Client\app-debug.apk", true): Started app at: 'C:\Users\Ousseynou Diop\Desktop\APK Client\app-debug.apk'

2022-11-15 12:00:13 - [MESSAGE][INFO] - Detected NodeJS location: "C:\Program Files\nodejs\node.exe"

2022-11-15 12:00:15 - [MESSAGE][INFO] - Appium server started on port 60Â 750

2022-11-15 12:00:52 - [MESSAGE][PASSED] - Started app at: 'C:\Users\Ousseynou Diop\Desktop\APK Client\app-debug.apk'

2022-11-15 12:00:52 - [TEST_STEP][PASSED] - tap(findTestObject("Object Repository/06- Inscription avec le lien Inscrivez-vous/android.widget.Button Inscrivez-vous"), 0): Tapped on element 'Object Repository/06- Inscription avec le lien Inscrivez-vous/android.widget.Button Inscrivez-vous'

2022-11-15 12:00:52 - [MESSAGE][WARNING] - Timeout '0' is invalid. Using default page load timeout: '30'

2022-11-15 12:00:54 - [MESSAGE][PASSED] - Tapped on element 'Object Repository/06- Inscription avec le lien Inscrivez-vous/android.widget.Button Inscrivez-vous'

2022-11-15 12:00:54 - [TEST_STEP][FAILED] - verifyElementVisible(findTestObject("06- Inscription avec le lien Inscrivez-vous/android.widget.TextView - Senregistrer"), 0): Failed to check for element 'Object Repository/06- Inscription avec le lien Inscrivez-vous/android.widget.TextView - Senregistrer' visible (Root cause: com.kms.katalon.core.exception.StepFailedException: Element 'Object Repository/06- Inscription avec le lien Inscrivez-vous/android.widget.TextView - Senregistrer' not found
	at com.kms.katalon.core.keyword.internal.KeywordMain.stepFailed(KeywordMain.groovy:50)
	at com.kms.katalon.core.mobile.keyword.internal.MobileKeywordMain.stepFailed(MobileKeywordMain.groovy:40)
	at com.kms.katalon.core.mobile.keyword.builtin.VerifyElementVisibleKeyword$_verifyElementVisible_closure1.doCall(VerifyElementVisibleKeyword.groovy:82)
	at com.kms.katalon.core.mobile.keyword.builtin.VerifyElementVisibleKeyword$_verifyElementVisible_closure1.call(VerifyElementVisibleKeyword.groovy)
	at com.kms.katalon.core.mobile.keyword.internal.MobileKeywordMain.runKeyword(MobileKeywordMain.groovy:21)
	at com.kms.katalon.core.mobile.keyword.builtin.VerifyElementVisibleKeyword.verifyElementVisible(VerifyElementVisibleKeyword.groovy:85)
	at com.kms.katalon.core.mobile.keyword.builtin.VerifyElementVisibleKeyword.execute(VerifyElementVisibleKeyword.groovy:64)
	at com.kms.katalon.core.keyword.internal.KeywordExecutor.executeKeywordForPlatform(KeywordExecutor.groovy:74)
	at com.kms.katalon.core.mobile.keyword.MobileBuiltInKeywords.verifyElementVisible(MobileBuiltInKeywords.groovy:2031)
	at com.kms.katalon.core.mobile.keyword.MobileBuiltInKeywords$verifyElementVisible$6.call(Unknown Source)
	at 06- Inscription avec le lien Inscriver-vous (MSR-2).run(06- Inscription avec le lien Inscriver-vous (MSR-2):24)
	at com.kms.katalon.core.main.ScriptEngine.run(ScriptEngine.java:194)
	at com.kms.katalon.core.main.ScriptEngine.runScriptAsRawText(ScriptEngine.java:119)
	at com.kms.katalon.core.main.TestCaseExecutor.runScript(TestCaseExecutor.java:448)
	at com.kms.katalon.core.main.TestCaseExecutor.doExecute(TestCaseExecutor.java:439)
	at com.kms.katalon.core.main.TestCaseExecutor.processExecutionPhase(TestCaseExecutor.java:418)
	at com.kms.katalon.core.main.TestCaseExecutor.accessMainPhase(TestCaseExecutor.java:410)
	at com.kms.katalon.core.main.TestCaseExecutor.execute(TestCaseExecutor.java:285)
	at com.kms.katalon.core.common.CommonExecutor.accessTestCaseMainPhase(CommonExecutor.java:65)
	at com.kms.katalon.core.main.TestSuiteExecutor.accessTestSuiteMainPhase(TestSuiteExecutor.java:151)
	at com.kms.katalon.core.main.TestSuiteExecutor.execute(TestSuiteExecutor.java:106)
	at com.kms.katalon.core.main.TestCaseMain.startTestSuite(TestCaseMain.java:185)
	at com.kms.katalon.core.main.TestCaseMain$startTestSuite$0.call(Unknown Source)
	at TempTestSuite1668509835381.run(TempTestSuite1668509835381.groovy:36)
)

2022-11-15 12:00:54 - [MESSAGE][WARNING] - Timeout '0' is invalid. Using default page load timeout: '30'

2022-11-15 12:01:24 - [MESSAGE][FAILED] - Element 'Object Repository/06- Inscription avec le lien Inscrivez-vous/android.widget.TextView - Senregistrer' not found

2022-11-15 12:01:32 - [MESSAGE][FAILED] - Failed to check for element 'Object Repository/06- Inscription avec le lien Inscrivez-vous/android.widget.TextView - Senregistrer' visible (Root cause: com.kms.katalon.core.exception.StepFailedException: Element 'Object Repository/06- Inscription avec le lien Inscrivez-vous/android.widget.TextView - Senregistrer' not found
	at com.kms.katalon.core.keyword.internal.KeywordMain.stepFailed(KeywordMain.groovy:50)
	at com.kms.katalon.core.mobile.keyword.internal.MobileKeywordMain.stepFailed(MobileKeywordMain.groovy:40)
	at com.kms.katalon.core.mobile.keyword.builtin.VerifyElementVisibleKeyword$_verifyElementVisible_closure1.doCall(VerifyElementVisibleKeyword.groovy:82)
	at com.kms.katalon.core.mobile.keyword.builtin.VerifyElementVisibleKeyword$_verifyElementVisible_closure1.call(VerifyElementVisibleKeyword.groovy)
	at com.kms.katalon.core.mobile.keyword.internal.MobileKeywordMain.runKeyword(MobileKeywordMain.groovy:21)
	at com.kms.katalon.core.mobile.keyword.builtin.VerifyElementVisibleKeyword.verifyElementVisible(VerifyElementVisibleKeyword.groovy:85)
	at com.kms.katalon.core.mobile.keyword.builtin.VerifyElementVisibleKeyword.execute(VerifyElementVisibleKeyword.groovy:64)
	at com.kms.katalon.core.keyword.internal.KeywordExecutor.executeKeywordForPlatform(KeywordExecutor.groovy:74)
	at com.kms.katalon.core.mobile.keyword.MobileBuiltInKeywords.verifyElementVisible(MobileBuiltInKeywords.groovy:2031)
	at com.kms.katalon.core.mobile.keyword.MobileBuiltInKeywords$verifyElementVisible$6.call(Unknown Source)
	at 06- Inscription avec le lien Inscriver-vous (MSR-2).run(06- Inscription avec le lien Inscriver-vous (MSR-2):24)
	at com.kms.katalon.core.main.ScriptEngine.run(ScriptEngine.java:194)
	at com.kms.katalon.core.main.ScriptEngine.runScriptAsRawText(ScriptEngine.java:119)
	at com.kms.katalon.core.main.TestCaseExecutor.runScript(TestCaseExecutor.java:448)
	at com.kms.katalon.core.main.TestCaseExecutor.doExecute(TestCaseExecutor.java:439)
	at com.kms.katalon.core.main.TestCaseExecutor.processExecutionPhase(TestCaseExecutor.java:418)
	at com.kms.katalon.core.main.TestCaseExecutor.accessMainPhase(TestCaseExecutor.java:410)
	at com.kms.katalon.core.main.TestCaseExecutor.execute(TestCaseExecutor.java:285)
	at com.kms.katalon.core.common.CommonExecutor.accessTestCaseMainPhase(CommonExecutor.java:65)
	at com.kms.katalon.core.main.TestSuiteExecutor.accessTestSuiteMainPhase(TestSuiteExecutor.java:151)
	at com.kms.katalon.core.main.TestSuiteExecutor.execute(TestSuiteExecutor.java:106)
	at com.kms.katalon.core.main.TestCaseMain.startTestSuite(TestCaseMain.java:185)
	at com.kms.katalon.core.main.TestCaseMain$startTestSuite$0.call(Unknown Source)
	at TempTestSuite1668509835381.run(TempTestSuite1668509835381.groovy:36)
)
[[ATTACHMENT|C:\\Users\\Ousseynou Diop\\git\\Mon-Shopper-Automatisation-Application-Client\\Reports\\20221115_115715\\Cas de test passant app client\\20221115_115715\\1668510084888.png]]]]></system-out>
         <system-err><![CDATA[2022-11-15 12:00:11 - [TEST_CASE][FAILED] - Test Cases/Cas de test passant/06- Inscription avec le lien Inscriver-vous (MSR-2): Test Cases/Cas de test passant/06- Inscription avec le lien Inscriver-vous (MSR-2) FAILED.
Reason:
com.kms.katalon.core.exception.StepFailedException: Element 'Object Repository/06- Inscription avec le lien Inscrivez-vous/android.widget.TextView - Senregistrer' not found
	at com.kms.katalon.core.keyword.internal.KeywordMain.stepFailed(KeywordMain.groovy:50)
	at com.kms.katalon.core.mobile.keyword.internal.MobileKeywordMain.stepFailed(MobileKeywordMain.groovy:40)
	at com.kms.katalon.core.mobile.keyword.builtin.VerifyElementVisibleKeyword$_verifyElementVisible_closure1.doCall(VerifyElementVisibleKeyword.groovy:82)
	at com.kms.katalon.core.mobile.keyword.builtin.VerifyElementVisibleKeyword$_verifyElementVisible_closure1.call(VerifyElementVisibleKeyword.groovy)
	at com.kms.katalon.core.mobile.keyword.internal.MobileKeywordMain.runKeyword(MobileKeywordMain.groovy:21)
	at com.kms.katalon.core.mobile.keyword.builtin.VerifyElementVisibleKeyword.verifyElementVisible(VerifyElementVisibleKeyword.groovy:85)
	at com.kms.katalon.core.mobile.keyword.builtin.VerifyElementVisibleKeyword.execute(VerifyElementVisibleKeyword.groovy:64)
	at com.kms.katalon.core.keyword.internal.KeywordExecutor.executeKeywordForPlatform(KeywordExecutor.groovy:74)
	at com.kms.katalon.core.mobile.keyword.MobileBuiltInKeywords.verifyElementVisible(MobileBuiltInKeywords.groovy:2031)
	at com.kms.katalon.core.mobile.keyword.MobileBuiltInKeywords$verifyElementVisible$6.call(Unknown Source)
	at 06- Inscription avec le lien Inscriver-vous (MSR-2).run(06- Inscription avec le lien Inscriver-vous (MSR-2):24)
	at com.kms.katalon.core.main.ScriptEngine.run(ScriptEngine.java:194)
	at com.kms.katalon.core.main.ScriptEngine.runScriptAsRawText(ScriptEngine.java:119)
	at com.kms.katalon.core.main.TestCaseExecutor.runScript(TestCaseExecutor.java:448)
	at com.kms.katalon.core.main.TestCaseExecutor.doExecute(TestCaseExecutor.java:439)
	at com.kms.katalon.core.main.TestCaseExecutor.processExecutionPhase(TestCaseExecutor.java:418)
	at com.kms.katalon.core.main.TestCaseExecutor.accessMainPhase(TestCaseExecutor.java:410)
	at com.kms.katalon.core.main.TestCaseExecutor.execute(TestCaseExecutor.java:285)
	at com.kms.katalon.core.common.CommonExecutor.accessTestCaseMainPhase(CommonExecutor.java:65)
	at com.kms.katalon.core.main.TestSuiteExecutor.accessTestSuiteMainPhase(TestSuiteExecutor.java:151)
	at com.kms.katalon.core.main.TestSuiteExecutor.execute(TestSuiteExecutor.java:106)
	at com.kms.katalon.core.main.TestCaseMain.startTestSuite(TestCaseMain.java:185)
	at com.kms.katalon.core.main.TestCaseMain$startTestSuite$0.call(Unknown Source)
	at TempTestSuite1668509835381.run(TempTestSuite1668509835381.groovy:36)]]></system-err>
      </testcase>
      <testcase name="Test Cases/Cas de test passant/07- Modification de mot de passe oublier (MSR-3 et MSR-27)" time="78.227" classname="Test Cases/Cas de test passant/07- Modification de mot de passe oublier (MSR-3 et MSR-27)" status="FAILED">
         <failure type="FAILED" message="Test Cases/Cas de test passant/07- Modification de mot de passe oublier (MSR-3 et MSR-27) FAILED.
Reason:
com.kms.katalon.core.exception.StepFailedException: Object Object Repository/07-Modification de mot de passe oubliÃ©/android.widget.Button-Se connecter not found
	at com.kms.katalon.core.keyword.internal.KeywordMain.stepFailed(KeywordMain.groovy:50)
	at com.kms.katalon.core.mobile.keyword.internal.MobileKeywordMain.stepFailed(MobileKeywordMain.groovy:40)
	at com.kms.katalon.core.mobile.keyword.builtin.TapKeyword$_tap_closure1.doCall(TapKeyword.groovy:79)
	at com.kms.katalon.core.mobile.keyword.builtin.TapKeyword$_tap_closure1.call(TapKeyword.groovy)
	at com.kms.katalon.core.mobile.keyword.internal.MobileKeywordMain.runKeyword(MobileKeywordMain.groovy:21)
	at com.kms.katalon.core.mobile.keyword.builtin.TapKeyword.tap(TapKeyword.groovy:84)
	at com.kms.katalon.core.mobile.keyword.builtin.TapKeyword.execute(TapKeyword.groovy:68)
	at com.kms.katalon.core.keyword.internal.KeywordExecutor.executeKeywordForPlatform(KeywordExecutor.groovy:74)
	at com.kms.katalon.core.mobile.keyword.MobileBuiltInKeywords.tap(MobileBuiltInKeywords.groovy:1490)
	at com.kms.katalon.core.mobile.keyword.MobileBuiltInKeywords$tap$0.call(Unknown Source)
	at 07- Modification de mot de passe oublier (MSR-3 et MSR-27).run(07- Modification de mot de passe oublier (MSR-3 et MSR-27):22)
	at com.kms.katalon.core.main.ScriptEngine.run(ScriptEngine.java:194)
	at com.kms.katalon.core.main.ScriptEngine.runScriptAsRawText(ScriptEngine.java:119)
	at com.kms.katalon.core.main.TestCaseExecutor.runScript(TestCaseExecutor.java:448)
	at com.kms.katalon.core.main.TestCaseExecutor.doExecute(TestCaseExecutor.java:439)
	at com.kms.katalon.core.main.TestCaseExecutor.processExecutionPhase(TestCaseExecutor.java:418)
	at com.kms.katalon.core.main.TestCaseExecutor.accessMainPhase(TestCaseExecutor.java:410)
	at com.kms.katalon.core.main.TestCaseExecutor.execute(TestCaseExecutor.java:285)
	at com.kms.katalon.core.common.CommonExecutor.accessTestCaseMainPhase(CommonExecutor.java:65)
	at com.kms.katalon.core.main.TestSuiteExecutor.accessTestSuiteMainPhase(TestSuiteExecutor.java:151)
	at com.kms.katalon.core.main.TestSuiteExecutor.execute(TestSuiteExecutor.java:106)
	at com.kms.katalon.core.main.TestCaseMain.startTestSuite(TestCaseMain.java:185)
	at com.kms.katalon.core.main.TestCaseMain$startTestSuite$0.call(Unknown Source)
	at TempTestSuite1668509835381.run(TempTestSuite1668509835381.groovy:36)
"/>
         <system-out><![CDATA[2022-11-15 12:01:32 - [TEST_CASE][FAILED] - Test Cases/Cas de test passant/07- Modification de mot de passe oublier (MSR-3 et MSR-27): Test Cases/Cas de test passant/07- Modification de mot de passe oublier (MSR-3 et MSR-27) FAILED.
Reason:
com.kms.katalon.core.exception.StepFailedException: Object Object Repository/07-Modification de mot de passe oubliÃ©/android.widget.Button-Se connecter not found
	at com.kms.katalon.core.keyword.internal.KeywordMain.stepFailed(KeywordMain.groovy:50)
	at com.kms.katalon.core.mobile.keyword.internal.MobileKeywordMain.stepFailed(MobileKeywordMain.groovy:40)
	at com.kms.katalon.core.mobile.keyword.builtin.TapKeyword$_tap_closure1.doCall(TapKeyword.groovy:79)
	at com.kms.katalon.core.mobile.keyword.builtin.TapKeyword$_tap_closure1.call(TapKeyword.groovy)
	at com.kms.katalon.core.mobile.keyword.internal.MobileKeywordMain.runKeyword(MobileKeywordMain.groovy:21)
	at com.kms.katalon.core.mobile.keyword.builtin.TapKeyword.tap(TapKeyword.groovy:84)
	at com.kms.katalon.core.mobile.keyword.builtin.TapKeyword.execute(TapKeyword.groovy:68)
	at com.kms.katalon.core.keyword.internal.KeywordExecutor.executeKeywordForPlatform(KeywordExecutor.groovy:74)
	at com.kms.katalon.core.mobile.keyword.MobileBuiltInKeywords.tap(MobileBuiltInKeywords.groovy:1490)
	at com.kms.katalon.core.mobile.keyword.MobileBuiltInKeywords$tap$0.call(Unknown Source)
	at 07- Modification de mot de passe oublier (MSR-3 et MSR-27).run(07- Modification de mot de passe oublier (MSR-3 et MSR-27):22)
	at com.kms.katalon.core.main.ScriptEngine.run(ScriptEngine.java:194)
	at com.kms.katalon.core.main.ScriptEngine.runScriptAsRawText(ScriptEngine.java:119)
	at com.kms.katalon.core.main.TestCaseExecutor.runScript(TestCaseExecutor.java:448)
	at com.kms.katalon.core.main.TestCaseExecutor.doExecute(TestCaseExecutor.java:439)
	at com.kms.katalon.core.main.TestCaseExecutor.processExecutionPhase(TestCaseExecutor.java:418)
	at com.kms.katalon.core.main.TestCaseExecutor.accessMainPhase(TestCaseExecutor.java:410)
	at com.kms.katalon.core.main.TestCaseExecutor.execute(TestCaseExecutor.java:285)
	at com.kms.katalon.core.common.CommonExecutor.accessTestCaseMainPhase(CommonExecutor.java:65)
	at com.kms.katalon.core.main.TestSuiteExecutor.accessTestSuiteMainPhase(TestSuiteExecutor.java:151)
	at com.kms.katalon.core.main.TestSuiteExecutor.execute(TestSuiteExecutor.java:106)
	at com.kms.katalon.core.main.TestCaseMain.startTestSuite(TestCaseMain.java:185)
	at com.kms.katalon.core.main.TestCaseMain$startTestSuite$0.call(Unknown Source)
	at TempTestSuite1668509835381.run(TempTestSuite1668509835381.groovy:36)


2022-11-15 12:01:33 - [TEST_STEP][PASSED] - startApplication("C:\Users\Ousseynou Diop\Desktop\APK Client\app-debug.apk", true): Started app at: 'C:\Users\Ousseynou Diop\Desktop\APK Client\app-debug.apk'

2022-11-15 12:02:12 - [MESSAGE][PASSED] - Started app at: 'C:\Users\Ousseynou Diop\Desktop\APK Client\app-debug.apk'

2022-11-15 12:02:12 - [TEST_STEP][FAILED] - tap(findTestObject("Object Repository/07-Modification de mot de passe oubliÃ©/android.widget.Button-Se connecter"), 0): Failed to tap on element 'Object Repository/07-Modification de mot de passe oubliÃ©/android.widget.Button-Se connecter' (Root cause: com.kms.katalon.core.exception.StepFailedException: Object Object Repository/07-Modification de mot de passe oubliÃ©/android.widget.Button-Se connecter not found
	at com.kms.katalon.core.keyword.internal.KeywordMain.stepFailed(KeywordMain.groovy:50)
	at com.kms.katalon.core.mobile.keyword.internal.MobileKeywordMain.stepFailed(MobileKeywordMain.groovy:40)
	at com.kms.katalon.core.mobile.keyword.builtin.TapKeyword$_tap_closure1.doCall(TapKeyword.groovy:79)
	at com.kms.katalon.core.mobile.keyword.builtin.TapKeyword$_tap_closure1.call(TapKeyword.groovy)
	at com.kms.katalon.core.mobile.keyword.internal.MobileKeywordMain.runKeyword(MobileKeywordMain.groovy:21)
	at com.kms.katalon.core.mobile.keyword.builtin.TapKeyword.tap(TapKeyword.groovy:84)
	at com.kms.katalon.core.mobile.keyword.builtin.TapKeyword.execute(TapKeyword.groovy:68)
	at com.kms.katalon.core.keyword.internal.KeywordExecutor.executeKeywordForPlatform(KeywordExecutor.groovy:74)
	at com.kms.katalon.core.mobile.keyword.MobileBuiltInKeywords.tap(MobileBuiltInKeywords.groovy:1490)
	at com.kms.katalon.core.mobile.keyword.MobileBuiltInKeywords$tap$0.call(Unknown Source)
	at 07- Modification de mot de passe oublier (MSR-3 et MSR-27).run(07- Modification de mot de passe oublier (MSR-3 et MSR-27):22)
	at com.kms.katalon.core.main.ScriptEngine.run(ScriptEngine.java:194)
	at com.kms.katalon.core.main.ScriptEngine.runScriptAsRawText(ScriptEngine.java:119)
	at com.kms.katalon.core.main.TestCaseExecutor.runScript(TestCaseExecutor.java:448)
	at com.kms.katalon.core.main.TestCaseExecutor.doExecute(TestCaseExecutor.java:439)
	at com.kms.katalon.core.main.TestCaseExecutor.processExecutionPhase(TestCaseExecutor.java:418)
	at com.kms.katalon.core.main.TestCaseExecutor.accessMainPhase(TestCaseExecutor.java:410)
	at com.kms.katalon.core.main.TestCaseExecutor.execute(TestCaseExecutor.java:285)
	at com.kms.katalon.core.common.CommonExecutor.accessTestCaseMainPhase(CommonExecutor.java:65)
	at com.kms.katalon.core.main.TestSuiteExecutor.accessTestSuiteMainPhase(TestSuiteExecutor.java:151)
	at com.kms.katalon.core.main.TestSuiteExecutor.execute(TestSuiteExecutor.java:106)
	at com.kms.katalon.core.main.TestCaseMain.startTestSuite(TestCaseMain.java:185)
	at com.kms.katalon.core.main.TestCaseMain$startTestSuite$0.call(Unknown Source)
	at TempTestSuite1668509835381.run(TempTestSuite1668509835381.groovy:36)
)

2022-11-15 12:02:12 - [MESSAGE][WARNING] - Timeout '0' is invalid. Using default page load timeout: '30'

2022-11-15 12:02:42 - [MESSAGE][FAILED] - Object Object Repository/07-Modification de mot de passe oubliÃ©/android.widget.Button-Se connecter not found

2022-11-15 12:02:50 - [MESSAGE][FAILED] - Failed to tap on element 'Object Repository/07-Modification de mot de passe oubliÃ©/android.widget.Button-Se connecter' (Root cause: com.kms.katalon.core.exception.StepFailedException: Object Object Repository/07-Modification de mot de passe oubliÃ©/android.widget.Button-Se connecter not found
	at com.kms.katalon.core.keyword.internal.KeywordMain.stepFailed(KeywordMain.groovy:50)
	at com.kms.katalon.core.mobile.keyword.internal.MobileKeywordMain.stepFailed(MobileKeywordMain.groovy:40)
	at com.kms.katalon.core.mobile.keyword.builtin.TapKeyword$_tap_closure1.doCall(TapKeyword.groovy:79)
	at com.kms.katalon.core.mobile.keyword.builtin.TapKeyword$_tap_closure1.call(TapKeyword.groovy)
	at com.kms.katalon.core.mobile.keyword.internal.MobileKeywordMain.runKeyword(MobileKeywordMain.groovy:21)
	at com.kms.katalon.core.mobile.keyword.builtin.TapKeyword.tap(TapKeyword.groovy:84)
	at com.kms.katalon.core.mobile.keyword.builtin.TapKeyword.execute(TapKeyword.groovy:68)
	at com.kms.katalon.core.keyword.internal.KeywordExecutor.executeKeywordForPlatform(KeywordExecutor.groovy:74)
	at com.kms.katalon.core.mobile.keyword.MobileBuiltInKeywords.tap(MobileBuiltInKeywords.groovy:1490)
	at com.kms.katalon.core.mobile.keyword.MobileBuiltInKeywords$tap$0.call(Unknown Source)
	at 07- Modification de mot de passe oublier (MSR-3 et MSR-27).run(07- Modification de mot de passe oublier (MSR-3 et MSR-27):22)
	at com.kms.katalon.core.main.ScriptEngine.run(ScriptEngine.java:194)
	at com.kms.katalon.core.main.ScriptEngine.runScriptAsRawText(ScriptEngine.java:119)
	at com.kms.katalon.core.main.TestCaseExecutor.runScript(TestCaseExecutor.java:448)
	at com.kms.katalon.core.main.TestCaseExecutor.doExecute(TestCaseExecutor.java:439)
	at com.kms.katalon.core.main.TestCaseExecutor.processExecutionPhase(TestCaseExecutor.java:418)
	at com.kms.katalon.core.main.TestCaseExecutor.accessMainPhase(TestCaseExecutor.java:410)
	at com.kms.katalon.core.main.TestCaseExecutor.execute(TestCaseExecutor.java:285)
	at com.kms.katalon.core.common.CommonExecutor.accessTestCaseMainPhase(CommonExecutor.java:65)
	at com.kms.katalon.core.main.TestSuiteExecutor.accessTestSuiteMainPhase(TestSuiteExecutor.java:151)
	at com.kms.katalon.core.main.TestSuiteExecutor.execute(TestSuiteExecutor.java:106)
	at com.kms.katalon.core.main.TestCaseMain.startTestSuite(TestCaseMain.java:185)
	at com.kms.katalon.core.main.TestCaseMain$startTestSuite$0.call(Unknown Source)
	at TempTestSuite1668509835381.run(TempTestSuite1668509835381.groovy:36)
)
[[ATTACHMENT|C:\\Users\\Ousseynou Diop\\git\\Mon-Shopper-Automatisation-Application-Client\\Reports\\20221115_115715\\Cas de test passant app client\\20221115_115715\\1668510162466.png]]]]></system-out>
         <system-err><![CDATA[2022-11-15 12:01:32 - [TEST_CASE][FAILED] - Test Cases/Cas de test passant/07- Modification de mot de passe oublier (MSR-3 et MSR-27): Test Cases/Cas de test passant/07- Modification de mot de passe oublier (MSR-3 et MSR-27) FAILED.
Reason:
com.kms.katalon.core.exception.StepFailedException: Object Object Repository/07-Modification de mot de passe oubliÃ©/android.widget.Button-Se connecter not found
	at com.kms.katalon.core.keyword.internal.KeywordMain.stepFailed(KeywordMain.groovy:50)
	at com.kms.katalon.core.mobile.keyword.internal.MobileKeywordMain.stepFailed(MobileKeywordMain.groovy:40)
	at com.kms.katalon.core.mobile.keyword.builtin.TapKeyword$_tap_closure1.doCall(TapKeyword.groovy:79)
	at com.kms.katalon.core.mobile.keyword.builtin.TapKeyword$_tap_closure1.call(TapKeyword.groovy)
	at com.kms.katalon.core.mobile.keyword.internal.MobileKeywordMain.runKeyword(MobileKeywordMain.groovy:21)
	at com.kms.katalon.core.mobile.keyword.builtin.TapKeyword.tap(TapKeyword.groovy:84)
	at com.kms.katalon.core.mobile.keyword.builtin.TapKeyword.execute(TapKeyword.groovy:68)
	at com.kms.katalon.core.keyword.internal.KeywordExecutor.executeKeywordForPlatform(KeywordExecutor.groovy:74)
	at com.kms.katalon.core.mobile.keyword.MobileBuiltInKeywords.tap(MobileBuiltInKeywords.groovy:1490)
	at com.kms.katalon.core.mobile.keyword.MobileBuiltInKeywords$tap$0.call(Unknown Source)
	at 07- Modification de mot de passe oublier (MSR-3 et MSR-27).run(07- Modification de mot de passe oublier (MSR-3 et MSR-27):22)
	at com.kms.katalon.core.main.ScriptEngine.run(ScriptEngine.java:194)
	at com.kms.katalon.core.main.ScriptEngine.runScriptAsRawText(ScriptEngine.java:119)
	at com.kms.katalon.core.main.TestCaseExecutor.runScript(TestCaseExecutor.java:448)
	at com.kms.katalon.core.main.TestCaseExecutor.doExecute(TestCaseExecutor.java:439)
	at com.kms.katalon.core.main.TestCaseExecutor.processExecutionPhase(TestCaseExecutor.java:418)
	at com.kms.katalon.core.main.TestCaseExecutor.accessMainPhase(TestCaseExecutor.java:410)
	at com.kms.katalon.core.main.TestCaseExecutor.execute(TestCaseExecutor.java:285)
	at com.kms.katalon.core.common.CommonExecutor.accessTestCaseMainPhase(CommonExecutor.java:65)
	at com.kms.katalon.core.main.TestSuiteExecutor.accessTestSuiteMainPhase(TestSuiteExecutor.java:151)
	at com.kms.katalon.core.main.TestSuiteExecutor.execute(TestSuiteExecutor.java:106)
	at com.kms.katalon.core.main.TestCaseMain.startTestSuite(TestCaseMain.java:185)
	at com.kms.katalon.core.main.TestCaseMain$startTestSuite$0.call(Unknown Source)
	at TempTestSuite1668509835381.run(TempTestSuite1668509835381.groovy:36)]]></system-err>
      </testcase>
      <testcase name="Test Cases/Cas de test passant/08- AccÃ©der au service de livraison de colis (MSR-283)" time="42.239" classname="Test Cases/Cas de test passant/08- AccÃ©der au service de livraison de colis (MSR-283)" status="PASSED">
         <system-out><![CDATA[2022-11-15 12:02:50 - [TEST_CASE][PASSED] - Test Cases/Cas de test passant/08- AccÃ©der au service de livraison de colis (MSR-283): Test Cases/Cas de test passant/08- AccÃ©der au service de livraison de colis (MSR-283)

2022-11-15 12:02:50 - [TEST_STEP][PASSED] - startApplication("C:\Users\Ousseynou Diop\Desktop\APK Client\app-debug.apk", true): Started app at: 'C:\Users\Ousseynou Diop\Desktop\APK Client\app-debug.apk'

2022-11-15 12:03:19 - [MESSAGE][PASSED] - Started app at: 'C:\Users\Ousseynou Diop\Desktop\APK Client\app-debug.apk'

2022-11-15 12:03:19 - [TEST_STEP][PASSED] - tap(findTestObject("Object Repository/08-AccÃ©der au service de livraison de colis/android.widget.Button-Continuer en mode Guest"), 0): Tapped on element 'Object Repository/08-AccÃ©der au service de livraison de colis/android.widget.Button-Continuer en mode Guest'

2022-11-15 12:03:19 - [MESSAGE][WARNING] - Timeout '0' is invalid. Using default page load timeout: '30'

2022-11-15 12:03:22 - [MESSAGE][PASSED] - Tapped on element 'Object Repository/08-AccÃ©der au service de livraison de colis/android.widget.Button-Continuer en mode Guest'

2022-11-15 12:03:22 - [TEST_STEP][PASSED] - tap(findTestObject("Object Repository/08-AccÃ©der au service de livraison de colis/android.view.View- Onglet  Livraison de colis"), 0): Tapped on element 'Object Repository/08-AccÃ©der au service de livraison de colis/android.view.View- Onglet  Livraison de colis'

2022-11-15 12:03:22 - [MESSAGE][WARNING] - Timeout '0' is invalid. Using default page load timeout: '30'

2022-11-15 12:03:25 - [MESSAGE][PASSED] - Tapped on element 'Object Repository/08-AccÃ©der au service de livraison de colis/android.view.View- Onglet  Livraison de colis'

2022-11-15 12:03:25 - [TEST_STEP][PASSED] - verifyElementVisible(findTestObject("Object Repository/08-AccÃ©der au service de livraison de colis/android.widget.EditText - Adresse de collecte"), 0): Element 'Object Repository/08-AccÃ©der au service de livraison de colis/android.widget.EditText - Adresse de collecte' is visible

2022-11-15 12:03:25 - [MESSAGE][WARNING] - Timeout '0' is invalid. Using default page load timeout: '30'

2022-11-15 12:03:29 - [MESSAGE][PASSED] - Element 'Object Repository/08-AccÃ©der au service de livraison de colis/android.widget.EditText - Adresse de collecte' is visible

2022-11-15 12:03:29 - [TEST_STEP][PASSED] - closeApplication(): Close app successfully

2022-11-15 12:03:32 - [MESSAGE][PASSED] - Close app successfully]]></system-out>
         <system-err><![CDATA[]]></system-err>
      </testcase>
      <testcase name="Test Cases/Cas de test passant/09-AccÃ©der au service faire sa course en ligne (MSR-283)" time="53.798" classname="Test Cases/Cas de test passant/09-AccÃ©der au service faire sa course en ligne (MSR-283)" status="PASSED">
         <system-out><![CDATA[2022-11-15 12:03:32 - [TEST_CASE][PASSED] - Test Cases/Cas de test passant/09-AccÃ©der au service faire sa course en ligne (MSR-283): Test Cases/Cas de test passant/09-AccÃ©der au service faire sa course en ligne (MSR-283)

2022-11-15 12:03:33 - [TEST_STEP][PASSED] - startApplication("C:\Users\Ousseynou Diop\Desktop\APK Client\app-debug.apk", true): Started app at: 'C:\Users\Ousseynou Diop\Desktop\APK Client\app-debug.apk'

2022-11-15 12:03:33 - [MESSAGE][INFO] - Detected NodeJS location: "C:\Program Files\nodejs\node.exe"

2022-11-15 12:03:35 - [MESSAGE][INFO] - Appium server started on port 52Â 762

2022-11-15 12:04:14 - [MESSAGE][PASSED] - Started app at: 'C:\Users\Ousseynou Diop\Desktop\APK Client\app-debug.apk'

2022-11-15 12:04:14 - [TEST_STEP][PASSED] - tap(findTestObject("Object Repository/09-AccÃ©der au service Faire sa course en ligne/android.widget.Button-Continuer en mode Guest"), 0): Tapped on element 'Object Repository/09-AccÃ©der au service Faire sa course en ligne/android.widget.Button-Continuer en mode Guest'

2022-11-15 12:04:14 - [MESSAGE][WARNING] - Timeout '0' is invalid. Using default page load timeout: '30'

2022-11-15 12:04:18 - [MESSAGE][PASSED] - Tapped on element 'Object Repository/09-AccÃ©der au service Faire sa course en ligne/android.widget.Button-Continuer en mode Guest'

2022-11-15 12:04:18 - [TEST_STEP][PASSED] - tap(findTestObject("Object Repository/09-AccÃ©der au service Faire sa course en ligne/android.view.View-Onglet Faire ses courses"), 0): Tapped on element 'Object Repository/09-AccÃ©der au service Faire sa course en ligne/android.view.View-Onglet Faire ses courses'

2022-11-15 12:04:18 - [MESSAGE][WARNING] - Timeout '0' is invalid. Using default page load timeout: '30'

2022-11-15 12:04:21 - [MESSAGE][PASSED] - Tapped on element 'Object Repository/09-AccÃ©der au service Faire sa course en ligne/android.view.View-Onglet Faire ses courses'

2022-11-15 12:04:21 - [TEST_STEP][PASSED] - verifyElementVisible(findTestObject("Object Repository/09-AccÃ©der au service Faire sa course en ligne/android.widget.EditText - Votre adresse"), 0): Element 'Object Repository/09-AccÃ©der au service Faire sa course en ligne/android.widget.EditText - Votre adresse' is visible

2022-11-15 12:04:21 - [MESSAGE][WARNING] - Timeout '0' is invalid. Using default page load timeout: '30'

2022-11-15 12:04:23 - [MESSAGE][PASSED] - Element 'Object Repository/09-AccÃ©der au service Faire sa course en ligne/android.widget.EditText - Votre adresse' is visible

2022-11-15 12:04:23 - [TEST_STEP][PASSED] - closeApplication(): Close app successfully

2022-11-15 12:04:26 - [MESSAGE][PASSED] - Close app successfully]]></system-out>
         <system-err><![CDATA[]]></system-err>
      </testcase>
      <testcase name="Test Cases/Cas de test passant/10-Saisir ses adresses de collecte et de livraison MSR-214)" time="79.515" classname="Test Cases/Cas de test passant/10-Saisir ses adresses de collecte et de livraison MSR-214)" status="PASSED">
         <system-out><![CDATA[2022-11-15 12:04:26 - [TEST_CASE][PASSED] - Test Cases/Cas de test passant/10-Saisir ses adresses de collecte et de livraison MSR-214): Test Cases/Cas de test passant/10-Saisir ses adresses de collecte et de livraison MSR-214)

2022-11-15 12:04:27 - [TEST_STEP][PASSED] - startApplication("C:\Users\Ousseynou Diop\Desktop\APK Client\app-debug.apk", true): Started app at: 'C:\Users\Ousseynou Diop\Desktop\APK Client\app-debug.apk'

2022-11-15 12:04:27 - [MESSAGE][INFO] - Detected NodeJS location: "C:\Program Files\nodejs\node.exe"

2022-11-15 12:04:29 - [MESSAGE][INFO] - Appium server started on port 49Â 811

2022-11-15 12:05:09 - [MESSAGE][PASSED] - Started app at: 'C:\Users\Ousseynou Diop\Desktop\APK Client\app-debug.apk'

2022-11-15 12:05:09 - [TEST_STEP][PASSED] - tap(findTestObject("Object Repository/10-Saisir ses adresses de collecte et de livraison/android.widget.Button"), 0): Tapped on element 'Object Repository/10-Saisir ses adresses de collecte et de livraison/android.widget.Button'

2022-11-15 12:05:09 - [MESSAGE][WARNING] - Timeout '0' is invalid. Using default page load timeout: '30'

2022-11-15 12:05:13 - [MESSAGE][PASSED] - Tapped on element 'Object Repository/10-Saisir ses adresses de collecte et de livraison/android.widget.Button'

2022-11-15 12:05:13 - [TEST_STEP][PASSED] - tap(findTestObject("Object Repository/10-Saisir ses adresses de collecte et de livraison/android.view.View- Onglet Livraison de colis"), 0): Tapped on element 'Object Repository/10-Saisir ses adresses de collecte et de livraison/android.view.View- Onglet Livraison de colis'

2022-11-15 12:05:13 - [MESSAGE][WARNING] - Timeout '0' is invalid. Using default page load timeout: '30'

2022-11-15 12:05:16 - [MESSAGE][PASSED] - Tapped on element 'Object Repository/10-Saisir ses adresses de collecte et de livraison/android.view.View- Onglet Livraison de colis'

2022-11-15 12:05:16 - [TEST_STEP][PASSED] - tap(findTestObject("Object Repository/10-Saisir ses adresses de collecte et de livraison/android.widget.EditText - Adresse de collecte"), 0): Tapped on element 'Object Repository/10-Saisir ses adresses de collecte et de livraison/android.widget.EditText - Adresse de collecte'

2022-11-15 12:05:16 - [MESSAGE][WARNING] - Timeout '0' is invalid. Using default page load timeout: '30'

2022-11-15 12:05:21 - [MESSAGE][PASSED] - Tapped on element 'Object Repository/10-Saisir ses adresses de collecte et de livraison/android.widget.EditText - Adresse de collecte'

2022-11-15 12:05:21 - [TEST_STEP][PASSED] - tap(findTestObject("Object Repository/10-Saisir ses adresses de collecte et de livraison/android.view.View-Ma position"), 0): Tapped on element 'Object Repository/10-Saisir ses adresses de collecte et de livraison/android.view.View-Ma position'

2022-11-15 12:05:21 - [MESSAGE][WARNING] - Timeout '0' is invalid. Using default page load timeout: '30'

2022-11-15 12:05:25 - [MESSAGE][PASSED] - Tapped on element 'Object Repository/10-Saisir ses adresses de collecte et de livraison/android.view.View-Ma position'

2022-11-15 12:05:25 - [TEST_STEP][PASSED] - tap(findTestObject("Object Repository/10-Saisir ses adresses de collecte et de livraison/android.widget.EditText - Adresse de livraison"), 0): Tapped on element 'Object Repository/10-Saisir ses adresses de collecte et de livraison/android.widget.EditText - Adresse de livraison'

2022-11-15 12:05:26 - [MESSAGE][WARNING] - Timeout '0' is invalid. Using default page load timeout: '30'

2022-11-15 12:05:28 - [MESSAGE][PASSED] - Tapped on element 'Object Repository/10-Saisir ses adresses de collecte et de livraison/android.widget.EditText - Adresse de livraison'

2022-11-15 12:05:28 - [TEST_STEP][PASSED] - setText(findTestObject("Object Repository/10-Saisir ses adresses de collecte et de livraison/android.widget.EditText - Adresse de livraison (1)"), "Pikine", 0): Text 'Pikine' has been set to element 'Object Repository/10-Saisir ses adresses de collecte et de livraison/android.widget.EditText - Adresse de livraison (1)'

2022-11-15 12:05:28 - [MESSAGE][WARNING] - Timeout '0' is invalid. Using default page load timeout: '30'

2022-11-15 12:05:32 - [MESSAGE][PASSED] - Text 'Pikine' has been set to element 'Object Repository/10-Saisir ses adresses de collecte et de livraison/android.widget.EditText - Adresse de livraison (1)'

2022-11-15 12:05:32 - [TEST_STEP][PASSED] - tap(findTestObject("Object Repository/10-Saisir ses adresses de collecte et de livraison/android.view.View"), 0): Tapped on element 'Object Repository/10-Saisir ses adresses de collecte et de livraison/android.view.View'

2022-11-15 12:05:32 - [MESSAGE][WARNING] - Timeout '0' is invalid. Using default page load timeout: '30'

2022-11-15 12:05:34 - [MESSAGE][PASSED] - Tapped on element 'Object Repository/10-Saisir ses adresses de collecte et de livraison/android.view.View'

2022-11-15 12:05:34 - [TEST_STEP][PASSED] - tap(findTestObject("Object Repository/10-Saisir ses adresses de collecte et de livraison/android.widget.Button- Continuer"), 0): Tapped on element 'Object Repository/10-Saisir ses adresses de collecte et de livraison/android.widget.Button- Continuer'

2022-11-15 12:05:34 - [MESSAGE][WARNING] - Timeout '0' is invalid. Using default page load timeout: '30'

2022-11-15 12:05:36 - [MESSAGE][PASSED] - Tapped on element 'Object Repository/10-Saisir ses adresses de collecte et de livraison/android.widget.Button- Continuer'

2022-11-15 12:05:36 - [TEST_STEP][PASSED] - verifyElementVisible(findTestObject("10-Saisir ses adresses de collecte et de livraison/android.widget.ImageView"), 0): Element 'Object Repository/10-Saisir ses adresses de collecte et de livraison/android.widget.ImageView' is visible

2022-11-15 12:05:37 - [MESSAGE][WARNING] - Timeout '0' is invalid. Using default page load timeout: '30'

2022-11-15 12:05:41 - [MESSAGE][PASSED] - Element 'Object Repository/10-Saisir ses adresses de collecte et de livraison/android.widget.ImageView' is visible

2022-11-15 12:05:41 - [TEST_STEP][PASSED] - closeApplication(): Close app successfully

2022-11-15 12:05:46 - [MESSAGE][PASSED] - Close app successfully]]></system-out>
         <system-err><![CDATA[]]></system-err>
      </testcase>
      <testcase name="Test Cases/Cas de test passant/11- Ajouter un colis au panier (MSR-295)" time="32.845" classname="Test Cases/Cas de test passant/11- Ajouter un colis au panier (MSR-295)" status="FAILED">
         <failure type="FAILED" message="Test Cases/Cas de test passant/11- Ajouter un colis au panier (MSR-295) FAILED.
Reason:
com.kms.katalon.core.exception.StepFailedException: Unable to start app at: 'C:\Users\Ousseynou Diop\Desktop\APK Client\app-debug.apk' (Root cause: org.openqa.selenium.SessionNotCreatedException: Unable to create a new remote session. Please check the server log for more details. Original error: An unknown server-side error occurred while processing the command. Original error: Cannot start the 'fr.agiltoo.myshopper.customer.test.release' application. Visit https://github.com/appium/appium/blob/master/docs/en/writing-running-appium/android/activity-startup.md for troubleshooting. Original error: Cannot start the 'fr.agiltoo.myshopper.customer.test.release' application. Visit https://github.com/appium/appium/blob/master/docs/en/writing-running-appium/android/activity-startup.md for troubleshooting. Original error: Activity name '.com.example.myshopper_customer_app.MainActivity' used to start the app doesn't exist or cannot be launched! Make sure it exists and is a launchable activity
Build info: version: '3.141.59', revision: 'e82be7d358', time: '2018-11-14T08:25:53'
System info: host: 'DESKTOP-QOR6BOM', ip: '192.168.1.14', os.name: 'Windows 10', os.arch: 'amd64', os.version: '10.0', java.version: '1.8.0_282'
Driver info: driver.version: SwipeableAndroidDriver
remote stacktrace: UnknownError: An unknown server-side error occurred while processing the command. Original error: Cannot start the 'fr.agiltoo.myshopper.customer.test.release' application. Visit https://github.com/appium/appium/blob/master/docs/en/writing-running-appium/android/activity-startup.md for troubleshooting. Original error: Cannot start the 'fr.agiltoo.myshopper.customer.test.release' application. Visit https://github.com/appium/appium/blob/master/docs/en/writing-running-appium/android/activity-startup.md for troubleshooting. Original error: Activity name '.com.example.myshopper_customer_app.MainActivity' used to start the app doesn't exist or cannot be launched! Make sure it exists and is a launchable activity
    at getResponseForW3CError (C:\Users\Ousseynou Diop\AppData\Roaming\npm\node_modules\appium\node_modules\appium-base-driver\lib\protocol\errors.js:804:9)
    at asyncHandler (C:\Users\Ousseynou Diop\AppData\Roaming\npm\node_modules\appium\node_modules\appium-base-driver\lib\protocol\protocol.js:380:37)
Build info: version: '3.141.59', revision: 'e82be7d358', time: '2018-11-14T08:25:53'
System info: host: 'DESKTOP-QOR6BOM', ip: '192.168.1.14', os.name: 'Windows 10', os.arch: 'amd64', os.version: '10.0', java.version: '1.8.0_282'
Driver info: driver.version: SwipeableAndroidDriver
	at io.appium.java_client.remote.AppiumCommandExecutor$1.createSession(AppiumCommandExecutor.java:208)
	at io.appium.java_client.remote.AppiumCommandExecutor.createSession(AppiumCommandExecutor.java:217)
	at io.appium.java_client.remote.AppiumCommandExecutor.execute(AppiumCommandExecutor.java:239)
	at org.openqa.selenium.remote.RemoteWebDriver.execute(RemoteWebDriver.java:552)
	at io.appium.java_client.DefaultGenericMobileDriver.execute(DefaultGenericMobileDriver.java:42)
	at io.appium.java_client.AppiumDriver.execute(AppiumDriver.java:1)
	at io.appium.java_client.android.AndroidDriver.execute(AndroidDriver.java:1)
	at com.kms.katalon.core.appium.driver.SwipeableAndroidDriver.execute(SwipeableAndroidDriver.java:1)
	at org.openqa.selenium.remote.RemoteWebDriver.startSession(RemoteWebDriver.java:213)
	at org.openqa.selenium.remote.RemoteWebDriver.&lt;init>(RemoteWebDriver.java:131)
	at io.appium.java_client.DefaultGenericMobileDriver.&lt;init>(DefaultGenericMobileDriver.java:38)
	at io.appium.java_client.AppiumDriver.&lt;init>(AppiumDriver.java:84)
	at io.appium.java_client.android.AndroidDriver.&lt;init>(AndroidDriver.java:85)
	at com.kms.katalon.core.appium.driver.SwipeableAndroidDriver.&lt;init>(SwipeableAndroidDriver.java:24)
	at com.kms.katalon.core.appium.driver.AppiumDriverManager.createMobileDriver(AppiumDriverManager.java:503)
	at com.kms.katalon.core.appium.driver.AppiumDriverManager.createMobileDriver(AppiumDriverManager.java:485)
	at com.kms.katalon.core.mobile.keyword.internal.MobileDriverFactory.startLocalMobileDriver(MobileDriverFactory.java:539)
	at com.kms.katalon.core.mobile.keyword.internal.MobileDriverFactory.startMobileDriver(MobileDriverFactory.java:452)
	at com.kms.katalon.core.mobile.keyword.builtin.StartApplicationKeyword$_startApplication_closure1.doCall(StartApplicationKeyword.groovy:49)
	at com.kms.katalon.core.mobile.keyword.builtin.StartApplicationKeyword$_startApplication_closure1.call(StartApplicationKeyword.groovy)
	at com.kms.katalon.core.mobile.keyword.internal.MobileKeywordMain.runKeyword(MobileKeywordMain.groovy:21)
	at com.kms.katalon.core.mobile.keyword.builtin.StartApplicationKeyword.startApplication(StartApplicationKeyword.groovy:51)
	at com.kms.katalon.core.mobile.keyword.builtin.StartApplicationKeyword.execute(StartApplicationKeyword.groovy:40)
	at com.kms.katalon.core.keyword.internal.KeywordExecutor.executeKeywordForPlatform(KeywordExecutor.groovy:74)
	at com.kms.katalon.core.mobile.keyword.MobileBuiltInKeywords.startApplication(MobileBuiltInKeywords.groovy:78)
	at com.kms.katalon.core.mobile.keyword.MobileBuiltInKeywords$startApplication.call(Unknown Source)
	at 11- Ajouter un colis au panier (MSR-295).run(11- Ajouter un colis au panier (MSR-295):20)
	at com.kms.katalon.core.main.ScriptEngine.run(ScriptEngine.java:194)
	at com.kms.katalon.core.main.ScriptEngine.runScriptAsRawText(ScriptEngine.java:119)
	at com.kms.katalon.core.main.TestCaseExecutor.runScript(TestCaseExecutor.java:448)
	at com.kms.katalon.core.main.TestCaseExecutor.doExecute(TestCaseExecutor.java:439)
	at com.kms.katalon.core.main.TestCaseExecutor.processExecutionPhase(TestCaseExecutor.java:418)
	at com.kms.katalon.core.main.TestCaseExecutor.accessMainPhase(TestCaseExecutor.java:410)
	at com.kms.katalon.core.main.TestCaseExecutor.execute(TestCaseExecutor.java:285)
	at com.kms.katalon.core.common.CommonExecutor.accessTestCaseMainPhase(CommonExecutor.java:65)
	at com.kms.katalon.core.main.TestSuiteExecutor.accessTestSuiteMainPhase(TestSuiteExecutor.java:151)
	at com.kms.katalon.core.main.TestSuiteExecutor.execute(TestSuiteExecutor.java:106)
	at com.kms.katalon.core.main.TestCaseMain.startTestSuite(TestCaseMain.java:185)
	at com.kms.katalon.core.main.TestCaseMain$startTestSuite$0.call(Unknown Source)
	at TempTestSuite1668509835381.run(TempTestSuite1668509835381.groovy:36)
Caused by: java.lang.reflect.InvocationTargetException
	at io.appium.java_client.remote.AppiumCommandExecutor$1.createSession(AppiumCommandExecutor.java:186)
	at io.appium.java_client.remote.AppiumCommandExecutor.createSession(AppiumCommandExecutor.java:217)
	at io.appium.java_client.remote.AppiumCommandExecutor.execute(AppiumCommandExecutor.java:239)
	at org.openqa.selenium.remote.RemoteWebDriver.execute(RemoteWebDriver.java:552)
	at io.appium.java_client.DefaultGenericMobileDriver.execute(DefaultGenericMobileDriver.java:42)
	at io.appium.java_client.AppiumDriver.execute(AppiumDriver.java:1)
	at io.appium.java_client.android.AndroidDriver.execute(AndroidDriver.java:1)
	at com.kms.katalon.core.appium.driver.SwipeableAndroidDriver.execute(SwipeableAndroidDriver.java:1)
	at org.openqa.selenium.remote.RemoteWebDriver.startSession(RemoteWebDriver.java:213)
	at org.openqa.selenium.remote.RemoteWebDriver.&lt;init>(RemoteWebDriver.java:131)
	at io.appium.java_client.DefaultGenericMobileDriver.&lt;init>(DefaultGenericMobileDriver.java:38)
	at io.appium.java_client.AppiumDriver.&lt;init>(AppiumDriver.java:84)
	at io.appium.java_client.android.AndroidDriver.&lt;init>(AndroidDriver.java:85)
	at com.kms.katalon.core.appium.driver.SwipeableAndroidDriver.&lt;init>(SwipeableAndroidDriver.java:24)
	at com.kms.katalon.core.appium.driver.AppiumDriverManager.createMobileDriver(AppiumDriverManager.java:503)
	at com.kms.katalon.core.appium.driver.AppiumDriverManager.createMobileDriver(AppiumDriverManager.java:485)
	at com.kms.katalon.core.mobile.keyword.internal.MobileDriverFactory.startLocalMobileDriver(MobileDriverFactory.java:539)
	at com.kms.katalon.core.mobile.keyword.internal.MobileDriverFactory.startMobileDriver(MobileDriverFactory.java:452)
	at com.kms.katalon.core.mobile.keyword.builtin.StartApplicationKeyword$_startApplication_closure1.doCall(StartApplicationKeyword.groovy:49)
	at com.kms.katalon.core.mobile.keyword.builtin.StartApplicationKeyword$_startApplication_closure1.call(StartApplicationKeyword.groovy)
	at com.kms.katalon.core.mobile.keyword.internal.MobileKeywordMain.runKeyword(MobileKeywordMain.groovy:21)
	at com.kms.katalon.core.mobile.keyword.builtin.StartApplicationKeyword.startApplication(StartApplicationKeyword.groovy:51)
	at com.kms.katalon.core.mobile.keyword.builtin.StartApplicationKeyword.execute(StartApplicationKeyword.groovy:40)
	at com.kms.katalon.core.keyword.internal.KeywordExecutor.executeKeywordForPlatform(KeywordExecutor.groovy:74)
	at com.kms.katalon.core.mobile.keyword.MobileBuiltInKeywords.startApplication(MobileBuiltInKeywords.groovy:78)
	at com.kms.katalon.core.mobile.keyword.MobileBuiltInKeywords$startApplication.call(Unknown Source)
	at Script1666266234205.run(Script1666266234205.groovy:20)
	... 13 more
Caused by: org.openqa.selenium.WebDriverException: An unknown server-side error occurred while processing the command. Original error: Cannot start the 'fr.agiltoo.myshopper.customer.test.release' application. Visit https://github.com/appium/appium/blob/master/docs/en/writing-running-appium/android/activity-startup.md for troubleshooting. Original error: Cannot start the 'fr.agiltoo.myshopper.customer.test.release' application. Visit https://github.com/appium/appium/blob/master/docs/en/writing-running-appium/android/activity-startup.md for troubleshooting. Original error: Activity name '.com.example.myshopper_customer_app.MainActivity' used to start the app doesn't exist or cannot be launched! Make sure it exists and is a launchable activity
Build info: version: '3.141.59', revision: 'e82be7d358', time: '2018-11-14T08:25:53'
System info: host: 'DESKTOP-QOR6BOM', ip: '192.168.1.14', os.name: 'Windows 10', os.arch: 'amd64', os.version: '10.0', java.version: '1.8.0_282'
Driver info: driver.version: SwipeableAndroidDriver
remote stacktrace: UnknownError: An unknown server-side error occurred while processing the command. Original error: Cannot start the 'fr.agiltoo.myshopper.customer.test.release' application. Visit https://github.com/appium/appium/blob/master/docs/en/writing-running-appium/android/activity-startup.md for troubleshooting. Original error: Cannot start the 'fr.agiltoo.myshopper.customer.test.release' application. Visit https://github.com/appium/appium/blob/master/docs/en/writing-running-appium/android/activity-startup.md for troubleshooting. Original error: Activity name '.com.example.myshopper_customer_app.MainActivity' used to start the app doesn't exist or cannot be launched! Make sure it exists and is a launchable activity
    at getResponseForW3CError (C:\Users\Ousseynou Diop\AppData\Roaming\npm\node_modules\appium\node_modules\appium-base-driver\lib\protocol\errors.js:804:9)
    at asyncHandler (C:\Users\Ousseynou Diop\AppData\Roaming\npm\node_modules\appium\node_modules\appium-base-driver\lib\protocol\protocol.js:380:37)
	at org.openqa.selenium.remote.W3CHandshakeResponse.lambda$errorHandler$0(W3CHandshakeResponse.java:62)
	at org.openqa.selenium.remote.HandshakeResponse.lambda$getResponseFunction$0(HandshakeResponse.java:30)
	at org.openqa.selenium.remote.ProtocolHandshake.lambda$createSession$0(ProtocolHandshake.java:126)
	at org.openqa.selenium.remote.ProtocolHandshake.createSession(ProtocolHandshake.java:128)
	... 40 more
)
	at com.kms.katalon.core.keyword.internal.KeywordMain.stepFailed(KeywordMain.groovy:50)
	at com.kms.katalon.core.mobile.keyword.internal.MobileKeywordMain.stepFailed(MobileKeywordMain.groovy:40)
	at com.kms.katalon.core.mobile.keyword.internal.MobileKeywordMain.runKeyword(MobileKeywordMain.groovy:23)
	at com.kms.katalon.core.mobile.keyword.builtin.StartApplicationKeyword.startApplication(StartApplicationKeyword.groovy:51)
	at com.kms.katalon.core.mobile.keyword.builtin.StartApplicationKeyword.execute(StartApplicationKeyword.groovy:40)
	at com.kms.katalon.core.keyword.internal.KeywordExecutor.executeKeywordForPlatform(KeywordExecutor.groovy:74)
	at com.kms.katalon.core.mobile.keyword.MobileBuiltInKeywords.startApplication(MobileBuiltInKeywords.groovy:78)
	at com.kms.katalon.core.mobile.keyword.MobileBuiltInKeywords$startApplication.call(Unknown Source)
	at 11- Ajouter un colis au panier (MSR-295).run(11- Ajouter un colis au panier (MSR-295):20)
	at com.kms.katalon.core.main.ScriptEngine.run(ScriptEngine.java:194)
	at com.kms.katalon.core.main.ScriptEngine.runScriptAsRawText(ScriptEngine.java:119)
	at com.kms.katalon.core.main.TestCaseExecutor.runScript(TestCaseExecutor.java:448)
	at com.kms.katalon.core.main.TestCaseExecutor.doExecute(TestCaseExecutor.java:439)
	at com.kms.katalon.core.main.TestCaseExecutor.processExecutionPhase(TestCaseExecutor.java:418)
	at com.kms.katalon.core.main.TestCaseExecutor.accessMainPhase(TestCaseExecutor.java:410)
	at com.kms.katalon.core.main.TestCaseExecutor.execute(TestCaseExecutor.java:285)
	at com.kms.katalon.core.common.CommonExecutor.accessTestCaseMainPhase(CommonExecutor.java:65)
	at com.kms.katalon.core.main.TestSuiteExecutor.accessTestSuiteMainPhase(TestSuiteExecutor.java:151)
	at com.kms.katalon.core.main.TestSuiteExecutor.execute(TestSuiteExecutor.java:106)
	at com.kms.katalon.core.main.TestCaseMain.startTestSuite(TestCaseMain.java:185)
	at com.kms.katalon.core.main.TestCaseMain$startTestSuite$0.call(Unknown Source)
	at TempTestSuite1668509835381.run(TempTestSuite1668509835381.groovy:36)
Caused by: org.openqa.selenium.SessionNotCreatedException: Unable to create a new remote session. Please check the server log for more details. Original error: An unknown server-side error occurred while processing the command. Original error: Cannot start the 'fr.agiltoo.myshopper.customer.test.release' application. Visit https://github.com/appium/appium/blob/master/docs/en/writing-running-appium/android/activity-startup.md for troubleshooting. Original error: Cannot start the 'fr.agiltoo.myshopper.customer.test.release' application. Visit https://github.com/appium/appium/blob/master/docs/en/writing-running-appium/android/activity-startup.md for troubleshooting. Original error: Activity name '.com.example.myshopper_customer_app.MainActivity' used to start the app doesn't exist or cannot be launched! Make sure it exists and is a launchable activity
Build info: version: '3.141.59', revision: 'e82be7d358', time: '2018-11-14T08:25:53'
System info: host: 'DESKTOP-QOR6BOM', ip: '192.168.1.14', os.name: 'Windows 10', os.arch: 'amd64', os.version: '10.0', java.version: '1.8.0_282'
Driver info: driver.version: SwipeableAndroidDriver
remote stacktrace: UnknownError: An unknown server-side error occurred while processing the command. Original error: Cannot start the 'fr.agiltoo.myshopper.customer.test.release' application. Visit https://github.com/appium/appium/blob/master/docs/en/writing-running-appium/android/activity-startup.md for troubleshooting. Original error: Cannot start the 'fr.agiltoo.myshopper.customer.test.release' application. Visit https://github.com/appium/appium/blob/master/docs/en/writing-running-appium/android/activity-startup.md for troubleshooting. Original error: Activity name '.com.example.myshopper_customer_app.MainActivity' used to start the app doesn't exist or cannot be launched! Make sure it exists and is a launchable activity
    at getResponseForW3CError (C:\Users\Ousseynou Diop\AppData\Roaming\npm\node_modules\appium\node_modules\appium-base-driver\lib\protocol\errors.js:804:9)
    at asyncHandler (C:\Users\Ousseynou Diop\AppData\Roaming\npm\node_modules\appium\node_modules\appium-base-driver\lib\protocol\protocol.js:380:37)
Build info: version: '3.141.59', revision: 'e82be7d358', time: '2018-11-14T08:25:53'
System info: host: 'DESKTOP-QOR6BOM', ip: '192.168.1.14', os.name: 'Windows 10', os.arch: 'amd64', os.version: '10.0', java.version: '1.8.0_282'
Driver info: driver.version: SwipeableAndroidDriver
	at io.appium.java_client.remote.AppiumCommandExecutor$1.createSession(AppiumCommandExecutor.java:208)
	at io.appium.java_client.remote.AppiumCommandExecutor.createSession(AppiumCommandExecutor.java:217)
	at io.appium.java_client.remote.AppiumCommandExecutor.execute(AppiumCommandExecutor.java:239)
	at org.openqa.selenium.remote.RemoteWebDriver.execute(RemoteWebDriver.java:552)
	at io.appium.java_client.DefaultGenericMobileDriver.execute(DefaultGenericMobileDriver.java:42)
	at io.appium.java_client.AppiumDriver.execute(AppiumDriver.java:1)
	at io.appium.java_client.android.AndroidDriver.execute(AndroidDriver.java:1)
	at com.kms.katalon.core.appium.driver.SwipeableAndroidDriver.execute(SwipeableAndroidDriver.java:1)
	at org.openqa.selenium.remote.RemoteWebDriver.startSession(RemoteWebDriver.java:213)
	at org.openqa.selenium.remote.RemoteWebDriver.&lt;init>(RemoteWebDriver.java:131)
	at io.appium.java_client.DefaultGenericMobileDriver.&lt;init>(DefaultGenericMobileDriver.java:38)
	at io.appium.java_client.AppiumDriver.&lt;init>(AppiumDriver.java:84)
	at io.appium.java_client.android.AndroidDriver.&lt;init>(AndroidDriver.java:85)
	at com.kms.katalon.core.appium.driver.SwipeableAndroidDriver.&lt;init>(SwipeableAndroidDriver.java:24)
	at com.kms.katalon.core.appium.driver.AppiumDriverManager.createMobileDriver(AppiumDriverManager.java:503)
	at com.kms.katalon.core.appium.driver.AppiumDriverManager.createMobileDriver(AppiumDriverManager.java:485)
	at com.kms.katalon.core.mobile.keyword.internal.MobileDriverFactory.startLocalMobileDriver(MobileDriverFactory.java:539)
	at com.kms.katalon.core.mobile.keyword.internal.MobileDriverFactory.startMobileDriver(MobileDriverFactory.java:452)
	at com.kms.katalon.core.mobile.keyword.builtin.StartApplicationKeyword$_startApplication_closure1.doCall(StartApplicationKeyword.groovy:49)
	at com.kms.katalon.core.mobile.keyword.builtin.StartApplicationKeyword$_startApplication_closure1.call(StartApplicationKeyword.groovy)
	at com.kms.katalon.core.mobile.keyword.internal.MobileKeywordMain.runKeyword(MobileKeywordMain.groovy:21)
	... 19 more
Caused by: java.lang.reflect.InvocationTargetException
	at io.appium.java_client.remote.AppiumCommandExecutor$1.createSession(AppiumCommandExecutor.java:186)
	at io.appium.java_client.remote.AppiumCommandExecutor.createSession(AppiumCommandExecutor.java:217)
	at io.appium.java_client.remote.AppiumCommandExecutor.execute(AppiumCommandExecutor.java:239)
	at org.openqa.selenium.remote.RemoteWebDriver.execute(RemoteWebDriver.java:552)
	at io.appium.java_client.DefaultGenericMobileDriver.execute(DefaultGenericMobileDriver.java:42)
	at io.appium.java_client.AppiumDriver.execute(AppiumDriver.java:1)
	at io.appium.java_client.android.AndroidDriver.execute(AndroidDriver.java:1)
	at com.kms.katalon.core.appium.driver.SwipeableAndroidDriver.execute(SwipeableAndroidDriver.java:1)
	at org.openqa.selenium.remote.RemoteWebDriver.startSession(RemoteWebDriver.java:213)
	at org.openqa.selenium.remote.RemoteWebDriver.&lt;init>(RemoteWebDriver.java:131)
	at io.appium.java_client.DefaultGenericMobileDriver.&lt;init>(DefaultGenericMobileDriver.java:38)
	at io.appium.java_client.AppiumDriver.&lt;init>(AppiumDriver.java:84)
	at io.appium.java_client.android.AndroidDriver.&lt;init>(AndroidDriver.java:85)
	at com.kms.katalon.core.appium.driver.SwipeableAndroidDriver.&lt;init>(SwipeableAndroidDriver.java:24)
	at com.kms.katalon.core.appium.driver.AppiumDriverManager.createMobileDriver(AppiumDriverManager.java:503)
	at com.kms.katalon.core.appium.driver.AppiumDriverManager.createMobileDriver(AppiumDriverManager.java:485)
	at com.kms.katalon.core.mobile.keyword.internal.MobileDriverFactory.startLocalMobileDriver(MobileDriverFactory.java:539)
	at com.kms.katalon.core.mobile.keyword.internal.MobileDriverFactory.startMobileDriver(MobileDriverFactory.java:452)
	at com.kms.katalon.core.mobile.keyword.builtin.StartApplicationKeyword$_startApplication_closure1.doCall(StartApplicationKeyword.groovy:49)
	at com.kms.katalon.core.mobile.keyword.builtin.StartApplicationKeyword$_startApplication_closure1.call(StartApplicationKeyword.groovy)
	at com.kms.katalon.core.mobile.keyword.internal.MobileKeywordMain.runKeyword(MobileKeywordMain.groovy:21)
	at com.kms.katalon.core.mobile.keyword.builtin.StartApplicationKeyword.startApplication(StartApplicationKeyword.groovy:51)
	at com.kms.katalon.core.mobile.keyword.builtin.StartApplicationKeyword.execute(StartApplicationKeyword.groovy:40)
	at com.kms.katalon.core.keyword.internal.KeywordExecutor.executeKeywordForPlatform(KeywordExecutor.groovy:74)
	at com.kms.katalon.core.mobile.keyword.MobileBuiltInKeywords.startApplication(MobileBuiltInKeywords.groovy:78)
	at com.kms.katalon.core.mobile.keyword.MobileBuiltInKeywords$startApplication.call(Unknown Source)
	at Script1666266234205.run(Script1666266234205.groovy:20)
	... 13 more
Caused by: org.openqa.selenium.WebDriverException: An unknown server-side error occurred while processing the command. Original error: Cannot start the 'fr.agiltoo.myshopper.customer.test.release' application. Visit https://github.com/appium/appium/blob/master/docs/en/writing-running-appium/android/activity-startup.md for troubleshooting. Original error: Cannot start the 'fr.agiltoo.myshopper.customer.test.release' application. Visit https://github.com/appium/appium/blob/master/docs/en/writing-running-appium/android/activity-startup.md for troubleshooting. Original error: Activity name '.com.example.myshopper_customer_app.MainActivity' used to start the app doesn't exist or cannot be launched! Make sure it exists and is a launchable activity
Build info: version: '3.141.59', revision: 'e82be7d358', time: '2018-11-14T08:25:53'
System info: host: 'DESKTOP-QOR6BOM', ip: '192.168.1.14', os.name: 'Windows 10', os.arch: 'amd64', os.version: '10.0', java.version: '1.8.0_282'
Driver info: driver.version: SwipeableAndroidDriver
remote stacktrace: UnknownError: An unknown server-side error occurred while processing the command. Original error: Cannot start the 'fr.agiltoo.myshopper.customer.test.release' application. Visit https://github.com/appium/appium/blob/master/docs/en/writing-running-appium/android/activity-startup.md for troubleshooting. Original error: Cannot start the 'fr.agiltoo.myshopper.customer.test.release' application. Visit https://github.com/appium/appium/blob/master/docs/en/writing-running-appium/android/activity-startup.md for troubleshooting. Original error: Activity name '.com.example.myshopper_customer_app.MainActivity' used to start the app doesn't exist or cannot be launched! Make sure it exists and is a launchable activity
    at getResponseForW3CError (C:\Users\Ousseynou Diop\AppData\Roaming\npm\node_modules\appium\node_modules\appium-base-driver\lib\protocol\errors.js:804:9)
    at asyncHandler (C:\Users\Ousseynou Diop\AppData\Roaming\npm\node_modules\appium\node_modules\appium-base-driver\lib\protocol\protocol.js:380:37)
	at org.openqa.selenium.remote.W3CHandshakeResponse.lambda$errorHandler$0(W3CHandshakeResponse.java:62)
	at org.openqa.selenium.remote.HandshakeResponse.lambda$getResponseFunction$0(HandshakeResponse.java:30)
	at org.openqa.selenium.remote.ProtocolHandshake.lambda$createSession$0(ProtocolHandshake.java:126)
	at org.openqa.selenium.remote.ProtocolHandshake.createSession(ProtocolHandshake.java:128)
	at io.appium.java_client.remote.AppiumCommandExecutor$1.createSession(AppiumCommandExecutor.java:186)
	at io.appium.java_client.remote.AppiumCommandExecutor.createSession(AppiumCommandExecutor.java:217)
	at io.appium.java_client.remote.AppiumCommandExecutor.execute(AppiumCommandExecutor.java:239)
	at org.openqa.selenium.remote.RemoteWebDriver.execute(RemoteWebDriver.java:552)
	at io.appium.java_client.DefaultGenericMobileDriver.execute(DefaultGenericMobileDriver.java:42)
	at io.appium.java_client.AppiumDriver.execute(AppiumDriver.java:1)
	at io.appium.java_client.android.AndroidDriver.execute(AndroidDriver.java:1)
	at com.kms.katalon.core.appium.driver.SwipeableAndroidDriver.execute(SwipeableAndroidDriver.java:1)
	at org.openqa.selenium.remote.RemoteWebDriver.startSession(RemoteWebDriver.java:213)
	at org.openqa.selenium.remote.RemoteWebDriver.&lt;init>(RemoteWebDriver.java:131)
	at io.appium.java_client.DefaultGenericMobileDriver.&lt;init>(DefaultGenericMobileDriver.java:38)
	at io.appium.java_client.AppiumDriver.&lt;init>(AppiumDriver.java:84)
	at io.appium.java_client.android.AndroidDriver.&lt;init>(AndroidDriver.java:85)
	at com.kms.katalon.core.appium.driver.SwipeableAndroidDriver.&lt;init>(SwipeableAndroidDriver.java:24)
	at com.kms.katalon.core.appium.driver.AppiumDriverManager.createMobileDriver(AppiumDriverManager.java:503)
	at com.kms.katalon.core.appium.driver.AppiumDriverManager.createMobileDriver(AppiumDriverManager.java:485)
	at com.kms.katalon.core.mobile.keyword.internal.MobileDriverFactory.startLocalMobileDriver(MobileDriverFactory.java:539)
	at com.kms.katalon.core.mobile.keyword.internal.MobileDriverFactory.startMobileDriver(MobileDriverFactory.java:452)
	at com.kms.katalon.core.mobile.keyword.builtin.StartApplicationKeyword$_startApplication_closure1.doCall(StartApplicationKeyword.groovy:49)
	at com.kms.katalon.core.mobile.keyword.builtin.StartApplicationKeyword$_startApplication_closure1.call(StartApplicationKeyword.groovy)
	at com.kms.katalon.core.mobile.keyword.internal.MobileKeywordMain.runKeyword(MobileKeywordMain.groovy:21)
	at com.kms.katalon.core.mobile.keyword.builtin.StartApplicationKeyword.startApplication(StartApplicationKeyword.groovy:51)
	at com.kms.katalon.core.mobile.keyword.builtin.StartApplicationKeyword.execute(StartApplicationKeyword.groovy:40)
	at com.kms.katalon.core.keyword.internal.KeywordExecutor.executeKeywordForPlatform(KeywordExecutor.groovy:74)
	at com.kms.katalon.core.mobile.keyword.MobileBuiltInKeywords.startApplication(MobileBuiltInKeywords.groovy:78)
	at com.kms.katalon.core.mobile.keyword.MobileBuiltInKeywords$startApplication.call(Unknown Source)
	at 11- Ajouter un colis au panier (MSR-295).run(11- Ajouter un colis au panier (MSR-295):20)
	... 13 more
"/>
         <system-out><![CDATA[2022-11-15 12:05:46 - [TEST_CASE][FAILED] - Test Cases/Cas de test passant/11- Ajouter un colis au panier (MSR-295): Test Cases/Cas de test passant/11- Ajouter un colis au panier (MSR-295) FAILED.
Reason:
com.kms.katalon.core.exception.StepFailedException: Unable to start app at: 'C:\Users\Ousseynou Diop\Desktop\APK Client\app-debug.apk' (Root cause: org.openqa.selenium.SessionNotCreatedException: Unable to create a new remote session. Please check the server log for more details. Original error: An unknown server-side error occurred while processing the command. Original error: Cannot start the 'fr.agiltoo.myshopper.customer.test.release' application. Visit https://github.com/appium/appium/blob/master/docs/en/writing-running-appium/android/activity-startup.md for troubleshooting. Original error: Cannot start the 'fr.agiltoo.myshopper.customer.test.release' application. Visit https://github.com/appium/appium/blob/master/docs/en/writing-running-appium/android/activity-startup.md for troubleshooting. Original error: Activity name '.com.example.myshopper_customer_app.MainActivity' used to start the app doesn't exist or cannot be launched! Make sure it exists and is a launchable activity
Build info: version: '3.141.59', revision: 'e82be7d358', time: '2018-11-14T08:25:53'
System info: host: 'DESKTOP-QOR6BOM', ip: '192.168.1.14', os.name: 'Windows 10', os.arch: 'amd64', os.version: '10.0', java.version: '1.8.0_282'
Driver info: driver.version: SwipeableAndroidDriver
remote stacktrace: UnknownError: An unknown server-side error occurred while processing the command. Original error: Cannot start the 'fr.agiltoo.myshopper.customer.test.release' application. Visit https://github.com/appium/appium/blob/master/docs/en/writing-running-appium/android/activity-startup.md for troubleshooting. Original error: Cannot start the 'fr.agiltoo.myshopper.customer.test.release' application. Visit https://github.com/appium/appium/blob/master/docs/en/writing-running-appium/android/activity-startup.md for troubleshooting. Original error: Activity name '.com.example.myshopper_customer_app.MainActivity' used to start the app doesn't exist or cannot be launched! Make sure it exists and is a launchable activity
    at getResponseForW3CError (C:\Users\Ousseynou Diop\AppData\Roaming\npm\node_modules\appium\node_modules\appium-base-driver\lib\protocol\errors.js:804:9)
    at asyncHandler (C:\Users\Ousseynou Diop\AppData\Roaming\npm\node_modules\appium\node_modules\appium-base-driver\lib\protocol\protocol.js:380:37)
Build info: version: '3.141.59', revision: 'e82be7d358', time: '2018-11-14T08:25:53'
System info: host: 'DESKTOP-QOR6BOM', ip: '192.168.1.14', os.name: 'Windows 10', os.arch: 'amd64', os.version: '10.0', java.version: '1.8.0_282'
Driver info: driver.version: SwipeableAndroidDriver
	at io.appium.java_client.remote.AppiumCommandExecutor$1.createSession(AppiumCommandExecutor.java:208)
	at io.appium.java_client.remote.AppiumCommandExecutor.createSession(AppiumCommandExecutor.java:217)
	at io.appium.java_client.remote.AppiumCommandExecutor.execute(AppiumCommandExecutor.java:239)
	at org.openqa.selenium.remote.RemoteWebDriver.execute(RemoteWebDriver.java:552)
	at io.appium.java_client.DefaultGenericMobileDriver.execute(DefaultGenericMobileDriver.java:42)
	at io.appium.java_client.AppiumDriver.execute(AppiumDriver.java:1)
	at io.appium.java_client.android.AndroidDriver.execute(AndroidDriver.java:1)
	at com.kms.katalon.core.appium.driver.SwipeableAndroidDriver.execute(SwipeableAndroidDriver.java:1)
	at org.openqa.selenium.remote.RemoteWebDriver.startSession(RemoteWebDriver.java:213)
	at org.openqa.selenium.remote.RemoteWebDriver.<init>(RemoteWebDriver.java:131)
	at io.appium.java_client.DefaultGenericMobileDriver.<init>(DefaultGenericMobileDriver.java:38)
	at io.appium.java_client.AppiumDriver.<init>(AppiumDriver.java:84)
	at io.appium.java_client.android.AndroidDriver.<init>(AndroidDriver.java:85)
	at com.kms.katalon.core.appium.driver.SwipeableAndroidDriver.<init>(SwipeableAndroidDriver.java:24)
	at com.kms.katalon.core.appium.driver.AppiumDriverManager.createMobileDriver(AppiumDriverManager.java:503)
	at com.kms.katalon.core.appium.driver.AppiumDriverManager.createMobileDriver(AppiumDriverManager.java:485)
	at com.kms.katalon.core.mobile.keyword.internal.MobileDriverFactory.startLocalMobileDriver(MobileDriverFactory.java:539)
	at com.kms.katalon.core.mobile.keyword.internal.MobileDriverFactory.startMobileDriver(MobileDriverFactory.java:452)
	at com.kms.katalon.core.mobile.keyword.builtin.StartApplicationKeyword$_startApplication_closure1.doCall(StartApplicationKeyword.groovy:49)
	at com.kms.katalon.core.mobile.keyword.builtin.StartApplicationKeyword$_startApplication_closure1.call(StartApplicationKeyword.groovy)
	at com.kms.katalon.core.mobile.keyword.internal.MobileKeywordMain.runKeyword(MobileKeywordMain.groovy:21)
	at com.kms.katalon.core.mobile.keyword.builtin.StartApplicationKeyword.startApplication(StartApplicationKeyword.groovy:51)
	at com.kms.katalon.core.mobile.keyword.builtin.StartApplicationKeyword.execute(StartApplicationKeyword.groovy:40)
	at com.kms.katalon.core.keyword.internal.KeywordExecutor.executeKeywordForPlatform(KeywordExecutor.groovy:74)
	at com.kms.katalon.core.mobile.keyword.MobileBuiltInKeywords.startApplication(MobileBuiltInKeywords.groovy:78)
	at com.kms.katalon.core.mobile.keyword.MobileBuiltInKeywords$startApplication.call(Unknown Source)
	at 11- Ajouter un colis au panier (MSR-295).run(11- Ajouter un colis au panier (MSR-295):20)
	at com.kms.katalon.core.main.ScriptEngine.run(ScriptEngine.java:194)
	at com.kms.katalon.core.main.ScriptEngine.runScriptAsRawText(ScriptEngine.java:119)
	at com.kms.katalon.core.main.TestCaseExecutor.runScript(TestCaseExecutor.java:448)
	at com.kms.katalon.core.main.TestCaseExecutor.doExecute(TestCaseExecutor.java:439)
	at com.kms.katalon.core.main.TestCaseExecutor.processExecutionPhase(TestCaseExecutor.java:418)
	at com.kms.katalon.core.main.TestCaseExecutor.accessMainPhase(TestCaseExecutor.java:410)
	at com.kms.katalon.core.main.TestCaseExecutor.execute(TestCaseExecutor.java:285)
	at com.kms.katalon.core.common.CommonExecutor.accessTestCaseMainPhase(CommonExecutor.java:65)
	at com.kms.katalon.core.main.TestSuiteExecutor.accessTestSuiteMainPhase(TestSuiteExecutor.java:151)
	at com.kms.katalon.core.main.TestSuiteExecutor.execute(TestSuiteExecutor.java:106)
	at com.kms.katalon.core.main.TestCaseMain.startTestSuite(TestCaseMain.java:185)
	at com.kms.katalon.core.main.TestCaseMain$startTestSuite$0.call(Unknown Source)
	at TempTestSuite1668509835381.run(TempTestSuite1668509835381.groovy:36)
Caused by: java.lang.reflect.InvocationTargetException
	at io.appium.java_client.remote.AppiumCommandExecutor$1.createSession(AppiumCommandExecutor.java:186)
	at io.appium.java_client.remote.AppiumCommandExecutor.createSession(AppiumCommandExecutor.java:217)
	at io.appium.java_client.remote.AppiumCommandExecutor.execute(AppiumCommandExecutor.java:239)
	at org.openqa.selenium.remote.RemoteWebDriver.execute(RemoteWebDriver.java:552)
	at io.appium.java_client.DefaultGenericMobileDriver.execute(DefaultGenericMobileDriver.java:42)
	at io.appium.java_client.AppiumDriver.execute(AppiumDriver.java:1)
	at io.appium.java_client.android.AndroidDriver.execute(AndroidDriver.java:1)
	at com.kms.katalon.core.appium.driver.SwipeableAndroidDriver.execute(SwipeableAndroidDriver.java:1)
	at org.openqa.selenium.remote.RemoteWebDriver.startSession(RemoteWebDriver.java:213)
	at org.openqa.selenium.remote.RemoteWebDriver.<init>(RemoteWebDriver.java:131)
	at io.appium.java_client.DefaultGenericMobileDriver.<init>(DefaultGenericMobileDriver.java:38)
	at io.appium.java_client.AppiumDriver.<init>(AppiumDriver.java:84)
	at io.appium.java_client.android.AndroidDriver.<init>(AndroidDriver.java:85)
	at com.kms.katalon.core.appium.driver.SwipeableAndroidDriver.<init>(SwipeableAndroidDriver.java:24)
	at com.kms.katalon.core.appium.driver.AppiumDriverManager.createMobileDriver(AppiumDriverManager.java:503)
	at com.kms.katalon.core.appium.driver.AppiumDriverManager.createMobileDriver(AppiumDriverManager.java:485)
	at com.kms.katalon.core.mobile.keyword.internal.MobileDriverFactory.startLocalMobileDriver(MobileDriverFactory.java:539)
	at com.kms.katalon.core.mobile.keyword.internal.MobileDriverFactory.startMobileDriver(MobileDriverFactory.java:452)
	at com.kms.katalon.core.mobile.keyword.builtin.StartApplicationKeyword$_startApplication_closure1.doCall(StartApplicationKeyword.groovy:49)
	at com.kms.katalon.core.mobile.keyword.builtin.StartApplicationKeyword$_startApplication_closure1.call(StartApplicationKeyword.groovy)
	at com.kms.katalon.core.mobile.keyword.internal.MobileKeywordMain.runKeyword(MobileKeywordMain.groovy:21)
	at com.kms.katalon.core.mobile.keyword.builtin.StartApplicationKeyword.startApplication(StartApplicationKeyword.groovy:51)
	at com.kms.katalon.core.mobile.keyword.builtin.StartApplicationKeyword.execute(StartApplicationKeyword.groovy:40)
	at com.kms.katalon.core.keyword.internal.KeywordExecutor.executeKeywordForPlatform(KeywordExecutor.groovy:74)
	at com.kms.katalon.core.mobile.keyword.MobileBuiltInKeywords.startApplication(MobileBuiltInKeywords.groovy:78)
	at com.kms.katalon.core.mobile.keyword.MobileBuiltInKeywords$startApplication.call(Unknown Source)
	at Script1666266234205.run(Script1666266234205.groovy:20)
	... 13 more
Caused by: org.openqa.selenium.WebDriverException: An unknown server-side error occurred while processing the command. Original error: Cannot start the 'fr.agiltoo.myshopper.customer.test.release' application. Visit https://github.com/appium/appium/blob/master/docs/en/writing-running-appium/android/activity-startup.md for troubleshooting. Original error: Cannot start the 'fr.agiltoo.myshopper.customer.test.release' application. Visit https://github.com/appium/appium/blob/master/docs/en/writing-running-appium/android/activity-startup.md for troubleshooting. Original error: Activity name '.com.example.myshopper_customer_app.MainActivity' used to start the app doesn't exist or cannot be launched! Make sure it exists and is a launchable activity
Build info: version: '3.141.59', revision: 'e82be7d358', time: '2018-11-14T08:25:53'
System info: host: 'DESKTOP-QOR6BOM', ip: '192.168.1.14', os.name: 'Windows 10', os.arch: 'amd64', os.version: '10.0', java.version: '1.8.0_282'
Driver info: driver.version: SwipeableAndroidDriver
remote stacktrace: UnknownError: An unknown server-side error occurred while processing the command. Original error: Cannot start the 'fr.agiltoo.myshopper.customer.test.release' application. Visit https://github.com/appium/appium/blob/master/docs/en/writing-running-appium/android/activity-startup.md for troubleshooting. Original error: Cannot start the 'fr.agiltoo.myshopper.customer.test.release' application. Visit https://github.com/appium/appium/blob/master/docs/en/writing-running-appium/android/activity-startup.md for troubleshooting. Original error: Activity name '.com.example.myshopper_customer_app.MainActivity' used to start the app doesn't exist or cannot be launched! Make sure it exists and is a launchable activity
    at getResponseForW3CError (C:\Users\Ousseynou Diop\AppData\Roaming\npm\node_modules\appium\node_modules\appium-base-driver\lib\protocol\errors.js:804:9)
    at asyncHandler (C:\Users\Ousseynou Diop\AppData\Roaming\npm\node_modules\appium\node_modules\appium-base-driver\lib\protocol\protocol.js:380:37)
	at org.openqa.selenium.remote.W3CHandshakeResponse.lambda$errorHandler$0(W3CHandshakeResponse.java:62)
	at org.openqa.selenium.remote.HandshakeResponse.lambda$getResponseFunction$0(HandshakeResponse.java:30)
	at org.openqa.selenium.remote.ProtocolHandshake.lambda$createSession$0(ProtocolHandshake.java:126)
	at org.openqa.selenium.remote.ProtocolHandshake.createSession(ProtocolHandshake.java:128)
	... 40 more
)
	at com.kms.katalon.core.keyword.internal.KeywordMain.stepFailed(KeywordMain.groovy:50)
	at com.kms.katalon.core.mobile.keyword.internal.MobileKeywordMain.stepFailed(MobileKeywordMain.groovy:40)
	at com.kms.katalon.core.mobile.keyword.internal.MobileKeywordMain.runKeyword(MobileKeywordMain.groovy:23)
	at com.kms.katalon.core.mobile.keyword.builtin.StartApplicationKeyword.startApplication(StartApplicationKeyword.groovy:51)
	at com.kms.katalon.core.mobile.keyword.builtin.StartApplicationKeyword.execute(StartApplicationKeyword.groovy:40)
	at com.kms.katalon.core.keyword.internal.KeywordExecutor.executeKeywordForPlatform(KeywordExecutor.groovy:74)
	at com.kms.katalon.core.mobile.keyword.MobileBuiltInKeywords.startApplication(MobileBuiltInKeywords.groovy:78)
	at com.kms.katalon.core.mobile.keyword.MobileBuiltInKeywords$startApplication.call(Unknown Source)
	at 11- Ajouter un colis au panier (MSR-295).run(11- Ajouter un colis au panier (MSR-295):20)
	at com.kms.katalon.core.main.ScriptEngine.run(ScriptEngine.java:194)
	at com.kms.katalon.core.main.ScriptEngine.runScriptAsRawText(ScriptEngine.java:119)
	at com.kms.katalon.core.main.TestCaseExecutor.runScript(TestCaseExecutor.java:448)
	at com.kms.katalon.core.main.TestCaseExecutor.doExecute(TestCaseExecutor.java:439)
	at com.kms.katalon.core.main.TestCaseExecutor.processExecutionPhase(TestCaseExecutor.java:418)
	at com.kms.katalon.core.main.TestCaseExecutor.accessMainPhase(TestCaseExecutor.java:410)
	at com.kms.katalon.core.main.TestCaseExecutor.execute(TestCaseExecutor.java:285)
	at com.kms.katalon.core.common.CommonExecutor.accessTestCaseMainPhase(CommonExecutor.java:65)
	at com.kms.katalon.core.main.TestSuiteExecutor.accessTestSuiteMainPhase(TestSuiteExecutor.java:151)
	at com.kms.katalon.core.main.TestSuiteExecutor.execute(TestSuiteExecutor.java:106)
	at com.kms.katalon.core.main.TestCaseMain.startTestSuite(TestCaseMain.java:185)
	at com.kms.katalon.core.main.TestCaseMain$startTestSuite$0.call(Unknown Source)
	at TempTestSuite1668509835381.run(TempTestSuite1668509835381.groovy:36)
Caused by: org.openqa.selenium.SessionNotCreatedException: Unable to create a new remote session. Please check the server log for more details. Original error: An unknown server-side error occurred while processing the command. Original error: Cannot start the 'fr.agiltoo.myshopper.customer.test.release' application. Visit https://github.com/appium/appium/blob/master/docs/en/writing-running-appium/android/activity-startup.md for troubleshooting. Original error: Cannot start the 'fr.agiltoo.myshopper.customer.test.release' application. Visit https://github.com/appium/appium/blob/master/docs/en/writing-running-appium/android/activity-startup.md for troubleshooting. Original error: Activity name '.com.example.myshopper_customer_app.MainActivity' used to start the app doesn't exist or cannot be launched! Make sure it exists and is a launchable activity
Build info: version: '3.141.59', revision: 'e82be7d358', time: '2018-11-14T08:25:53'
System info: host: 'DESKTOP-QOR6BOM', ip: '192.168.1.14', os.name: 'Windows 10', os.arch: 'amd64', os.version: '10.0', java.version: '1.8.0_282'
Driver info: driver.version: SwipeableAndroidDriver
remote stacktrace: UnknownError: An unknown server-side error occurred while processing the command. Original error: Cannot start the 'fr.agiltoo.myshopper.customer.test.release' application. Visit https://github.com/appium/appium/blob/master/docs/en/writing-running-appium/android/activity-startup.md for troubleshooting. Original error: Cannot start the 'fr.agiltoo.myshopper.customer.test.release' application. Visit https://github.com/appium/appium/blob/master/docs/en/writing-running-appium/android/activity-startup.md for troubleshooting. Original error: Activity name '.com.example.myshopper_customer_app.MainActivity' used to start the app doesn't exist or cannot be launched! Make sure it exists and is a launchable activity
    at getResponseForW3CError (C:\Users\Ousseynou Diop\AppData\Roaming\npm\node_modules\appium\node_modules\appium-base-driver\lib\protocol\errors.js:804:9)
    at asyncHandler (C:\Users\Ousseynou Diop\AppData\Roaming\npm\node_modules\appium\node_modules\appium-base-driver\lib\protocol\protocol.js:380:37)
Build info: version: '3.141.59', revision: 'e82be7d358', time: '2018-11-14T08:25:53'
System info: host: 'DESKTOP-QOR6BOM', ip: '192.168.1.14', os.name: 'Windows 10', os.arch: 'amd64', os.version: '10.0', java.version: '1.8.0_282'
Driver info: driver.version: SwipeableAndroidDriver
	at io.appium.java_client.remote.AppiumCommandExecutor$1.createSession(AppiumCommandExecutor.java:208)
	at io.appium.java_client.remote.AppiumCommandExecutor.createSession(AppiumCommandExecutor.java:217)
	at io.appium.java_client.remote.AppiumCommandExecutor.execute(AppiumCommandExecutor.java:239)
	at org.openqa.selenium.remote.RemoteWebDriver.execute(RemoteWebDriver.java:552)
	at io.appium.java_client.DefaultGenericMobileDriver.execute(DefaultGenericMobileDriver.java:42)
	at io.appium.java_client.AppiumDriver.execute(AppiumDriver.java:1)
	at io.appium.java_client.android.AndroidDriver.execute(AndroidDriver.java:1)
	at com.kms.katalon.core.appium.driver.SwipeableAndroidDriver.execute(SwipeableAndroidDriver.java:1)
	at org.openqa.selenium.remote.RemoteWebDriver.startSession(RemoteWebDriver.java:213)
	at org.openqa.selenium.remote.RemoteWebDriver.<init>(RemoteWebDriver.java:131)
	at io.appium.java_client.DefaultGenericMobileDriver.<init>(DefaultGenericMobileDriver.java:38)
	at io.appium.java_client.AppiumDriver.<init>(AppiumDriver.java:84)
	at io.appium.java_client.android.AndroidDriver.<init>(AndroidDriver.java:85)
	at com.kms.katalon.core.appium.driver.SwipeableAndroidDriver.<init>(SwipeableAndroidDriver.java:24)
	at com.kms.katalon.core.appium.driver.AppiumDriverManager.createMobileDriver(AppiumDriverManager.java:503)
	at com.kms.katalon.core.appium.driver.AppiumDriverManager.createMobileDriver(AppiumDriverManager.java:485)
	at com.kms.katalon.core.mobile.keyword.internal.MobileDriverFactory.startLocalMobileDriver(MobileDriverFactory.java:539)
	at com.kms.katalon.core.mobile.keyword.internal.MobileDriverFactory.startMobileDriver(MobileDriverFactory.java:452)
	at com.kms.katalon.core.mobile.keyword.builtin.StartApplicationKeyword$_startApplication_closure1.doCall(StartApplicationKeyword.groovy:49)
	at com.kms.katalon.core.mobile.keyword.builtin.StartApplicationKeyword$_startApplication_closure1.call(StartApplicationKeyword.groovy)
	at com.kms.katalon.core.mobile.keyword.internal.MobileKeywordMain.runKeyword(MobileKeywordMain.groovy:21)
	... 19 more
Caused by: java.lang.reflect.InvocationTargetException
	at io.appium.java_client.remote.AppiumCommandExecutor$1.createSession(AppiumCommandExecutor.java:186)
	at io.appium.java_client.remote.AppiumCommandExecutor.createSession(AppiumCommandExecutor.java:217)
	at io.appium.java_client.remote.AppiumCommandExecutor.execute(AppiumCommandExecutor.java:239)
	at org.openqa.selenium.remote.RemoteWebDriver.execute(RemoteWebDriver.java:552)
	at io.appium.java_client.DefaultGenericMobileDriver.execute(DefaultGenericMobileDriver.java:42)
	at io.appium.java_client.AppiumDriver.execute(AppiumDriver.java:1)
	at io.appium.java_client.android.AndroidDriver.execute(AndroidDriver.java:1)
	at com.kms.katalon.core.appium.driver.SwipeableAndroidDriver.execute(SwipeableAndroidDriver.java:1)
	at org.openqa.selenium.remote.RemoteWebDriver.startSession(RemoteWebDriver.java:213)
	at org.openqa.selenium.remote.RemoteWebDriver.<init>(RemoteWebDriver.java:131)
	at io.appium.java_client.DefaultGenericMobileDriver.<init>(DefaultGenericMobileDriver.java:38)
	at io.appium.java_client.AppiumDriver.<init>(AppiumDriver.java:84)
	at io.appium.java_client.android.AndroidDriver.<init>(AndroidDriver.java:85)
	at com.kms.katalon.core.appium.driver.SwipeableAndroidDriver.<init>(SwipeableAndroidDriver.java:24)
	at com.kms.katalon.core.appium.driver.AppiumDriverManager.createMobileDriver(AppiumDriverManager.java:503)
	at com.kms.katalon.core.appium.driver.AppiumDriverManager.createMobileDriver(AppiumDriverManager.java:485)
	at com.kms.katalon.core.mobile.keyword.internal.MobileDriverFactory.startLocalMobileDriver(MobileDriverFactory.java:539)
	at com.kms.katalon.core.mobile.keyword.internal.MobileDriverFactory.startMobileDriver(MobileDriverFactory.java:452)
	at com.kms.katalon.core.mobile.keyword.builtin.StartApplicationKeyword$_startApplication_closure1.doCall(StartApplicationKeyword.groovy:49)
	at com.kms.katalon.core.mobile.keyword.builtin.StartApplicationKeyword$_startApplication_closure1.call(StartApplicationKeyword.groovy)
	at com.kms.katalon.core.mobile.keyword.internal.MobileKeywordMain.runKeyword(MobileKeywordMain.groovy:21)
	at com.kms.katalon.core.mobile.keyword.builtin.StartApplicationKeyword.startApplication(StartApplicationKeyword.groovy:51)
	at com.kms.katalon.core.mobile.keyword.builtin.StartApplicationKeyword.execute(StartApplicationKeyword.groovy:40)
	at com.kms.katalon.core.keyword.internal.KeywordExecutor.executeKeywordForPlatform(KeywordExecutor.groovy:74)
	at com.kms.katalon.core.mobile.keyword.MobileBuiltInKeywords.startApplication(MobileBuiltInKeywords.groovy:78)
	at com.kms.katalon.core.mobile.keyword.MobileBuiltInKeywords$startApplication.call(Unknown Source)
	at Script1666266234205.run(Script1666266234205.groovy:20)
	... 13 more
Caused by: org.openqa.selenium.WebDriverException: An unknown server-side error occurred while processing the command. Original error: Cannot start the 'fr.agiltoo.myshopper.customer.test.release' application. Visit https://github.com/appium/appium/blob/master/docs/en/writing-running-appium/android/activity-startup.md for troubleshooting. Original error: Cannot start the 'fr.agiltoo.myshopper.customer.test.release' application. Visit https://github.com/appium/appium/blob/master/docs/en/writing-running-appium/android/activity-startup.md for troubleshooting. Original error: Activity name '.com.example.myshopper_customer_app.MainActivity' used to start the app doesn't exist or cannot be launched! Make sure it exists and is a launchable activity
Build info: version: '3.141.59', revision: 'e82be7d358', time: '2018-11-14T08:25:53'
System info: host: 'DESKTOP-QOR6BOM', ip: '192.168.1.14', os.name: 'Windows 10', os.arch: 'amd64', os.version: '10.0', java.version: '1.8.0_282'
Driver info: driver.version: SwipeableAndroidDriver
remote stacktrace: UnknownError: An unknown server-side error occurred while processing the command. Original error: Cannot start the 'fr.agiltoo.myshopper.customer.test.release' application. Visit https://github.com/appium/appium/blob/master/docs/en/writing-running-appium/android/activity-startup.md for troubleshooting. Original error: Cannot start the 'fr.agiltoo.myshopper.customer.test.release' application. Visit https://github.com/appium/appium/blob/master/docs/en/writing-running-appium/android/activity-startup.md for troubleshooting. Original error: Activity name '.com.example.myshopper_customer_app.MainActivity' used to start the app doesn't exist or cannot be launched! Make sure it exists and is a launchable activity
    at getResponseForW3CError (C:\Users\Ousseynou Diop\AppData\Roaming\npm\node_modules\appium\node_modules\appium-base-driver\lib\protocol\errors.js:804:9)
    at asyncHandler (C:\Users\Ousseynou Diop\AppData\Roaming\npm\node_modules\appium\node_modules\appium-base-driver\lib\protocol\protocol.js:380:37)
	at org.openqa.selenium.remote.W3CHandshakeResponse.lambda$errorHandler$0(W3CHandshakeResponse.java:62)
	at org.openqa.selenium.remote.HandshakeResponse.lambda$getResponseFunction$0(HandshakeResponse.java:30)
	at org.openqa.selenium.remote.ProtocolHandshake.lambda$createSession$0(ProtocolHandshake.java:126)
	at org.openqa.selenium.remote.ProtocolHandshake.createSession(ProtocolHandshake.java:128)
	at io.appium.java_client.remote.AppiumCommandExecutor$1.createSession(AppiumCommandExecutor.java:186)
	at io.appium.java_client.remote.AppiumCommandExecutor.createSession(AppiumCommandExecutor.java:217)
	at io.appium.java_client.remote.AppiumCommandExecutor.execute(AppiumCommandExecutor.java:239)
	at org.openqa.selenium.remote.RemoteWebDriver.execute(RemoteWebDriver.java:552)
	at io.appium.java_client.DefaultGenericMobileDriver.execute(DefaultGenericMobileDriver.java:42)
	at io.appium.java_client.AppiumDriver.execute(AppiumDriver.java:1)
	at io.appium.java_client.android.AndroidDriver.execute(AndroidDriver.java:1)
	at com.kms.katalon.core.appium.driver.SwipeableAndroidDriver.execute(SwipeableAndroidDriver.java:1)
	at org.openqa.selenium.remote.RemoteWebDriver.startSession(RemoteWebDriver.java:213)
	at org.openqa.selenium.remote.RemoteWebDriver.<init>(RemoteWebDriver.java:131)
	at io.appium.java_client.DefaultGenericMobileDriver.<init>(DefaultGenericMobileDriver.java:38)
	at io.appium.java_client.AppiumDriver.<init>(AppiumDriver.java:84)
	at io.appium.java_client.android.AndroidDriver.<init>(AndroidDriver.java:85)
	at com.kms.katalon.core.appium.driver.SwipeableAndroidDriver.<init>(SwipeableAndroidDriver.java:24)
	at com.kms.katalon.core.appium.driver.AppiumDriverManager.createMobileDriver(AppiumDriverManager.java:503)
	at com.kms.katalon.core.appium.driver.AppiumDriverManager.createMobileDriver(AppiumDriverManager.java:485)
	at com.kms.katalon.core.mobile.keyword.internal.MobileDriverFactory.startLocalMobileDriver(MobileDriverFactory.java:539)
	at com.kms.katalon.core.mobile.keyword.internal.MobileDriverFactory.startMobileDriver(MobileDriverFactory.java:452)
	at com.kms.katalon.core.mobile.keyword.builtin.StartApplicationKeyword$_startApplication_closure1.doCall(StartApplicationKeyword.groovy:49)
	at com.kms.katalon.core.mobile.keyword.builtin.StartApplicationKeyword$_startApplication_closure1.call(StartApplicationKeyword.groovy)
	at com.kms.katalon.core.mobile.keyword.internal.MobileKeywordMain.runKeyword(MobileKeywordMain.groovy:21)
	at com.kms.katalon.core.mobile.keyword.builtin.StartApplicationKeyword.startApplication(StartApplicationKeyword.groovy:51)
	at com.kms.katalon.core.mobile.keyword.builtin.StartApplicationKeyword.execute(StartApplicationKeyword.groovy:40)
	at com.kms.katalon.core.keyword.internal.KeywordExecutor.executeKeywordForPlatform(KeywordExecutor.groovy:74)
	at com.kms.katalon.core.mobile.keyword.MobileBuiltInKeywords.startApplication(MobileBuiltInKeywords.groovy:78)
	at com.kms.katalon.core.mobile.keyword.MobileBuiltInKeywords$startApplication.call(Unknown Source)
	at 11- Ajouter un colis au panier (MSR-295).run(11- Ajouter un colis au panier (MSR-295):20)
	... 13 more


2022-11-15 12:05:46 - [TEST_STEP][FAILED] - startApplication("C:\Users\Ousseynou Diop\Desktop\APK Client\app-debug.apk", true): Unable to start app at: 'C:\Users\Ousseynou Diop\Desktop\APK Client\app-debug.apk' (Root cause: org.openqa.selenium.SessionNotCreatedException: Unable to create a new remote session. Please check the server log for more details. Original error: An unknown server-side error occurred while processing the command. Original error: Cannot start the 'fr.agiltoo.myshopper.customer.test.release' application. Visit https://github.com/appium/appium/blob/master/docs/en/writing-running-appium/android/activity-startup.md for troubleshooting. Original error: Cannot start the 'fr.agiltoo.myshopper.customer.test.release' application. Visit https://github.com/appium/appium/blob/master/docs/en/writing-running-appium/android/activity-startup.md for troubleshooting. Original error: Activity name '.com.example.myshopper_customer_app.MainActivity' used to start the app doesn't exist or cannot be launched! Make sure it exists and is a launchable activity
Build info: version: '3.141.59', revision: 'e82be7d358', time: '2018-11-14T08:25:53'
System info: host: 'DESKTOP-QOR6BOM', ip: '192.168.1.14', os.name: 'Windows 10', os.arch: 'amd64', os.version: '10.0', java.version: '1.8.0_282'
Driver info: driver.version: SwipeableAndroidDriver
remote stacktrace: UnknownError: An unknown server-side error occurred while processing the command. Original error: Cannot start the 'fr.agiltoo.myshopper.customer.test.release' application. Visit https://github.com/appium/appium/blob/master/docs/en/writing-running-appium/android/activity-startup.md for troubleshooting. Original error: Cannot start the 'fr.agiltoo.myshopper.customer.test.release' application. Visit https://github.com/appium/appium/blob/master/docs/en/writing-running-appium/android/activity-startup.md for troubleshooting. Original error: Activity name '.com.example.myshopper_customer_app.MainActivity' used to start the app doesn't exist or cannot be launched! Make sure it exists and is a launchable activity
    at getResponseForW3CError (C:\Users\Ousseynou Diop\AppData\Roaming\npm\node_modules\appium\node_modules\appium-base-driver\lib\protocol\errors.js:804:9)
    at asyncHandler (C:\Users\Ousseynou Diop\AppData\Roaming\npm\node_modules\appium\node_modules\appium-base-driver\lib\protocol\protocol.js:380:37)
Build info: version: '3.141.59', revision: 'e82be7d358', time: '2018-11-14T08:25:53'
System info: host: 'DESKTOP-QOR6BOM', ip: '192.168.1.14', os.name: 'Windows 10', os.arch: 'amd64', os.version: '10.0', java.version: '1.8.0_282'
Driver info: driver.version: SwipeableAndroidDriver
	at io.appium.java_client.remote.AppiumCommandExecutor$1.createSession(AppiumCommandExecutor.java:208)
	at io.appium.java_client.remote.AppiumCommandExecutor.createSession(AppiumCommandExecutor.java:217)
	at io.appium.java_client.remote.AppiumCommandExecutor.execute(AppiumCommandExecutor.java:239)
	at org.openqa.selenium.remote.RemoteWebDriver.execute(RemoteWebDriver.java:552)
	at io.appium.java_client.DefaultGenericMobileDriver.execute(DefaultGenericMobileDriver.java:42)
	at io.appium.java_client.AppiumDriver.execute(AppiumDriver.java:1)
	at io.appium.java_client.android.AndroidDriver.execute(AndroidDriver.java:1)
	at com.kms.katalon.core.appium.driver.SwipeableAndroidDriver.execute(SwipeableAndroidDriver.java:1)
	at org.openqa.selenium.remote.RemoteWebDriver.startSession(RemoteWebDriver.java:213)
	at org.openqa.selenium.remote.RemoteWebDriver.<init>(RemoteWebDriver.java:131)
	at io.appium.java_client.DefaultGenericMobileDriver.<init>(DefaultGenericMobileDriver.java:38)
	at io.appium.java_client.AppiumDriver.<init>(AppiumDriver.java:84)
	at io.appium.java_client.android.AndroidDriver.<init>(AndroidDriver.java:85)
	at com.kms.katalon.core.appium.driver.SwipeableAndroidDriver.<init>(SwipeableAndroidDriver.java:24)
	at com.kms.katalon.core.appium.driver.AppiumDriverManager.createMobileDriver(AppiumDriverManager.java:503)
	at com.kms.katalon.core.appium.driver.AppiumDriverManager.createMobileDriver(AppiumDriverManager.java:485)
	at com.kms.katalon.core.mobile.keyword.internal.MobileDriverFactory.startLocalMobileDriver(MobileDriverFactory.java:539)
	at com.kms.katalon.core.mobile.keyword.internal.MobileDriverFactory.startMobileDriver(MobileDriverFactory.java:452)
	at com.kms.katalon.core.mobile.keyword.builtin.StartApplicationKeyword$_startApplication_closure1.doCall(StartApplicationKeyword.groovy:49)
	at com.kms.katalon.core.mobile.keyword.builtin.StartApplicationKeyword$_startApplication_closure1.call(StartApplicationKeyword.groovy)
	at com.kms.katalon.core.mobile.keyword.internal.MobileKeywordMain.runKeyword(MobileKeywordMain.groovy:21)
	at com.kms.katalon.core.mobile.keyword.builtin.StartApplicationKeyword.startApplication(StartApplicationKeyword.groovy:51)
	at com.kms.katalon.core.mobile.keyword.builtin.StartApplicationKeyword.execute(StartApplicationKeyword.groovy:40)
	at com.kms.katalon.core.keyword.internal.KeywordExecutor.executeKeywordForPlatform(KeywordExecutor.groovy:74)
	at com.kms.katalon.core.mobile.keyword.MobileBuiltInKeywords.startApplication(MobileBuiltInKeywords.groovy:78)
	at com.kms.katalon.core.mobile.keyword.MobileBuiltInKeywords$startApplication.call(Unknown Source)
	at 11- Ajouter un colis au panier (MSR-295).run(11- Ajouter un colis au panier (MSR-295):20)
	at com.kms.katalon.core.main.ScriptEngine.run(ScriptEngine.java:194)
	at com.kms.katalon.core.main.ScriptEngine.runScriptAsRawText(ScriptEngine.java:119)
	at com.kms.katalon.core.main.TestCaseExecutor.runScript(TestCaseExecutor.java:448)
	at com.kms.katalon.core.main.TestCaseExecutor.doExecute(TestCaseExecutor.java:439)
	at com.kms.katalon.core.main.TestCaseExecutor.processExecutionPhase(TestCaseExecutor.java:418)
	at com.kms.katalon.core.main.TestCaseExecutor.accessMainPhase(TestCaseExecutor.java:410)
	at com.kms.katalon.core.main.TestCaseExecutor.execute(TestCaseExecutor.java:285)
	at com.kms.katalon.core.common.CommonExecutor.accessTestCaseMainPhase(CommonExecutor.java:65)
	at com.kms.katalon.core.main.TestSuiteExecutor.accessTestSuiteMainPhase(TestSuiteExecutor.java:151)
	at com.kms.katalon.core.main.TestSuiteExecutor.execute(TestSuiteExecutor.java:106)
	at com.kms.katalon.core.main.TestCaseMain.startTestSuite(TestCaseMain.java:185)
	at com.kms.katalon.core.main.TestCaseMain$startTestSuite$0.call(Unknown Source)
	at TempTestSuite1668509835381.run(TempTestSuite1668509835381.groovy:36)
Caused by: java.lang.reflect.InvocationTargetException
	at io.appium.java_client.remote.AppiumCommandExecutor$1.createSession(AppiumCommandExecutor.java:186)
	at io.appium.java_client.remote.AppiumCommandExecutor.createSession(AppiumCommandExecutor.java:217)
	at io.appium.java_client.remote.AppiumCommandExecutor.execute(AppiumCommandExecutor.java:239)
	at org.openqa.selenium.remote.RemoteWebDriver.execute(RemoteWebDriver.java:552)
	at io.appium.java_client.DefaultGenericMobileDriver.execute(DefaultGenericMobileDriver.java:42)
	at io.appium.java_client.AppiumDriver.execute(AppiumDriver.java:1)
	at io.appium.java_client.android.AndroidDriver.execute(AndroidDriver.java:1)
	at com.kms.katalon.core.appium.driver.SwipeableAndroidDriver.execute(SwipeableAndroidDriver.java:1)
	at org.openqa.selenium.remote.RemoteWebDriver.startSession(RemoteWebDriver.java:213)
	at org.openqa.selenium.remote.RemoteWebDriver.<init>(RemoteWebDriver.java:131)
	at io.appium.java_client.DefaultGenericMobileDriver.<init>(DefaultGenericMobileDriver.java:38)
	at io.appium.java_client.AppiumDriver.<init>(AppiumDriver.java:84)
	at io.appium.java_client.android.AndroidDriver.<init>(AndroidDriver.java:85)
	at com.kms.katalon.core.appium.driver.SwipeableAndroidDriver.<init>(SwipeableAndroidDriver.java:24)
	at com.kms.katalon.core.appium.driver.AppiumDriverManager.createMobileDriver(AppiumDriverManager.java:503)
	at com.kms.katalon.core.appium.driver.AppiumDriverManager.createMobileDriver(AppiumDriverManager.java:485)
	at com.kms.katalon.core.mobile.keyword.internal.MobileDriverFactory.startLocalMobileDriver(MobileDriverFactory.java:539)
	at com.kms.katalon.core.mobile.keyword.internal.MobileDriverFactory.startMobileDriver(MobileDriverFactory.java:452)
	at com.kms.katalon.core.mobile.keyword.builtin.StartApplicationKeyword$_startApplication_closure1.doCall(StartApplicationKeyword.groovy:49)
	at com.kms.katalon.core.mobile.keyword.builtin.StartApplicationKeyword$_startApplication_closure1.call(StartApplicationKeyword.groovy)
	at com.kms.katalon.core.mobile.keyword.internal.MobileKeywordMain.runKeyword(MobileKeywordMain.groovy:21)
	at com.kms.katalon.core.mobile.keyword.builtin.StartApplicationKeyword.startApplication(StartApplicationKeyword.groovy:51)
	at com.kms.katalon.core.mobile.keyword.builtin.StartApplicationKeyword.execute(StartApplicationKeyword.groovy:40)
	at com.kms.katalon.core.keyword.internal.KeywordExecutor.executeKeywordForPlatform(KeywordExecutor.groovy:74)
	at com.kms.katalon.core.mobile.keyword.MobileBuiltInKeywords.startApplication(MobileBuiltInKeywords.groovy:78)
	at com.kms.katalon.core.mobile.keyword.MobileBuiltInKeywords$startApplication.call(Unknown Source)
	at Script1666266234205.run(Script1666266234205.groovy:20)
	... 13 more
Caused by: org.openqa.selenium.WebDriverException: An unknown server-side error occurred while processing the command. Original error: Cannot start the 'fr.agiltoo.myshopper.customer.test.release' application. Visit https://github.com/appium/appium/blob/master/docs/en/writing-running-appium/android/activity-startup.md for troubleshooting. Original error: Cannot start the 'fr.agiltoo.myshopper.customer.test.release' application. Visit https://github.com/appium/appium/blob/master/docs/en/writing-running-appium/android/activity-startup.md for troubleshooting. Original error: Activity name '.com.example.myshopper_customer_app.MainActivity' used to start the app doesn't exist or cannot be launched! Make sure it exists and is a launchable activity
Build info: version: '3.141.59', revision: 'e82be7d358', time: '2018-11-14T08:25:53'
System info: host: 'DESKTOP-QOR6BOM', ip: '192.168.1.14', os.name: 'Windows 10', os.arch: 'amd64', os.version: '10.0', java.version: '1.8.0_282'
Driver info: driver.version: SwipeableAndroidDriver
remote stacktrace: UnknownError: An unknown server-side error occurred while processing the command. Original error: Cannot start the 'fr.agiltoo.myshopper.customer.test.release' application. Visit https://github.com/appium/appium/blob/master/docs/en/writing-running-appium/android/activity-startup.md for troubleshooting. Original error: Cannot start the 'fr.agiltoo.myshopper.customer.test.release' application. Visit https://github.com/appium/appium/blob/master/docs/en/writing-running-appium/android/activity-startup.md for troubleshooting. Original error: Activity name '.com.example.myshopper_customer_app.MainActivity' used to start the app doesn't exist or cannot be launched! Make sure it exists and is a launchable activity
    at getResponseForW3CError (C:\Users\Ousseynou Diop\AppData\Roaming\npm\node_modules\appium\node_modules\appium-base-driver\lib\protocol\errors.js:804:9)
    at asyncHandler (C:\Users\Ousseynou Diop\AppData\Roaming\npm\node_modules\appium\node_modules\appium-base-driver\lib\protocol\protocol.js:380:37)
	at org.openqa.selenium.remote.W3CHandshakeResponse.lambda$errorHandler$0(W3CHandshakeResponse.java:62)
	at org.openqa.selenium.remote.HandshakeResponse.lambda$getResponseFunction$0(HandshakeResponse.java:30)
	at org.openqa.selenium.remote.ProtocolHandshake.lambda$createSession$0(ProtocolHandshake.java:126)
	at org.openqa.selenium.remote.ProtocolHandshake.createSession(ProtocolHandshake.java:128)
	... 40 more
)

2022-11-15 12:05:47 - [MESSAGE][INFO] - Detected NodeJS location: "C:\Program Files\nodejs\node.exe"

2022-11-15 12:05:48 - [MESSAGE][INFO] - Appium server started on port 55Â 319

2022-11-15 12:06:19 - [MESSAGE][FAILED] - Unable to start app at: 'C:\Users\Ousseynou Diop\Desktop\APK Client\app-debug.apk' (Root cause: org.openqa.selenium.SessionNotCreatedException: Unable to create a new remote session. Please check the server log for more details. Original error: An unknown server-side error occurred while processing the command. Original error: Cannot start the 'fr.agiltoo.myshopper.customer.test.release' application. Visit https://github.com/appium/appium/blob/master/docs/en/writing-running-appium/android/activity-startup.md for troubleshooting. Original error: Cannot start the 'fr.agiltoo.myshopper.customer.test.release' application. Visit https://github.com/appium/appium/blob/master/docs/en/writing-running-appium/android/activity-startup.md for troubleshooting. Original error: Activity name '.com.example.myshopper_customer_app.MainActivity' used to start the app doesn't exist or cannot be launched! Make sure it exists and is a launchable activity
Build info: version: '3.141.59', revision: 'e82be7d358', time: '2018-11-14T08:25:53'
System info: host: 'DESKTOP-QOR6BOM', ip: '192.168.1.14', os.name: 'Windows 10', os.arch: 'amd64', os.version: '10.0', java.version: '1.8.0_282'
Driver info: driver.version: SwipeableAndroidDriver
remote stacktrace: UnknownError: An unknown server-side error occurred while processing the command. Original error: Cannot start the 'fr.agiltoo.myshopper.customer.test.release' application. Visit https://github.com/appium/appium/blob/master/docs/en/writing-running-appium/android/activity-startup.md for troubleshooting. Original error: Cannot start the 'fr.agiltoo.myshopper.customer.test.release' application. Visit https://github.com/appium/appium/blob/master/docs/en/writing-running-appium/android/activity-startup.md for troubleshooting. Original error: Activity name '.com.example.myshopper_customer_app.MainActivity' used to start the app doesn't exist or cannot be launched! Make sure it exists and is a launchable activity
    at getResponseForW3CError (C:\Users\Ousseynou Diop\AppData\Roaming\npm\node_modules\appium\node_modules\appium-base-driver\lib\protocol\errors.js:804:9)
    at asyncHandler (C:\Users\Ousseynou Diop\AppData\Roaming\npm\node_modules\appium\node_modules\appium-base-driver\lib\protocol\protocol.js:380:37)
Build info: version: '3.141.59', revision: 'e82be7d358', time: '2018-11-14T08:25:53'
System info: host: 'DESKTOP-QOR6BOM', ip: '192.168.1.14', os.name: 'Windows 10', os.arch: 'amd64', os.version: '10.0', java.version: '1.8.0_282'
Driver info: driver.version: SwipeableAndroidDriver
	at io.appium.java_client.remote.AppiumCommandExecutor$1.createSession(AppiumCommandExecutor.java:208)
	at io.appium.java_client.remote.AppiumCommandExecutor.createSession(AppiumCommandExecutor.java:217)
	at io.appium.java_client.remote.AppiumCommandExecutor.execute(AppiumCommandExecutor.java:239)
	at org.openqa.selenium.remote.RemoteWebDriver.execute(RemoteWebDriver.java:552)
	at io.appium.java_client.DefaultGenericMobileDriver.execute(DefaultGenericMobileDriver.java:42)
	at io.appium.java_client.AppiumDriver.execute(AppiumDriver.java:1)
	at io.appium.java_client.android.AndroidDriver.execute(AndroidDriver.java:1)
	at com.kms.katalon.core.appium.driver.SwipeableAndroidDriver.execute(SwipeableAndroidDriver.java:1)
	at org.openqa.selenium.remote.RemoteWebDriver.startSession(RemoteWebDriver.java:213)
	at org.openqa.selenium.remote.RemoteWebDriver.<init>(RemoteWebDriver.java:131)
	at io.appium.java_client.DefaultGenericMobileDriver.<init>(DefaultGenericMobileDriver.java:38)
	at io.appium.java_client.AppiumDriver.<init>(AppiumDriver.java:84)
	at io.appium.java_client.android.AndroidDriver.<init>(AndroidDriver.java:85)
	at com.kms.katalon.core.appium.driver.SwipeableAndroidDriver.<init>(SwipeableAndroidDriver.java:24)
	at com.kms.katalon.core.appium.driver.AppiumDriverManager.createMobileDriver(AppiumDriverManager.java:503)
	at com.kms.katalon.core.appium.driver.AppiumDriverManager.createMobileDriver(AppiumDriverManager.java:485)
	at com.kms.katalon.core.mobile.keyword.internal.MobileDriverFactory.startLocalMobileDriver(MobileDriverFactory.java:539)
	at com.kms.katalon.core.mobile.keyword.internal.MobileDriverFactory.startMobileDriver(MobileDriverFactory.java:452)
	at com.kms.katalon.core.mobile.keyword.builtin.StartApplicationKeyword$_startApplication_closure1.doCall(StartApplicationKeyword.groovy:49)
	at com.kms.katalon.core.mobile.keyword.builtin.StartApplicationKeyword$_startApplication_closure1.call(StartApplicationKeyword.groovy)
	at com.kms.katalon.core.mobile.keyword.internal.MobileKeywordMain.runKeyword(MobileKeywordMain.groovy:21)
	at com.kms.katalon.core.mobile.keyword.builtin.StartApplicationKeyword.startApplication(StartApplicationKeyword.groovy:51)
	at com.kms.katalon.core.mobile.keyword.builtin.StartApplicationKeyword.execute(StartApplicationKeyword.groovy:40)
	at com.kms.katalon.core.keyword.internal.KeywordExecutor.executeKeywordForPlatform(KeywordExecutor.groovy:74)
	at com.kms.katalon.core.mobile.keyword.MobileBuiltInKeywords.startApplication(MobileBuiltInKeywords.groovy:78)
	at com.kms.katalon.core.mobile.keyword.MobileBuiltInKeywords$startApplication.call(Unknown Source)
	at 11- Ajouter un colis au panier (MSR-295).run(11- Ajouter un colis au panier (MSR-295):20)
	at com.kms.katalon.core.main.ScriptEngine.run(ScriptEngine.java:194)
	at com.kms.katalon.core.main.ScriptEngine.runScriptAsRawText(ScriptEngine.java:119)
	at com.kms.katalon.core.main.TestCaseExecutor.runScript(TestCaseExecutor.java:448)
	at com.kms.katalon.core.main.TestCaseExecutor.doExecute(TestCaseExecutor.java:439)
	at com.kms.katalon.core.main.TestCaseExecutor.processExecutionPhase(TestCaseExecutor.java:418)
	at com.kms.katalon.core.main.TestCaseExecutor.accessMainPhase(TestCaseExecutor.java:410)
	at com.kms.katalon.core.main.TestCaseExecutor.execute(TestCaseExecutor.java:285)
	at com.kms.katalon.core.common.CommonExecutor.accessTestCaseMainPhase(CommonExecutor.java:65)
	at com.kms.katalon.core.main.TestSuiteExecutor.accessTestSuiteMainPhase(TestSuiteExecutor.java:151)
	at com.kms.katalon.core.main.TestSuiteExecutor.execute(TestSuiteExecutor.java:106)
	at com.kms.katalon.core.main.TestCaseMain.startTestSuite(TestCaseMain.java:185)
	at com.kms.katalon.core.main.TestCaseMain$startTestSuite$0.call(Unknown Source)
	at TempTestSuite1668509835381.run(TempTestSuite1668509835381.groovy:36)
Caused by: java.lang.reflect.InvocationTargetException
	at io.appium.java_client.remote.AppiumCommandExecutor$1.createSession(AppiumCommandExecutor.java:186)
	at io.appium.java_client.remote.AppiumCommandExecutor.createSession(AppiumCommandExecutor.java:217)
	at io.appium.java_client.remote.AppiumCommandExecutor.execute(AppiumCommandExecutor.java:239)
	at org.openqa.selenium.remote.RemoteWebDriver.execute(RemoteWebDriver.java:552)
	at io.appium.java_client.DefaultGenericMobileDriver.execute(DefaultGenericMobileDriver.java:42)
	at io.appium.java_client.AppiumDriver.execute(AppiumDriver.java:1)
	at io.appium.java_client.android.AndroidDriver.execute(AndroidDriver.java:1)
	at com.kms.katalon.core.appium.driver.SwipeableAndroidDriver.execute(SwipeableAndroidDriver.java:1)
	at org.openqa.selenium.remote.RemoteWebDriver.startSession(RemoteWebDriver.java:213)
	at org.openqa.selenium.remote.RemoteWebDriver.<init>(RemoteWebDriver.java:131)
	at io.appium.java_client.DefaultGenericMobileDriver.<init>(DefaultGenericMobileDriver.java:38)
	at io.appium.java_client.AppiumDriver.<init>(AppiumDriver.java:84)
	at io.appium.java_client.android.AndroidDriver.<init>(AndroidDriver.java:85)
	at com.kms.katalon.core.appium.driver.SwipeableAndroidDriver.<init>(SwipeableAndroidDriver.java:24)
	at com.kms.katalon.core.appium.driver.AppiumDriverManager.createMobileDriver(AppiumDriverManager.java:503)
	at com.kms.katalon.core.appium.driver.AppiumDriverManager.createMobileDriver(AppiumDriverManager.java:485)
	at com.kms.katalon.core.mobile.keyword.internal.MobileDriverFactory.startLocalMobileDriver(MobileDriverFactory.java:539)
	at com.kms.katalon.core.mobile.keyword.internal.MobileDriverFactory.startMobileDriver(MobileDriverFactory.java:452)
	at com.kms.katalon.core.mobile.keyword.builtin.StartApplicationKeyword$_startApplication_closure1.doCall(StartApplicationKeyword.groovy:49)
	at com.kms.katalon.core.mobile.keyword.builtin.StartApplicationKeyword$_startApplication_closure1.call(StartApplicationKeyword.groovy)
	at com.kms.katalon.core.mobile.keyword.internal.MobileKeywordMain.runKeyword(MobileKeywordMain.groovy:21)
	at com.kms.katalon.core.mobile.keyword.builtin.StartApplicationKeyword.startApplication(StartApplicationKeyword.groovy:51)
	at com.kms.katalon.core.mobile.keyword.builtin.StartApplicationKeyword.execute(StartApplicationKeyword.groovy:40)
	at com.kms.katalon.core.keyword.internal.KeywordExecutor.executeKeywordForPlatform(KeywordExecutor.groovy:74)
	at com.kms.katalon.core.mobile.keyword.MobileBuiltInKeywords.startApplication(MobileBuiltInKeywords.groovy:78)
	at com.kms.katalon.core.mobile.keyword.MobileBuiltInKeywords$startApplication.call(Unknown Source)
	at Script1666266234205.run(Script1666266234205.groovy:20)
	... 13 more
Caused by: org.openqa.selenium.WebDriverException: An unknown server-side error occurred while processing the command. Original error: Cannot start the 'fr.agiltoo.myshopper.customer.test.release' application. Visit https://github.com/appium/appium/blob/master/docs/en/writing-running-appium/android/activity-startup.md for troubleshooting. Original error: Cannot start the 'fr.agiltoo.myshopper.customer.test.release' application. Visit https://github.com/appium/appium/blob/master/docs/en/writing-running-appium/android/activity-startup.md for troubleshooting. Original error: Activity name '.com.example.myshopper_customer_app.MainActivity' used to start the app doesn't exist or cannot be launched! Make sure it exists and is a launchable activity
Build info: version: '3.141.59', revision: 'e82be7d358', time: '2018-11-14T08:25:53'
System info: host: 'DESKTOP-QOR6BOM', ip: '192.168.1.14', os.name: 'Windows 10', os.arch: 'amd64', os.version: '10.0', java.version: '1.8.0_282'
Driver info: driver.version: SwipeableAndroidDriver
remote stacktrace: UnknownError: An unknown server-side error occurred while processing the command. Original error: Cannot start the 'fr.agiltoo.myshopper.customer.test.release' application. Visit https://github.com/appium/appium/blob/master/docs/en/writing-running-appium/android/activity-startup.md for troubleshooting. Original error: Cannot start the 'fr.agiltoo.myshopper.customer.test.release' application. Visit https://github.com/appium/appium/blob/master/docs/en/writing-running-appium/android/activity-startup.md for troubleshooting. Original error: Activity name '.com.example.myshopper_customer_app.MainActivity' used to start the app doesn't exist or cannot be launched! Make sure it exists and is a launchable activity
    at getResponseForW3CError (C:\Users\Ousseynou Diop\AppData\Roaming\npm\node_modules\appium\node_modules\appium-base-driver\lib\protocol\errors.js:804:9)
    at asyncHandler (C:\Users\Ousseynou Diop\AppData\Roaming\npm\node_modules\appium\node_modules\appium-base-driver\lib\protocol\protocol.js:380:37)
	at org.openqa.selenium.remote.W3CHandshakeResponse.lambda$errorHandler$0(W3CHandshakeResponse.java:62)
	at org.openqa.selenium.remote.HandshakeResponse.lambda$getResponseFunction$0(HandshakeResponse.java:30)
	at org.openqa.selenium.remote.ProtocolHandshake.lambda$createSession$0(ProtocolHandshake.java:126)
	at org.openqa.selenium.remote.ProtocolHandshake.createSession(ProtocolHandshake.java:128)
	... 40 more
)]]></system-out>
         <system-err><![CDATA[2022-11-15 12:05:46 - [TEST_CASE][FAILED] - Test Cases/Cas de test passant/11- Ajouter un colis au panier (MSR-295): Test Cases/Cas de test passant/11- Ajouter un colis au panier (MSR-295) FAILED.
Reason:
com.kms.katalon.core.exception.StepFailedException: Unable to start app at: 'C:\Users\Ousseynou Diop\Desktop\APK Client\app-debug.apk' (Root cause: org.openqa.selenium.SessionNotCreatedException: Unable to create a new remote session. Please check the server log for more details. Original error: An unknown server-side error occurred while processing the command. Original error: Cannot start the 'fr.agiltoo.myshopper.customer.test.release' application. Visit https://github.com/appium/appium/blob/master/docs/en/writing-running-appium/android/activity-startup.md for troubleshooting. Original error: Cannot start the 'fr.agiltoo.myshopper.customer.test.release' application. Visit https://github.com/appium/appium/blob/master/docs/en/writing-running-appium/android/activity-startup.md for troubleshooting. Original error: Activity name '.com.example.myshopper_customer_app.MainActivity' used to start the app doesn't exist or cannot be launched! Make sure it exists and is a launchable activity
Build info: version: '3.141.59', revision: 'e82be7d358', time: '2018-11-14T08:25:53'
System info: host: 'DESKTOP-QOR6BOM', ip: '192.168.1.14', os.name: 'Windows 10', os.arch: 'amd64', os.version: '10.0', java.version: '1.8.0_282'
Driver info: driver.version: SwipeableAndroidDriver
remote stacktrace: UnknownError: An unknown server-side error occurred while processing the command. Original error: Cannot start the 'fr.agiltoo.myshopper.customer.test.release' application. Visit https://github.com/appium/appium/blob/master/docs/en/writing-running-appium/android/activity-startup.md for troubleshooting. Original error: Cannot start the 'fr.agiltoo.myshopper.customer.test.release' application. Visit https://github.com/appium/appium/blob/master/docs/en/writing-running-appium/android/activity-startup.md for troubleshooting. Original error: Activity name '.com.example.myshopper_customer_app.MainActivity' used to start the app doesn't exist or cannot be launched! Make sure it exists and is a launchable activity
    at getResponseForW3CError (C:\Users\Ousseynou Diop\AppData\Roaming\npm\node_modules\appium\node_modules\appium-base-driver\lib\protocol\errors.js:804:9)
    at asyncHandler (C:\Users\Ousseynou Diop\AppData\Roaming\npm\node_modules\appium\node_modules\appium-base-driver\lib\protocol\protocol.js:380:37)
Build info: version: '3.141.59', revision: 'e82be7d358', time: '2018-11-14T08:25:53'
System info: host: 'DESKTOP-QOR6BOM', ip: '192.168.1.14', os.name: 'Windows 10', os.arch: 'amd64', os.version: '10.0', java.version: '1.8.0_282'
Driver info: driver.version: SwipeableAndroidDriver
	at io.appium.java_client.remote.AppiumCommandExecutor$1.createSession(AppiumCommandExecutor.java:208)
	at io.appium.java_client.remote.AppiumCommandExecutor.createSession(AppiumCommandExecutor.java:217)
	at io.appium.java_client.remote.AppiumCommandExecutor.execute(AppiumCommandExecutor.java:239)
	at org.openqa.selenium.remote.RemoteWebDriver.execute(RemoteWebDriver.java:552)
	at io.appium.java_client.DefaultGenericMobileDriver.execute(DefaultGenericMobileDriver.java:42)
	at io.appium.java_client.AppiumDriver.execute(AppiumDriver.java:1)
	at io.appium.java_client.android.AndroidDriver.execute(AndroidDriver.java:1)
	at com.kms.katalon.core.appium.driver.SwipeableAndroidDriver.execute(SwipeableAndroidDriver.java:1)
	at org.openqa.selenium.remote.RemoteWebDriver.startSession(RemoteWebDriver.java:213)
	at org.openqa.selenium.remote.RemoteWebDriver.<init>(RemoteWebDriver.java:131)
	at io.appium.java_client.DefaultGenericMobileDriver.<init>(DefaultGenericMobileDriver.java:38)
	at io.appium.java_client.AppiumDriver.<init>(AppiumDriver.java:84)
	at io.appium.java_client.android.AndroidDriver.<init>(AndroidDriver.java:85)
	at com.kms.katalon.core.appium.driver.SwipeableAndroidDriver.<init>(SwipeableAndroidDriver.java:24)
	at com.kms.katalon.core.appium.driver.AppiumDriverManager.createMobileDriver(AppiumDriverManager.java:503)
	at com.kms.katalon.core.appium.driver.AppiumDriverManager.createMobileDriver(AppiumDriverManager.java:485)
	at com.kms.katalon.core.mobile.keyword.internal.MobileDriverFactory.startLocalMobileDriver(MobileDriverFactory.java:539)
	at com.kms.katalon.core.mobile.keyword.internal.MobileDriverFactory.startMobileDriver(MobileDriverFactory.java:452)
	at com.kms.katalon.core.mobile.keyword.builtin.StartApplicationKeyword$_startApplication_closure1.doCall(StartApplicationKeyword.groovy:49)
	at com.kms.katalon.core.mobile.keyword.builtin.StartApplicationKeyword$_startApplication_closure1.call(StartApplicationKeyword.groovy)
	at com.kms.katalon.core.mobile.keyword.internal.MobileKeywordMain.runKeyword(MobileKeywordMain.groovy:21)
	at com.kms.katalon.core.mobile.keyword.builtin.StartApplicationKeyword.startApplication(StartApplicationKeyword.groovy:51)
	at com.kms.katalon.core.mobile.keyword.builtin.StartApplicationKeyword.execute(StartApplicationKeyword.groovy:40)
	at com.kms.katalon.core.keyword.internal.KeywordExecutor.executeKeywordForPlatform(KeywordExecutor.groovy:74)
	at com.kms.katalon.core.mobile.keyword.MobileBuiltInKeywords.startApplication(MobileBuiltInKeywords.groovy:78)
	at com.kms.katalon.core.mobile.keyword.MobileBuiltInKeywords$startApplication.call(Unknown Source)
	at 11- Ajouter un colis au panier (MSR-295).run(11- Ajouter un colis au panier (MSR-295):20)
	at com.kms.katalon.core.main.ScriptEngine.run(ScriptEngine.java:194)
	at com.kms.katalon.core.main.ScriptEngine.runScriptAsRawText(ScriptEngine.java:119)
	at com.kms.katalon.core.main.TestCaseExecutor.runScript(TestCaseExecutor.java:448)
	at com.kms.katalon.core.main.TestCaseExecutor.doExecute(TestCaseExecutor.java:439)
	at com.kms.katalon.core.main.TestCaseExecutor.processExecutionPhase(TestCaseExecutor.java:418)
	at com.kms.katalon.core.main.TestCaseExecutor.accessMainPhase(TestCaseExecutor.java:410)
	at com.kms.katalon.core.main.TestCaseExecutor.execute(TestCaseExecutor.java:285)
	at com.kms.katalon.core.common.CommonExecutor.accessTestCaseMainPhase(CommonExecutor.java:65)
	at com.kms.katalon.core.main.TestSuiteExecutor.accessTestSuiteMainPhase(TestSuiteExecutor.java:151)
	at com.kms.katalon.core.main.TestSuiteExecutor.execute(TestSuiteExecutor.java:106)
	at com.kms.katalon.core.main.TestCaseMain.startTestSuite(TestCaseMain.java:185)
	at com.kms.katalon.core.main.TestCaseMain$startTestSuite$0.call(Unknown Source)
	at TempTestSuite1668509835381.run(TempTestSuite1668509835381.groovy:36)
Caused by: java.lang.reflect.InvocationTargetException
	at io.appium.java_client.remote.AppiumCommandExecutor$1.createSession(AppiumCommandExecutor.java:186)
	at io.appium.java_client.remote.AppiumCommandExecutor.createSession(AppiumCommandExecutor.java:217)
	at io.appium.java_client.remote.AppiumCommandExecutor.execute(AppiumCommandExecutor.java:239)
	at org.openqa.selenium.remote.RemoteWebDriver.execute(RemoteWebDriver.java:552)
	at io.appium.java_client.DefaultGenericMobileDriver.execute(DefaultGenericMobileDriver.java:42)
	at io.appium.java_client.AppiumDriver.execute(AppiumDriver.java:1)
	at io.appium.java_client.android.AndroidDriver.execute(AndroidDriver.java:1)
	at com.kms.katalon.core.appium.driver.SwipeableAndroidDriver.execute(SwipeableAndroidDriver.java:1)
	at org.openqa.selenium.remote.RemoteWebDriver.startSession(RemoteWebDriver.java:213)
	at org.openqa.selenium.remote.RemoteWebDriver.<init>(RemoteWebDriver.java:131)
	at io.appium.java_client.DefaultGenericMobileDriver.<init>(DefaultGenericMobileDriver.java:38)
	at io.appium.java_client.AppiumDriver.<init>(AppiumDriver.java:84)
	at io.appium.java_client.android.AndroidDriver.<init>(AndroidDriver.java:85)
	at com.kms.katalon.core.appium.driver.SwipeableAndroidDriver.<init>(SwipeableAndroidDriver.java:24)
	at com.kms.katalon.core.appium.driver.AppiumDriverManager.createMobileDriver(AppiumDriverManager.java:503)
	at com.kms.katalon.core.appium.driver.AppiumDriverManager.createMobileDriver(AppiumDriverManager.java:485)
	at com.kms.katalon.core.mobile.keyword.internal.MobileDriverFactory.startLocalMobileDriver(MobileDriverFactory.java:539)
	at com.kms.katalon.core.mobile.keyword.internal.MobileDriverFactory.startMobileDriver(MobileDriverFactory.java:452)
	at com.kms.katalon.core.mobile.keyword.builtin.StartApplicationKeyword$_startApplication_closure1.doCall(StartApplicationKeyword.groovy:49)
	at com.kms.katalon.core.mobile.keyword.builtin.StartApplicationKeyword$_startApplication_closure1.call(StartApplicationKeyword.groovy)
	at com.kms.katalon.core.mobile.keyword.internal.MobileKeywordMain.runKeyword(MobileKeywordMain.groovy:21)
	at com.kms.katalon.core.mobile.keyword.builtin.StartApplicationKeyword.startApplication(StartApplicationKeyword.groovy:51)
	at com.kms.katalon.core.mobile.keyword.builtin.StartApplicationKeyword.execute(StartApplicationKeyword.groovy:40)
	at com.kms.katalon.core.keyword.internal.KeywordExecutor.executeKeywordForPlatform(KeywordExecutor.groovy:74)
	at com.kms.katalon.core.mobile.keyword.MobileBuiltInKeywords.startApplication(MobileBuiltInKeywords.groovy:78)
	at com.kms.katalon.core.mobile.keyword.MobileBuiltInKeywords$startApplication.call(Unknown Source)
	at Script1666266234205.run(Script1666266234205.groovy:20)
	... 13 more
Caused by: org.openqa.selenium.WebDriverException: An unknown server-side error occurred while processing the command. Original error: Cannot start the 'fr.agiltoo.myshopper.customer.test.release' application. Visit https://github.com/appium/appium/blob/master/docs/en/writing-running-appium/android/activity-startup.md for troubleshooting. Original error: Cannot start the 'fr.agiltoo.myshopper.customer.test.release' application. Visit https://github.com/appium/appium/blob/master/docs/en/writing-running-appium/android/activity-startup.md for troubleshooting. Original error: Activity name '.com.example.myshopper_customer_app.MainActivity' used to start the app doesn't exist or cannot be launched! Make sure it exists and is a launchable activity
Build info: version: '3.141.59', revision: 'e82be7d358', time: '2018-11-14T08:25:53'
System info: host: 'DESKTOP-QOR6BOM', ip: '192.168.1.14', os.name: 'Windows 10', os.arch: 'amd64', os.version: '10.0', java.version: '1.8.0_282'
Driver info: driver.version: SwipeableAndroidDriver
remote stacktrace: UnknownError: An unknown server-side error occurred while processing the command. Original error: Cannot start the 'fr.agiltoo.myshopper.customer.test.release' application. Visit https://github.com/appium/appium/blob/master/docs/en/writing-running-appium/android/activity-startup.md for troubleshooting. Original error: Cannot start the 'fr.agiltoo.myshopper.customer.test.release' application. Visit https://github.com/appium/appium/blob/master/docs/en/writing-running-appium/android/activity-startup.md for troubleshooting. Original error: Activity name '.com.example.myshopper_customer_app.MainActivity' used to start the app doesn't exist or cannot be launched! Make sure it exists and is a launchable activity
    at getResponseForW3CError (C:\Users\Ousseynou Diop\AppData\Roaming\npm\node_modules\appium\node_modules\appium-base-driver\lib\protocol\errors.js:804:9)
    at asyncHandler (C:\Users\Ousseynou Diop\AppData\Roaming\npm\node_modules\appium\node_modules\appium-base-driver\lib\protocol\protocol.js:380:37)
	at org.openqa.selenium.remote.W3CHandshakeResponse.lambda$errorHandler$0(W3CHandshakeResponse.java:62)
	at org.openqa.selenium.remote.HandshakeResponse.lambda$getResponseFunction$0(HandshakeResponse.java:30)
	at org.openqa.selenium.remote.ProtocolHandshake.lambda$createSession$0(ProtocolHandshake.java:126)
	at org.openqa.selenium.remote.ProtocolHandshake.createSession(ProtocolHandshake.java:128)
	... 40 more
)
	at com.kms.katalon.core.keyword.internal.KeywordMain.stepFailed(KeywordMain.groovy:50)
	at com.kms.katalon.core.mobile.keyword.internal.MobileKeywordMain.stepFailed(MobileKeywordMain.groovy:40)
	at com.kms.katalon.core.mobile.keyword.internal.MobileKeywordMain.runKeyword(MobileKeywordMain.groovy:23)
	at com.kms.katalon.core.mobile.keyword.builtin.StartApplicationKeyword.startApplication(StartApplicationKeyword.groovy:51)
	at com.kms.katalon.core.mobile.keyword.builtin.StartApplicationKeyword.execute(StartApplicationKeyword.groovy:40)
	at com.kms.katalon.core.keyword.internal.KeywordExecutor.executeKeywordForPlatform(KeywordExecutor.groovy:74)
	at com.kms.katalon.core.mobile.keyword.MobileBuiltInKeywords.startApplication(MobileBuiltInKeywords.groovy:78)
	at com.kms.katalon.core.mobile.keyword.MobileBuiltInKeywords$startApplication.call(Unknown Source)
	at 11- Ajouter un colis au panier (MSR-295).run(11- Ajouter un colis au panier (MSR-295):20)
	at com.kms.katalon.core.main.ScriptEngine.run(ScriptEngine.java:194)
	at com.kms.katalon.core.main.ScriptEngine.runScriptAsRawText(ScriptEngine.java:119)
	at com.kms.katalon.core.main.TestCaseExecutor.runScript(TestCaseExecutor.java:448)
	at com.kms.katalon.core.main.TestCaseExecutor.doExecute(TestCaseExecutor.java:439)
	at com.kms.katalon.core.main.TestCaseExecutor.processExecutionPhase(TestCaseExecutor.java:418)
	at com.kms.katalon.core.main.TestCaseExecutor.accessMainPhase(TestCaseExecutor.java:410)
	at com.kms.katalon.core.main.TestCaseExecutor.execute(TestCaseExecutor.java:285)
	at com.kms.katalon.core.common.CommonExecutor.accessTestCaseMainPhase(CommonExecutor.java:65)
	at com.kms.katalon.core.main.TestSuiteExecutor.accessTestSuiteMainPhase(TestSuiteExecutor.java:151)
	at com.kms.katalon.core.main.TestSuiteExecutor.execute(TestSuiteExecutor.java:106)
	at com.kms.katalon.core.main.TestCaseMain.startTestSuite(TestCaseMain.java:185)
	at com.kms.katalon.core.main.TestCaseMain$startTestSuite$0.call(Unknown Source)
	at TempTestSuite1668509835381.run(TempTestSuite1668509835381.groovy:36)
Caused by: org.openqa.selenium.SessionNotCreatedException: Unable to create a new remote session. Please check the server log for more details. Original error: An unknown server-side error occurred while processing the command. Original error: Cannot start the 'fr.agiltoo.myshopper.customer.test.release' application. Visit https://github.com/appium/appium/blob/master/docs/en/writing-running-appium/android/activity-startup.md for troubleshooting. Original error: Cannot start the 'fr.agiltoo.myshopper.customer.test.release' application. Visit https://github.com/appium/appium/blob/master/docs/en/writing-running-appium/android/activity-startup.md for troubleshooting. Original error: Activity name '.com.example.myshopper_customer_app.MainActivity' used to start the app doesn't exist or cannot be launched! Make sure it exists and is a launchable activity
Build info: version: '3.141.59', revision: 'e82be7d358', time: '2018-11-14T08:25:53'
System info: host: 'DESKTOP-QOR6BOM', ip: '192.168.1.14', os.name: 'Windows 10', os.arch: 'amd64', os.version: '10.0', java.version: '1.8.0_282'
Driver info: driver.version: SwipeableAndroidDriver
remote stacktrace: UnknownError: An unknown server-side error occurred while processing the command. Original error: Cannot start the 'fr.agiltoo.myshopper.customer.test.release' application. Visit https://github.com/appium/appium/blob/master/docs/en/writing-running-appium/android/activity-startup.md for troubleshooting. Original error: Cannot start the 'fr.agiltoo.myshopper.customer.test.release' application. Visit https://github.com/appium/appium/blob/master/docs/en/writing-running-appium/android/activity-startup.md for troubleshooting. Original error: Activity name '.com.example.myshopper_customer_app.MainActivity' used to start the app doesn't exist or cannot be launched! Make sure it exists and is a launchable activity
    at getResponseForW3CError (C:\Users\Ousseynou Diop\AppData\Roaming\npm\node_modules\appium\node_modules\appium-base-driver\lib\protocol\errors.js:804:9)
    at asyncHandler (C:\Users\Ousseynou Diop\AppData\Roaming\npm\node_modules\appium\node_modules\appium-base-driver\lib\protocol\protocol.js:380:37)
Build info: version: '3.141.59', revision: 'e82be7d358', time: '2018-11-14T08:25:53'
System info: host: 'DESKTOP-QOR6BOM', ip: '192.168.1.14', os.name: 'Windows 10', os.arch: 'amd64', os.version: '10.0', java.version: '1.8.0_282'
Driver info: driver.version: SwipeableAndroidDriver
	at io.appium.java_client.remote.AppiumCommandExecutor$1.createSession(AppiumCommandExecutor.java:208)
	at io.appium.java_client.remote.AppiumCommandExecutor.createSession(AppiumCommandExecutor.java:217)
	at io.appium.java_client.remote.AppiumCommandExecutor.execute(AppiumCommandExecutor.java:239)
	at org.openqa.selenium.remote.RemoteWebDriver.execute(RemoteWebDriver.java:552)
	at io.appium.java_client.DefaultGenericMobileDriver.execute(DefaultGenericMobileDriver.java:42)
	at io.appium.java_client.AppiumDriver.execute(AppiumDriver.java:1)
	at io.appium.java_client.android.AndroidDriver.execute(AndroidDriver.java:1)
	at com.kms.katalon.core.appium.driver.SwipeableAndroidDriver.execute(SwipeableAndroidDriver.java:1)
	at org.openqa.selenium.remote.RemoteWebDriver.startSession(RemoteWebDriver.java:213)
	at org.openqa.selenium.remote.RemoteWebDriver.<init>(RemoteWebDriver.java:131)
	at io.appium.java_client.DefaultGenericMobileDriver.<init>(DefaultGenericMobileDriver.java:38)
	at io.appium.java_client.AppiumDriver.<init>(AppiumDriver.java:84)
	at io.appium.java_client.android.AndroidDriver.<init>(AndroidDriver.java:85)
	at com.kms.katalon.core.appium.driver.SwipeableAndroidDriver.<init>(SwipeableAndroidDriver.java:24)
	at com.kms.katalon.core.appium.driver.AppiumDriverManager.createMobileDriver(AppiumDriverManager.java:503)
	at com.kms.katalon.core.appium.driver.AppiumDriverManager.createMobileDriver(AppiumDriverManager.java:485)
	at com.kms.katalon.core.mobile.keyword.internal.MobileDriverFactory.startLocalMobileDriver(MobileDriverFactory.java:539)
	at com.kms.katalon.core.mobile.keyword.internal.MobileDriverFactory.startMobileDriver(MobileDriverFactory.java:452)
	at com.kms.katalon.core.mobile.keyword.builtin.StartApplicationKeyword$_startApplication_closure1.doCall(StartApplicationKeyword.groovy:49)
	at com.kms.katalon.core.mobile.keyword.builtin.StartApplicationKeyword$_startApplication_closure1.call(StartApplicationKeyword.groovy)
	at com.kms.katalon.core.mobile.keyword.internal.MobileKeywordMain.runKeyword(MobileKeywordMain.groovy:21)
	... 19 more
Caused by: java.lang.reflect.InvocationTargetException
	at io.appium.java_client.remote.AppiumCommandExecutor$1.createSession(AppiumCommandExecutor.java:186)
	at io.appium.java_client.remote.AppiumCommandExecutor.createSession(AppiumCommandExecutor.java:217)
	at io.appium.java_client.remote.AppiumCommandExecutor.execute(AppiumCommandExecutor.java:239)
	at org.openqa.selenium.remote.RemoteWebDriver.execute(RemoteWebDriver.java:552)
	at io.appium.java_client.DefaultGenericMobileDriver.execute(DefaultGenericMobileDriver.java:42)
	at io.appium.java_client.AppiumDriver.execute(AppiumDriver.java:1)
	at io.appium.java_client.android.AndroidDriver.execute(AndroidDriver.java:1)
	at com.kms.katalon.core.appium.driver.SwipeableAndroidDriver.execute(SwipeableAndroidDriver.java:1)
	at org.openqa.selenium.remote.RemoteWebDriver.startSession(RemoteWebDriver.java:213)
	at org.openqa.selenium.remote.RemoteWebDriver.<init>(RemoteWebDriver.java:131)
	at io.appium.java_client.DefaultGenericMobileDriver.<init>(DefaultGenericMobileDriver.java:38)
	at io.appium.java_client.AppiumDriver.<init>(AppiumDriver.java:84)
	at io.appium.java_client.android.AndroidDriver.<init>(AndroidDriver.java:85)
	at com.kms.katalon.core.appium.driver.SwipeableAndroidDriver.<init>(SwipeableAndroidDriver.java:24)
	at com.kms.katalon.core.appium.driver.AppiumDriverManager.createMobileDriver(AppiumDriverManager.java:503)
	at com.kms.katalon.core.appium.driver.AppiumDriverManager.createMobileDriver(AppiumDriverManager.java:485)
	at com.kms.katalon.core.mobile.keyword.internal.MobileDriverFactory.startLocalMobileDriver(MobileDriverFactory.java:539)
	at com.kms.katalon.core.mobile.keyword.internal.MobileDriverFactory.startMobileDriver(MobileDriverFactory.java:452)
	at com.kms.katalon.core.mobile.keyword.builtin.StartApplicationKeyword$_startApplication_closure1.doCall(StartApplicationKeyword.groovy:49)
	at com.kms.katalon.core.mobile.keyword.builtin.StartApplicationKeyword$_startApplication_closure1.call(StartApplicationKeyword.groovy)
	at com.kms.katalon.core.mobile.keyword.internal.MobileKeywordMain.runKeyword(MobileKeywordMain.groovy:21)
	at com.kms.katalon.core.mobile.keyword.builtin.StartApplicationKeyword.startApplication(StartApplicationKeyword.groovy:51)
	at com.kms.katalon.core.mobile.keyword.builtin.StartApplicationKeyword.execute(StartApplicationKeyword.groovy:40)
	at com.kms.katalon.core.keyword.internal.KeywordExecutor.executeKeywordForPlatform(KeywordExecutor.groovy:74)
	at com.kms.katalon.core.mobile.keyword.MobileBuiltInKeywords.startApplication(MobileBuiltInKeywords.groovy:78)
	at com.kms.katalon.core.mobile.keyword.MobileBuiltInKeywords$startApplication.call(Unknown Source)
	at Script1666266234205.run(Script1666266234205.groovy:20)
	... 13 more
Caused by: org.openqa.selenium.WebDriverException: An unknown server-side error occurred while processing the command. Original error: Cannot start the 'fr.agiltoo.myshopper.customer.test.release' application. Visit https://github.com/appium/appium/blob/master/docs/en/writing-running-appium/android/activity-startup.md for troubleshooting. Original error: Cannot start the 'fr.agiltoo.myshopper.customer.test.release' application. Visit https://github.com/appium/appium/blob/master/docs/en/writing-running-appium/android/activity-startup.md for troubleshooting. Original error: Activity name '.com.example.myshopper_customer_app.MainActivity' used to start the app doesn't exist or cannot be launched! Make sure it exists and is a launchable activity
Build info: version: '3.141.59', revision: 'e82be7d358', time: '2018-11-14T08:25:53'
System info: host: 'DESKTOP-QOR6BOM', ip: '192.168.1.14', os.name: 'Windows 10', os.arch: 'amd64', os.version: '10.0', java.version: '1.8.0_282'
Driver info: driver.version: SwipeableAndroidDriver
remote stacktrace: UnknownError: An unknown server-side error occurred while processing the command. Original error: Cannot start the 'fr.agiltoo.myshopper.customer.test.release' application. Visit https://github.com/appium/appium/blob/master/docs/en/writing-running-appium/android/activity-startup.md for troubleshooting. Original error: Cannot start the 'fr.agiltoo.myshopper.customer.test.release' application. Visit https://github.com/appium/appium/blob/master/docs/en/writing-running-appium/android/activity-startup.md for troubleshooting. Original error: Activity name '.com.example.myshopper_customer_app.MainActivity' used to start the app doesn't exist or cannot be launched! Make sure it exists and is a launchable activity
    at getResponseForW3CError (C:\Users\Ousseynou Diop\AppData\Roaming\npm\node_modules\appium\node_modules\appium-base-driver\lib\protocol\errors.js:804:9)
    at asyncHandler (C:\Users\Ousseynou Diop\AppData\Roaming\npm\node_modules\appium\node_modules\appium-base-driver\lib\protocol\protocol.js:380:37)
	at org.openqa.selenium.remote.W3CHandshakeResponse.lambda$errorHandler$0(W3CHandshakeResponse.java:62)
	at org.openqa.selenium.remote.HandshakeResponse.lambda$getResponseFunction$0(HandshakeResponse.java:30)
	at org.openqa.selenium.remote.ProtocolHandshake.lambda$createSession$0(ProtocolHandshake.java:126)
	at org.openqa.selenium.remote.ProtocolHandshake.createSession(ProtocolHandshake.java:128)
	at io.appium.java_client.remote.AppiumCommandExecutor$1.createSession(AppiumCommandExecutor.java:186)
	at io.appium.java_client.remote.AppiumCommandExecutor.createSession(AppiumCommandExecutor.java:217)
	at io.appium.java_client.remote.AppiumCommandExecutor.execute(AppiumCommandExecutor.java:239)
	at org.openqa.selenium.remote.RemoteWebDriver.execute(RemoteWebDriver.java:552)
	at io.appium.java_client.DefaultGenericMobileDriver.execute(DefaultGenericMobileDriver.java:42)
	at io.appium.java_client.AppiumDriver.execute(AppiumDriver.java:1)
	at io.appium.java_client.android.AndroidDriver.execute(AndroidDriver.java:1)
	at com.kms.katalon.core.appium.driver.SwipeableAndroidDriver.execute(SwipeableAndroidDriver.java:1)
	at org.openqa.selenium.remote.RemoteWebDriver.startSession(RemoteWebDriver.java:213)
	at org.openqa.selenium.remote.RemoteWebDriver.<init>(RemoteWebDriver.java:131)
	at io.appium.java_client.DefaultGenericMobileDriver.<init>(DefaultGenericMobileDriver.java:38)
	at io.appium.java_client.AppiumDriver.<init>(AppiumDriver.java:84)
	at io.appium.java_client.android.AndroidDriver.<init>(AndroidDriver.java:85)
	at com.kms.katalon.core.appium.driver.SwipeableAndroidDriver.<init>(SwipeableAndroidDriver.java:24)
	at com.kms.katalon.core.appium.driver.AppiumDriverManager.createMobileDriver(AppiumDriverManager.java:503)
	at com.kms.katalon.core.appium.driver.AppiumDriverManager.createMobileDriver(AppiumDriverManager.java:485)
	at com.kms.katalon.core.mobile.keyword.internal.MobileDriverFactory.startLocalMobileDriver(MobileDriverFactory.java:539)
	at com.kms.katalon.core.mobile.keyword.internal.MobileDriverFactory.startMobileDriver(MobileDriverFactory.java:452)
	at com.kms.katalon.core.mobile.keyword.builtin.StartApplicationKeyword$_startApplication_closure1.doCall(StartApplicationKeyword.groovy:49)
	at com.kms.katalon.core.mobile.keyword.builtin.StartApplicationKeyword$_startApplication_closure1.call(StartApplicationKeyword.groovy)
	at com.kms.katalon.core.mobile.keyword.internal.MobileKeywordMain.runKeyword(MobileKeywordMain.groovy:21)
	at com.kms.katalon.core.mobile.keyword.builtin.StartApplicationKeyword.startApplication(StartApplicationKeyword.groovy:51)
	at com.kms.katalon.core.mobile.keyword.builtin.StartApplicationKeyword.execute(StartApplicationKeyword.groovy:40)
	at com.kms.katalon.core.keyword.internal.KeywordExecutor.executeKeywordForPlatform(KeywordExecutor.groovy:74)
	at com.kms.katalon.core.mobile.keyword.MobileBuiltInKeywords.startApplication(MobileBuiltInKeywords.groovy:78)
	at com.kms.katalon.core.mobile.keyword.MobileBuiltInKeywords$startApplication.call(Unknown Source)
	at 11- Ajouter un colis au panier (MSR-295).run(11- Ajouter un colis au panier (MSR-295):20)
	... 13 more]]></system-err>
      </testcase>
      <testcase name="Test Cases/Cas de test passant/12- Retour Ã  la page d ajout d un colis au panier (MSR-295)" time="141.353" classname="Test Cases/Cas de test passant/12- Retour Ã  la page d ajout d un colis au panier (MSR-295)" status="PASSED">
         <system-out><![CDATA[2022-11-15 12:06:19 - [TEST_CASE][PASSED] - Test Cases/Cas de test passant/12- Retour Ã  la page d ajout d un colis au panier (MSR-295): Test Cases/Cas de test passant/12- Retour Ã  la page d ajout d un colis au panier (MSR-295)

2022-11-15 12:06:19 - [TEST_STEP][PASSED] - startApplication("C:\Users\Ousseynou Diop\Desktop\APK Client\app-debug.apk", true): Started app at: 'C:\Users\Ousseynou Diop\Desktop\APK Client\app-debug.apk'

2022-11-15 12:06:56 - [MESSAGE][PASSED] - Started app at: 'C:\Users\Ousseynou Diop\Desktop\APK Client\app-debug.apk'

2022-11-15 12:06:56 - [TEST_STEP][PASSED] - tap(findTestObject("Object Repository/11-Ajouter un colis au panier/android.widget.Button-Continuer en mode Guest"), 0): Tapped on element 'Object Repository/11-Ajouter un colis au panier/android.widget.Button-Continuer en mode Guest'

2022-11-15 12:06:56 - [MESSAGE][WARNING] - Timeout '0' is invalid. Using default page load timeout: '30'

2022-11-15 12:07:00 - [MESSAGE][PASSED] - Tapped on element 'Object Repository/11-Ajouter un colis au panier/android.widget.Button-Continuer en mode Guest'

2022-11-15 12:07:00 - [TEST_STEP][PASSED] - tap(findTestObject("Object Repository/11-Ajouter un colis au panier/android.view.View-Onglet  Livraison de colis"), 0): Tapped on element 'Object Repository/11-Ajouter un colis au panier/android.view.View-Onglet  Livraison de colis'

2022-11-15 12:07:00 - [MESSAGE][WARNING] - Timeout '0' is invalid. Using default page load timeout: '30'

2022-11-15 12:07:03 - [MESSAGE][PASSED] - Tapped on element 'Object Repository/11-Ajouter un colis au panier/android.view.View-Onglet  Livraison de colis'

2022-11-15 12:07:03 - [TEST_STEP][PASSED] - tap(findTestObject("Object Repository/11-Ajouter un colis au panier/android.widget.EditText - Adresse de collecte"), 0): Tapped on element 'Object Repository/11-Ajouter un colis au panier/android.widget.EditText - Adresse de collecte'

2022-11-15 12:07:03 - [MESSAGE][WARNING] - Timeout '0' is invalid. Using default page load timeout: '30'

2022-11-15 12:07:08 - [MESSAGE][PASSED] - Tapped on element 'Object Repository/11-Ajouter un colis au panier/android.widget.EditText - Adresse de collecte'

2022-11-15 12:07:08 - [TEST_STEP][PASSED] - tap(findTestObject("Object Repository/11-Ajouter un colis au panier/android.view.View- Ma position"), 0): Tapped on element 'Object Repository/11-Ajouter un colis au panier/android.view.View- Ma position'

2022-11-15 12:07:08 - [MESSAGE][WARNING] - Timeout '0' is invalid. Using default page load timeout: '30'

2022-11-15 12:07:12 - [MESSAGE][PASSED] - Tapped on element 'Object Repository/11-Ajouter un colis au panier/android.view.View- Ma position'

2022-11-15 12:07:12 - [TEST_STEP][PASSED] - tap(findTestObject("Object Repository/11-Ajouter un colis au panier/android.widget.EditText - Adresse de livraison"), 0): Tapped on element 'Object Repository/11-Ajouter un colis au panier/android.widget.EditText - Adresse de livraison'

2022-11-15 12:07:12 - [MESSAGE][WARNING] - Timeout '0' is invalid. Using default page load timeout: '30'

2022-11-15 12:07:15 - [MESSAGE][PASSED] - Tapped on element 'Object Repository/11-Ajouter un colis au panier/android.widget.EditText - Adresse de livraison'

2022-11-15 12:07:15 - [TEST_STEP][PASSED] - setText(findTestObject("Object Repository/11-Ajouter un colis au panier/android.widget.EditText - Adresse de livraison (1)"), "Pikine Rue 10", 0): Text 'Pikine Rue 10' has been set to element 'Object Repository/11-Ajouter un colis au panier/android.widget.EditText - Adresse de livraison (1)'

2022-11-15 12:07:15 - [MESSAGE][WARNING] - Timeout '0' is invalid. Using default page load timeout: '30'

2022-11-15 12:07:19 - [MESSAGE][PASSED] - Text 'Pikine Rue 10' has been set to element 'Object Repository/11-Ajouter un colis au panier/android.widget.EditText - Adresse de livraison (1)'

2022-11-15 12:07:19 - [TEST_STEP][PASSED] - tap(findTestObject("Object Repository/11-Ajouter un colis au panier/android.view.View- Pikine Rue 10, Dakar, Senegal"), 0): Tapped on element 'Object Repository/11-Ajouter un colis au panier/android.view.View- Pikine Rue 10, Dakar, Senegal'

2022-11-15 12:07:19 - [MESSAGE][WARNING] - Timeout '0' is invalid. Using default page load timeout: '30'

2022-11-15 12:07:21 - [MESSAGE][PASSED] - Tapped on element 'Object Repository/11-Ajouter un colis au panier/android.view.View- Pikine Rue 10, Dakar, Senegal'

2022-11-15 12:07:21 - [TEST_STEP][PASSED] - tap(findTestObject("Object Repository/11-Ajouter un colis au panier/android.widget.Button Continuer"), 0): Tapped on element 'Object Repository/11-Ajouter un colis au panier/android.widget.Button Continuer'

2022-11-15 12:07:21 - [MESSAGE][WARNING] - Timeout '0' is invalid. Using default page load timeout: '30'

2022-11-15 12:07:23 - [MESSAGE][PASSED] - Tapped on element 'Object Repository/11-Ajouter un colis au panier/android.widget.Button Continuer'

2022-11-15 12:07:23 - [TEST_STEP][PASSED] - tap(findTestObject("Object Repository/11-Ajouter un colis au panier/android.view.View"), 0): Tapped on element 'Object Repository/11-Ajouter un colis au panier/android.view.View'

2022-11-15 12:07:23 - [MESSAGE][WARNING] - Timeout '0' is invalid. Using default page load timeout: '30'

2022-11-15 12:07:27 - [MESSAGE][PASSED] - Tapped on element 'Object Repository/11-Ajouter un colis au panier/android.view.View'

2022-11-15 12:07:27 - [TEST_STEP][PASSED] - tap(findTestObject("Object Repository/11-Ajouter un colis au panier/android.widget.Button"), 0): Tapped on element 'Object Repository/11-Ajouter un colis au panier/android.widget.Button'

2022-11-15 12:07:27 - [MESSAGE][WARNING] - Timeout '0' is invalid. Using default page load timeout: '30'

2022-11-15 12:07:28 - [MESSAGE][PASSED] - Tapped on element 'Object Repository/11-Ajouter un colis au panier/android.widget.Button'

2022-11-15 12:07:28 - [TEST_STEP][PASSED] - tap(findTestObject("Object Repository/11-Ajouter un colis au panier/android.view.View (1)"), 0): Tapped on element 'Object Repository/11-Ajouter un colis au panier/android.view.View (1)'

2022-11-15 12:07:28 - [MESSAGE][WARNING] - Timeout '0' is invalid. Using default page load timeout: '30'

2022-11-15 12:07:29 - [MESSAGE][PASSED] - Tapped on element 'Object Repository/11-Ajouter un colis au panier/android.view.View (1)'

2022-11-15 12:07:29 - [TEST_STEP][PASSED] - tap(findTestObject("Object Repository/11-Ajouter un colis au panier/android.widget.Button (1)"), 0): Tapped on element 'Object Repository/11-Ajouter un colis au panier/android.widget.Button (1)'

2022-11-15 12:07:29 - [MESSAGE][WARNING] - Timeout '0' is invalid. Using default page load timeout: '30'

2022-11-15 12:07:31 - [MESSAGE][PASSED] - Tapped on element 'Object Repository/11-Ajouter un colis au panier/android.widget.Button (1)'

2022-11-15 12:07:31 - [TEST_STEP][PASSED] - tap(findTestObject("Object Repository/11-Ajouter un colis au panier/android.view.View (2)"), 0): Tapped on element 'Object Repository/11-Ajouter un colis au panier/android.view.View (2)'

2022-11-15 12:07:31 - [MESSAGE][WARNING] - Timeout '0' is invalid. Using default page load timeout: '30'

2022-11-15 12:07:32 - [MESSAGE][PASSED] - Tapped on element 'Object Repository/11-Ajouter un colis au panier/android.view.View (2)'

2022-11-15 12:07:32 - [TEST_STEP][PASSED] - tap(findTestObject("Object Repository/11-Ajouter un colis au panier/android.widget.Button (2)"), 0): Tapped on element 'Object Repository/11-Ajouter un colis au panier/android.widget.Button (2)'

2022-11-15 12:07:32 - [MESSAGE][WARNING] - Timeout '0' is invalid. Using default page load timeout: '30'

2022-11-15 12:07:33 - [MESSAGE][PASSED] - Tapped on element 'Object Repository/11-Ajouter un colis au panier/android.widget.Button (2)'

2022-11-15 12:07:33 - [TEST_STEP][PASSED] - tap(findTestObject("Object Repository/11-Ajouter un colis au panier/android.view.View (3)"), 0): Tapped on element 'Object Repository/11-Ajouter un colis au panier/android.view.View (3)'

2022-11-15 12:07:33 - [MESSAGE][WARNING] - Timeout '0' is invalid. Using default page load timeout: '30'

2022-11-15 12:07:34 - [MESSAGE][PASSED] - Tapped on element 'Object Repository/11-Ajouter un colis au panier/android.view.View (3)'

2022-11-15 12:07:34 - [TEST_STEP][PASSED] - checkElement(findTestObject("Object Repository/11-Ajouter un colis au panier/android.widget.CheckBox-Beaut"), 0): Element 'Object Repository/11-Ajouter un colis au panier/android.widget.CheckBox-Beaut' is checked

2022-11-15 12:07:34 - [MESSAGE][WARNING] - Timeout '0' is invalid. Using default page load timeout: '30'

2022-11-15 12:07:36 - [MESSAGE][PASSED] - Element 'Object Repository/11-Ajouter un colis au panier/android.widget.CheckBox-Beaut' is checked

2022-11-15 12:07:36 - [TEST_STEP][PASSED] - checkElement(findTestObject("Object Repository/11-Ajouter un colis au panier/android.widget.CheckBox-Sant"), 0): Element 'Object Repository/11-Ajouter un colis au panier/android.widget.CheckBox-Sant' is checked

2022-11-15 12:07:36 - [MESSAGE][WARNING] - Timeout '0' is invalid. Using default page load timeout: '30'

2022-11-15 12:07:38 - [MESSAGE][PASSED] - Element 'Object Repository/11-Ajouter un colis au panier/android.widget.CheckBox-Sant' is checked

2022-11-15 12:07:38 - [TEST_STEP][PASSED] - scrollToText("Saisir la description exacte de votre colis", CONTINUE_ON_FAILURE): Scrolling to text 'Saisir la description exacte de votre colis' successfully

2022-11-15 12:07:41 - [MESSAGE][PASSED] - Scrolling to text 'Saisir la description exacte de votre colis' successfully

2022-11-15 12:07:41 - [TEST_STEP][PASSED] - tap(findTestObject("11-Ajouter un colis au panier/android.widget.EditText - Saisir la description exacte de votre colis (1)"), 0): Tapped on element 'Object Repository/11-Ajouter un colis au panier/android.widget.EditText - Saisir la description exacte de votre colis (1)'

2022-11-15 12:07:41 - [MESSAGE][WARNING] - Timeout '0' is invalid. Using default page load timeout: '30'

2022-11-15 12:07:42 - [MESSAGE][PASSED] - Tapped on element 'Object Repository/11-Ajouter un colis au panier/android.widget.EditText - Saisir la description exacte de votre colis (1)'

2022-11-15 12:07:42 - [TEST_STEP][PASSED] - setText(findTestObject("Object Repository/11-Ajouter un colis au panier/android.widget.EditText - Saisir la description exacte de votre colis (1)"), "Baume", 0): Text 'Baume' has been set to element 'Object Repository/11-Ajouter un colis au panier/android.widget.EditText - Saisir la description exacte de votre colis (1)'

2022-11-15 12:07:42 - [MESSAGE][WARNING] - Timeout '0' is invalid. Using default page load timeout: '30'

2022-11-15 12:07:43 - [MESSAGE][PASSED] - Text 'Baume' has been set to element 'Object Repository/11-Ajouter un colis au panier/android.widget.EditText - Saisir la description exacte de votre colis (1)'

2022-11-15 12:07:43 - [TEST_STEP][PASSED] - pressBack(): Press back button successfully

2022-11-15 12:07:44 - [MESSAGE][PASSED] - Press back button successfully

2022-11-15 12:07:44 - [TEST_STEP][PASSED] - tap(findTestObject("Object Repository/11-Ajouter un colis au panier/android.widget.Button-Ajouter au panier"), 0): Tapped on element 'Object Repository/11-Ajouter un colis au panier/android.widget.Button-Ajouter au panier'

2022-11-15 12:07:44 - [MESSAGE][WARNING] - Timeout '0' is invalid. Using default page load timeout: '30'

2022-11-15 12:07:46 - [MESSAGE][PASSED] - Tapped on element 'Object Repository/11-Ajouter un colis au panier/android.widget.Button-Ajouter au panier'

2022-11-15 12:07:46 - [TEST_STEP][PASSED] - verifyElementVisible(findTestObject("Object Repository/11-Ajouter un colis au panier/android.widget.Button-Valider mon panier"), 0): Element 'Object Repository/11-Ajouter un colis au panier/android.widget.Button-Valider mon panier' is visible

2022-11-15 12:07:46 - [MESSAGE][WARNING] - Timeout '0' is invalid. Using default page load timeout: '30'

2022-11-15 12:07:48 - [MESSAGE][PASSED] - Element 'Object Repository/11-Ajouter un colis au panier/android.widget.Button-Valider mon panier' is visible

2022-11-15 12:07:48 - [TEST_STEP][PASSED] - tap(findTestObject("Object Repository/12-Retour a la page d ajout d un colis/ButtonBack"), 0): Tapped on element 'Object Repository/12-Retour a la page d ajout d un colis/ButtonBack'

2022-11-15 12:07:48 - [MESSAGE][WARNING] - Timeout '0' is invalid. Using default page load timeout: '30'

2022-11-15 12:07:48 - [MESSAGE][PASSED] - Tapped on element 'Object Repository/12-Retour a la page d ajout d un colis/ButtonBack'

2022-11-15 12:07:48 - [TEST_STEP][PASSED] - startApplication("C:\Users\Ousseynou Diop\Desktop\APK Client\app-debug.apk", true): Started app at: 'C:\Users\Ousseynou Diop\Desktop\APK Client\app-debug.apk'

2022-11-15 12:08:34 - [MESSAGE][PASSED] - Started app at: 'C:\Users\Ousseynou Diop\Desktop\APK Client\app-debug.apk'

2022-11-15 12:08:34 - [TEST_STEP][PASSED] - closeApplication(): Close app successfully

2022-11-15 12:08:40 - [MESSAGE][PASSED] - Close app successfully]]></system-out>
         <system-err><![CDATA[]]></system-err>
      </testcase>
      <testcase name="Test Cases/Cas de test passant/13-Supprimer un colis du panier ( MSR-295)" time="94.311" classname="Test Cases/Cas de test passant/13-Supprimer un colis du panier ( MSR-295)" status="FAILED">
         <failure type="FAILED" message="Test Cases/Cas de test passant/13-Supprimer un colis du panier ( MSR-295) FAILED.
Reason:
com.kms.katalon.core.exception.StepFailedException: Object Object Repository/11-Ajouter un colis au panier/android.widget.EditText - Adresse de livraison not found
	at com.kms.katalon.core.keyword.internal.KeywordMain.stepFailed(KeywordMain.groovy:50)
	at com.kms.katalon.core.mobile.keyword.internal.MobileKeywordMain.stepFailed(MobileKeywordMain.groovy:40)
	at com.kms.katalon.core.mobile.keyword.builtin.TapKeyword$_tap_closure1.doCall(TapKeyword.groovy:79)
	at com.kms.katalon.core.mobile.keyword.builtin.TapKeyword$_tap_closure1.call(TapKeyword.groovy)
	at com.kms.katalon.core.mobile.keyword.internal.MobileKeywordMain.runKeyword(MobileKeywordMain.groovy:21)
	at com.kms.katalon.core.mobile.keyword.builtin.TapKeyword.tap(TapKeyword.groovy:84)
	at com.kms.katalon.core.mobile.keyword.builtin.TapKeyword.execute(TapKeyword.groovy:68)
	at com.kms.katalon.core.keyword.internal.KeywordExecutor.executeKeywordForPlatform(KeywordExecutor.groovy:74)
	at com.kms.katalon.core.mobile.keyword.MobileBuiltInKeywords.tap(MobileBuiltInKeywords.groovy:1490)
	at com.kms.katalon.core.mobile.keyword.MobileBuiltInKeywords$tap$0.call(Unknown Source)
	at 13-Supprimer un colis du panier ( MSR-295).run(13-Supprimer un colis du panier ( MSR-295):33)
	at com.kms.katalon.core.main.ScriptEngine.run(ScriptEngine.java:194)
	at com.kms.katalon.core.main.ScriptEngine.runScriptAsRawText(ScriptEngine.java:119)
	at com.kms.katalon.core.main.TestCaseExecutor.runScript(TestCaseExecutor.java:448)
	at com.kms.katalon.core.main.TestCaseExecutor.doExecute(TestCaseExecutor.java:439)
	at com.kms.katalon.core.main.TestCaseExecutor.processExecutionPhase(TestCaseExecutor.java:418)
	at com.kms.katalon.core.main.TestCaseExecutor.accessMainPhase(TestCaseExecutor.java:410)
	at com.kms.katalon.core.main.TestCaseExecutor.execute(TestCaseExecutor.java:285)
	at com.kms.katalon.core.common.CommonExecutor.accessTestCaseMainPhase(CommonExecutor.java:65)
	at com.kms.katalon.core.main.TestSuiteExecutor.accessTestSuiteMainPhase(TestSuiteExecutor.java:151)
	at com.kms.katalon.core.main.TestSuiteExecutor.execute(TestSuiteExecutor.java:106)
	at com.kms.katalon.core.main.TestCaseMain.startTestSuite(TestCaseMain.java:185)
	at com.kms.katalon.core.main.TestCaseMain$startTestSuite$0.call(Unknown Source)
	at TempTestSuite1668509835381.run(TempTestSuite1668509835381.groovy:36)
"/>
         <system-out><![CDATA[2022-11-15 12:08:40 - [TEST_CASE][FAILED] - Test Cases/Cas de test passant/13-Supprimer un colis du panier ( MSR-295): Test Cases/Cas de test passant/13-Supprimer un colis du panier ( MSR-295) FAILED.
Reason:
com.kms.katalon.core.exception.StepFailedException: Object Object Repository/11-Ajouter un colis au panier/android.widget.EditText - Adresse de livraison not found
	at com.kms.katalon.core.keyword.internal.KeywordMain.stepFailed(KeywordMain.groovy:50)
	at com.kms.katalon.core.mobile.keyword.internal.MobileKeywordMain.stepFailed(MobileKeywordMain.groovy:40)
	at com.kms.katalon.core.mobile.keyword.builtin.TapKeyword$_tap_closure1.doCall(TapKeyword.groovy:79)
	at com.kms.katalon.core.mobile.keyword.builtin.TapKeyword$_tap_closure1.call(TapKeyword.groovy)
	at com.kms.katalon.core.mobile.keyword.internal.MobileKeywordMain.runKeyword(MobileKeywordMain.groovy:21)
	at com.kms.katalon.core.mobile.keyword.builtin.TapKeyword.tap(TapKeyword.groovy:84)
	at com.kms.katalon.core.mobile.keyword.builtin.TapKeyword.execute(TapKeyword.groovy:68)
	at com.kms.katalon.core.keyword.internal.KeywordExecutor.executeKeywordForPlatform(KeywordExecutor.groovy:74)
	at com.kms.katalon.core.mobile.keyword.MobileBuiltInKeywords.tap(MobileBuiltInKeywords.groovy:1490)
	at com.kms.katalon.core.mobile.keyword.MobileBuiltInKeywords$tap$0.call(Unknown Source)
	at 13-Supprimer un colis du panier ( MSR-295).run(13-Supprimer un colis du panier ( MSR-295):33)
	at com.kms.katalon.core.main.ScriptEngine.run(ScriptEngine.java:194)
	at com.kms.katalon.core.main.ScriptEngine.runScriptAsRawText(ScriptEngine.java:119)
	at com.kms.katalon.core.main.TestCaseExecutor.runScript(TestCaseExecutor.java:448)
	at com.kms.katalon.core.main.TestCaseExecutor.doExecute(TestCaseExecutor.java:439)
	at com.kms.katalon.core.main.TestCaseExecutor.processExecutionPhase(TestCaseExecutor.java:418)
	at com.kms.katalon.core.main.TestCaseExecutor.accessMainPhase(TestCaseExecutor.java:410)
	at com.kms.katalon.core.main.TestCaseExecutor.execute(TestCaseExecutor.java:285)
	at com.kms.katalon.core.common.CommonExecutor.accessTestCaseMainPhase(CommonExecutor.java:65)
	at com.kms.katalon.core.main.TestSuiteExecutor.accessTestSuiteMainPhase(TestSuiteExecutor.java:151)
	at com.kms.katalon.core.main.TestSuiteExecutor.execute(TestSuiteExecutor.java:106)
	at com.kms.katalon.core.main.TestCaseMain.startTestSuite(TestCaseMain.java:185)
	at com.kms.katalon.core.main.TestCaseMain$startTestSuite$0.call(Unknown Source)
	at TempTestSuite1668509835381.run(TempTestSuite1668509835381.groovy:36)


2022-11-15 12:08:40 - [TEST_STEP][PASSED] - startApplication("C:\Users\Ousseynou Diop\Desktop\APK Client\app-debug.apk", true): Started app at: 'C:\Users\Ousseynou Diop\Desktop\APK Client\app-debug.apk'

2022-11-15 12:08:41 - [MESSAGE][INFO] - Detected NodeJS location: "C:\Program Files\nodejs\node.exe"

2022-11-15 12:08:42 - [MESSAGE][INFO] - Appium server started on port 55Â 879

2022-11-15 12:09:18 - [MESSAGE][PASSED] - Started app at: 'C:\Users\Ousseynou Diop\Desktop\APK Client\app-debug.apk'

2022-11-15 12:09:18 - [TEST_STEP][PASSED] - tap(findTestObject("Object Repository/11-Ajouter un colis au panier/android.widget.Button-Continuer en mode Guest"), 0): Tapped on element 'Object Repository/11-Ajouter un colis au panier/android.widget.Button-Continuer en mode Guest'

2022-11-15 12:09:18 - [MESSAGE][WARNING] - Timeout '0' is invalid. Using default page load timeout: '30'

2022-11-15 12:09:22 - [MESSAGE][PASSED] - Tapped on element 'Object Repository/11-Ajouter un colis au panier/android.widget.Button-Continuer en mode Guest'

2022-11-15 12:09:22 - [TEST_STEP][PASSED] - tap(findTestObject("Object Repository/11-Ajouter un colis au panier/android.view.View-Onglet  Livraison de colis"), 0): Tapped on element 'Object Repository/11-Ajouter un colis au panier/android.view.View-Onglet  Livraison de colis'

2022-11-15 12:09:22 - [MESSAGE][WARNING] - Timeout '0' is invalid. Using default page load timeout: '30'

2022-11-15 12:09:25 - [MESSAGE][PASSED] - Tapped on element 'Object Repository/11-Ajouter un colis au panier/android.view.View-Onglet  Livraison de colis'

2022-11-15 12:09:25 - [TEST_STEP][PASSED] - tap(findTestObject("Object Repository/11-Ajouter un colis au panier/android.widget.EditText - Adresse de collecte"), 0): Tapped on element 'Object Repository/11-Ajouter un colis au panier/android.widget.EditText - Adresse de collecte'

2022-11-15 12:09:25 - [MESSAGE][WARNING] - Timeout '0' is invalid. Using default page load timeout: '30'

2022-11-15 12:09:30 - [MESSAGE][PASSED] - Tapped on element 'Object Repository/11-Ajouter un colis au panier/android.widget.EditText - Adresse de collecte'

2022-11-15 12:09:30 - [TEST_STEP][PASSED] - tap(findTestObject("Object Repository/11-Ajouter un colis au panier/android.view.View- Ma position"), 0): Tapped on element 'Object Repository/11-Ajouter un colis au panier/android.view.View- Ma position'

2022-11-15 12:09:30 - [MESSAGE][WARNING] - Timeout '0' is invalid. Using default page load timeout: '30'

2022-11-15 12:09:35 - [MESSAGE][PASSED] - Tapped on element 'Object Repository/11-Ajouter un colis au panier/android.view.View- Ma position'

2022-11-15 12:09:35 - [TEST_STEP][FAILED] - tap(findTestObject("Object Repository/11-Ajouter un colis au panier/android.widget.EditText - Adresse de livraison"), 0): Failed to tap on element 'Object Repository/11-Ajouter un colis au panier/android.widget.EditText - Adresse de livraison' (Root cause: com.kms.katalon.core.exception.StepFailedException: Object Object Repository/11-Ajouter un colis au panier/android.widget.EditText - Adresse de livraison not found
	at com.kms.katalon.core.keyword.internal.KeywordMain.stepFailed(KeywordMain.groovy:50)
	at com.kms.katalon.core.mobile.keyword.internal.MobileKeywordMain.stepFailed(MobileKeywordMain.groovy:40)
	at com.kms.katalon.core.mobile.keyword.builtin.TapKeyword$_tap_closure1.doCall(TapKeyword.groovy:79)
	at com.kms.katalon.core.mobile.keyword.builtin.TapKeyword$_tap_closure1.call(TapKeyword.groovy)
	at com.kms.katalon.core.mobile.keyword.internal.MobileKeywordMain.runKeyword(MobileKeywordMain.groovy:21)
	at com.kms.katalon.core.mobile.keyword.builtin.TapKeyword.tap(TapKeyword.groovy:84)
	at com.kms.katalon.core.mobile.keyword.builtin.TapKeyword.execute(TapKeyword.groovy:68)
	at com.kms.katalon.core.keyword.internal.KeywordExecutor.executeKeywordForPlatform(KeywordExecutor.groovy:74)
	at com.kms.katalon.core.mobile.keyword.MobileBuiltInKeywords.tap(MobileBuiltInKeywords.groovy:1490)
	at com.kms.katalon.core.mobile.keyword.MobileBuiltInKeywords$tap$0.call(Unknown Source)
	at 13-Supprimer un colis du panier ( MSR-295).run(13-Supprimer un colis du panier ( MSR-295):33)
	at com.kms.katalon.core.main.ScriptEngine.run(ScriptEngine.java:194)
	at com.kms.katalon.core.main.ScriptEngine.runScriptAsRawText(ScriptEngine.java:119)
	at com.kms.katalon.core.main.TestCaseExecutor.runScript(TestCaseExecutor.java:448)
	at com.kms.katalon.core.main.TestCaseExecutor.doExecute(TestCaseExecutor.java:439)
	at com.kms.katalon.core.main.TestCaseExecutor.processExecutionPhase(TestCaseExecutor.java:418)
	at com.kms.katalon.core.main.TestCaseExecutor.accessMainPhase(TestCaseExecutor.java:410)
	at com.kms.katalon.core.main.TestCaseExecutor.execute(TestCaseExecutor.java:285)
	at com.kms.katalon.core.common.CommonExecutor.accessTestCaseMainPhase(CommonExecutor.java:65)
	at com.kms.katalon.core.main.TestSuiteExecutor.accessTestSuiteMainPhase(TestSuiteExecutor.java:151)
	at com.kms.katalon.core.main.TestSuiteExecutor.execute(TestSuiteExecutor.java:106)
	at com.kms.katalon.core.main.TestCaseMain.startTestSuite(TestCaseMain.java:185)
	at com.kms.katalon.core.main.TestCaseMain$startTestSuite$0.call(Unknown Source)
	at TempTestSuite1668509835381.run(TempTestSuite1668509835381.groovy:36)
)

2022-11-15 12:09:35 - [MESSAGE][WARNING] - Timeout '0' is invalid. Using default page load timeout: '30'

2022-11-15 12:10:05 - [MESSAGE][FAILED] - Object Object Repository/11-Ajouter un colis au panier/android.widget.EditText - Adresse de livraison not found

2022-11-15 12:10:14 - [MESSAGE][FAILED] - Failed to tap on element 'Object Repository/11-Ajouter un colis au panier/android.widget.EditText - Adresse de livraison' (Root cause: com.kms.katalon.core.exception.StepFailedException: Object Object Repository/11-Ajouter un colis au panier/android.widget.EditText - Adresse de livraison not found
	at com.kms.katalon.core.keyword.internal.KeywordMain.stepFailed(KeywordMain.groovy:50)
	at com.kms.katalon.core.mobile.keyword.internal.MobileKeywordMain.stepFailed(MobileKeywordMain.groovy:40)
	at com.kms.katalon.core.mobile.keyword.builtin.TapKeyword$_tap_closure1.doCall(TapKeyword.groovy:79)
	at com.kms.katalon.core.mobile.keyword.builtin.TapKeyword$_tap_closure1.call(TapKeyword.groovy)
	at com.kms.katalon.core.mobile.keyword.internal.MobileKeywordMain.runKeyword(MobileKeywordMain.groovy:21)
	at com.kms.katalon.core.mobile.keyword.builtin.TapKeyword.tap(TapKeyword.groovy:84)
	at com.kms.katalon.core.mobile.keyword.builtin.TapKeyword.execute(TapKeyword.groovy:68)
	at com.kms.katalon.core.keyword.internal.KeywordExecutor.executeKeywordForPlatform(KeywordExecutor.groovy:74)
	at com.kms.katalon.core.mobile.keyword.MobileBuiltInKeywords.tap(MobileBuiltInKeywords.groovy:1490)
	at com.kms.katalon.core.mobile.keyword.MobileBuiltInKeywords$tap$0.call(Unknown Source)
	at 13-Supprimer un colis du panier ( MSR-295).run(13-Supprimer un colis du panier ( MSR-295):33)
	at com.kms.katalon.core.main.ScriptEngine.run(ScriptEngine.java:194)
	at com.kms.katalon.core.main.ScriptEngine.runScriptAsRawText(ScriptEngine.java:119)
	at com.kms.katalon.core.main.TestCaseExecutor.runScript(TestCaseExecutor.java:448)
	at com.kms.katalon.core.main.TestCaseExecutor.doExecute(TestCaseExecutor.java:439)
	at com.kms.katalon.core.main.TestCaseExecutor.processExecutionPhase(TestCaseExecutor.java:418)
	at com.kms.katalon.core.main.TestCaseExecutor.accessMainPhase(TestCaseExecutor.java:410)
	at com.kms.katalon.core.main.TestCaseExecutor.execute(TestCaseExecutor.java:285)
	at com.kms.katalon.core.common.CommonExecutor.accessTestCaseMainPhase(CommonExecutor.java:65)
	at com.kms.katalon.core.main.TestSuiteExecutor.accessTestSuiteMainPhase(TestSuiteExecutor.java:151)
	at com.kms.katalon.core.main.TestSuiteExecutor.execute(TestSuiteExecutor.java:106)
	at com.kms.katalon.core.main.TestCaseMain.startTestSuite(TestCaseMain.java:185)
	at com.kms.katalon.core.main.TestCaseMain$startTestSuite$0.call(Unknown Source)
	at TempTestSuite1668509835381.run(TempTestSuite1668509835381.groovy:36)
)
[[ATTACHMENT|C:\\Users\\Ousseynou Diop\\git\\Mon-Shopper-Automatisation-Application-Client\\Reports\\20221115_115715\\Cas de test passant app client\\20221115_115715\\1668510605745.png]]]]></system-out>
         <system-err><![CDATA[2022-11-15 12:08:40 - [TEST_CASE][FAILED] - Test Cases/Cas de test passant/13-Supprimer un colis du panier ( MSR-295): Test Cases/Cas de test passant/13-Supprimer un colis du panier ( MSR-295) FAILED.
Reason:
com.kms.katalon.core.exception.StepFailedException: Object Object Repository/11-Ajouter un colis au panier/android.widget.EditText - Adresse de livraison not found
	at com.kms.katalon.core.keyword.internal.KeywordMain.stepFailed(KeywordMain.groovy:50)
	at com.kms.katalon.core.mobile.keyword.internal.MobileKeywordMain.stepFailed(MobileKeywordMain.groovy:40)
	at com.kms.katalon.core.mobile.keyword.builtin.TapKeyword$_tap_closure1.doCall(TapKeyword.groovy:79)
	at com.kms.katalon.core.mobile.keyword.builtin.TapKeyword$_tap_closure1.call(TapKeyword.groovy)
	at com.kms.katalon.core.mobile.keyword.internal.MobileKeywordMain.runKeyword(MobileKeywordMain.groovy:21)
	at com.kms.katalon.core.mobile.keyword.builtin.TapKeyword.tap(TapKeyword.groovy:84)
	at com.kms.katalon.core.mobile.keyword.builtin.TapKeyword.execute(TapKeyword.groovy:68)
	at com.kms.katalon.core.keyword.internal.KeywordExecutor.executeKeywordForPlatform(KeywordExecutor.groovy:74)
	at com.kms.katalon.core.mobile.keyword.MobileBuiltInKeywords.tap(MobileBuiltInKeywords.groovy:1490)
	at com.kms.katalon.core.mobile.keyword.MobileBuiltInKeywords$tap$0.call(Unknown Source)
	at 13-Supprimer un colis du panier ( MSR-295).run(13-Supprimer un colis du panier ( MSR-295):33)
	at com.kms.katalon.core.main.ScriptEngine.run(ScriptEngine.java:194)
	at com.kms.katalon.core.main.ScriptEngine.runScriptAsRawText(ScriptEngine.java:119)
	at com.kms.katalon.core.main.TestCaseExecutor.runScript(TestCaseExecutor.java:448)
	at com.kms.katalon.core.main.TestCaseExecutor.doExecute(TestCaseExecutor.java:439)
	at com.kms.katalon.core.main.TestCaseExecutor.processExecutionPhase(TestCaseExecutor.java:418)
	at com.kms.katalon.core.main.TestCaseExecutor.accessMainPhase(TestCaseExecutor.java:410)
	at com.kms.katalon.core.main.TestCaseExecutor.execute(TestCaseExecutor.java:285)
	at com.kms.katalon.core.common.CommonExecutor.accessTestCaseMainPhase(CommonExecutor.java:65)
	at com.kms.katalon.core.main.TestSuiteExecutor.accessTestSuiteMainPhase(TestSuiteExecutor.java:151)
	at com.kms.katalon.core.main.TestSuiteExecutor.execute(TestSuiteExecutor.java:106)
	at com.kms.katalon.core.main.TestCaseMain.startTestSuite(TestCaseMain.java:185)
	at com.kms.katalon.core.main.TestCaseMain$startTestSuite$0.call(Unknown Source)
	at TempTestSuite1668509835381.run(TempTestSuite1668509835381.groovy:36)]]></system-err>
      </testcase>
      <testcase name="Test Cases/Cas de test passant/14-Valider mon panier (MSR-295)" time="95.523" classname="Test Cases/Cas de test passant/14-Valider mon panier (MSR-295)" status="FAILED">
         <failure type="FAILED" message="Test Cases/Cas de test passant/14-Valider mon panier (MSR-295) FAILED.
Reason:
com.kms.katalon.core.exception.StepFailedException: Failed to check for element 'Object Repository/14-ValiderMonPanier/TextInformations' visible (Root cause: org.openqa.selenium.StaleElementReferenceException: Cached elements 'By.xpath: //hierarchy/android.widget.FrameLayout[1]/android.widget.LinearLayout[1]/android.widget.FrameLayout[1]/android.widget.FrameLayout[1]/android.widget.FrameLayout[1]/android.view.View[1]/android.view.View[1]/android.view.View[1]/android.view.View[1]/android.view.View[1]/android.view.View[2]' do not exist in DOM anymore
For documentation on this error, please visit: https://www.seleniumhq.org/exceptions/stale_element_reference.html
Build info: version: '3.141.59', revision: 'e82be7d358', time: '2018-11-14T08:25:53'
System info: host: 'DESKTOP-QOR6BOM', ip: '192.168.1.14', os.name: 'Windows 10', os.arch: 'amd64', os.version: '10.0', java.version: '1.8.0_282'
Driver info: com.kms.katalon.core.appium.driver.SwipeableAndroidDriver
Capabilities {app: C:\Users\Ousseynou Diop\Des..., appPackage: fr.agiltoo.myshopper.custom..., autoGrantPermissions: true, automationName: uiautomator2, chromedriverPort: 55880, databaseEnabled: false, desired: {app: C:\Users\Ousseynou Diop\Des..., autoGrantPermissions: true, automationName: uiautomator2, chromedriverPort: 55880, deviceName: samsung SM-A022F (Android 11), fullReset: true, newCommandTimeout: 1800, noReset: false, platform: ANDROID, platformName: android, platformVersion: 11, systemPort: 56012, udid: RZ8R71P5YRT}, deviceApiLevel: 30, deviceManufacturer: samsung, deviceModel: SM-A022F, deviceName: RZ8R71P5YRT, deviceScreenDensity: 300, deviceScreenSize: 720x1600, deviceUDID: RZ8R71P5YRT, fullReset: true, javascriptEnabled: true, locationContextEnabled: false, networkConnectionEnabled: true, newCommandTimeout: 1800, noReset: false, pixelRatio: 1.875, platform: ANDROID, platformName: Android, platformVersion: 11, statBarHeight: 45, systemPort: 56012, takesScreenshot: true, udid: RZ8R71P5YRT, viewportRect: {height: 1420, left: 0, top: 45, width: 720}, warnings: {}, webStorageEnabled: false}
Session ID: bdc025e6-687d-4f41-82db-95700e0243ec
	at org.openqa.selenium.remote.http.W3CHttpResponseCodec.createException(W3CHttpResponseCodec.java:187)
	at org.openqa.selenium.remote.http.W3CHttpResponseCodec.decode(W3CHttpResponseCodec.java:122)
	at org.openqa.selenium.remote.http.W3CHttpResponseCodec.decode(W3CHttpResponseCodec.java:49)
	at org.openqa.selenium.remote.HttpCommandExecutor.execute(HttpCommandExecutor.java:158)
	at io.appium.java_client.remote.AppiumCommandExecutor.execute(AppiumCommandExecutor.java:239)
	at org.openqa.selenium.remote.RemoteWebDriver.execute(RemoteWebDriver.java:552)
	at io.appium.java_client.DefaultGenericMobileDriver.execute(DefaultGenericMobileDriver.java:42)
	at io.appium.java_client.AppiumDriver.execute(AppiumDriver.java:1)
	at io.appium.java_client.android.AndroidDriver.execute(AndroidDriver.java:1)
	at com.kms.katalon.core.appium.driver.SwipeableAndroidDriver.execute(SwipeableAndroidDriver.java:1)
	at org.openqa.selenium.remote.RemoteWebElement.execute(RemoteWebElement.java:285)
	at io.appium.java_client.DefaultGenericMobileElement.execute(DefaultGenericMobileElement.java:45)
	at io.appium.java_client.MobileElement.execute(MobileElement.java:1)
	at io.appium.java_client.android.AndroidElement.execute(AndroidElement.java:1)
	at org.openqa.selenium.remote.RemoteWebElement.getLocation(RemoteWebElement.java:337)
	at org.openqa.selenium.WebElement$getLocation.call(Unknown Source)
	at com.kms.katalon.core.mobile.keyword.internal.MobileAbstractKeyword.findElement(MobileAbstractKeyword.groovy:86)
	at com.kms.katalon.core.mobile.keyword.builtin.VerifyElementVisibleKeyword.access$1(VerifyElementVisibleKeyword.groovy)
	at com.kms.katalon.core.mobile.keyword.builtin.VerifyElementVisibleKeyword$_verifyElementVisible_closure1.doCall(VerifyElementVisibleKeyword.groovy:72)
	at com.kms.katalon.core.mobile.keyword.builtin.VerifyElementVisibleKeyword$_verifyElementVisible_closure1.call(VerifyElementVisibleKeyword.groovy)
	at com.kms.katalon.core.mobile.keyword.internal.MobileKeywordMain.runKeyword(MobileKeywordMain.groovy:21)
	at com.kms.katalon.core.mobile.keyword.builtin.VerifyElementVisibleKeyword.verifyElementVisible(VerifyElementVisibleKeyword.groovy:85)
	at com.kms.katalon.core.mobile.keyword.builtin.VerifyElementVisibleKeyword.execute(VerifyElementVisibleKeyword.groovy:64)
	at com.kms.katalon.core.keyword.internal.KeywordExecutor.executeKeywordForPlatform(KeywordExecutor.groovy:74)
	at com.kms.katalon.core.mobile.keyword.MobileBuiltInKeywords.verifyElementVisible(MobileBuiltInKeywords.groovy:2031)
	at com.kms.katalon.core.mobile.keyword.MobileBuiltInKeywords$verifyElementVisible$6.call(Unknown Source)
	at 14-Valider mon panier (MSR-295).run(14-Valider mon panier (MSR-295):80)
	at com.kms.katalon.core.main.ScriptEngine.run(ScriptEngine.java:194)
	at com.kms.katalon.core.main.ScriptEngine.runScriptAsRawText(ScriptEngine.java:119)
	at com.kms.katalon.core.main.TestCaseExecutor.runScript(TestCaseExecutor.java:448)
	at com.kms.katalon.core.main.TestCaseExecutor.doExecute(TestCaseExecutor.java:439)
	at com.kms.katalon.core.main.TestCaseExecutor.processExecutionPhase(TestCaseExecutor.java:418)
	at com.kms.katalon.core.main.TestCaseExecutor.accessMainPhase(TestCaseExecutor.java:410)
	at com.kms.katalon.core.main.TestCaseExecutor.execute(TestCaseExecutor.java:285)
	at com.kms.katalon.core.common.CommonExecutor.accessTestCaseMainPhase(CommonExecutor.java:65)
	at com.kms.katalon.core.main.TestSuiteExecutor.accessTestSuiteMainPhase(TestSuiteExecutor.java:151)
	at com.kms.katalon.core.main.TestSuiteExecutor.execute(TestSuiteExecutor.java:106)
	at com.kms.katalon.core.main.TestCaseMain.startTestSuite(TestCaseMain.java:185)
	at com.kms.katalon.core.main.TestCaseMain$startTestSuite$0.call(Unknown Source)
	at TempTestSuite1668509835381.run(TempTestSuite1668509835381.groovy:36)
)
	at com.kms.katalon.core.keyword.internal.KeywordMain.stepFailed(KeywordMain.groovy:50)
	at com.kms.katalon.core.mobile.keyword.internal.MobileKeywordMain.stepFailed(MobileKeywordMain.groovy:40)
	at com.kms.katalon.core.mobile.keyword.internal.MobileKeywordMain.runKeyword(MobileKeywordMain.groovy:23)
	at com.kms.katalon.core.mobile.keyword.builtin.VerifyElementVisibleKeyword.verifyElementVisible(VerifyElementVisibleKeyword.groovy:85)
	at com.kms.katalon.core.mobile.keyword.builtin.VerifyElementVisibleKeyword.execute(VerifyElementVisibleKeyword.groovy:64)
	at com.kms.katalon.core.keyword.internal.KeywordExecutor.executeKeywordForPlatform(KeywordExecutor.groovy:74)
	at com.kms.katalon.core.mobile.keyword.MobileBuiltInKeywords.verifyElementVisible(MobileBuiltInKeywords.groovy:2031)
	at com.kms.katalon.core.mobile.keyword.MobileBuiltInKeywords$verifyElementVisible$6.call(Unknown Source)
	at 14-Valider mon panier (MSR-295).run(14-Valider mon panier (MSR-295):80)
	at com.kms.katalon.core.main.ScriptEngine.run(ScriptEngine.java:194)
	at com.kms.katalon.core.main.ScriptEngine.runScriptAsRawText(ScriptEngine.java:119)
	at com.kms.katalon.core.main.TestCaseExecutor.runScript(TestCaseExecutor.java:448)
	at com.kms.katalon.core.main.TestCaseExecutor.doExecute(TestCaseExecutor.java:439)
	at com.kms.katalon.core.main.TestCaseExecutor.processExecutionPhase(TestCaseExecutor.java:418)
	at com.kms.katalon.core.main.TestCaseExecutor.accessMainPhase(TestCaseExecutor.java:410)
	at com.kms.katalon.core.main.TestCaseExecutor.execute(TestCaseExecutor.java:285)
	at com.kms.katalon.core.common.CommonExecutor.accessTestCaseMainPhase(CommonExecutor.java:65)
	at com.kms.katalon.core.main.TestSuiteExecutor.accessTestSuiteMainPhase(TestSuiteExecutor.java:151)
	at com.kms.katalon.core.main.TestSuiteExecutor.execute(TestSuiteExecutor.java:106)
	at com.kms.katalon.core.main.TestCaseMain.startTestSuite(TestCaseMain.java:185)
	at com.kms.katalon.core.main.TestCaseMain$startTestSuite$0.call(Unknown Source)
	at TempTestSuite1668509835381.run(TempTestSuite1668509835381.groovy:36)
Caused by: org.openqa.selenium.StaleElementReferenceException: Cached elements 'By.xpath: //hierarchy/android.widget.FrameLayout[1]/android.widget.LinearLayout[1]/android.widget.FrameLayout[1]/android.widget.FrameLayout[1]/android.widget.FrameLayout[1]/android.view.View[1]/android.view.View[1]/android.view.View[1]/android.view.View[1]/android.view.View[1]/android.view.View[2]' do not exist in DOM anymore
For documentation on this error, please visit: https://www.seleniumhq.org/exceptions/stale_element_reference.html
Build info: version: '3.141.59', revision: 'e82be7d358', time: '2018-11-14T08:25:53'
System info: host: 'DESKTOP-QOR6BOM', ip: '192.168.1.14', os.name: 'Windows 10', os.arch: 'amd64', os.version: '10.0', java.version: '1.8.0_282'
Driver info: com.kms.katalon.core.appium.driver.SwipeableAndroidDriver
Capabilities {app: C:\Users\Ousseynou Diop\Des..., appPackage: fr.agiltoo.myshopper.custom..., autoGrantPermissions: true, automationName: uiautomator2, chromedriverPort: 55880, databaseEnabled: false, desired: {app: C:\Users\Ousseynou Diop\Des..., autoGrantPermissions: true, automationName: uiautomator2, chromedriverPort: 55880, deviceName: samsung SM-A022F (Android 11), fullReset: true, newCommandTimeout: 1800, noReset: false, platform: ANDROID, platformName: android, platformVersion: 11, systemPort: 56012, udid: RZ8R71P5YRT}, deviceApiLevel: 30, deviceManufacturer: samsung, deviceModel: SM-A022F, deviceName: RZ8R71P5YRT, deviceScreenDensity: 300, deviceScreenSize: 720x1600, deviceUDID: RZ8R71P5YRT, fullReset: true, javascriptEnabled: true, locationContextEnabled: false, networkConnectionEnabled: true, newCommandTimeout: 1800, noReset: false, pixelRatio: 1.875, platform: ANDROID, platformName: Android, platformVersion: 11, statBarHeight: 45, systemPort: 56012, takesScreenshot: true, udid: RZ8R71P5YRT, viewportRect: {height: 1420, left: 0, top: 45, width: 720}, warnings: {}, webStorageEnabled: false}
Session ID: bdc025e6-687d-4f41-82db-95700e0243ec
	at org.openqa.selenium.remote.http.W3CHttpResponseCodec.createException(W3CHttpResponseCodec.java:187)
	at org.openqa.selenium.remote.http.W3CHttpResponseCodec.decode(W3CHttpResponseCodec.java:122)
	at org.openqa.selenium.remote.http.W3CHttpResponseCodec.decode(W3CHttpResponseCodec.java:49)
	at org.openqa.selenium.remote.HttpCommandExecutor.execute(HttpCommandExecutor.java:158)
	at io.appium.java_client.remote.AppiumCommandExecutor.execute(AppiumCommandExecutor.java:239)
	at org.openqa.selenium.remote.RemoteWebDriver.execute(RemoteWebDriver.java:552)
	at io.appium.java_client.DefaultGenericMobileDriver.execute(DefaultGenericMobileDriver.java:42)
	at io.appium.java_client.AppiumDriver.execute(AppiumDriver.java:1)
	at io.appium.java_client.android.AndroidDriver.execute(AndroidDriver.java:1)
	at com.kms.katalon.core.appium.driver.SwipeableAndroidDriver.execute(SwipeableAndroidDriver.java:1)
	at org.openqa.selenium.remote.RemoteWebElement.execute(RemoteWebElement.java:285)
	at io.appium.java_client.DefaultGenericMobileElement.execute(DefaultGenericMobileElement.java:45)
	at io.appium.java_client.MobileElement.execute(MobileElement.java:1)
	at io.appium.java_client.android.AndroidElement.execute(AndroidElement.java:1)
	at org.openqa.selenium.remote.RemoteWebElement.getLocation(RemoteWebElement.java:337)
	at org.openqa.selenium.WebElement$getLocation.call(Unknown Source)
	at com.kms.katalon.core.mobile.keyword.internal.MobileAbstractKeyword.findElement(MobileAbstractKeyword.groovy:86)
	at com.kms.katalon.core.mobile.keyword.builtin.VerifyElementVisibleKeyword.access$1(VerifyElementVisibleKeyword.groovy)
	at com.kms.katalon.core.mobile.keyword.builtin.VerifyElementVisibleKeyword$_verifyElementVisible_closure1.doCall(VerifyElementVisibleKeyword.groovy:72)
	at com.kms.katalon.core.mobile.keyword.builtin.VerifyElementVisibleKeyword$_verifyElementVisible_closure1.call(VerifyElementVisibleKeyword.groovy)
	at com.kms.katalon.core.mobile.keyword.internal.MobileKeywordMain.runKeyword(MobileKeywordMain.groovy:21)
	... 19 more
"/>
         <system-out><![CDATA[2022-11-15 12:10:14 - [TEST_CASE][FAILED] - Test Cases/Cas de test passant/14-Valider mon panier (MSR-295): Test Cases/Cas de test passant/14-Valider mon panier (MSR-295) FAILED.
Reason:
com.kms.katalon.core.exception.StepFailedException: Failed to check for element 'Object Repository/14-ValiderMonPanier/TextInformations' visible (Root cause: org.openqa.selenium.StaleElementReferenceException: Cached elements 'By.xpath: //hierarchy/android.widget.FrameLayout[1]/android.widget.LinearLayout[1]/android.widget.FrameLayout[1]/android.widget.FrameLayout[1]/android.widget.FrameLayout[1]/android.view.View[1]/android.view.View[1]/android.view.View[1]/android.view.View[1]/android.view.View[1]/android.view.View[2]' do not exist in DOM anymore
For documentation on this error, please visit: https://www.seleniumhq.org/exceptions/stale_element_reference.html
Build info: version: '3.141.59', revision: 'e82be7d358', time: '2018-11-14T08:25:53'
System info: host: 'DESKTOP-QOR6BOM', ip: '192.168.1.14', os.name: 'Windows 10', os.arch: 'amd64', os.version: '10.0', java.version: '1.8.0_282'
Driver info: com.kms.katalon.core.appium.driver.SwipeableAndroidDriver
Capabilities {app: C:\Users\Ousseynou Diop\Des..., appPackage: fr.agiltoo.myshopper.custom..., autoGrantPermissions: true, automationName: uiautomator2, chromedriverPort: 55880, databaseEnabled: false, desired: {app: C:\Users\Ousseynou Diop\Des..., autoGrantPermissions: true, automationName: uiautomator2, chromedriverPort: 55880, deviceName: samsung SM-A022F (Android 11), fullReset: true, newCommandTimeout: 1800, noReset: false, platform: ANDROID, platformName: android, platformVersion: 11, systemPort: 56012, udid: RZ8R71P5YRT}, deviceApiLevel: 30, deviceManufacturer: samsung, deviceModel: SM-A022F, deviceName: RZ8R71P5YRT, deviceScreenDensity: 300, deviceScreenSize: 720x1600, deviceUDID: RZ8R71P5YRT, fullReset: true, javascriptEnabled: true, locationContextEnabled: false, networkConnectionEnabled: true, newCommandTimeout: 1800, noReset: false, pixelRatio: 1.875, platform: ANDROID, platformName: Android, platformVersion: 11, statBarHeight: 45, systemPort: 56012, takesScreenshot: true, udid: RZ8R71P5YRT, viewportRect: {height: 1420, left: 0, top: 45, width: 720}, warnings: {}, webStorageEnabled: false}
Session ID: bdc025e6-687d-4f41-82db-95700e0243ec
	at org.openqa.selenium.remote.http.W3CHttpResponseCodec.createException(W3CHttpResponseCodec.java:187)
	at org.openqa.selenium.remote.http.W3CHttpResponseCodec.decode(W3CHttpResponseCodec.java:122)
	at org.openqa.selenium.remote.http.W3CHttpResponseCodec.decode(W3CHttpResponseCodec.java:49)
	at org.openqa.selenium.remote.HttpCommandExecutor.execute(HttpCommandExecutor.java:158)
	at io.appium.java_client.remote.AppiumCommandExecutor.execute(AppiumCommandExecutor.java:239)
	at org.openqa.selenium.remote.RemoteWebDriver.execute(RemoteWebDriver.java:552)
	at io.appium.java_client.DefaultGenericMobileDriver.execute(DefaultGenericMobileDriver.java:42)
	at io.appium.java_client.AppiumDriver.execute(AppiumDriver.java:1)
	at io.appium.java_client.android.AndroidDriver.execute(AndroidDriver.java:1)
	at com.kms.katalon.core.appium.driver.SwipeableAndroidDriver.execute(SwipeableAndroidDriver.java:1)
	at org.openqa.selenium.remote.RemoteWebElement.execute(RemoteWebElement.java:285)
	at io.appium.java_client.DefaultGenericMobileElement.execute(DefaultGenericMobileElement.java:45)
	at io.appium.java_client.MobileElement.execute(MobileElement.java:1)
	at io.appium.java_client.android.AndroidElement.execute(AndroidElement.java:1)
	at org.openqa.selenium.remote.RemoteWebElement.getLocation(RemoteWebElement.java:337)
	at org.openqa.selenium.WebElement$getLocation.call(Unknown Source)
	at com.kms.katalon.core.mobile.keyword.internal.MobileAbstractKeyword.findElement(MobileAbstractKeyword.groovy:86)
	at com.kms.katalon.core.mobile.keyword.builtin.VerifyElementVisibleKeyword.access$1(VerifyElementVisibleKeyword.groovy)
	at com.kms.katalon.core.mobile.keyword.builtin.VerifyElementVisibleKeyword$_verifyElementVisible_closure1.doCall(VerifyElementVisibleKeyword.groovy:72)
	at com.kms.katalon.core.mobile.keyword.builtin.VerifyElementVisibleKeyword$_verifyElementVisible_closure1.call(VerifyElementVisibleKeyword.groovy)
	at com.kms.katalon.core.mobile.keyword.internal.MobileKeywordMain.runKeyword(MobileKeywordMain.groovy:21)
	at com.kms.katalon.core.mobile.keyword.builtin.VerifyElementVisibleKeyword.verifyElementVisible(VerifyElementVisibleKeyword.groovy:85)
	at com.kms.katalon.core.mobile.keyword.builtin.VerifyElementVisibleKeyword.execute(VerifyElementVisibleKeyword.groovy:64)
	at com.kms.katalon.core.keyword.internal.KeywordExecutor.executeKeywordForPlatform(KeywordExecutor.groovy:74)
	at com.kms.katalon.core.mobile.keyword.MobileBuiltInKeywords.verifyElementVisible(MobileBuiltInKeywords.groovy:2031)
	at com.kms.katalon.core.mobile.keyword.MobileBuiltInKeywords$verifyElementVisible$6.call(Unknown Source)
	at 14-Valider mon panier (MSR-295).run(14-Valider mon panier (MSR-295):80)
	at com.kms.katalon.core.main.ScriptEngine.run(ScriptEngine.java:194)
	at com.kms.katalon.core.main.ScriptEngine.runScriptAsRawText(ScriptEngine.java:119)
	at com.kms.katalon.core.main.TestCaseExecutor.runScript(TestCaseExecutor.java:448)
	at com.kms.katalon.core.main.TestCaseExecutor.doExecute(TestCaseExecutor.java:439)
	at com.kms.katalon.core.main.TestCaseExecutor.processExecutionPhase(TestCaseExecutor.java:418)
	at com.kms.katalon.core.main.TestCaseExecutor.accessMainPhase(TestCaseExecutor.java:410)
	at com.kms.katalon.core.main.TestCaseExecutor.execute(TestCaseExecutor.java:285)
	at com.kms.katalon.core.common.CommonExecutor.accessTestCaseMainPhase(CommonExecutor.java:65)
	at com.kms.katalon.core.main.TestSuiteExecutor.accessTestSuiteMainPhase(TestSuiteExecutor.java:151)
	at com.kms.katalon.core.main.TestSuiteExecutor.execute(TestSuiteExecutor.java:106)
	at com.kms.katalon.core.main.TestCaseMain.startTestSuite(TestCaseMain.java:185)
	at com.kms.katalon.core.main.TestCaseMain$startTestSuite$0.call(Unknown Source)
	at TempTestSuite1668509835381.run(TempTestSuite1668509835381.groovy:36)
)
	at com.kms.katalon.core.keyword.internal.KeywordMain.stepFailed(KeywordMain.groovy:50)
	at com.kms.katalon.core.mobile.keyword.internal.MobileKeywordMain.stepFailed(MobileKeywordMain.groovy:40)
	at com.kms.katalon.core.mobile.keyword.internal.MobileKeywordMain.runKeyword(MobileKeywordMain.groovy:23)
	at com.kms.katalon.core.mobile.keyword.builtin.VerifyElementVisibleKeyword.verifyElementVisible(VerifyElementVisibleKeyword.groovy:85)
	at com.kms.katalon.core.mobile.keyword.builtin.VerifyElementVisibleKeyword.execute(VerifyElementVisibleKeyword.groovy:64)
	at com.kms.katalon.core.keyword.internal.KeywordExecutor.executeKeywordForPlatform(KeywordExecutor.groovy:74)
	at com.kms.katalon.core.mobile.keyword.MobileBuiltInKeywords.verifyElementVisible(MobileBuiltInKeywords.groovy:2031)
	at com.kms.katalon.core.mobile.keyword.MobileBuiltInKeywords$verifyElementVisible$6.call(Unknown Source)
	at 14-Valider mon panier (MSR-295).run(14-Valider mon panier (MSR-295):80)
	at com.kms.katalon.core.main.ScriptEngine.run(ScriptEngine.java:194)
	at com.kms.katalon.core.main.ScriptEngine.runScriptAsRawText(ScriptEngine.java:119)
	at com.kms.katalon.core.main.TestCaseExecutor.runScript(TestCaseExecutor.java:448)
	at com.kms.katalon.core.main.TestCaseExecutor.doExecute(TestCaseExecutor.java:439)
	at com.kms.katalon.core.main.TestCaseExecutor.processExecutionPhase(TestCaseExecutor.java:418)
	at com.kms.katalon.core.main.TestCaseExecutor.accessMainPhase(TestCaseExecutor.java:410)
	at com.kms.katalon.core.main.TestCaseExecutor.execute(TestCaseExecutor.java:285)
	at com.kms.katalon.core.common.CommonExecutor.accessTestCaseMainPhase(CommonExecutor.java:65)
	at com.kms.katalon.core.main.TestSuiteExecutor.accessTestSuiteMainPhase(TestSuiteExecutor.java:151)
	at com.kms.katalon.core.main.TestSuiteExecutor.execute(TestSuiteExecutor.java:106)
	at com.kms.katalon.core.main.TestCaseMain.startTestSuite(TestCaseMain.java:185)
	at com.kms.katalon.core.main.TestCaseMain$startTestSuite$0.call(Unknown Source)
	at TempTestSuite1668509835381.run(TempTestSuite1668509835381.groovy:36)
Caused by: org.openqa.selenium.StaleElementReferenceException: Cached elements 'By.xpath: //hierarchy/android.widget.FrameLayout[1]/android.widget.LinearLayout[1]/android.widget.FrameLayout[1]/android.widget.FrameLayout[1]/android.widget.FrameLayout[1]/android.view.View[1]/android.view.View[1]/android.view.View[1]/android.view.View[1]/android.view.View[1]/android.view.View[2]' do not exist in DOM anymore
For documentation on this error, please visit: https://www.seleniumhq.org/exceptions/stale_element_reference.html
Build info: version: '3.141.59', revision: 'e82be7d358', time: '2018-11-14T08:25:53'
System info: host: 'DESKTOP-QOR6BOM', ip: '192.168.1.14', os.name: 'Windows 10', os.arch: 'amd64', os.version: '10.0', java.version: '1.8.0_282'
Driver info: com.kms.katalon.core.appium.driver.SwipeableAndroidDriver
Capabilities {app: C:\Users\Ousseynou Diop\Des..., appPackage: fr.agiltoo.myshopper.custom..., autoGrantPermissions: true, automationName: uiautomator2, chromedriverPort: 55880, databaseEnabled: false, desired: {app: C:\Users\Ousseynou Diop\Des..., autoGrantPermissions: true, automationName: uiautomator2, chromedriverPort: 55880, deviceName: samsung SM-A022F (Android 11), fullReset: true, newCommandTimeout: 1800, noReset: false, platform: ANDROID, platformName: android, platformVersion: 11, systemPort: 56012, udid: RZ8R71P5YRT}, deviceApiLevel: 30, deviceManufacturer: samsung, deviceModel: SM-A022F, deviceName: RZ8R71P5YRT, deviceScreenDensity: 300, deviceScreenSize: 720x1600, deviceUDID: RZ8R71P5YRT, fullReset: true, javascriptEnabled: true, locationContextEnabled: false, networkConnectionEnabled: true, newCommandTimeout: 1800, noReset: false, pixelRatio: 1.875, platform: ANDROID, platformName: Android, platformVersion: 11, statBarHeight: 45, systemPort: 56012, takesScreenshot: true, udid: RZ8R71P5YRT, viewportRect: {height: 1420, left: 0, top: 45, width: 720}, warnings: {}, webStorageEnabled: false}
Session ID: bdc025e6-687d-4f41-82db-95700e0243ec
	at org.openqa.selenium.remote.http.W3CHttpResponseCodec.createException(W3CHttpResponseCodec.java:187)
	at org.openqa.selenium.remote.http.W3CHttpResponseCodec.decode(W3CHttpResponseCodec.java:122)
	at org.openqa.selenium.remote.http.W3CHttpResponseCodec.decode(W3CHttpResponseCodec.java:49)
	at org.openqa.selenium.remote.HttpCommandExecutor.execute(HttpCommandExecutor.java:158)
	at io.appium.java_client.remote.AppiumCommandExecutor.execute(AppiumCommandExecutor.java:239)
	at org.openqa.selenium.remote.RemoteWebDriver.execute(RemoteWebDriver.java:552)
	at io.appium.java_client.DefaultGenericMobileDriver.execute(DefaultGenericMobileDriver.java:42)
	at io.appium.java_client.AppiumDriver.execute(AppiumDriver.java:1)
	at io.appium.java_client.android.AndroidDriver.execute(AndroidDriver.java:1)
	at com.kms.katalon.core.appium.driver.SwipeableAndroidDriver.execute(SwipeableAndroidDriver.java:1)
	at org.openqa.selenium.remote.RemoteWebElement.execute(RemoteWebElement.java:285)
	at io.appium.java_client.DefaultGenericMobileElement.execute(DefaultGenericMobileElement.java:45)
	at io.appium.java_client.MobileElement.execute(MobileElement.java:1)
	at io.appium.java_client.android.AndroidElement.execute(AndroidElement.java:1)
	at org.openqa.selenium.remote.RemoteWebElement.getLocation(RemoteWebElement.java:337)
	at org.openqa.selenium.WebElement$getLocation.call(Unknown Source)
	at com.kms.katalon.core.mobile.keyword.internal.MobileAbstractKeyword.findElement(MobileAbstractKeyword.groovy:86)
	at com.kms.katalon.core.mobile.keyword.builtin.VerifyElementVisibleKeyword.access$1(VerifyElementVisibleKeyword.groovy)
	at com.kms.katalon.core.mobile.keyword.builtin.VerifyElementVisibleKeyword$_verifyElementVisible_closure1.doCall(VerifyElementVisibleKeyword.groovy:72)
	at com.kms.katalon.core.mobile.keyword.builtin.VerifyElementVisibleKeyword$_verifyElementVisible_closure1.call(VerifyElementVisibleKeyword.groovy)
	at com.kms.katalon.core.mobile.keyword.internal.MobileKeywordMain.runKeyword(MobileKeywordMain.groovy:21)
	... 19 more


2022-11-15 12:10:15 - [TEST_STEP][PASSED] - startApplication("C:\Users\Ousseynou Diop\Desktop\APK Client\app-debug.apk", true): Started app at: 'C:\Users\Ousseynou Diop\Desktop\APK Client\app-debug.apk'

2022-11-15 12:10:47 - [MESSAGE][PASSED] - Started app at: 'C:\Users\Ousseynou Diop\Desktop\APK Client\app-debug.apk'

2022-11-15 12:10:47 - [TEST_STEP][PASSED] - tap(findTestObject("Object Repository/11-Ajouter un colis au panier/android.widget.Button-Continuer en mode Guest"), 0): Tapped on element 'Object Repository/11-Ajouter un colis au panier/android.widget.Button-Continuer en mode Guest'

2022-11-15 12:10:47 - [MESSAGE][WARNING] - Timeout '0' is invalid. Using default page load timeout: '30'

2022-11-15 12:10:52 - [MESSAGE][PASSED] - Tapped on element 'Object Repository/11-Ajouter un colis au panier/android.widget.Button-Continuer en mode Guest'

2022-11-15 12:10:52 - [TEST_STEP][PASSED] - tap(findTestObject("Object Repository/11-Ajouter un colis au panier/android.view.View-Onglet  Livraison de colis"), 0): Tapped on element 'Object Repository/11-Ajouter un colis au panier/android.view.View-Onglet  Livraison de colis'

2022-11-15 12:10:52 - [MESSAGE][WARNING] - Timeout '0' is invalid. Using default page load timeout: '30'

2022-11-15 12:10:55 - [MESSAGE][PASSED] - Tapped on element 'Object Repository/11-Ajouter un colis au panier/android.view.View-Onglet  Livraison de colis'

2022-11-15 12:10:55 - [TEST_STEP][PASSED] - tap(findTestObject("Object Repository/11-Ajouter un colis au panier/android.widget.EditText - Adresse de collecte"), 0): Tapped on element 'Object Repository/11-Ajouter un colis au panier/android.widget.EditText - Adresse de collecte'

2022-11-15 12:10:55 - [MESSAGE][WARNING] - Timeout '0' is invalid. Using default page load timeout: '30'

2022-11-15 12:10:59 - [MESSAGE][PASSED] - Tapped on element 'Object Repository/11-Ajouter un colis au panier/android.widget.EditText - Adresse de collecte'

2022-11-15 12:10:59 - [TEST_STEP][PASSED] - tap(findTestObject("Object Repository/11-Ajouter un colis au panier/android.view.View- Ma position"), 0): Tapped on element 'Object Repository/11-Ajouter un colis au panier/android.view.View- Ma position'

2022-11-15 12:10:59 - [MESSAGE][WARNING] - Timeout '0' is invalid. Using default page load timeout: '30'

2022-11-15 12:11:05 - [MESSAGE][PASSED] - Tapped on element 'Object Repository/11-Ajouter un colis au panier/android.view.View- Ma position'

2022-11-15 12:11:05 - [TEST_STEP][PASSED] - tap(findTestObject("Object Repository/11-Ajouter un colis au panier/android.widget.EditText - Adresse de livraison"), 0): Tapped on element 'Object Repository/11-Ajouter un colis au panier/android.widget.EditText - Adresse de livraison'

2022-11-15 12:11:05 - [MESSAGE][WARNING] - Timeout '0' is invalid. Using default page load timeout: '30'

2022-11-15 12:11:09 - [MESSAGE][PASSED] - Tapped on element 'Object Repository/11-Ajouter un colis au panier/android.widget.EditText - Adresse de livraison'

2022-11-15 12:11:09 - [TEST_STEP][PASSED] - setText(findTestObject("Object Repository/11-Ajouter un colis au panier/android.widget.EditText - Adresse de livraison (1)"), "Pikine Rue 10", 0): Text 'Pikine Rue 10' has been set to element 'Object Repository/11-Ajouter un colis au panier/android.widget.EditText - Adresse de livraison (1)'

2022-11-15 12:11:09 - [MESSAGE][WARNING] - Timeout '0' is invalid. Using default page load timeout: '30'

2022-11-15 12:11:11 - [MESSAGE][PASSED] - Text 'Pikine Rue 10' has been set to element 'Object Repository/11-Ajouter un colis au panier/android.widget.EditText - Adresse de livraison (1)'

2022-11-15 12:11:11 - [TEST_STEP][PASSED] - tap(findTestObject("Object Repository/11-Ajouter un colis au panier/android.view.View- Pikine Rue 10, Dakar, Senegal"), 0): Tapped on element 'Object Repository/11-Ajouter un colis au panier/android.view.View- Pikine Rue 10, Dakar, Senegal'

2022-11-15 12:11:11 - [MESSAGE][WARNING] - Timeout '0' is invalid. Using default page load timeout: '30'

2022-11-15 12:11:14 - [MESSAGE][PASSED] - Tapped on element 'Object Repository/11-Ajouter un colis au panier/android.view.View- Pikine Rue 10, Dakar, Senegal'

2022-11-15 12:11:14 - [TEST_STEP][PASSED] - tap(findTestObject("Object Repository/11-Ajouter un colis au panier/android.widget.Button Continuer"), 0): Tapped on element 'Object Repository/11-Ajouter un colis au panier/android.widget.Button Continuer'

2022-11-15 12:11:14 - [MESSAGE][WARNING] - Timeout '0' is invalid. Using default page load timeout: '30'

2022-11-15 12:11:16 - [MESSAGE][PASSED] - Tapped on element 'Object Repository/11-Ajouter un colis au panier/android.widget.Button Continuer'

2022-11-15 12:11:16 - [TEST_STEP][PASSED] - tap(findTestObject("Object Repository/11-Ajouter un colis au panier/android.view.View"), 0): Tapped on element 'Object Repository/11-Ajouter un colis au panier/android.view.View'

2022-11-15 12:11:16 - [MESSAGE][WARNING] - Timeout '0' is invalid. Using default page load timeout: '30'

2022-11-15 12:11:20 - [MESSAGE][PASSED] - Tapped on element 'Object Repository/11-Ajouter un colis au panier/android.view.View'

2022-11-15 12:11:20 - [TEST_STEP][PASSED] - tap(findTestObject("Object Repository/11-Ajouter un colis au panier/android.widget.Button"), 0): Tapped on element 'Object Repository/11-Ajouter un colis au panier/android.widget.Button'

2022-11-15 12:11:20 - [MESSAGE][WARNING] - Timeout '0' is invalid. Using default page load timeout: '30'

2022-11-15 12:11:21 - [MESSAGE][PASSED] - Tapped on element 'Object Repository/11-Ajouter un colis au panier/android.widget.Button'

2022-11-15 12:11:21 - [TEST_STEP][PASSED] - tap(findTestObject("Object Repository/11-Ajouter un colis au panier/android.view.View (1)"), 0): Tapped on element 'Object Repository/11-Ajouter un colis au panier/android.view.View (1)'

2022-11-15 12:11:21 - [MESSAGE][WARNING] - Timeout '0' is invalid. Using default page load timeout: '30'

2022-11-15 12:11:23 - [MESSAGE][PASSED] - Tapped on element 'Object Repository/11-Ajouter un colis au panier/android.view.View (1)'

2022-11-15 12:11:23 - [TEST_STEP][PASSED] - tap(findTestObject("Object Repository/11-Ajouter un colis au panier/android.widget.Button (1)"), 0): Tapped on element 'Object Repository/11-Ajouter un colis au panier/android.widget.Button (1)'

2022-11-15 12:11:23 - [MESSAGE][WARNING] - Timeout '0' is invalid. Using default page load timeout: '30'

2022-11-15 12:11:24 - [MESSAGE][PASSED] - Tapped on element 'Object Repository/11-Ajouter un colis au panier/android.widget.Button (1)'

2022-11-15 12:11:24 - [TEST_STEP][PASSED] - tap(findTestObject("Object Repository/11-Ajouter un colis au panier/android.view.View (2)"), 0): Tapped on element 'Object Repository/11-Ajouter un colis au panier/android.view.View (2)'

2022-11-15 12:11:24 - [MESSAGE][WARNING] - Timeout '0' is invalid. Using default page load timeout: '30'

2022-11-15 12:11:25 - [MESSAGE][PASSED] - Tapped on element 'Object Repository/11-Ajouter un colis au panier/android.view.View (2)'

2022-11-15 12:11:25 - [TEST_STEP][PASSED] - tap(findTestObject("Object Repository/11-Ajouter un colis au panier/android.widget.Button (2)"), 0): Tapped on element 'Object Repository/11-Ajouter un colis au panier/android.widget.Button (2)'

2022-11-15 12:11:25 - [MESSAGE][WARNING] - Timeout '0' is invalid. Using default page load timeout: '30'

2022-11-15 12:11:27 - [MESSAGE][PASSED] - Tapped on element 'Object Repository/11-Ajouter un colis au panier/android.widget.Button (2)'

2022-11-15 12:11:27 - [TEST_STEP][PASSED] - tap(findTestObject("Object Repository/11-Ajouter un colis au panier/android.view.View (3)"), 0): Tapped on element 'Object Repository/11-Ajouter un colis au panier/android.view.View (3)'

2022-11-15 12:11:27 - [MESSAGE][WARNING] - Timeout '0' is invalid. Using default page load timeout: '30'

2022-11-15 12:11:28 - [MESSAGE][PASSED] - Tapped on element 'Object Repository/11-Ajouter un colis au panier/android.view.View (3)'

2022-11-15 12:11:28 - [TEST_STEP][PASSED] - checkElement(findTestObject("Object Repository/11-Ajouter un colis au panier/android.widget.CheckBox-Beaut"), 0): Element 'Object Repository/11-Ajouter un colis au panier/android.widget.CheckBox-Beaut' is checked

2022-11-15 12:11:28 - [MESSAGE][WARNING] - Timeout '0' is invalid. Using default page load timeout: '30'

2022-11-15 12:11:29 - [MESSAGE][PASSED] - Element 'Object Repository/11-Ajouter un colis au panier/android.widget.CheckBox-Beaut' is checked

2022-11-15 12:11:29 - [TEST_STEP][PASSED] - checkElement(findTestObject("Object Repository/11-Ajouter un colis au panier/android.widget.CheckBox-Sant"), 0): Element 'Object Repository/11-Ajouter un colis au panier/android.widget.CheckBox-Sant' is checked

2022-11-15 12:11:29 - [MESSAGE][WARNING] - Timeout '0' is invalid. Using default page load timeout: '30'

2022-11-15 12:11:31 - [MESSAGE][PASSED] - Element 'Object Repository/11-Ajouter un colis au panier/android.widget.CheckBox-Sant' is checked

2022-11-15 12:11:31 - [TEST_STEP][PASSED] - scrollToText("Saisir la description exacte de votre colis", CONTINUE_ON_FAILURE): Scrolling to text 'Saisir la description exacte de votre colis' successfully

2022-11-15 12:11:34 - [MESSAGE][PASSED] - Scrolling to text 'Saisir la description exacte de votre colis' successfully

2022-11-15 12:11:34 - [TEST_STEP][PASSED] - tap(findTestObject("11-Ajouter un colis au panier/android.widget.EditText - Saisir la description exacte de votre colis (1)"), 0): Tapped on element 'Object Repository/11-Ajouter un colis au panier/android.widget.EditText - Saisir la description exacte de votre colis (1)'

2022-11-15 12:11:34 - [MESSAGE][WARNING] - Timeout '0' is invalid. Using default page load timeout: '30'

2022-11-15 12:11:35 - [MESSAGE][PASSED] - Tapped on element 'Object Repository/11-Ajouter un colis au panier/android.widget.EditText - Saisir la description exacte de votre colis (1)'

2022-11-15 12:11:35 - [TEST_STEP][PASSED] - setText(findTestObject("Object Repository/11-Ajouter un colis au panier/android.widget.EditText - Saisir la description exacte de votre colis (1)"), "Baume", 0): Text 'Baume' has been set to element 'Object Repository/11-Ajouter un colis au panier/android.widget.EditText - Saisir la description exacte de votre colis (1)'

2022-11-15 12:11:35 - [MESSAGE][WARNING] - Timeout '0' is invalid. Using default page load timeout: '30'

2022-11-15 12:11:36 - [MESSAGE][PASSED] - Text 'Baume' has been set to element 'Object Repository/11-Ajouter un colis au panier/android.widget.EditText - Saisir la description exacte de votre colis (1)'

2022-11-15 12:11:36 - [TEST_STEP][PASSED] - pressBack(): Press back button successfully

2022-11-15 12:11:37 - [MESSAGE][PASSED] - Press back button successfully

2022-11-15 12:11:37 - [TEST_STEP][PASSED] - tap(findTestObject("Object Repository/11-Ajouter un colis au panier/android.widget.Button-Ajouter au panier"), 0): Tapped on element 'Object Repository/11-Ajouter un colis au panier/android.widget.Button-Ajouter au panier'

2022-11-15 12:11:37 - [MESSAGE][WARNING] - Timeout '0' is invalid. Using default page load timeout: '30'

2022-11-15 12:11:39 - [MESSAGE][PASSED] - Tapped on element 'Object Repository/11-Ajouter un colis au panier/android.widget.Button-Ajouter au panier'

2022-11-15 12:11:39 - [TEST_STEP][PASSED] - verifyElementVisible(findTestObject("Object Repository/11-Ajouter un colis au panier/android.widget.Button-Valider mon panier"), 0): Element 'Object Repository/11-Ajouter un colis au panier/android.widget.Button-Valider mon panier' is visible

2022-11-15 12:11:39 - [MESSAGE][WARNING] - Timeout '0' is invalid. Using default page load timeout: '30'

2022-11-15 12:11:41 - [MESSAGE][PASSED] - Element 'Object Repository/11-Ajouter un colis au panier/android.widget.Button-Valider mon panier' is visible

2022-11-15 12:11:41 - [TEST_STEP][PASSED] - tap(findTestObject("Object Repository/14-ValiderMonPanier/ButtonValiderMonPanier"), 0): Tapped on element 'Object Repository/14-ValiderMonPanier/ButtonValiderMonPanier'

2022-11-15 12:11:41 - [MESSAGE][WARNING] - Timeout '0' is invalid. Using default page load timeout: '30'

2022-11-15 12:11:41 - [MESSAGE][PASSED] - Tapped on element 'Object Repository/14-ValiderMonPanier/ButtonValiderMonPanier'

2022-11-15 12:11:41 - [TEST_STEP][FAILED] - verifyElementVisible(findTestObject("Object Repository/14-ValiderMonPanier/TextInformations"), 0): Failed to check for element 'Object Repository/14-ValiderMonPanier/TextInformations' visible (Root cause: org.openqa.selenium.StaleElementReferenceException: Cached elements 'By.xpath: //hierarchy/android.widget.FrameLayout[1]/android.widget.LinearLayout[1]/android.widget.FrameLayout[1]/android.widget.FrameLayout[1]/android.widget.FrameLayout[1]/android.view.View[1]/android.view.View[1]/android.view.View[1]/android.view.View[1]/android.view.View[1]/android.view.View[2]' do not exist in DOM anymore
For documentation on this error, please visit: https://www.seleniumhq.org/exceptions/stale_element_reference.html
Build info: version: '3.141.59', revision: 'e82be7d358', time: '2018-11-14T08:25:53'
System info: host: 'DESKTOP-QOR6BOM', ip: '192.168.1.14', os.name: 'Windows 10', os.arch: 'amd64', os.version: '10.0', java.version: '1.8.0_282'
Driver info: com.kms.katalon.core.appium.driver.SwipeableAndroidDriver
Capabilities {app: C:\Users\Ousseynou Diop\Des..., appPackage: fr.agiltoo.myshopper.custom..., autoGrantPermissions: true, automationName: uiautomator2, chromedriverPort: 55880, databaseEnabled: false, desired: {app: C:\Users\Ousseynou Diop\Des..., autoGrantPermissions: true, automationName: uiautomator2, chromedriverPort: 55880, deviceName: samsung SM-A022F (Android 11), fullReset: true, newCommandTimeout: 1800, noReset: false, platform: ANDROID, platformName: android, platformVersion: 11, systemPort: 56012, udid: RZ8R71P5YRT}, deviceApiLevel: 30, deviceManufacturer: samsung, deviceModel: SM-A022F, deviceName: RZ8R71P5YRT, deviceScreenDensity: 300, deviceScreenSize: 720x1600, deviceUDID: RZ8R71P5YRT, fullReset: true, javascriptEnabled: true, locationContextEnabled: false, networkConnectionEnabled: true, newCommandTimeout: 1800, noReset: false, pixelRatio: 1.875, platform: ANDROID, platformName: Android, platformVersion: 11, statBarHeight: 45, systemPort: 56012, takesScreenshot: true, udid: RZ8R71P5YRT, viewportRect: {height: 1420, left: 0, top: 45, width: 720}, warnings: {}, webStorageEnabled: false}
Session ID: bdc025e6-687d-4f41-82db-95700e0243ec
	at org.openqa.selenium.remote.http.W3CHttpResponseCodec.createException(W3CHttpResponseCodec.java:187)
	at org.openqa.selenium.remote.http.W3CHttpResponseCodec.decode(W3CHttpResponseCodec.java:122)
	at org.openqa.selenium.remote.http.W3CHttpResponseCodec.decode(W3CHttpResponseCodec.java:49)
	at org.openqa.selenium.remote.HttpCommandExecutor.execute(HttpCommandExecutor.java:158)
	at io.appium.java_client.remote.AppiumCommandExecutor.execute(AppiumCommandExecutor.java:239)
	at org.openqa.selenium.remote.RemoteWebDriver.execute(RemoteWebDriver.java:552)
	at io.appium.java_client.DefaultGenericMobileDriver.execute(DefaultGenericMobileDriver.java:42)
	at io.appium.java_client.AppiumDriver.execute(AppiumDriver.java:1)
	at io.appium.java_client.android.AndroidDriver.execute(AndroidDriver.java:1)
	at com.kms.katalon.core.appium.driver.SwipeableAndroidDriver.execute(SwipeableAndroidDriver.java:1)
	at org.openqa.selenium.remote.RemoteWebElement.execute(RemoteWebElement.java:285)
	at io.appium.java_client.DefaultGenericMobileElement.execute(DefaultGenericMobileElement.java:45)
	at io.appium.java_client.MobileElement.execute(MobileElement.java:1)
	at io.appium.java_client.android.AndroidElement.execute(AndroidElement.java:1)
	at org.openqa.selenium.remote.RemoteWebElement.getLocation(RemoteWebElement.java:337)
	at org.openqa.selenium.WebElement$getLocation.call(Unknown Source)
	at com.kms.katalon.core.mobile.keyword.internal.MobileAbstractKeyword.findElement(MobileAbstractKeyword.groovy:86)
	at com.kms.katalon.core.mobile.keyword.builtin.VerifyElementVisibleKeyword.access$1(VerifyElementVisibleKeyword.groovy)
	at com.kms.katalon.core.mobile.keyword.builtin.VerifyElementVisibleKeyword$_verifyElementVisible_closure1.doCall(VerifyElementVisibleKeyword.groovy:72)
	at com.kms.katalon.core.mobile.keyword.builtin.VerifyElementVisibleKeyword$_verifyElementVisible_closure1.call(VerifyElementVisibleKeyword.groovy)
	at com.kms.katalon.core.mobile.keyword.internal.MobileKeywordMain.runKeyword(MobileKeywordMain.groovy:21)
	at com.kms.katalon.core.mobile.keyword.builtin.VerifyElementVisibleKeyword.verifyElementVisible(VerifyElementVisibleKeyword.groovy:85)
	at com.kms.katalon.core.mobile.keyword.builtin.VerifyElementVisibleKeyword.execute(VerifyElementVisibleKeyword.groovy:64)
	at com.kms.katalon.core.keyword.internal.KeywordExecutor.executeKeywordForPlatform(KeywordExecutor.groovy:74)
	at com.kms.katalon.core.mobile.keyword.MobileBuiltInKeywords.verifyElementVisible(MobileBuiltInKeywords.groovy:2031)
	at com.kms.katalon.core.mobile.keyword.MobileBuiltInKeywords$verifyElementVisible$6.call(Unknown Source)
	at 14-Valider mon panier (MSR-295).run(14-Valider mon panier (MSR-295):80)
	at com.kms.katalon.core.main.ScriptEngine.run(ScriptEngine.java:194)
	at com.kms.katalon.core.main.ScriptEngine.runScriptAsRawText(ScriptEngine.java:119)
	at com.kms.katalon.core.main.TestCaseExecutor.runScript(TestCaseExecutor.java:448)
	at com.kms.katalon.core.main.TestCaseExecutor.doExecute(TestCaseExecutor.java:439)
	at com.kms.katalon.core.main.TestCaseExecutor.processExecutionPhase(TestCaseExecutor.java:418)
	at com.kms.katalon.core.main.TestCaseExecutor.accessMainPhase(TestCaseExecutor.java:410)
	at com.kms.katalon.core.main.TestCaseExecutor.execute(TestCaseExecutor.java:285)
	at com.kms.katalon.core.common.CommonExecutor.accessTestCaseMainPhase(CommonExecutor.java:65)
	at com.kms.katalon.core.main.TestSuiteExecutor.accessTestSuiteMainPhase(TestSuiteExecutor.java:151)
	at com.kms.katalon.core.main.TestSuiteExecutor.execute(TestSuiteExecutor.java:106)
	at com.kms.katalon.core.main.TestCaseMain.startTestSuite(TestCaseMain.java:185)
	at com.kms.katalon.core.main.TestCaseMain$startTestSuite$0.call(Unknown Source)
	at TempTestSuite1668509835381.run(TempTestSuite1668509835381.groovy:36)
)

2022-11-15 12:11:41 - [MESSAGE][WARNING] - Timeout '0' is invalid. Using default page load timeout: '30'

2022-11-15 12:11:50 - [MESSAGE][FAILED] - Failed to check for element 'Object Repository/14-ValiderMonPanier/TextInformations' visible (Root cause: org.openqa.selenium.StaleElementReferenceException: Cached elements 'By.xpath: //hierarchy/android.widget.FrameLayout[1]/android.widget.LinearLayout[1]/android.widget.FrameLayout[1]/android.widget.FrameLayout[1]/android.widget.FrameLayout[1]/android.view.View[1]/android.view.View[1]/android.view.View[1]/android.view.View[1]/android.view.View[1]/android.view.View[2]' do not exist in DOM anymore
For documentation on this error, please visit: https://www.seleniumhq.org/exceptions/stale_element_reference.html
Build info: version: '3.141.59', revision: 'e82be7d358', time: '2018-11-14T08:25:53'
System info: host: 'DESKTOP-QOR6BOM', ip: '192.168.1.14', os.name: 'Windows 10', os.arch: 'amd64', os.version: '10.0', java.version: '1.8.0_282'
Driver info: com.kms.katalon.core.appium.driver.SwipeableAndroidDriver
Capabilities {app: C:\Users\Ousseynou Diop\Des..., appPackage: fr.agiltoo.myshopper.custom..., autoGrantPermissions: true, automationName: uiautomator2, chromedriverPort: 55880, databaseEnabled: false, desired: {app: C:\Users\Ousseynou Diop\Des..., autoGrantPermissions: true, automationName: uiautomator2, chromedriverPort: 55880, deviceName: samsung SM-A022F (Android 11), fullReset: true, newCommandTimeout: 1800, noReset: false, platform: ANDROID, platformName: android, platformVersion: 11, systemPort: 56012, udid: RZ8R71P5YRT}, deviceApiLevel: 30, deviceManufacturer: samsung, deviceModel: SM-A022F, deviceName: RZ8R71P5YRT, deviceScreenDensity: 300, deviceScreenSize: 720x1600, deviceUDID: RZ8R71P5YRT, fullReset: true, javascriptEnabled: true, locationContextEnabled: false, networkConnectionEnabled: true, newCommandTimeout: 1800, noReset: false, pixelRatio: 1.875, platform: ANDROID, platformName: Android, platformVersion: 11, statBarHeight: 45, systemPort: 56012, takesScreenshot: true, udid: RZ8R71P5YRT, viewportRect: {height: 1420, left: 0, top: 45, width: 720}, warnings: {}, webStorageEnabled: false}
Session ID: bdc025e6-687d-4f41-82db-95700e0243ec
	at org.openqa.selenium.remote.http.W3CHttpResponseCodec.createException(W3CHttpResponseCodec.java:187)
	at org.openqa.selenium.remote.http.W3CHttpResponseCodec.decode(W3CHttpResponseCodec.java:122)
	at org.openqa.selenium.remote.http.W3CHttpResponseCodec.decode(W3CHttpResponseCodec.java:49)
	at org.openqa.selenium.remote.HttpCommandExecutor.execute(HttpCommandExecutor.java:158)
	at io.appium.java_client.remote.AppiumCommandExecutor.execute(AppiumCommandExecutor.java:239)
	at org.openqa.selenium.remote.RemoteWebDriver.execute(RemoteWebDriver.java:552)
	at io.appium.java_client.DefaultGenericMobileDriver.execute(DefaultGenericMobileDriver.java:42)
	at io.appium.java_client.AppiumDriver.execute(AppiumDriver.java:1)
	at io.appium.java_client.android.AndroidDriver.execute(AndroidDriver.java:1)
	at com.kms.katalon.core.appium.driver.SwipeableAndroidDriver.execute(SwipeableAndroidDriver.java:1)
	at org.openqa.selenium.remote.RemoteWebElement.execute(RemoteWebElement.java:285)
	at io.appium.java_client.DefaultGenericMobileElement.execute(DefaultGenericMobileElement.java:45)
	at io.appium.java_client.MobileElement.execute(MobileElement.java:1)
	at io.appium.java_client.android.AndroidElement.execute(AndroidElement.java:1)
	at org.openqa.selenium.remote.RemoteWebElement.getLocation(RemoteWebElement.java:337)
	at org.openqa.selenium.WebElement$getLocation.call(Unknown Source)
	at com.kms.katalon.core.mobile.keyword.internal.MobileAbstractKeyword.findElement(MobileAbstractKeyword.groovy:86)
	at com.kms.katalon.core.mobile.keyword.builtin.VerifyElementVisibleKeyword.access$1(VerifyElementVisibleKeyword.groovy)
	at com.kms.katalon.core.mobile.keyword.builtin.VerifyElementVisibleKeyword$_verifyElementVisible_closure1.doCall(VerifyElementVisibleKeyword.groovy:72)
	at com.kms.katalon.core.mobile.keyword.builtin.VerifyElementVisibleKeyword$_verifyElementVisible_closure1.call(VerifyElementVisibleKeyword.groovy)
	at com.kms.katalon.core.mobile.keyword.internal.MobileKeywordMain.runKeyword(MobileKeywordMain.groovy:21)
	at com.kms.katalon.core.mobile.keyword.builtin.VerifyElementVisibleKeyword.verifyElementVisible(VerifyElementVisibleKeyword.groovy:85)
	at com.kms.katalon.core.mobile.keyword.builtin.VerifyElementVisibleKeyword.execute(VerifyElementVisibleKeyword.groovy:64)
	at com.kms.katalon.core.keyword.internal.KeywordExecutor.executeKeywordForPlatform(KeywordExecutor.groovy:74)
	at com.kms.katalon.core.mobile.keyword.MobileBuiltInKeywords.verifyElementVisible(MobileBuiltInKeywords.groovy:2031)
	at com.kms.katalon.core.mobile.keyword.MobileBuiltInKeywords$verifyElementVisible$6.call(Unknown Source)
	at 14-Valider mon panier (MSR-295).run(14-Valider mon panier (MSR-295):80)
	at com.kms.katalon.core.main.ScriptEngine.run(ScriptEngine.java:194)
	at com.kms.katalon.core.main.ScriptEngine.runScriptAsRawText(ScriptEngine.java:119)
	at com.kms.katalon.core.main.TestCaseExecutor.runScript(TestCaseExecutor.java:448)
	at com.kms.katalon.core.main.TestCaseExecutor.doExecute(TestCaseExecutor.java:439)
	at com.kms.katalon.core.main.TestCaseExecutor.processExecutionPhase(TestCaseExecutor.java:418)
	at com.kms.katalon.core.main.TestCaseExecutor.accessMainPhase(TestCaseExecutor.java:410)
	at com.kms.katalon.core.main.TestCaseExecutor.execute(TestCaseExecutor.java:285)
	at com.kms.katalon.core.common.CommonExecutor.accessTestCaseMainPhase(CommonExecutor.java:65)
	at com.kms.katalon.core.main.TestSuiteExecutor.accessTestSuiteMainPhase(TestSuiteExecutor.java:151)
	at com.kms.katalon.core.main.TestSuiteExecutor.execute(TestSuiteExecutor.java:106)
	at com.kms.katalon.core.main.TestCaseMain.startTestSuite(TestCaseMain.java:185)
	at com.kms.katalon.core.main.TestCaseMain$startTestSuite$0.call(Unknown Source)
	at TempTestSuite1668509835381.run(TempTestSuite1668509835381.groovy:36)
)
[[ATTACHMENT|C:\\Users\\Ousseynou Diop\\git\\Mon-Shopper-Automatisation-Application-Client\\Reports\\20221115_115715\\Cas de test passant app client\\20221115_115715\\1668510703954.png]]]]></system-out>
         <system-err><![CDATA[2022-11-15 12:10:14 - [TEST_CASE][FAILED] - Test Cases/Cas de test passant/14-Valider mon panier (MSR-295): Test Cases/Cas de test passant/14-Valider mon panier (MSR-295) FAILED.
Reason:
com.kms.katalon.core.exception.StepFailedException: Failed to check for element 'Object Repository/14-ValiderMonPanier/TextInformations' visible (Root cause: org.openqa.selenium.StaleElementReferenceException: Cached elements 'By.xpath: //hierarchy/android.widget.FrameLayout[1]/android.widget.LinearLayout[1]/android.widget.FrameLayout[1]/android.widget.FrameLayout[1]/android.widget.FrameLayout[1]/android.view.View[1]/android.view.View[1]/android.view.View[1]/android.view.View[1]/android.view.View[1]/android.view.View[2]' do not exist in DOM anymore
For documentation on this error, please visit: https://www.seleniumhq.org/exceptions/stale_element_reference.html
Build info: version: '3.141.59', revision: 'e82be7d358', time: '2018-11-14T08:25:53'
System info: host: 'DESKTOP-QOR6BOM', ip: '192.168.1.14', os.name: 'Windows 10', os.arch: 'amd64', os.version: '10.0', java.version: '1.8.0_282'
Driver info: com.kms.katalon.core.appium.driver.SwipeableAndroidDriver
Capabilities {app: C:\Users\Ousseynou Diop\Des..., appPackage: fr.agiltoo.myshopper.custom..., autoGrantPermissions: true, automationName: uiautomator2, chromedriverPort: 55880, databaseEnabled: false, desired: {app: C:\Users\Ousseynou Diop\Des..., autoGrantPermissions: true, automationName: uiautomator2, chromedriverPort: 55880, deviceName: samsung SM-A022F (Android 11), fullReset: true, newCommandTimeout: 1800, noReset: false, platform: ANDROID, platformName: android, platformVersion: 11, systemPort: 56012, udid: RZ8R71P5YRT}, deviceApiLevel: 30, deviceManufacturer: samsung, deviceModel: SM-A022F, deviceName: RZ8R71P5YRT, deviceScreenDensity: 300, deviceScreenSize: 720x1600, deviceUDID: RZ8R71P5YRT, fullReset: true, javascriptEnabled: true, locationContextEnabled: false, networkConnectionEnabled: true, newCommandTimeout: 1800, noReset: false, pixelRatio: 1.875, platform: ANDROID, platformName: Android, platformVersion: 11, statBarHeight: 45, systemPort: 56012, takesScreenshot: true, udid: RZ8R71P5YRT, viewportRect: {height: 1420, left: 0, top: 45, width: 720}, warnings: {}, webStorageEnabled: false}
Session ID: bdc025e6-687d-4f41-82db-95700e0243ec
	at org.openqa.selenium.remote.http.W3CHttpResponseCodec.createException(W3CHttpResponseCodec.java:187)
	at org.openqa.selenium.remote.http.W3CHttpResponseCodec.decode(W3CHttpResponseCodec.java:122)
	at org.openqa.selenium.remote.http.W3CHttpResponseCodec.decode(W3CHttpResponseCodec.java:49)
	at org.openqa.selenium.remote.HttpCommandExecutor.execute(HttpCommandExecutor.java:158)
	at io.appium.java_client.remote.AppiumCommandExecutor.execute(AppiumCommandExecutor.java:239)
	at org.openqa.selenium.remote.RemoteWebDriver.execute(RemoteWebDriver.java:552)
	at io.appium.java_client.DefaultGenericMobileDriver.execute(DefaultGenericMobileDriver.java:42)
	at io.appium.java_client.AppiumDriver.execute(AppiumDriver.java:1)
	at io.appium.java_client.android.AndroidDriver.execute(AndroidDriver.java:1)
	at com.kms.katalon.core.appium.driver.SwipeableAndroidDriver.execute(SwipeableAndroidDriver.java:1)
	at org.openqa.selenium.remote.RemoteWebElement.execute(RemoteWebElement.java:285)
	at io.appium.java_client.DefaultGenericMobileElement.execute(DefaultGenericMobileElement.java:45)
	at io.appium.java_client.MobileElement.execute(MobileElement.java:1)
	at io.appium.java_client.android.AndroidElement.execute(AndroidElement.java:1)
	at org.openqa.selenium.remote.RemoteWebElement.getLocation(RemoteWebElement.java:337)
	at org.openqa.selenium.WebElement$getLocation.call(Unknown Source)
	at com.kms.katalon.core.mobile.keyword.internal.MobileAbstractKeyword.findElement(MobileAbstractKeyword.groovy:86)
	at com.kms.katalon.core.mobile.keyword.builtin.VerifyElementVisibleKeyword.access$1(VerifyElementVisibleKeyword.groovy)
	at com.kms.katalon.core.mobile.keyword.builtin.VerifyElementVisibleKeyword$_verifyElementVisible_closure1.doCall(VerifyElementVisibleKeyword.groovy:72)
	at com.kms.katalon.core.mobile.keyword.builtin.VerifyElementVisibleKeyword$_verifyElementVisible_closure1.call(VerifyElementVisibleKeyword.groovy)
	at com.kms.katalon.core.mobile.keyword.internal.MobileKeywordMain.runKeyword(MobileKeywordMain.groovy:21)
	at com.kms.katalon.core.mobile.keyword.builtin.VerifyElementVisibleKeyword.verifyElementVisible(VerifyElementVisibleKeyword.groovy:85)
	at com.kms.katalon.core.mobile.keyword.builtin.VerifyElementVisibleKeyword.execute(VerifyElementVisibleKeyword.groovy:64)
	at com.kms.katalon.core.keyword.internal.KeywordExecutor.executeKeywordForPlatform(KeywordExecutor.groovy:74)
	at com.kms.katalon.core.mobile.keyword.MobileBuiltInKeywords.verifyElementVisible(MobileBuiltInKeywords.groovy:2031)
	at com.kms.katalon.core.mobile.keyword.MobileBuiltInKeywords$verifyElementVisible$6.call(Unknown Source)
	at 14-Valider mon panier (MSR-295).run(14-Valider mon panier (MSR-295):80)
	at com.kms.katalon.core.main.ScriptEngine.run(ScriptEngine.java:194)
	at com.kms.katalon.core.main.ScriptEngine.runScriptAsRawText(ScriptEngine.java:119)
	at com.kms.katalon.core.main.TestCaseExecutor.runScript(TestCaseExecutor.java:448)
	at com.kms.katalon.core.main.TestCaseExecutor.doExecute(TestCaseExecutor.java:439)
	at com.kms.katalon.core.main.TestCaseExecutor.processExecutionPhase(TestCaseExecutor.java:418)
	at com.kms.katalon.core.main.TestCaseExecutor.accessMainPhase(TestCaseExecutor.java:410)
	at com.kms.katalon.core.main.TestCaseExecutor.execute(TestCaseExecutor.java:285)
	at com.kms.katalon.core.common.CommonExecutor.accessTestCaseMainPhase(CommonExecutor.java:65)
	at com.kms.katalon.core.main.TestSuiteExecutor.accessTestSuiteMainPhase(TestSuiteExecutor.java:151)
	at com.kms.katalon.core.main.TestSuiteExecutor.execute(TestSuiteExecutor.java:106)
	at com.kms.katalon.core.main.TestCaseMain.startTestSuite(TestCaseMain.java:185)
	at com.kms.katalon.core.main.TestCaseMain$startTestSuite$0.call(Unknown Source)
	at TempTestSuite1668509835381.run(TempTestSuite1668509835381.groovy:36)
)
	at com.kms.katalon.core.keyword.internal.KeywordMain.stepFailed(KeywordMain.groovy:50)
	at com.kms.katalon.core.mobile.keyword.internal.MobileKeywordMain.stepFailed(MobileKeywordMain.groovy:40)
	at com.kms.katalon.core.mobile.keyword.internal.MobileKeywordMain.runKeyword(MobileKeywordMain.groovy:23)
	at com.kms.katalon.core.mobile.keyword.builtin.VerifyElementVisibleKeyword.verifyElementVisible(VerifyElementVisibleKeyword.groovy:85)
	at com.kms.katalon.core.mobile.keyword.builtin.VerifyElementVisibleKeyword.execute(VerifyElementVisibleKeyword.groovy:64)
	at com.kms.katalon.core.keyword.internal.KeywordExecutor.executeKeywordForPlatform(KeywordExecutor.groovy:74)
	at com.kms.katalon.core.mobile.keyword.MobileBuiltInKeywords.verifyElementVisible(MobileBuiltInKeywords.groovy:2031)
	at com.kms.katalon.core.mobile.keyword.MobileBuiltInKeywords$verifyElementVisible$6.call(Unknown Source)
	at 14-Valider mon panier (MSR-295).run(14-Valider mon panier (MSR-295):80)
	at com.kms.katalon.core.main.ScriptEngine.run(ScriptEngine.java:194)
	at com.kms.katalon.core.main.ScriptEngine.runScriptAsRawText(ScriptEngine.java:119)
	at com.kms.katalon.core.main.TestCaseExecutor.runScript(TestCaseExecutor.java:448)
	at com.kms.katalon.core.main.TestCaseExecutor.doExecute(TestCaseExecutor.java:439)
	at com.kms.katalon.core.main.TestCaseExecutor.processExecutionPhase(TestCaseExecutor.java:418)
	at com.kms.katalon.core.main.TestCaseExecutor.accessMainPhase(TestCaseExecutor.java:410)
	at com.kms.katalon.core.main.TestCaseExecutor.execute(TestCaseExecutor.java:285)
	at com.kms.katalon.core.common.CommonExecutor.accessTestCaseMainPhase(CommonExecutor.java:65)
	at com.kms.katalon.core.main.TestSuiteExecutor.accessTestSuiteMainPhase(TestSuiteExecutor.java:151)
	at com.kms.katalon.core.main.TestSuiteExecutor.execute(TestSuiteExecutor.java:106)
	at com.kms.katalon.core.main.TestCaseMain.startTestSuite(TestCaseMain.java:185)
	at com.kms.katalon.core.main.TestCaseMain$startTestSuite$0.call(Unknown Source)
	at TempTestSuite1668509835381.run(TempTestSuite1668509835381.groovy:36)
Caused by: org.openqa.selenium.StaleElementReferenceException: Cached elements 'By.xpath: //hierarchy/android.widget.FrameLayout[1]/android.widget.LinearLayout[1]/android.widget.FrameLayout[1]/android.widget.FrameLayout[1]/android.widget.FrameLayout[1]/android.view.View[1]/android.view.View[1]/android.view.View[1]/android.view.View[1]/android.view.View[1]/android.view.View[2]' do not exist in DOM anymore
For documentation on this error, please visit: https://www.seleniumhq.org/exceptions/stale_element_reference.html
Build info: version: '3.141.59', revision: 'e82be7d358', time: '2018-11-14T08:25:53'
System info: host: 'DESKTOP-QOR6BOM', ip: '192.168.1.14', os.name: 'Windows 10', os.arch: 'amd64', os.version: '10.0', java.version: '1.8.0_282'
Driver info: com.kms.katalon.core.appium.driver.SwipeableAndroidDriver
Capabilities {app: C:\Users\Ousseynou Diop\Des..., appPackage: fr.agiltoo.myshopper.custom..., autoGrantPermissions: true, automationName: uiautomator2, chromedriverPort: 55880, databaseEnabled: false, desired: {app: C:\Users\Ousseynou Diop\Des..., autoGrantPermissions: true, automationName: uiautomator2, chromedriverPort: 55880, deviceName: samsung SM-A022F (Android 11), fullReset: true, newCommandTimeout: 1800, noReset: false, platform: ANDROID, platformName: android, platformVersion: 11, systemPort: 56012, udid: RZ8R71P5YRT}, deviceApiLevel: 30, deviceManufacturer: samsung, deviceModel: SM-A022F, deviceName: RZ8R71P5YRT, deviceScreenDensity: 300, deviceScreenSize: 720x1600, deviceUDID: RZ8R71P5YRT, fullReset: true, javascriptEnabled: true, locationContextEnabled: false, networkConnectionEnabled: true, newCommandTimeout: 1800, noReset: false, pixelRatio: 1.875, platform: ANDROID, platformName: Android, platformVersion: 11, statBarHeight: 45, systemPort: 56012, takesScreenshot: true, udid: RZ8R71P5YRT, viewportRect: {height: 1420, left: 0, top: 45, width: 720}, warnings: {}, webStorageEnabled: false}
Session ID: bdc025e6-687d-4f41-82db-95700e0243ec
	at org.openqa.selenium.remote.http.W3CHttpResponseCodec.createException(W3CHttpResponseCodec.java:187)
	at org.openqa.selenium.remote.http.W3CHttpResponseCodec.decode(W3CHttpResponseCodec.java:122)
	at org.openqa.selenium.remote.http.W3CHttpResponseCodec.decode(W3CHttpResponseCodec.java:49)
	at org.openqa.selenium.remote.HttpCommandExecutor.execute(HttpCommandExecutor.java:158)
	at io.appium.java_client.remote.AppiumCommandExecutor.execute(AppiumCommandExecutor.java:239)
	at org.openqa.selenium.remote.RemoteWebDriver.execute(RemoteWebDriver.java:552)
	at io.appium.java_client.DefaultGenericMobileDriver.execute(DefaultGenericMobileDriver.java:42)
	at io.appium.java_client.AppiumDriver.execute(AppiumDriver.java:1)
	at io.appium.java_client.android.AndroidDriver.execute(AndroidDriver.java:1)
	at com.kms.katalon.core.appium.driver.SwipeableAndroidDriver.execute(SwipeableAndroidDriver.java:1)
	at org.openqa.selenium.remote.RemoteWebElement.execute(RemoteWebElement.java:285)
	at io.appium.java_client.DefaultGenericMobileElement.execute(DefaultGenericMobileElement.java:45)
	at io.appium.java_client.MobileElement.execute(MobileElement.java:1)
	at io.appium.java_client.android.AndroidElement.execute(AndroidElement.java:1)
	at org.openqa.selenium.remote.RemoteWebElement.getLocation(RemoteWebElement.java:337)
	at org.openqa.selenium.WebElement$getLocation.call(Unknown Source)
	at com.kms.katalon.core.mobile.keyword.internal.MobileAbstractKeyword.findElement(MobileAbstractKeyword.groovy:86)
	at com.kms.katalon.core.mobile.keyword.builtin.VerifyElementVisibleKeyword.access$1(VerifyElementVisibleKeyword.groovy)
	at com.kms.katalon.core.mobile.keyword.builtin.VerifyElementVisibleKeyword$_verifyElementVisible_closure1.doCall(VerifyElementVisibleKeyword.groovy:72)
	at com.kms.katalon.core.mobile.keyword.builtin.VerifyElementVisibleKeyword$_verifyElementVisible_closure1.call(VerifyElementVisibleKeyword.groovy)
	at com.kms.katalon.core.mobile.keyword.internal.MobileKeywordMain.runKeyword(MobileKeywordMain.groovy:21)
	... 19 more]]></system-err>
      </testcase>
      <testcase name="Test Cases/Cas de test passant/15-Cliquer sur le pictogramme panier (MSR-295)" time="100.392" classname="Test Cases/Cas de test passant/15-Cliquer sur le pictogramme panier (MSR-295)" status="PASSED">
         <system-out><![CDATA[2022-11-15 12:11:50 - [TEST_CASE][PASSED] - Test Cases/Cas de test passant/15-Cliquer sur le pictogramme panier (MSR-295): Test Cases/Cas de test passant/15-Cliquer sur le pictogramme panier (MSR-295)

2022-11-15 12:11:50 - [TEST_STEP][PASSED] - startApplication("C:\Users\Ousseynou Diop\Desktop\APK Client\app-debug.apk", true): Started app at: 'C:\Users\Ousseynou Diop\Desktop\APK Client\app-debug.apk'

2022-11-15 12:12:32 - [MESSAGE][PASSED] - Started app at: 'C:\Users\Ousseynou Diop\Desktop\APK Client\app-debug.apk'

2022-11-15 12:12:32 - [TEST_STEP][PASSED] - tap(findTestObject("Object Repository/11-Ajouter un colis au panier/android.widget.Button-Continuer en mode Guest"), 0): Tapped on element 'Object Repository/11-Ajouter un colis au panier/android.widget.Button-Continuer en mode Guest'

2022-11-15 12:12:32 - [MESSAGE][WARNING] - Timeout '0' is invalid. Using default page load timeout: '30'

2022-11-15 12:12:35 - [MESSAGE][PASSED] - Tapped on element 'Object Repository/11-Ajouter un colis au panier/android.widget.Button-Continuer en mode Guest'

2022-11-15 12:12:35 - [TEST_STEP][PASSED] - tap(findTestObject("Object Repository/11-Ajouter un colis au panier/android.view.View-Onglet  Livraison de colis"), 0): Tapped on element 'Object Repository/11-Ajouter un colis au panier/android.view.View-Onglet  Livraison de colis'

2022-11-15 12:12:35 - [MESSAGE][WARNING] - Timeout '0' is invalid. Using default page load timeout: '30'

2022-11-15 12:12:38 - [MESSAGE][PASSED] - Tapped on element 'Object Repository/11-Ajouter un colis au panier/android.view.View-Onglet  Livraison de colis'

2022-11-15 12:12:38 - [TEST_STEP][PASSED] - tap(findTestObject("Object Repository/11-Ajouter un colis au panier/android.widget.EditText - Adresse de collecte"), 0): Tapped on element 'Object Repository/11-Ajouter un colis au panier/android.widget.EditText - Adresse de collecte'

2022-11-15 12:12:38 - [MESSAGE][WARNING] - Timeout '0' is invalid. Using default page load timeout: '30'

2022-11-15 12:12:43 - [MESSAGE][PASSED] - Tapped on element 'Object Repository/11-Ajouter un colis au panier/android.widget.EditText - Adresse de collecte'

2022-11-15 12:12:43 - [TEST_STEP][PASSED] - tap(findTestObject("Object Repository/11-Ajouter un colis au panier/android.view.View- Ma position"), 0): Tapped on element 'Object Repository/11-Ajouter un colis au panier/android.view.View- Ma position'

2022-11-15 12:12:43 - [MESSAGE][WARNING] - Timeout '0' is invalid. Using default page load timeout: '30'

2022-11-15 12:12:48 - [MESSAGE][PASSED] - Tapped on element 'Object Repository/11-Ajouter un colis au panier/android.view.View- Ma position'

2022-11-15 12:12:48 - [TEST_STEP][PASSED] - tap(findTestObject("Object Repository/11-Ajouter un colis au panier/android.widget.EditText - Adresse de livraison"), 0): Tapped on element 'Object Repository/11-Ajouter un colis au panier/android.widget.EditText - Adresse de livraison'

2022-11-15 12:12:48 - [MESSAGE][WARNING] - Timeout '0' is invalid. Using default page load timeout: '30'

2022-11-15 12:12:51 - [MESSAGE][PASSED] - Tapped on element 'Object Repository/11-Ajouter un colis au panier/android.widget.EditText - Adresse de livraison'

2022-11-15 12:12:51 - [TEST_STEP][PASSED] - setText(findTestObject("Object Repository/11-Ajouter un colis au panier/android.widget.EditText - Adresse de livraison (1)"), "Pikine Rue 10", 0): Text 'Pikine Rue 10' has been set to element 'Object Repository/11-Ajouter un colis au panier/android.widget.EditText - Adresse de livraison (1)'

2022-11-15 12:12:51 - [MESSAGE][WARNING] - Timeout '0' is invalid. Using default page load timeout: '30'

2022-11-15 12:12:53 - [MESSAGE][PASSED] - Text 'Pikine Rue 10' has been set to element 'Object Repository/11-Ajouter un colis au panier/android.widget.EditText - Adresse de livraison (1)'

2022-11-15 12:12:53 - [TEST_STEP][PASSED] - tap(findTestObject("Object Repository/11-Ajouter un colis au panier/android.view.View- Pikine Rue 10, Dakar, Senegal"), 0): Tapped on element 'Object Repository/11-Ajouter un colis au panier/android.view.View- Pikine Rue 10, Dakar, Senegal'

2022-11-15 12:12:53 - [MESSAGE][WARNING] - Timeout '0' is invalid. Using default page load timeout: '30'

2022-11-15 12:12:56 - [MESSAGE][PASSED] - Tapped on element 'Object Repository/11-Ajouter un colis au panier/android.view.View- Pikine Rue 10, Dakar, Senegal'

2022-11-15 12:12:56 - [TEST_STEP][PASSED] - tap(findTestObject("Object Repository/11-Ajouter un colis au panier/android.widget.Button Continuer"), 0): Tapped on element 'Object Repository/11-Ajouter un colis au panier/android.widget.Button Continuer'

2022-11-15 12:12:56 - [MESSAGE][WARNING] - Timeout '0' is invalid. Using default page load timeout: '30'

2022-11-15 12:12:58 - [MESSAGE][PASSED] - Tapped on element 'Object Repository/11-Ajouter un colis au panier/android.widget.Button Continuer'

2022-11-15 12:12:58 - [TEST_STEP][PASSED] - tap(findTestObject("Object Repository/11-Ajouter un colis au panier/android.view.View"), 0): Tapped on element 'Object Repository/11-Ajouter un colis au panier/android.view.View'

2022-11-15 12:12:58 - [MESSAGE][WARNING] - Timeout '0' is invalid. Using default page load timeout: '30'

2022-11-15 12:13:02 - [MESSAGE][PASSED] - Tapped on element 'Object Repository/11-Ajouter un colis au panier/android.view.View'

2022-11-15 12:13:02 - [TEST_STEP][PASSED] - tap(findTestObject("Object Repository/11-Ajouter un colis au panier/android.widget.Button"), 0): Tapped on element 'Object Repository/11-Ajouter un colis au panier/android.widget.Button'

2022-11-15 12:13:02 - [MESSAGE][WARNING] - Timeout '0' is invalid. Using default page load timeout: '30'

2022-11-15 12:13:03 - [MESSAGE][PASSED] - Tapped on element 'Object Repository/11-Ajouter un colis au panier/android.widget.Button'

2022-11-15 12:13:03 - [TEST_STEP][PASSED] - tap(findTestObject("Object Repository/11-Ajouter un colis au panier/android.view.View (1)"), 0): Tapped on element 'Object Repository/11-Ajouter un colis au panier/android.view.View (1)'

2022-11-15 12:13:03 - [MESSAGE][WARNING] - Timeout '0' is invalid. Using default page load timeout: '30'

2022-11-15 12:13:05 - [MESSAGE][PASSED] - Tapped on element 'Object Repository/11-Ajouter un colis au panier/android.view.View (1)'

2022-11-15 12:13:05 - [TEST_STEP][PASSED] - tap(findTestObject("Object Repository/11-Ajouter un colis au panier/android.widget.Button (1)"), 0): Tapped on element 'Object Repository/11-Ajouter un colis au panier/android.widget.Button (1)'

2022-11-15 12:13:05 - [MESSAGE][WARNING] - Timeout '0' is invalid. Using default page load timeout: '30'

2022-11-15 12:13:06 - [MESSAGE][PASSED] - Tapped on element 'Object Repository/11-Ajouter un colis au panier/android.widget.Button (1)'

2022-11-15 12:13:06 - [TEST_STEP][PASSED] - tap(findTestObject("Object Repository/11-Ajouter un colis au panier/android.view.View (2)"), 0): Tapped on element 'Object Repository/11-Ajouter un colis au panier/android.view.View (2)'

2022-11-15 12:13:06 - [MESSAGE][WARNING] - Timeout '0' is invalid. Using default page load timeout: '30'

2022-11-15 12:13:08 - [MESSAGE][PASSED] - Tapped on element 'Object Repository/11-Ajouter un colis au panier/android.view.View (2)'

2022-11-15 12:13:08 - [TEST_STEP][PASSED] - tap(findTestObject("Object Repository/11-Ajouter un colis au panier/android.widget.Button (2)"), 0): Tapped on element 'Object Repository/11-Ajouter un colis au panier/android.widget.Button (2)'

2022-11-15 12:13:08 - [MESSAGE][WARNING] - Timeout '0' is invalid. Using default page load timeout: '30'

2022-11-15 12:13:09 - [MESSAGE][PASSED] - Tapped on element 'Object Repository/11-Ajouter un colis au panier/android.widget.Button (2)'

2022-11-15 12:13:09 - [TEST_STEP][PASSED] - tap(findTestObject("Object Repository/11-Ajouter un colis au panier/android.view.View (3)"), 0): Tapped on element 'Object Repository/11-Ajouter un colis au panier/android.view.View (3)'

2022-11-15 12:13:09 - [MESSAGE][WARNING] - Timeout '0' is invalid. Using default page load timeout: '30'

2022-11-15 12:13:10 - [MESSAGE][PASSED] - Tapped on element 'Object Repository/11-Ajouter un colis au panier/android.view.View (3)'

2022-11-15 12:13:10 - [TEST_STEP][PASSED] - checkElement(findTestObject("Object Repository/11-Ajouter un colis au panier/android.widget.CheckBox-Beaut"), 0): Element 'Object Repository/11-Ajouter un colis au panier/android.widget.CheckBox-Beaut' is checked

2022-11-15 12:13:10 - [MESSAGE][WARNING] - Timeout '0' is invalid. Using default page load timeout: '30'

2022-11-15 12:13:11 - [MESSAGE][PASSED] - Element 'Object Repository/11-Ajouter un colis au panier/android.widget.CheckBox-Beaut' is checked

2022-11-15 12:13:11 - [TEST_STEP][PASSED] - checkElement(findTestObject("Object Repository/11-Ajouter un colis au panier/android.widget.CheckBox-Sant"), 0): Element 'Object Repository/11-Ajouter un colis au panier/android.widget.CheckBox-Sant' is checked

2022-11-15 12:13:11 - [MESSAGE][WARNING] - Timeout '0' is invalid. Using default page load timeout: '30'

2022-11-15 12:13:12 - [MESSAGE][PASSED] - Element 'Object Repository/11-Ajouter un colis au panier/android.widget.CheckBox-Sant' is checked

2022-11-15 12:13:12 - [TEST_STEP][PASSED] - scrollToText("Saisir la description exacte de votre colis", CONTINUE_ON_FAILURE): Scrolling to text 'Saisir la description exacte de votre colis' successfully

2022-11-15 12:13:15 - [MESSAGE][PASSED] - Scrolling to text 'Saisir la description exacte de votre colis' successfully

2022-11-15 12:13:15 - [TEST_STEP][PASSED] - tap(findTestObject("11-Ajouter un colis au panier/android.widget.EditText - Saisir la description exacte de votre colis (1)"), 0): Tapped on element 'Object Repository/11-Ajouter un colis au panier/android.widget.EditText - Saisir la description exacte de votre colis (1)'

2022-11-15 12:13:15 - [MESSAGE][WARNING] - Timeout '0' is invalid. Using default page load timeout: '30'

2022-11-15 12:13:16 - [MESSAGE][PASSED] - Tapped on element 'Object Repository/11-Ajouter un colis au panier/android.widget.EditText - Saisir la description exacte de votre colis (1)'

2022-11-15 12:13:16 - [TEST_STEP][PASSED] - setText(findTestObject("Object Repository/11-Ajouter un colis au panier/android.widget.EditText - Saisir la description exacte de votre colis (1)"), "Baume", 0): Text 'Baume' has been set to element 'Object Repository/11-Ajouter un colis au panier/android.widget.EditText - Saisir la description exacte de votre colis (1)'

2022-11-15 12:13:16 - [MESSAGE][WARNING] - Timeout '0' is invalid. Using default page load timeout: '30'

2022-11-15 12:13:18 - [MESSAGE][PASSED] - Text 'Baume' has been set to element 'Object Repository/11-Ajouter un colis au panier/android.widget.EditText - Saisir la description exacte de votre colis (1)'

2022-11-15 12:13:18 - [TEST_STEP][PASSED] - pressBack(): Press back button successfully

2022-11-15 12:13:19 - [MESSAGE][PASSED] - Press back button successfully

2022-11-15 12:13:19 - [TEST_STEP][PASSED] - tap(findTestObject("Object Repository/11-Ajouter un colis au panier/android.widget.Button-Ajouter au panier"), 0): Tapped on element 'Object Repository/11-Ajouter un colis au panier/android.widget.Button-Ajouter au panier'

2022-11-15 12:13:19 - [MESSAGE][WARNING] - Timeout '0' is invalid. Using default page load timeout: '30'

2022-11-15 12:13:21 - [MESSAGE][PASSED] - Tapped on element 'Object Repository/11-Ajouter un colis au panier/android.widget.Button-Ajouter au panier'

2022-11-15 12:13:21 - [TEST_STEP][PASSED] - verifyElementVisible(findTestObject("Object Repository/11-Ajouter un colis au panier/android.widget.Button-Valider mon panier"), 0): Element 'Object Repository/11-Ajouter un colis au panier/android.widget.Button-Valider mon panier' is visible

2022-11-15 12:13:21 - [MESSAGE][WARNING] - Timeout '0' is invalid. Using default page load timeout: '30'

2022-11-15 12:13:23 - [MESSAGE][PASSED] - Element 'Object Repository/11-Ajouter un colis au panier/android.widget.Button-Valider mon panier' is visible

2022-11-15 12:13:23 - [TEST_STEP][PASSED] - tap(findTestObject("Object Repository/12-Retour a la page d ajout d un colis/ButtonBack"), 0): Tapped on element 'Object Repository/12-Retour a la page d ajout d un colis/ButtonBack'

2022-11-15 12:13:23 - [MESSAGE][WARNING] - Timeout '0' is invalid. Using default page load timeout: '30'

2022-11-15 12:13:24 - [MESSAGE][PASSED] - Tapped on element 'Object Repository/12-Retour a la page d ajout d un colis/ButtonBack'

2022-11-15 12:13:24 - [TEST_STEP][PASSED] - tap(findTestObject("15-CliquerSurLePictoPanier/PictogrammePanier"), 0): Tapped on element 'Object Repository/15-CliquerSurLePictoPanier/PictogrammePanier'

2022-11-15 12:13:24 - [MESSAGE][WARNING] - Timeout '0' is invalid. Using default page load timeout: '30'

2022-11-15 12:13:26 - [MESSAGE][PASSED] - Tapped on element 'Object Repository/15-CliquerSurLePictoPanier/PictogrammePanier'

2022-11-15 12:13:26 - [TEST_STEP][PASSED] - verifyElementVisible(findTestObject("Object Repository/15-CliquerSurLePictoPanier/TextMonPanier"), 0): Element 'Object Repository/15-CliquerSurLePictoPanier/TextMonPanier' is visible

2022-11-15 12:13:26 - [MESSAGE][WARNING] - Timeout '0' is invalid. Using default page load timeout: '30'

2022-11-15 12:13:27 - [MESSAGE][PASSED] - Element 'Object Repository/15-CliquerSurLePictoPanier/TextMonPanier' is visible

2022-11-15 12:13:27 - [TEST_STEP][PASSED] - closeApplication(): Close app successfully

2022-11-15 12:13:30 - [MESSAGE][PASSED] - Close app successfully]]></system-out>
         <system-err><![CDATA[]]></system-err>
      </testcase>
      <testcase name="Test Cases/Cas de test passant/16- Cliquer sur le bouton suivant aprÃ¨s ajout dinformation complÃ©mentaire pour le shopper (MSR-297)" time="0.204" classname="Test Cases/Cas de test passant/16- Cliquer sur le bouton suivant aprÃ¨s ajout dinformation complÃ©mentaire pour le shopper (MSR-297)" status="PASSED">
         <system-out><![CDATA[2022-11-15 12:13:30 - [TEST_CASE][PASSED] - Test Cases/Cas de test passant/16- Cliquer sur le bouton suivant aprÃ¨s ajout dinformation complÃ©mentaire pour le shopper (MSR-297): Test Cases/Cas de test passant/16- Cliquer sur le bouton suivant aprÃ¨s ajout dinformation complÃ©mentaire pour le shopper (MSR-297)

2022-11-15 12:13:30 - [TEST_STEP][PASSED] - return null: null]]></system-out>
         <system-err><![CDATA[]]></system-err>
      </testcase>
      <testcase name="Test Cases/Cas de test passant/22-Ajouter les informations de l expÃ©diteur en mode Guest" time="102.945" classname="Test Cases/Cas de test passant/22-Ajouter les informations de l expÃ©diteur en mode Guest" status="FAILED">
         <failure type="FAILED" message="Test Cases/Cas de test passant/22-Ajouter les informations de l expÃ©diteur en mode Guest FAILED.
Reason:
com.kms.katalon.core.exception.StepFailedException: Object Object Repository/11-Ajouter un colis au panier/android.view.View- Pikine Rue 10, Dakar, Senegal not found
	at com.kms.katalon.core.keyword.internal.KeywordMain.stepFailed(KeywordMain.groovy:50)
	at com.kms.katalon.core.mobile.keyword.internal.MobileKeywordMain.stepFailed(MobileKeywordMain.groovy:40)
	at com.kms.katalon.core.mobile.keyword.builtin.TapKeyword$_tap_closure1.doCall(TapKeyword.groovy:79)
	at com.kms.katalon.core.mobile.keyword.builtin.TapKeyword$_tap_closure1.call(TapKeyword.groovy)
	at com.kms.katalon.core.mobile.keyword.internal.MobileKeywordMain.runKeyword(MobileKeywordMain.groovy:21)
	at com.kms.katalon.core.mobile.keyword.builtin.TapKeyword.tap(TapKeyword.groovy:84)
	at com.kms.katalon.core.mobile.keyword.builtin.TapKeyword.execute(TapKeyword.groovy:68)
	at com.kms.katalon.core.keyword.internal.KeywordExecutor.executeKeywordForPlatform(KeywordExecutor.groovy:74)
	at com.kms.katalon.core.mobile.keyword.MobileBuiltInKeywords.tap(MobileBuiltInKeywords.groovy:1490)
	at com.kms.katalon.core.mobile.keyword.MobileBuiltInKeywords$tap$0.call(Unknown Source)
	at 22-Ajouter les informations de l expÃ©diteur en mode Guest.run(22-Ajouter les informations de l expÃ©diteur en mode Guest:39)
	at com.kms.katalon.core.main.ScriptEngine.run(ScriptEngine.java:194)
	at com.kms.katalon.core.main.ScriptEngine.runScriptAsRawText(ScriptEngine.java:119)
	at com.kms.katalon.core.main.TestCaseExecutor.runScript(TestCaseExecutor.java:448)
	at com.kms.katalon.core.main.TestCaseExecutor.doExecute(TestCaseExecutor.java:439)
	at com.kms.katalon.core.main.TestCaseExecutor.processExecutionPhase(TestCaseExecutor.java:418)
	at com.kms.katalon.core.main.TestCaseExecutor.accessMainPhase(TestCaseExecutor.java:410)
	at com.kms.katalon.core.main.TestCaseExecutor.execute(TestCaseExecutor.java:285)
	at com.kms.katalon.core.common.CommonExecutor.accessTestCaseMainPhase(CommonExecutor.java:65)
	at com.kms.katalon.core.main.TestSuiteExecutor.accessTestSuiteMainPhase(TestSuiteExecutor.java:151)
	at com.kms.katalon.core.main.TestSuiteExecutor.execute(TestSuiteExecutor.java:106)
	at com.kms.katalon.core.main.TestCaseMain.startTestSuite(TestCaseMain.java:185)
	at com.kms.katalon.core.main.TestCaseMain$startTestSuite$0.call(Unknown Source)
	at TempTestSuite1668509835381.run(TempTestSuite1668509835381.groovy:36)
"/>
         <system-out><![CDATA[2022-11-15 12:13:30 - [TEST_CASE][FAILED] - Test Cases/Cas de test passant/22-Ajouter les informations de l expÃ©diteur en mode Guest: Test Cases/Cas de test passant/22-Ajouter les informations de l expÃ©diteur en mode Guest FAILED.
Reason:
com.kms.katalon.core.exception.StepFailedException: Object Object Repository/11-Ajouter un colis au panier/android.view.View- Pikine Rue 10, Dakar, Senegal not found
	at com.kms.katalon.core.keyword.internal.KeywordMain.stepFailed(KeywordMain.groovy:50)
	at com.kms.katalon.core.mobile.keyword.internal.MobileKeywordMain.stepFailed(MobileKeywordMain.groovy:40)
	at com.kms.katalon.core.mobile.keyword.builtin.TapKeyword$_tap_closure1.doCall(TapKeyword.groovy:79)
	at com.kms.katalon.core.mobile.keyword.builtin.TapKeyword$_tap_closure1.call(TapKeyword.groovy)
	at com.kms.katalon.core.mobile.keyword.internal.MobileKeywordMain.runKeyword(MobileKeywordMain.groovy:21)
	at com.kms.katalon.core.mobile.keyword.builtin.TapKeyword.tap(TapKeyword.groovy:84)
	at com.kms.katalon.core.mobile.keyword.builtin.TapKeyword.execute(TapKeyword.groovy:68)
	at com.kms.katalon.core.keyword.internal.KeywordExecutor.executeKeywordForPlatform(KeywordExecutor.groovy:74)
	at com.kms.katalon.core.mobile.keyword.MobileBuiltInKeywords.tap(MobileBuiltInKeywords.groovy:1490)
	at com.kms.katalon.core.mobile.keyword.MobileBuiltInKeywords$tap$0.call(Unknown Source)
	at 22-Ajouter les informations de l expÃ©diteur en mode Guest.run(22-Ajouter les informations de l expÃ©diteur en mode Guest:39)
	at com.kms.katalon.core.main.ScriptEngine.run(ScriptEngine.java:194)
	at com.kms.katalon.core.main.ScriptEngine.runScriptAsRawText(ScriptEngine.java:119)
	at com.kms.katalon.core.main.TestCaseExecutor.runScript(TestCaseExecutor.java:448)
	at com.kms.katalon.core.main.TestCaseExecutor.doExecute(TestCaseExecutor.java:439)
	at com.kms.katalon.core.main.TestCaseExecutor.processExecutionPhase(TestCaseExecutor.java:418)
	at com.kms.katalon.core.main.TestCaseExecutor.accessMainPhase(TestCaseExecutor.java:410)
	at com.kms.katalon.core.main.TestCaseExecutor.execute(TestCaseExecutor.java:285)
	at com.kms.katalon.core.common.CommonExecutor.accessTestCaseMainPhase(CommonExecutor.java:65)
	at com.kms.katalon.core.main.TestSuiteExecutor.accessTestSuiteMainPhase(TestSuiteExecutor.java:151)
	at com.kms.katalon.core.main.TestSuiteExecutor.execute(TestSuiteExecutor.java:106)
	at com.kms.katalon.core.main.TestCaseMain.startTestSuite(TestCaseMain.java:185)
	at com.kms.katalon.core.main.TestCaseMain$startTestSuite$0.call(Unknown Source)
	at TempTestSuite1668509835381.run(TempTestSuite1668509835381.groovy:36)


2022-11-15 12:13:31 - [TEST_STEP][PASSED] - startApplication("C:\Users\Ousseynou Diop\Desktop\APK Client\app-debug.apk", true): Started app at: 'C:\Users\Ousseynou Diop\Desktop\APK Client\app-debug.apk'

2022-11-15 12:13:31 - [MESSAGE][INFO] - Detected NodeJS location: "C:\Program Files\nodejs\node.exe"

2022-11-15 12:13:32 - [MESSAGE][INFO] - Appium server started on port 56Â 277

2022-11-15 12:14:14 - [MESSAGE][PASSED] - Started app at: 'C:\Users\Ousseynou Diop\Desktop\APK Client\app-debug.apk'

2022-11-15 12:14:14 - [TEST_STEP][PASSED] - tap(findTestObject("Object Repository/11-Ajouter un colis au panier/android.widget.Button-Continuer en mode Guest"), 0): Tapped on element 'Object Repository/11-Ajouter un colis au panier/android.widget.Button-Continuer en mode Guest'

2022-11-15 12:14:14 - [MESSAGE][WARNING] - Timeout '0' is invalid. Using default page load timeout: '30'

2022-11-15 12:14:18 - [MESSAGE][PASSED] - Tapped on element 'Object Repository/11-Ajouter un colis au panier/android.widget.Button-Continuer en mode Guest'

2022-11-15 12:14:18 - [TEST_STEP][PASSED] - tap(findTestObject("Object Repository/11-Ajouter un colis au panier/android.view.View-Onglet  Livraison de colis"), 0): Tapped on element 'Object Repository/11-Ajouter un colis au panier/android.view.View-Onglet  Livraison de colis'

2022-11-15 12:14:18 - [MESSAGE][WARNING] - Timeout '0' is invalid. Using default page load timeout: '30'

2022-11-15 12:14:21 - [MESSAGE][PASSED] - Tapped on element 'Object Repository/11-Ajouter un colis au panier/android.view.View-Onglet  Livraison de colis'

2022-11-15 12:14:21 - [TEST_STEP][PASSED] - tap(findTestObject("Object Repository/11-Ajouter un colis au panier/android.widget.EditText - Adresse de collecte"), 0): Tapped on element 'Object Repository/11-Ajouter un colis au panier/android.widget.EditText - Adresse de collecte'

2022-11-15 12:14:21 - [MESSAGE][WARNING] - Timeout '0' is invalid. Using default page load timeout: '30'

2022-11-15 12:14:26 - [MESSAGE][PASSED] - Tapped on element 'Object Repository/11-Ajouter un colis au panier/android.widget.EditText - Adresse de collecte'

2022-11-15 12:14:26 - [TEST_STEP][PASSED] - tap(findTestObject("Object Repository/11-Ajouter un colis au panier/android.view.View- Ma position"), 0): Tapped on element 'Object Repository/11-Ajouter un colis au panier/android.view.View- Ma position'

2022-11-15 12:14:26 - [MESSAGE][WARNING] - Timeout '0' is invalid. Using default page load timeout: '30'

2022-11-15 12:14:31 - [MESSAGE][PASSED] - Tapped on element 'Object Repository/11-Ajouter un colis au panier/android.view.View- Ma position'

2022-11-15 12:14:31 - [TEST_STEP][PASSED] - tap(findTestObject("Object Repository/11-Ajouter un colis au panier/android.widget.EditText - Adresse de livraison"), 0): Tapped on element 'Object Repository/11-Ajouter un colis au panier/android.widget.EditText - Adresse de livraison'

2022-11-15 12:14:31 - [MESSAGE][WARNING] - Timeout '0' is invalid. Using default page load timeout: '30'

2022-11-15 12:14:33 - [MESSAGE][PASSED] - Tapped on element 'Object Repository/11-Ajouter un colis au panier/android.widget.EditText - Adresse de livraison'

2022-11-15 12:14:33 - [TEST_STEP][PASSED] - setText(findTestObject("Object Repository/11-Ajouter un colis au panier/android.widget.EditText - Adresse de livraison (1)"), "Pikine Rue 10", 0): Text 'Pikine Rue 10' has been set to element 'Object Repository/11-Ajouter un colis au panier/android.widget.EditText - Adresse de livraison (1)'

2022-11-15 12:14:33 - [MESSAGE][WARNING] - Timeout '0' is invalid. Using default page load timeout: '30'

2022-11-15 12:14:37 - [MESSAGE][PASSED] - Text 'Pikine Rue 10' has been set to element 'Object Repository/11-Ajouter un colis au panier/android.widget.EditText - Adresse de livraison (1)'

2022-11-15 12:14:37 - [TEST_STEP][FAILED] - tap(findTestObject("Object Repository/11-Ajouter un colis au panier/android.view.View- Pikine Rue 10, Dakar, Senegal"), 0): Failed to tap on element 'Object Repository/11-Ajouter un colis au panier/android.view.View- Pikine Rue 10, Dakar, Senegal' (Root cause: com.kms.katalon.core.exception.StepFailedException: Object Object Repository/11-Ajouter un colis au panier/android.view.View- Pikine Rue 10, Dakar, Senegal not found
	at com.kms.katalon.core.keyword.internal.KeywordMain.stepFailed(KeywordMain.groovy:50)
	at com.kms.katalon.core.mobile.keyword.internal.MobileKeywordMain.stepFailed(MobileKeywordMain.groovy:40)
	at com.kms.katalon.core.mobile.keyword.builtin.TapKeyword$_tap_closure1.doCall(TapKeyword.groovy:79)
	at com.kms.katalon.core.mobile.keyword.builtin.TapKeyword$_tap_closure1.call(TapKeyword.groovy)
	at com.kms.katalon.core.mobile.keyword.internal.MobileKeywordMain.runKeyword(MobileKeywordMain.groovy:21)
	at com.kms.katalon.core.mobile.keyword.builtin.TapKeyword.tap(TapKeyword.groovy:84)
	at com.kms.katalon.core.mobile.keyword.builtin.TapKeyword.execute(TapKeyword.groovy:68)
	at com.kms.katalon.core.keyword.internal.KeywordExecutor.executeKeywordForPlatform(KeywordExecutor.groovy:74)
	at com.kms.katalon.core.mobile.keyword.MobileBuiltInKeywords.tap(MobileBuiltInKeywords.groovy:1490)
	at com.kms.katalon.core.mobile.keyword.MobileBuiltInKeywords$tap$0.call(Unknown Source)
	at 22-Ajouter les informations de l expÃ©diteur en mode Guest.run(22-Ajouter les informations de l expÃ©diteur en mode Guest:39)
	at com.kms.katalon.core.main.ScriptEngine.run(ScriptEngine.java:194)
	at com.kms.katalon.core.main.ScriptEngine.runScriptAsRawText(ScriptEngine.java:119)
	at com.kms.katalon.core.main.TestCaseExecutor.runScript(TestCaseExecutor.java:448)
	at com.kms.katalon.core.main.TestCaseExecutor.doExecute(TestCaseExecutor.java:439)
	at com.kms.katalon.core.main.TestCaseExecutor.processExecutionPhase(TestCaseExecutor.java:418)
	at com.kms.katalon.core.main.TestCaseExecutor.accessMainPhase(TestCaseExecutor.java:410)
	at com.kms.katalon.core.main.TestCaseExecutor.execute(TestCaseExecutor.java:285)
	at com.kms.katalon.core.common.CommonExecutor.accessTestCaseMainPhase(CommonExecutor.java:65)
	at com.kms.katalon.core.main.TestSuiteExecutor.accessTestSuiteMainPhase(TestSuiteExecutor.java:151)
	at com.kms.katalon.core.main.TestSuiteExecutor.execute(TestSuiteExecutor.java:106)
	at com.kms.katalon.core.main.TestCaseMain.startTestSuite(TestCaseMain.java:185)
	at com.kms.katalon.core.main.TestCaseMain$startTestSuite$0.call(Unknown Source)
	at TempTestSuite1668509835381.run(TempTestSuite1668509835381.groovy:36)
)

2022-11-15 12:14:37 - [MESSAGE][WARNING] - Timeout '0' is invalid. Using default page load timeout: '30'

2022-11-15 12:15:07 - [MESSAGE][FAILED] - Object Object Repository/11-Ajouter un colis au panier/android.view.View- Pikine Rue 10, Dakar, Senegal not found

2022-11-15 12:15:13 - [MESSAGE][FAILED] - Failed to tap on element 'Object Repository/11-Ajouter un colis au panier/android.view.View- Pikine Rue 10, Dakar, Senegal' (Root cause: com.kms.katalon.core.exception.StepFailedException: Object Object Repository/11-Ajouter un colis au panier/android.view.View- Pikine Rue 10, Dakar, Senegal not found
	at com.kms.katalon.core.keyword.internal.KeywordMain.stepFailed(KeywordMain.groovy:50)
	at com.kms.katalon.core.mobile.keyword.internal.MobileKeywordMain.stepFailed(MobileKeywordMain.groovy:40)
	at com.kms.katalon.core.mobile.keyword.builtin.TapKeyword$_tap_closure1.doCall(TapKeyword.groovy:79)
	at com.kms.katalon.core.mobile.keyword.builtin.TapKeyword$_tap_closure1.call(TapKeyword.groovy)
	at com.kms.katalon.core.mobile.keyword.internal.MobileKeywordMain.runKeyword(MobileKeywordMain.groovy:21)
	at com.kms.katalon.core.mobile.keyword.builtin.TapKeyword.tap(TapKeyword.groovy:84)
	at com.kms.katalon.core.mobile.keyword.builtin.TapKeyword.execute(TapKeyword.groovy:68)
	at com.kms.katalon.core.keyword.internal.KeywordExecutor.executeKeywordForPlatform(KeywordExecutor.groovy:74)
	at com.kms.katalon.core.mobile.keyword.MobileBuiltInKeywords.tap(MobileBuiltInKeywords.groovy:1490)
	at com.kms.katalon.core.mobile.keyword.MobileBuiltInKeywords$tap$0.call(Unknown Source)
	at 22-Ajouter les informations de l expÃ©diteur en mode Guest.run(22-Ajouter les informations de l expÃ©diteur en mode Guest:39)
	at com.kms.katalon.core.main.ScriptEngine.run(ScriptEngine.java:194)
	at com.kms.katalon.core.main.ScriptEngine.runScriptAsRawText(ScriptEngine.java:119)
	at com.kms.katalon.core.main.TestCaseExecutor.runScript(TestCaseExecutor.java:448)
	at com.kms.katalon.core.main.TestCaseExecutor.doExecute(TestCaseExecutor.java:439)
	at com.kms.katalon.core.main.TestCaseExecutor.processExecutionPhase(TestCaseExecutor.java:418)
	at com.kms.katalon.core.main.TestCaseExecutor.accessMainPhase(TestCaseExecutor.java:410)
	at com.kms.katalon.core.main.TestCaseExecutor.execute(TestCaseExecutor.java:285)
	at com.kms.katalon.core.common.CommonExecutor.accessTestCaseMainPhase(CommonExecutor.java:65)
	at com.kms.katalon.core.main.TestSuiteExecutor.accessTestSuiteMainPhase(TestSuiteExecutor.java:151)
	at com.kms.katalon.core.main.TestSuiteExecutor.execute(TestSuiteExecutor.java:106)
	at com.kms.katalon.core.main.TestCaseMain.startTestSuite(TestCaseMain.java:185)
	at com.kms.katalon.core.main.TestCaseMain$startTestSuite$0.call(Unknown Source)
	at TempTestSuite1668509835381.run(TempTestSuite1668509835381.groovy:36)
)
[[ATTACHMENT|C:\\Users\\Ousseynou Diop\\git\\Mon-Shopper-Automatisation-Application-Client\\Reports\\20221115_115715\\Cas de test passant app client\\20221115_115715\\1668510907299.png]]]]></system-out>
         <system-err><![CDATA[2022-11-15 12:13:30 - [TEST_CASE][FAILED] - Test Cases/Cas de test passant/22-Ajouter les informations de l expÃ©diteur en mode Guest: Test Cases/Cas de test passant/22-Ajouter les informations de l expÃ©diteur en mode Guest FAILED.
Reason:
com.kms.katalon.core.exception.StepFailedException: Object Object Repository/11-Ajouter un colis au panier/android.view.View- Pikine Rue 10, Dakar, Senegal not found
	at com.kms.katalon.core.keyword.internal.KeywordMain.stepFailed(KeywordMain.groovy:50)
	at com.kms.katalon.core.mobile.keyword.internal.MobileKeywordMain.stepFailed(MobileKeywordMain.groovy:40)
	at com.kms.katalon.core.mobile.keyword.builtin.TapKeyword$_tap_closure1.doCall(TapKeyword.groovy:79)
	at com.kms.katalon.core.mobile.keyword.builtin.TapKeyword$_tap_closure1.call(TapKeyword.groovy)
	at com.kms.katalon.core.mobile.keyword.internal.MobileKeywordMain.runKeyword(MobileKeywordMain.groovy:21)
	at com.kms.katalon.core.mobile.keyword.builtin.TapKeyword.tap(TapKeyword.groovy:84)
	at com.kms.katalon.core.mobile.keyword.builtin.TapKeyword.execute(TapKeyword.groovy:68)
	at com.kms.katalon.core.keyword.internal.KeywordExecutor.executeKeywordForPlatform(KeywordExecutor.groovy:74)
	at com.kms.katalon.core.mobile.keyword.MobileBuiltInKeywords.tap(MobileBuiltInKeywords.groovy:1490)
	at com.kms.katalon.core.mobile.keyword.MobileBuiltInKeywords$tap$0.call(Unknown Source)
	at 22-Ajouter les informations de l expÃ©diteur en mode Guest.run(22-Ajouter les informations de l expÃ©diteur en mode Guest:39)
	at com.kms.katalon.core.main.ScriptEngine.run(ScriptEngine.java:194)
	at com.kms.katalon.core.main.ScriptEngine.runScriptAsRawText(ScriptEngine.java:119)
	at com.kms.katalon.core.main.TestCaseExecutor.runScript(TestCaseExecutor.java:448)
	at com.kms.katalon.core.main.TestCaseExecutor.doExecute(TestCaseExecutor.java:439)
	at com.kms.katalon.core.main.TestCaseExecutor.processExecutionPhase(TestCaseExecutor.java:418)
	at com.kms.katalon.core.main.TestCaseExecutor.accessMainPhase(TestCaseExecutor.java:410)
	at com.kms.katalon.core.main.TestCaseExecutor.execute(TestCaseExecutor.java:285)
	at com.kms.katalon.core.common.CommonExecutor.accessTestCaseMainPhase(CommonExecutor.java:65)
	at com.kms.katalon.core.main.TestSuiteExecutor.accessTestSuiteMainPhase(TestSuiteExecutor.java:151)
	at com.kms.katalon.core.main.TestSuiteExecutor.execute(TestSuiteExecutor.java:106)
	at com.kms.katalon.core.main.TestCaseMain.startTestSuite(TestCaseMain.java:185)
	at com.kms.katalon.core.main.TestCaseMain$startTestSuite$0.call(Unknown Source)
	at TempTestSuite1668509835381.run(TempTestSuite1668509835381.groovy:36)]]></system-err>
      </testcase>
      <testcase name="Test Cases/Cas de test passant/23- Ajouter les informations du destinataire en mode Guest" time="101.704" classname="Test Cases/Cas de test passant/23- Ajouter les informations du destinataire en mode Guest" status="FAILED">
         <failure type="FAILED" message="Test Cases/Cas de test passant/23- Ajouter les informations du destinataire en mode Guest FAILED.
Reason:
com.kms.katalon.core.exception.StepFailedException: Object Object Repository/11-Ajouter un colis au panier/android.view.View- Pikine Rue 10, Dakar, Senegal not found
	at com.kms.katalon.core.keyword.internal.KeywordMain.stepFailed(KeywordMain.groovy:50)
	at com.kms.katalon.core.mobile.keyword.internal.MobileKeywordMain.stepFailed(MobileKeywordMain.groovy:40)
	at com.kms.katalon.core.mobile.keyword.builtin.TapKeyword$_tap_closure1.doCall(TapKeyword.groovy:79)
	at com.kms.katalon.core.mobile.keyword.builtin.TapKeyword$_tap_closure1.call(TapKeyword.groovy)
	at com.kms.katalon.core.mobile.keyword.internal.MobileKeywordMain.runKeyword(MobileKeywordMain.groovy:21)
	at com.kms.katalon.core.mobile.keyword.builtin.TapKeyword.tap(TapKeyword.groovy:84)
	at com.kms.katalon.core.mobile.keyword.builtin.TapKeyword.execute(TapKeyword.groovy:68)
	at com.kms.katalon.core.keyword.internal.KeywordExecutor.executeKeywordForPlatform(KeywordExecutor.groovy:74)
	at com.kms.katalon.core.mobile.keyword.MobileBuiltInKeywords.tap(MobileBuiltInKeywords.groovy:1490)
	at com.kms.katalon.core.mobile.keyword.MobileBuiltInKeywords$tap$0.call(Unknown Source)
	at 23- Ajouter les informations du destinataire en mode Guest.run(23- Ajouter les informations du destinataire en mode Guest:39)
	at com.kms.katalon.core.main.ScriptEngine.run(ScriptEngine.java:194)
	at com.kms.katalon.core.main.ScriptEngine.runScriptAsRawText(ScriptEngine.java:119)
	at com.kms.katalon.core.main.TestCaseExecutor.runScript(TestCaseExecutor.java:448)
	at com.kms.katalon.core.main.TestCaseExecutor.doExecute(TestCaseExecutor.java:439)
	at com.kms.katalon.core.main.TestCaseExecutor.processExecutionPhase(TestCaseExecutor.java:418)
	at com.kms.katalon.core.main.TestCaseExecutor.accessMainPhase(TestCaseExecutor.java:410)
	at com.kms.katalon.core.main.TestCaseExecutor.execute(TestCaseExecutor.java:285)
	at com.kms.katalon.core.common.CommonExecutor.accessTestCaseMainPhase(CommonExecutor.java:65)
	at com.kms.katalon.core.main.TestSuiteExecutor.accessTestSuiteMainPhase(TestSuiteExecutor.java:151)
	at com.kms.katalon.core.main.TestSuiteExecutor.execute(TestSuiteExecutor.java:106)
	at com.kms.katalon.core.main.TestCaseMain.startTestSuite(TestCaseMain.java:185)
	at com.kms.katalon.core.main.TestCaseMain$startTestSuite$0.call(Unknown Source)
	at TempTestSuite1668509835381.run(TempTestSuite1668509835381.groovy:36)
"/>
         <system-out><![CDATA[2022-11-15 12:15:13 - [TEST_CASE][FAILED] - Test Cases/Cas de test passant/23- Ajouter les informations du destinataire en mode Guest: Test Cases/Cas de test passant/23- Ajouter les informations du destinataire en mode Guest FAILED.
Reason:
com.kms.katalon.core.exception.StepFailedException: Object Object Repository/11-Ajouter un colis au panier/android.view.View- Pikine Rue 10, Dakar, Senegal not found
	at com.kms.katalon.core.keyword.internal.KeywordMain.stepFailed(KeywordMain.groovy:50)
	at com.kms.katalon.core.mobile.keyword.internal.MobileKeywordMain.stepFailed(MobileKeywordMain.groovy:40)
	at com.kms.katalon.core.mobile.keyword.builtin.TapKeyword$_tap_closure1.doCall(TapKeyword.groovy:79)
	at com.kms.katalon.core.mobile.keyword.builtin.TapKeyword$_tap_closure1.call(TapKeyword.groovy)
	at com.kms.katalon.core.mobile.keyword.internal.MobileKeywordMain.runKeyword(MobileKeywordMain.groovy:21)
	at com.kms.katalon.core.mobile.keyword.builtin.TapKeyword.tap(TapKeyword.groovy:84)
	at com.kms.katalon.core.mobile.keyword.builtin.TapKeyword.execute(TapKeyword.groovy:68)
	at com.kms.katalon.core.keyword.internal.KeywordExecutor.executeKeywordForPlatform(KeywordExecutor.groovy:74)
	at com.kms.katalon.core.mobile.keyword.MobileBuiltInKeywords.tap(MobileBuiltInKeywords.groovy:1490)
	at com.kms.katalon.core.mobile.keyword.MobileBuiltInKeywords$tap$0.call(Unknown Source)
	at 23- Ajouter les informations du destinataire en mode Guest.run(23- Ajouter les informations du destinataire en mode Guest:39)
	at com.kms.katalon.core.main.ScriptEngine.run(ScriptEngine.java:194)
	at com.kms.katalon.core.main.ScriptEngine.runScriptAsRawText(ScriptEngine.java:119)
	at com.kms.katalon.core.main.TestCaseExecutor.runScript(TestCaseExecutor.java:448)
	at com.kms.katalon.core.main.TestCaseExecutor.doExecute(TestCaseExecutor.java:439)
	at com.kms.katalon.core.main.TestCaseExecutor.processExecutionPhase(TestCaseExecutor.java:418)
	at com.kms.katalon.core.main.TestCaseExecutor.accessMainPhase(TestCaseExecutor.java:410)
	at com.kms.katalon.core.main.TestCaseExecutor.execute(TestCaseExecutor.java:285)
	at com.kms.katalon.core.common.CommonExecutor.accessTestCaseMainPhase(CommonExecutor.java:65)
	at com.kms.katalon.core.main.TestSuiteExecutor.accessTestSuiteMainPhase(TestSuiteExecutor.java:151)
	at com.kms.katalon.core.main.TestSuiteExecutor.execute(TestSuiteExecutor.java:106)
	at com.kms.katalon.core.main.TestCaseMain.startTestSuite(TestCaseMain.java:185)
	at com.kms.katalon.core.main.TestCaseMain$startTestSuite$0.call(Unknown Source)
	at TempTestSuite1668509835381.run(TempTestSuite1668509835381.groovy:36)


2022-11-15 12:15:14 - [TEST_STEP][PASSED] - startApplication("C:\Users\Ousseynou Diop\Desktop\APK Client\app-debug.apk", true): Started app at: 'C:\Users\Ousseynou Diop\Desktop\APK Client\app-debug.apk'

2022-11-15 12:15:56 - [MESSAGE][PASSED] - Started app at: 'C:\Users\Ousseynou Diop\Desktop\APK Client\app-debug.apk'

2022-11-15 12:15:56 - [TEST_STEP][PASSED] - tap(findTestObject("Object Repository/11-Ajouter un colis au panier/android.widget.Button-Continuer en mode Guest"), 0): Tapped on element 'Object Repository/11-Ajouter un colis au panier/android.widget.Button-Continuer en mode Guest'

2022-11-15 12:15:56 - [MESSAGE][WARNING] - Timeout '0' is invalid. Using default page load timeout: '30'

2022-11-15 12:16:00 - [MESSAGE][PASSED] - Tapped on element 'Object Repository/11-Ajouter un colis au panier/android.widget.Button-Continuer en mode Guest'

2022-11-15 12:16:00 - [TEST_STEP][PASSED] - tap(findTestObject("Object Repository/11-Ajouter un colis au panier/android.view.View-Onglet  Livraison de colis"), 0): Tapped on element 'Object Repository/11-Ajouter un colis au panier/android.view.View-Onglet  Livraison de colis'

2022-11-15 12:16:00 - [MESSAGE][WARNING] - Timeout '0' is invalid. Using default page load timeout: '30'

2022-11-15 12:16:03 - [MESSAGE][PASSED] - Tapped on element 'Object Repository/11-Ajouter un colis au panier/android.view.View-Onglet  Livraison de colis'

2022-11-15 12:16:03 - [TEST_STEP][PASSED] - tap(findTestObject("Object Repository/11-Ajouter un colis au panier/android.widget.EditText - Adresse de collecte"), 0): Tapped on element 'Object Repository/11-Ajouter un colis au panier/android.widget.EditText - Adresse de collecte'

2022-11-15 12:16:03 - [MESSAGE][WARNING] - Timeout '0' is invalid. Using default page load timeout: '30'

2022-11-15 12:16:08 - [MESSAGE][PASSED] - Tapped on element 'Object Repository/11-Ajouter un colis au panier/android.widget.EditText - Adresse de collecte'

2022-11-15 12:16:08 - [TEST_STEP][PASSED] - tap(findTestObject("Object Repository/11-Ajouter un colis au panier/android.view.View- Ma position"), 0): Tapped on element 'Object Repository/11-Ajouter un colis au panier/android.view.View- Ma position'

2022-11-15 12:16:08 - [MESSAGE][WARNING] - Timeout '0' is invalid. Using default page load timeout: '30'

2022-11-15 12:16:13 - [MESSAGE][PASSED] - Tapped on element 'Object Repository/11-Ajouter un colis au panier/android.view.View- Ma position'

2022-11-15 12:16:13 - [TEST_STEP][PASSED] - tap(findTestObject("Object Repository/11-Ajouter un colis au panier/android.widget.EditText - Adresse de livraison"), 0): Tapped on element 'Object Repository/11-Ajouter un colis au panier/android.widget.EditText - Adresse de livraison'

2022-11-15 12:16:13 - [MESSAGE][WARNING] - Timeout '0' is invalid. Using default page load timeout: '30'

2022-11-15 12:16:15 - [MESSAGE][PASSED] - Tapped on element 'Object Repository/11-Ajouter un colis au panier/android.widget.EditText - Adresse de livraison'

2022-11-15 12:16:15 - [TEST_STEP][PASSED] - setText(findTestObject("Object Repository/11-Ajouter un colis au panier/android.widget.EditText - Adresse de livraison (1)"), "Pikine Rue 10", 0): Text 'Pikine Rue 10' has been set to element 'Object Repository/11-Ajouter un colis au panier/android.widget.EditText - Adresse de livraison (1)'

2022-11-15 12:16:15 - [MESSAGE][WARNING] - Timeout '0' is invalid. Using default page load timeout: '30'

2022-11-15 12:16:18 - [MESSAGE][PASSED] - Text 'Pikine Rue 10' has been set to element 'Object Repository/11-Ajouter un colis au panier/android.widget.EditText - Adresse de livraison (1)'

2022-11-15 12:16:18 - [TEST_STEP][FAILED] - tap(findTestObject("Object Repository/11-Ajouter un colis au panier/android.view.View- Pikine Rue 10, Dakar, Senegal"), 0): Failed to tap on element 'Object Repository/11-Ajouter un colis au panier/android.view.View- Pikine Rue 10, Dakar, Senegal' (Root cause: com.kms.katalon.core.exception.StepFailedException: Object Object Repository/11-Ajouter un colis au panier/android.view.View- Pikine Rue 10, Dakar, Senegal not found
	at com.kms.katalon.core.keyword.internal.KeywordMain.stepFailed(KeywordMain.groovy:50)
	at com.kms.katalon.core.mobile.keyword.internal.MobileKeywordMain.stepFailed(MobileKeywordMain.groovy:40)
	at com.kms.katalon.core.mobile.keyword.builtin.TapKeyword$_tap_closure1.doCall(TapKeyword.groovy:79)
	at com.kms.katalon.core.mobile.keyword.builtin.TapKeyword$_tap_closure1.call(TapKeyword.groovy)
	at com.kms.katalon.core.mobile.keyword.internal.MobileKeywordMain.runKeyword(MobileKeywordMain.groovy:21)
	at com.kms.katalon.core.mobile.keyword.builtin.TapKeyword.tap(TapKeyword.groovy:84)
	at com.kms.katalon.core.mobile.keyword.builtin.TapKeyword.execute(TapKeyword.groovy:68)
	at com.kms.katalon.core.keyword.internal.KeywordExecutor.executeKeywordForPlatform(KeywordExecutor.groovy:74)
	at com.kms.katalon.core.mobile.keyword.MobileBuiltInKeywords.tap(MobileBuiltInKeywords.groovy:1490)
	at com.kms.katalon.core.mobile.keyword.MobileBuiltInKeywords$tap$0.call(Unknown Source)
	at 23- Ajouter les informations du destinataire en mode Guest.run(23- Ajouter les informations du destinataire en mode Guest:39)
	at com.kms.katalon.core.main.ScriptEngine.run(ScriptEngine.java:194)
	at com.kms.katalon.core.main.ScriptEngine.runScriptAsRawText(ScriptEngine.java:119)
	at com.kms.katalon.core.main.TestCaseExecutor.runScript(TestCaseExecutor.java:448)
	at com.kms.katalon.core.main.TestCaseExecutor.doExecute(TestCaseExecutor.java:439)
	at com.kms.katalon.core.main.TestCaseExecutor.processExecutionPhase(TestCaseExecutor.java:418)
	at com.kms.katalon.core.main.TestCaseExecutor.accessMainPhase(TestCaseExecutor.java:410)
	at com.kms.katalon.core.main.TestCaseExecutor.execute(TestCaseExecutor.java:285)
	at com.kms.katalon.core.common.CommonExecutor.accessTestCaseMainPhase(CommonExecutor.java:65)
	at com.kms.katalon.core.main.TestSuiteExecutor.accessTestSuiteMainPhase(TestSuiteExecutor.java:151)
	at com.kms.katalon.core.main.TestSuiteExecutor.execute(TestSuiteExecutor.java:106)
	at com.kms.katalon.core.main.TestCaseMain.startTestSuite(TestCaseMain.java:185)
	at com.kms.katalon.core.main.TestCaseMain$startTestSuite$0.call(Unknown Source)
	at TempTestSuite1668509835381.run(TempTestSuite1668509835381.groovy:36)
)

2022-11-15 12:16:18 - [MESSAGE][WARNING] - Timeout '0' is invalid. Using default page load timeout: '30'

2022-11-15 12:16:48 - [MESSAGE][FAILED] - Object Object Repository/11-Ajouter un colis au panier/android.view.View- Pikine Rue 10, Dakar, Senegal not found

2022-11-15 12:16:55 - [MESSAGE][FAILED] - Failed to tap on element 'Object Repository/11-Ajouter un colis au panier/android.view.View- Pikine Rue 10, Dakar, Senegal' (Root cause: com.kms.katalon.core.exception.StepFailedException: Object Object Repository/11-Ajouter un colis au panier/android.view.View- Pikine Rue 10, Dakar, Senegal not found
	at com.kms.katalon.core.keyword.internal.KeywordMain.stepFailed(KeywordMain.groovy:50)
	at com.kms.katalon.core.mobile.keyword.internal.MobileKeywordMain.stepFailed(MobileKeywordMain.groovy:40)
	at com.kms.katalon.core.mobile.keyword.builtin.TapKeyword$_tap_closure1.doCall(TapKeyword.groovy:79)
	at com.kms.katalon.core.mobile.keyword.builtin.TapKeyword$_tap_closure1.call(TapKeyword.groovy)
	at com.kms.katalon.core.mobile.keyword.internal.MobileKeywordMain.runKeyword(MobileKeywordMain.groovy:21)
	at com.kms.katalon.core.mobile.keyword.builtin.TapKeyword.tap(TapKeyword.groovy:84)
	at com.kms.katalon.core.mobile.keyword.builtin.TapKeyword.execute(TapKeyword.groovy:68)
	at com.kms.katalon.core.keyword.internal.KeywordExecutor.executeKeywordForPlatform(KeywordExecutor.groovy:74)
	at com.kms.katalon.core.mobile.keyword.MobileBuiltInKeywords.tap(MobileBuiltInKeywords.groovy:1490)
	at com.kms.katalon.core.mobile.keyword.MobileBuiltInKeywords$tap$0.call(Unknown Source)
	at 23- Ajouter les informations du destinataire en mode Guest.run(23- Ajouter les informations du destinataire en mode Guest:39)
	at com.kms.katalon.core.main.ScriptEngine.run(ScriptEngine.java:194)
	at com.kms.katalon.core.main.ScriptEngine.runScriptAsRawText(ScriptEngine.java:119)
	at com.kms.katalon.core.main.TestCaseExecutor.runScript(TestCaseExecutor.java:448)
	at com.kms.katalon.core.main.TestCaseExecutor.doExecute(TestCaseExecutor.java:439)
	at com.kms.katalon.core.main.TestCaseExecutor.processExecutionPhase(TestCaseExecutor.java:418)
	at com.kms.katalon.core.main.TestCaseExecutor.accessMainPhase(TestCaseExecutor.java:410)
	at com.kms.katalon.core.main.TestCaseExecutor.execute(TestCaseExecutor.java:285)
	at com.kms.katalon.core.common.CommonExecutor.accessTestCaseMainPhase(CommonExecutor.java:65)
	at com.kms.katalon.core.main.TestSuiteExecutor.accessTestSuiteMainPhase(TestSuiteExecutor.java:151)
	at com.kms.katalon.core.main.TestSuiteExecutor.execute(TestSuiteExecutor.java:106)
	at com.kms.katalon.core.main.TestCaseMain.startTestSuite(TestCaseMain.java:185)
	at com.kms.katalon.core.main.TestCaseMain$startTestSuite$0.call(Unknown Source)
	at TempTestSuite1668509835381.run(TempTestSuite1668509835381.groovy:36)
)
[[ATTACHMENT|C:\\Users\\Ousseynou Diop\\git\\Mon-Shopper-Automatisation-Application-Client\\Reports\\20221115_115715\\Cas de test passant app client\\20221115_115715\\1668511008895.png]]]]></system-out>
         <system-err><![CDATA[2022-11-15 12:15:13 - [TEST_CASE][FAILED] - Test Cases/Cas de test passant/23- Ajouter les informations du destinataire en mode Guest: Test Cases/Cas de test passant/23- Ajouter les informations du destinataire en mode Guest FAILED.
Reason:
com.kms.katalon.core.exception.StepFailedException: Object Object Repository/11-Ajouter un colis au panier/android.view.View- Pikine Rue 10, Dakar, Senegal not found
	at com.kms.katalon.core.keyword.internal.KeywordMain.stepFailed(KeywordMain.groovy:50)
	at com.kms.katalon.core.mobile.keyword.internal.MobileKeywordMain.stepFailed(MobileKeywordMain.groovy:40)
	at com.kms.katalon.core.mobile.keyword.builtin.TapKeyword$_tap_closure1.doCall(TapKeyword.groovy:79)
	at com.kms.katalon.core.mobile.keyword.builtin.TapKeyword$_tap_closure1.call(TapKeyword.groovy)
	at com.kms.katalon.core.mobile.keyword.internal.MobileKeywordMain.runKeyword(MobileKeywordMain.groovy:21)
	at com.kms.katalon.core.mobile.keyword.builtin.TapKeyword.tap(TapKeyword.groovy:84)
	at com.kms.katalon.core.mobile.keyword.builtin.TapKeyword.execute(TapKeyword.groovy:68)
	at com.kms.katalon.core.keyword.internal.KeywordExecutor.executeKeywordForPlatform(KeywordExecutor.groovy:74)
	at com.kms.katalon.core.mobile.keyword.MobileBuiltInKeywords.tap(MobileBuiltInKeywords.groovy:1490)
	at com.kms.katalon.core.mobile.keyword.MobileBuiltInKeywords$tap$0.call(Unknown Source)
	at 23- Ajouter les informations du destinataire en mode Guest.run(23- Ajouter les informations du destinataire en mode Guest:39)
	at com.kms.katalon.core.main.ScriptEngine.run(ScriptEngine.java:194)
	at com.kms.katalon.core.main.ScriptEngine.runScriptAsRawText(ScriptEngine.java:119)
	at com.kms.katalon.core.main.TestCaseExecutor.runScript(TestCaseExecutor.java:448)
	at com.kms.katalon.core.main.TestCaseExecutor.doExecute(TestCaseExecutor.java:439)
	at com.kms.katalon.core.main.TestCaseExecutor.processExecutionPhase(TestCaseExecutor.java:418)
	at com.kms.katalon.core.main.TestCaseExecutor.accessMainPhase(TestCaseExecutor.java:410)
	at com.kms.katalon.core.main.TestCaseExecutor.execute(TestCaseExecutor.java:285)
	at com.kms.katalon.core.common.CommonExecutor.accessTestCaseMainPhase(CommonExecutor.java:65)
	at com.kms.katalon.core.main.TestSuiteExecutor.accessTestSuiteMainPhase(TestSuiteExecutor.java:151)
	at com.kms.katalon.core.main.TestSuiteExecutor.execute(TestSuiteExecutor.java:106)
	at com.kms.katalon.core.main.TestCaseMain.startTestSuite(TestCaseMain.java:185)
	at com.kms.katalon.core.main.TestCaseMain$startTestSuite$0.call(Unknown Source)
	at TempTestSuite1668509835381.run(TempTestSuite1668509835381.groovy:36)]]></system-err>
      </testcase>
      <testcase name="Test Cases/Cas de test passant/24-Notation du shopper et pourboire (MSR-222)" time="100.036" classname="Test Cases/Cas de test passant/24-Notation du shopper et pourboire (MSR-222)" status="FAILED">
         <failure type="FAILED" message="Test Cases/Cas de test passant/24-Notation du shopper et pourboire (MSR-222) FAILED.
Reason:
com.kms.katalon.core.exception.StepFailedException: Object Object Repository/11-Ajouter un colis au panier/android.view.View- Pikine Rue 10, Dakar, Senegal not found
	at com.kms.katalon.core.keyword.internal.KeywordMain.stepFailed(KeywordMain.groovy:50)
	at com.kms.katalon.core.mobile.keyword.internal.MobileKeywordMain.stepFailed(MobileKeywordMain.groovy:40)
	at com.kms.katalon.core.mobile.keyword.builtin.TapKeyword$_tap_closure1.doCall(TapKeyword.groovy:79)
	at com.kms.katalon.core.mobile.keyword.builtin.TapKeyword$_tap_closure1.call(TapKeyword.groovy)
	at com.kms.katalon.core.mobile.keyword.internal.MobileKeywordMain.runKeyword(MobileKeywordMain.groovy:21)
	at com.kms.katalon.core.mobile.keyword.builtin.TapKeyword.tap(TapKeyword.groovy:84)
	at com.kms.katalon.core.mobile.keyword.builtin.TapKeyword.execute(TapKeyword.groovy:68)
	at com.kms.katalon.core.keyword.internal.KeywordExecutor.executeKeywordForPlatform(KeywordExecutor.groovy:74)
	at com.kms.katalon.core.mobile.keyword.MobileBuiltInKeywords.tap(MobileBuiltInKeywords.groovy:1490)
	at com.kms.katalon.core.mobile.keyword.MobileBuiltInKeywords$tap$0.call(Unknown Source)
	at 24-Notation du shopper et pourboire (MSR-222).run(24-Notation du shopper et pourboire (MSR-222):41)
	at com.kms.katalon.core.main.ScriptEngine.run(ScriptEngine.java:194)
	at com.kms.katalon.core.main.ScriptEngine.runScriptAsRawText(ScriptEngine.java:119)
	at com.kms.katalon.core.main.TestCaseExecutor.runScript(TestCaseExecutor.java:448)
	at com.kms.katalon.core.main.TestCaseExecutor.doExecute(TestCaseExecutor.java:439)
	at com.kms.katalon.core.main.TestCaseExecutor.processExecutionPhase(TestCaseExecutor.java:418)
	at com.kms.katalon.core.main.TestCaseExecutor.accessMainPhase(TestCaseExecutor.java:410)
	at com.kms.katalon.core.main.TestCaseExecutor.execute(TestCaseExecutor.java:285)
	at com.kms.katalon.core.common.CommonExecutor.accessTestCaseMainPhase(CommonExecutor.java:65)
	at com.kms.katalon.core.main.TestSuiteExecutor.accessTestSuiteMainPhase(TestSuiteExecutor.java:151)
	at com.kms.katalon.core.main.TestSuiteExecutor.execute(TestSuiteExecutor.java:106)
	at com.kms.katalon.core.main.TestCaseMain.startTestSuite(TestCaseMain.java:185)
	at com.kms.katalon.core.main.TestCaseMain$startTestSuite$0.call(Unknown Source)
	at TempTestSuite1668509835381.run(TempTestSuite1668509835381.groovy:36)
"/>
         <system-out><![CDATA[2022-11-15 12:16:55 - [TEST_CASE][FAILED] - Test Cases/Cas de test passant/24-Notation du shopper et pourboire (MSR-222): Test Cases/Cas de test passant/24-Notation du shopper et pourboire (MSR-222) FAILED.
Reason:
com.kms.katalon.core.exception.StepFailedException: Object Object Repository/11-Ajouter un colis au panier/android.view.View- Pikine Rue 10, Dakar, Senegal not found
	at com.kms.katalon.core.keyword.internal.KeywordMain.stepFailed(KeywordMain.groovy:50)
	at com.kms.katalon.core.mobile.keyword.internal.MobileKeywordMain.stepFailed(MobileKeywordMain.groovy:40)
	at com.kms.katalon.core.mobile.keyword.builtin.TapKeyword$_tap_closure1.doCall(TapKeyword.groovy:79)
	at com.kms.katalon.core.mobile.keyword.builtin.TapKeyword$_tap_closure1.call(TapKeyword.groovy)
	at com.kms.katalon.core.mobile.keyword.internal.MobileKeywordMain.runKeyword(MobileKeywordMain.groovy:21)
	at com.kms.katalon.core.mobile.keyword.builtin.TapKeyword.tap(TapKeyword.groovy:84)
	at com.kms.katalon.core.mobile.keyword.builtin.TapKeyword.execute(TapKeyword.groovy:68)
	at com.kms.katalon.core.keyword.internal.KeywordExecutor.executeKeywordForPlatform(KeywordExecutor.groovy:74)
	at com.kms.katalon.core.mobile.keyword.MobileBuiltInKeywords.tap(MobileBuiltInKeywords.groovy:1490)
	at com.kms.katalon.core.mobile.keyword.MobileBuiltInKeywords$tap$0.call(Unknown Source)
	at 24-Notation du shopper et pourboire (MSR-222).run(24-Notation du shopper et pourboire (MSR-222):41)
	at com.kms.katalon.core.main.ScriptEngine.run(ScriptEngine.java:194)
	at com.kms.katalon.core.main.ScriptEngine.runScriptAsRawText(ScriptEngine.java:119)
	at com.kms.katalon.core.main.TestCaseExecutor.runScript(TestCaseExecutor.java:448)
	at com.kms.katalon.core.main.TestCaseExecutor.doExecute(TestCaseExecutor.java:439)
	at com.kms.katalon.core.main.TestCaseExecutor.processExecutionPhase(TestCaseExecutor.java:418)
	at com.kms.katalon.core.main.TestCaseExecutor.accessMainPhase(TestCaseExecutor.java:410)
	at com.kms.katalon.core.main.TestCaseExecutor.execute(TestCaseExecutor.java:285)
	at com.kms.katalon.core.common.CommonExecutor.accessTestCaseMainPhase(CommonExecutor.java:65)
	at com.kms.katalon.core.main.TestSuiteExecutor.accessTestSuiteMainPhase(TestSuiteExecutor.java:151)
	at com.kms.katalon.core.main.TestSuiteExecutor.execute(TestSuiteExecutor.java:106)
	at com.kms.katalon.core.main.TestCaseMain.startTestSuite(TestCaseMain.java:185)
	at com.kms.katalon.core.main.TestCaseMain$startTestSuite$0.call(Unknown Source)
	at TempTestSuite1668509835381.run(TempTestSuite1668509835381.groovy:36)


2022-11-15 12:16:56 - [TEST_STEP][PASSED] - closeApplication(): Close app successfully

2022-11-15 12:16:59 - [MESSAGE][PASSED] - Close app successfully

2022-11-15 12:16:59 - [TEST_STEP][PASSED] - startApplication("C:\Users\Ousseynou Diop\Desktop\APK Client\app-debug.apk", true): Started app at: 'C:\Users\Ousseynou Diop\Desktop\APK Client\app-debug.apk'

2022-11-15 12:16:59 - [MESSAGE][INFO] - Detected NodeJS location: "C:\Program Files\nodejs\node.exe"

2022-11-15 12:17:01 - [MESSAGE][INFO] - Appium server started on port 56Â 550

2022-11-15 12:17:37 - [MESSAGE][PASSED] - Started app at: 'C:\Users\Ousseynou Diop\Desktop\APK Client\app-debug.apk'

2022-11-15 12:17:37 - [TEST_STEP][PASSED] - tap(findTestObject("Object Repository/11-Ajouter un colis au panier/android.widget.Button-Continuer en mode Guest"), 0): Tapped on element 'Object Repository/11-Ajouter un colis au panier/android.widget.Button-Continuer en mode Guest'

2022-11-15 12:17:38 - [MESSAGE][WARNING] - Timeout '0' is invalid. Using default page load timeout: '30'

2022-11-15 12:17:41 - [MESSAGE][PASSED] - Tapped on element 'Object Repository/11-Ajouter un colis au panier/android.widget.Button-Continuer en mode Guest'

2022-11-15 12:17:41 - [TEST_STEP][PASSED] - tap(findTestObject("Object Repository/11-Ajouter un colis au panier/android.view.View-Onglet  Livraison de colis"), 0): Tapped on element 'Object Repository/11-Ajouter un colis au panier/android.view.View-Onglet  Livraison de colis'

2022-11-15 12:17:41 - [MESSAGE][WARNING] - Timeout '0' is invalid. Using default page load timeout: '30'

2022-11-15 12:17:44 - [MESSAGE][PASSED] - Tapped on element 'Object Repository/11-Ajouter un colis au panier/android.view.View-Onglet  Livraison de colis'

2022-11-15 12:17:44 - [TEST_STEP][PASSED] - tap(findTestObject("Object Repository/11-Ajouter un colis au panier/android.widget.EditText - Adresse de collecte"), 0): Tapped on element 'Object Repository/11-Ajouter un colis au panier/android.widget.EditText - Adresse de collecte'

2022-11-15 12:17:44 - [MESSAGE][WARNING] - Timeout '0' is invalid. Using default page load timeout: '30'

2022-11-15 12:17:49 - [MESSAGE][PASSED] - Tapped on element 'Object Repository/11-Ajouter un colis au panier/android.widget.EditText - Adresse de collecte'

2022-11-15 12:17:49 - [TEST_STEP][PASSED] - tap(findTestObject("Object Repository/11-Ajouter un colis au panier/android.view.View- Ma position"), 0): Tapped on element 'Object Repository/11-Ajouter un colis au panier/android.view.View- Ma position'

2022-11-15 12:17:49 - [MESSAGE][WARNING] - Timeout '0' is invalid. Using default page load timeout: '30'

2022-11-15 12:17:53 - [MESSAGE][PASSED] - Tapped on element 'Object Repository/11-Ajouter un colis au panier/android.view.View- Ma position'

2022-11-15 12:17:53 - [TEST_STEP][PASSED] - tap(findTestObject("Object Repository/11-Ajouter un colis au panier/android.widget.EditText - Adresse de livraison"), 0): Tapped on element 'Object Repository/11-Ajouter un colis au panier/android.widget.EditText - Adresse de livraison'

2022-11-15 12:17:53 - [MESSAGE][WARNING] - Timeout '0' is invalid. Using default page load timeout: '30'

2022-11-15 12:17:55 - [MESSAGE][PASSED] - Tapped on element 'Object Repository/11-Ajouter un colis au panier/android.widget.EditText - Adresse de livraison'

2022-11-15 12:17:55 - [TEST_STEP][PASSED] - setText(findTestObject("Object Repository/11-Ajouter un colis au panier/android.widget.EditText - Adresse de livraison (1)"), "Pikine Rue 10", 0): Text 'Pikine Rue 10' has been set to element 'Object Repository/11-Ajouter un colis au panier/android.widget.EditText - Adresse de livraison (1)'

2022-11-15 12:17:55 - [MESSAGE][WARNING] - Timeout '0' is invalid. Using default page load timeout: '30'

2022-11-15 12:17:58 - [MESSAGE][PASSED] - Text 'Pikine Rue 10' has been set to element 'Object Repository/11-Ajouter un colis au panier/android.widget.EditText - Adresse de livraison (1)'

2022-11-15 12:17:58 - [TEST_STEP][FAILED] - tap(findTestObject("Object Repository/11-Ajouter un colis au panier/android.view.View- Pikine Rue 10, Dakar, Senegal"), 0): Failed to tap on element 'Object Repository/11-Ajouter un colis au panier/android.view.View- Pikine Rue 10, Dakar, Senegal' (Root cause: com.kms.katalon.core.exception.StepFailedException: Object Object Repository/11-Ajouter un colis au panier/android.view.View- Pikine Rue 10, Dakar, Senegal not found
	at com.kms.katalon.core.keyword.internal.KeywordMain.stepFailed(KeywordMain.groovy:50)
	at com.kms.katalon.core.mobile.keyword.internal.MobileKeywordMain.stepFailed(MobileKeywordMain.groovy:40)
	at com.kms.katalon.core.mobile.keyword.builtin.TapKeyword$_tap_closure1.doCall(TapKeyword.groovy:79)
	at com.kms.katalon.core.mobile.keyword.builtin.TapKeyword$_tap_closure1.call(TapKeyword.groovy)
	at com.kms.katalon.core.mobile.keyword.internal.MobileKeywordMain.runKeyword(MobileKeywordMain.groovy:21)
	at com.kms.katalon.core.mobile.keyword.builtin.TapKeyword.tap(TapKeyword.groovy:84)
	at com.kms.katalon.core.mobile.keyword.builtin.TapKeyword.execute(TapKeyword.groovy:68)
	at com.kms.katalon.core.keyword.internal.KeywordExecutor.executeKeywordForPlatform(KeywordExecutor.groovy:74)
	at com.kms.katalon.core.mobile.keyword.MobileBuiltInKeywords.tap(MobileBuiltInKeywords.groovy:1490)
	at com.kms.katalon.core.mobile.keyword.MobileBuiltInKeywords$tap$0.call(Unknown Source)
	at 24-Notation du shopper et pourboire (MSR-222).run(24-Notation du shopper et pourboire (MSR-222):41)
	at com.kms.katalon.core.main.ScriptEngine.run(ScriptEngine.java:194)
	at com.kms.katalon.core.main.ScriptEngine.runScriptAsRawText(ScriptEngine.java:119)
	at com.kms.katalon.core.main.TestCaseExecutor.runScript(TestCaseExecutor.java:448)
	at com.kms.katalon.core.main.TestCaseExecutor.doExecute(TestCaseExecutor.java:439)
	at com.kms.katalon.core.main.TestCaseExecutor.processExecutionPhase(TestCaseExecutor.java:418)
	at com.kms.katalon.core.main.TestCaseExecutor.accessMainPhase(TestCaseExecutor.java:410)
	at com.kms.katalon.core.main.TestCaseExecutor.execute(TestCaseExecutor.java:285)
	at com.kms.katalon.core.common.CommonExecutor.accessTestCaseMainPhase(CommonExecutor.java:65)
	at com.kms.katalon.core.main.TestSuiteExecutor.accessTestSuiteMainPhase(TestSuiteExecutor.java:151)
	at com.kms.katalon.core.main.TestSuiteExecutor.execute(TestSuiteExecutor.java:106)
	at com.kms.katalon.core.main.TestCaseMain.startTestSuite(TestCaseMain.java:185)
	at com.kms.katalon.core.main.TestCaseMain$startTestSuite$0.call(Unknown Source)
	at TempTestSuite1668509835381.run(TempTestSuite1668509835381.groovy:36)
)

2022-11-15 12:17:58 - [MESSAGE][WARNING] - Timeout '0' is invalid. Using default page load timeout: '30'

2022-11-15 12:18:28 - [MESSAGE][FAILED] - Object Object Repository/11-Ajouter un colis au panier/android.view.View- Pikine Rue 10, Dakar, Senegal not found

2022-11-15 12:18:35 - [MESSAGE][FAILED] - Failed to tap on element 'Object Repository/11-Ajouter un colis au panier/android.view.View- Pikine Rue 10, Dakar, Senegal' (Root cause: com.kms.katalon.core.exception.StepFailedException: Object Object Repository/11-Ajouter un colis au panier/android.view.View- Pikine Rue 10, Dakar, Senegal not found
	at com.kms.katalon.core.keyword.internal.KeywordMain.stepFailed(KeywordMain.groovy:50)
	at com.kms.katalon.core.mobile.keyword.internal.MobileKeywordMain.stepFailed(MobileKeywordMain.groovy:40)
	at com.kms.katalon.core.mobile.keyword.builtin.TapKeyword$_tap_closure1.doCall(TapKeyword.groovy:79)
	at com.kms.katalon.core.mobile.keyword.builtin.TapKeyword$_tap_closure1.call(TapKeyword.groovy)
	at com.kms.katalon.core.mobile.keyword.internal.MobileKeywordMain.runKeyword(MobileKeywordMain.groovy:21)
	at com.kms.katalon.core.mobile.keyword.builtin.TapKeyword.tap(TapKeyword.groovy:84)
	at com.kms.katalon.core.mobile.keyword.builtin.TapKeyword.execute(TapKeyword.groovy:68)
	at com.kms.katalon.core.keyword.internal.KeywordExecutor.executeKeywordForPlatform(KeywordExecutor.groovy:74)
	at com.kms.katalon.core.mobile.keyword.MobileBuiltInKeywords.tap(MobileBuiltInKeywords.groovy:1490)
	at com.kms.katalon.core.mobile.keyword.MobileBuiltInKeywords$tap$0.call(Unknown Source)
	at 24-Notation du shopper et pourboire (MSR-222).run(24-Notation du shopper et pourboire (MSR-222):41)
	at com.kms.katalon.core.main.ScriptEngine.run(ScriptEngine.java:194)
	at com.kms.katalon.core.main.ScriptEngine.runScriptAsRawText(ScriptEngine.java:119)
	at com.kms.katalon.core.main.TestCaseExecutor.runScript(TestCaseExecutor.java:448)
	at com.kms.katalon.core.main.TestCaseExecutor.doExecute(TestCaseExecutor.java:439)
	at com.kms.katalon.core.main.TestCaseExecutor.processExecutionPhase(TestCaseExecutor.java:418)
	at com.kms.katalon.core.main.TestCaseExecutor.accessMainPhase(TestCaseExecutor.java:410)
	at com.kms.katalon.core.main.TestCaseExecutor.execute(TestCaseExecutor.java:285)
	at com.kms.katalon.core.common.CommonExecutor.accessTestCaseMainPhase(CommonExecutor.java:65)
	at com.kms.katalon.core.main.TestSuiteExecutor.accessTestSuiteMainPhase(TestSuiteExecutor.java:151)
	at com.kms.katalon.core.main.TestSuiteExecutor.execute(TestSuiteExecutor.java:106)
	at com.kms.katalon.core.main.TestCaseMain.startTestSuite(TestCaseMain.java:185)
	at com.kms.katalon.core.main.TestCaseMain$startTestSuite$0.call(Unknown Source)
	at TempTestSuite1668509835381.run(TempTestSuite1668509835381.groovy:36)
)
[[ATTACHMENT|C:\\Users\\Ousseynou Diop\\git\\Mon-Shopper-Automatisation-Application-Client\\Reports\\20221115_115715\\Cas de test passant app client\\20221115_115715\\1668511108971.png]]]]></system-out>
         <system-err><![CDATA[2022-11-15 12:16:55 - [TEST_CASE][FAILED] - Test Cases/Cas de test passant/24-Notation du shopper et pourboire (MSR-222): Test Cases/Cas de test passant/24-Notation du shopper et pourboire (MSR-222) FAILED.
Reason:
com.kms.katalon.core.exception.StepFailedException: Object Object Repository/11-Ajouter un colis au panier/android.view.View- Pikine Rue 10, Dakar, Senegal not found
	at com.kms.katalon.core.keyword.internal.KeywordMain.stepFailed(KeywordMain.groovy:50)
	at com.kms.katalon.core.mobile.keyword.internal.MobileKeywordMain.stepFailed(MobileKeywordMain.groovy:40)
	at com.kms.katalon.core.mobile.keyword.builtin.TapKeyword$_tap_closure1.doCall(TapKeyword.groovy:79)
	at com.kms.katalon.core.mobile.keyword.builtin.TapKeyword$_tap_closure1.call(TapKeyword.groovy)
	at com.kms.katalon.core.mobile.keyword.internal.MobileKeywordMain.runKeyword(MobileKeywordMain.groovy:21)
	at com.kms.katalon.core.mobile.keyword.builtin.TapKeyword.tap(TapKeyword.groovy:84)
	at com.kms.katalon.core.mobile.keyword.builtin.TapKeyword.execute(TapKeyword.groovy:68)
	at com.kms.katalon.core.keyword.internal.KeywordExecutor.executeKeywordForPlatform(KeywordExecutor.groovy:74)
	at com.kms.katalon.core.mobile.keyword.MobileBuiltInKeywords.tap(MobileBuiltInKeywords.groovy:1490)
	at com.kms.katalon.core.mobile.keyword.MobileBuiltInKeywords$tap$0.call(Unknown Source)
	at 24-Notation du shopper et pourboire (MSR-222).run(24-Notation du shopper et pourboire (MSR-222):41)
	at com.kms.katalon.core.main.ScriptEngine.run(ScriptEngine.java:194)
	at com.kms.katalon.core.main.ScriptEngine.runScriptAsRawText(ScriptEngine.java:119)
	at com.kms.katalon.core.main.TestCaseExecutor.runScript(TestCaseExecutor.java:448)
	at com.kms.katalon.core.main.TestCaseExecutor.doExecute(TestCaseExecutor.java:439)
	at com.kms.katalon.core.main.TestCaseExecutor.processExecutionPhase(TestCaseExecutor.java:418)
	at com.kms.katalon.core.main.TestCaseExecutor.accessMainPhase(TestCaseExecutor.java:410)
	at com.kms.katalon.core.main.TestCaseExecutor.execute(TestCaseExecutor.java:285)
	at com.kms.katalon.core.common.CommonExecutor.accessTestCaseMainPhase(CommonExecutor.java:65)
	at com.kms.katalon.core.main.TestSuiteExecutor.accessTestSuiteMainPhase(TestSuiteExecutor.java:151)
	at com.kms.katalon.core.main.TestSuiteExecutor.execute(TestSuiteExecutor.java:106)
	at com.kms.katalon.core.main.TestCaseMain.startTestSuite(TestCaseMain.java:185)
	at com.kms.katalon.core.main.TestCaseMain$startTestSuite$0.call(Unknown Source)
	at TempTestSuite1668509835381.run(TempTestSuite1668509835381.groovy:36)]]></system-err>
      </testcase>
      <testcase name="Test Cases/Cas de test passant/02-Se connecter avec ses identifiants (MSR-2)" time="103.92" classname="Test Cases/Cas de test passant/02-Se connecter avec ses identifiants (MSR-2)" status="FAILED">
         <failure type="FAILED" message="Test Cases/Cas de test passant/02-Se connecter avec ses identifiants (MSR-2) FAILED.
Reason:
com.kms.katalon.core.exception.StepFailedException: Element 'Object Repository/02- Se connecter avec ses identifiants/android.view.View - Livraison de colis onglet' not found
	at com.kms.katalon.core.keyword.internal.KeywordMain.stepFailed(KeywordMain.groovy:50)
	at com.kms.katalon.core.mobile.keyword.internal.MobileKeywordMain.stepFailed(MobileKeywordMain.groovy:40)
	at com.kms.katalon.core.mobile.keyword.builtin.VerifyElementVisibleKeyword$_verifyElementVisible_closure1.doCall(VerifyElementVisibleKeyword.groovy:82)
	at com.kms.katalon.core.mobile.keyword.builtin.VerifyElementVisibleKeyword$_verifyElementVisible_closure1.call(VerifyElementVisibleKeyword.groovy)
	at com.kms.katalon.core.mobile.keyword.internal.MobileKeywordMain.runKeyword(MobileKeywordMain.groovy:21)
	at com.kms.katalon.core.mobile.keyword.builtin.VerifyElementVisibleKeyword.verifyElementVisible(VerifyElementVisibleKeyword.groovy:85)
	at com.kms.katalon.core.mobile.keyword.builtin.VerifyElementVisibleKeyword.execute(VerifyElementVisibleKeyword.groovy:64)
	at com.kms.katalon.core.keyword.internal.KeywordExecutor.executeKeywordForPlatform(KeywordExecutor.groovy:74)
	at com.kms.katalon.core.mobile.keyword.MobileBuiltInKeywords.verifyElementVisible(MobileBuiltInKeywords.groovy:2031)
	at com.kms.katalon.core.mobile.keyword.MobileBuiltInKeywords$verifyElementVisible$6.call(Unknown Source)
	at 02-Se connecter avec ses identifiants (MSR-2).run(02-Se connecter avec ses identifiants (MSR-2):37)
	at com.kms.katalon.core.main.ScriptEngine.run(ScriptEngine.java:194)
	at com.kms.katalon.core.main.ScriptEngine.runScriptAsRawText(ScriptEngine.java:119)
	at com.kms.katalon.core.main.TestCaseExecutor.runScript(TestCaseExecutor.java:448)
	at com.kms.katalon.core.main.TestCaseExecutor.doExecute(TestCaseExecutor.java:439)
	at com.kms.katalon.core.main.TestCaseExecutor.processExecutionPhase(TestCaseExecutor.java:418)
	at com.kms.katalon.core.main.TestCaseExecutor.accessMainPhase(TestCaseExecutor.java:410)
	at com.kms.katalon.core.main.TestCaseExecutor.execute(TestCaseExecutor.java:285)
	at com.kms.katalon.core.common.CommonExecutor.accessTestCaseMainPhase(CommonExecutor.java:65)
	at com.kms.katalon.core.main.TestSuiteExecutor.accessTestSuiteMainPhase(TestSuiteExecutor.java:151)
	at com.kms.katalon.core.main.TestSuiteExecutor.execute(TestSuiteExecutor.java:106)
	at com.kms.katalon.core.main.TestCaseMain.startTestSuite(TestCaseMain.java:185)
	at com.kms.katalon.core.main.TestCaseMain$startTestSuite$0.call(Unknown Source)
	at TempTestSuite1668509835381.run(TempTestSuite1668509835381.groovy:36)
"/>
         <system-out><![CDATA[2022-11-15 12:18:35 - [TEST_CASE][FAILED] - Test Cases/Cas de test passant/02-Se connecter avec ses identifiants (MSR-2): Test Cases/Cas de test passant/02-Se connecter avec ses identifiants (MSR-2) FAILED.
Reason:
com.kms.katalon.core.exception.StepFailedException: Element 'Object Repository/02- Se connecter avec ses identifiants/android.view.View - Livraison de colis onglet' not found
	at com.kms.katalon.core.keyword.internal.KeywordMain.stepFailed(KeywordMain.groovy:50)
	at com.kms.katalon.core.mobile.keyword.internal.MobileKeywordMain.stepFailed(MobileKeywordMain.groovy:40)
	at com.kms.katalon.core.mobile.keyword.builtin.VerifyElementVisibleKeyword$_verifyElementVisible_closure1.doCall(VerifyElementVisibleKeyword.groovy:82)
	at com.kms.katalon.core.mobile.keyword.builtin.VerifyElementVisibleKeyword$_verifyElementVisible_closure1.call(VerifyElementVisibleKeyword.groovy)
	at com.kms.katalon.core.mobile.keyword.internal.MobileKeywordMain.runKeyword(MobileKeywordMain.groovy:21)
	at com.kms.katalon.core.mobile.keyword.builtin.VerifyElementVisibleKeyword.verifyElementVisible(VerifyElementVisibleKeyword.groovy:85)
	at com.kms.katalon.core.mobile.keyword.builtin.VerifyElementVisibleKeyword.execute(VerifyElementVisibleKeyword.groovy:64)
	at com.kms.katalon.core.keyword.internal.KeywordExecutor.executeKeywordForPlatform(KeywordExecutor.groovy:74)
	at com.kms.katalon.core.mobile.keyword.MobileBuiltInKeywords.verifyElementVisible(MobileBuiltInKeywords.groovy:2031)
	at com.kms.katalon.core.mobile.keyword.MobileBuiltInKeywords$verifyElementVisible$6.call(Unknown Source)
	at 02-Se connecter avec ses identifiants (MSR-2).run(02-Se connecter avec ses identifiants (MSR-2):37)
	at com.kms.katalon.core.main.ScriptEngine.run(ScriptEngine.java:194)
	at com.kms.katalon.core.main.ScriptEngine.runScriptAsRawText(ScriptEngine.java:119)
	at com.kms.katalon.core.main.TestCaseExecutor.runScript(TestCaseExecutor.java:448)
	at com.kms.katalon.core.main.TestCaseExecutor.doExecute(TestCaseExecutor.java:439)
	at com.kms.katalon.core.main.TestCaseExecutor.processExecutionPhase(TestCaseExecutor.java:418)
	at com.kms.katalon.core.main.TestCaseExecutor.accessMainPhase(TestCaseExecutor.java:410)
	at com.kms.katalon.core.main.TestCaseExecutor.execute(TestCaseExecutor.java:285)
	at com.kms.katalon.core.common.CommonExecutor.accessTestCaseMainPhase(CommonExecutor.java:65)
	at com.kms.katalon.core.main.TestSuiteExecutor.accessTestSuiteMainPhase(TestSuiteExecutor.java:151)
	at com.kms.katalon.core.main.TestSuiteExecutor.execute(TestSuiteExecutor.java:106)
	at com.kms.katalon.core.main.TestCaseMain.startTestSuite(TestCaseMain.java:185)
	at com.kms.katalon.core.main.TestCaseMain$startTestSuite$0.call(Unknown Source)
	at TempTestSuite1668509835381.run(TempTestSuite1668509835381.groovy:36)


2022-11-15 12:18:36 - [TEST_STEP][PASSED] - startApplication("C:\Users\Ousseynou Diop\Desktop\APK Client\app-debug.apk", true): Started app at: 'C:\Users\Ousseynou Diop\Desktop\APK Client\app-debug.apk'

2022-11-15 12:19:25 - [MESSAGE][PASSED] - Started app at: 'C:\Users\Ousseynou Diop\Desktop\APK Client\app-debug.apk'

2022-11-15 12:19:25 - [TEST_STEP][PASSED] - tap(findTestObject("Object Repository/02- Se connecter avec ses identifiants/Se connecter.android.widget.Button"), 0): Tapped on element 'Object Repository/02- Se connecter avec ses identifiants/Se connecter.android.widget.Button'

2022-11-15 12:19:25 - [MESSAGE][WARNING] - Timeout '0' is invalid. Using default page load timeout: '30'

2022-11-15 12:19:29 - [MESSAGE][PASSED] - Tapped on element 'Object Repository/02- Se connecter avec ses identifiants/Se connecter.android.widget.Button'

2022-11-15 12:19:29 - [TEST_STEP][PASSED] - setText(findTestObject("Object Repository/02- Se connecter avec ses identifiants/username.android.widget.EditText"), "pacorabanne@yopmail.com", 0): Text 'pacorabanne@yopmail.com' has been set to element 'Object Repository/02- Se connecter avec ses identifiants/username.android.widget.EditText'

2022-11-15 12:19:29 - [MESSAGE][WARNING] - Timeout '0' is invalid. Using default page load timeout: '30'

2022-11-15 12:19:38 - [MESSAGE][PASSED] - Text 'pacorabanne@yopmail.com' has been set to element 'Object Repository/02- Se connecter avec ses identifiants/username.android.widget.EditText'

2022-11-15 12:19:38 - [TEST_STEP][PASSED] - setText(findTestObject("Object Repository/02- Se connecter avec ses identifiants/Password.android.widget.EditText"), "Passer123", 0): Text 'Passer123' has been set to element 'Object Repository/02- Se connecter avec ses identifiants/Password.android.widget.EditText'

2022-11-15 12:19:38 - [MESSAGE][WARNING] - Timeout '0' is invalid. Using default page load timeout: '30'

2022-11-15 12:19:39 - [MESSAGE][PASSED] - Text 'Passer123' has been set to element 'Object Repository/02- Se connecter avec ses identifiants/Password.android.widget.EditText'

2022-11-15 12:19:39 - [TEST_STEP][PASSED] - tap(findTestObject("Object Repository/02- Se connecter avec ses identifiants/android.widget.CheckBox - Se souvenir de moi"), 0): Tapped on element 'Object Repository/02- Se connecter avec ses identifiants/android.widget.CheckBox - Se souvenir de moi'

2022-11-15 12:19:39 - [MESSAGE][WARNING] - Timeout '0' is invalid. Using default page load timeout: '30'

2022-11-15 12:19:41 - [MESSAGE][PASSED] - Tapped on element 'Object Repository/02- Se connecter avec ses identifiants/android.widget.CheckBox - Se souvenir de moi'

2022-11-15 12:19:41 - [TEST_STEP][PASSED] - tap(findTestObject("Object Repository/02- Se connecter avec ses identifiants/android.widget.Button - Connexion"), 0): Tapped on element 'Object Repository/02- Se connecter avec ses identifiants/android.widget.Button - Connexion'

2022-11-15 12:19:41 - [MESSAGE][WARNING] - Timeout '0' is invalid. Using default page load timeout: '30'

2022-11-15 12:19:43 - [MESSAGE][PASSED] - Tapped on element 'Object Repository/02- Se connecter avec ses identifiants/android.widget.Button - Connexion'

2022-11-15 12:19:43 - [TEST_STEP][FAILED] - verifyElementVisible(findTestObject("02- Se connecter avec ses identifiants/android.view.View - Livraison de colis onglet"), 0): Failed to check for element 'Object Repository/02- Se connecter avec ses identifiants/android.view.View - Livraison de colis onglet' visible (Root cause: com.kms.katalon.core.exception.StepFailedException: Element 'Object Repository/02- Se connecter avec ses identifiants/android.view.View - Livraison de colis onglet' not found
	at com.kms.katalon.core.keyword.internal.KeywordMain.stepFailed(KeywordMain.groovy:50)
	at com.kms.katalon.core.mobile.keyword.internal.MobileKeywordMain.stepFailed(MobileKeywordMain.groovy:40)
	at com.kms.katalon.core.mobile.keyword.builtin.VerifyElementVisibleKeyword$_verifyElementVisible_closure1.doCall(VerifyElementVisibleKeyword.groovy:82)
	at com.kms.katalon.core.mobile.keyword.builtin.VerifyElementVisibleKeyword$_verifyElementVisible_closure1.call(VerifyElementVisibleKeyword.groovy)
	at com.kms.katalon.core.mobile.keyword.internal.MobileKeywordMain.runKeyword(MobileKeywordMain.groovy:21)
	at com.kms.katalon.core.mobile.keyword.builtin.VerifyElementVisibleKeyword.verifyElementVisible(VerifyElementVisibleKeyword.groovy:85)
	at com.kms.katalon.core.mobile.keyword.builtin.VerifyElementVisibleKeyword.execute(VerifyElementVisibleKeyword.groovy:64)
	at com.kms.katalon.core.keyword.internal.KeywordExecutor.executeKeywordForPlatform(KeywordExecutor.groovy:74)
	at com.kms.katalon.core.mobile.keyword.MobileBuiltInKeywords.verifyElementVisible(MobileBuiltInKeywords.groovy:2031)
	at com.kms.katalon.core.mobile.keyword.MobileBuiltInKeywords$verifyElementVisible$6.call(Unknown Source)
	at 02-Se connecter avec ses identifiants (MSR-2).run(02-Se connecter avec ses identifiants (MSR-2):37)
	at com.kms.katalon.core.main.ScriptEngine.run(ScriptEngine.java:194)
	at com.kms.katalon.core.main.ScriptEngine.runScriptAsRawText(ScriptEngine.java:119)
	at com.kms.katalon.core.main.TestCaseExecutor.runScript(TestCaseExecutor.java:448)
	at com.kms.katalon.core.main.TestCaseExecutor.doExecute(TestCaseExecutor.java:439)
	at com.kms.katalon.core.main.TestCaseExecutor.processExecutionPhase(TestCaseExecutor.java:418)
	at com.kms.katalon.core.main.TestCaseExecutor.accessMainPhase(TestCaseExecutor.java:410)
	at com.kms.katalon.core.main.TestCaseExecutor.execute(TestCaseExecutor.java:285)
	at com.kms.katalon.core.common.CommonExecutor.accessTestCaseMainPhase(CommonExecutor.java:65)
	at com.kms.katalon.core.main.TestSuiteExecutor.accessTestSuiteMainPhase(TestSuiteExecutor.java:151)
	at com.kms.katalon.core.main.TestSuiteExecutor.execute(TestSuiteExecutor.java:106)
	at com.kms.katalon.core.main.TestCaseMain.startTestSuite(TestCaseMain.java:185)
	at com.kms.katalon.core.main.TestCaseMain$startTestSuite$0.call(Unknown Source)
	at TempTestSuite1668509835381.run(TempTestSuite1668509835381.groovy:36)
)

2022-11-15 12:19:43 - [MESSAGE][WARNING] - Timeout '0' is invalid. Using default page load timeout: '30'

2022-11-15 12:20:13 - [MESSAGE][FAILED] - Element 'Object Repository/02- Se connecter avec ses identifiants/android.view.View - Livraison de colis onglet' not found

2022-11-15 12:20:19 - [MESSAGE][FAILED] - Failed to check for element 'Object Repository/02- Se connecter avec ses identifiants/android.view.View - Livraison de colis onglet' visible (Root cause: com.kms.katalon.core.exception.StepFailedException: Element 'Object Repository/02- Se connecter avec ses identifiants/android.view.View - Livraison de colis onglet' not found
	at com.kms.katalon.core.keyword.internal.KeywordMain.stepFailed(KeywordMain.groovy:50)
	at com.kms.katalon.core.mobile.keyword.internal.MobileKeywordMain.stepFailed(MobileKeywordMain.groovy:40)
	at com.kms.katalon.core.mobile.keyword.builtin.VerifyElementVisibleKeyword$_verifyElementVisible_closure1.doCall(VerifyElementVisibleKeyword.groovy:82)
	at com.kms.katalon.core.mobile.keyword.builtin.VerifyElementVisibleKeyword$_verifyElementVisible_closure1.call(VerifyElementVisibleKeyword.groovy)
	at com.kms.katalon.core.mobile.keyword.internal.MobileKeywordMain.runKeyword(MobileKeywordMain.groovy:21)
	at com.kms.katalon.core.mobile.keyword.builtin.VerifyElementVisibleKeyword.verifyElementVisible(VerifyElementVisibleKeyword.groovy:85)
	at com.kms.katalon.core.mobile.keyword.builtin.VerifyElementVisibleKeyword.execute(VerifyElementVisibleKeyword.groovy:64)
	at com.kms.katalon.core.keyword.internal.KeywordExecutor.executeKeywordForPlatform(KeywordExecutor.groovy:74)
	at com.kms.katalon.core.mobile.keyword.MobileBuiltInKeywords.verifyElementVisible(MobileBuiltInKeywords.groovy:2031)
	at com.kms.katalon.core.mobile.keyword.MobileBuiltInKeywords$verifyElementVisible$6.call(Unknown Source)
	at 02-Se connecter avec ses identifiants (MSR-2).run(02-Se connecter avec ses identifiants (MSR-2):37)
	at com.kms.katalon.core.main.ScriptEngine.run(ScriptEngine.java:194)
	at com.kms.katalon.core.main.ScriptEngine.runScriptAsRawText(ScriptEngine.java:119)
	at com.kms.katalon.core.main.TestCaseExecutor.runScript(TestCaseExecutor.java:448)
	at com.kms.katalon.core.main.TestCaseExecutor.doExecute(TestCaseExecutor.java:439)
	at com.kms.katalon.core.main.TestCaseExecutor.processExecutionPhase(TestCaseExecutor.java:418)
	at com.kms.katalon.core.main.TestCaseExecutor.accessMainPhase(TestCaseExecutor.java:410)
	at com.kms.katalon.core.main.TestCaseExecutor.execute(TestCaseExecutor.java:285)
	at com.kms.katalon.core.common.CommonExecutor.accessTestCaseMainPhase(CommonExecutor.java:65)
	at com.kms.katalon.core.main.TestSuiteExecutor.accessTestSuiteMainPhase(TestSuiteExecutor.java:151)
	at com.kms.katalon.core.main.TestSuiteExecutor.execute(TestSuiteExecutor.java:106)
	at com.kms.katalon.core.main.TestCaseMain.startTestSuite(TestCaseMain.java:185)
	at com.kms.katalon.core.main.TestCaseMain$startTestSuite$0.call(Unknown Source)
	at TempTestSuite1668509835381.run(TempTestSuite1668509835381.groovy:36)
)
[[ATTACHMENT|C:\\Users\\Ousseynou Diop\\git\\Mon-Shopper-Automatisation-Application-Client\\Reports\\20221115_115715\\Cas de test passant app client\\20221115_115715\\1668511213443.png]]]]></system-out>
         <system-err><![CDATA[2022-11-15 12:18:35 - [TEST_CASE][FAILED] - Test Cases/Cas de test passant/02-Se connecter avec ses identifiants (MSR-2): Test Cases/Cas de test passant/02-Se connecter avec ses identifiants (MSR-2) FAILED.
Reason:
com.kms.katalon.core.exception.StepFailedException: Element 'Object Repository/02- Se connecter avec ses identifiants/android.view.View - Livraison de colis onglet' not found
	at com.kms.katalon.core.keyword.internal.KeywordMain.stepFailed(KeywordMain.groovy:50)
	at com.kms.katalon.core.mobile.keyword.internal.MobileKeywordMain.stepFailed(MobileKeywordMain.groovy:40)
	at com.kms.katalon.core.mobile.keyword.builtin.VerifyElementVisibleKeyword$_verifyElementVisible_closure1.doCall(VerifyElementVisibleKeyword.groovy:82)
	at com.kms.katalon.core.mobile.keyword.builtin.VerifyElementVisibleKeyword$_verifyElementVisible_closure1.call(VerifyElementVisibleKeyword.groovy)
	at com.kms.katalon.core.mobile.keyword.internal.MobileKeywordMain.runKeyword(MobileKeywordMain.groovy:21)
	at com.kms.katalon.core.mobile.keyword.builtin.VerifyElementVisibleKeyword.verifyElementVisible(VerifyElementVisibleKeyword.groovy:85)
	at com.kms.katalon.core.mobile.keyword.builtin.VerifyElementVisibleKeyword.execute(VerifyElementVisibleKeyword.groovy:64)
	at com.kms.katalon.core.keyword.internal.KeywordExecutor.executeKeywordForPlatform(KeywordExecutor.groovy:74)
	at com.kms.katalon.core.mobile.keyword.MobileBuiltInKeywords.verifyElementVisible(MobileBuiltInKeywords.groovy:2031)
	at com.kms.katalon.core.mobile.keyword.MobileBuiltInKeywords$verifyElementVisible$6.call(Unknown Source)
	at 02-Se connecter avec ses identifiants (MSR-2).run(02-Se connecter avec ses identifiants (MSR-2):37)
	at com.kms.katalon.core.main.ScriptEngine.run(ScriptEngine.java:194)
	at com.kms.katalon.core.main.ScriptEngine.runScriptAsRawText(ScriptEngine.java:119)
	at com.kms.katalon.core.main.TestCaseExecutor.runScript(TestCaseExecutor.java:448)
	at com.kms.katalon.core.main.TestCaseExecutor.doExecute(TestCaseExecutor.java:439)
	at com.kms.katalon.core.main.TestCaseExecutor.processExecutionPhase(TestCaseExecutor.java:418)
	at com.kms.katalon.core.main.TestCaseExecutor.accessMainPhase(TestCaseExecutor.java:410)
	at com.kms.katalon.core.main.TestCaseExecutor.execute(TestCaseExecutor.java:285)
	at com.kms.katalon.core.common.CommonExecutor.accessTestCaseMainPhase(CommonExecutor.java:65)
	at com.kms.katalon.core.main.TestSuiteExecutor.accessTestSuiteMainPhase(TestSuiteExecutor.java:151)
	at com.kms.katalon.core.main.TestSuiteExecutor.execute(TestSuiteExecutor.java:106)
	at com.kms.katalon.core.main.TestCaseMain.startTestSuite(TestCaseMain.java:185)
	at com.kms.katalon.core.main.TestCaseMain$startTestSuite$0.call(Unknown Source)
	at TempTestSuite1668509835381.run(TempTestSuite1668509835381.groovy:36)]]></system-err>
      </testcase>
      <system-out><![CDATA[2022-11-15 11:57:17 - [TEST_SUITE][FAILED] - Cas de test passant app client: Test Cases/Cas de test passant/03-Se connecter avec un compte google (MSR-2) FAILED.
Reason:
com.kms.katalon.core.exception.StepFailedException: Element 'Object Repository/03- Se connecter avec un compte google/android.widget.TextView - Erreur 403 disallowed_useragent' is visible
	at com.kms.katalon.core.keyword.internal.KeywordMain.stepFailed(KeywordMain.groovy:50)
	at com.kms.katalon.core.mobile.keyword.internal.MobileKeywordMain.stepFailed(MobileKeywordMain.groovy:40)
	at com.kms.katalon.core.mobile.keyword.builtin.VerifyElementNotVisibleKeyword$_verifyElementNotVisible_closure1.doCall(VerifyElementNotVisibleKeyword.groovy:75)
	at com.kms.katalon.core.mobile.keyword.builtin.VerifyElementNotVisibleKeyword$_verifyElementNotVisible_closure1.call(VerifyElementNotVisibleKeyword.groovy)
	at com.kms.katalon.core.mobile.keyword.internal.MobileKeywordMain.runKeyword(MobileKeywordMain.groovy:21)
	at com.kms.katalon.core.mobile.keyword.builtin.VerifyElementNotVisibleKeyword.verifyElementNotVisible(VerifyElementNotVisibleKeyword.groovy:85)
	at com.kms.katalon.core.mobile.keyword.builtin.VerifyElementNotVisibleKeyword.execute(VerifyElementNotVisibleKeyword.groovy:64)
	at com.kms.katalon.core.keyword.internal.KeywordExecutor.executeKeywordForPlatform(KeywordExecutor.groovy:74)
	at com.kms.katalon.core.mobile.keyword.MobileBuiltInKeywords.verifyElementNotVisible(MobileBuiltInKeywords.groovy:2064)
	at com.kms.katalon.core.mobile.keyword.MobileBuiltInKeywords$verifyElementNotVisible$5.call(Unknown Source)
	at 03-Se connecter avec un compte google (MSR-2).run(03-Se connecter avec un compte google (MSR-2):28)
	at com.kms.katalon.core.main.ScriptEngine.run(ScriptEngine.java:194)
	at com.kms.katalon.core.main.ScriptEngine.runScriptAsRawText(ScriptEngine.java:119)
	at com.kms.katalon.core.main.TestCaseExecutor.runScript(TestCaseExecutor.java:448)
	at com.kms.katalon.core.main.TestCaseExecutor.doExecute(TestCaseExecutor.java:439)
	at com.kms.katalon.core.main.TestCaseExecutor.processExecutionPhase(TestCaseExecutor.java:418)
	at com.kms.katalon.core.main.TestCaseExecutor.accessMainPhase(TestCaseExecutor.java:410)
	at com.kms.katalon.core.main.TestCaseExecutor.execute(TestCaseExecutor.java:285)
	at com.kms.katalon.core.common.CommonExecutor.accessTestCaseMainPhase(CommonExecutor.java:65)
	at com.kms.katalon.core.main.TestSuiteExecutor.accessTestSuiteMainPhase(TestSuiteExecutor.java:151)
	at com.kms.katalon.core.main.TestSuiteExecutor.execute(TestSuiteExecutor.java:106)
	at com.kms.katalon.core.main.TestCaseMain.startTestSuite(TestCaseMain.java:185)
	at com.kms.katalon.core.main.TestCaseMain$startTestSuite$0.call(Unknown Source)
	at TempTestSuite1668509835381.run(TempTestSuite1668509835381.groovy:36)]]></system-out>
      <system-err><![CDATA[2022-11-15 11:57:17 - [TEST_SUITE][FAILED] - Cas de test passant app client: Test Cases/Cas de test passant/03-Se connecter avec un compte google (MSR-2) FAILED.
Reason:
com.kms.katalon.core.exception.StepFailedException: Element 'Object Repository/03- Se connecter avec un compte google/android.widget.TextView - Erreur 403 disallowed_useragent' is visible
	at com.kms.katalon.core.keyword.internal.KeywordMain.stepFailed(KeywordMain.groovy:50)
	at com.kms.katalon.core.mobile.keyword.internal.MobileKeywordMain.stepFailed(MobileKeywordMain.groovy:40)
	at com.kms.katalon.core.mobile.keyword.builtin.VerifyElementNotVisibleKeyword$_verifyElementNotVisible_closure1.doCall(VerifyElementNotVisibleKeyword.groovy:75)
	at com.kms.katalon.core.mobile.keyword.builtin.VerifyElementNotVisibleKeyword$_verifyElementNotVisible_closure1.call(VerifyElementNotVisibleKeyword.groovy)
	at com.kms.katalon.core.mobile.keyword.internal.MobileKeywordMain.runKeyword(MobileKeywordMain.groovy:21)
	at com.kms.katalon.core.mobile.keyword.builtin.VerifyElementNotVisibleKeyword.verifyElementNotVisible(VerifyElementNotVisibleKeyword.groovy:85)
	at com.kms.katalon.core.mobile.keyword.builtin.VerifyElementNotVisibleKeyword.execute(VerifyElementNotVisibleKeyword.groovy:64)
	at com.kms.katalon.core.keyword.internal.KeywordExecutor.executeKeywordForPlatform(KeywordExecutor.groovy:74)
	at com.kms.katalon.core.mobile.keyword.MobileBuiltInKeywords.verifyElementNotVisible(MobileBuiltInKeywords.groovy:2064)
	at com.kms.katalon.core.mobile.keyword.MobileBuiltInKeywords$verifyElementNotVisible$5.call(Unknown Source)
	at 03-Se connecter avec un compte google (MSR-2).run(03-Se connecter avec un compte google (MSR-2):28)
	at com.kms.katalon.core.main.ScriptEngine.run(ScriptEngine.java:194)
	at com.kms.katalon.core.main.ScriptEngine.runScriptAsRawText(ScriptEngine.java:119)
	at com.kms.katalon.core.main.TestCaseExecutor.runScript(TestCaseExecutor.java:448)
	at com.kms.katalon.core.main.TestCaseExecutor.doExecute(TestCaseExecutor.java:439)
	at com.kms.katalon.core.main.TestCaseExecutor.processExecutionPhase(TestCaseExecutor.java:418)
	at com.kms.katalon.core.main.TestCaseExecutor.accessMainPhase(TestCaseExecutor.java:410)
	at com.kms.katalon.core.main.TestCaseExecutor.execute(TestCaseExecutor.java:285)
	at com.kms.katalon.core.common.CommonExecutor.accessTestCaseMainPhase(CommonExecutor.java:65)
	at com.kms.katalon.core.main.TestSuiteExecutor.accessTestSuiteMainPhase(TestSuiteExecutor.java:151)
	at com.kms.katalon.core.main.TestSuiteExecutor.execute(TestSuiteExecutor.java:106)
	at com.kms.katalon.core.main.TestCaseMain.startTestSuite(TestCaseMain.java:185)
	at com.kms.katalon.core.main.TestCaseMain$startTestSuite$0.call(Unknown Source)
	at TempTestSuite1668509835381.run(TempTestSuite1668509835381.groovy:36)]]></system-err>
   </testsuite>
</testsuites>
