<?xml version="1.0" encoding="UTF-8"?>
<testsuites name="Cas de test passant app client" time="1389.486" tests="17" failures="3" errors="0">
   <testsuite name="Cas de test passant app client" tests="17" failures="3" errors="0" time="1389.486" skipped="0" timestamp="2022-11-22 13:19:12" hostname="Ousseynou Diop - DESKTOP-QOR6BOM.home" id="Test Suites/Cas de test passant app client">
      <properties>
         <property name="deviceName" value="samsung SM-A022F (Android 11)"/>
         <property name="devicePlatform" value=""/>
         <property name="logFolder" value="C:\\Users\\Ousseynou Diop\\git\\Mon-Shopper-Automatisation-Application-Client\\Reports\\20221122_131910\\Cas de test passant app client\\20221122_131910"/>
         <property name="logFiles" value="C:\\Users\\Ousseynou Diop\\git\\Mon-Shopper-Automatisation-Application-Client\\Reports\\20221122_131910\\Cas de test passant app client\\20221122_131910\\appium.log, C:\\Users\\Ousseynou Diop\\git\\Mon-Shopper-Automatisation-Application-Client\\Reports\\20221122_131910\\Cas de test passant app client\\20221122_131910\\execution0.log"/>
         <property name="attachments" value="C:\\Users\\Ousseynou Diop\\git\\Mon-Shopper-Automatisation-Application-Client\\Reports\\20221122_131910\\Cas de test passant app client\\20221122_131910\\1669119673694.png, C:\\Users\\Ousseynou Diop\\git\\Mon-Shopper-Automatisation-Application-Client\\Reports\\20221122_131910\\Cas de test passant app client\\20221122_131910\\1669119793781.png, C:\\Users\\Ousseynou Diop\\git\\Mon-Shopper-Automatisation-Application-Client\\Reports\\20221122_131910\\Cas de test passant app client\\20221122_131910\\1669120293271.png"/>
         <property name="hostName" value="Ousseynou Diop - DESKTOP-QOR6BOM.home"/>
         <property name="os" value="Windows 10 64bit"/>
         <property name="appiumServerStatus" value="{&quot;value&quot;:{&quot;build&quot;:{&quot;version&quot;:&quot;1.22.3&quot;}},&quot;sessionId&quot;:null,&quot;status&quot;:0}"/>
         <property name="katalonVersion" value="8.5.2.208"/>
         <property name="deviceOS" value="Android"/>
         <property name="appiumVersion" value="1.22.3"/>
         <property name="deviceModel" value="SM-A022F"/>
         <property name="hostAddress" value="192.168.1.5"/>
         <property name="deviceManufacturer" value="samsung"/>
         <property name="deviceId" value="RZ8R71P5YRT"/>
         <property name="deviceName" value="samsung SM-A022F (Android 11)"/>
         <property name="deviceOSVersion" value="11"/>
      </properties>
      <testcase name="Test Cases/Cas de test passant/01-Inscription (MSR-5)" time="69.682" classname="Test Cases/Cas de test passant/01-Inscription (MSR-5)" status="PASSED">
         <system-out><![CDATA[2022-11-22 13:19:12 - [TEST_CASE][PASSED] - Test Cases/Cas de test passant/01-Inscription (MSR-5): Test Cases/Cas de test passant/01-Inscription (MSR-5)

2022-11-22 13:19:13 - [TEST_STEP][PASSED] - startApplication("C:\Users\Ousseynou Diop\Desktop\APK Client\app-debug.apk", true): Started app at: 'C:\Users\Ousseynou Diop\Desktop\APK Client\app-debug.apk'

2022-11-22 13:19:13 - [MESSAGE][INFO] - Detected NodeJS location: "C:\Program Files\nodejs\node.exe"

2022-11-22 13:19:14 - [MESSAGE][INFO] - Appium server started on port 62Â 068

2022-11-22 13:19:59 - [MESSAGE][PASSED] - Started app at: 'C:\Users\Ousseynou Diop\Desktop\APK Client\app-debug.apk'

2022-11-22 13:19:59 - [TEST_STEP][PASSED] - tap(findTestObject("Object Repository/01-Inscription/Se connecter.android.widget.Button"), 0): Tapped on element 'Object Repository/01-Inscription/Se connecter.android.widget.Button'

2022-11-22 13:19:59 - [MESSAGE][WARNING] - Timeout '0' is invalid. Using default page load timeout: '30'

2022-11-22 13:19:59 - [MESSAGE][PASSED] - Tapped on element 'Object Repository/01-Inscription/Se connecter.android.widget.Button'

2022-11-22 13:19:59 - [TEST_STEP][PASSED] - tap(findTestObject("Object Repository/01-Inscription/android.widget.TextView - Enregistrement"), 0): Tapped on element 'Object Repository/01-Inscription/android.widget.TextView - Enregistrement'

2022-11-22 13:20:00 - [MESSAGE][WARNING] - Timeout '0' is invalid. Using default page load timeout: '30'

2022-11-22 13:20:07 - [MESSAGE][PASSED] - Tapped on element 'Object Repository/01-Inscription/android.widget.TextView - Enregistrement'

2022-11-22 13:20:07 - [TEST_STEP][PASSED] - setText(findTestObject("Object Repository/01-Inscription/firstName.android.widget.EditText"), "Elhadji Ouseynou", 0): Text 'Elhadji Ouseynou' has been set to element 'Object Repository/01-Inscription/firstName.android.widget.EditText'

2022-11-22 13:20:07 - [MESSAGE][WARNING] - Timeout '0' is invalid. Using default page load timeout: '30'

2022-11-22 13:20:08 - [MESSAGE][PASSED] - Text 'Elhadji Ouseynou' has been set to element 'Object Repository/01-Inscription/firstName.android.widget.EditText'

2022-11-22 13:20:08 - [TEST_STEP][PASSED] - setText(findTestObject("Object Repository/01-Inscription/lastName.android.widget.EditText"), "DIOP", 0): Text 'DIOP' has been set to element 'Object Repository/01-Inscription/lastName.android.widget.EditText'

2022-11-22 13:20:08 - [MESSAGE][WARNING] - Timeout '0' is invalid. Using default page load timeout: '30'

2022-11-22 13:20:10 - [MESSAGE][PASSED] - Text 'DIOP' has been set to element 'Object Repository/01-Inscription/lastName.android.widget.EditText'

2022-11-22 13:20:10 - [TEST_STEP][PASSED] - setText(findTestObject("Object Repository/01-Inscription/email.android.widget.EditText"), "aimerdiop17@yopmail.com", 0): Text 'aimerdiop17@yopmail.com' has been set to element 'Object Repository/01-Inscription/email.android.widget.EditText'

2022-11-22 13:20:10 - [MESSAGE][WARNING] - Timeout '0' is invalid. Using default page load timeout: '30'

2022-11-22 13:20:11 - [MESSAGE][PASSED] - Text 'aimerdiop17@yopmail.com' has been set to element 'Object Repository/01-Inscription/email.android.widget.EditText'

2022-11-22 13:20:11 - [TEST_STEP][PASSED] - setEncryptedText(findTestObject("Object Repository/01-Inscription/password.android.widget.EditText"), "Cexku/mp9Z18eElUeR1LGg==", 0): Encrypted text 'Cexku/mp9Z18eElUeR1LGg==' has been set to element 'Object Repository/01-Inscription/password.android.widget.EditText'

2022-11-22 13:20:11 - [MESSAGE][WARNING] - Timeout '0' is invalid. Using default page load timeout: '30'

2022-11-22 13:20:12 - [MESSAGE][PASSED] - Encrypted text 'Cexku/mp9Z18eElUeR1LGg==' has been set to element 'Object Repository/01-Inscription/password.android.widget.EditText'

2022-11-22 13:20:12 - [TEST_STEP][PASSED] - setEncryptedText(findTestObject("Object Repository/01-Inscription/password-confirm.android.widget.EditText"), "Cexku/mp9Z18eElUeR1LGg==", 0): Encrypted text 'Cexku/mp9Z18eElUeR1LGg==' has been set to element 'Object Repository/01-Inscription/password-confirm.android.widget.EditText'

2022-11-22 13:20:12 - [MESSAGE][WARNING] - Timeout '0' is invalid. Using default page load timeout: '30'

2022-11-22 13:20:13 - [MESSAGE][PASSED] - Encrypted text 'Cexku/mp9Z18eElUeR1LGg==' has been set to element 'Object Repository/01-Inscription/password-confirm.android.widget.EditText'

2022-11-22 13:20:13 - [TEST_STEP][PASSED] - tap(findTestObject("Object Repository/01-Inscription/android.widget.Button - Enregistrement"), 0): Tapped on element 'Object Repository/01-Inscription/android.widget.Button - Enregistrement'

2022-11-22 13:20:13 - [MESSAGE][WARNING] - Timeout '0' is invalid. Using default page load timeout: '30'

2022-11-22 13:20:15 - [MESSAGE][PASSED] - Tapped on element 'Object Repository/01-Inscription/android.widget.Button - Enregistrement'

2022-11-22 13:20:15 - [TEST_STEP][PASSED] - tap(findTestObject("01-Inscription/android.widget.Button - Accepter"), 0): Tapped on element 'Object Repository/01-Inscription/android.widget.Button - Accepter'

2022-11-22 13:20:15 - [MESSAGE][WARNING] - Timeout '0' is invalid. Using default page load timeout: '30'

2022-11-22 13:20:17 - [MESSAGE][PASSED] - Tapped on element 'Object Repository/01-Inscription/android.widget.Button - Accepter'

2022-11-22 13:20:17 - [TEST_STEP][PASSED] - verifyElementExist(findTestObject("01-Inscription/android.widget.TextView - Vous devez vrifier votre courriel pour activer votre compte"), 0): Element 'Object Repository/01-Inscription/android.widget.TextView - Vous devez vrifier votre courriel pour activer votre compte' is exist

2022-11-22 13:20:17 - [MESSAGE][WARNING] - Timeout '0' is invalid. Using default page load timeout: '30'

2022-11-22 13:20:20 - [MESSAGE][PASSED] - Element 'Object Repository/01-Inscription/android.widget.TextView - Vous devez vrifier votre courriel pour activer votre compte' is exist

2022-11-22 13:20:20 - [TEST_STEP][PASSED] - closeApplication(): Close app successfully

2022-11-22 13:20:22 - [MESSAGE][PASSED] - Close app successfully]]></system-out>
         <system-err><![CDATA[]]></system-err>
      </testcase>
      <testcase name="Test Cases/Cas de test passant/03-Se connecter avec un compte google (MSR-2)" time="57.14" classname="Test Cases/Cas de test passant/03-Se connecter avec un compte google (MSR-2)" status="FAILED">
         <failure type="FAILED" message="Test Cases/Cas de test passant/03-Se connecter avec un compte google (MSR-2) FAILED.
Reason:
com.kms.katalon.core.exception.StepFailedException: Element 'Object Repository/03- Se connecter avec un compte google/android.widget.TextView - Erreur 403 disallowed_useragent' is visible
	at com.kms.katalon.core.keyword.internal.KeywordMain.stepFailed(KeywordMain.groovy:50)
	at com.kms.katalon.core.mobile.keyword.internal.MobileKeywordMain.stepFailed(MobileKeywordMain.groovy:40)
	at com.kms.katalon.core.mobile.keyword.builtin.VerifyElementNotVisibleKeyword$_verifyElementNotVisible_closure1.doCall(VerifyElementNotVisibleKeyword.groovy:75)
	at com.kms.katalon.core.mobile.keyword.builtin.VerifyElementNotVisibleKeyword$_verifyElementNotVisible_closure1.call(VerifyElementNotVisibleKeyword.groovy)
	at com.kms.katalon.core.mobile.keyword.internal.MobileKeywordMain.runKeyword(MobileKeywordMain.groovy:21)
	at com.kms.katalon.core.mobile.keyword.builtin.VerifyElementNotVisibleKeyword.verifyElementNotVisible(VerifyElementNotVisibleKeyword.groovy:85)
	at com.kms.katalon.core.mobile.keyword.builtin.VerifyElementNotVisibleKeyword.execute(VerifyElementNotVisibleKeyword.groovy:64)
	at com.kms.katalon.core.keyword.internal.KeywordExecutor.executeKeywordForPlatform(KeywordExecutor.groovy:74)
	at com.kms.katalon.core.mobile.keyword.MobileBuiltInKeywords.verifyElementNotVisible(MobileBuiltInKeywords.groovy:2064)
	at com.kms.katalon.core.mobile.keyword.MobileBuiltInKeywords$verifyElementNotVisible$5.call(Unknown Source)
	at 03-Se connecter avec un compte google (MSR-2).run(03-Se connecter avec un compte google (MSR-2):28)
	at com.kms.katalon.core.main.ScriptEngine.run(ScriptEngine.java:194)
	at com.kms.katalon.core.main.ScriptEngine.runScriptAsRawText(ScriptEngine.java:119)
	at com.kms.katalon.core.main.TestCaseExecutor.runScript(TestCaseExecutor.java:448)
	at com.kms.katalon.core.main.TestCaseExecutor.doExecute(TestCaseExecutor.java:439)
	at com.kms.katalon.core.main.TestCaseExecutor.processExecutionPhase(TestCaseExecutor.java:418)
	at com.kms.katalon.core.main.TestCaseExecutor.accessMainPhase(TestCaseExecutor.java:410)
	at com.kms.katalon.core.main.TestCaseExecutor.execute(TestCaseExecutor.java:285)
	at com.kms.katalon.core.common.CommonExecutor.accessTestCaseMainPhase(CommonExecutor.java:65)
	at com.kms.katalon.core.main.TestSuiteExecutor.accessTestSuiteMainPhase(TestSuiteExecutor.java:151)
	at com.kms.katalon.core.main.TestSuiteExecutor.execute(TestSuiteExecutor.java:106)
	at com.kms.katalon.core.main.TestCaseMain.startTestSuite(TestCaseMain.java:185)
	at com.kms.katalon.core.main.TestCaseMain$startTestSuite$0.call(Unknown Source)
	at TempTestSuite1669119550736.run(TempTestSuite1669119550736.groovy:36)
"/>
         <system-out><![CDATA[2022-11-22 13:20:22 - [TEST_CASE][FAILED] - Test Cases/Cas de test passant/03-Se connecter avec un compte google (MSR-2): Test Cases/Cas de test passant/03-Se connecter avec un compte google (MSR-2) FAILED.
Reason:
com.kms.katalon.core.exception.StepFailedException: Element 'Object Repository/03- Se connecter avec un compte google/android.widget.TextView - Erreur 403 disallowed_useragent' is visible
	at com.kms.katalon.core.keyword.internal.KeywordMain.stepFailed(KeywordMain.groovy:50)
	at com.kms.katalon.core.mobile.keyword.internal.MobileKeywordMain.stepFailed(MobileKeywordMain.groovy:40)
	at com.kms.katalon.core.mobile.keyword.builtin.VerifyElementNotVisibleKeyword$_verifyElementNotVisible_closure1.doCall(VerifyElementNotVisibleKeyword.groovy:75)
	at com.kms.katalon.core.mobile.keyword.builtin.VerifyElementNotVisibleKeyword$_verifyElementNotVisible_closure1.call(VerifyElementNotVisibleKeyword.groovy)
	at com.kms.katalon.core.mobile.keyword.internal.MobileKeywordMain.runKeyword(MobileKeywordMain.groovy:21)
	at com.kms.katalon.core.mobile.keyword.builtin.VerifyElementNotVisibleKeyword.verifyElementNotVisible(VerifyElementNotVisibleKeyword.groovy:85)
	at com.kms.katalon.core.mobile.keyword.builtin.VerifyElementNotVisibleKeyword.execute(VerifyElementNotVisibleKeyword.groovy:64)
	at com.kms.katalon.core.keyword.internal.KeywordExecutor.executeKeywordForPlatform(KeywordExecutor.groovy:74)
	at com.kms.katalon.core.mobile.keyword.MobileBuiltInKeywords.verifyElementNotVisible(MobileBuiltInKeywords.groovy:2064)
	at com.kms.katalon.core.mobile.keyword.MobileBuiltInKeywords$verifyElementNotVisible$5.call(Unknown Source)
	at 03-Se connecter avec un compte google (MSR-2).run(03-Se connecter avec un compte google (MSR-2):28)
	at com.kms.katalon.core.main.ScriptEngine.run(ScriptEngine.java:194)
	at com.kms.katalon.core.main.ScriptEngine.runScriptAsRawText(ScriptEngine.java:119)
	at com.kms.katalon.core.main.TestCaseExecutor.runScript(TestCaseExecutor.java:448)
	at com.kms.katalon.core.main.TestCaseExecutor.doExecute(TestCaseExecutor.java:439)
	at com.kms.katalon.core.main.TestCaseExecutor.processExecutionPhase(TestCaseExecutor.java:418)
	at com.kms.katalon.core.main.TestCaseExecutor.accessMainPhase(TestCaseExecutor.java:410)
	at com.kms.katalon.core.main.TestCaseExecutor.execute(TestCaseExecutor.java:285)
	at com.kms.katalon.core.common.CommonExecutor.accessTestCaseMainPhase(CommonExecutor.java:65)
	at com.kms.katalon.core.main.TestSuiteExecutor.accessTestSuiteMainPhase(TestSuiteExecutor.java:151)
	at com.kms.katalon.core.main.TestSuiteExecutor.execute(TestSuiteExecutor.java:106)
	at com.kms.katalon.core.main.TestCaseMain.startTestSuite(TestCaseMain.java:185)
	at com.kms.katalon.core.main.TestCaseMain$startTestSuite$0.call(Unknown Source)
	at TempTestSuite1669119550736.run(TempTestSuite1669119550736.groovy:36)


2022-11-22 13:20:22 - [TEST_STEP][PASSED] - startApplication("C:\Users\Ousseynou Diop\Desktop\APK Client\app-debug.apk", true): Started app at: 'C:\Users\Ousseynou Diop\Desktop\APK Client\app-debug.apk'

2022-11-22 13:20:23 - [MESSAGE][INFO] - Detected NodeJS location: "C:\Program Files\nodejs\node.exe"

2022-11-22 13:20:24 - [MESSAGE][INFO] - Appium server started on port 62Â 208

2022-11-22 13:20:59 - [MESSAGE][PASSED] - Started app at: 'C:\Users\Ousseynou Diop\Desktop\APK Client\app-debug.apk'

2022-11-22 13:20:59 - [TEST_STEP][PASSED] - tap(findTestObject("Object Repository/03- Se connecter avec un compte google/android.widget.Button -Se connecter"), 0): Tapped on element 'Object Repository/03- Se connecter avec un compte google/android.widget.Button -Se connecter'

2022-11-22 13:20:59 - [MESSAGE][WARNING] - Timeout '0' is invalid. Using default page load timeout: '30'

2022-11-22 13:21:01 - [MESSAGE][PASSED] - Tapped on element 'Object Repository/03- Se connecter avec un compte google/android.widget.Button -Se connecter'

2022-11-22 13:21:01 - [TEST_STEP][PASSED] - tap(findTestObject("Object Repository/03- Se connecter avec un compte google/android.view.View Button social-google Login"), 0): Tapped on element 'Object Repository/03- Se connecter avec un compte google/android.view.View Button social-google Login'

2022-11-22 13:21:01 - [MESSAGE][WARNING] - Timeout '0' is invalid. Using default page load timeout: '30'

2022-11-22 13:21:09 - [MESSAGE][PASSED] - Tapped on element 'Object Repository/03- Se connecter avec un compte google/android.view.View Button social-google Login'

2022-11-22 13:21:09 - [TEST_STEP][FAILED] - verifyElementNotVisible(findTestObject("03- Se connecter avec un compte google/android.widget.TextView - Erreur 403 disallowed_useragent"), 0): Failed to check if element 'Object Repository/03- Se connecter avec un compte google/android.widget.TextView - Erreur 403 disallowed_useragent' is not visible (Root cause: com.kms.katalon.core.exception.StepFailedException: Element 'Object Repository/03- Se connecter avec un compte google/android.widget.TextView - Erreur 403 disallowed_useragent' is visible
	at com.kms.katalon.core.keyword.internal.KeywordMain.stepFailed(KeywordMain.groovy:50)
	at com.kms.katalon.core.mobile.keyword.internal.MobileKeywordMain.stepFailed(MobileKeywordMain.groovy:40)
	at com.kms.katalon.core.mobile.keyword.builtin.VerifyElementNotVisibleKeyword$_verifyElementNotVisible_closure1.doCall(VerifyElementNotVisibleKeyword.groovy:75)
	at com.kms.katalon.core.mobile.keyword.builtin.VerifyElementNotVisibleKeyword$_verifyElementNotVisible_closure1.call(VerifyElementNotVisibleKeyword.groovy)
	at com.kms.katalon.core.mobile.keyword.internal.MobileKeywordMain.runKeyword(MobileKeywordMain.groovy:21)
	at com.kms.katalon.core.mobile.keyword.builtin.VerifyElementNotVisibleKeyword.verifyElementNotVisible(VerifyElementNotVisibleKeyword.groovy:85)
	at com.kms.katalon.core.mobile.keyword.builtin.VerifyElementNotVisibleKeyword.execute(VerifyElementNotVisibleKeyword.groovy:64)
	at com.kms.katalon.core.keyword.internal.KeywordExecutor.executeKeywordForPlatform(KeywordExecutor.groovy:74)
	at com.kms.katalon.core.mobile.keyword.MobileBuiltInKeywords.verifyElementNotVisible(MobileBuiltInKeywords.groovy:2064)
	at com.kms.katalon.core.mobile.keyword.MobileBuiltInKeywords$verifyElementNotVisible$5.call(Unknown Source)
	at 03-Se connecter avec un compte google (MSR-2).run(03-Se connecter avec un compte google (MSR-2):28)
	at com.kms.katalon.core.main.ScriptEngine.run(ScriptEngine.java:194)
	at com.kms.katalon.core.main.ScriptEngine.runScriptAsRawText(ScriptEngine.java:119)
	at com.kms.katalon.core.main.TestCaseExecutor.runScript(TestCaseExecutor.java:448)
	at com.kms.katalon.core.main.TestCaseExecutor.doExecute(TestCaseExecutor.java:439)
	at com.kms.katalon.core.main.TestCaseExecutor.processExecutionPhase(TestCaseExecutor.java:418)
	at com.kms.katalon.core.main.TestCaseExecutor.accessMainPhase(TestCaseExecutor.java:410)
	at com.kms.katalon.core.main.TestCaseExecutor.execute(TestCaseExecutor.java:285)
	at com.kms.katalon.core.common.CommonExecutor.accessTestCaseMainPhase(CommonExecutor.java:65)
	at com.kms.katalon.core.main.TestSuiteExecutor.accessTestSuiteMainPhase(TestSuiteExecutor.java:151)
	at com.kms.katalon.core.main.TestSuiteExecutor.execute(TestSuiteExecutor.java:106)
	at com.kms.katalon.core.main.TestCaseMain.startTestSuite(TestCaseMain.java:185)
	at com.kms.katalon.core.main.TestCaseMain$startTestSuite$0.call(Unknown Source)
	at TempTestSuite1669119550736.run(TempTestSuite1669119550736.groovy:36)
)

2022-11-22 13:21:09 - [MESSAGE][WARNING] - Timeout '0' is invalid. Using default page load timeout: '30'

2022-11-22 13:21:13 - [MESSAGE][FAILED] - Element 'Object Repository/03- Se connecter avec un compte google/android.widget.TextView - Erreur 403 disallowed_useragent' is visible

2022-11-22 13:21:19 - [MESSAGE][FAILED] - Failed to check if element 'Object Repository/03- Se connecter avec un compte google/android.widget.TextView - Erreur 403 disallowed_useragent' is not visible (Root cause: com.kms.katalon.core.exception.StepFailedException: Element 'Object Repository/03- Se connecter avec un compte google/android.widget.TextView - Erreur 403 disallowed_useragent' is visible
	at com.kms.katalon.core.keyword.internal.KeywordMain.stepFailed(KeywordMain.groovy:50)
	at com.kms.katalon.core.mobile.keyword.internal.MobileKeywordMain.stepFailed(MobileKeywordMain.groovy:40)
	at com.kms.katalon.core.mobile.keyword.builtin.VerifyElementNotVisibleKeyword$_verifyElementNotVisible_closure1.doCall(VerifyElementNotVisibleKeyword.groovy:75)
	at com.kms.katalon.core.mobile.keyword.builtin.VerifyElementNotVisibleKeyword$_verifyElementNotVisible_closure1.call(VerifyElementNotVisibleKeyword.groovy)
	at com.kms.katalon.core.mobile.keyword.internal.MobileKeywordMain.runKeyword(MobileKeywordMain.groovy:21)
	at com.kms.katalon.core.mobile.keyword.builtin.VerifyElementNotVisibleKeyword.verifyElementNotVisible(VerifyElementNotVisibleKeyword.groovy:85)
	at com.kms.katalon.core.mobile.keyword.builtin.VerifyElementNotVisibleKeyword.execute(VerifyElementNotVisibleKeyword.groovy:64)
	at com.kms.katalon.core.keyword.internal.KeywordExecutor.executeKeywordForPlatform(KeywordExecutor.groovy:74)
	at com.kms.katalon.core.mobile.keyword.MobileBuiltInKeywords.verifyElementNotVisible(MobileBuiltInKeywords.groovy:2064)
	at com.kms.katalon.core.mobile.keyword.MobileBuiltInKeywords$verifyElementNotVisible$5.call(Unknown Source)
	at 03-Se connecter avec un compte google (MSR-2).run(03-Se connecter avec un compte google (MSR-2):28)
	at com.kms.katalon.core.main.ScriptEngine.run(ScriptEngine.java:194)
	at com.kms.katalon.core.main.ScriptEngine.runScriptAsRawText(ScriptEngine.java:119)
	at com.kms.katalon.core.main.TestCaseExecutor.runScript(TestCaseExecutor.java:448)
	at com.kms.katalon.core.main.TestCaseExecutor.doExecute(TestCaseExecutor.java:439)
	at com.kms.katalon.core.main.TestCaseExecutor.processExecutionPhase(TestCaseExecutor.java:418)
	at com.kms.katalon.core.main.TestCaseExecutor.accessMainPhase(TestCaseExecutor.java:410)
	at com.kms.katalon.core.main.TestCaseExecutor.execute(TestCaseExecutor.java:285)
	at com.kms.katalon.core.common.CommonExecutor.accessTestCaseMainPhase(CommonExecutor.java:65)
	at com.kms.katalon.core.main.TestSuiteExecutor.accessTestSuiteMainPhase(TestSuiteExecutor.java:151)
	at com.kms.katalon.core.main.TestSuiteExecutor.execute(TestSuiteExecutor.java:106)
	at com.kms.katalon.core.main.TestCaseMain.startTestSuite(TestCaseMain.java:185)
	at com.kms.katalon.core.main.TestCaseMain$startTestSuite$0.call(Unknown Source)
	at TempTestSuite1669119550736.run(TempTestSuite1669119550736.groovy:36)
)
[[ATTACHMENT|C:\\Users\\Ousseynou Diop\\git\\Mon-Shopper-Automatisation-Application-Client\\Reports\\20221122_131910\\Cas de test passant app client\\20221122_131910\\1669119673694.png]]]]></system-out>
         <system-err><![CDATA[2022-11-22 13:20:22 - [TEST_CASE][FAILED] - Test Cases/Cas de test passant/03-Se connecter avec un compte google (MSR-2): Test Cases/Cas de test passant/03-Se connecter avec un compte google (MSR-2) FAILED.
Reason:
com.kms.katalon.core.exception.StepFailedException: Element 'Object Repository/03- Se connecter avec un compte google/android.widget.TextView - Erreur 403 disallowed_useragent' is visible
	at com.kms.katalon.core.keyword.internal.KeywordMain.stepFailed(KeywordMain.groovy:50)
	at com.kms.katalon.core.mobile.keyword.internal.MobileKeywordMain.stepFailed(MobileKeywordMain.groovy:40)
	at com.kms.katalon.core.mobile.keyword.builtin.VerifyElementNotVisibleKeyword$_verifyElementNotVisible_closure1.doCall(VerifyElementNotVisibleKeyword.groovy:75)
	at com.kms.katalon.core.mobile.keyword.builtin.VerifyElementNotVisibleKeyword$_verifyElementNotVisible_closure1.call(VerifyElementNotVisibleKeyword.groovy)
	at com.kms.katalon.core.mobile.keyword.internal.MobileKeywordMain.runKeyword(MobileKeywordMain.groovy:21)
	at com.kms.katalon.core.mobile.keyword.builtin.VerifyElementNotVisibleKeyword.verifyElementNotVisible(VerifyElementNotVisibleKeyword.groovy:85)
	at com.kms.katalon.core.mobile.keyword.builtin.VerifyElementNotVisibleKeyword.execute(VerifyElementNotVisibleKeyword.groovy:64)
	at com.kms.katalon.core.keyword.internal.KeywordExecutor.executeKeywordForPlatform(KeywordExecutor.groovy:74)
	at com.kms.katalon.core.mobile.keyword.MobileBuiltInKeywords.verifyElementNotVisible(MobileBuiltInKeywords.groovy:2064)
	at com.kms.katalon.core.mobile.keyword.MobileBuiltInKeywords$verifyElementNotVisible$5.call(Unknown Source)
	at 03-Se connecter avec un compte google (MSR-2).run(03-Se connecter avec un compte google (MSR-2):28)
	at com.kms.katalon.core.main.ScriptEngine.run(ScriptEngine.java:194)
	at com.kms.katalon.core.main.ScriptEngine.runScriptAsRawText(ScriptEngine.java:119)
	at com.kms.katalon.core.main.TestCaseExecutor.runScript(TestCaseExecutor.java:448)
	at com.kms.katalon.core.main.TestCaseExecutor.doExecute(TestCaseExecutor.java:439)
	at com.kms.katalon.core.main.TestCaseExecutor.processExecutionPhase(TestCaseExecutor.java:418)
	at com.kms.katalon.core.main.TestCaseExecutor.accessMainPhase(TestCaseExecutor.java:410)
	at com.kms.katalon.core.main.TestCaseExecutor.execute(TestCaseExecutor.java:285)
	at com.kms.katalon.core.common.CommonExecutor.accessTestCaseMainPhase(CommonExecutor.java:65)
	at com.kms.katalon.core.main.TestSuiteExecutor.accessTestSuiteMainPhase(TestSuiteExecutor.java:151)
	at com.kms.katalon.core.main.TestSuiteExecutor.execute(TestSuiteExecutor.java:106)
	at com.kms.katalon.core.main.TestCaseMain.startTestSuite(TestCaseMain.java:185)
	at com.kms.katalon.core.main.TestCaseMain$startTestSuite$0.call(Unknown Source)
	at TempTestSuite1669119550736.run(TempTestSuite1669119550736.groovy:36)]]></system-err>
      </testcase>
      <testcase name="Test Cases/Cas de test passant/05- Se Connecter en mode Guest (MSR-219 et MSR-74)" time="46.371" classname="Test Cases/Cas de test passant/05- Se Connecter en mode Guest (MSR-219 et MSR-74)" status="PASSED">
         <system-out><![CDATA[2022-11-22 13:21:19 - [TEST_CASE][PASSED] - Test Cases/Cas de test passant/05- Se Connecter en mode Guest (MSR-219 et MSR-74): Test Cases/Cas de test passant/05- Se Connecter en mode Guest (MSR-219 et MSR-74)

2022-11-22 13:21:19 - [TEST_STEP][PASSED] - startApplication("C:\Users\Ousseynou Diop\Desktop\APK Client\app-debug.apk", true): Started app at: 'C:\Users\Ousseynou Diop\Desktop\APK Client\app-debug.apk'

2022-11-22 13:21:58 - [MESSAGE][PASSED] - Started app at: 'C:\Users\Ousseynou Diop\Desktop\APK Client\app-debug.apk'

2022-11-22 13:21:58 - [TEST_STEP][PASSED] - tap(findTestObject("Object Repository/05-Se connecter en mode Guest/android.widget.Button Continuer en mode guest"), 0): Tapped on element 'Object Repository/05-Se connecter en mode Guest/android.widget.Button Continuer en mode guest'

2022-11-22 13:21:58 - [MESSAGE][WARNING] - Timeout '0' is invalid. Using default page load timeout: '30'

2022-11-22 13:22:00 - [MESSAGE][PASSED] - Tapped on element 'Object Repository/05-Se connecter en mode Guest/android.widget.Button Continuer en mode guest'

2022-11-22 13:22:00 - [TEST_STEP][PASSED] - verifyElementVisible(findTestObject("Object Repository/05-Se connecter en mode Guest/android.view.View - Onglet Livraison de colis"), 0): Element 'Object Repository/05-Se connecter en mode Guest/android.view.View - Onglet Livraison de colis' is visible

2022-11-22 13:22:00 - [MESSAGE][WARNING] - Timeout '0' is invalid. Using default page load timeout: '30'

2022-11-22 13:22:03 - [MESSAGE][PASSED] - Element 'Object Repository/05-Se connecter en mode Guest/android.view.View - Onglet Livraison de colis' is visible

2022-11-22 13:22:03 - [TEST_STEP][PASSED] - closeApplication(): Close app successfully

2022-11-22 13:22:06 - [MESSAGE][PASSED] - Close app successfully]]></system-out>
         <system-err><![CDATA[]]></system-err>
      </testcase>
      <testcase name="Test Cases/Cas de test passant/06- Inscription avec le lien Inscriver-vous (MSR-2)" time="75.143" classname="Test Cases/Cas de test passant/06- Inscription avec le lien Inscriver-vous (MSR-2)" status="FAILED">
         <failure type="FAILED" message="Test Cases/Cas de test passant/06- Inscription avec le lien Inscriver-vous (MSR-2) FAILED.
Reason:
com.kms.katalon.core.exception.StepFailedException: Element 'Object Repository/06- Inscription avec le lien Inscrivez-vous/android.widget.TextView - Senregistrer' not found
	at com.kms.katalon.core.keyword.internal.KeywordMain.stepFailed(KeywordMain.groovy:50)
	at com.kms.katalon.core.mobile.keyword.internal.MobileKeywordMain.stepFailed(MobileKeywordMain.groovy:40)
	at com.kms.katalon.core.mobile.keyword.builtin.VerifyElementVisibleKeyword$_verifyElementVisible_closure1.doCall(VerifyElementVisibleKeyword.groovy:82)
	at com.kms.katalon.core.mobile.keyword.builtin.VerifyElementVisibleKeyword$_verifyElementVisible_closure1.call(VerifyElementVisibleKeyword.groovy)
	at com.kms.katalon.core.mobile.keyword.internal.MobileKeywordMain.runKeyword(MobileKeywordMain.groovy:21)
	at com.kms.katalon.core.mobile.keyword.builtin.VerifyElementVisibleKeyword.verifyElementVisible(VerifyElementVisibleKeyword.groovy:85)
	at com.kms.katalon.core.mobile.keyword.builtin.VerifyElementVisibleKeyword.execute(VerifyElementVisibleKeyword.groovy:64)
	at com.kms.katalon.core.keyword.internal.KeywordExecutor.executeKeywordForPlatform(KeywordExecutor.groovy:74)
	at com.kms.katalon.core.mobile.keyword.MobileBuiltInKeywords.verifyElementVisible(MobileBuiltInKeywords.groovy:2031)
	at com.kms.katalon.core.mobile.keyword.MobileBuiltInKeywords$verifyElementVisible$6.call(Unknown Source)
	at 06- Inscription avec le lien Inscriver-vous (MSR-2).run(06- Inscription avec le lien Inscriver-vous (MSR-2):24)
	at com.kms.katalon.core.main.ScriptEngine.run(ScriptEngine.java:194)
	at com.kms.katalon.core.main.ScriptEngine.runScriptAsRawText(ScriptEngine.java:119)
	at com.kms.katalon.core.main.TestCaseExecutor.runScript(TestCaseExecutor.java:448)
	at com.kms.katalon.core.main.TestCaseExecutor.doExecute(TestCaseExecutor.java:439)
	at com.kms.katalon.core.main.TestCaseExecutor.processExecutionPhase(TestCaseExecutor.java:418)
	at com.kms.katalon.core.main.TestCaseExecutor.accessMainPhase(TestCaseExecutor.java:410)
	at com.kms.katalon.core.main.TestCaseExecutor.execute(TestCaseExecutor.java:285)
	at com.kms.katalon.core.common.CommonExecutor.accessTestCaseMainPhase(CommonExecutor.java:65)
	at com.kms.katalon.core.main.TestSuiteExecutor.accessTestSuiteMainPhase(TestSuiteExecutor.java:151)
	at com.kms.katalon.core.main.TestSuiteExecutor.execute(TestSuiteExecutor.java:106)
	at com.kms.katalon.core.main.TestCaseMain.startTestSuite(TestCaseMain.java:185)
	at com.kms.katalon.core.main.TestCaseMain$startTestSuite$0.call(Unknown Source)
	at TempTestSuite1669119550736.run(TempTestSuite1669119550736.groovy:36)
"/>
         <system-out><![CDATA[2022-11-22 13:22:06 - [TEST_CASE][FAILED] - Test Cases/Cas de test passant/06- Inscription avec le lien Inscriver-vous (MSR-2): Test Cases/Cas de test passant/06- Inscription avec le lien Inscriver-vous (MSR-2) FAILED.
Reason:
com.kms.katalon.core.exception.StepFailedException: Element 'Object Repository/06- Inscription avec le lien Inscrivez-vous/android.widget.TextView - Senregistrer' not found
	at com.kms.katalon.core.keyword.internal.KeywordMain.stepFailed(KeywordMain.groovy:50)
	at com.kms.katalon.core.mobile.keyword.internal.MobileKeywordMain.stepFailed(MobileKeywordMain.groovy:40)
	at com.kms.katalon.core.mobile.keyword.builtin.VerifyElementVisibleKeyword$_verifyElementVisible_closure1.doCall(VerifyElementVisibleKeyword.groovy:82)
	at com.kms.katalon.core.mobile.keyword.builtin.VerifyElementVisibleKeyword$_verifyElementVisible_closure1.call(VerifyElementVisibleKeyword.groovy)
	at com.kms.katalon.core.mobile.keyword.internal.MobileKeywordMain.runKeyword(MobileKeywordMain.groovy:21)
	at com.kms.katalon.core.mobile.keyword.builtin.VerifyElementVisibleKeyword.verifyElementVisible(VerifyElementVisibleKeyword.groovy:85)
	at com.kms.katalon.core.mobile.keyword.builtin.VerifyElementVisibleKeyword.execute(VerifyElementVisibleKeyword.groovy:64)
	at com.kms.katalon.core.keyword.internal.KeywordExecutor.executeKeywordForPlatform(KeywordExecutor.groovy:74)
	at com.kms.katalon.core.mobile.keyword.MobileBuiltInKeywords.verifyElementVisible(MobileBuiltInKeywords.groovy:2031)
	at com.kms.katalon.core.mobile.keyword.MobileBuiltInKeywords$verifyElementVisible$6.call(Unknown Source)
	at 06- Inscription avec le lien Inscriver-vous (MSR-2).run(06- Inscription avec le lien Inscriver-vous (MSR-2):24)
	at com.kms.katalon.core.main.ScriptEngine.run(ScriptEngine.java:194)
	at com.kms.katalon.core.main.ScriptEngine.runScriptAsRawText(ScriptEngine.java:119)
	at com.kms.katalon.core.main.TestCaseExecutor.runScript(TestCaseExecutor.java:448)
	at com.kms.katalon.core.main.TestCaseExecutor.doExecute(TestCaseExecutor.java:439)
	at com.kms.katalon.core.main.TestCaseExecutor.processExecutionPhase(TestCaseExecutor.java:418)
	at com.kms.katalon.core.main.TestCaseExecutor.accessMainPhase(TestCaseExecutor.java:410)
	at com.kms.katalon.core.main.TestCaseExecutor.execute(TestCaseExecutor.java:285)
	at com.kms.katalon.core.common.CommonExecutor.accessTestCaseMainPhase(CommonExecutor.java:65)
	at com.kms.katalon.core.main.TestSuiteExecutor.accessTestSuiteMainPhase(TestSuiteExecutor.java:151)
	at com.kms.katalon.core.main.TestSuiteExecutor.execute(TestSuiteExecutor.java:106)
	at com.kms.katalon.core.main.TestCaseMain.startTestSuite(TestCaseMain.java:185)
	at com.kms.katalon.core.main.TestCaseMain$startTestSuite$0.call(Unknown Source)
	at TempTestSuite1669119550736.run(TempTestSuite1669119550736.groovy:36)


2022-11-22 13:22:06 - [TEST_STEP][PASSED] - startApplication("C:\Users\Ousseynou Diop\Desktop\APK Client\app-debug.apk", true): Started app at: 'C:\Users\Ousseynou Diop\Desktop\APK Client\app-debug.apk'

2022-11-22 13:22:06 - [MESSAGE][INFO] - Detected NodeJS location: "C:\Program Files\nodejs\node.exe"

2022-11-22 13:22:07 - [MESSAGE][INFO] - Appium server started on port 62Â 463

2022-11-22 13:22:41 - [MESSAGE][PASSED] - Started app at: 'C:\Users\Ousseynou Diop\Desktop\APK Client\app-debug.apk'

2022-11-22 13:22:41 - [TEST_STEP][PASSED] - tap(findTestObject("Object Repository/06- Inscription avec le lien Inscrivez-vous/android.widget.Button Inscrivez-vous"), 0): Tapped on element 'Object Repository/06- Inscription avec le lien Inscrivez-vous/android.widget.Button Inscrivez-vous'

2022-11-22 13:22:41 - [MESSAGE][WARNING] - Timeout '0' is invalid. Using default page load timeout: '30'

2022-11-22 13:22:43 - [MESSAGE][PASSED] - Tapped on element 'Object Repository/06- Inscription avec le lien Inscrivez-vous/android.widget.Button Inscrivez-vous'

2022-11-22 13:22:43 - [TEST_STEP][FAILED] - verifyElementVisible(findTestObject("06- Inscription avec le lien Inscrivez-vous/android.widget.TextView - Senregistrer"), 0): Failed to check for element 'Object Repository/06- Inscription avec le lien Inscrivez-vous/android.widget.TextView - Senregistrer' visible (Root cause: com.kms.katalon.core.exception.StepFailedException: Element 'Object Repository/06- Inscription avec le lien Inscrivez-vous/android.widget.TextView - Senregistrer' not found
	at com.kms.katalon.core.keyword.internal.KeywordMain.stepFailed(KeywordMain.groovy:50)
	at com.kms.katalon.core.mobile.keyword.internal.MobileKeywordMain.stepFailed(MobileKeywordMain.groovy:40)
	at com.kms.katalon.core.mobile.keyword.builtin.VerifyElementVisibleKeyword$_verifyElementVisible_closure1.doCall(VerifyElementVisibleKeyword.groovy:82)
	at com.kms.katalon.core.mobile.keyword.builtin.VerifyElementVisibleKeyword$_verifyElementVisible_closure1.call(VerifyElementVisibleKeyword.groovy)
	at com.kms.katalon.core.mobile.keyword.internal.MobileKeywordMain.runKeyword(MobileKeywordMain.groovy:21)
	at com.kms.katalon.core.mobile.keyword.builtin.VerifyElementVisibleKeyword.verifyElementVisible(VerifyElementVisibleKeyword.groovy:85)
	at com.kms.katalon.core.mobile.keyword.builtin.VerifyElementVisibleKeyword.execute(VerifyElementVisibleKeyword.groovy:64)
	at com.kms.katalon.core.keyword.internal.KeywordExecutor.executeKeywordForPlatform(KeywordExecutor.groovy:74)
	at com.kms.katalon.core.mobile.keyword.MobileBuiltInKeywords.verifyElementVisible(MobileBuiltInKeywords.groovy:2031)
	at com.kms.katalon.core.mobile.keyword.MobileBuiltInKeywords$verifyElementVisible$6.call(Unknown Source)
	at 06- Inscription avec le lien Inscriver-vous (MSR-2).run(06- Inscription avec le lien Inscriver-vous (MSR-2):24)
	at com.kms.katalon.core.main.ScriptEngine.run(ScriptEngine.java:194)
	at com.kms.katalon.core.main.ScriptEngine.runScriptAsRawText(ScriptEngine.java:119)
	at com.kms.katalon.core.main.TestCaseExecutor.runScript(TestCaseExecutor.java:448)
	at com.kms.katalon.core.main.TestCaseExecutor.doExecute(TestCaseExecutor.java:439)
	at com.kms.katalon.core.main.TestCaseExecutor.processExecutionPhase(TestCaseExecutor.java:418)
	at com.kms.katalon.core.main.TestCaseExecutor.accessMainPhase(TestCaseExecutor.java:410)
	at com.kms.katalon.core.main.TestCaseExecutor.execute(TestCaseExecutor.java:285)
	at com.kms.katalon.core.common.CommonExecutor.accessTestCaseMainPhase(CommonExecutor.java:65)
	at com.kms.katalon.core.main.TestSuiteExecutor.accessTestSuiteMainPhase(TestSuiteExecutor.java:151)
	at com.kms.katalon.core.main.TestSuiteExecutor.execute(TestSuiteExecutor.java:106)
	at com.kms.katalon.core.main.TestCaseMain.startTestSuite(TestCaseMain.java:185)
	at com.kms.katalon.core.main.TestCaseMain$startTestSuite$0.call(Unknown Source)
	at TempTestSuite1669119550736.run(TempTestSuite1669119550736.groovy:36)
)

2022-11-22 13:22:43 - [MESSAGE][WARNING] - Timeout '0' is invalid. Using default page load timeout: '30'

2022-11-22 13:23:13 - [MESSAGE][FAILED] - Element 'Object Repository/06- Inscription avec le lien Inscrivez-vous/android.widget.TextView - Senregistrer' not found

2022-11-22 13:23:21 - [MESSAGE][FAILED] - Failed to check for element 'Object Repository/06- Inscription avec le lien Inscrivez-vous/android.widget.TextView - Senregistrer' visible (Root cause: com.kms.katalon.core.exception.StepFailedException: Element 'Object Repository/06- Inscription avec le lien Inscrivez-vous/android.widget.TextView - Senregistrer' not found
	at com.kms.katalon.core.keyword.internal.KeywordMain.stepFailed(KeywordMain.groovy:50)
	at com.kms.katalon.core.mobile.keyword.internal.MobileKeywordMain.stepFailed(MobileKeywordMain.groovy:40)
	at com.kms.katalon.core.mobile.keyword.builtin.VerifyElementVisibleKeyword$_verifyElementVisible_closure1.doCall(VerifyElementVisibleKeyword.groovy:82)
	at com.kms.katalon.core.mobile.keyword.builtin.VerifyElementVisibleKeyword$_verifyElementVisible_closure1.call(VerifyElementVisibleKeyword.groovy)
	at com.kms.katalon.core.mobile.keyword.internal.MobileKeywordMain.runKeyword(MobileKeywordMain.groovy:21)
	at com.kms.katalon.core.mobile.keyword.builtin.VerifyElementVisibleKeyword.verifyElementVisible(VerifyElementVisibleKeyword.groovy:85)
	at com.kms.katalon.core.mobile.keyword.builtin.VerifyElementVisibleKeyword.execute(VerifyElementVisibleKeyword.groovy:64)
	at com.kms.katalon.core.keyword.internal.KeywordExecutor.executeKeywordForPlatform(KeywordExecutor.groovy:74)
	at com.kms.katalon.core.mobile.keyword.MobileBuiltInKeywords.verifyElementVisible(MobileBuiltInKeywords.groovy:2031)
	at com.kms.katalon.core.mobile.keyword.MobileBuiltInKeywords$verifyElementVisible$6.call(Unknown Source)
	at 06- Inscription avec le lien Inscriver-vous (MSR-2).run(06- Inscription avec le lien Inscriver-vous (MSR-2):24)
	at com.kms.katalon.core.main.ScriptEngine.run(ScriptEngine.java:194)
	at com.kms.katalon.core.main.ScriptEngine.runScriptAsRawText(ScriptEngine.java:119)
	at com.kms.katalon.core.main.TestCaseExecutor.runScript(TestCaseExecutor.java:448)
	at com.kms.katalon.core.main.TestCaseExecutor.doExecute(TestCaseExecutor.java:439)
	at com.kms.katalon.core.main.TestCaseExecutor.processExecutionPhase(TestCaseExecutor.java:418)
	at com.kms.katalon.core.main.TestCaseExecutor.accessMainPhase(TestCaseExecutor.java:410)
	at com.kms.katalon.core.main.TestCaseExecutor.execute(TestCaseExecutor.java:285)
	at com.kms.katalon.core.common.CommonExecutor.accessTestCaseMainPhase(CommonExecutor.java:65)
	at com.kms.katalon.core.main.TestSuiteExecutor.accessTestSuiteMainPhase(TestSuiteExecutor.java:151)
	at com.kms.katalon.core.main.TestSuiteExecutor.execute(TestSuiteExecutor.java:106)
	at com.kms.katalon.core.main.TestCaseMain.startTestSuite(TestCaseMain.java:185)
	at com.kms.katalon.core.main.TestCaseMain$startTestSuite$0.call(Unknown Source)
	at TempTestSuite1669119550736.run(TempTestSuite1669119550736.groovy:36)
)
[[ATTACHMENT|C:\\Users\\Ousseynou Diop\\git\\Mon-Shopper-Automatisation-Application-Client\\Reports\\20221122_131910\\Cas de test passant app client\\20221122_131910\\1669119793781.png]]]]></system-out>
         <system-err><![CDATA[2022-11-22 13:22:06 - [TEST_CASE][FAILED] - Test Cases/Cas de test passant/06- Inscription avec le lien Inscriver-vous (MSR-2): Test Cases/Cas de test passant/06- Inscription avec le lien Inscriver-vous (MSR-2) FAILED.
Reason:
com.kms.katalon.core.exception.StepFailedException: Element 'Object Repository/06- Inscription avec le lien Inscrivez-vous/android.widget.TextView - Senregistrer' not found
	at com.kms.katalon.core.keyword.internal.KeywordMain.stepFailed(KeywordMain.groovy:50)
	at com.kms.katalon.core.mobile.keyword.internal.MobileKeywordMain.stepFailed(MobileKeywordMain.groovy:40)
	at com.kms.katalon.core.mobile.keyword.builtin.VerifyElementVisibleKeyword$_verifyElementVisible_closure1.doCall(VerifyElementVisibleKeyword.groovy:82)
	at com.kms.katalon.core.mobile.keyword.builtin.VerifyElementVisibleKeyword$_verifyElementVisible_closure1.call(VerifyElementVisibleKeyword.groovy)
	at com.kms.katalon.core.mobile.keyword.internal.MobileKeywordMain.runKeyword(MobileKeywordMain.groovy:21)
	at com.kms.katalon.core.mobile.keyword.builtin.VerifyElementVisibleKeyword.verifyElementVisible(VerifyElementVisibleKeyword.groovy:85)
	at com.kms.katalon.core.mobile.keyword.builtin.VerifyElementVisibleKeyword.execute(VerifyElementVisibleKeyword.groovy:64)
	at com.kms.katalon.core.keyword.internal.KeywordExecutor.executeKeywordForPlatform(KeywordExecutor.groovy:74)
	at com.kms.katalon.core.mobile.keyword.MobileBuiltInKeywords.verifyElementVisible(MobileBuiltInKeywords.groovy:2031)
	at com.kms.katalon.core.mobile.keyword.MobileBuiltInKeywords$verifyElementVisible$6.call(Unknown Source)
	at 06- Inscription avec le lien Inscriver-vous (MSR-2).run(06- Inscription avec le lien Inscriver-vous (MSR-2):24)
	at com.kms.katalon.core.main.ScriptEngine.run(ScriptEngine.java:194)
	at com.kms.katalon.core.main.ScriptEngine.runScriptAsRawText(ScriptEngine.java:119)
	at com.kms.katalon.core.main.TestCaseExecutor.runScript(TestCaseExecutor.java:448)
	at com.kms.katalon.core.main.TestCaseExecutor.doExecute(TestCaseExecutor.java:439)
	at com.kms.katalon.core.main.TestCaseExecutor.processExecutionPhase(TestCaseExecutor.java:418)
	at com.kms.katalon.core.main.TestCaseExecutor.accessMainPhase(TestCaseExecutor.java:410)
	at com.kms.katalon.core.main.TestCaseExecutor.execute(TestCaseExecutor.java:285)
	at com.kms.katalon.core.common.CommonExecutor.accessTestCaseMainPhase(CommonExecutor.java:65)
	at com.kms.katalon.core.main.TestSuiteExecutor.accessTestSuiteMainPhase(TestSuiteExecutor.java:151)
	at com.kms.katalon.core.main.TestSuiteExecutor.execute(TestSuiteExecutor.java:106)
	at com.kms.katalon.core.main.TestCaseMain.startTestSuite(TestCaseMain.java:185)
	at com.kms.katalon.core.main.TestCaseMain$startTestSuite$0.call(Unknown Source)
	at TempTestSuite1669119550736.run(TempTestSuite1669119550736.groovy:36)]]></system-err>
      </testcase>
      <testcase name="Test Cases/Cas de test passant/07- Modification de mot de passe oublier (MSR-3 et MSR-27)" time="55.396" classname="Test Cases/Cas de test passant/07- Modification de mot de passe oublier (MSR-3 et MSR-27)" status="PASSED">
         <system-out><![CDATA[2022-11-22 13:23:21 - [TEST_CASE][PASSED] - Test Cases/Cas de test passant/07- Modification de mot de passe oublier (MSR-3 et MSR-27): Test Cases/Cas de test passant/07- Modification de mot de passe oublier (MSR-3 et MSR-27)

2022-11-22 13:23:21 - [TEST_STEP][PASSED] - startApplication("C:\Users\Ousseynou Diop\Desktop\APK Client\app-debug.apk", true): Started app at: 'C:\Users\Ousseynou Diop\Desktop\APK Client\app-debug.apk'

2022-11-22 13:23:56 - [MESSAGE][PASSED] - Started app at: 'C:\Users\Ousseynou Diop\Desktop\APK Client\app-debug.apk'

2022-11-22 13:23:56 - [TEST_STEP][PASSED] - tap(findTestObject("Object Repository/07-Modification de mot de passe oubliÃ©/android.widget.Button-Se connecter"), 0): Tapped on element 'Object Repository/07-Modification de mot de passe oubliÃ©/android.widget.Button-Se connecter'

2022-11-22 13:23:56 - [MESSAGE][WARNING] - Timeout '0' is invalid. Using default page load timeout: '30'

2022-11-22 13:23:58 - [MESSAGE][PASSED] - Tapped on element 'Object Repository/07-Modification de mot de passe oubliÃ©/android.widget.Button-Se connecter'

2022-11-22 13:23:58 - [TEST_STEP][PASSED] - tap(findTestObject("Object Repository/07-Modification de mot de passe oubliÃ©/android.widget.TextView - Mot de passe oubli"), 0): Tapped on element 'Object Repository/07-Modification de mot de passe oubliÃ©/android.widget.TextView - Mot de passe oubli'

2022-11-22 13:23:58 - [MESSAGE][WARNING] - Timeout '0' is invalid. Using default page load timeout: '30'

2022-11-22 13:24:06 - [MESSAGE][PASSED] - Tapped on element 'Object Repository/07-Modification de mot de passe oubliÃ©/android.widget.TextView - Mot de passe oubli'

2022-11-22 13:24:06 - [TEST_STEP][PASSED] - tap(findTestObject("07-Modification de mot de passe oubliÃ©/android.widget.EditText-username"), 0): Tapped on element 'Object Repository/07-Modification de mot de passe oubliÃ©/android.widget.EditText-username'

2022-11-22 13:24:06 - [MESSAGE][WARNING] - Timeout '0' is invalid. Using default page load timeout: '30'

2022-11-22 13:24:09 - [MESSAGE][PASSED] - Tapped on element 'Object Repository/07-Modification de mot de passe oubliÃ©/android.widget.EditText-username'

2022-11-22 13:24:09 - [TEST_STEP][PASSED] - setText(findTestObject("Object Repository/07-Modification de mot de passe oubliÃ©/android.widget.EditText-username"), "pacorabanne@yopmail.com", 0): Text 'pacorabanne@yopmail.com' has been set to element 'Object Repository/07-Modification de mot de passe oubliÃ©/android.widget.EditText-username'

2022-11-22 13:24:09 - [MESSAGE][WARNING] - Timeout '0' is invalid. Using default page load timeout: '30'

2022-11-22 13:24:09 - [MESSAGE][PASSED] - Text 'pacorabanne@yopmail.com' has been set to element 'Object Repository/07-Modification de mot de passe oubliÃ©/android.widget.EditText-username'

2022-11-22 13:24:09 - [TEST_STEP][PASSED] - tap(findTestObject("Object Repository/07-Modification de mot de passe oubliÃ©/android.widget.Button - Soumettre"), 0): Tapped on element 'Object Repository/07-Modification de mot de passe oubliÃ©/android.widget.Button - Soumettre'

2022-11-22 13:24:09 - [MESSAGE][WARNING] - Timeout '0' is invalid. Using default page load timeout: '30'

2022-11-22 13:24:11 - [MESSAGE][PASSED] - Tapped on element 'Object Repository/07-Modification de mot de passe oubliÃ©/android.widget.Button - Soumettre'

2022-11-22 13:24:11 - [TEST_STEP][PASSED] - verifyElementVisible(findTestObject("Object Repository/07-Modification de mot de passe oubliÃ©/android.widget.TextView - Vous devriez recevoir rapidement un courriel avec de plus amples instructions"), 0): Element 'Object Repository/07-Modification de mot de passe oubliÃ©/android.widget.TextView - Vous devriez recevoir rapidement un courriel avec de plus amples instructions' is visible

2022-11-22 13:24:11 - [MESSAGE][WARNING] - Timeout '0' is invalid. Using default page load timeout: '30'

2022-11-22 13:24:13 - [MESSAGE][PASSED] - Element 'Object Repository/07-Modification de mot de passe oubliÃ©/android.widget.TextView - Vous devriez recevoir rapidement un courriel avec de plus amples instructions' is visible

2022-11-22 13:24:13 - [TEST_STEP][PASSED] - closeApplication(): Close app successfully

2022-11-22 13:24:16 - [MESSAGE][PASSED] - Close app successfully]]></system-out>
         <system-err><![CDATA[]]></system-err>
      </testcase>
      <testcase name="Test Cases/Cas de test passant/08- AccÃ©der au service de livraison de colis (MSR-283)" time="50.201" classname="Test Cases/Cas de test passant/08- AccÃ©der au service de livraison de colis (MSR-283)" status="PASSED">
         <system-out><![CDATA[2022-11-22 13:24:16 - [TEST_CASE][PASSED] - Test Cases/Cas de test passant/08- AccÃ©der au service de livraison de colis (MSR-283): Test Cases/Cas de test passant/08- AccÃ©der au service de livraison de colis (MSR-283)

2022-11-22 13:24:16 - [TEST_STEP][PASSED] - startApplication("C:\Users\Ousseynou Diop\Desktop\APK Client\app-debug.apk", true): Started app at: 'C:\Users\Ousseynou Diop\Desktop\APK Client\app-debug.apk'

2022-11-22 13:24:17 - [MESSAGE][INFO] - Detected NodeJS location: "C:\Program Files\nodejs\node.exe"

2022-11-22 13:24:18 - [MESSAGE][INFO] - Appium server started on port 62Â 722

2022-11-22 13:24:53 - [MESSAGE][PASSED] - Started app at: 'C:\Users\Ousseynou Diop\Desktop\APK Client\app-debug.apk'

2022-11-22 13:24:53 - [TEST_STEP][PASSED] - tap(findTestObject("Object Repository/08-AccÃ©der au service de livraison de colis/android.widget.Button-Continuer en mode Guest"), 0): Tapped on element 'Object Repository/08-AccÃ©der au service de livraison de colis/android.widget.Button-Continuer en mode Guest'

2022-11-22 13:24:53 - [MESSAGE][WARNING] - Timeout '0' is invalid. Using default page load timeout: '30'

2022-11-22 13:24:55 - [MESSAGE][PASSED] - Tapped on element 'Object Repository/08-AccÃ©der au service de livraison de colis/android.widget.Button-Continuer en mode Guest'

2022-11-22 13:24:55 - [TEST_STEP][PASSED] - tap(findTestObject("Object Repository/08-AccÃ©der au service de livraison de colis/android.view.View- Onglet  Livraison de colis"), 0): Tapped on element 'Object Repository/08-AccÃ©der au service de livraison de colis/android.view.View- Onglet  Livraison de colis'

2022-11-22 13:24:55 - [MESSAGE][WARNING] - Timeout '0' is invalid. Using default page load timeout: '30'

2022-11-22 13:24:58 - [MESSAGE][PASSED] - Tapped on element 'Object Repository/08-AccÃ©der au service de livraison de colis/android.view.View- Onglet  Livraison de colis'

2022-11-22 13:24:58 - [TEST_STEP][PASSED] - verifyElementVisible(findTestObject("Object Repository/08-AccÃ©der au service de livraison de colis/android.widget.EditText - Adresse de collecte"), 0): Element 'Object Repository/08-AccÃ©der au service de livraison de colis/android.widget.EditText - Adresse de collecte' is visible

2022-11-22 13:24:58 - [MESSAGE][WARNING] - Timeout '0' is invalid. Using default page load timeout: '30'

2022-11-22 13:25:03 - [MESSAGE][PASSED] - Element 'Object Repository/08-AccÃ©der au service de livraison de colis/android.widget.EditText - Adresse de collecte' is visible

2022-11-22 13:25:03 - [TEST_STEP][PASSED] - closeApplication(): Close app successfully

2022-11-22 13:25:06 - [MESSAGE][PASSED] - Close app successfully]]></system-out>
         <system-err><![CDATA[]]></system-err>
      </testcase>
      <testcase name="Test Cases/Cas de test passant/09-AccÃ©der au service faire sa course en ligne (MSR-283)" time="45.1" classname="Test Cases/Cas de test passant/09-AccÃ©der au service faire sa course en ligne (MSR-283)" status="PASSED">
         <system-out><![CDATA[2022-11-22 13:25:06 - [TEST_CASE][PASSED] - Test Cases/Cas de test passant/09-AccÃ©der au service faire sa course en ligne (MSR-283): Test Cases/Cas de test passant/09-AccÃ©der au service faire sa course en ligne (MSR-283)

2022-11-22 13:25:07 - [TEST_STEP][PASSED] - startApplication("C:\Users\Ousseynou Diop\Desktop\APK Client\app-debug.apk", true): Started app at: 'C:\Users\Ousseynou Diop\Desktop\APK Client\app-debug.apk'

2022-11-22 13:25:07 - [MESSAGE][INFO] - Detected NodeJS location: "C:\Program Files\nodejs\node.exe"

2022-11-22 13:25:08 - [MESSAGE][INFO] - Appium server started on port 62Â 847

2022-11-22 13:25:41 - [MESSAGE][PASSED] - Started app at: 'C:\Users\Ousseynou Diop\Desktop\APK Client\app-debug.apk'

2022-11-22 13:25:41 - [TEST_STEP][PASSED] - tap(findTestObject("Object Repository/09-AccÃ©der au service Faire sa course en ligne/android.widget.Button-Continuer en mode Guest"), 0): Tapped on element 'Object Repository/09-AccÃ©der au service Faire sa course en ligne/android.widget.Button-Continuer en mode Guest'

2022-11-22 13:25:41 - [MESSAGE][WARNING] - Timeout '0' is invalid. Using default page load timeout: '30'

2022-11-22 13:25:43 - [MESSAGE][PASSED] - Tapped on element 'Object Repository/09-AccÃ©der au service Faire sa course en ligne/android.widget.Button-Continuer en mode Guest'

2022-11-22 13:25:43 - [TEST_STEP][PASSED] - tap(findTestObject("Object Repository/09-AccÃ©der au service Faire sa course en ligne/android.view.View-Onglet Faire ses courses"), 0): Tapped on element 'Object Repository/09-AccÃ©der au service Faire sa course en ligne/android.view.View-Onglet Faire ses courses'

2022-11-22 13:25:43 - [MESSAGE][WARNING] - Timeout '0' is invalid. Using default page load timeout: '30'

2022-11-22 13:25:46 - [MESSAGE][PASSED] - Tapped on element 'Object Repository/09-AccÃ©der au service Faire sa course en ligne/android.view.View-Onglet Faire ses courses'

2022-11-22 13:25:46 - [TEST_STEP][PASSED] - verifyElementVisible(findTestObject("Object Repository/09-AccÃ©der au service Faire sa course en ligne/android.widget.EditText - Votre adresse"), 0): Element 'Object Repository/09-AccÃ©der au service Faire sa course en ligne/android.widget.EditText - Votre adresse' is visible

2022-11-22 13:25:46 - [MESSAGE][WARNING] - Timeout '0' is invalid. Using default page load timeout: '30'

2022-11-22 13:25:49 - [MESSAGE][PASSED] - Element 'Object Repository/09-AccÃ©der au service Faire sa course en ligne/android.widget.EditText - Votre adresse' is visible

2022-11-22 13:25:49 - [TEST_STEP][PASSED] - closeApplication(): Close app successfully

2022-11-22 13:25:51 - [MESSAGE][PASSED] - Close app successfully]]></system-out>
         <system-err><![CDATA[]]></system-err>
      </testcase>
      <testcase name="Test Cases/Cas de test passant/10-Saisir ses adresses de collecte et de livraison MSR-214)" time="68.217" classname="Test Cases/Cas de test passant/10-Saisir ses adresses de collecte et de livraison MSR-214)" status="PASSED">
         <system-out><![CDATA[2022-11-22 13:25:51 - [TEST_CASE][PASSED] - Test Cases/Cas de test passant/10-Saisir ses adresses de collecte et de livraison MSR-214): Test Cases/Cas de test passant/10-Saisir ses adresses de collecte et de livraison MSR-214)

2022-11-22 13:25:52 - [TEST_STEP][PASSED] - startApplication("C:\Users\Ousseynou Diop\Desktop\APK Client\app-debug.apk", true): Started app at: 'C:\Users\Ousseynou Diop\Desktop\APK Client\app-debug.apk'

2022-11-22 13:25:52 - [MESSAGE][INFO] - Detected NodeJS location: "C:\Program Files\nodejs\node.exe"

2022-11-22 13:25:53 - [MESSAGE][INFO] - Appium server started on port 62Â 971

2022-11-22 13:26:28 - [MESSAGE][PASSED] - Started app at: 'C:\Users\Ousseynou Diop\Desktop\APK Client\app-debug.apk'

2022-11-22 13:26:28 - [TEST_STEP][PASSED] - tap(findTestObject("Object Repository/10-Saisir ses adresses de collecte et de livraison/android.widget.Button"), 0): Tapped on element 'Object Repository/10-Saisir ses adresses de collecte et de livraison/android.widget.Button'

2022-11-22 13:26:28 - [MESSAGE][WARNING] - Timeout '0' is invalid. Using default page load timeout: '30'

2022-11-22 13:26:30 - [MESSAGE][PASSED] - Tapped on element 'Object Repository/10-Saisir ses adresses de collecte et de livraison/android.widget.Button'

2022-11-22 13:26:30 - [TEST_STEP][PASSED] - tap(findTestObject("Object Repository/10-Saisir ses adresses de collecte et de livraison/android.view.View- Onglet Livraison de colis"), 0): Tapped on element 'Object Repository/10-Saisir ses adresses de collecte et de livraison/android.view.View- Onglet Livraison de colis'

2022-11-22 13:26:30 - [MESSAGE][WARNING] - Timeout '0' is invalid. Using default page load timeout: '30'

2022-11-22 13:26:33 - [MESSAGE][PASSED] - Tapped on element 'Object Repository/10-Saisir ses adresses de collecte et de livraison/android.view.View- Onglet Livraison de colis'

2022-11-22 13:26:33 - [TEST_STEP][PASSED] - tap(findTestObject("Object Repository/10-Saisir ses adresses de collecte et de livraison/android.widget.EditText - Adresse de collecte"), 0): Tapped on element 'Object Repository/10-Saisir ses adresses de collecte et de livraison/android.widget.EditText - Adresse de collecte'

2022-11-22 13:26:33 - [MESSAGE][WARNING] - Timeout '0' is invalid. Using default page load timeout: '30'

2022-11-22 13:26:37 - [MESSAGE][PASSED] - Tapped on element 'Object Repository/10-Saisir ses adresses de collecte et de livraison/android.widget.EditText - Adresse de collecte'

2022-11-22 13:26:37 - [TEST_STEP][PASSED] - tap(findTestObject("Object Repository/10-Saisir ses adresses de collecte et de livraison/android.view.View-Ma position"), 0): Tapped on element 'Object Repository/10-Saisir ses adresses de collecte et de livraison/android.view.View-Ma position'

2022-11-22 13:26:37 - [MESSAGE][WARNING] - Timeout '0' is invalid. Using default page load timeout: '30'

2022-11-22 13:26:42 - [MESSAGE][PASSED] - Tapped on element 'Object Repository/10-Saisir ses adresses de collecte et de livraison/android.view.View-Ma position'

2022-11-22 13:26:42 - [TEST_STEP][PASSED] - tap(findTestObject("Object Repository/10-Saisir ses adresses de collecte et de livraison/android.widget.EditText - Adresse de livraison"), 0): Tapped on element 'Object Repository/10-Saisir ses adresses de collecte et de livraison/android.widget.EditText - Adresse de livraison'

2022-11-22 13:26:42 - [MESSAGE][WARNING] - Timeout '0' is invalid. Using default page load timeout: '30'

2022-11-22 13:26:47 - [MESSAGE][PASSED] - Tapped on element 'Object Repository/10-Saisir ses adresses de collecte et de livraison/android.widget.EditText - Adresse de livraison'

2022-11-22 13:26:47 - [TEST_STEP][PASSED] - setText(findTestObject("Object Repository/10-Saisir ses adresses de collecte et de livraison/android.widget.EditText - Adresse de livraison (1)"), "Pikine", 0): Text 'Pikine' has been set to element 'Object Repository/10-Saisir ses adresses de collecte et de livraison/android.widget.EditText - Adresse de livraison (1)'

2022-11-22 13:26:47 - [MESSAGE][WARNING] - Timeout '0' is invalid. Using default page load timeout: '30'

2022-11-22 13:26:48 - [MESSAGE][PASSED] - Text 'Pikine' has been set to element 'Object Repository/10-Saisir ses adresses de collecte et de livraison/android.widget.EditText - Adresse de livraison (1)'

2022-11-22 13:26:48 - [TEST_STEP][PASSED] - tap(findTestObject("10-Saisir ses adresses de collecte et de livraison/android.view.View"), 0): Tapped on element 'Object Repository/10-Saisir ses adresses de collecte et de livraison/android.view.View'

2022-11-22 13:26:48 - [MESSAGE][WARNING] - Timeout '0' is invalid. Using default page load timeout: '30'

2022-11-22 13:26:50 - [MESSAGE][PASSED] - Tapped on element 'Object Repository/10-Saisir ses adresses de collecte et de livraison/android.view.View'

2022-11-22 13:26:50 - [TEST_STEP][PASSED] - tap(findTestObject("Object Repository/10-Saisir ses adresses de collecte et de livraison/android.widget.Button- Continuer"), 0): Tapped on element 'Object Repository/10-Saisir ses adresses de collecte et de livraison/android.widget.Button- Continuer'

2022-11-22 13:26:50 - [MESSAGE][WARNING] - Timeout '0' is invalid. Using default page load timeout: '30'

2022-11-22 13:26:52 - [MESSAGE][PASSED] - Tapped on element 'Object Repository/10-Saisir ses adresses de collecte et de livraison/android.widget.Button- Continuer'

2022-11-22 13:26:52 - [TEST_STEP][PASSED] - verifyElementVisible(findTestObject("10-Saisir ses adresses de collecte et de livraison/android.widget.ImageView"), 0): Element 'Object Repository/10-Saisir ses adresses de collecte et de livraison/android.widget.ImageView' is visible

2022-11-22 13:26:52 - [MESSAGE][WARNING] - Timeout '0' is invalid. Using default page load timeout: '30'

2022-11-22 13:26:56 - [MESSAGE][PASSED] - Element 'Object Repository/10-Saisir ses adresses de collecte et de livraison/android.widget.ImageView' is visible

2022-11-22 13:26:56 - [TEST_STEP][PASSED] - closeApplication(): Close app successfully

2022-11-22 13:27:00 - [MESSAGE][PASSED] - Close app successfully]]></system-out>
         <system-err><![CDATA[]]></system-err>
      </testcase>
      <testcase name="Test Cases/Cas de test passant/11- Ajouter un colis au panier (MSR-295)" time="87.147" classname="Test Cases/Cas de test passant/11- Ajouter un colis au panier (MSR-295)" status="PASSED">
         <system-out><![CDATA[2022-11-22 13:27:00 - [TEST_CASE][PASSED] - Test Cases/Cas de test passant/11- Ajouter un colis au panier (MSR-295): Test Cases/Cas de test passant/11- Ajouter un colis au panier (MSR-295)

2022-11-22 13:27:00 - [TEST_STEP][PASSED] - startApplication("C:\Users\Ousseynou Diop\Desktop\APK Client\app-debug.apk", true): Started app at: 'C:\Users\Ousseynou Diop\Desktop\APK Client\app-debug.apk'

2022-11-22 13:27:00 - [MESSAGE][INFO] - Detected NodeJS location: "C:\Program Files\nodejs\node.exe"

2022-11-22 13:27:01 - [MESSAGE][INFO] - Appium server started on port 63Â 101

2022-11-22 13:27:35 - [MESSAGE][PASSED] - Started app at: 'C:\Users\Ousseynou Diop\Desktop\APK Client\app-debug.apk'

2022-11-22 13:27:35 - [TEST_STEP][PASSED] - tap(findTestObject("Object Repository/11-Ajouter un colis au panier/android.widget.Button-Continuer en mode Guest"), 0): Tapped on element 'Object Repository/11-Ajouter un colis au panier/android.widget.Button-Continuer en mode Guest'

2022-11-22 13:27:35 - [MESSAGE][WARNING] - Timeout '0' is invalid. Using default page load timeout: '30'

2022-11-22 13:27:38 - [MESSAGE][PASSED] - Tapped on element 'Object Repository/11-Ajouter un colis au panier/android.widget.Button-Continuer en mode Guest'

2022-11-22 13:27:38 - [TEST_STEP][PASSED] - tap(findTestObject("Object Repository/11-Ajouter un colis au panier/android.view.View-Onglet  Livraison de colis"), 0): Tapped on element 'Object Repository/11-Ajouter un colis au panier/android.view.View-Onglet  Livraison de colis'

2022-11-22 13:27:38 - [MESSAGE][WARNING] - Timeout '0' is invalid. Using default page load timeout: '30'

2022-11-22 13:27:41 - [MESSAGE][PASSED] - Tapped on element 'Object Repository/11-Ajouter un colis au panier/android.view.View-Onglet  Livraison de colis'

2022-11-22 13:27:41 - [TEST_STEP][PASSED] - tap(findTestObject("Object Repository/11-Ajouter un colis au panier/android.widget.EditText - Adresse de collecte"), 0): Tapped on element 'Object Repository/11-Ajouter un colis au panier/android.widget.EditText - Adresse de collecte'

2022-11-22 13:27:41 - [MESSAGE][WARNING] - Timeout '0' is invalid. Using default page load timeout: '30'

2022-11-22 13:27:45 - [MESSAGE][PASSED] - Tapped on element 'Object Repository/11-Ajouter un colis au panier/android.widget.EditText - Adresse de collecte'

2022-11-22 13:27:45 - [TEST_STEP][PASSED] - tap(findTestObject("Object Repository/11-Ajouter un colis au panier/android.view.View- Ma position"), 0): Tapped on element 'Object Repository/11-Ajouter un colis au panier/android.view.View- Ma position'

2022-11-22 13:27:45 - [MESSAGE][WARNING] - Timeout '0' is invalid. Using default page load timeout: '30'

2022-11-22 13:27:49 - [MESSAGE][PASSED] - Tapped on element 'Object Repository/11-Ajouter un colis au panier/android.view.View- Ma position'

2022-11-22 13:27:49 - [TEST_STEP][PASSED] - tap(findTestObject("Object Repository/11-Ajouter un colis au panier/android.widget.EditText - Adresse de livraison"), 0): Tapped on element 'Object Repository/11-Ajouter un colis au panier/android.widget.EditText - Adresse de livraison'

2022-11-22 13:27:49 - [MESSAGE][WARNING] - Timeout '0' is invalid. Using default page load timeout: '30'

2022-11-22 13:27:52 - [MESSAGE][PASSED] - Tapped on element 'Object Repository/11-Ajouter un colis au panier/android.widget.EditText - Adresse de livraison'

2022-11-22 13:27:52 - [TEST_STEP][PASSED] - setText(findTestObject("Object Repository/11-Ajouter un colis au panier/android.widget.EditText - Adresse de livraison (1)"), "Pikine Rue 10", 0): Text 'Pikine Rue 10' has been set to element 'Object Repository/11-Ajouter un colis au panier/android.widget.EditText - Adresse de livraison (1)'

2022-11-22 13:27:52 - [MESSAGE][WARNING] - Timeout '0' is invalid. Using default page load timeout: '30'

2022-11-22 13:27:55 - [MESSAGE][PASSED] - Text 'Pikine Rue 10' has been set to element 'Object Repository/11-Ajouter un colis au panier/android.widget.EditText - Adresse de livraison (1)'

2022-11-22 13:27:55 - [TEST_STEP][PASSED] - tap(findTestObject("Object Repository/11-Ajouter un colis au panier/android.view.View- Pikine Rue 10, Dakar, Senegal"), 0): Tapped on element 'Object Repository/11-Ajouter un colis au panier/android.view.View- Pikine Rue 10, Dakar, Senegal'

2022-11-22 13:27:55 - [MESSAGE][WARNING] - Timeout '0' is invalid. Using default page load timeout: '30'

2022-11-22 13:27:58 - [MESSAGE][PASSED] - Tapped on element 'Object Repository/11-Ajouter un colis au panier/android.view.View- Pikine Rue 10, Dakar, Senegal'

2022-11-22 13:27:58 - [TEST_STEP][PASSED] - tap(findTestObject("Object Repository/11-Ajouter un colis au panier/android.widget.Button Continuer"), 0): Tapped on element 'Object Repository/11-Ajouter un colis au panier/android.widget.Button Continuer'

2022-11-22 13:27:58 - [MESSAGE][WARNING] - Timeout '0' is invalid. Using default page load timeout: '30'

2022-11-22 13:28:00 - [MESSAGE][PASSED] - Tapped on element 'Object Repository/11-Ajouter un colis au panier/android.widget.Button Continuer'

2022-11-22 13:28:00 - [TEST_STEP][PASSED] - tap(findTestObject("Object Repository/11-Ajouter un colis au panier/android.view.View"), 0): Tapped on element 'Object Repository/11-Ajouter un colis au panier/android.view.View'

2022-11-22 13:28:00 - [MESSAGE][WARNING] - Timeout '0' is invalid. Using default page load timeout: '30'

2022-11-22 13:28:04 - [MESSAGE][PASSED] - Tapped on element 'Object Repository/11-Ajouter un colis au panier/android.view.View'

2022-11-22 13:28:04 - [TEST_STEP][PASSED] - tap(findTestObject("Object Repository/11-Ajouter un colis au panier/android.widget.Button"), 0): Tapped on element 'Object Repository/11-Ajouter un colis au panier/android.widget.Button'

2022-11-22 13:28:04 - [MESSAGE][WARNING] - Timeout '0' is invalid. Using default page load timeout: '30'

2022-11-22 13:28:04 - [MESSAGE][PASSED] - Tapped on element 'Object Repository/11-Ajouter un colis au panier/android.widget.Button'

2022-11-22 13:28:04 - [TEST_STEP][PASSED] - tap(findTestObject("Object Repository/11-Ajouter un colis au panier/android.view.View (1)"), 0): Tapped on element 'Object Repository/11-Ajouter un colis au panier/android.view.View (1)'

2022-11-22 13:28:04 - [MESSAGE][WARNING] - Timeout '0' is invalid. Using default page load timeout: '30'

2022-11-22 13:28:06 - [MESSAGE][PASSED] - Tapped on element 'Object Repository/11-Ajouter un colis au panier/android.view.View (1)'

2022-11-22 13:28:06 - [TEST_STEP][PASSED] - tap(findTestObject("Object Repository/11-Ajouter un colis au panier/android.widget.Button (1)"), 0): Tapped on element 'Object Repository/11-Ajouter un colis au panier/android.widget.Button (1)'

2022-11-22 13:28:06 - [MESSAGE][WARNING] - Timeout '0' is invalid. Using default page load timeout: '30'

2022-11-22 13:28:08 - [MESSAGE][PASSED] - Tapped on element 'Object Repository/11-Ajouter un colis au panier/android.widget.Button (1)'

2022-11-22 13:28:08 - [TEST_STEP][PASSED] - tap(findTestObject("Object Repository/11-Ajouter un colis au panier/android.view.View (2)"), 0): Tapped on element 'Object Repository/11-Ajouter un colis au panier/android.view.View (2)'

2022-11-22 13:28:08 - [MESSAGE][WARNING] - Timeout '0' is invalid. Using default page load timeout: '30'

2022-11-22 13:28:09 - [MESSAGE][PASSED] - Tapped on element 'Object Repository/11-Ajouter un colis au panier/android.view.View (2)'

2022-11-22 13:28:09 - [TEST_STEP][PASSED] - tap(findTestObject("Object Repository/11-Ajouter un colis au panier/android.widget.Button (2)"), 0): Tapped on element 'Object Repository/11-Ajouter un colis au panier/android.widget.Button (2)'

2022-11-22 13:28:09 - [MESSAGE][WARNING] - Timeout '0' is invalid. Using default page load timeout: '30'

2022-11-22 13:28:10 - [MESSAGE][PASSED] - Tapped on element 'Object Repository/11-Ajouter un colis au panier/android.widget.Button (2)'

2022-11-22 13:28:10 - [TEST_STEP][PASSED] - tap(findTestObject("Object Repository/11-Ajouter un colis au panier/android.view.View (3)"), 0): Tapped on element 'Object Repository/11-Ajouter un colis au panier/android.view.View (3)'

2022-11-22 13:28:10 - [MESSAGE][WARNING] - Timeout '0' is invalid. Using default page load timeout: '30'

2022-11-22 13:28:11 - [MESSAGE][PASSED] - Tapped on element 'Object Repository/11-Ajouter un colis au panier/android.view.View (3)'

2022-11-22 13:28:11 - [TEST_STEP][PASSED] - checkElement(findTestObject("Object Repository/11-Ajouter un colis au panier/android.widget.CheckBox-Beaut"), 0): Element 'Object Repository/11-Ajouter un colis au panier/android.widget.CheckBox-Beaut' is checked

2022-11-22 13:28:11 - [MESSAGE][WARNING] - Timeout '0' is invalid. Using default page load timeout: '30'

2022-11-22 13:28:12 - [MESSAGE][PASSED] - Element 'Object Repository/11-Ajouter un colis au panier/android.widget.CheckBox-Beaut' is checked

2022-11-22 13:28:12 - [TEST_STEP][PASSED] - checkElement(findTestObject("Object Repository/11-Ajouter un colis au panier/android.widget.CheckBox-Sant"), 0): Element 'Object Repository/11-Ajouter un colis au panier/android.widget.CheckBox-Sant' is checked

2022-11-22 13:28:12 - [MESSAGE][WARNING] - Timeout '0' is invalid. Using default page load timeout: '30'

2022-11-22 13:28:13 - [MESSAGE][PASSED] - Element 'Object Repository/11-Ajouter un colis au panier/android.widget.CheckBox-Sant' is checked

2022-11-22 13:28:13 - [TEST_STEP][PASSED] - scrollToText("Saisir la description exacte de votre colis", CONTINUE_ON_FAILURE): Scrolling to text 'Saisir la description exacte de votre colis' successfully

2022-11-22 13:28:16 - [MESSAGE][PASSED] - Scrolling to text 'Saisir la description exacte de votre colis' successfully

2022-11-22 13:28:16 - [TEST_STEP][PASSED] - tap(findTestObject("11-Ajouter un colis au panier/android.widget.EditText - Saisir la description exacte de votre colis (1)"), 0): Tapped on element 'Object Repository/11-Ajouter un colis au panier/android.widget.EditText - Saisir la description exacte de votre colis (1)'

2022-11-22 13:28:16 - [MESSAGE][WARNING] - Timeout '0' is invalid. Using default page load timeout: '30'

2022-11-22 13:28:17 - [MESSAGE][PASSED] - Tapped on element 'Object Repository/11-Ajouter un colis au panier/android.widget.EditText - Saisir la description exacte de votre colis (1)'

2022-11-22 13:28:17 - [TEST_STEP][PASSED] - setText(findTestObject("Object Repository/11-Ajouter un colis au panier/android.widget.EditText - Saisir la description exacte de votre colis (1)"), "Baume", 0): Text 'Baume' has been set to element 'Object Repository/11-Ajouter un colis au panier/android.widget.EditText - Saisir la description exacte de votre colis (1)'

2022-11-22 13:28:17 - [MESSAGE][WARNING] - Timeout '0' is invalid. Using default page load timeout: '30'

2022-11-22 13:28:19 - [MESSAGE][PASSED] - Text 'Baume' has been set to element 'Object Repository/11-Ajouter un colis au panier/android.widget.EditText - Saisir la description exacte de votre colis (1)'

2022-11-22 13:28:19 - [TEST_STEP][PASSED] - pressBack(): Press back button successfully

2022-11-22 13:28:20 - [MESSAGE][PASSED] - Press back button successfully

2022-11-22 13:28:20 - [TEST_STEP][PASSED] - tap(findTestObject("Object Repository/11-Ajouter un colis au panier/android.widget.Button-Ajouter au panier"), 0): Tapped on element 'Object Repository/11-Ajouter un colis au panier/android.widget.Button-Ajouter au panier'

2022-11-22 13:28:20 - [MESSAGE][WARNING] - Timeout '0' is invalid. Using default page load timeout: '30'

2022-11-22 13:28:21 - [MESSAGE][PASSED] - Tapped on element 'Object Repository/11-Ajouter un colis au panier/android.widget.Button-Ajouter au panier'

2022-11-22 13:28:21 - [TEST_STEP][PASSED] - verifyElementVisible(findTestObject("Object Repository/11-Ajouter un colis au panier/android.widget.Button-Valider mon panier"), 0): Element 'Object Repository/11-Ajouter un colis au panier/android.widget.Button-Valider mon panier' is visible

2022-11-22 13:28:21 - [MESSAGE][WARNING] - Timeout '0' is invalid. Using default page load timeout: '30'

2022-11-22 13:28:23 - [MESSAGE][PASSED] - Element 'Object Repository/11-Ajouter un colis au panier/android.widget.Button-Valider mon panier' is visible

2022-11-22 13:28:23 - [TEST_STEP][PASSED] - closeApplication(): Close app successfully

2022-11-22 13:28:27 - [MESSAGE][PASSED] - Close app successfully]]></system-out>
         <system-err><![CDATA[]]></system-err>
      </testcase>
      <testcase name="Test Cases/Cas de test passant/12- Retour Ã  la page d ajout d un colis au panier (MSR-295)" time="96.225" classname="Test Cases/Cas de test passant/12- Retour Ã  la page d ajout d un colis au panier (MSR-295)" status="PASSED">
         <system-out><![CDATA[2022-11-22 13:28:27 - [TEST_CASE][PASSED] - Test Cases/Cas de test passant/12- Retour Ã  la page d ajout d un colis au panier (MSR-295): Test Cases/Cas de test passant/12- Retour Ã  la page d ajout d un colis au panier (MSR-295)

2022-11-22 13:28:27 - [TEST_STEP][PASSED] - startApplication("C:\Users\Ousseynou Diop\Desktop\APK Client\app-debug.apk", true): Started app at: 'C:\Users\Ousseynou Diop\Desktop\APK Client\app-debug.apk'

2022-11-22 13:28:27 - [MESSAGE][INFO] - Detected NodeJS location: "C:\Program Files\nodejs\node.exe"

2022-11-22 13:28:28 - [MESSAGE][INFO] - Appium server started on port 63Â 243

2022-11-22 13:29:05 - [MESSAGE][PASSED] - Started app at: 'C:\Users\Ousseynou Diop\Desktop\APK Client\app-debug.apk'

2022-11-22 13:29:05 - [TEST_STEP][PASSED] - tap(findTestObject("Object Repository/11-Ajouter un colis au panier/android.widget.Button-Continuer en mode Guest"), 0): Tapped on element 'Object Repository/11-Ajouter un colis au panier/android.widget.Button-Continuer en mode Guest'

2022-11-22 13:29:05 - [MESSAGE][WARNING] - Timeout '0' is invalid. Using default page load timeout: '30'

2022-11-22 13:29:09 - [MESSAGE][PASSED] - Tapped on element 'Object Repository/11-Ajouter un colis au panier/android.widget.Button-Continuer en mode Guest'

2022-11-22 13:29:09 - [TEST_STEP][PASSED] - tap(findTestObject("Object Repository/11-Ajouter un colis au panier/android.view.View-Onglet  Livraison de colis"), 0): Tapped on element 'Object Repository/11-Ajouter un colis au panier/android.view.View-Onglet  Livraison de colis'

2022-11-22 13:29:09 - [MESSAGE][WARNING] - Timeout '0' is invalid. Using default page load timeout: '30'

2022-11-22 13:29:13 - [MESSAGE][PASSED] - Tapped on element 'Object Repository/11-Ajouter un colis au panier/android.view.View-Onglet  Livraison de colis'

2022-11-22 13:29:13 - [TEST_STEP][PASSED] - tap(findTestObject("Object Repository/11-Ajouter un colis au panier/android.widget.EditText - Adresse de collecte"), 0): Tapped on element 'Object Repository/11-Ajouter un colis au panier/android.widget.EditText - Adresse de collecte'

2022-11-22 13:29:13 - [MESSAGE][WARNING] - Timeout '0' is invalid. Using default page load timeout: '30'

2022-11-22 13:29:17 - [MESSAGE][PASSED] - Tapped on element 'Object Repository/11-Ajouter un colis au panier/android.widget.EditText - Adresse de collecte'

2022-11-22 13:29:17 - [TEST_STEP][PASSED] - tap(findTestObject("Object Repository/11-Ajouter un colis au panier/android.view.View- Ma position"), 0): Tapped on element 'Object Repository/11-Ajouter un colis au panier/android.view.View- Ma position'

2022-11-22 13:29:17 - [MESSAGE][WARNING] - Timeout '0' is invalid. Using default page load timeout: '30'

2022-11-22 13:29:22 - [MESSAGE][PASSED] - Tapped on element 'Object Repository/11-Ajouter un colis au panier/android.view.View- Ma position'

2022-11-22 13:29:22 - [TEST_STEP][PASSED] - tap(findTestObject("Object Repository/11-Ajouter un colis au panier/android.widget.EditText - Adresse de livraison"), 0): Tapped on element 'Object Repository/11-Ajouter un colis au panier/android.widget.EditText - Adresse de livraison'

2022-11-22 13:29:22 - [MESSAGE][WARNING] - Timeout '0' is invalid. Using default page load timeout: '30'

2022-11-22 13:29:25 - [MESSAGE][PASSED] - Tapped on element 'Object Repository/11-Ajouter un colis au panier/android.widget.EditText - Adresse de livraison'

2022-11-22 13:29:25 - [TEST_STEP][PASSED] - setText(findTestObject("Object Repository/11-Ajouter un colis au panier/android.widget.EditText - Adresse de livraison (1)"), "Pikine Rue 10", 0): Text 'Pikine Rue 10' has been set to element 'Object Repository/11-Ajouter un colis au panier/android.widget.EditText - Adresse de livraison (1)'

2022-11-22 13:29:25 - [MESSAGE][WARNING] - Timeout '0' is invalid. Using default page load timeout: '30'

2022-11-22 13:29:28 - [MESSAGE][PASSED] - Text 'Pikine Rue 10' has been set to element 'Object Repository/11-Ajouter un colis au panier/android.widget.EditText - Adresse de livraison (1)'

2022-11-22 13:29:28 - [TEST_STEP][PASSED] - tap(findTestObject("Object Repository/11-Ajouter un colis au panier/android.view.View- Pikine Rue 10, Dakar, Senegal"), 0): Tapped on element 'Object Repository/11-Ajouter un colis au panier/android.view.View- Pikine Rue 10, Dakar, Senegal'

2022-11-22 13:29:28 - [MESSAGE][WARNING] - Timeout '0' is invalid. Using default page load timeout: '30'

2022-11-22 13:29:31 - [MESSAGE][PASSED] - Tapped on element 'Object Repository/11-Ajouter un colis au panier/android.view.View- Pikine Rue 10, Dakar, Senegal'

2022-11-22 13:29:31 - [TEST_STEP][PASSED] - tap(findTestObject("Object Repository/11-Ajouter un colis au panier/android.widget.Button Continuer"), 0): Tapped on element 'Object Repository/11-Ajouter un colis au panier/android.widget.Button Continuer'

2022-11-22 13:29:31 - [MESSAGE][WARNING] - Timeout '0' is invalid. Using default page load timeout: '30'

2022-11-22 13:29:33 - [MESSAGE][PASSED] - Tapped on element 'Object Repository/11-Ajouter un colis au panier/android.widget.Button Continuer'

2022-11-22 13:29:33 - [TEST_STEP][PASSED] - tap(findTestObject("11-Ajouter un colis au panier/android.view.View"), 0): Tapped on element 'Object Repository/11-Ajouter un colis au panier/android.view.View'

2022-11-22 13:29:33 - [MESSAGE][WARNING] - Timeout '0' is invalid. Using default page load timeout: '30'

2022-11-22 13:29:37 - [MESSAGE][PASSED] - Tapped on element 'Object Repository/11-Ajouter un colis au panier/android.view.View'

2022-11-22 13:29:37 - [TEST_STEP][PASSED] - tap(findTestObject("Object Repository/11-Ajouter un colis au panier/android.widget.Button"), 0): Tapped on element 'Object Repository/11-Ajouter un colis au panier/android.widget.Button'

2022-11-22 13:29:37 - [MESSAGE][WARNING] - Timeout '0' is invalid. Using default page load timeout: '30'

2022-11-22 13:29:38 - [MESSAGE][PASSED] - Tapped on element 'Object Repository/11-Ajouter un colis au panier/android.widget.Button'

2022-11-22 13:29:38 - [TEST_STEP][PASSED] - tap(findTestObject("Object Repository/11-Ajouter un colis au panier/android.view.View (1)"), 0): Tapped on element 'Object Repository/11-Ajouter un colis au panier/android.view.View (1)'

2022-11-22 13:29:38 - [MESSAGE][WARNING] - Timeout '0' is invalid. Using default page load timeout: '30'

2022-11-22 13:29:39 - [MESSAGE][PASSED] - Tapped on element 'Object Repository/11-Ajouter un colis au panier/android.view.View (1)'

2022-11-22 13:29:39 - [TEST_STEP][PASSED] - tap(findTestObject("Object Repository/11-Ajouter un colis au panier/android.widget.Button (1)"), 0): Tapped on element 'Object Repository/11-Ajouter un colis au panier/android.widget.Button (1)'

2022-11-22 13:29:39 - [MESSAGE][WARNING] - Timeout '0' is invalid. Using default page load timeout: '30'

2022-11-22 13:29:41 - [MESSAGE][PASSED] - Tapped on element 'Object Repository/11-Ajouter un colis au panier/android.widget.Button (1)'

2022-11-22 13:29:41 - [TEST_STEP][PASSED] - tap(findTestObject("Object Repository/11-Ajouter un colis au panier/android.view.View (2)"), 0): Tapped on element 'Object Repository/11-Ajouter un colis au panier/android.view.View (2)'

2022-11-22 13:29:41 - [MESSAGE][WARNING] - Timeout '0' is invalid. Using default page load timeout: '30'

2022-11-22 13:29:42 - [MESSAGE][PASSED] - Tapped on element 'Object Repository/11-Ajouter un colis au panier/android.view.View (2)'

2022-11-22 13:29:42 - [TEST_STEP][PASSED] - tap(findTestObject("Object Repository/11-Ajouter un colis au panier/android.widget.Button (2)"), 0): Tapped on element 'Object Repository/11-Ajouter un colis au panier/android.widget.Button (2)'

2022-11-22 13:29:42 - [MESSAGE][WARNING] - Timeout '0' is invalid. Using default page load timeout: '30'

2022-11-22 13:29:43 - [MESSAGE][PASSED] - Tapped on element 'Object Repository/11-Ajouter un colis au panier/android.widget.Button (2)'

2022-11-22 13:29:43 - [TEST_STEP][PASSED] - tap(findTestObject("Object Repository/11-Ajouter un colis au panier/android.view.View (3)"), 0): Tapped on element 'Object Repository/11-Ajouter un colis au panier/android.view.View (3)'

2022-11-22 13:29:43 - [MESSAGE][WARNING] - Timeout '0' is invalid. Using default page load timeout: '30'

2022-11-22 13:29:44 - [MESSAGE][PASSED] - Tapped on element 'Object Repository/11-Ajouter un colis au panier/android.view.View (3)'

2022-11-22 13:29:44 - [TEST_STEP][PASSED] - checkElement(findTestObject("Object Repository/11-Ajouter un colis au panier/android.widget.CheckBox-Beaut"), 0): Element 'Object Repository/11-Ajouter un colis au panier/android.widget.CheckBox-Beaut' is checked

2022-11-22 13:29:44 - [MESSAGE][WARNING] - Timeout '0' is invalid. Using default page load timeout: '30'

2022-11-22 13:29:45 - [MESSAGE][PASSED] - Element 'Object Repository/11-Ajouter un colis au panier/android.widget.CheckBox-Beaut' is checked

2022-11-22 13:29:45 - [TEST_STEP][PASSED] - checkElement(findTestObject("Object Repository/11-Ajouter un colis au panier/android.widget.CheckBox-Sant"), 0): Element 'Object Repository/11-Ajouter un colis au panier/android.widget.CheckBox-Sant' is checked

2022-11-22 13:29:45 - [MESSAGE][WARNING] - Timeout '0' is invalid. Using default page load timeout: '30'

2022-11-22 13:29:47 - [MESSAGE][PASSED] - Element 'Object Repository/11-Ajouter un colis au panier/android.widget.CheckBox-Sant' is checked

2022-11-22 13:29:47 - [TEST_STEP][PASSED] - scrollToText("Saisir la description exacte de votre colis", CONTINUE_ON_FAILURE): Scrolling to text 'Saisir la description exacte de votre colis' successfully

2022-11-22 13:29:50 - [MESSAGE][PASSED] - Scrolling to text 'Saisir la description exacte de votre colis' successfully

2022-11-22 13:29:50 - [TEST_STEP][PASSED] - tap(findTestObject("11-Ajouter un colis au panier/android.widget.EditText - Saisir la description exacte de votre colis (1)"), 0): Tapped on element 'Object Repository/11-Ajouter un colis au panier/android.widget.EditText - Saisir la description exacte de votre colis (1)'

2022-11-22 13:29:50 - [MESSAGE][WARNING] - Timeout '0' is invalid. Using default page load timeout: '30'

2022-11-22 13:29:50 - [MESSAGE][PASSED] - Tapped on element 'Object Repository/11-Ajouter un colis au panier/android.widget.EditText - Saisir la description exacte de votre colis (1)'

2022-11-22 13:29:50 - [TEST_STEP][PASSED] - setText(findTestObject("Object Repository/11-Ajouter un colis au panier/android.widget.EditText - Saisir la description exacte de votre colis (1)"), "Baume", 0): Text 'Baume' has been set to element 'Object Repository/11-Ajouter un colis au panier/android.widget.EditText - Saisir la description exacte de votre colis (1)'

2022-11-22 13:29:51 - [MESSAGE][WARNING] - Timeout '0' is invalid. Using default page load timeout: '30'

2022-11-22 13:29:52 - [MESSAGE][PASSED] - Text 'Baume' has been set to element 'Object Repository/11-Ajouter un colis au panier/android.widget.EditText - Saisir la description exacte de votre colis (1)'

2022-11-22 13:29:52 - [TEST_STEP][PASSED] - pressBack(): Press back button successfully

2022-11-22 13:29:54 - [MESSAGE][PASSED] - Press back button successfully

2022-11-22 13:29:54 - [TEST_STEP][PASSED] - tap(findTestObject("Object Repository/11-Ajouter un colis au panier/android.widget.Button-Ajouter au panier"), 0): Tapped on element 'Object Repository/11-Ajouter un colis au panier/android.widget.Button-Ajouter au panier'

2022-11-22 13:29:54 - [MESSAGE][WARNING] - Timeout '0' is invalid. Using default page load timeout: '30'

2022-11-22 13:29:55 - [MESSAGE][PASSED] - Tapped on element 'Object Repository/11-Ajouter un colis au panier/android.widget.Button-Ajouter au panier'

2022-11-22 13:29:55 - [TEST_STEP][PASSED] - tap(findTestObject("Object Repository/12-Retour a la page d ajout d un colis/ButtonBack"), 0): Tapped on element 'Object Repository/12-Retour a la page d ajout d un colis/ButtonBack'

2022-11-22 13:29:55 - [MESSAGE][WARNING] - Timeout '0' is invalid. Using default page load timeout: '30'

2022-11-22 13:29:57 - [MESSAGE][PASSED] - Tapped on element 'Object Repository/12-Retour a la page d ajout d un colis/ButtonBack'

2022-11-22 13:29:57 - [TEST_STEP][PASSED] - verifyElementVisible(findTestObject("11-Ajouter un colis au panier/android.view.View"), 0): Element 'Object Repository/11-Ajouter un colis au panier/android.view.View' is visible

2022-11-22 13:29:57 - [MESSAGE][WARNING] - Timeout '0' is invalid. Using default page load timeout: '30'

2022-11-22 13:29:59 - [MESSAGE][PASSED] - Element 'Object Repository/11-Ajouter un colis au panier/android.view.View' is visible

2022-11-22 13:29:59 - [TEST_STEP][PASSED] - closeApplication(): Close app successfully

2022-11-22 13:30:03 - [MESSAGE][PASSED] - Close app successfully]]></system-out>
         <system-err><![CDATA[]]></system-err>
      </testcase>
      <testcase name="Test Cases/Cas de test passant/13-Supprimer un colis du panier ( MSR-295)" time="95.925" classname="Test Cases/Cas de test passant/13-Supprimer un colis du panier ( MSR-295)" status="FAILED">
         <failure type="FAILED" message="Test Cases/Cas de test passant/13-Supprimer un colis du panier ( MSR-295) FAILED.
Reason:
com.kms.katalon.core.exception.StepFailedException: Failed to check if element 'Object Repository/13-Supprimer un colis du panier/android.widget.ImageViewBaume' is not visible (Root cause: org.openqa.selenium.StaleElementReferenceException: Cached elements 'By.xpath: //*[@class = 'android.widget.ImageView' and @resource-id = '' and (@text = '' or . = '')]' do not exist in DOM anymore
For documentation on this error, please visit: https://www.seleniumhq.org/exceptions/stale_element_reference.html
Build info: version: '3.141.59', revision: 'e82be7d358', time: '2018-11-14T08:25:53'
System info: host: 'DESKTOP-QOR6BOM', ip: '192.168.1.5', os.name: 'Windows 10', os.arch: 'amd64', os.version: '10.0', java.version: '1.8.0_282'
Driver info: com.kms.katalon.core.appium.driver.SwipeableAndroidDriver
Capabilities {app: C:\Users\Ousseynou Diop\Des..., appPackage: fr.agiltoo.myshopper.custom..., autoGrantPermissions: true, automationName: uiautomator2, chromedriverPort: 63381, databaseEnabled: false, desired: {app: C:\Users\Ousseynou Diop\Des..., autoGrantPermissions: true, automationName: uiautomator2, chromedriverPort: 63381, deviceName: samsung SM-A022F (Android 11), fullReset: true, newCommandTimeout: 1800, noReset: false, platform: ANDROID, platformName: android, platformVersion: 11, systemPort: 63379, udid: RZ8R71P5YRT}, deviceApiLevel: 30, deviceManufacturer: samsung, deviceModel: SM-A022F, deviceName: RZ8R71P5YRT, deviceScreenDensity: 300, deviceScreenSize: 720x1600, deviceUDID: RZ8R71P5YRT, fullReset: true, javascriptEnabled: true, locationContextEnabled: false, networkConnectionEnabled: true, newCommandTimeout: 1800, noReset: false, pixelRatio: 1.875, platform: ANDROID, platformName: Android, platformVersion: 11, statBarHeight: 45, systemPort: 63379, takesScreenshot: true, udid: RZ8R71P5YRT, viewportRect: {height: 1420, left: 0, top: 45, width: 720}, warnings: {}, webStorageEnabled: false}
Session ID: 15ca75ce-72f3-4d7d-9702-1f2feb6b874a
	at org.openqa.selenium.remote.http.W3CHttpResponseCodec.createException(W3CHttpResponseCodec.java:187)
	at org.openqa.selenium.remote.http.W3CHttpResponseCodec.decode(W3CHttpResponseCodec.java:122)
	at org.openqa.selenium.remote.http.W3CHttpResponseCodec.decode(W3CHttpResponseCodec.java:49)
	at org.openqa.selenium.remote.HttpCommandExecutor.execute(HttpCommandExecutor.java:158)
	at io.appium.java_client.remote.AppiumCommandExecutor.execute(AppiumCommandExecutor.java:239)
	at org.openqa.selenium.remote.RemoteWebDriver.execute(RemoteWebDriver.java:552)
	at io.appium.java_client.DefaultGenericMobileDriver.execute(DefaultGenericMobileDriver.java:42)
	at io.appium.java_client.AppiumDriver.execute(AppiumDriver.java:1)
	at io.appium.java_client.android.AndroidDriver.execute(AndroidDriver.java:1)
	at com.kms.katalon.core.appium.driver.SwipeableAndroidDriver.execute(SwipeableAndroidDriver.java:1)
	at org.openqa.selenium.remote.RemoteWebElement.execute(RemoteWebElement.java:285)
	at io.appium.java_client.DefaultGenericMobileElement.execute(DefaultGenericMobileElement.java:45)
	at io.appium.java_client.MobileElement.execute(MobileElement.java:1)
	at io.appium.java_client.android.AndroidElement.execute(AndroidElement.java:1)
	at org.openqa.selenium.remote.RemoteWebElement.getLocation(RemoteWebElement.java:337)
	at org.openqa.selenium.WebElement$getLocation.call(Unknown Source)
	at com.kms.katalon.core.mobile.keyword.internal.MobileAbstractKeyword.findElement(MobileAbstractKeyword.groovy:86)
	at com.kms.katalon.core.mobile.keyword.builtin.VerifyElementNotVisibleKeyword.access$1(VerifyElementNotVisibleKeyword.groovy)
	at com.kms.katalon.core.mobile.keyword.builtin.VerifyElementNotVisibleKeyword$_verifyElementNotVisible_closure1.doCall(VerifyElementNotVisibleKeyword.groovy:72)
	at com.kms.katalon.core.mobile.keyword.builtin.VerifyElementNotVisibleKeyword$_verifyElementNotVisible_closure1.call(VerifyElementNotVisibleKeyword.groovy)
	at com.kms.katalon.core.mobile.keyword.internal.MobileKeywordMain.runKeyword(MobileKeywordMain.groovy:21)
	at com.kms.katalon.core.mobile.keyword.builtin.VerifyElementNotVisibleKeyword.verifyElementNotVisible(VerifyElementNotVisibleKeyword.groovy:85)
	at com.kms.katalon.core.mobile.keyword.builtin.VerifyElementNotVisibleKeyword.execute(VerifyElementNotVisibleKeyword.groovy:64)
	at com.kms.katalon.core.keyword.internal.KeywordExecutor.executeKeywordForPlatform(KeywordExecutor.groovy:74)
	at com.kms.katalon.core.mobile.keyword.MobileBuiltInKeywords.verifyElementNotVisible(MobileBuiltInKeywords.groovy:2064)
	at com.kms.katalon.core.mobile.keyword.MobileBuiltInKeywords$verifyElementNotVisible$5.call(Unknown Source)
	at 13-Supprimer un colis du panier ( MSR-295).run(13-Supprimer un colis du panier ( MSR-295):77)
	at com.kms.katalon.core.main.ScriptEngine.run(ScriptEngine.java:194)
	at com.kms.katalon.core.main.ScriptEngine.runScriptAsRawText(ScriptEngine.java:119)
	at com.kms.katalon.core.main.TestCaseExecutor.runScript(TestCaseExecutor.java:448)
	at com.kms.katalon.core.main.TestCaseExecutor.doExecute(TestCaseExecutor.java:439)
	at com.kms.katalon.core.main.TestCaseExecutor.processExecutionPhase(TestCaseExecutor.java:418)
	at com.kms.katalon.core.main.TestCaseExecutor.accessMainPhase(TestCaseExecutor.java:410)
	at com.kms.katalon.core.main.TestCaseExecutor.execute(TestCaseExecutor.java:285)
	at com.kms.katalon.core.common.CommonExecutor.accessTestCaseMainPhase(CommonExecutor.java:65)
	at com.kms.katalon.core.main.TestSuiteExecutor.accessTestSuiteMainPhase(TestSuiteExecutor.java:151)
	at com.kms.katalon.core.main.TestSuiteExecutor.execute(TestSuiteExecutor.java:106)
	at com.kms.katalon.core.main.TestCaseMain.startTestSuite(TestCaseMain.java:185)
	at com.kms.katalon.core.main.TestCaseMain$startTestSuite$0.call(Unknown Source)
	at TempTestSuite1669119550736.run(TempTestSuite1669119550736.groovy:36)
)
	at com.kms.katalon.core.keyword.internal.KeywordMain.stepFailed(KeywordMain.groovy:50)
	at com.kms.katalon.core.mobile.keyword.internal.MobileKeywordMain.stepFailed(MobileKeywordMain.groovy:40)
	at com.kms.katalon.core.mobile.keyword.internal.MobileKeywordMain.runKeyword(MobileKeywordMain.groovy:23)
	at com.kms.katalon.core.mobile.keyword.builtin.VerifyElementNotVisibleKeyword.verifyElementNotVisible(VerifyElementNotVisibleKeyword.groovy:85)
	at com.kms.katalon.core.mobile.keyword.builtin.VerifyElementNotVisibleKeyword.execute(VerifyElementNotVisibleKeyword.groovy:64)
	at com.kms.katalon.core.keyword.internal.KeywordExecutor.executeKeywordForPlatform(KeywordExecutor.groovy:74)
	at com.kms.katalon.core.mobile.keyword.MobileBuiltInKeywords.verifyElementNotVisible(MobileBuiltInKeywords.groovy:2064)
	at com.kms.katalon.core.mobile.keyword.MobileBuiltInKeywords$verifyElementNotVisible$5.call(Unknown Source)
	at 13-Supprimer un colis du panier ( MSR-295).run(13-Supprimer un colis du panier ( MSR-295):77)
	at com.kms.katalon.core.main.ScriptEngine.run(ScriptEngine.java:194)
	at com.kms.katalon.core.main.ScriptEngine.runScriptAsRawText(ScriptEngine.java:119)
	at com.kms.katalon.core.main.TestCaseExecutor.runScript(TestCaseExecutor.java:448)
	at com.kms.katalon.core.main.TestCaseExecutor.doExecute(TestCaseExecutor.java:439)
	at com.kms.katalon.core.main.TestCaseExecutor.processExecutionPhase(TestCaseExecutor.java:418)
	at com.kms.katalon.core.main.TestCaseExecutor.accessMainPhase(TestCaseExecutor.java:410)
	at com.kms.katalon.core.main.TestCaseExecutor.execute(TestCaseExecutor.java:285)
	at com.kms.katalon.core.common.CommonExecutor.accessTestCaseMainPhase(CommonExecutor.java:65)
	at com.kms.katalon.core.main.TestSuiteExecutor.accessTestSuiteMainPhase(TestSuiteExecutor.java:151)
	at com.kms.katalon.core.main.TestSuiteExecutor.execute(TestSuiteExecutor.java:106)
	at com.kms.katalon.core.main.TestCaseMain.startTestSuite(TestCaseMain.java:185)
	at com.kms.katalon.core.main.TestCaseMain$startTestSuite$0.call(Unknown Source)
	at TempTestSuite1669119550736.run(TempTestSuite1669119550736.groovy:36)
Caused by: org.openqa.selenium.StaleElementReferenceException: Cached elements 'By.xpath: //*[@class = 'android.widget.ImageView' and @resource-id = '' and (@text = '' or . = '')]' do not exist in DOM anymore
For documentation on this error, please visit: https://www.seleniumhq.org/exceptions/stale_element_reference.html
Build info: version: '3.141.59', revision: 'e82be7d358', time: '2018-11-14T08:25:53'
System info: host: 'DESKTOP-QOR6BOM', ip: '192.168.1.5', os.name: 'Windows 10', os.arch: 'amd64', os.version: '10.0', java.version: '1.8.0_282'
Driver info: com.kms.katalon.core.appium.driver.SwipeableAndroidDriver
Capabilities {app: C:\Users\Ousseynou Diop\Des..., appPackage: fr.agiltoo.myshopper.custom..., autoGrantPermissions: true, automationName: uiautomator2, chromedriverPort: 63381, databaseEnabled: false, desired: {app: C:\Users\Ousseynou Diop\Des..., autoGrantPermissions: true, automationName: uiautomator2, chromedriverPort: 63381, deviceName: samsung SM-A022F (Android 11), fullReset: true, newCommandTimeout: 1800, noReset: false, platform: ANDROID, platformName: android, platformVersion: 11, systemPort: 63379, udid: RZ8R71P5YRT}, deviceApiLevel: 30, deviceManufacturer: samsung, deviceModel: SM-A022F, deviceName: RZ8R71P5YRT, deviceScreenDensity: 300, deviceScreenSize: 720x1600, deviceUDID: RZ8R71P5YRT, fullReset: true, javascriptEnabled: true, locationContextEnabled: false, networkConnectionEnabled: true, newCommandTimeout: 1800, noReset: false, pixelRatio: 1.875, platform: ANDROID, platformName: Android, platformVersion: 11, statBarHeight: 45, systemPort: 63379, takesScreenshot: true, udid: RZ8R71P5YRT, viewportRect: {height: 1420, left: 0, top: 45, width: 720}, warnings: {}, webStorageEnabled: false}
Session ID: 15ca75ce-72f3-4d7d-9702-1f2feb6b874a
	at org.openqa.selenium.remote.http.W3CHttpResponseCodec.createException(W3CHttpResponseCodec.java:187)
	at org.openqa.selenium.remote.http.W3CHttpResponseCodec.decode(W3CHttpResponseCodec.java:122)
	at org.openqa.selenium.remote.http.W3CHttpResponseCodec.decode(W3CHttpResponseCodec.java:49)
	at org.openqa.selenium.remote.HttpCommandExecutor.execute(HttpCommandExecutor.java:158)
	at io.appium.java_client.remote.AppiumCommandExecutor.execute(AppiumCommandExecutor.java:239)
	at org.openqa.selenium.remote.RemoteWebDriver.execute(RemoteWebDriver.java:552)
	at io.appium.java_client.DefaultGenericMobileDriver.execute(DefaultGenericMobileDriver.java:42)
	at io.appium.java_client.AppiumDriver.execute(AppiumDriver.java:1)
	at io.appium.java_client.android.AndroidDriver.execute(AndroidDriver.java:1)
	at com.kms.katalon.core.appium.driver.SwipeableAndroidDriver.execute(SwipeableAndroidDriver.java:1)
	at org.openqa.selenium.remote.RemoteWebElement.execute(RemoteWebElement.java:285)
	at io.appium.java_client.DefaultGenericMobileElement.execute(DefaultGenericMobileElement.java:45)
	at io.appium.java_client.MobileElement.execute(MobileElement.java:1)
	at io.appium.java_client.android.AndroidElement.execute(AndroidElement.java:1)
	at org.openqa.selenium.remote.RemoteWebElement.getLocation(RemoteWebElement.java:337)
	at org.openqa.selenium.WebElement$getLocation.call(Unknown Source)
	at com.kms.katalon.core.mobile.keyword.internal.MobileAbstractKeyword.findElement(MobileAbstractKeyword.groovy:86)
	at com.kms.katalon.core.mobile.keyword.builtin.VerifyElementNotVisibleKeyword.access$1(VerifyElementNotVisibleKeyword.groovy)
	at com.kms.katalon.core.mobile.keyword.builtin.VerifyElementNotVisibleKeyword$_verifyElementNotVisible_closure1.doCall(VerifyElementNotVisibleKeyword.groovy:72)
	at com.kms.katalon.core.mobile.keyword.builtin.VerifyElementNotVisibleKeyword$_verifyElementNotVisible_closure1.call(VerifyElementNotVisibleKeyword.groovy)
	at com.kms.katalon.core.mobile.keyword.internal.MobileKeywordMain.runKeyword(MobileKeywordMain.groovy:21)
	... 19 more
"/>
         <system-out><![CDATA[2022-11-22 13:30:03 - [TEST_CASE][FAILED] - Test Cases/Cas de test passant/13-Supprimer un colis du panier ( MSR-295): Test Cases/Cas de test passant/13-Supprimer un colis du panier ( MSR-295) FAILED.
Reason:
com.kms.katalon.core.exception.StepFailedException: Failed to check if element 'Object Repository/13-Supprimer un colis du panier/android.widget.ImageViewBaume' is not visible (Root cause: org.openqa.selenium.StaleElementReferenceException: Cached elements 'By.xpath: //*[@class = 'android.widget.ImageView' and @resource-id = '' and (@text = '' or . = '')]' do not exist in DOM anymore
For documentation on this error, please visit: https://www.seleniumhq.org/exceptions/stale_element_reference.html
Build info: version: '3.141.59', revision: 'e82be7d358', time: '2018-11-14T08:25:53'
System info: host: 'DESKTOP-QOR6BOM', ip: '192.168.1.5', os.name: 'Windows 10', os.arch: 'amd64', os.version: '10.0', java.version: '1.8.0_282'
Driver info: com.kms.katalon.core.appium.driver.SwipeableAndroidDriver
Capabilities {app: C:\Users\Ousseynou Diop\Des..., appPackage: fr.agiltoo.myshopper.custom..., autoGrantPermissions: true, automationName: uiautomator2, chromedriverPort: 63381, databaseEnabled: false, desired: {app: C:\Users\Ousseynou Diop\Des..., autoGrantPermissions: true, automationName: uiautomator2, chromedriverPort: 63381, deviceName: samsung SM-A022F (Android 11), fullReset: true, newCommandTimeout: 1800, noReset: false, platform: ANDROID, platformName: android, platformVersion: 11, systemPort: 63379, udid: RZ8R71P5YRT}, deviceApiLevel: 30, deviceManufacturer: samsung, deviceModel: SM-A022F, deviceName: RZ8R71P5YRT, deviceScreenDensity: 300, deviceScreenSize: 720x1600, deviceUDID: RZ8R71P5YRT, fullReset: true, javascriptEnabled: true, locationContextEnabled: false, networkConnectionEnabled: true, newCommandTimeout: 1800, noReset: false, pixelRatio: 1.875, platform: ANDROID, platformName: Android, platformVersion: 11, statBarHeight: 45, systemPort: 63379, takesScreenshot: true, udid: RZ8R71P5YRT, viewportRect: {height: 1420, left: 0, top: 45, width: 720}, warnings: {}, webStorageEnabled: false}
Session ID: 15ca75ce-72f3-4d7d-9702-1f2feb6b874a
	at org.openqa.selenium.remote.http.W3CHttpResponseCodec.createException(W3CHttpResponseCodec.java:187)
	at org.openqa.selenium.remote.http.W3CHttpResponseCodec.decode(W3CHttpResponseCodec.java:122)
	at org.openqa.selenium.remote.http.W3CHttpResponseCodec.decode(W3CHttpResponseCodec.java:49)
	at org.openqa.selenium.remote.HttpCommandExecutor.execute(HttpCommandExecutor.java:158)
	at io.appium.java_client.remote.AppiumCommandExecutor.execute(AppiumCommandExecutor.java:239)
	at org.openqa.selenium.remote.RemoteWebDriver.execute(RemoteWebDriver.java:552)
	at io.appium.java_client.DefaultGenericMobileDriver.execute(DefaultGenericMobileDriver.java:42)
	at io.appium.java_client.AppiumDriver.execute(AppiumDriver.java:1)
	at io.appium.java_client.android.AndroidDriver.execute(AndroidDriver.java:1)
	at com.kms.katalon.core.appium.driver.SwipeableAndroidDriver.execute(SwipeableAndroidDriver.java:1)
	at org.openqa.selenium.remote.RemoteWebElement.execute(RemoteWebElement.java:285)
	at io.appium.java_client.DefaultGenericMobileElement.execute(DefaultGenericMobileElement.java:45)
	at io.appium.java_client.MobileElement.execute(MobileElement.java:1)
	at io.appium.java_client.android.AndroidElement.execute(AndroidElement.java:1)
	at org.openqa.selenium.remote.RemoteWebElement.getLocation(RemoteWebElement.java:337)
	at org.openqa.selenium.WebElement$getLocation.call(Unknown Source)
	at com.kms.katalon.core.mobile.keyword.internal.MobileAbstractKeyword.findElement(MobileAbstractKeyword.groovy:86)
	at com.kms.katalon.core.mobile.keyword.builtin.VerifyElementNotVisibleKeyword.access$1(VerifyElementNotVisibleKeyword.groovy)
	at com.kms.katalon.core.mobile.keyword.builtin.VerifyElementNotVisibleKeyword$_verifyElementNotVisible_closure1.doCall(VerifyElementNotVisibleKeyword.groovy:72)
	at com.kms.katalon.core.mobile.keyword.builtin.VerifyElementNotVisibleKeyword$_verifyElementNotVisible_closure1.call(VerifyElementNotVisibleKeyword.groovy)
	at com.kms.katalon.core.mobile.keyword.internal.MobileKeywordMain.runKeyword(MobileKeywordMain.groovy:21)
	at com.kms.katalon.core.mobile.keyword.builtin.VerifyElementNotVisibleKeyword.verifyElementNotVisible(VerifyElementNotVisibleKeyword.groovy:85)
	at com.kms.katalon.core.mobile.keyword.builtin.VerifyElementNotVisibleKeyword.execute(VerifyElementNotVisibleKeyword.groovy:64)
	at com.kms.katalon.core.keyword.internal.KeywordExecutor.executeKeywordForPlatform(KeywordExecutor.groovy:74)
	at com.kms.katalon.core.mobile.keyword.MobileBuiltInKeywords.verifyElementNotVisible(MobileBuiltInKeywords.groovy:2064)
	at com.kms.katalon.core.mobile.keyword.MobileBuiltInKeywords$verifyElementNotVisible$5.call(Unknown Source)
	at 13-Supprimer un colis du panier ( MSR-295).run(13-Supprimer un colis du panier ( MSR-295):77)
	at com.kms.katalon.core.main.ScriptEngine.run(ScriptEngine.java:194)
	at com.kms.katalon.core.main.ScriptEngine.runScriptAsRawText(ScriptEngine.java:119)
	at com.kms.katalon.core.main.TestCaseExecutor.runScript(TestCaseExecutor.java:448)
	at com.kms.katalon.core.main.TestCaseExecutor.doExecute(TestCaseExecutor.java:439)
	at com.kms.katalon.core.main.TestCaseExecutor.processExecutionPhase(TestCaseExecutor.java:418)
	at com.kms.katalon.core.main.TestCaseExecutor.accessMainPhase(TestCaseExecutor.java:410)
	at com.kms.katalon.core.main.TestCaseExecutor.execute(TestCaseExecutor.java:285)
	at com.kms.katalon.core.common.CommonExecutor.accessTestCaseMainPhase(CommonExecutor.java:65)
	at com.kms.katalon.core.main.TestSuiteExecutor.accessTestSuiteMainPhase(TestSuiteExecutor.java:151)
	at com.kms.katalon.core.main.TestSuiteExecutor.execute(TestSuiteExecutor.java:106)
	at com.kms.katalon.core.main.TestCaseMain.startTestSuite(TestCaseMain.java:185)
	at com.kms.katalon.core.main.TestCaseMain$startTestSuite$0.call(Unknown Source)
	at TempTestSuite1669119550736.run(TempTestSuite1669119550736.groovy:36)
)
	at com.kms.katalon.core.keyword.internal.KeywordMain.stepFailed(KeywordMain.groovy:50)
	at com.kms.katalon.core.mobile.keyword.internal.MobileKeywordMain.stepFailed(MobileKeywordMain.groovy:40)
	at com.kms.katalon.core.mobile.keyword.internal.MobileKeywordMain.runKeyword(MobileKeywordMain.groovy:23)
	at com.kms.katalon.core.mobile.keyword.builtin.VerifyElementNotVisibleKeyword.verifyElementNotVisible(VerifyElementNotVisibleKeyword.groovy:85)
	at com.kms.katalon.core.mobile.keyword.builtin.VerifyElementNotVisibleKeyword.execute(VerifyElementNotVisibleKeyword.groovy:64)
	at com.kms.katalon.core.keyword.internal.KeywordExecutor.executeKeywordForPlatform(KeywordExecutor.groovy:74)
	at com.kms.katalon.core.mobile.keyword.MobileBuiltInKeywords.verifyElementNotVisible(MobileBuiltInKeywords.groovy:2064)
	at com.kms.katalon.core.mobile.keyword.MobileBuiltInKeywords$verifyElementNotVisible$5.call(Unknown Source)
	at 13-Supprimer un colis du panier ( MSR-295).run(13-Supprimer un colis du panier ( MSR-295):77)
	at com.kms.katalon.core.main.ScriptEngine.run(ScriptEngine.java:194)
	at com.kms.katalon.core.main.ScriptEngine.runScriptAsRawText(ScriptEngine.java:119)
	at com.kms.katalon.core.main.TestCaseExecutor.runScript(TestCaseExecutor.java:448)
	at com.kms.katalon.core.main.TestCaseExecutor.doExecute(TestCaseExecutor.java:439)
	at com.kms.katalon.core.main.TestCaseExecutor.processExecutionPhase(TestCaseExecutor.java:418)
	at com.kms.katalon.core.main.TestCaseExecutor.accessMainPhase(TestCaseExecutor.java:410)
	at com.kms.katalon.core.main.TestCaseExecutor.execute(TestCaseExecutor.java:285)
	at com.kms.katalon.core.common.CommonExecutor.accessTestCaseMainPhase(CommonExecutor.java:65)
	at com.kms.katalon.core.main.TestSuiteExecutor.accessTestSuiteMainPhase(TestSuiteExecutor.java:151)
	at com.kms.katalon.core.main.TestSuiteExecutor.execute(TestSuiteExecutor.java:106)
	at com.kms.katalon.core.main.TestCaseMain.startTestSuite(TestCaseMain.java:185)
	at com.kms.katalon.core.main.TestCaseMain$startTestSuite$0.call(Unknown Source)
	at TempTestSuite1669119550736.run(TempTestSuite1669119550736.groovy:36)
Caused by: org.openqa.selenium.StaleElementReferenceException: Cached elements 'By.xpath: //*[@class = 'android.widget.ImageView' and @resource-id = '' and (@text = '' or . = '')]' do not exist in DOM anymore
For documentation on this error, please visit: https://www.seleniumhq.org/exceptions/stale_element_reference.html
Build info: version: '3.141.59', revision: 'e82be7d358', time: '2018-11-14T08:25:53'
System info: host: 'DESKTOP-QOR6BOM', ip: '192.168.1.5', os.name: 'Windows 10', os.arch: 'amd64', os.version: '10.0', java.version: '1.8.0_282'
Driver info: com.kms.katalon.core.appium.driver.SwipeableAndroidDriver
Capabilities {app: C:\Users\Ousseynou Diop\Des..., appPackage: fr.agiltoo.myshopper.custom..., autoGrantPermissions: true, automationName: uiautomator2, chromedriverPort: 63381, databaseEnabled: false, desired: {app: C:\Users\Ousseynou Diop\Des..., autoGrantPermissions: true, automationName: uiautomator2, chromedriverPort: 63381, deviceName: samsung SM-A022F (Android 11), fullReset: true, newCommandTimeout: 1800, noReset: false, platform: ANDROID, platformName: android, platformVersion: 11, systemPort: 63379, udid: RZ8R71P5YRT}, deviceApiLevel: 30, deviceManufacturer: samsung, deviceModel: SM-A022F, deviceName: RZ8R71P5YRT, deviceScreenDensity: 300, deviceScreenSize: 720x1600, deviceUDID: RZ8R71P5YRT, fullReset: true, javascriptEnabled: true, locationContextEnabled: false, networkConnectionEnabled: true, newCommandTimeout: 1800, noReset: false, pixelRatio: 1.875, platform: ANDROID, platformName: Android, platformVersion: 11, statBarHeight: 45, systemPort: 63379, takesScreenshot: true, udid: RZ8R71P5YRT, viewportRect: {height: 1420, left: 0, top: 45, width: 720}, warnings: {}, webStorageEnabled: false}
Session ID: 15ca75ce-72f3-4d7d-9702-1f2feb6b874a
	at org.openqa.selenium.remote.http.W3CHttpResponseCodec.createException(W3CHttpResponseCodec.java:187)
	at org.openqa.selenium.remote.http.W3CHttpResponseCodec.decode(W3CHttpResponseCodec.java:122)
	at org.openqa.selenium.remote.http.W3CHttpResponseCodec.decode(W3CHttpResponseCodec.java:49)
	at org.openqa.selenium.remote.HttpCommandExecutor.execute(HttpCommandExecutor.java:158)
	at io.appium.java_client.remote.AppiumCommandExecutor.execute(AppiumCommandExecutor.java:239)
	at org.openqa.selenium.remote.RemoteWebDriver.execute(RemoteWebDriver.java:552)
	at io.appium.java_client.DefaultGenericMobileDriver.execute(DefaultGenericMobileDriver.java:42)
	at io.appium.java_client.AppiumDriver.execute(AppiumDriver.java:1)
	at io.appium.java_client.android.AndroidDriver.execute(AndroidDriver.java:1)
	at com.kms.katalon.core.appium.driver.SwipeableAndroidDriver.execute(SwipeableAndroidDriver.java:1)
	at org.openqa.selenium.remote.RemoteWebElement.execute(RemoteWebElement.java:285)
	at io.appium.java_client.DefaultGenericMobileElement.execute(DefaultGenericMobileElement.java:45)
	at io.appium.java_client.MobileElement.execute(MobileElement.java:1)
	at io.appium.java_client.android.AndroidElement.execute(AndroidElement.java:1)
	at org.openqa.selenium.remote.RemoteWebElement.getLocation(RemoteWebElement.java:337)
	at org.openqa.selenium.WebElement$getLocation.call(Unknown Source)
	at com.kms.katalon.core.mobile.keyword.internal.MobileAbstractKeyword.findElement(MobileAbstractKeyword.groovy:86)
	at com.kms.katalon.core.mobile.keyword.builtin.VerifyElementNotVisibleKeyword.access$1(VerifyElementNotVisibleKeyword.groovy)
	at com.kms.katalon.core.mobile.keyword.builtin.VerifyElementNotVisibleKeyword$_verifyElementNotVisible_closure1.doCall(VerifyElementNotVisibleKeyword.groovy:72)
	at com.kms.katalon.core.mobile.keyword.builtin.VerifyElementNotVisibleKeyword$_verifyElementNotVisible_closure1.call(VerifyElementNotVisibleKeyword.groovy)
	at com.kms.katalon.core.mobile.keyword.internal.MobileKeywordMain.runKeyword(MobileKeywordMain.groovy:21)
	... 19 more


2022-11-22 13:30:03 - [TEST_STEP][PASSED] - startApplication("C:\Users\Ousseynou Diop\Desktop\APK Client\app-debug.apk", true): Started app at: 'C:\Users\Ousseynou Diop\Desktop\APK Client\app-debug.apk'

2022-11-22 13:30:04 - [MESSAGE][INFO] - Detected NodeJS location: "C:\Program Files\nodejs\node.exe"

2022-11-22 13:30:05 - [MESSAGE][INFO] - Appium server started on port 63Â 380

2022-11-22 13:30:40 - [MESSAGE][PASSED] - Started app at: 'C:\Users\Ousseynou Diop\Desktop\APK Client\app-debug.apk'

2022-11-22 13:30:40 - [TEST_STEP][PASSED] - tap(findTestObject("Object Repository/11-Ajouter un colis au panier/android.widget.Button-Continuer en mode Guest"), 0): Tapped on element 'Object Repository/11-Ajouter un colis au panier/android.widget.Button-Continuer en mode Guest'

2022-11-22 13:30:40 - [MESSAGE][WARNING] - Timeout '0' is invalid. Using default page load timeout: '30'

2022-11-22 13:30:44 - [MESSAGE][PASSED] - Tapped on element 'Object Repository/11-Ajouter un colis au panier/android.widget.Button-Continuer en mode Guest'

2022-11-22 13:30:44 - [TEST_STEP][PASSED] - tap(findTestObject("Object Repository/11-Ajouter un colis au panier/android.view.View-Onglet  Livraison de colis"), 0): Tapped on element 'Object Repository/11-Ajouter un colis au panier/android.view.View-Onglet  Livraison de colis'

2022-11-22 13:30:44 - [MESSAGE][WARNING] - Timeout '0' is invalid. Using default page load timeout: '30'

2022-11-22 13:30:47 - [MESSAGE][PASSED] - Tapped on element 'Object Repository/11-Ajouter un colis au panier/android.view.View-Onglet  Livraison de colis'

2022-11-22 13:30:47 - [TEST_STEP][PASSED] - tap(findTestObject("Object Repository/11-Ajouter un colis au panier/android.widget.EditText - Adresse de collecte"), 0): Tapped on element 'Object Repository/11-Ajouter un colis au panier/android.widget.EditText - Adresse de collecte'

2022-11-22 13:30:47 - [MESSAGE][WARNING] - Timeout '0' is invalid. Using default page load timeout: '30'

2022-11-22 13:30:52 - [MESSAGE][PASSED] - Tapped on element 'Object Repository/11-Ajouter un colis au panier/android.widget.EditText - Adresse de collecte'

2022-11-22 13:30:52 - [TEST_STEP][PASSED] - tap(findTestObject("Object Repository/11-Ajouter un colis au panier/android.view.View- Ma position"), 0): Tapped on element 'Object Repository/11-Ajouter un colis au panier/android.view.View- Ma position'

2022-11-22 13:30:52 - [MESSAGE][WARNING] - Timeout '0' is invalid. Using default page load timeout: '30'

2022-11-22 13:30:57 - [MESSAGE][PASSED] - Tapped on element 'Object Repository/11-Ajouter un colis au panier/android.view.View- Ma position'

2022-11-22 13:30:57 - [TEST_STEP][PASSED] - tap(findTestObject("Object Repository/11-Ajouter un colis au panier/android.widget.EditText - Adresse de livraison"), 0): Tapped on element 'Object Repository/11-Ajouter un colis au panier/android.widget.EditText - Adresse de livraison'

2022-11-22 13:30:57 - [MESSAGE][WARNING] - Timeout '0' is invalid. Using default page load timeout: '30'

2022-11-22 13:31:00 - [MESSAGE][PASSED] - Tapped on element 'Object Repository/11-Ajouter un colis au panier/android.widget.EditText - Adresse de livraison'

2022-11-22 13:31:00 - [TEST_STEP][PASSED] - setText(findTestObject("Object Repository/11-Ajouter un colis au panier/android.widget.EditText - Adresse de livraison (1)"), "Pikine Rue 10", 0): Text 'Pikine Rue 10' has been set to element 'Object Repository/11-Ajouter un colis au panier/android.widget.EditText - Adresse de livraison (1)'

2022-11-22 13:31:00 - [MESSAGE][WARNING] - Timeout '0' is invalid. Using default page load timeout: '30'

2022-11-22 13:31:04 - [MESSAGE][PASSED] - Text 'Pikine Rue 10' has been set to element 'Object Repository/11-Ajouter un colis au panier/android.widget.EditText - Adresse de livraison (1)'

2022-11-22 13:31:04 - [TEST_STEP][PASSED] - tap(findTestObject("Object Repository/11-Ajouter un colis au panier/android.view.View- Pikine Rue 10, Dakar, Senegal"), 0): Tapped on element 'Object Repository/11-Ajouter un colis au panier/android.view.View- Pikine Rue 10, Dakar, Senegal'

2022-11-22 13:31:04 - [MESSAGE][WARNING] - Timeout '0' is invalid. Using default page load timeout: '30'

2022-11-22 13:31:06 - [MESSAGE][PASSED] - Tapped on element 'Object Repository/11-Ajouter un colis au panier/android.view.View- Pikine Rue 10, Dakar, Senegal'

2022-11-22 13:31:06 - [TEST_STEP][PASSED] - tap(findTestObject("Object Repository/11-Ajouter un colis au panier/android.widget.Button Continuer"), 0): Tapped on element 'Object Repository/11-Ajouter un colis au panier/android.widget.Button Continuer'

2022-11-22 13:31:06 - [MESSAGE][WARNING] - Timeout '0' is invalid. Using default page load timeout: '30'

2022-11-22 13:31:08 - [MESSAGE][PASSED] - Tapped on element 'Object Repository/11-Ajouter un colis au panier/android.widget.Button Continuer'

2022-11-22 13:31:08 - [TEST_STEP][PASSED] - tap(findTestObject("Object Repository/11-Ajouter un colis au panier/android.view.View"), 0): Tapped on element 'Object Repository/11-Ajouter un colis au panier/android.view.View'

2022-11-22 13:31:08 - [MESSAGE][WARNING] - Timeout '0' is invalid. Using default page load timeout: '30'

2022-11-22 13:31:13 - [MESSAGE][PASSED] - Tapped on element 'Object Repository/11-Ajouter un colis au panier/android.view.View'

2022-11-22 13:31:13 - [TEST_STEP][PASSED] - tap(findTestObject("Object Repository/11-Ajouter un colis au panier/android.widget.Button"), 0): Tapped on element 'Object Repository/11-Ajouter un colis au panier/android.widget.Button'

2022-11-22 13:31:13 - [MESSAGE][WARNING] - Timeout '0' is invalid. Using default page load timeout: '30'

2022-11-22 13:31:13 - [MESSAGE][PASSED] - Tapped on element 'Object Repository/11-Ajouter un colis au panier/android.widget.Button'

2022-11-22 13:31:13 - [TEST_STEP][PASSED] - tap(findTestObject("Object Repository/11-Ajouter un colis au panier/android.view.View (1)"), 0): Tapped on element 'Object Repository/11-Ajouter un colis au panier/android.view.View (1)'

2022-11-22 13:31:13 - [MESSAGE][WARNING] - Timeout '0' is invalid. Using default page load timeout: '30'

2022-11-22 13:31:15 - [MESSAGE][PASSED] - Tapped on element 'Object Repository/11-Ajouter un colis au panier/android.view.View (1)'

2022-11-22 13:31:15 - [TEST_STEP][PASSED] - tap(findTestObject("Object Repository/11-Ajouter un colis au panier/android.widget.Button (1)"), 0): Tapped on element 'Object Repository/11-Ajouter un colis au panier/android.widget.Button (1)'

2022-11-22 13:31:15 - [MESSAGE][WARNING] - Timeout '0' is invalid. Using default page load timeout: '30'

2022-11-22 13:31:16 - [MESSAGE][PASSED] - Tapped on element 'Object Repository/11-Ajouter un colis au panier/android.widget.Button (1)'

2022-11-22 13:31:16 - [TEST_STEP][PASSED] - tap(findTestObject("Object Repository/11-Ajouter un colis au panier/android.view.View (2)"), 0): Tapped on element 'Object Repository/11-Ajouter un colis au panier/android.view.View (2)'

2022-11-22 13:31:17 - [MESSAGE][WARNING] - Timeout '0' is invalid. Using default page load timeout: '30'

2022-11-22 13:31:18 - [MESSAGE][PASSED] - Tapped on element 'Object Repository/11-Ajouter un colis au panier/android.view.View (2)'

2022-11-22 13:31:18 - [TEST_STEP][PASSED] - tap(findTestObject("Object Repository/11-Ajouter un colis au panier/android.widget.Button (2)"), 0): Tapped on element 'Object Repository/11-Ajouter un colis au panier/android.widget.Button (2)'

2022-11-22 13:31:18 - [MESSAGE][WARNING] - Timeout '0' is invalid. Using default page load timeout: '30'

2022-11-22 13:31:19 - [MESSAGE][PASSED] - Tapped on element 'Object Repository/11-Ajouter un colis au panier/android.widget.Button (2)'

2022-11-22 13:31:19 - [TEST_STEP][PASSED] - tap(findTestObject("Object Repository/11-Ajouter un colis au panier/android.view.View (3)"), 0): Tapped on element 'Object Repository/11-Ajouter un colis au panier/android.view.View (3)'

2022-11-22 13:31:19 - [MESSAGE][WARNING] - Timeout '0' is invalid. Using default page load timeout: '30'

2022-11-22 13:31:20 - [MESSAGE][PASSED] - Tapped on element 'Object Repository/11-Ajouter un colis au panier/android.view.View (3)'

2022-11-22 13:31:20 - [TEST_STEP][PASSED] - checkElement(findTestObject("Object Repository/11-Ajouter un colis au panier/android.widget.CheckBox-Beaut"), 0): Element 'Object Repository/11-Ajouter un colis au panier/android.widget.CheckBox-Beaut' is checked

2022-11-22 13:31:20 - [MESSAGE][WARNING] - Timeout '0' is invalid. Using default page load timeout: '30'

2022-11-22 13:31:21 - [MESSAGE][PASSED] - Element 'Object Repository/11-Ajouter un colis au panier/android.widget.CheckBox-Beaut' is checked

2022-11-22 13:31:21 - [TEST_STEP][PASSED] - checkElement(findTestObject("Object Repository/11-Ajouter un colis au panier/android.widget.CheckBox-Sant"), 0): Element 'Object Repository/11-Ajouter un colis au panier/android.widget.CheckBox-Sant' is checked

2022-11-22 13:31:21 - [MESSAGE][WARNING] - Timeout '0' is invalid. Using default page load timeout: '30'

2022-11-22 13:31:22 - [MESSAGE][PASSED] - Element 'Object Repository/11-Ajouter un colis au panier/android.widget.CheckBox-Sant' is checked

2022-11-22 13:31:22 - [TEST_STEP][PASSED] - scrollToText("Saisir la description exacte de votre colis", CONTINUE_ON_FAILURE): Scrolling to text 'Saisir la description exacte de votre colis' successfully

2022-11-22 13:31:25 - [MESSAGE][PASSED] - Scrolling to text 'Saisir la description exacte de votre colis' successfully

2022-11-22 13:31:25 - [TEST_STEP][PASSED] - tap(findTestObject("11-Ajouter un colis au panier/android.widget.EditText - Saisir la description exacte de votre colis (1)"), 0): Tapped on element 'Object Repository/11-Ajouter un colis au panier/android.widget.EditText - Saisir la description exacte de votre colis (1)'

2022-11-22 13:31:25 - [MESSAGE][WARNING] - Timeout '0' is invalid. Using default page load timeout: '30'

2022-11-22 13:31:26 - [MESSAGE][PASSED] - Tapped on element 'Object Repository/11-Ajouter un colis au panier/android.widget.EditText - Saisir la description exacte de votre colis (1)'

2022-11-22 13:31:26 - [TEST_STEP][PASSED] - setText(findTestObject("Object Repository/11-Ajouter un colis au panier/android.widget.EditText - Saisir la description exacte de votre colis (1)"), "Baume", 0): Text 'Baume' has been set to element 'Object Repository/11-Ajouter un colis au panier/android.widget.EditText - Saisir la description exacte de votre colis (1)'

2022-11-22 13:31:26 - [MESSAGE][WARNING] - Timeout '0' is invalid. Using default page load timeout: '30'

2022-11-22 13:31:28 - [MESSAGE][PASSED] - Text 'Baume' has been set to element 'Object Repository/11-Ajouter un colis au panier/android.widget.EditText - Saisir la description exacte de votre colis (1)'

2022-11-22 13:31:28 - [TEST_STEP][PASSED] - pressBack(): Press back button successfully

2022-11-22 13:31:29 - [MESSAGE][PASSED] - Press back button successfully

2022-11-22 13:31:29 - [TEST_STEP][PASSED] - tap(findTestObject("Object Repository/11-Ajouter un colis au panier/android.widget.Button-Ajouter au panier"), 0): Tapped on element 'Object Repository/11-Ajouter un colis au panier/android.widget.Button-Ajouter au panier'

2022-11-22 13:31:29 - [MESSAGE][WARNING] - Timeout '0' is invalid. Using default page load timeout: '30'

2022-11-22 13:31:31 - [MESSAGE][PASSED] - Tapped on element 'Object Repository/11-Ajouter un colis au panier/android.widget.Button-Ajouter au panier'

2022-11-22 13:31:31 - [TEST_STEP][PASSED] - tap(findTestObject("13-Supprimer un colis du panier/android.widget.ImageViewBaume"), 0): Tapped on element 'Object Repository/13-Supprimer un colis du panier/android.widget.ImageViewBaume'

2022-11-22 13:31:31 - [MESSAGE][WARNING] - Timeout '0' is invalid. Using default page load timeout: '30'

2022-11-22 13:31:32 - [MESSAGE][PASSED] - Tapped on element 'Object Repository/13-Supprimer un colis du panier/android.widget.ImageViewBaume'

2022-11-22 13:31:32 - [TEST_STEP][FAILED] - verifyElementNotVisible(findTestObject("13-Supprimer un colis du panier/android.widget.ImageViewBaume"), 0): Failed to check if element 'Object Repository/13-Supprimer un colis du panier/android.widget.ImageViewBaume' is not visible (Root cause: org.openqa.selenium.StaleElementReferenceException: Cached elements 'By.xpath: //*[@class = 'android.widget.ImageView' and @resource-id = '' and (@text = '' or . = '')]' do not exist in DOM anymore
For documentation on this error, please visit: https://www.seleniumhq.org/exceptions/stale_element_reference.html
Build info: version: '3.141.59', revision: 'e82be7d358', time: '2018-11-14T08:25:53'
System info: host: 'DESKTOP-QOR6BOM', ip: '192.168.1.5', os.name: 'Windows 10', os.arch: 'amd64', os.version: '10.0', java.version: '1.8.0_282'
Driver info: com.kms.katalon.core.appium.driver.SwipeableAndroidDriver
Capabilities {app: C:\Users\Ousseynou Diop\Des..., appPackage: fr.agiltoo.myshopper.custom..., autoGrantPermissions: true, automationName: uiautomator2, chromedriverPort: 63381, databaseEnabled: false, desired: {app: C:\Users\Ousseynou Diop\Des..., autoGrantPermissions: true, automationName: uiautomator2, chromedriverPort: 63381, deviceName: samsung SM-A022F (Android 11), fullReset: true, newCommandTimeout: 1800, noReset: false, platform: ANDROID, platformName: android, platformVersion: 11, systemPort: 63379, udid: RZ8R71P5YRT}, deviceApiLevel: 30, deviceManufacturer: samsung, deviceModel: SM-A022F, deviceName: RZ8R71P5YRT, deviceScreenDensity: 300, deviceScreenSize: 720x1600, deviceUDID: RZ8R71P5YRT, fullReset: true, javascriptEnabled: true, locationContextEnabled: false, networkConnectionEnabled: true, newCommandTimeout: 1800, noReset: false, pixelRatio: 1.875, platform: ANDROID, platformName: Android, platformVersion: 11, statBarHeight: 45, systemPort: 63379, takesScreenshot: true, udid: RZ8R71P5YRT, viewportRect: {height: 1420, left: 0, top: 45, width: 720}, warnings: {}, webStorageEnabled: false}
Session ID: 15ca75ce-72f3-4d7d-9702-1f2feb6b874a
	at org.openqa.selenium.remote.http.W3CHttpResponseCodec.createException(W3CHttpResponseCodec.java:187)
	at org.openqa.selenium.remote.http.W3CHttpResponseCodec.decode(W3CHttpResponseCodec.java:122)
	at org.openqa.selenium.remote.http.W3CHttpResponseCodec.decode(W3CHttpResponseCodec.java:49)
	at org.openqa.selenium.remote.HttpCommandExecutor.execute(HttpCommandExecutor.java:158)
	at io.appium.java_client.remote.AppiumCommandExecutor.execute(AppiumCommandExecutor.java:239)
	at org.openqa.selenium.remote.RemoteWebDriver.execute(RemoteWebDriver.java:552)
	at io.appium.java_client.DefaultGenericMobileDriver.execute(DefaultGenericMobileDriver.java:42)
	at io.appium.java_client.AppiumDriver.execute(AppiumDriver.java:1)
	at io.appium.java_client.android.AndroidDriver.execute(AndroidDriver.java:1)
	at com.kms.katalon.core.appium.driver.SwipeableAndroidDriver.execute(SwipeableAndroidDriver.java:1)
	at org.openqa.selenium.remote.RemoteWebElement.execute(RemoteWebElement.java:285)
	at io.appium.java_client.DefaultGenericMobileElement.execute(DefaultGenericMobileElement.java:45)
	at io.appium.java_client.MobileElement.execute(MobileElement.java:1)
	at io.appium.java_client.android.AndroidElement.execute(AndroidElement.java:1)
	at org.openqa.selenium.remote.RemoteWebElement.getLocation(RemoteWebElement.java:337)
	at org.openqa.selenium.WebElement$getLocation.call(Unknown Source)
	at com.kms.katalon.core.mobile.keyword.internal.MobileAbstractKeyword.findElement(MobileAbstractKeyword.groovy:86)
	at com.kms.katalon.core.mobile.keyword.builtin.VerifyElementNotVisibleKeyword.access$1(VerifyElementNotVisibleKeyword.groovy)
	at com.kms.katalon.core.mobile.keyword.builtin.VerifyElementNotVisibleKeyword$_verifyElementNotVisible_closure1.doCall(VerifyElementNotVisibleKeyword.groovy:72)
	at com.kms.katalon.core.mobile.keyword.builtin.VerifyElementNotVisibleKeyword$_verifyElementNotVisible_closure1.call(VerifyElementNotVisibleKeyword.groovy)
	at com.kms.katalon.core.mobile.keyword.internal.MobileKeywordMain.runKeyword(MobileKeywordMain.groovy:21)
	at com.kms.katalon.core.mobile.keyword.builtin.VerifyElementNotVisibleKeyword.verifyElementNotVisible(VerifyElementNotVisibleKeyword.groovy:85)
	at com.kms.katalon.core.mobile.keyword.builtin.VerifyElementNotVisibleKeyword.execute(VerifyElementNotVisibleKeyword.groovy:64)
	at com.kms.katalon.core.keyword.internal.KeywordExecutor.executeKeywordForPlatform(KeywordExecutor.groovy:74)
	at com.kms.katalon.core.mobile.keyword.MobileBuiltInKeywords.verifyElementNotVisible(MobileBuiltInKeywords.groovy:2064)
	at com.kms.katalon.core.mobile.keyword.MobileBuiltInKeywords$verifyElementNotVisible$5.call(Unknown Source)
	at 13-Supprimer un colis du panier ( MSR-295).run(13-Supprimer un colis du panier ( MSR-295):77)
	at com.kms.katalon.core.main.ScriptEngine.run(ScriptEngine.java:194)
	at com.kms.katalon.core.main.ScriptEngine.runScriptAsRawText(ScriptEngine.java:119)
	at com.kms.katalon.core.main.TestCaseExecutor.runScript(TestCaseExecutor.java:448)
	at com.kms.katalon.core.main.TestCaseExecutor.doExecute(TestCaseExecutor.java:439)
	at com.kms.katalon.core.main.TestCaseExecutor.processExecutionPhase(TestCaseExecutor.java:418)
	at com.kms.katalon.core.main.TestCaseExecutor.accessMainPhase(TestCaseExecutor.java:410)
	at com.kms.katalon.core.main.TestCaseExecutor.execute(TestCaseExecutor.java:285)
	at com.kms.katalon.core.common.CommonExecutor.accessTestCaseMainPhase(CommonExecutor.java:65)
	at com.kms.katalon.core.main.TestSuiteExecutor.accessTestSuiteMainPhase(TestSuiteExecutor.java:151)
	at com.kms.katalon.core.main.TestSuiteExecutor.execute(TestSuiteExecutor.java:106)
	at com.kms.katalon.core.main.TestCaseMain.startTestSuite(TestCaseMain.java:185)
	at com.kms.katalon.core.main.TestCaseMain$startTestSuite$0.call(Unknown Source)
	at TempTestSuite1669119550736.run(TempTestSuite1669119550736.groovy:36)
)

2022-11-22 13:31:32 - [MESSAGE][WARNING] - Timeout '0' is invalid. Using default page load timeout: '30'

2022-11-22 13:31:39 - [MESSAGE][FAILED] - Failed to check if element 'Object Repository/13-Supprimer un colis du panier/android.widget.ImageViewBaume' is not visible (Root cause: org.openqa.selenium.StaleElementReferenceException: Cached elements 'By.xpath: //*[@class = 'android.widget.ImageView' and @resource-id = '' and (@text = '' or . = '')]' do not exist in DOM anymore
For documentation on this error, please visit: https://www.seleniumhq.org/exceptions/stale_element_reference.html
Build info: version: '3.141.59', revision: 'e82be7d358', time: '2018-11-14T08:25:53'
System info: host: 'DESKTOP-QOR6BOM', ip: '192.168.1.5', os.name: 'Windows 10', os.arch: 'amd64', os.version: '10.0', java.version: '1.8.0_282'
Driver info: com.kms.katalon.core.appium.driver.SwipeableAndroidDriver
Capabilities {app: C:\Users\Ousseynou Diop\Des..., appPackage: fr.agiltoo.myshopper.custom..., autoGrantPermissions: true, automationName: uiautomator2, chromedriverPort: 63381, databaseEnabled: false, desired: {app: C:\Users\Ousseynou Diop\Des..., autoGrantPermissions: true, automationName: uiautomator2, chromedriverPort: 63381, deviceName: samsung SM-A022F (Android 11), fullReset: true, newCommandTimeout: 1800, noReset: false, platform: ANDROID, platformName: android, platformVersion: 11, systemPort: 63379, udid: RZ8R71P5YRT}, deviceApiLevel: 30, deviceManufacturer: samsung, deviceModel: SM-A022F, deviceName: RZ8R71P5YRT, deviceScreenDensity: 300, deviceScreenSize: 720x1600, deviceUDID: RZ8R71P5YRT, fullReset: true, javascriptEnabled: true, locationContextEnabled: false, networkConnectionEnabled: true, newCommandTimeout: 1800, noReset: false, pixelRatio: 1.875, platform: ANDROID, platformName: Android, platformVersion: 11, statBarHeight: 45, systemPort: 63379, takesScreenshot: true, udid: RZ8R71P5YRT, viewportRect: {height: 1420, left: 0, top: 45, width: 720}, warnings: {}, webStorageEnabled: false}
Session ID: 15ca75ce-72f3-4d7d-9702-1f2feb6b874a
	at org.openqa.selenium.remote.http.W3CHttpResponseCodec.createException(W3CHttpResponseCodec.java:187)
	at org.openqa.selenium.remote.http.W3CHttpResponseCodec.decode(W3CHttpResponseCodec.java:122)
	at org.openqa.selenium.remote.http.W3CHttpResponseCodec.decode(W3CHttpResponseCodec.java:49)
	at org.openqa.selenium.remote.HttpCommandExecutor.execute(HttpCommandExecutor.java:158)
	at io.appium.java_client.remote.AppiumCommandExecutor.execute(AppiumCommandExecutor.java:239)
	at org.openqa.selenium.remote.RemoteWebDriver.execute(RemoteWebDriver.java:552)
	at io.appium.java_client.DefaultGenericMobileDriver.execute(DefaultGenericMobileDriver.java:42)
	at io.appium.java_client.AppiumDriver.execute(AppiumDriver.java:1)
	at io.appium.java_client.android.AndroidDriver.execute(AndroidDriver.java:1)
	at com.kms.katalon.core.appium.driver.SwipeableAndroidDriver.execute(SwipeableAndroidDriver.java:1)
	at org.openqa.selenium.remote.RemoteWebElement.execute(RemoteWebElement.java:285)
	at io.appium.java_client.DefaultGenericMobileElement.execute(DefaultGenericMobileElement.java:45)
	at io.appium.java_client.MobileElement.execute(MobileElement.java:1)
	at io.appium.java_client.android.AndroidElement.execute(AndroidElement.java:1)
	at org.openqa.selenium.remote.RemoteWebElement.getLocation(RemoteWebElement.java:337)
	at org.openqa.selenium.WebElement$getLocation.call(Unknown Source)
	at com.kms.katalon.core.mobile.keyword.internal.MobileAbstractKeyword.findElement(MobileAbstractKeyword.groovy:86)
	at com.kms.katalon.core.mobile.keyword.builtin.VerifyElementNotVisibleKeyword.access$1(VerifyElementNotVisibleKeyword.groovy)
	at com.kms.katalon.core.mobile.keyword.builtin.VerifyElementNotVisibleKeyword$_verifyElementNotVisible_closure1.doCall(VerifyElementNotVisibleKeyword.groovy:72)
	at com.kms.katalon.core.mobile.keyword.builtin.VerifyElementNotVisibleKeyword$_verifyElementNotVisible_closure1.call(VerifyElementNotVisibleKeyword.groovy)
	at com.kms.katalon.core.mobile.keyword.internal.MobileKeywordMain.runKeyword(MobileKeywordMain.groovy:21)
	at com.kms.katalon.core.mobile.keyword.builtin.VerifyElementNotVisibleKeyword.verifyElementNotVisible(VerifyElementNotVisibleKeyword.groovy:85)
	at com.kms.katalon.core.mobile.keyword.builtin.VerifyElementNotVisibleKeyword.execute(VerifyElementNotVisibleKeyword.groovy:64)
	at com.kms.katalon.core.keyword.internal.KeywordExecutor.executeKeywordForPlatform(KeywordExecutor.groovy:74)
	at com.kms.katalon.core.mobile.keyword.MobileBuiltInKeywords.verifyElementNotVisible(MobileBuiltInKeywords.groovy:2064)
	at com.kms.katalon.core.mobile.keyword.MobileBuiltInKeywords$verifyElementNotVisible$5.call(Unknown Source)
	at 13-Supprimer un colis du panier ( MSR-295).run(13-Supprimer un colis du panier ( MSR-295):77)
	at com.kms.katalon.core.main.ScriptEngine.run(ScriptEngine.java:194)
	at com.kms.katalon.core.main.ScriptEngine.runScriptAsRawText(ScriptEngine.java:119)
	at com.kms.katalon.core.main.TestCaseExecutor.runScript(TestCaseExecutor.java:448)
	at com.kms.katalon.core.main.TestCaseExecutor.doExecute(TestCaseExecutor.java:439)
	at com.kms.katalon.core.main.TestCaseExecutor.processExecutionPhase(TestCaseExecutor.java:418)
	at com.kms.katalon.core.main.TestCaseExecutor.accessMainPhase(TestCaseExecutor.java:410)
	at com.kms.katalon.core.main.TestCaseExecutor.execute(TestCaseExecutor.java:285)
	at com.kms.katalon.core.common.CommonExecutor.accessTestCaseMainPhase(CommonExecutor.java:65)
	at com.kms.katalon.core.main.TestSuiteExecutor.accessTestSuiteMainPhase(TestSuiteExecutor.java:151)
	at com.kms.katalon.core.main.TestSuiteExecutor.execute(TestSuiteExecutor.java:106)
	at com.kms.katalon.core.main.TestCaseMain.startTestSuite(TestCaseMain.java:185)
	at com.kms.katalon.core.main.TestCaseMain$startTestSuite$0.call(Unknown Source)
	at TempTestSuite1669119550736.run(TempTestSuite1669119550736.groovy:36)
)
[[ATTACHMENT|C:\\Users\\Ousseynou Diop\\git\\Mon-Shopper-Automatisation-Application-Client\\Reports\\20221122_131910\\Cas de test passant app client\\20221122_131910\\1669120293271.png]]]]></system-out>
         <system-err><![CDATA[2022-11-22 13:30:03 - [TEST_CASE][FAILED] - Test Cases/Cas de test passant/13-Supprimer un colis du panier ( MSR-295): Test Cases/Cas de test passant/13-Supprimer un colis du panier ( MSR-295) FAILED.
Reason:
com.kms.katalon.core.exception.StepFailedException: Failed to check if element 'Object Repository/13-Supprimer un colis du panier/android.widget.ImageViewBaume' is not visible (Root cause: org.openqa.selenium.StaleElementReferenceException: Cached elements 'By.xpath: //*[@class = 'android.widget.ImageView' and @resource-id = '' and (@text = '' or . = '')]' do not exist in DOM anymore
For documentation on this error, please visit: https://www.seleniumhq.org/exceptions/stale_element_reference.html
Build info: version: '3.141.59', revision: 'e82be7d358', time: '2018-11-14T08:25:53'
System info: host: 'DESKTOP-QOR6BOM', ip: '192.168.1.5', os.name: 'Windows 10', os.arch: 'amd64', os.version: '10.0', java.version: '1.8.0_282'
Driver info: com.kms.katalon.core.appium.driver.SwipeableAndroidDriver
Capabilities {app: C:\Users\Ousseynou Diop\Des..., appPackage: fr.agiltoo.myshopper.custom..., autoGrantPermissions: true, automationName: uiautomator2, chromedriverPort: 63381, databaseEnabled: false, desired: {app: C:\Users\Ousseynou Diop\Des..., autoGrantPermissions: true, automationName: uiautomator2, chromedriverPort: 63381, deviceName: samsung SM-A022F (Android 11), fullReset: true, newCommandTimeout: 1800, noReset: false, platform: ANDROID, platformName: android, platformVersion: 11, systemPort: 63379, udid: RZ8R71P5YRT}, deviceApiLevel: 30, deviceManufacturer: samsung, deviceModel: SM-A022F, deviceName: RZ8R71P5YRT, deviceScreenDensity: 300, deviceScreenSize: 720x1600, deviceUDID: RZ8R71P5YRT, fullReset: true, javascriptEnabled: true, locationContextEnabled: false, networkConnectionEnabled: true, newCommandTimeout: 1800, noReset: false, pixelRatio: 1.875, platform: ANDROID, platformName: Android, platformVersion: 11, statBarHeight: 45, systemPort: 63379, takesScreenshot: true, udid: RZ8R71P5YRT, viewportRect: {height: 1420, left: 0, top: 45, width: 720}, warnings: {}, webStorageEnabled: false}
Session ID: 15ca75ce-72f3-4d7d-9702-1f2feb6b874a
	at org.openqa.selenium.remote.http.W3CHttpResponseCodec.createException(W3CHttpResponseCodec.java:187)
	at org.openqa.selenium.remote.http.W3CHttpResponseCodec.decode(W3CHttpResponseCodec.java:122)
	at org.openqa.selenium.remote.http.W3CHttpResponseCodec.decode(W3CHttpResponseCodec.java:49)
	at org.openqa.selenium.remote.HttpCommandExecutor.execute(HttpCommandExecutor.java:158)
	at io.appium.java_client.remote.AppiumCommandExecutor.execute(AppiumCommandExecutor.java:239)
	at org.openqa.selenium.remote.RemoteWebDriver.execute(RemoteWebDriver.java:552)
	at io.appium.java_client.DefaultGenericMobileDriver.execute(DefaultGenericMobileDriver.java:42)
	at io.appium.java_client.AppiumDriver.execute(AppiumDriver.java:1)
	at io.appium.java_client.android.AndroidDriver.execute(AndroidDriver.java:1)
	at com.kms.katalon.core.appium.driver.SwipeableAndroidDriver.execute(SwipeableAndroidDriver.java:1)
	at org.openqa.selenium.remote.RemoteWebElement.execute(RemoteWebElement.java:285)
	at io.appium.java_client.DefaultGenericMobileElement.execute(DefaultGenericMobileElement.java:45)
	at io.appium.java_client.MobileElement.execute(MobileElement.java:1)
	at io.appium.java_client.android.AndroidElement.execute(AndroidElement.java:1)
	at org.openqa.selenium.remote.RemoteWebElement.getLocation(RemoteWebElement.java:337)
	at org.openqa.selenium.WebElement$getLocation.call(Unknown Source)
	at com.kms.katalon.core.mobile.keyword.internal.MobileAbstractKeyword.findElement(MobileAbstractKeyword.groovy:86)
	at com.kms.katalon.core.mobile.keyword.builtin.VerifyElementNotVisibleKeyword.access$1(VerifyElementNotVisibleKeyword.groovy)
	at com.kms.katalon.core.mobile.keyword.builtin.VerifyElementNotVisibleKeyword$_verifyElementNotVisible_closure1.doCall(VerifyElementNotVisibleKeyword.groovy:72)
	at com.kms.katalon.core.mobile.keyword.builtin.VerifyElementNotVisibleKeyword$_verifyElementNotVisible_closure1.call(VerifyElementNotVisibleKeyword.groovy)
	at com.kms.katalon.core.mobile.keyword.internal.MobileKeywordMain.runKeyword(MobileKeywordMain.groovy:21)
	at com.kms.katalon.core.mobile.keyword.builtin.VerifyElementNotVisibleKeyword.verifyElementNotVisible(VerifyElementNotVisibleKeyword.groovy:85)
	at com.kms.katalon.core.mobile.keyword.builtin.VerifyElementNotVisibleKeyword.execute(VerifyElementNotVisibleKeyword.groovy:64)
	at com.kms.katalon.core.keyword.internal.KeywordExecutor.executeKeywordForPlatform(KeywordExecutor.groovy:74)
	at com.kms.katalon.core.mobile.keyword.MobileBuiltInKeywords.verifyElementNotVisible(MobileBuiltInKeywords.groovy:2064)
	at com.kms.katalon.core.mobile.keyword.MobileBuiltInKeywords$verifyElementNotVisible$5.call(Unknown Source)
	at 13-Supprimer un colis du panier ( MSR-295).run(13-Supprimer un colis du panier ( MSR-295):77)
	at com.kms.katalon.core.main.ScriptEngine.run(ScriptEngine.java:194)
	at com.kms.katalon.core.main.ScriptEngine.runScriptAsRawText(ScriptEngine.java:119)
	at com.kms.katalon.core.main.TestCaseExecutor.runScript(TestCaseExecutor.java:448)
	at com.kms.katalon.core.main.TestCaseExecutor.doExecute(TestCaseExecutor.java:439)
	at com.kms.katalon.core.main.TestCaseExecutor.processExecutionPhase(TestCaseExecutor.java:418)
	at com.kms.katalon.core.main.TestCaseExecutor.accessMainPhase(TestCaseExecutor.java:410)
	at com.kms.katalon.core.main.TestCaseExecutor.execute(TestCaseExecutor.java:285)
	at com.kms.katalon.core.common.CommonExecutor.accessTestCaseMainPhase(CommonExecutor.java:65)
	at com.kms.katalon.core.main.TestSuiteExecutor.accessTestSuiteMainPhase(TestSuiteExecutor.java:151)
	at com.kms.katalon.core.main.TestSuiteExecutor.execute(TestSuiteExecutor.java:106)
	at com.kms.katalon.core.main.TestCaseMain.startTestSuite(TestCaseMain.java:185)
	at com.kms.katalon.core.main.TestCaseMain$startTestSuite$0.call(Unknown Source)
	at TempTestSuite1669119550736.run(TempTestSuite1669119550736.groovy:36)
)
	at com.kms.katalon.core.keyword.internal.KeywordMain.stepFailed(KeywordMain.groovy:50)
	at com.kms.katalon.core.mobile.keyword.internal.MobileKeywordMain.stepFailed(MobileKeywordMain.groovy:40)
	at com.kms.katalon.core.mobile.keyword.internal.MobileKeywordMain.runKeyword(MobileKeywordMain.groovy:23)
	at com.kms.katalon.core.mobile.keyword.builtin.VerifyElementNotVisibleKeyword.verifyElementNotVisible(VerifyElementNotVisibleKeyword.groovy:85)
	at com.kms.katalon.core.mobile.keyword.builtin.VerifyElementNotVisibleKeyword.execute(VerifyElementNotVisibleKeyword.groovy:64)
	at com.kms.katalon.core.keyword.internal.KeywordExecutor.executeKeywordForPlatform(KeywordExecutor.groovy:74)
	at com.kms.katalon.core.mobile.keyword.MobileBuiltInKeywords.verifyElementNotVisible(MobileBuiltInKeywords.groovy:2064)
	at com.kms.katalon.core.mobile.keyword.MobileBuiltInKeywords$verifyElementNotVisible$5.call(Unknown Source)
	at 13-Supprimer un colis du panier ( MSR-295).run(13-Supprimer un colis du panier ( MSR-295):77)
	at com.kms.katalon.core.main.ScriptEngine.run(ScriptEngine.java:194)
	at com.kms.katalon.core.main.ScriptEngine.runScriptAsRawText(ScriptEngine.java:119)
	at com.kms.katalon.core.main.TestCaseExecutor.runScript(TestCaseExecutor.java:448)
	at com.kms.katalon.core.main.TestCaseExecutor.doExecute(TestCaseExecutor.java:439)
	at com.kms.katalon.core.main.TestCaseExecutor.processExecutionPhase(TestCaseExecutor.java:418)
	at com.kms.katalon.core.main.TestCaseExecutor.accessMainPhase(TestCaseExecutor.java:410)
	at com.kms.katalon.core.main.TestCaseExecutor.execute(TestCaseExecutor.java:285)
	at com.kms.katalon.core.common.CommonExecutor.accessTestCaseMainPhase(CommonExecutor.java:65)
	at com.kms.katalon.core.main.TestSuiteExecutor.accessTestSuiteMainPhase(TestSuiteExecutor.java:151)
	at com.kms.katalon.core.main.TestSuiteExecutor.execute(TestSuiteExecutor.java:106)
	at com.kms.katalon.core.main.TestCaseMain.startTestSuite(TestCaseMain.java:185)
	at com.kms.katalon.core.main.TestCaseMain$startTestSuite$0.call(Unknown Source)
	at TempTestSuite1669119550736.run(TempTestSuite1669119550736.groovy:36)
Caused by: org.openqa.selenium.StaleElementReferenceException: Cached elements 'By.xpath: //*[@class = 'android.widget.ImageView' and @resource-id = '' and (@text = '' or . = '')]' do not exist in DOM anymore
For documentation on this error, please visit: https://www.seleniumhq.org/exceptions/stale_element_reference.html
Build info: version: '3.141.59', revision: 'e82be7d358', time: '2018-11-14T08:25:53'
System info: host: 'DESKTOP-QOR6BOM', ip: '192.168.1.5', os.name: 'Windows 10', os.arch: 'amd64', os.version: '10.0', java.version: '1.8.0_282'
Driver info: com.kms.katalon.core.appium.driver.SwipeableAndroidDriver
Capabilities {app: C:\Users\Ousseynou Diop\Des..., appPackage: fr.agiltoo.myshopper.custom..., autoGrantPermissions: true, automationName: uiautomator2, chromedriverPort: 63381, databaseEnabled: false, desired: {app: C:\Users\Ousseynou Diop\Des..., autoGrantPermissions: true, automationName: uiautomator2, chromedriverPort: 63381, deviceName: samsung SM-A022F (Android 11), fullReset: true, newCommandTimeout: 1800, noReset: false, platform: ANDROID, platformName: android, platformVersion: 11, systemPort: 63379, udid: RZ8R71P5YRT}, deviceApiLevel: 30, deviceManufacturer: samsung, deviceModel: SM-A022F, deviceName: RZ8R71P5YRT, deviceScreenDensity: 300, deviceScreenSize: 720x1600, deviceUDID: RZ8R71P5YRT, fullReset: true, javascriptEnabled: true, locationContextEnabled: false, networkConnectionEnabled: true, newCommandTimeout: 1800, noReset: false, pixelRatio: 1.875, platform: ANDROID, platformName: Android, platformVersion: 11, statBarHeight: 45, systemPort: 63379, takesScreenshot: true, udid: RZ8R71P5YRT, viewportRect: {height: 1420, left: 0, top: 45, width: 720}, warnings: {}, webStorageEnabled: false}
Session ID: 15ca75ce-72f3-4d7d-9702-1f2feb6b874a
	at org.openqa.selenium.remote.http.W3CHttpResponseCodec.createException(W3CHttpResponseCodec.java:187)
	at org.openqa.selenium.remote.http.W3CHttpResponseCodec.decode(W3CHttpResponseCodec.java:122)
	at org.openqa.selenium.remote.http.W3CHttpResponseCodec.decode(W3CHttpResponseCodec.java:49)
	at org.openqa.selenium.remote.HttpCommandExecutor.execute(HttpCommandExecutor.java:158)
	at io.appium.java_client.remote.AppiumCommandExecutor.execute(AppiumCommandExecutor.java:239)
	at org.openqa.selenium.remote.RemoteWebDriver.execute(RemoteWebDriver.java:552)
	at io.appium.java_client.DefaultGenericMobileDriver.execute(DefaultGenericMobileDriver.java:42)
	at io.appium.java_client.AppiumDriver.execute(AppiumDriver.java:1)
	at io.appium.java_client.android.AndroidDriver.execute(AndroidDriver.java:1)
	at com.kms.katalon.core.appium.driver.SwipeableAndroidDriver.execute(SwipeableAndroidDriver.java:1)
	at org.openqa.selenium.remote.RemoteWebElement.execute(RemoteWebElement.java:285)
	at io.appium.java_client.DefaultGenericMobileElement.execute(DefaultGenericMobileElement.java:45)
	at io.appium.java_client.MobileElement.execute(MobileElement.java:1)
	at io.appium.java_client.android.AndroidElement.execute(AndroidElement.java:1)
	at org.openqa.selenium.remote.RemoteWebElement.getLocation(RemoteWebElement.java:337)
	at org.openqa.selenium.WebElement$getLocation.call(Unknown Source)
	at com.kms.katalon.core.mobile.keyword.internal.MobileAbstractKeyword.findElement(MobileAbstractKeyword.groovy:86)
	at com.kms.katalon.core.mobile.keyword.builtin.VerifyElementNotVisibleKeyword.access$1(VerifyElementNotVisibleKeyword.groovy)
	at com.kms.katalon.core.mobile.keyword.builtin.VerifyElementNotVisibleKeyword$_verifyElementNotVisible_closure1.doCall(VerifyElementNotVisibleKeyword.groovy:72)
	at com.kms.katalon.core.mobile.keyword.builtin.VerifyElementNotVisibleKeyword$_verifyElementNotVisible_closure1.call(VerifyElementNotVisibleKeyword.groovy)
	at com.kms.katalon.core.mobile.keyword.internal.MobileKeywordMain.runKeyword(MobileKeywordMain.groovy:21)
	... 19 more]]></system-err>
      </testcase>
      <testcase name="Test Cases/Cas de test passant/14-Valider mon panier (MSR-295)" time="98.048" classname="Test Cases/Cas de test passant/14-Valider mon panier (MSR-295)" status="PASSED">
         <system-out><![CDATA[2022-11-22 13:31:39 - [TEST_CASE][PASSED] - Test Cases/Cas de test passant/14-Valider mon panier (MSR-295): Test Cases/Cas de test passant/14-Valider mon panier (MSR-295)

2022-11-22 13:31:39 - [TEST_STEP][PASSED] - startApplication("C:\Users\Ousseynou Diop\Desktop\APK Client\app-debug.apk", true): Started app at: 'C:\Users\Ousseynou Diop\Desktop\APK Client\app-debug.apk'

2022-11-22 13:32:20 - [MESSAGE][PASSED] - Started app at: 'C:\Users\Ousseynou Diop\Desktop\APK Client\app-debug.apk'

2022-11-22 13:32:20 - [TEST_STEP][PASSED] - tap(findTestObject("Object Repository/11-Ajouter un colis au panier/android.widget.Button-Continuer en mode Guest"), 0): Tapped on element 'Object Repository/11-Ajouter un colis au panier/android.widget.Button-Continuer en mode Guest'

2022-11-22 13:32:20 - [MESSAGE][WARNING] - Timeout '0' is invalid. Using default page load timeout: '30'

2022-11-22 13:32:24 - [MESSAGE][PASSED] - Tapped on element 'Object Repository/11-Ajouter un colis au panier/android.widget.Button-Continuer en mode Guest'

2022-11-22 13:32:24 - [TEST_STEP][PASSED] - tap(findTestObject("Object Repository/11-Ajouter un colis au panier/android.view.View-Onglet  Livraison de colis"), 0): Tapped on element 'Object Repository/11-Ajouter un colis au panier/android.view.View-Onglet  Livraison de colis'

2022-11-22 13:32:24 - [MESSAGE][WARNING] - Timeout '0' is invalid. Using default page load timeout: '30'

2022-11-22 13:32:27 - [MESSAGE][PASSED] - Tapped on element 'Object Repository/11-Ajouter un colis au panier/android.view.View-Onglet  Livraison de colis'

2022-11-22 13:32:27 - [TEST_STEP][PASSED] - tap(findTestObject("Object Repository/11-Ajouter un colis au panier/android.widget.EditText - Adresse de collecte"), 0): Tapped on element 'Object Repository/11-Ajouter un colis au panier/android.widget.EditText - Adresse de collecte'

2022-11-22 13:32:27 - [MESSAGE][WARNING] - Timeout '0' is invalid. Using default page load timeout: '30'

2022-11-22 13:32:32 - [MESSAGE][PASSED] - Tapped on element 'Object Repository/11-Ajouter un colis au panier/android.widget.EditText - Adresse de collecte'

2022-11-22 13:32:32 - [TEST_STEP][PASSED] - tap(findTestObject("Object Repository/11-Ajouter un colis au panier/android.view.View- Ma position"), 0): Tapped on element 'Object Repository/11-Ajouter un colis au panier/android.view.View- Ma position'

2022-11-22 13:32:32 - [MESSAGE][WARNING] - Timeout '0' is invalid. Using default page load timeout: '30'

2022-11-22 13:32:37 - [MESSAGE][PASSED] - Tapped on element 'Object Repository/11-Ajouter un colis au panier/android.view.View- Ma position'

2022-11-22 13:32:37 - [TEST_STEP][PASSED] - tap(findTestObject("Object Repository/11-Ajouter un colis au panier/android.widget.EditText - Adresse de livraison"), 0): Tapped on element 'Object Repository/11-Ajouter un colis au panier/android.widget.EditText - Adresse de livraison'

2022-11-22 13:32:37 - [MESSAGE][WARNING] - Timeout '0' is invalid. Using default page load timeout: '30'

2022-11-22 13:32:39 - [MESSAGE][PASSED] - Tapped on element 'Object Repository/11-Ajouter un colis au panier/android.widget.EditText - Adresse de livraison'

2022-11-22 13:32:39 - [TEST_STEP][PASSED] - setText(findTestObject("Object Repository/11-Ajouter un colis au panier/android.widget.EditText - Adresse de livraison (1)"), "Pikine Rue 10", 0): Text 'Pikine Rue 10' has been set to element 'Object Repository/11-Ajouter un colis au panier/android.widget.EditText - Adresse de livraison (1)'

2022-11-22 13:32:39 - [MESSAGE][WARNING] - Timeout '0' is invalid. Using default page load timeout: '30'

2022-11-22 13:32:42 - [MESSAGE][PASSED] - Text 'Pikine Rue 10' has been set to element 'Object Repository/11-Ajouter un colis au panier/android.widget.EditText - Adresse de livraison (1)'

2022-11-22 13:32:42 - [TEST_STEP][PASSED] - tap(findTestObject("Object Repository/11-Ajouter un colis au panier/android.view.View- Pikine Rue 10, Dakar, Senegal"), 0): Tapped on element 'Object Repository/11-Ajouter un colis au panier/android.view.View- Pikine Rue 10, Dakar, Senegal'

2022-11-22 13:32:42 - [MESSAGE][WARNING] - Timeout '0' is invalid. Using default page load timeout: '30'

2022-11-22 13:32:44 - [MESSAGE][PASSED] - Tapped on element 'Object Repository/11-Ajouter un colis au panier/android.view.View- Pikine Rue 10, Dakar, Senegal'

2022-11-22 13:32:44 - [TEST_STEP][PASSED] - tap(findTestObject("Object Repository/11-Ajouter un colis au panier/android.widget.Button Continuer"), 0): Tapped on element 'Object Repository/11-Ajouter un colis au panier/android.widget.Button Continuer'

2022-11-22 13:32:44 - [MESSAGE][WARNING] - Timeout '0' is invalid. Using default page load timeout: '30'

2022-11-22 13:32:46 - [MESSAGE][PASSED] - Tapped on element 'Object Repository/11-Ajouter un colis au panier/android.widget.Button Continuer'

2022-11-22 13:32:46 - [TEST_STEP][PASSED] - tap(findTestObject("Object Repository/11-Ajouter un colis au panier/android.view.View"), 0): Tapped on element 'Object Repository/11-Ajouter un colis au panier/android.view.View'

2022-11-22 13:32:46 - [MESSAGE][WARNING] - Timeout '0' is invalid. Using default page load timeout: '30'

2022-11-22 13:32:50 - [MESSAGE][PASSED] - Tapped on element 'Object Repository/11-Ajouter un colis au panier/android.view.View'

2022-11-22 13:32:50 - [TEST_STEP][PASSED] - tap(findTestObject("Object Repository/11-Ajouter un colis au panier/android.widget.Button"), 0): Tapped on element 'Object Repository/11-Ajouter un colis au panier/android.widget.Button'

2022-11-22 13:32:50 - [MESSAGE][WARNING] - Timeout '0' is invalid. Using default page load timeout: '30'

2022-11-22 13:32:51 - [MESSAGE][PASSED] - Tapped on element 'Object Repository/11-Ajouter un colis au panier/android.widget.Button'

2022-11-22 13:32:51 - [TEST_STEP][PASSED] - tap(findTestObject("Object Repository/11-Ajouter un colis au panier/android.view.View (1)"), 0): Tapped on element 'Object Repository/11-Ajouter un colis au panier/android.view.View (1)'

2022-11-22 13:32:51 - [MESSAGE][WARNING] - Timeout '0' is invalid. Using default page load timeout: '30'

2022-11-22 13:32:53 - [MESSAGE][PASSED] - Tapped on element 'Object Repository/11-Ajouter un colis au panier/android.view.View (1)'

2022-11-22 13:32:53 - [TEST_STEP][PASSED] - tap(findTestObject("Object Repository/11-Ajouter un colis au panier/android.widget.Button (1)"), 0): Tapped on element 'Object Repository/11-Ajouter un colis au panier/android.widget.Button (1)'

2022-11-22 13:32:53 - [MESSAGE][WARNING] - Timeout '0' is invalid. Using default page load timeout: '30'

2022-11-22 13:32:54 - [MESSAGE][PASSED] - Tapped on element 'Object Repository/11-Ajouter un colis au panier/android.widget.Button (1)'

2022-11-22 13:32:54 - [TEST_STEP][PASSED] - tap(findTestObject("Object Repository/11-Ajouter un colis au panier/android.view.View (2)"), 0): Tapped on element 'Object Repository/11-Ajouter un colis au panier/android.view.View (2)'

2022-11-22 13:32:54 - [MESSAGE][WARNING] - Timeout '0' is invalid. Using default page load timeout: '30'

2022-11-22 13:32:55 - [MESSAGE][PASSED] - Tapped on element 'Object Repository/11-Ajouter un colis au panier/android.view.View (2)'

2022-11-22 13:32:55 - [TEST_STEP][PASSED] - tap(findTestObject("Object Repository/11-Ajouter un colis au panier/android.widget.Button (2)"), 0): Tapped on element 'Object Repository/11-Ajouter un colis au panier/android.widget.Button (2)'

2022-11-22 13:32:55 - [MESSAGE][WARNING] - Timeout '0' is invalid. Using default page load timeout: '30'

2022-11-22 13:32:56 - [MESSAGE][PASSED] - Tapped on element 'Object Repository/11-Ajouter un colis au panier/android.widget.Button (2)'

2022-11-22 13:32:56 - [TEST_STEP][PASSED] - tap(findTestObject("Object Repository/11-Ajouter un colis au panier/android.view.View (3)"), 0): Tapped on element 'Object Repository/11-Ajouter un colis au panier/android.view.View (3)'

2022-11-22 13:32:56 - [MESSAGE][WARNING] - Timeout '0' is invalid. Using default page load timeout: '30'

2022-11-22 13:32:58 - [MESSAGE][PASSED] - Tapped on element 'Object Repository/11-Ajouter un colis au panier/android.view.View (3)'

2022-11-22 13:32:58 - [TEST_STEP][PASSED] - checkElement(findTestObject("Object Repository/11-Ajouter un colis au panier/android.widget.CheckBox-Beaut"), 0): Element 'Object Repository/11-Ajouter un colis au panier/android.widget.CheckBox-Beaut' is checked

2022-11-22 13:32:58 - [MESSAGE][WARNING] - Timeout '0' is invalid. Using default page load timeout: '30'

2022-11-22 13:32:59 - [MESSAGE][PASSED] - Element 'Object Repository/11-Ajouter un colis au panier/android.widget.CheckBox-Beaut' is checked

2022-11-22 13:32:59 - [TEST_STEP][PASSED] - checkElement(findTestObject("Object Repository/11-Ajouter un colis au panier/android.widget.CheckBox-Sant"), 0): Element 'Object Repository/11-Ajouter un colis au panier/android.widget.CheckBox-Sant' is checked

2022-11-22 13:32:59 - [MESSAGE][WARNING] - Timeout '0' is invalid. Using default page load timeout: '30'

2022-11-22 13:33:01 - [MESSAGE][PASSED] - Element 'Object Repository/11-Ajouter un colis au panier/android.widget.CheckBox-Sant' is checked

2022-11-22 13:33:01 - [TEST_STEP][PASSED] - scrollToText("Saisir la description exacte de votre colis", CONTINUE_ON_FAILURE): Scrolling to text 'Saisir la description exacte de votre colis' successfully

2022-11-22 13:33:04 - [MESSAGE][PASSED] - Scrolling to text 'Saisir la description exacte de votre colis' successfully

2022-11-22 13:33:04 - [TEST_STEP][PASSED] - tap(findTestObject("11-Ajouter un colis au panier/android.widget.EditText - Saisir la description exacte de votre colis (1)"), 0): Tapped on element 'Object Repository/11-Ajouter un colis au panier/android.widget.EditText - Saisir la description exacte de votre colis (1)'

2022-11-22 13:33:04 - [MESSAGE][WARNING] - Timeout '0' is invalid. Using default page load timeout: '30'

2022-11-22 13:33:05 - [MESSAGE][PASSED] - Tapped on element 'Object Repository/11-Ajouter un colis au panier/android.widget.EditText - Saisir la description exacte de votre colis (1)'

2022-11-22 13:33:05 - [TEST_STEP][PASSED] - setText(findTestObject("Object Repository/11-Ajouter un colis au panier/android.widget.EditText - Saisir la description exacte de votre colis (1)"), "Baume", 0): Text 'Baume' has been set to element 'Object Repository/11-Ajouter un colis au panier/android.widget.EditText - Saisir la description exacte de votre colis (1)'

2022-11-22 13:33:05 - [MESSAGE][WARNING] - Timeout '0' is invalid. Using default page load timeout: '30'

2022-11-22 13:33:06 - [MESSAGE][PASSED] - Text 'Baume' has been set to element 'Object Repository/11-Ajouter un colis au panier/android.widget.EditText - Saisir la description exacte de votre colis (1)'

2022-11-22 13:33:06 - [TEST_STEP][PASSED] - pressBack(): Press back button successfully

2022-11-22 13:33:08 - [MESSAGE][PASSED] - Press back button successfully

2022-11-22 13:33:08 - [TEST_STEP][PASSED] - tap(findTestObject("Object Repository/11-Ajouter un colis au panier/android.widget.Button-Ajouter au panier"), 0): Tapped on element 'Object Repository/11-Ajouter un colis au panier/android.widget.Button-Ajouter au panier'

2022-11-22 13:33:08 - [MESSAGE][WARNING] - Timeout '0' is invalid. Using default page load timeout: '30'

2022-11-22 13:33:09 - [MESSAGE][PASSED] - Tapped on element 'Object Repository/11-Ajouter un colis au panier/android.widget.Button-Ajouter au panier'

2022-11-22 13:33:09 - [TEST_STEP][PASSED] - verifyElementVisible(findTestObject("Object Repository/11-Ajouter un colis au panier/android.widget.Button-Valider mon panier"), 0): Element 'Object Repository/11-Ajouter un colis au panier/android.widget.Button-Valider mon panier' is visible

2022-11-22 13:33:09 - [MESSAGE][WARNING] - Timeout '0' is invalid. Using default page load timeout: '30'

2022-11-22 13:33:11 - [MESSAGE][PASSED] - Element 'Object Repository/11-Ajouter un colis au panier/android.widget.Button-Valider mon panier' is visible

2022-11-22 13:33:11 - [TEST_STEP][PASSED] - tap(findTestObject("Object Repository/14-ValiderMonPanier/ButtonValiderMonPanier"), 0): Tapped on element 'Object Repository/14-ValiderMonPanier/ButtonValiderMonPanier'

2022-11-22 13:33:11 - [MESSAGE][WARNING] - Timeout '0' is invalid. Using default page load timeout: '30'

2022-11-22 13:33:12 - [MESSAGE][PASSED] - Tapped on element 'Object Repository/14-ValiderMonPanier/ButtonValiderMonPanier'

2022-11-22 13:33:12 - [TEST_STEP][PASSED] - verifyElementVisible(findTestObject("14-ValiderMonPanier/android.widget.ButtonSuivant"), 0): Element 'Object Repository/14-ValiderMonPanier/android.widget.ButtonSuivant' is visible

2022-11-22 13:33:12 - [MESSAGE][WARNING] - Timeout '0' is invalid. Using default page load timeout: '30'

2022-11-22 13:33:14 - [MESSAGE][PASSED] - Element 'Object Repository/14-ValiderMonPanier/android.widget.ButtonSuivant' is visible

2022-11-22 13:33:14 - [TEST_STEP][PASSED] - closeApplication(): Close app successfully

2022-11-22 13:33:17 - [MESSAGE][PASSED] - Close app successfully]]></system-out>
         <system-err><![CDATA[]]></system-err>
      </testcase>
      <testcase name="Test Cases/Cas de test passant/15-Cliquer sur le pictogramme panier (MSR-295)" time="103.036" classname="Test Cases/Cas de test passant/15-Cliquer sur le pictogramme panier (MSR-295)" status="PASSED">
         <system-out><![CDATA[2022-11-22 13:33:17 - [TEST_CASE][PASSED] - Test Cases/Cas de test passant/15-Cliquer sur le pictogramme panier (MSR-295): Test Cases/Cas de test passant/15-Cliquer sur le pictogramme panier (MSR-295)

2022-11-22 13:33:17 - [TEST_STEP][PASSED] - startApplication("C:\Users\Ousseynou Diop\Desktop\APK Client\app-debug.apk", true): Started app at: 'C:\Users\Ousseynou Diop\Desktop\APK Client\app-debug.apk'

2022-11-22 13:33:18 - [MESSAGE][INFO] - Detected NodeJS location: "C:\Program Files\nodejs\node.exe"

2022-11-22 13:33:19 - [MESSAGE][INFO] - Appium server started on port 63Â 649

2022-11-22 13:33:55 - [MESSAGE][PASSED] - Started app at: 'C:\Users\Ousseynou Diop\Desktop\APK Client\app-debug.apk'

2022-11-22 13:33:55 - [TEST_STEP][PASSED] - tap(findTestObject("Object Repository/11-Ajouter un colis au panier/android.widget.Button-Continuer en mode Guest"), 0): Tapped on element 'Object Repository/11-Ajouter un colis au panier/android.widget.Button-Continuer en mode Guest'

2022-11-22 13:33:55 - [MESSAGE][WARNING] - Timeout '0' is invalid. Using default page load timeout: '30'

2022-11-22 13:33:59 - [MESSAGE][PASSED] - Tapped on element 'Object Repository/11-Ajouter un colis au panier/android.widget.Button-Continuer en mode Guest'

2022-11-22 13:33:59 - [TEST_STEP][PASSED] - tap(findTestObject("Object Repository/11-Ajouter un colis au panier/android.view.View-Onglet  Livraison de colis"), 0): Tapped on element 'Object Repository/11-Ajouter un colis au panier/android.view.View-Onglet  Livraison de colis'

2022-11-22 13:33:59 - [MESSAGE][WARNING] - Timeout '0' is invalid. Using default page load timeout: '30'

2022-11-22 13:34:02 - [MESSAGE][PASSED] - Tapped on element 'Object Repository/11-Ajouter un colis au panier/android.view.View-Onglet  Livraison de colis'

2022-11-22 13:34:02 - [TEST_STEP][PASSED] - tap(findTestObject("Object Repository/11-Ajouter un colis au panier/android.widget.EditText - Adresse de collecte"), 0): Tapped on element 'Object Repository/11-Ajouter un colis au panier/android.widget.EditText - Adresse de collecte'

2022-11-22 13:34:02 - [MESSAGE][WARNING] - Timeout '0' is invalid. Using default page load timeout: '30'

2022-11-22 13:34:07 - [MESSAGE][PASSED] - Tapped on element 'Object Repository/11-Ajouter un colis au panier/android.widget.EditText - Adresse de collecte'

2022-11-22 13:34:07 - [TEST_STEP][PASSED] - tap(findTestObject("Object Repository/11-Ajouter un colis au panier/android.view.View- Ma position"), 0): Tapped on element 'Object Repository/11-Ajouter un colis au panier/android.view.View- Ma position'

2022-11-22 13:34:07 - [MESSAGE][WARNING] - Timeout '0' is invalid. Using default page load timeout: '30'

2022-11-22 13:34:12 - [MESSAGE][PASSED] - Tapped on element 'Object Repository/11-Ajouter un colis au panier/android.view.View- Ma position'

2022-11-22 13:34:12 - [TEST_STEP][PASSED] - tap(findTestObject("Object Repository/11-Ajouter un colis au panier/android.widget.EditText - Adresse de livraison"), 0): Tapped on element 'Object Repository/11-Ajouter un colis au panier/android.widget.EditText - Adresse de livraison'

2022-11-22 13:34:12 - [MESSAGE][WARNING] - Timeout '0' is invalid. Using default page load timeout: '30'

2022-11-22 13:34:14 - [MESSAGE][PASSED] - Tapped on element 'Object Repository/11-Ajouter un colis au panier/android.widget.EditText - Adresse de livraison'

2022-11-22 13:34:14 - [TEST_STEP][PASSED] - setText(findTestObject("Object Repository/11-Ajouter un colis au panier/android.widget.EditText - Adresse de livraison (1)"), "Pikine Rue 10", 0): Text 'Pikine Rue 10' has been set to element 'Object Repository/11-Ajouter un colis au panier/android.widget.EditText - Adresse de livraison (1)'

2022-11-22 13:34:14 - [MESSAGE][WARNING] - Timeout '0' is invalid. Using default page load timeout: '30'

2022-11-22 13:34:18 - [MESSAGE][PASSED] - Text 'Pikine Rue 10' has been set to element 'Object Repository/11-Ajouter un colis au panier/android.widget.EditText - Adresse de livraison (1)'

2022-11-22 13:34:18 - [TEST_STEP][PASSED] - tap(findTestObject("Object Repository/11-Ajouter un colis au panier/android.view.View- Pikine Rue 10, Dakar, Senegal"), 0): Tapped on element 'Object Repository/11-Ajouter un colis au panier/android.view.View- Pikine Rue 10, Dakar, Senegal'

2022-11-22 13:34:18 - [MESSAGE][WARNING] - Timeout '0' is invalid. Using default page load timeout: '30'

2022-11-22 13:34:27 - [MESSAGE][PASSED] - Tapped on element 'Object Repository/11-Ajouter un colis au panier/android.view.View- Pikine Rue 10, Dakar, Senegal'

2022-11-22 13:34:27 - [TEST_STEP][PASSED] - tap(findTestObject("Object Repository/11-Ajouter un colis au panier/android.widget.Button Continuer"), 0): Tapped on element 'Object Repository/11-Ajouter un colis au panier/android.widget.Button Continuer'

2022-11-22 13:34:27 - [MESSAGE][WARNING] - Timeout '0' is invalid. Using default page load timeout: '30'

2022-11-22 13:34:29 - [MESSAGE][PASSED] - Tapped on element 'Object Repository/11-Ajouter un colis au panier/android.widget.Button Continuer'

2022-11-22 13:34:29 - [TEST_STEP][PASSED] - tap(findTestObject("Object Repository/11-Ajouter un colis au panier/android.view.View"), 0): Tapped on element 'Object Repository/11-Ajouter un colis au panier/android.view.View'

2022-11-22 13:34:29 - [MESSAGE][WARNING] - Timeout '0' is invalid. Using default page load timeout: '30'

2022-11-22 13:34:33 - [MESSAGE][PASSED] - Tapped on element 'Object Repository/11-Ajouter un colis au panier/android.view.View'

2022-11-22 13:34:33 - [TEST_STEP][PASSED] - tap(findTestObject("Object Repository/11-Ajouter un colis au panier/android.widget.Button"), 0): Tapped on element 'Object Repository/11-Ajouter un colis au panier/android.widget.Button'

2022-11-22 13:34:33 - [MESSAGE][WARNING] - Timeout '0' is invalid. Using default page load timeout: '30'

2022-11-22 13:34:34 - [MESSAGE][PASSED] - Tapped on element 'Object Repository/11-Ajouter un colis au panier/android.widget.Button'

2022-11-22 13:34:34 - [TEST_STEP][PASSED] - tap(findTestObject("Object Repository/11-Ajouter un colis au panier/android.view.View (1)"), 0): Tapped on element 'Object Repository/11-Ajouter un colis au panier/android.view.View (1)'

2022-11-22 13:34:34 - [MESSAGE][WARNING] - Timeout '0' is invalid. Using default page load timeout: '30'

2022-11-22 13:34:35 - [MESSAGE][PASSED] - Tapped on element 'Object Repository/11-Ajouter un colis au panier/android.view.View (1)'

2022-11-22 13:34:35 - [TEST_STEP][PASSED] - tap(findTestObject("Object Repository/11-Ajouter un colis au panier/android.widget.Button (1)"), 0): Tapped on element 'Object Repository/11-Ajouter un colis au panier/android.widget.Button (1)'

2022-11-22 13:34:35 - [MESSAGE][WARNING] - Timeout '0' is invalid. Using default page load timeout: '30'

2022-11-22 13:34:36 - [MESSAGE][PASSED] - Tapped on element 'Object Repository/11-Ajouter un colis au panier/android.widget.Button (1)'

2022-11-22 13:34:36 - [TEST_STEP][PASSED] - tap(findTestObject("Object Repository/11-Ajouter un colis au panier/android.view.View (2)"), 0): Tapped on element 'Object Repository/11-Ajouter un colis au panier/android.view.View (2)'

2022-11-22 13:34:36 - [MESSAGE][WARNING] - Timeout '0' is invalid. Using default page load timeout: '30'

2022-11-22 13:34:38 - [MESSAGE][PASSED] - Tapped on element 'Object Repository/11-Ajouter un colis au panier/android.view.View (2)'

2022-11-22 13:34:38 - [TEST_STEP][PASSED] - tap(findTestObject("Object Repository/11-Ajouter un colis au panier/android.widget.Button (2)"), 0): Tapped on element 'Object Repository/11-Ajouter un colis au panier/android.widget.Button (2)'

2022-11-22 13:34:38 - [MESSAGE][WARNING] - Timeout '0' is invalid. Using default page load timeout: '30'

2022-11-22 13:34:39 - [MESSAGE][PASSED] - Tapped on element 'Object Repository/11-Ajouter un colis au panier/android.widget.Button (2)'

2022-11-22 13:34:39 - [TEST_STEP][PASSED] - tap(findTestObject("Object Repository/11-Ajouter un colis au panier/android.view.View (3)"), 0): Tapped on element 'Object Repository/11-Ajouter un colis au panier/android.view.View (3)'

2022-11-22 13:34:39 - [MESSAGE][WARNING] - Timeout '0' is invalid. Using default page load timeout: '30'

2022-11-22 13:34:41 - [MESSAGE][PASSED] - Tapped on element 'Object Repository/11-Ajouter un colis au panier/android.view.View (3)'

2022-11-22 13:34:41 - [TEST_STEP][PASSED] - checkElement(findTestObject("Object Repository/11-Ajouter un colis au panier/android.widget.CheckBox-Beaut"), 0): Element 'Object Repository/11-Ajouter un colis au panier/android.widget.CheckBox-Beaut' is checked

2022-11-22 13:34:41 - [MESSAGE][WARNING] - Timeout '0' is invalid. Using default page load timeout: '30'

2022-11-22 13:34:42 - [MESSAGE][PASSED] - Element 'Object Repository/11-Ajouter un colis au panier/android.widget.CheckBox-Beaut' is checked

2022-11-22 13:34:42 - [TEST_STEP][PASSED] - checkElement(findTestObject("Object Repository/11-Ajouter un colis au panier/android.widget.CheckBox-Sant"), 0): Element 'Object Repository/11-Ajouter un colis au panier/android.widget.CheckBox-Sant' is checked

2022-11-22 13:34:42 - [MESSAGE][WARNING] - Timeout '0' is invalid. Using default page load timeout: '30'

2022-11-22 13:34:43 - [MESSAGE][PASSED] - Element 'Object Repository/11-Ajouter un colis au panier/android.widget.CheckBox-Sant' is checked

2022-11-22 13:34:43 - [TEST_STEP][PASSED] - scrollToText("Saisir la description exacte de votre colis", CONTINUE_ON_FAILURE): Scrolling to text 'Saisir la description exacte de votre colis' successfully

2022-11-22 13:34:46 - [MESSAGE][PASSED] - Scrolling to text 'Saisir la description exacte de votre colis' successfully

2022-11-22 13:34:46 - [TEST_STEP][PASSED] - tap(findTestObject("11-Ajouter un colis au panier/android.widget.EditText - Saisir la description exacte de votre colis (1)"), 0): Tapped on element 'Object Repository/11-Ajouter un colis au panier/android.widget.EditText - Saisir la description exacte de votre colis (1)'

2022-11-22 13:34:46 - [MESSAGE][WARNING] - Timeout '0' is invalid. Using default page load timeout: '30'

2022-11-22 13:34:46 - [MESSAGE][PASSED] - Tapped on element 'Object Repository/11-Ajouter un colis au panier/android.widget.EditText - Saisir la description exacte de votre colis (1)'

2022-11-22 13:34:46 - [TEST_STEP][PASSED] - setText(findTestObject("Object Repository/11-Ajouter un colis au panier/android.widget.EditText - Saisir la description exacte de votre colis (1)"), "Baume", 0): Text 'Baume' has been set to element 'Object Repository/11-Ajouter un colis au panier/android.widget.EditText - Saisir la description exacte de votre colis (1)'

2022-11-22 13:34:46 - [MESSAGE][WARNING] - Timeout '0' is invalid. Using default page load timeout: '30'

2022-11-22 13:34:48 - [MESSAGE][PASSED] - Text 'Baume' has been set to element 'Object Repository/11-Ajouter un colis au panier/android.widget.EditText - Saisir la description exacte de votre colis (1)'

2022-11-22 13:34:48 - [TEST_STEP][PASSED] - pressBack(): Press back button successfully

2022-11-22 13:34:49 - [MESSAGE][PASSED] - Press back button successfully

2022-11-22 13:34:49 - [TEST_STEP][PASSED] - tap(findTestObject("Object Repository/11-Ajouter un colis au panier/android.widget.Button-Ajouter au panier"), 0): Tapped on element 'Object Repository/11-Ajouter un colis au panier/android.widget.Button-Ajouter au panier'

2022-11-22 13:34:49 - [MESSAGE][WARNING] - Timeout '0' is invalid. Using default page load timeout: '30'

2022-11-22 13:34:51 - [MESSAGE][PASSED] - Tapped on element 'Object Repository/11-Ajouter un colis au panier/android.widget.Button-Ajouter au panier'

2022-11-22 13:34:51 - [TEST_STEP][PASSED] - verifyElementVisible(findTestObject("Object Repository/11-Ajouter un colis au panier/android.widget.Button-Valider mon panier"), 0): Element 'Object Repository/11-Ajouter un colis au panier/android.widget.Button-Valider mon panier' is visible

2022-11-22 13:34:51 - [MESSAGE][WARNING] - Timeout '0' is invalid. Using default page load timeout: '30'

2022-11-22 13:34:53 - [MESSAGE][PASSED] - Element 'Object Repository/11-Ajouter un colis au panier/android.widget.Button-Valider mon panier' is visible

2022-11-22 13:34:53 - [TEST_STEP][PASSED] - tap(findTestObject("Object Repository/12-Retour a la page d ajout d un colis/ButtonBack"), 0): Tapped on element 'Object Repository/12-Retour a la page d ajout d un colis/ButtonBack'

2022-11-22 13:34:53 - [MESSAGE][WARNING] - Timeout '0' is invalid. Using default page load timeout: '30'

2022-11-22 13:34:53 - [MESSAGE][PASSED] - Tapped on element 'Object Repository/12-Retour a la page d ajout d un colis/ButtonBack'

2022-11-22 13:34:53 - [TEST_STEP][PASSED] - tap(findTestObject("15-CliquerSurLePictoPanier/PictogrammePanier"), 0): Tapped on element 'Object Repository/15-CliquerSurLePictoPanier/PictogrammePanier'

2022-11-22 13:34:53 - [MESSAGE][WARNING] - Timeout '0' is invalid. Using default page load timeout: '30'

2022-11-22 13:34:56 - [MESSAGE][PASSED] - Tapped on element 'Object Repository/15-CliquerSurLePictoPanier/PictogrammePanier'

2022-11-22 13:34:56 - [TEST_STEP][PASSED] - verifyElementVisible(findTestObject("Object Repository/15-CliquerSurLePictoPanier/TextMonPanier"), 0): Element 'Object Repository/15-CliquerSurLePictoPanier/TextMonPanier' is visible

2022-11-22 13:34:56 - [MESSAGE][WARNING] - Timeout '0' is invalid. Using default page load timeout: '30'

2022-11-22 13:34:57 - [MESSAGE][PASSED] - Element 'Object Repository/15-CliquerSurLePictoPanier/TextMonPanier' is visible

2022-11-22 13:34:57 - [TEST_STEP][PASSED] - closeApplication(): Close app successfully

2022-11-22 13:35:00 - [MESSAGE][PASSED] - Close app successfully]]></system-out>
         <system-err><![CDATA[]]></system-err>
      </testcase>
      <testcase name="Test Cases/Cas de test passant/22-Ajouter les informations de l expÃ©diteur en mode Guest" time="117.457" classname="Test Cases/Cas de test passant/22-Ajouter les informations de l expÃ©diteur en mode Guest" status="PASSED">
         <system-out><![CDATA[2022-11-22 13:35:00 - [TEST_CASE][PASSED] - Test Cases/Cas de test passant/22-Ajouter les informations de l expÃ©diteur en mode Guest: Test Cases/Cas de test passant/22-Ajouter les informations de l expÃ©diteur en mode Guest

2022-11-22 13:35:00 - [TEST_STEP][PASSED] - startApplication("C:\Users\Ousseynou Diop\Desktop\APK Client\app-debug.apk", true): Started app at: 'C:\Users\Ousseynou Diop\Desktop\APK Client\app-debug.apk'

2022-11-22 13:35:01 - [MESSAGE][INFO] - Detected NodeJS location: "C:\Program Files\nodejs\node.exe"

2022-11-22 13:35:02 - [MESSAGE][INFO] - Appium server started on port 63Â 790

2022-11-22 13:35:41 - [MESSAGE][PASSED] - Started app at: 'C:\Users\Ousseynou Diop\Desktop\APK Client\app-debug.apk'

2022-11-22 13:35:41 - [TEST_STEP][PASSED] - tap(findTestObject("Object Repository/11-Ajouter un colis au panier/android.widget.Button-Continuer en mode Guest"), 0): Tapped on element 'Object Repository/11-Ajouter un colis au panier/android.widget.Button-Continuer en mode Guest'

2022-11-22 13:35:41 - [MESSAGE][WARNING] - Timeout '0' is invalid. Using default page load timeout: '30'

2022-11-22 13:35:45 - [MESSAGE][PASSED] - Tapped on element 'Object Repository/11-Ajouter un colis au panier/android.widget.Button-Continuer en mode Guest'

2022-11-22 13:35:45 - [TEST_STEP][PASSED] - tap(findTestObject("Object Repository/11-Ajouter un colis au panier/android.view.View-Onglet  Livraison de colis"), 0): Tapped on element 'Object Repository/11-Ajouter un colis au panier/android.view.View-Onglet  Livraison de colis'

2022-11-22 13:35:45 - [MESSAGE][WARNING] - Timeout '0' is invalid. Using default page load timeout: '30'

2022-11-22 13:35:48 - [MESSAGE][PASSED] - Tapped on element 'Object Repository/11-Ajouter un colis au panier/android.view.View-Onglet  Livraison de colis'

2022-11-22 13:35:48 - [TEST_STEP][PASSED] - tap(findTestObject("Object Repository/11-Ajouter un colis au panier/android.widget.EditText - Adresse de collecte"), 0): Tapped on element 'Object Repository/11-Ajouter un colis au panier/android.widget.EditText - Adresse de collecte'

2022-11-22 13:35:48 - [MESSAGE][WARNING] - Timeout '0' is invalid. Using default page load timeout: '30'

2022-11-22 13:35:52 - [MESSAGE][PASSED] - Tapped on element 'Object Repository/11-Ajouter un colis au panier/android.widget.EditText - Adresse de collecte'

2022-11-22 13:35:52 - [TEST_STEP][PASSED] - tap(findTestObject("Object Repository/11-Ajouter un colis au panier/android.view.View- Ma position"), 0): Tapped on element 'Object Repository/11-Ajouter un colis au panier/android.view.View- Ma position'

2022-11-22 13:35:52 - [MESSAGE][WARNING] - Timeout '0' is invalid. Using default page load timeout: '30'

2022-11-22 13:35:57 - [MESSAGE][PASSED] - Tapped on element 'Object Repository/11-Ajouter un colis au panier/android.view.View- Ma position'

2022-11-22 13:35:57 - [TEST_STEP][PASSED] - tap(findTestObject("Object Repository/11-Ajouter un colis au panier/android.widget.EditText - Adresse de livraison"), 0): Tapped on element 'Object Repository/11-Ajouter un colis au panier/android.widget.EditText - Adresse de livraison'

2022-11-22 13:35:57 - [MESSAGE][WARNING] - Timeout '0' is invalid. Using default page load timeout: '30'

2022-11-22 13:35:59 - [MESSAGE][PASSED] - Tapped on element 'Object Repository/11-Ajouter un colis au panier/android.widget.EditText - Adresse de livraison'

2022-11-22 13:35:59 - [TEST_STEP][PASSED] - setText(findTestObject("Object Repository/11-Ajouter un colis au panier/android.widget.EditText - Adresse de livraison (1)"), "Pikine Rue 10", 0): Text 'Pikine Rue 10' has been set to element 'Object Repository/11-Ajouter un colis au panier/android.widget.EditText - Adresse de livraison (1)'

2022-11-22 13:35:59 - [MESSAGE][WARNING] - Timeout '0' is invalid. Using default page load timeout: '30'

2022-11-22 13:36:02 - [MESSAGE][PASSED] - Text 'Pikine Rue 10' has been set to element 'Object Repository/11-Ajouter un colis au panier/android.widget.EditText - Adresse de livraison (1)'

2022-11-22 13:36:02 - [TEST_STEP][PASSED] - tap(findTestObject("Object Repository/11-Ajouter un colis au panier/android.view.View- Pikine Rue 10, Dakar, Senegal"), 0): Tapped on element 'Object Repository/11-Ajouter un colis au panier/android.view.View- Pikine Rue 10, Dakar, Senegal'

2022-11-22 13:36:02 - [MESSAGE][WARNING] - Timeout '0' is invalid. Using default page load timeout: '30'

2022-11-22 13:36:05 - [MESSAGE][PASSED] - Tapped on element 'Object Repository/11-Ajouter un colis au panier/android.view.View- Pikine Rue 10, Dakar, Senegal'

2022-11-22 13:36:05 - [TEST_STEP][PASSED] - tap(findTestObject("Object Repository/11-Ajouter un colis au panier/android.widget.Button Continuer"), 0): Tapped on element 'Object Repository/11-Ajouter un colis au panier/android.widget.Button Continuer'

2022-11-22 13:36:05 - [MESSAGE][WARNING] - Timeout '0' is invalid. Using default page load timeout: '30'

2022-11-22 13:36:06 - [MESSAGE][PASSED] - Tapped on element 'Object Repository/11-Ajouter un colis au panier/android.widget.Button Continuer'

2022-11-22 13:36:06 - [TEST_STEP][PASSED] - tap(findTestObject("Object Repository/11-Ajouter un colis au panier/android.view.View"), 0): Tapped on element 'Object Repository/11-Ajouter un colis au panier/android.view.View'

2022-11-22 13:36:06 - [MESSAGE][WARNING] - Timeout '0' is invalid. Using default page load timeout: '30'

2022-11-22 13:36:11 - [MESSAGE][PASSED] - Tapped on element 'Object Repository/11-Ajouter un colis au panier/android.view.View'

2022-11-22 13:36:11 - [TEST_STEP][PASSED] - tap(findTestObject("Object Repository/11-Ajouter un colis au panier/android.widget.Button"), 0): Tapped on element 'Object Repository/11-Ajouter un colis au panier/android.widget.Button'

2022-11-22 13:36:11 - [MESSAGE][WARNING] - Timeout '0' is invalid. Using default page load timeout: '30'

2022-11-22 13:36:12 - [MESSAGE][PASSED] - Tapped on element 'Object Repository/11-Ajouter un colis au panier/android.widget.Button'

2022-11-22 13:36:12 - [TEST_STEP][PASSED] - tap(findTestObject("Object Repository/11-Ajouter un colis au panier/android.view.View (1)"), 0): Tapped on element 'Object Repository/11-Ajouter un colis au panier/android.view.View (1)'

2022-11-22 13:36:12 - [MESSAGE][WARNING] - Timeout '0' is invalid. Using default page load timeout: '30'

2022-11-22 13:36:14 - [MESSAGE][PASSED] - Tapped on element 'Object Repository/11-Ajouter un colis au panier/android.view.View (1)'

2022-11-22 13:36:14 - [TEST_STEP][PASSED] - tap(findTestObject("Object Repository/11-Ajouter un colis au panier/android.widget.Button (1)"), 0): Tapped on element 'Object Repository/11-Ajouter un colis au panier/android.widget.Button (1)'

2022-11-22 13:36:14 - [MESSAGE][WARNING] - Timeout '0' is invalid. Using default page load timeout: '30'

2022-11-22 13:36:15 - [MESSAGE][PASSED] - Tapped on element 'Object Repository/11-Ajouter un colis au panier/android.widget.Button (1)'

2022-11-22 13:36:15 - [TEST_STEP][PASSED] - tap(findTestObject("Object Repository/11-Ajouter un colis au panier/android.view.View (2)"), 0): Tapped on element 'Object Repository/11-Ajouter un colis au panier/android.view.View (2)'

2022-11-22 13:36:15 - [MESSAGE][WARNING] - Timeout '0' is invalid. Using default page load timeout: '30'

2022-11-22 13:36:17 - [MESSAGE][PASSED] - Tapped on element 'Object Repository/11-Ajouter un colis au panier/android.view.View (2)'

2022-11-22 13:36:17 - [TEST_STEP][PASSED] - tap(findTestObject("Object Repository/11-Ajouter un colis au panier/android.widget.Button (2)"), 0): Tapped on element 'Object Repository/11-Ajouter un colis au panier/android.widget.Button (2)'

2022-11-22 13:36:17 - [MESSAGE][WARNING] - Timeout '0' is invalid. Using default page load timeout: '30'

2022-11-22 13:36:18 - [MESSAGE][PASSED] - Tapped on element 'Object Repository/11-Ajouter un colis au panier/android.widget.Button (2)'

2022-11-22 13:36:18 - [TEST_STEP][PASSED] - tap(findTestObject("Object Repository/11-Ajouter un colis au panier/android.view.View (3)"), 0): Tapped on element 'Object Repository/11-Ajouter un colis au panier/android.view.View (3)'

2022-11-22 13:36:18 - [MESSAGE][WARNING] - Timeout '0' is invalid. Using default page load timeout: '30'

2022-11-22 13:36:19 - [MESSAGE][PASSED] - Tapped on element 'Object Repository/11-Ajouter un colis au panier/android.view.View (3)'

2022-11-22 13:36:19 - [TEST_STEP][PASSED] - checkElement(findTestObject("Object Repository/11-Ajouter un colis au panier/android.widget.CheckBox-Beaut"), 0): Element 'Object Repository/11-Ajouter un colis au panier/android.widget.CheckBox-Beaut' is checked

2022-11-22 13:36:19 - [MESSAGE][WARNING] - Timeout '0' is invalid. Using default page load timeout: '30'

2022-11-22 13:36:20 - [MESSAGE][PASSED] - Element 'Object Repository/11-Ajouter un colis au panier/android.widget.CheckBox-Beaut' is checked

2022-11-22 13:36:20 - [TEST_STEP][PASSED] - checkElement(findTestObject("Object Repository/11-Ajouter un colis au panier/android.widget.CheckBox-Sant"), 0): Element 'Object Repository/11-Ajouter un colis au panier/android.widget.CheckBox-Sant' is checked

2022-11-22 13:36:20 - [MESSAGE][WARNING] - Timeout '0' is invalid. Using default page load timeout: '30'

2022-11-22 13:36:22 - [MESSAGE][PASSED] - Element 'Object Repository/11-Ajouter un colis au panier/android.widget.CheckBox-Sant' is checked

2022-11-22 13:36:22 - [TEST_STEP][PASSED] - scrollToText("Saisir la description exacte de votre colis", CONTINUE_ON_FAILURE): Scrolling to text 'Saisir la description exacte de votre colis' successfully

2022-11-22 13:36:25 - [MESSAGE][PASSED] - Scrolling to text 'Saisir la description exacte de votre colis' successfully

2022-11-22 13:36:25 - [TEST_STEP][PASSED] - tap(findTestObject("11-Ajouter un colis au panier/android.widget.EditText - Saisir la description exacte de votre colis (1)"), 0): Tapped on element 'Object Repository/11-Ajouter un colis au panier/android.widget.EditText - Saisir la description exacte de votre colis (1)'

2022-11-22 13:36:25 - [MESSAGE][WARNING] - Timeout '0' is invalid. Using default page load timeout: '30'

2022-11-22 13:36:26 - [MESSAGE][PASSED] - Tapped on element 'Object Repository/11-Ajouter un colis au panier/android.widget.EditText - Saisir la description exacte de votre colis (1)'

2022-11-22 13:36:26 - [TEST_STEP][PASSED] - setText(findTestObject("Object Repository/11-Ajouter un colis au panier/android.widget.EditText - Saisir la description exacte de votre colis (1)"), "Baume", 0): Text 'Baume' has been set to element 'Object Repository/11-Ajouter un colis au panier/android.widget.EditText - Saisir la description exacte de votre colis (1)'

2022-11-22 13:36:26 - [MESSAGE][WARNING] - Timeout '0' is invalid. Using default page load timeout: '30'

2022-11-22 13:36:27 - [MESSAGE][PASSED] - Text 'Baume' has been set to element 'Object Repository/11-Ajouter un colis au panier/android.widget.EditText - Saisir la description exacte de votre colis (1)'

2022-11-22 13:36:27 - [TEST_STEP][PASSED] - pressBack(): Press back button successfully

2022-11-22 13:36:29 - [MESSAGE][PASSED] - Press back button successfully

2022-11-22 13:36:29 - [TEST_STEP][PASSED] - tap(findTestObject("Object Repository/11-Ajouter un colis au panier/android.widget.Button-Ajouter au panier"), 0): Tapped on element 'Object Repository/11-Ajouter un colis au panier/android.widget.Button-Ajouter au panier'

2022-11-22 13:36:29 - [MESSAGE][WARNING] - Timeout '0' is invalid. Using default page load timeout: '30'

2022-11-22 13:36:30 - [MESSAGE][PASSED] - Tapped on element 'Object Repository/11-Ajouter un colis au panier/android.widget.Button-Ajouter au panier'

2022-11-22 13:36:30 - [TEST_STEP][PASSED] - verifyElementVisible(findTestObject("Object Repository/11-Ajouter un colis au panier/android.widget.Button-Valider mon panier"), 0): Element 'Object Repository/11-Ajouter un colis au panier/android.widget.Button-Valider mon panier' is visible

2022-11-22 13:36:30 - [MESSAGE][WARNING] - Timeout '0' is invalid. Using default page load timeout: '30'

2022-11-22 13:36:33 - [MESSAGE][PASSED] - Element 'Object Repository/11-Ajouter un colis au panier/android.widget.Button-Valider mon panier' is visible

2022-11-22 13:36:33 - [TEST_STEP][PASSED] - tap(findTestObject("Object Repository/14-ValiderMonPanier/ButtonValiderMonPanier"), 0): Tapped on element 'Object Repository/14-ValiderMonPanier/ButtonValiderMonPanier'

2022-11-22 13:36:33 - [MESSAGE][WARNING] - Timeout '0' is invalid. Using default page load timeout: '30'

2022-11-22 13:36:35 - [MESSAGE][PASSED] - Tapped on element 'Object Repository/14-ValiderMonPanier/ButtonValiderMonPanier'

2022-11-22 13:36:35 - [TEST_STEP][PASSED] - tap(findTestObject("Object Repository/22-Ajouter les informations de l expÃ©diteure/android.widget.EditText - Nom"), 0): Tapped on element 'Object Repository/22-Ajouter les informations de l expÃ©diteure/android.widget.EditText - Nom'

2022-11-22 13:36:35 - [MESSAGE][WARNING] - Timeout '0' is invalid. Using default page load timeout: '30'

2022-11-22 13:36:35 - [MESSAGE][PASSED] - Tapped on element 'Object Repository/22-Ajouter les informations de l expÃ©diteure/android.widget.EditText - Nom'

2022-11-22 13:36:35 - [TEST_STEP][PASSED] - setText(findTestObject("Object Repository/22-Ajouter les informations de l expÃ©diteure/android.widget.EditText - Nom (1)"), "DIOP", 0): Text 'DIOP' has been set to element 'Object Repository/22-Ajouter les informations de l expÃ©diteure/android.widget.EditText - Nom (1)'

2022-11-22 13:36:35 - [MESSAGE][WARNING] - Timeout '0' is invalid. Using default page load timeout: '30'

2022-11-22 13:36:37 - [MESSAGE][PASSED] - Text 'DIOP' has been set to element 'Object Repository/22-Ajouter les informations de l expÃ©diteure/android.widget.EditText - Nom (1)'

2022-11-22 13:36:37 - [TEST_STEP][PASSED] - tap(findTestObject("Object Repository/22-Ajouter les informations de l expÃ©diteure/android.widget.EditText - Prnom"), 0): Tapped on element 'Object Repository/22-Ajouter les informations de l expÃ©diteure/android.widget.EditText - Prnom'

2022-11-22 13:36:37 - [MESSAGE][WARNING] - Timeout '0' is invalid. Using default page load timeout: '30'

2022-11-22 13:36:38 - [MESSAGE][PASSED] - Tapped on element 'Object Repository/22-Ajouter les informations de l expÃ©diteure/android.widget.EditText - Prnom'

2022-11-22 13:36:38 - [TEST_STEP][PASSED] - setText(findTestObject("Object Repository/22-Ajouter les informations de l expÃ©diteure/android.widget.EditText - Prnom (1)"), "Elhadji Ousseynou", 0): Text 'Elhadji Ousseynou' has been set to element 'Object Repository/22-Ajouter les informations de l expÃ©diteure/android.widget.EditText - Prnom (1)'

2022-11-22 13:36:38 - [MESSAGE][WARNING] - Timeout '0' is invalid. Using default page load timeout: '30'

2022-11-22 13:36:39 - [MESSAGE][PASSED] - Text 'Elhadji Ousseynou' has been set to element 'Object Repository/22-Ajouter les informations de l expÃ©diteure/android.widget.EditText - Prnom (1)'

2022-11-22 13:36:39 - [TEST_STEP][PASSED] - tap(findTestObject("Object Repository/22-Ajouter les informations de l expÃ©diteure/android.widget.EditText - Email"), 0): Tapped on element 'Object Repository/22-Ajouter les informations de l expÃ©diteure/android.widget.EditText - Email'

2022-11-22 13:36:39 - [MESSAGE][WARNING] - Timeout '0' is invalid. Using default page load timeout: '30'

2022-11-22 13:36:41 - [MESSAGE][PASSED] - Tapped on element 'Object Repository/22-Ajouter les informations de l expÃ©diteure/android.widget.EditText - Email'

2022-11-22 13:36:41 - [TEST_STEP][PASSED] - setText(findTestObject("Object Repository/22-Ajouter les informations de l expÃ©diteure/android.widget.EditText - Email (1)"), "pacorabanne@yopmail.com", 0): Text 'pacorabanne@yopmail.com' has been set to element 'Object Repository/22-Ajouter les informations de l expÃ©diteure/android.widget.EditText - Email (1)'

2022-11-22 13:36:41 - [MESSAGE][WARNING] - Timeout '0' is invalid. Using default page load timeout: '30'

2022-11-22 13:36:42 - [MESSAGE][PASSED] - Text 'pacorabanne@yopmail.com' has been set to element 'Object Repository/22-Ajouter les informations de l expÃ©diteure/android.widget.EditText - Email (1)'

2022-11-22 13:36:42 - [TEST_STEP][PASSED] - tap(findTestObject("Object Repository/22-Ajouter les informations de l expÃ©diteure/android.widget.ImageView"), 0): Tapped on element 'Object Repository/22-Ajouter les informations de l expÃ©diteure/android.widget.ImageView'

2022-11-22 13:36:42 - [MESSAGE][WARNING] - Timeout '0' is invalid. Using default page load timeout: '30'

2022-11-22 13:36:44 - [MESSAGE][PASSED] - Tapped on element 'Object Repository/22-Ajouter les informations de l expÃ©diteure/android.widget.ImageView'

2022-11-22 13:36:44 - [TEST_STEP][PASSED] - tap(findTestObject("22-Ajouter les informations de l expÃ©diteure/Algeria"), 0): Tapped on element 'Object Repository/22-Ajouter les informations de l expÃ©diteure/Algeria'

2022-11-22 13:36:44 - [MESSAGE][WARNING] - Timeout '0' is invalid. Using default page load timeout: '30'

2022-11-22 13:36:47 - [MESSAGE][PASSED] - Tapped on element 'Object Repository/22-Ajouter les informations de l expÃ©diteure/Algeria'

2022-11-22 13:36:47 - [TEST_STEP][PASSED] - tap(findTestObject("Object Repository/22-Ajouter les informations de l expÃ©diteure/android.widget.EditText - Numro"), 0): Tapped on element 'Object Repository/22-Ajouter les informations de l expÃ©diteure/android.widget.EditText - Numro'

2022-11-22 13:36:47 - [MESSAGE][WARNING] - Timeout '0' is invalid. Using default page load timeout: '30'

2022-11-22 13:36:49 - [MESSAGE][PASSED] - Tapped on element 'Object Repository/22-Ajouter les informations de l expÃ©diteure/android.widget.EditText - Numro'

2022-11-22 13:36:49 - [TEST_STEP][PASSED] - setText(findTestObject("Object Repository/22-Ajouter les informations de l expÃ©diteure/android.widget.EditText - Numro (1)"), "770000000", 0): Text '770000000' has been set to element 'Object Repository/22-Ajouter les informations de l expÃ©diteure/android.widget.EditText - Numro (1)'

2022-11-22 13:36:49 - [MESSAGE][WARNING] - Timeout '0' is invalid. Using default page load timeout: '30'

2022-11-22 13:36:51 - [MESSAGE][PASSED] - Text '770000000' has been set to element 'Object Repository/22-Ajouter les informations de l expÃ©diteure/android.widget.EditText - Numro (1)'

2022-11-22 13:36:51 - [TEST_STEP][PASSED] - pressBack(): Press back button successfully

2022-11-22 13:36:51 - [MESSAGE][PASSED] - Press back button successfully

2022-11-22 13:36:51 - [TEST_STEP][PASSED] - tap(findTestObject("Object Repository/22-Ajouter les informations de l expÃ©diteure/android.widget.Button"), 0): Tapped on element 'Object Repository/22-Ajouter les informations de l expÃ©diteure/android.widget.Button'

2022-11-22 13:36:51 - [MESSAGE][WARNING] - Timeout '0' is invalid. Using default page load timeout: '30'

2022-11-22 13:36:52 - [MESSAGE][PASSED] - Tapped on element 'Object Repository/22-Ajouter les informations de l expÃ©diteure/android.widget.Button'

2022-11-22 13:36:52 - [TEST_STEP][PASSED] - verifyElementVisible(findTestObject("22-Ajouter les informations de l expÃ©diteure/android.widget.EditText - Nom du destinataire"), 0): Element 'Object Repository/22-Ajouter les informations de l expÃ©diteure/android.widget.EditText - Nom du destinataire' is visible

2022-11-22 13:36:52 - [MESSAGE][WARNING] - Timeout '0' is invalid. Using default page load timeout: '30'

2022-11-22 13:36:54 - [MESSAGE][PASSED] - Element 'Object Repository/22-Ajouter les informations de l expÃ©diteure/android.widget.EditText - Nom du destinataire' is visible

2022-11-22 13:36:54 - [TEST_STEP][PASSED] - closeApplication(): Close app successfully

2022-11-22 13:36:58 - [MESSAGE][PASSED] - Close app successfully]]></system-out>
         <system-err><![CDATA[]]></system-err>
      </testcase>
      <testcase name="Test Cases/Cas de test passant/23- Ajouter les informations du destinataire en mode Guest" time="124.838" classname="Test Cases/Cas de test passant/23- Ajouter les informations du destinataire en mode Guest" status="PASSED">
         <system-out><![CDATA[2022-11-22 13:36:58 - [TEST_CASE][PASSED] - Test Cases/Cas de test passant/23- Ajouter les informations du destinataire en mode Guest: Test Cases/Cas de test passant/23- Ajouter les informations du destinataire en mode Guest

2022-11-22 13:36:58 - [TEST_STEP][PASSED] - startApplication("C:\Users\Ousseynou Diop\Desktop\APK Client\app-debug.apk", true): Started app at: 'C:\Users\Ousseynou Diop\Desktop\APK Client\app-debug.apk'

2022-11-22 13:36:58 - [MESSAGE][INFO] - Detected NodeJS location: "C:\Program Files\nodejs\node.exe"

2022-11-22 13:36:59 - [MESSAGE][INFO] - Appium server started on port 63Â 936

2022-11-22 13:37:35 - [MESSAGE][PASSED] - Started app at: 'C:\Users\Ousseynou Diop\Desktop\APK Client\app-debug.apk'

2022-11-22 13:37:35 - [TEST_STEP][PASSED] - tap(findTestObject("Object Repository/11-Ajouter un colis au panier/android.widget.Button-Continuer en mode Guest"), 0): Tapped on element 'Object Repository/11-Ajouter un colis au panier/android.widget.Button-Continuer en mode Guest'

2022-11-22 13:37:35 - [MESSAGE][WARNING] - Timeout '0' is invalid. Using default page load timeout: '30'

2022-11-22 13:37:38 - [MESSAGE][PASSED] - Tapped on element 'Object Repository/11-Ajouter un colis au panier/android.widget.Button-Continuer en mode Guest'

2022-11-22 13:37:38 - [TEST_STEP][PASSED] - tap(findTestObject("Object Repository/11-Ajouter un colis au panier/android.view.View-Onglet  Livraison de colis"), 0): Tapped on element 'Object Repository/11-Ajouter un colis au panier/android.view.View-Onglet  Livraison de colis'

2022-11-22 13:37:39 - [MESSAGE][WARNING] - Timeout '0' is invalid. Using default page load timeout: '30'

2022-11-22 13:37:42 - [MESSAGE][PASSED] - Tapped on element 'Object Repository/11-Ajouter un colis au panier/android.view.View-Onglet  Livraison de colis'

2022-11-22 13:37:42 - [TEST_STEP][PASSED] - tap(findTestObject("Object Repository/11-Ajouter un colis au panier/android.widget.EditText - Adresse de collecte"), 0): Tapped on element 'Object Repository/11-Ajouter un colis au panier/android.widget.EditText - Adresse de collecte'

2022-11-22 13:37:42 - [MESSAGE][WARNING] - Timeout '0' is invalid. Using default page load timeout: '30'

2022-11-22 13:37:46 - [MESSAGE][PASSED] - Tapped on element 'Object Repository/11-Ajouter un colis au panier/android.widget.EditText - Adresse de collecte'

2022-11-22 13:37:46 - [TEST_STEP][PASSED] - tap(findTestObject("Object Repository/11-Ajouter un colis au panier/android.view.View- Ma position"), 0): Tapped on element 'Object Repository/11-Ajouter un colis au panier/android.view.View- Ma position'

2022-11-22 13:37:46 - [MESSAGE][WARNING] - Timeout '0' is invalid. Using default page load timeout: '30'

2022-11-22 13:37:51 - [MESSAGE][PASSED] - Tapped on element 'Object Repository/11-Ajouter un colis au panier/android.view.View- Ma position'

2022-11-22 13:37:51 - [TEST_STEP][PASSED] - tap(findTestObject("Object Repository/11-Ajouter un colis au panier/android.widget.EditText - Adresse de livraison"), 0): Tapped on element 'Object Repository/11-Ajouter un colis au panier/android.widget.EditText - Adresse de livraison'

2022-11-22 13:37:51 - [MESSAGE][WARNING] - Timeout '0' is invalid. Using default page load timeout: '30'

2022-11-22 13:37:53 - [MESSAGE][PASSED] - Tapped on element 'Object Repository/11-Ajouter un colis au panier/android.widget.EditText - Adresse de livraison'

2022-11-22 13:37:53 - [TEST_STEP][PASSED] - setText(findTestObject("Object Repository/11-Ajouter un colis au panier/android.widget.EditText - Adresse de livraison (1)"), "Pikine Rue 10", 0): Text 'Pikine Rue 10' has been set to element 'Object Repository/11-Ajouter un colis au panier/android.widget.EditText - Adresse de livraison (1)'

2022-11-22 13:37:53 - [MESSAGE][WARNING] - Timeout '0' is invalid. Using default page load timeout: '30'

2022-11-22 13:37:57 - [MESSAGE][PASSED] - Text 'Pikine Rue 10' has been set to element 'Object Repository/11-Ajouter un colis au panier/android.widget.EditText - Adresse de livraison (1)'

2022-11-22 13:37:57 - [TEST_STEP][PASSED] - tap(findTestObject("Object Repository/11-Ajouter un colis au panier/android.view.View- Pikine Rue 10, Dakar, Senegal"), 0): Tapped on element 'Object Repository/11-Ajouter un colis au panier/android.view.View- Pikine Rue 10, Dakar, Senegal'

2022-11-22 13:37:57 - [MESSAGE][WARNING] - Timeout '0' is invalid. Using default page load timeout: '30'

2022-11-22 13:38:00 - [MESSAGE][PASSED] - Tapped on element 'Object Repository/11-Ajouter un colis au panier/android.view.View- Pikine Rue 10, Dakar, Senegal'

2022-11-22 13:38:00 - [TEST_STEP][PASSED] - tap(findTestObject("Object Repository/11-Ajouter un colis au panier/android.widget.Button Continuer"), 0): Tapped on element 'Object Repository/11-Ajouter un colis au panier/android.widget.Button Continuer'

2022-11-22 13:38:00 - [MESSAGE][WARNING] - Timeout '0' is invalid. Using default page load timeout: '30'

2022-11-22 13:38:02 - [MESSAGE][PASSED] - Tapped on element 'Object Repository/11-Ajouter un colis au panier/android.widget.Button Continuer'

2022-11-22 13:38:02 - [TEST_STEP][PASSED] - tap(findTestObject("Object Repository/11-Ajouter un colis au panier/android.view.View"), 0): Tapped on element 'Object Repository/11-Ajouter un colis au panier/android.view.View'

2022-11-22 13:38:02 - [MESSAGE][WARNING] - Timeout '0' is invalid. Using default page load timeout: '30'

2022-11-22 13:38:06 - [MESSAGE][PASSED] - Tapped on element 'Object Repository/11-Ajouter un colis au panier/android.view.View'

2022-11-22 13:38:06 - [TEST_STEP][PASSED] - tap(findTestObject("Object Repository/11-Ajouter un colis au panier/android.widget.Button"), 0): Tapped on element 'Object Repository/11-Ajouter un colis au panier/android.widget.Button'

2022-11-22 13:38:06 - [MESSAGE][WARNING] - Timeout '0' is invalid. Using default page load timeout: '30'

2022-11-22 13:38:07 - [MESSAGE][PASSED] - Tapped on element 'Object Repository/11-Ajouter un colis au panier/android.widget.Button'

2022-11-22 13:38:07 - [TEST_STEP][PASSED] - tap(findTestObject("Object Repository/11-Ajouter un colis au panier/android.view.View (1)"), 0): Tapped on element 'Object Repository/11-Ajouter un colis au panier/android.view.View (1)'

2022-11-22 13:38:07 - [MESSAGE][WARNING] - Timeout '0' is invalid. Using default page load timeout: '30'

2022-11-22 13:38:09 - [MESSAGE][PASSED] - Tapped on element 'Object Repository/11-Ajouter un colis au panier/android.view.View (1)'

2022-11-22 13:38:09 - [TEST_STEP][PASSED] - tap(findTestObject("Object Repository/11-Ajouter un colis au panier/android.widget.Button (1)"), 0): Tapped on element 'Object Repository/11-Ajouter un colis au panier/android.widget.Button (1)'

2022-11-22 13:38:09 - [MESSAGE][WARNING] - Timeout '0' is invalid. Using default page load timeout: '30'

2022-11-22 13:38:10 - [MESSAGE][PASSED] - Tapped on element 'Object Repository/11-Ajouter un colis au panier/android.widget.Button (1)'

2022-11-22 13:38:10 - [TEST_STEP][PASSED] - tap(findTestObject("Object Repository/11-Ajouter un colis au panier/android.view.View (2)"), 0): Tapped on element 'Object Repository/11-Ajouter un colis au panier/android.view.View (2)'

2022-11-22 13:38:10 - [MESSAGE][WARNING] - Timeout '0' is invalid. Using default page load timeout: '30'

2022-11-22 13:38:11 - [MESSAGE][PASSED] - Tapped on element 'Object Repository/11-Ajouter un colis au panier/android.view.View (2)'

2022-11-22 13:38:11 - [TEST_STEP][PASSED] - tap(findTestObject("Object Repository/11-Ajouter un colis au panier/android.widget.Button (2)"), 0): Tapped on element 'Object Repository/11-Ajouter un colis au panier/android.widget.Button (2)'

2022-11-22 13:38:11 - [MESSAGE][WARNING] - Timeout '0' is invalid. Using default page load timeout: '30'

2022-11-22 13:38:12 - [MESSAGE][PASSED] - Tapped on element 'Object Repository/11-Ajouter un colis au panier/android.widget.Button (2)'

2022-11-22 13:38:12 - [TEST_STEP][PASSED] - tap(findTestObject("Object Repository/11-Ajouter un colis au panier/android.view.View (3)"), 0): Tapped on element 'Object Repository/11-Ajouter un colis au panier/android.view.View (3)'

2022-11-22 13:38:12 - [MESSAGE][WARNING] - Timeout '0' is invalid. Using default page load timeout: '30'

2022-11-22 13:38:13 - [MESSAGE][PASSED] - Tapped on element 'Object Repository/11-Ajouter un colis au panier/android.view.View (3)'

2022-11-22 13:38:13 - [TEST_STEP][PASSED] - checkElement(findTestObject("Object Repository/11-Ajouter un colis au panier/android.widget.CheckBox-Beaut"), 0): Element 'Object Repository/11-Ajouter un colis au panier/android.widget.CheckBox-Beaut' is checked

2022-11-22 13:38:13 - [MESSAGE][WARNING] - Timeout '0' is invalid. Using default page load timeout: '30'

2022-11-22 13:38:15 - [MESSAGE][PASSED] - Element 'Object Repository/11-Ajouter un colis au panier/android.widget.CheckBox-Beaut' is checked

2022-11-22 13:38:15 - [TEST_STEP][PASSED] - checkElement(findTestObject("Object Repository/11-Ajouter un colis au panier/android.widget.CheckBox-Sant"), 0): Element 'Object Repository/11-Ajouter un colis au panier/android.widget.CheckBox-Sant' is checked

2022-11-22 13:38:15 - [MESSAGE][WARNING] - Timeout '0' is invalid. Using default page load timeout: '30'

2022-11-22 13:38:16 - [MESSAGE][PASSED] - Element 'Object Repository/11-Ajouter un colis au panier/android.widget.CheckBox-Sant' is checked

2022-11-22 13:38:16 - [TEST_STEP][PASSED] - scrollToText("Saisir la description exacte de votre colis", STOP_ON_FAILURE): Scrolling to text 'Saisir la description exacte de votre colis' successfully

2022-11-22 13:38:19 - [MESSAGE][PASSED] - Scrolling to text 'Saisir la description exacte de votre colis' successfully

2022-11-22 13:38:19 - [TEST_STEP][PASSED] - tap(findTestObject("11-Ajouter un colis au panier/android.widget.EditText - Saisir la description exacte de votre colis (1)"), 0): Tapped on element 'Object Repository/11-Ajouter un colis au panier/android.widget.EditText - Saisir la description exacte de votre colis (1)'

2022-11-22 13:38:19 - [MESSAGE][WARNING] - Timeout '0' is invalid. Using default page load timeout: '30'

2022-11-22 13:38:20 - [MESSAGE][PASSED] - Tapped on element 'Object Repository/11-Ajouter un colis au panier/android.widget.EditText - Saisir la description exacte de votre colis (1)'

2022-11-22 13:38:20 - [TEST_STEP][PASSED] - setText(findTestObject("Object Repository/11-Ajouter un colis au panier/android.widget.EditText - Saisir la description exacte de votre colis (1)"), "Baume", 0): Text 'Baume' has been set to element 'Object Repository/11-Ajouter un colis au panier/android.widget.EditText - Saisir la description exacte de votre colis (1)'

2022-11-22 13:38:20 - [MESSAGE][WARNING] - Timeout '0' is invalid. Using default page load timeout: '30'

2022-11-22 13:38:21 - [MESSAGE][PASSED] - Text 'Baume' has been set to element 'Object Repository/11-Ajouter un colis au panier/android.widget.EditText - Saisir la description exacte de votre colis (1)'

2022-11-22 13:38:21 - [TEST_STEP][PASSED] - pressBack(): Press back button successfully

2022-11-22 13:38:23 - [MESSAGE][PASSED] - Press back button successfully

2022-11-22 13:38:23 - [TEST_STEP][PASSED] - tap(findTestObject("Object Repository/11-Ajouter un colis au panier/android.widget.Button-Ajouter au panier"), 0): Tapped on element 'Object Repository/11-Ajouter un colis au panier/android.widget.Button-Ajouter au panier'

2022-11-22 13:38:23 - [MESSAGE][WARNING] - Timeout '0' is invalid. Using default page load timeout: '30'

2022-11-22 13:38:24 - [MESSAGE][PASSED] - Tapped on element 'Object Repository/11-Ajouter un colis au panier/android.widget.Button-Ajouter au panier'

2022-11-22 13:38:24 - [TEST_STEP][PASSED] - verifyElementVisible(findTestObject("Object Repository/11-Ajouter un colis au panier/android.widget.Button-Valider mon panier"), 0): Element 'Object Repository/11-Ajouter un colis au panier/android.widget.Button-Valider mon panier' is visible

2022-11-22 13:38:24 - [MESSAGE][WARNING] - Timeout '0' is invalid. Using default page load timeout: '30'

2022-11-22 13:38:26 - [MESSAGE][PASSED] - Element 'Object Repository/11-Ajouter un colis au panier/android.widget.Button-Valider mon panier' is visible

2022-11-22 13:38:26 - [TEST_STEP][PASSED] - tap(findTestObject("Object Repository/14-ValiderMonPanier/ButtonValiderMonPanier"), 0): Tapped on element 'Object Repository/14-ValiderMonPanier/ButtonValiderMonPanier'

2022-11-22 13:38:26 - [MESSAGE][WARNING] - Timeout '0' is invalid. Using default page load timeout: '30'

2022-11-22 13:38:27 - [MESSAGE][PASSED] - Tapped on element 'Object Repository/14-ValiderMonPanier/ButtonValiderMonPanier'

2022-11-22 13:38:27 - [TEST_STEP][PASSED] - tap(findTestObject("Object Repository/22-Ajouter les informations de l expÃ©diteure/android.widget.EditText - Nom"), 0): Tapped on element 'Object Repository/22-Ajouter les informations de l expÃ©diteure/android.widget.EditText - Nom'

2022-11-22 13:38:27 - [MESSAGE][WARNING] - Timeout '0' is invalid. Using default page load timeout: '30'

2022-11-22 13:38:29 - [MESSAGE][PASSED] - Tapped on element 'Object Repository/22-Ajouter les informations de l expÃ©diteure/android.widget.EditText - Nom'

2022-11-22 13:38:29 - [TEST_STEP][PASSED] - setText(findTestObject("Object Repository/22-Ajouter les informations de l expÃ©diteure/android.widget.EditText - Nom (1)"), "DIOP", 0): Text 'DIOP' has been set to element 'Object Repository/22-Ajouter les informations de l expÃ©diteure/android.widget.EditText - Nom (1)'

2022-11-22 13:38:29 - [MESSAGE][WARNING] - Timeout '0' is invalid. Using default page load timeout: '30'

2022-11-22 13:38:30 - [MESSAGE][PASSED] - Text 'DIOP' has been set to element 'Object Repository/22-Ajouter les informations de l expÃ©diteure/android.widget.EditText - Nom (1)'

2022-11-22 13:38:30 - [TEST_STEP][PASSED] - tap(findTestObject("Object Repository/22-Ajouter les informations de l expÃ©diteure/android.widget.EditText - Prnom"), 0): Tapped on element 'Object Repository/22-Ajouter les informations de l expÃ©diteure/android.widget.EditText - Prnom'

2022-11-22 13:38:30 - [MESSAGE][WARNING] - Timeout '0' is invalid. Using default page load timeout: '30'

2022-11-22 13:38:31 - [MESSAGE][PASSED] - Tapped on element 'Object Repository/22-Ajouter les informations de l expÃ©diteure/android.widget.EditText - Prnom'

2022-11-22 13:38:31 - [TEST_STEP][PASSED] - setText(findTestObject("Object Repository/22-Ajouter les informations de l expÃ©diteure/android.widget.EditText - Prnom (1)"), "Elhadji Ousseynou", 0): Text 'Elhadji Ousseynou' has been set to element 'Object Repository/22-Ajouter les informations de l expÃ©diteure/android.widget.EditText - Prnom (1)'

2022-11-22 13:38:31 - [MESSAGE][WARNING] - Timeout '0' is invalid. Using default page load timeout: '30'

2022-11-22 13:38:33 - [MESSAGE][PASSED] - Text 'Elhadji Ousseynou' has been set to element 'Object Repository/22-Ajouter les informations de l expÃ©diteure/android.widget.EditText - Prnom (1)'

2022-11-22 13:38:33 - [TEST_STEP][PASSED] - tap(findTestObject("Object Repository/22-Ajouter les informations de l expÃ©diteure/android.widget.EditText - Email"), 0): Tapped on element 'Object Repository/22-Ajouter les informations de l expÃ©diteure/android.widget.EditText - Email'

2022-11-22 13:38:33 - [MESSAGE][WARNING] - Timeout '0' is invalid. Using default page load timeout: '30'

2022-11-22 13:38:34 - [MESSAGE][PASSED] - Tapped on element 'Object Repository/22-Ajouter les informations de l expÃ©diteure/android.widget.EditText - Email'

2022-11-22 13:38:34 - [TEST_STEP][PASSED] - setText(findTestObject("Object Repository/22-Ajouter les informations de l expÃ©diteure/android.widget.EditText - Email (1)"), "pacorabanne@yopmail.com", 0): Text 'pacorabanne@yopmail.com' has been set to element 'Object Repository/22-Ajouter les informations de l expÃ©diteure/android.widget.EditText - Email (1)'

2022-11-22 13:38:34 - [MESSAGE][WARNING] - Timeout '0' is invalid. Using default page load timeout: '30'

2022-11-22 13:38:35 - [MESSAGE][PASSED] - Text 'pacorabanne@yopmail.com' has been set to element 'Object Repository/22-Ajouter les informations de l expÃ©diteure/android.widget.EditText - Email (1)'

2022-11-22 13:38:35 - [TEST_STEP][PASSED] - tap(findTestObject("Object Repository/22-Ajouter les informations de l expÃ©diteure/android.widget.ImageView"), 0): Tapped on element 'Object Repository/22-Ajouter les informations de l expÃ©diteure/android.widget.ImageView'

2022-11-22 13:38:36 - [MESSAGE][WARNING] - Timeout '0' is invalid. Using default page load timeout: '30'

2022-11-22 13:38:37 - [MESSAGE][PASSED] - Tapped on element 'Object Repository/22-Ajouter les informations de l expÃ©diteure/android.widget.ImageView'

2022-11-22 13:38:37 - [TEST_STEP][PASSED] - tap(findTestObject("22-Ajouter les informations de l expÃ©diteure/Algeria"), 0): Tapped on element 'Object Repository/22-Ajouter les informations de l expÃ©diteure/Algeria'

2022-11-22 13:38:37 - [MESSAGE][WARNING] - Timeout '0' is invalid. Using default page load timeout: '30'

2022-11-22 13:38:40 - [MESSAGE][PASSED] - Tapped on element 'Object Repository/22-Ajouter les informations de l expÃ©diteure/Algeria'

2022-11-22 13:38:40 - [TEST_STEP][PASSED] - tap(findTestObject("Object Repository/22-Ajouter les informations de l expÃ©diteure/android.widget.EditText - Numro"), 0): Tapped on element 'Object Repository/22-Ajouter les informations de l expÃ©diteure/android.widget.EditText - Numro'

2022-11-22 13:38:41 - [MESSAGE][WARNING] - Timeout '0' is invalid. Using default page load timeout: '30'

2022-11-22 13:38:41 - [MESSAGE][PASSED] - Tapped on element 'Object Repository/22-Ajouter les informations de l expÃ©diteure/android.widget.EditText - Numro'

2022-11-22 13:38:41 - [TEST_STEP][PASSED] - setText(findTestObject("Object Repository/22-Ajouter les informations de l expÃ©diteure/android.widget.EditText - Numro (1)"), "770000000", 0): Text '770000000' has been set to element 'Object Repository/22-Ajouter les informations de l expÃ©diteure/android.widget.EditText - Numro (1)'

2022-11-22 13:38:41 - [MESSAGE][WARNING] - Timeout '0' is invalid. Using default page load timeout: '30'

2022-11-22 13:38:42 - [MESSAGE][PASSED] - Text '770000000' has been set to element 'Object Repository/22-Ajouter les informations de l expÃ©diteure/android.widget.EditText - Numro (1)'

2022-11-22 13:38:42 - [TEST_STEP][PASSED] - pressBack(): Press back button successfully

2022-11-22 13:38:42 - [MESSAGE][PASSED] - Press back button successfully

2022-11-22 13:38:42 - [TEST_STEP][PASSED] - tap(findTestObject("Object Repository/22-Ajouter les informations de l expÃ©diteure/android.widget.Button"), 0): Tapped on element 'Object Repository/22-Ajouter les informations de l expÃ©diteure/android.widget.Button'

2022-11-22 13:38:42 - [MESSAGE][WARNING] - Timeout '0' is invalid. Using default page load timeout: '30'

2022-11-22 13:38:44 - [MESSAGE][PASSED] - Tapped on element 'Object Repository/22-Ajouter les informations de l expÃ©diteure/android.widget.Button'

2022-11-22 13:38:44 - [TEST_STEP][PASSED] - tap(findTestObject("Object Repository/23-Ajouter les informations du destinataire/android.widget.EditText - Nom du destinataire"), 0): Tapped on element 'Object Repository/23-Ajouter les informations du destinataire/android.widget.EditText - Nom du destinataire'

2022-11-22 13:38:44 - [MESSAGE][WARNING] - Timeout '0' is invalid. Using default page load timeout: '30'

2022-11-22 13:38:45 - [MESSAGE][PASSED] - Tapped on element 'Object Repository/23-Ajouter les informations du destinataire/android.widget.EditText - Nom du destinataire'

2022-11-22 13:38:45 - [TEST_STEP][PASSED] - setText(findTestObject("Object Repository/23-Ajouter les informations du destinataire/android.widget.EditText - Nom du destinataire (1)"), "Anta", 0): Text 'Anta' has been set to element 'Object Repository/23-Ajouter les informations du destinataire/android.widget.EditText - Nom du destinataire (1)'

2022-11-22 13:38:45 - [MESSAGE][WARNING] - Timeout '0' is invalid. Using default page load timeout: '30'

2022-11-22 13:38:47 - [MESSAGE][PASSED] - Text 'Anta' has been set to element 'Object Repository/23-Ajouter les informations du destinataire/android.widget.EditText - Nom du destinataire (1)'

2022-11-22 13:38:47 - [TEST_STEP][PASSED] - tap(findTestObject("Object Repository/23-Ajouter les informations du destinataire/android.widget.EditText - Numro de tlphone"), 0): Tapped on element 'Object Repository/23-Ajouter les informations du destinataire/android.widget.EditText - Numro de tlphone'

2022-11-22 13:38:47 - [MESSAGE][WARNING] - Timeout '0' is invalid. Using default page load timeout: '30'

2022-11-22 13:38:48 - [MESSAGE][PASSED] - Tapped on element 'Object Repository/23-Ajouter les informations du destinataire/android.widget.EditText - Numro de tlphone'

2022-11-22 13:38:48 - [TEST_STEP][PASSED] - tap(findTestObject("Object Repository/23-Ajouter les informations du destinataire/android.widget.EditText - Numro de tlphone"), 0): Tapped on element 'Object Repository/23-Ajouter les informations du destinataire/android.widget.EditText - Numro de tlphone'

2022-11-22 13:38:48 - [MESSAGE][WARNING] - Timeout '0' is invalid. Using default page load timeout: '30'

2022-11-22 13:38:49 - [MESSAGE][PASSED] - Tapped on element 'Object Repository/23-Ajouter les informations du destinataire/android.widget.EditText - Numro de tlphone'

2022-11-22 13:38:49 - [TEST_STEP][PASSED] - setText(findTestObject("23-Ajouter les informations du destinataire/android.widget.EditText - Numro de tlphone (1)"), "77 000 00 00", 0): Text '77 000 00 00' has been set to element 'Object Repository/23-Ajouter les informations du destinataire/android.widget.EditText - Numro de tlphone (1)'

2022-11-22 13:38:49 - [MESSAGE][WARNING] - Timeout '0' is invalid. Using default page load timeout: '30'

2022-11-22 13:38:50 - [MESSAGE][PASSED] - Text '77 000 00 00' has been set to element 'Object Repository/23-Ajouter les informations du destinataire/android.widget.EditText - Numro de tlphone (1)'

2022-11-22 13:38:50 - [TEST_STEP][PASSED] - scrollToText("Informations complÃ©mentaires", STOP_ON_FAILURE): Scrolling to text 'Informations complÃ©mentaires' successfully

2022-11-22 13:38:53 - [MESSAGE][PASSED] - Scrolling to text 'Informations complÃ©mentaires' successfully

2022-11-22 13:38:53 - [TEST_STEP][PASSED] - tap(findTestObject("23-Ajouter les informations du destinataire/EditText - Informations complmentaires pour aider le livreur  trouver plus facilement ladresse exacte ect"), 0): Tapped on element 'Object Repository/23-Ajouter les informations du destinataire/EditText - Informations complmentaires pour aider le livreur  trouver plus facilement ladresse exacte ect'

2022-11-22 13:38:53 - [MESSAGE][WARNING] - Timeout '0' is invalid. Using default page load timeout: '30'

2022-11-22 13:38:54 - [MESSAGE][PASSED] - Tapped on element 'Object Repository/23-Ajouter les informations du destinataire/EditText - Informations complmentaires pour aider le livreur  trouver plus facilement ladresse exacte ect'

2022-11-22 13:38:54 - [TEST_STEP][PASSED] - setText(findTestObject("23-Ajouter les informations du destinataire/EditText - Informations complmentaires pour aider le livreur  trouver plus facilement ladresse exacte ect"), "En face HypermarchÃ© Exclusive", 0): Text 'En face HypermarchÃ© Exclusive' has been set to element 'Object Repository/23-Ajouter les informations du destinataire/EditText - Informations complmentaires pour aider le livreur  trouver plus facilement ladresse exacte ect'

2022-11-22 13:38:54 - [MESSAGE][WARNING] - Timeout '0' is invalid. Using default page load timeout: '30'

2022-11-22 13:38:55 - [MESSAGE][PASSED] - Text 'En face HypermarchÃ© Exclusive' has been set to element 'Object Repository/23-Ajouter les informations du destinataire/EditText - Informations complmentaires pour aider le livreur  trouver plus facilement ladresse exacte ect'

2022-11-22 13:38:55 - [TEST_STEP][PASSED] - pressBack(): Press back button successfully

2022-11-22 13:38:56 - [MESSAGE][PASSED] - Press back button successfully

2022-11-22 13:38:56 - [TEST_STEP][PASSED] - tap(findTestObject("Object Repository/23-Ajouter les informations du destinataire/android.widget.ButtonSuivant"), 0): Tapped on element 'Object Repository/23-Ajouter les informations du destinataire/android.widget.ButtonSuivant'

2022-11-22 13:38:56 - [MESSAGE][WARNING] - Timeout '0' is invalid. Using default page load timeout: '30'

2022-11-22 13:38:57 - [MESSAGE][PASSED] - Tapped on element 'Object Repository/23-Ajouter les informations du destinataire/android.widget.ButtonSuivant'

2022-11-22 13:38:57 - [TEST_STEP][PASSED] - verifyElementVisible(findTestObject("23-Ajouter les informations du destinataire/android.widget.EditText - Commentaire sur la livraison"), 0): Element 'Object Repository/23-Ajouter les informations du destinataire/android.widget.EditText - Commentaire sur la livraison' is visible

2022-11-22 13:38:57 - [MESSAGE][WARNING] - Timeout '0' is invalid. Using default page load timeout: '30'

2022-11-22 13:38:59 - [MESSAGE][PASSED] - Element 'Object Repository/23-Ajouter les informations du destinataire/android.widget.EditText - Commentaire sur la livraison' is visible

2022-11-22 13:38:59 - [TEST_STEP][PASSED] - closeApplication(): Close app successfully

2022-11-22 13:39:02 - [MESSAGE][PASSED] - Close app successfully]]></system-out>
         <system-err><![CDATA[]]></system-err>
      </testcase>
      <testcase name="Test Cases/Cas de test passant/24-Notation du shopper et pourboire (MSR-222)" time="138.555" classname="Test Cases/Cas de test passant/24-Notation du shopper et pourboire (MSR-222)" status="PASSED">
         <system-out><![CDATA[2022-11-22 13:39:02 - [TEST_CASE][PASSED] - Test Cases/Cas de test passant/24-Notation du shopper et pourboire (MSR-222): Test Cases/Cas de test passant/24-Notation du shopper et pourboire (MSR-222)

2022-11-22 13:39:03 - [TEST_STEP][PASSED] - closeApplication(): Close app successfully

2022-11-22 13:39:03 - [MESSAGE][PASSED] - Close app successfully

2022-11-22 13:39:03 - [TEST_STEP][PASSED] - startApplication("C:\Users\Ousseynou Diop\Desktop\APK Client\app-debug.apk", true): Started app at: 'C:\Users\Ousseynou Diop\Desktop\APK Client\app-debug.apk'

2022-11-22 13:39:03 - [MESSAGE][INFO] - Detected NodeJS location: "C:\Program Files\nodejs\node.exe"

2022-11-22 13:39:04 - [MESSAGE][INFO] - Appium server started on port 64Â 097

2022-11-22 13:39:41 - [MESSAGE][PASSED] - Started app at: 'C:\Users\Ousseynou Diop\Desktop\APK Client\app-debug.apk'

2022-11-22 13:39:41 - [TEST_STEP][PASSED] - tap(findTestObject("Object Repository/11-Ajouter un colis au panier/android.widget.Button-Continuer en mode Guest"), 0): Tapped on element 'Object Repository/11-Ajouter un colis au panier/android.widget.Button-Continuer en mode Guest'

2022-11-22 13:39:41 - [MESSAGE][WARNING] - Timeout '0' is invalid. Using default page load timeout: '30'

2022-11-22 13:39:45 - [MESSAGE][PASSED] - Tapped on element 'Object Repository/11-Ajouter un colis au panier/android.widget.Button-Continuer en mode Guest'

2022-11-22 13:39:45 - [TEST_STEP][PASSED] - tap(findTestObject("Object Repository/11-Ajouter un colis au panier/android.view.View-Onglet  Livraison de colis"), 0): Tapped on element 'Object Repository/11-Ajouter un colis au panier/android.view.View-Onglet  Livraison de colis'

2022-11-22 13:39:45 - [MESSAGE][WARNING] - Timeout '0' is invalid. Using default page load timeout: '30'

2022-11-22 13:39:48 - [MESSAGE][PASSED] - Tapped on element 'Object Repository/11-Ajouter un colis au panier/android.view.View-Onglet  Livraison de colis'

2022-11-22 13:39:48 - [TEST_STEP][PASSED] - tap(findTestObject("Object Repository/11-Ajouter un colis au panier/android.widget.EditText - Adresse de collecte"), 0): Tapped on element 'Object Repository/11-Ajouter un colis au panier/android.widget.EditText - Adresse de collecte'

2022-11-22 13:39:48 - [MESSAGE][WARNING] - Timeout '0' is invalid. Using default page load timeout: '30'

2022-11-22 13:39:53 - [MESSAGE][PASSED] - Tapped on element 'Object Repository/11-Ajouter un colis au panier/android.widget.EditText - Adresse de collecte'

2022-11-22 13:39:53 - [TEST_STEP][PASSED] - tap(findTestObject("Object Repository/11-Ajouter un colis au panier/android.view.View- Ma position"), 0): Tapped on element 'Object Repository/11-Ajouter un colis au panier/android.view.View- Ma position'

2022-11-22 13:39:53 - [MESSAGE][WARNING] - Timeout '0' is invalid. Using default page load timeout: '30'

2022-11-22 13:39:58 - [MESSAGE][PASSED] - Tapped on element 'Object Repository/11-Ajouter un colis au panier/android.view.View- Ma position'

2022-11-22 13:39:58 - [TEST_STEP][PASSED] - tap(findTestObject("Object Repository/11-Ajouter un colis au panier/android.widget.EditText - Adresse de livraison"), 0): Tapped on element 'Object Repository/11-Ajouter un colis au panier/android.widget.EditText - Adresse de livraison'

2022-11-22 13:39:58 - [MESSAGE][WARNING] - Timeout '0' is invalid. Using default page load timeout: '30'

2022-11-22 13:40:00 - [MESSAGE][PASSED] - Tapped on element 'Object Repository/11-Ajouter un colis au panier/android.widget.EditText - Adresse de livraison'

2022-11-22 13:40:00 - [TEST_STEP][PASSED] - setText(findTestObject("Object Repository/11-Ajouter un colis au panier/android.widget.EditText - Adresse de livraison (1)"), "Pikine Rue 10", 0): Text 'Pikine Rue 10' has been set to element 'Object Repository/11-Ajouter un colis au panier/android.widget.EditText - Adresse de livraison (1)'

2022-11-22 13:40:00 - [MESSAGE][WARNING] - Timeout '0' is invalid. Using default page load timeout: '30'

2022-11-22 13:40:04 - [MESSAGE][PASSED] - Text 'Pikine Rue 10' has been set to element 'Object Repository/11-Ajouter un colis au panier/android.widget.EditText - Adresse de livraison (1)'

2022-11-22 13:40:04 - [TEST_STEP][PASSED] - tap(findTestObject("Object Repository/11-Ajouter un colis au panier/android.view.View- Pikine Rue 10, Dakar, Senegal"), 0): Tapped on element 'Object Repository/11-Ajouter un colis au panier/android.view.View- Pikine Rue 10, Dakar, Senegal'

2022-11-22 13:40:04 - [MESSAGE][WARNING] - Timeout '0' is invalid. Using default page load timeout: '30'

2022-11-22 13:40:07 - [MESSAGE][PASSED] - Tapped on element 'Object Repository/11-Ajouter un colis au panier/android.view.View- Pikine Rue 10, Dakar, Senegal'

2022-11-22 13:40:07 - [TEST_STEP][PASSED] - tap(findTestObject("Object Repository/11-Ajouter un colis au panier/android.widget.Button Continuer"), 0): Tapped on element 'Object Repository/11-Ajouter un colis au panier/android.widget.Button Continuer'

2022-11-22 13:40:07 - [MESSAGE][WARNING] - Timeout '0' is invalid. Using default page load timeout: '30'

2022-11-22 13:40:10 - [MESSAGE][PASSED] - Tapped on element 'Object Repository/11-Ajouter un colis au panier/android.widget.Button Continuer'

2022-11-22 13:40:10 - [TEST_STEP][PASSED] - tap(findTestObject("Object Repository/11-Ajouter un colis au panier/android.view.View"), 0): Tapped on element 'Object Repository/11-Ajouter un colis au panier/android.view.View'

2022-11-22 13:40:10 - [MESSAGE][WARNING] - Timeout '0' is invalid. Using default page load timeout: '30'

2022-11-22 13:40:13 - [MESSAGE][PASSED] - Tapped on element 'Object Repository/11-Ajouter un colis au panier/android.view.View'

2022-11-22 13:40:13 - [TEST_STEP][PASSED] - tap(findTestObject("Object Repository/11-Ajouter un colis au panier/android.widget.Button"), 0): Tapped on element 'Object Repository/11-Ajouter un colis au panier/android.widget.Button'

2022-11-22 13:40:13 - [MESSAGE][WARNING] - Timeout '0' is invalid. Using default page load timeout: '30'

2022-11-22 13:40:14 - [MESSAGE][PASSED] - Tapped on element 'Object Repository/11-Ajouter un colis au panier/android.widget.Button'

2022-11-22 13:40:14 - [TEST_STEP][PASSED] - tap(findTestObject("Object Repository/11-Ajouter un colis au panier/android.view.View (1)"), 0): Tapped on element 'Object Repository/11-Ajouter un colis au panier/android.view.View (1)'

2022-11-22 13:40:14 - [MESSAGE][WARNING] - Timeout '0' is invalid. Using default page load timeout: '30'

2022-11-22 13:40:16 - [MESSAGE][PASSED] - Tapped on element 'Object Repository/11-Ajouter un colis au panier/android.view.View (1)'

2022-11-22 13:40:16 - [TEST_STEP][PASSED] - tap(findTestObject("Object Repository/11-Ajouter un colis au panier/android.widget.Button (1)"), 0): Tapped on element 'Object Repository/11-Ajouter un colis au panier/android.widget.Button (1)'

2022-11-22 13:40:16 - [MESSAGE][WARNING] - Timeout '0' is invalid. Using default page load timeout: '30'

2022-11-22 13:40:17 - [MESSAGE][PASSED] - Tapped on element 'Object Repository/11-Ajouter un colis au panier/android.widget.Button (1)'

2022-11-22 13:40:17 - [TEST_STEP][PASSED] - tap(findTestObject("Object Repository/11-Ajouter un colis au panier/android.view.View (2)"), 0): Tapped on element 'Object Repository/11-Ajouter un colis au panier/android.view.View (2)'

2022-11-22 13:40:18 - [MESSAGE][WARNING] - Timeout '0' is invalid. Using default page load timeout: '30'

2022-11-22 13:40:20 - [MESSAGE][PASSED] - Tapped on element 'Object Repository/11-Ajouter un colis au panier/android.view.View (2)'

2022-11-22 13:40:20 - [TEST_STEP][PASSED] - tap(findTestObject("Object Repository/11-Ajouter un colis au panier/android.widget.Button (2)"), 0): Tapped on element 'Object Repository/11-Ajouter un colis au panier/android.widget.Button (2)'

2022-11-22 13:40:20 - [MESSAGE][WARNING] - Timeout '0' is invalid. Using default page load timeout: '30'

2022-11-22 13:40:20 - [MESSAGE][PASSED] - Tapped on element 'Object Repository/11-Ajouter un colis au panier/android.widget.Button (2)'

2022-11-22 13:40:20 - [TEST_STEP][PASSED] - tap(findTestObject("Object Repository/11-Ajouter un colis au panier/android.view.View (3)"), 0): Tapped on element 'Object Repository/11-Ajouter un colis au panier/android.view.View (3)'

2022-11-22 13:40:20 - [MESSAGE][WARNING] - Timeout '0' is invalid. Using default page load timeout: '30'

2022-11-22 13:40:21 - [MESSAGE][PASSED] - Tapped on element 'Object Repository/11-Ajouter un colis au panier/android.view.View (3)'

2022-11-22 13:40:21 - [TEST_STEP][PASSED] - checkElement(findTestObject("Object Repository/11-Ajouter un colis au panier/android.widget.CheckBox-Beaut"), 0): Element 'Object Repository/11-Ajouter un colis au panier/android.widget.CheckBox-Beaut' is checked

2022-11-22 13:40:21 - [MESSAGE][WARNING] - Timeout '0' is invalid. Using default page load timeout: '30'

2022-11-22 13:40:23 - [MESSAGE][PASSED] - Element 'Object Repository/11-Ajouter un colis au panier/android.widget.CheckBox-Beaut' is checked

2022-11-22 13:40:23 - [TEST_STEP][PASSED] - checkElement(findTestObject("Object Repository/11-Ajouter un colis au panier/android.widget.CheckBox-Sant"), 0): Element 'Object Repository/11-Ajouter un colis au panier/android.widget.CheckBox-Sant' is checked

2022-11-22 13:40:23 - [MESSAGE][WARNING] - Timeout '0' is invalid. Using default page load timeout: '30'

2022-11-22 13:40:24 - [MESSAGE][PASSED] - Element 'Object Repository/11-Ajouter un colis au panier/android.widget.CheckBox-Sant' is checked

2022-11-22 13:40:24 - [TEST_STEP][PASSED] - scrollToText("Saisir la description exacte de votre colis", STOP_ON_FAILURE): Scrolling to text 'Saisir la description exacte de votre colis' successfully

2022-11-22 13:40:27 - [MESSAGE][PASSED] - Scrolling to text 'Saisir la description exacte de votre colis' successfully

2022-11-22 13:40:27 - [TEST_STEP][PASSED] - tap(findTestObject("11-Ajouter un colis au panier/android.widget.EditText - Saisir la description exacte de votre colis (1)"), 0): Tapped on element 'Object Repository/11-Ajouter un colis au panier/android.widget.EditText - Saisir la description exacte de votre colis (1)'

2022-11-22 13:40:28 - [MESSAGE][WARNING] - Timeout '0' is invalid. Using default page load timeout: '30'

2022-11-22 13:40:28 - [MESSAGE][PASSED] - Tapped on element 'Object Repository/11-Ajouter un colis au panier/android.widget.EditText - Saisir la description exacte de votre colis (1)'

2022-11-22 13:40:28 - [TEST_STEP][PASSED] - setText(findTestObject("Object Repository/11-Ajouter un colis au panier/android.widget.EditText - Saisir la description exacte de votre colis (1)"), "Baume", 0): Text 'Baume' has been set to element 'Object Repository/11-Ajouter un colis au panier/android.widget.EditText - Saisir la description exacte de votre colis (1)'

2022-11-22 13:40:28 - [MESSAGE][WARNING] - Timeout '0' is invalid. Using default page load timeout: '30'

2022-11-22 13:40:30 - [MESSAGE][PASSED] - Text 'Baume' has been set to element 'Object Repository/11-Ajouter un colis au panier/android.widget.EditText - Saisir la description exacte de votre colis (1)'

2022-11-22 13:40:30 - [TEST_STEP][PASSED] - pressBack(): Press back button successfully

2022-11-22 13:40:31 - [MESSAGE][PASSED] - Press back button successfully

2022-11-22 13:40:31 - [TEST_STEP][PASSED] - tap(findTestObject("Object Repository/11-Ajouter un colis au panier/android.widget.Button-Ajouter au panier"), 0): Tapped on element 'Object Repository/11-Ajouter un colis au panier/android.widget.Button-Ajouter au panier'

2022-11-22 13:40:31 - [MESSAGE][WARNING] - Timeout '0' is invalid. Using default page load timeout: '30'

2022-11-22 13:40:32 - [MESSAGE][PASSED] - Tapped on element 'Object Repository/11-Ajouter un colis au panier/android.widget.Button-Ajouter au panier'

2022-11-22 13:40:32 - [TEST_STEP][PASSED] - verifyElementVisible(findTestObject("Object Repository/11-Ajouter un colis au panier/android.widget.Button-Valider mon panier"), 0): Element 'Object Repository/11-Ajouter un colis au panier/android.widget.Button-Valider mon panier' is visible

2022-11-22 13:40:32 - [MESSAGE][WARNING] - Timeout '0' is invalid. Using default page load timeout: '30'

2022-11-22 13:40:35 - [MESSAGE][PASSED] - Element 'Object Repository/11-Ajouter un colis au panier/android.widget.Button-Valider mon panier' is visible

2022-11-22 13:40:35 - [TEST_STEP][PASSED] - tap(findTestObject("Object Repository/14-ValiderMonPanier/ButtonValiderMonPanier"), 0): Tapped on element 'Object Repository/14-ValiderMonPanier/ButtonValiderMonPanier'

2022-11-22 13:40:35 - [MESSAGE][WARNING] - Timeout '0' is invalid. Using default page load timeout: '30'

2022-11-22 13:40:35 - [MESSAGE][PASSED] - Tapped on element 'Object Repository/14-ValiderMonPanier/ButtonValiderMonPanier'

2022-11-22 13:40:35 - [TEST_STEP][PASSED] - tap(findTestObject("Object Repository/22-Ajouter les informations de l expÃ©diteure/android.widget.EditText - Nom"), 0): Tapped on element 'Object Repository/22-Ajouter les informations de l expÃ©diteure/android.widget.EditText - Nom'

2022-11-22 13:40:35 - [MESSAGE][WARNING] - Timeout '0' is invalid. Using default page load timeout: '30'

2022-11-22 13:40:37 - [MESSAGE][PASSED] - Tapped on element 'Object Repository/22-Ajouter les informations de l expÃ©diteure/android.widget.EditText - Nom'

2022-11-22 13:40:37 - [TEST_STEP][PASSED] - setText(findTestObject("Object Repository/22-Ajouter les informations de l expÃ©diteure/android.widget.EditText - Nom (1)"), "DIOP", 0): Text 'DIOP' has been set to element 'Object Repository/22-Ajouter les informations de l expÃ©diteure/android.widget.EditText - Nom (1)'

2022-11-22 13:40:37 - [MESSAGE][WARNING] - Timeout '0' is invalid. Using default page load timeout: '30'

2022-11-22 13:40:39 - [MESSAGE][PASSED] - Text 'DIOP' has been set to element 'Object Repository/22-Ajouter les informations de l expÃ©diteure/android.widget.EditText - Nom (1)'

2022-11-22 13:40:39 - [TEST_STEP][PASSED] - tap(findTestObject("Object Repository/22-Ajouter les informations de l expÃ©diteure/android.widget.EditText - Prnom"), 0): Tapped on element 'Object Repository/22-Ajouter les informations de l expÃ©diteure/android.widget.EditText - Prnom'

2022-11-22 13:40:39 - [MESSAGE][WARNING] - Timeout '0' is invalid. Using default page load timeout: '30'

2022-11-22 13:40:40 - [MESSAGE][PASSED] - Tapped on element 'Object Repository/22-Ajouter les informations de l expÃ©diteure/android.widget.EditText - Prnom'

2022-11-22 13:40:40 - [TEST_STEP][PASSED] - setText(findTestObject("Object Repository/22-Ajouter les informations de l expÃ©diteure/android.widget.EditText - Prnom (1)"), "Elhadji Ousseynou", 0): Text 'Elhadji Ousseynou' has been set to element 'Object Repository/22-Ajouter les informations de l expÃ©diteure/android.widget.EditText - Prnom (1)'

2022-11-22 13:40:40 - [MESSAGE][WARNING] - Timeout '0' is invalid. Using default page load timeout: '30'

2022-11-22 13:40:41 - [MESSAGE][PASSED] - Text 'Elhadji Ousseynou' has been set to element 'Object Repository/22-Ajouter les informations de l expÃ©diteure/android.widget.EditText - Prnom (1)'

2022-11-22 13:40:41 - [TEST_STEP][PASSED] - tap(findTestObject("Object Repository/22-Ajouter les informations de l expÃ©diteure/android.widget.EditText - Email"), 0): Tapped on element 'Object Repository/22-Ajouter les informations de l expÃ©diteure/android.widget.EditText - Email'

2022-11-22 13:40:41 - [MESSAGE][WARNING] - Timeout '0' is invalid. Using default page load timeout: '30'

2022-11-22 13:40:42 - [MESSAGE][PASSED] - Tapped on element 'Object Repository/22-Ajouter les informations de l expÃ©diteure/android.widget.EditText - Email'

2022-11-22 13:40:42 - [TEST_STEP][PASSED] - setText(findTestObject("Object Repository/22-Ajouter les informations de l expÃ©diteure/android.widget.EditText - Email (1)"), "pacorabanne@yopmail.com", 0): Text 'pacorabanne@yopmail.com' has been set to element 'Object Repository/22-Ajouter les informations de l expÃ©diteure/android.widget.EditText - Email (1)'

2022-11-22 13:40:42 - [MESSAGE][WARNING] - Timeout '0' is invalid. Using default page load timeout: '30'

2022-11-22 13:40:44 - [MESSAGE][PASSED] - Text 'pacorabanne@yopmail.com' has been set to element 'Object Repository/22-Ajouter les informations de l expÃ©diteure/android.widget.EditText - Email (1)'

2022-11-22 13:40:44 - [TEST_STEP][PASSED] - tap(findTestObject("Object Repository/22-Ajouter les informations de l expÃ©diteure/android.widget.ImageView"), 0): Tapped on element 'Object Repository/22-Ajouter les informations de l expÃ©diteure/android.widget.ImageView'

2022-11-22 13:40:44 - [MESSAGE][WARNING] - Timeout '0' is invalid. Using default page load timeout: '30'

2022-11-22 13:40:45 - [MESSAGE][PASSED] - Tapped on element 'Object Repository/22-Ajouter les informations de l expÃ©diteure/android.widget.ImageView'

2022-11-22 13:40:45 - [TEST_STEP][PASSED] - tap(findTestObject("22-Ajouter les informations de l expÃ©diteure/Algeria"), 0): Tapped on element 'Object Repository/22-Ajouter les informations de l expÃ©diteure/Algeria'

2022-11-22 13:40:45 - [MESSAGE][WARNING] - Timeout '0' is invalid. Using default page load timeout: '30'

2022-11-22 13:40:50 - [MESSAGE][PASSED] - Tapped on element 'Object Repository/22-Ajouter les informations de l expÃ©diteure/Algeria'

2022-11-22 13:40:50 - [TEST_STEP][PASSED] - tap(findTestObject("Object Repository/22-Ajouter les informations de l expÃ©diteure/android.widget.EditText - Numro"), 0): Tapped on element 'Object Repository/22-Ajouter les informations de l expÃ©diteure/android.widget.EditText - Numro'

2022-11-22 13:40:50 - [MESSAGE][WARNING] - Timeout '0' is invalid. Using default page load timeout: '30'

2022-11-22 13:40:50 - [MESSAGE][PASSED] - Tapped on element 'Object Repository/22-Ajouter les informations de l expÃ©diteure/android.widget.EditText - Numro'

2022-11-22 13:40:50 - [TEST_STEP][PASSED] - setText(findTestObject("Object Repository/22-Ajouter les informations de l expÃ©diteure/android.widget.EditText - Numro (1)"), "770000000", 0): Text '770000000' has been set to element 'Object Repository/22-Ajouter les informations de l expÃ©diteure/android.widget.EditText - Numro (1)'

2022-11-22 13:40:50 - [MESSAGE][WARNING] - Timeout '0' is invalid. Using default page load timeout: '30'

2022-11-22 13:40:52 - [MESSAGE][PASSED] - Text '770000000' has been set to element 'Object Repository/22-Ajouter les informations de l expÃ©diteure/android.widget.EditText - Numro (1)'

2022-11-22 13:40:52 - [TEST_STEP][PASSED] - pressBack(): Press back button successfully

2022-11-22 13:40:53 - [MESSAGE][PASSED] - Press back button successfully

2022-11-22 13:40:53 - [TEST_STEP][PASSED] - tap(findTestObject("Object Repository/22-Ajouter les informations de l expÃ©diteure/android.widget.Button"), 0): Tapped on element 'Object Repository/22-Ajouter les informations de l expÃ©diteure/android.widget.Button'

2022-11-22 13:40:53 - [MESSAGE][WARNING] - Timeout '0' is invalid. Using default page load timeout: '30'

2022-11-22 13:40:54 - [MESSAGE][PASSED] - Tapped on element 'Object Repository/22-Ajouter les informations de l expÃ©diteure/android.widget.Button'

2022-11-22 13:40:54 - [TEST_STEP][PASSED] - tap(findTestObject("Object Repository/23-Ajouter les informations du destinataire/android.widget.EditText - Nom du destinataire"), 0): Tapped on element 'Object Repository/23-Ajouter les informations du destinataire/android.widget.EditText - Nom du destinataire'

2022-11-22 13:40:54 - [MESSAGE][WARNING] - Timeout '0' is invalid. Using default page load timeout: '30'

2022-11-22 13:40:56 - [MESSAGE][PASSED] - Tapped on element 'Object Repository/23-Ajouter les informations du destinataire/android.widget.EditText - Nom du destinataire'

2022-11-22 13:40:56 - [TEST_STEP][PASSED] - setText(findTestObject("Object Repository/23-Ajouter les informations du destinataire/android.widget.EditText - Nom du destinataire (1)"), "Anta", 0): Text 'Anta' has been set to element 'Object Repository/23-Ajouter les informations du destinataire/android.widget.EditText - Nom du destinataire (1)'

2022-11-22 13:40:56 - [MESSAGE][WARNING] - Timeout '0' is invalid. Using default page load timeout: '30'

2022-11-22 13:40:57 - [MESSAGE][PASSED] - Text 'Anta' has been set to element 'Object Repository/23-Ajouter les informations du destinataire/android.widget.EditText - Nom du destinataire (1)'

2022-11-22 13:40:57 - [TEST_STEP][PASSED] - tap(findTestObject("Object Repository/23-Ajouter les informations du destinataire/android.widget.EditText - Numro de tlphone"), 0): Tapped on element 'Object Repository/23-Ajouter les informations du destinataire/android.widget.EditText - Numro de tlphone'

2022-11-22 13:40:58 - [MESSAGE][WARNING] - Timeout '0' is invalid. Using default page load timeout: '30'

2022-11-22 13:40:59 - [MESSAGE][PASSED] - Tapped on element 'Object Repository/23-Ajouter les informations du destinataire/android.widget.EditText - Numro de tlphone'

2022-11-22 13:40:59 - [TEST_STEP][PASSED] - tap(findTestObject("Object Repository/23-Ajouter les informations du destinataire/android.widget.EditText - Numro de tlphone"), 0): Tapped on element 'Object Repository/23-Ajouter les informations du destinataire/android.widget.EditText - Numro de tlphone'

2022-11-22 13:40:59 - [MESSAGE][WARNING] - Timeout '0' is invalid. Using default page load timeout: '30'

2022-11-22 13:41:00 - [MESSAGE][PASSED] - Tapped on element 'Object Repository/23-Ajouter les informations du destinataire/android.widget.EditText - Numro de tlphone'

2022-11-22 13:41:00 - [TEST_STEP][PASSED] - setText(findTestObject("23-Ajouter les informations du destinataire/android.widget.EditText - Numro de tlphone (1)"), "77 000 00 00", 0): Text '77 000 00 00' has been set to element 'Object Repository/23-Ajouter les informations du destinataire/android.widget.EditText - Numro de tlphone (1)'

2022-11-22 13:41:00 - [MESSAGE][WARNING] - Timeout '0' is invalid. Using default page load timeout: '30'

2022-11-22 13:41:00 - [MESSAGE][PASSED] - Text '77 000 00 00' has been set to element 'Object Repository/23-Ajouter les informations du destinataire/android.widget.EditText - Numro de tlphone (1)'

2022-11-22 13:41:00 - [TEST_STEP][PASSED] - scrollToText("Informations complÃ©mentaires", STOP_ON_FAILURE): Scrolling to text 'Informations complÃ©mentaires' successfully

2022-11-22 13:41:04 - [MESSAGE][PASSED] - Scrolling to text 'Informations complÃ©mentaires' successfully

2022-11-22 13:41:04 - [TEST_STEP][PASSED] - tap(findTestObject("23-Ajouter les informations du destinataire/EditText - Informations complmentaires pour aider le livreur  trouver plus facilement ladresse exacte ect"), 0): Tapped on element 'Object Repository/23-Ajouter les informations du destinataire/EditText - Informations complmentaires pour aider le livreur  trouver plus facilement ladresse exacte ect'

2022-11-22 13:41:04 - [MESSAGE][WARNING] - Timeout '0' is invalid. Using default page load timeout: '30'

2022-11-22 13:41:04 - [MESSAGE][PASSED] - Tapped on element 'Object Repository/23-Ajouter les informations du destinataire/EditText - Informations complmentaires pour aider le livreur  trouver plus facilement ladresse exacte ect'

2022-11-22 13:41:04 - [TEST_STEP][PASSED] - setText(findTestObject("23-Ajouter les informations du destinataire/EditText - Informations complmentaires pour aider le livreur  trouver plus facilement ladresse exacte ect"), "En face HypermarchÃ© Exclusive", 0): Text 'En face HypermarchÃ© Exclusive' has been set to element 'Object Repository/23-Ajouter les informations du destinataire/EditText - Informations complmentaires pour aider le livreur  trouver plus facilement ladresse exacte ect'

2022-11-22 13:41:04 - [MESSAGE][WARNING] - Timeout '0' is invalid. Using default page load timeout: '30'

2022-11-22 13:41:06 - [MESSAGE][PASSED] - Text 'En face HypermarchÃ© Exclusive' has been set to element 'Object Repository/23-Ajouter les informations du destinataire/EditText - Informations complmentaires pour aider le livreur  trouver plus facilement ladresse exacte ect'

2022-11-22 13:41:06 - [TEST_STEP][PASSED] - pressBack(): Press back button successfully

2022-11-22 13:41:07 - [MESSAGE][PASSED] - Press back button successfully

2022-11-22 13:41:07 - [TEST_STEP][PASSED] - tap(findTestObject("Object Repository/23-Ajouter les informations du destinataire/android.widget.ButtonSuivant"), 0): Tapped on element 'Object Repository/23-Ajouter les informations du destinataire/android.widget.ButtonSuivant'

2022-11-22 13:41:07 - [MESSAGE][WARNING] - Timeout '0' is invalid. Using default page load timeout: '30'

2022-11-22 13:41:09 - [MESSAGE][PASSED] - Tapped on element 'Object Repository/23-Ajouter les informations du destinataire/android.widget.ButtonSuivant'

2022-11-22 13:41:09 - [TEST_STEP][PASSED] - tap(findTestObject("Object Repository/24-Notation du shopper et pourboire/ChoisirLeNombreD toiles"), 0): Tapped on element 'Object Repository/24-Notation du shopper et pourboire/ChoisirLeNombreD toiles'

2022-11-22 13:41:09 - [MESSAGE][WARNING] - Timeout '0' is invalid. Using default page load timeout: '30'

2022-11-22 13:41:10 - [MESSAGE][PASSED] - Tapped on element 'Object Repository/24-Notation du shopper et pourboire/ChoisirLeNombreD toiles'

2022-11-22 13:41:10 - [TEST_STEP][PASSED] - tap(findTestObject("Object Repository/24-Notation du shopper et pourboire/android.widget.EditText - Commentaire sur la livraison"), 0): Tapped on element 'Object Repository/24-Notation du shopper et pourboire/android.widget.EditText - Commentaire sur la livraison'

2022-11-22 13:41:10 - [MESSAGE][WARNING] - Timeout '0' is invalid. Using default page load timeout: '30'

2022-11-22 13:41:10 - [MESSAGE][PASSED] - Tapped on element 'Object Repository/24-Notation du shopper et pourboire/android.widget.EditText - Commentaire sur la livraison'

2022-11-22 13:41:10 - [TEST_STEP][PASSED] - setText(findTestObject("Object Repository/24-Notation du shopper et pourboire/android.widget.EditText - Commentaire sur la livraison (1)"), "Rapide", 0): Text 'Rapide' has been set to element 'Object Repository/24-Notation du shopper et pourboire/android.widget.EditText - Commentaire sur la livraison (1)'

2022-11-22 13:41:10 - [MESSAGE][WARNING] - Timeout '0' is invalid. Using default page load timeout: '30'

2022-11-22 13:41:12 - [MESSAGE][PASSED] - Text 'Rapide' has been set to element 'Object Repository/24-Notation du shopper et pourboire/android.widget.EditText - Commentaire sur la livraison (1)'

2022-11-22 13:41:12 - [TEST_STEP][PASSED] - tap(findTestObject("Object Repository/24-Notation du shopper et pourboire/android.widget.EditText - Entrez un montant de votre choix"), 0): Tapped on element 'Object Repository/24-Notation du shopper et pourboire/android.widget.EditText - Entrez un montant de votre choix'

2022-11-22 13:41:12 - [MESSAGE][WARNING] - Timeout '0' is invalid. Using default page load timeout: '30'

2022-11-22 13:41:13 - [MESSAGE][PASSED] - Tapped on element 'Object Repository/24-Notation du shopper et pourboire/android.widget.EditText - Entrez un montant de votre choix'

2022-11-22 13:41:13 - [TEST_STEP][PASSED] - setText(findTestObject("Object Repository/24-Notation du shopper et pourboire/android.widget.EditText - Entrez un montant de votre choix (1)"), "1000", 0): Text '1000' has been set to element 'Object Repository/24-Notation du shopper et pourboire/android.widget.EditText - Entrez un montant de votre choix (1)'

2022-11-22 13:41:13 - [MESSAGE][WARNING] - Timeout '0' is invalid. Using default page load timeout: '30'

2022-11-22 13:41:15 - [MESSAGE][PASSED] - Text '1000' has been set to element 'Object Repository/24-Notation du shopper et pourboire/android.widget.EditText - Entrez un montant de votre choix (1)'

2022-11-22 13:41:15 - [TEST_STEP][PASSED] - pressBack(): Press back button successfully

2022-11-22 13:41:15 - [MESSAGE][PASSED] - Press back button successfully

2022-11-22 13:41:15 - [TEST_STEP][PASSED] - tap(findTestObject("Object Repository/24-Notation du shopper et pourboire/android.widget.ButtonEnvoyÃ©"), 0): Tapped on element 'Object Repository/24-Notation du shopper et pourboire/android.widget.ButtonEnvoyÃ©'

2022-11-22 13:41:15 - [MESSAGE][WARNING] - Timeout '0' is invalid. Using default page load timeout: '30'

2022-11-22 13:41:17 - [MESSAGE][PASSED] - Tapped on element 'Object Repository/24-Notation du shopper et pourboire/android.widget.ButtonEnvoyÃ©'

2022-11-22 13:41:17 - [TEST_STEP][PASSED] - verifyElementVisible(findTestObject("Object Repository/24-Notation du shopper et pourboire/MessageDeRemerciement"), 0): Element 'Object Repository/24-Notation du shopper et pourboire/MessageDeRemerciement' is visible

2022-11-22 13:41:17 - [MESSAGE][WARNING] - Timeout '0' is invalid. Using default page load timeout: '30'

2022-11-22 13:41:18 - [MESSAGE][PASSED] - Element 'Object Repository/24-Notation du shopper et pourboire/MessageDeRemerciement' is visible

2022-11-22 13:41:18 - [TEST_STEP][PASSED] - closeApplication(): Close app successfully

2022-11-22 13:41:21 - [MESSAGE][PASSED] - Close app successfully]]></system-out>
         <system-err><![CDATA[]]></system-err>
      </testcase>
      <testcase name="Test Cases/Cas de test passant/02-Se connecter avec ses identifiants (MSR-2)" time="60.755" classname="Test Cases/Cas de test passant/02-Se connecter avec ses identifiants (MSR-2)" status="PASSED">
         <system-out><![CDATA[2022-11-22 13:41:21 - [TEST_CASE][PASSED] - Test Cases/Cas de test passant/02-Se connecter avec ses identifiants (MSR-2): Test Cases/Cas de test passant/02-Se connecter avec ses identifiants (MSR-2)

2022-11-22 13:41:21 - [TEST_STEP][PASSED] - startApplication("C:\Users\Ousseynou Diop\Desktop\APK Client\app-debug.apk", true): Started app at: 'C:\Users\Ousseynou Diop\Desktop\APK Client\app-debug.apk'

2022-11-22 13:41:21 - [MESSAGE][INFO] - Detected NodeJS location: "C:\Program Files\nodejs\node.exe"

2022-11-22 13:41:23 - [MESSAGE][INFO] - Appium server started on port 64Â 256

2022-11-22 13:42:00 - [MESSAGE][PASSED] - Started app at: 'C:\Users\Ousseynou Diop\Desktop\APK Client\app-debug.apk'

2022-11-22 13:42:00 - [TEST_STEP][PASSED] - tap(findTestObject("Object Repository/02- Se connecter avec ses identifiants/Se connecter.android.widget.Button"), 0): Tapped on element 'Object Repository/02- Se connecter avec ses identifiants/Se connecter.android.widget.Button'

2022-11-22 13:42:00 - [MESSAGE][WARNING] - Timeout '0' is invalid. Using default page load timeout: '30'

2022-11-22 13:42:04 - [MESSAGE][PASSED] - Tapped on element 'Object Repository/02- Se connecter avec ses identifiants/Se connecter.android.widget.Button'

2022-11-22 13:42:04 - [TEST_STEP][PASSED] - setText(findTestObject("Object Repository/02- Se connecter avec ses identifiants/username.android.widget.EditText"), "pacorabanne@yopmail.com", 0): Text 'pacorabanne@yopmail.com' has been set to element 'Object Repository/02- Se connecter avec ses identifiants/username.android.widget.EditText'

2022-11-22 13:42:04 - [MESSAGE][WARNING] - Timeout '0' is invalid. Using default page load timeout: '30'

2022-11-22 13:42:12 - [MESSAGE][PASSED] - Text 'pacorabanne@yopmail.com' has been set to element 'Object Repository/02- Se connecter avec ses identifiants/username.android.widget.EditText'

2022-11-22 13:42:12 - [TEST_STEP][PASSED] - setText(findTestObject("Object Repository/02- Se connecter avec ses identifiants/Password.android.widget.EditText"), "Passer123", 0): Text 'Passer123' has been set to element 'Object Repository/02- Se connecter avec ses identifiants/Password.android.widget.EditText'

2022-11-22 13:42:12 - [MESSAGE][WARNING] - Timeout '0' is invalid. Using default page load timeout: '30'

2022-11-22 13:42:13 - [MESSAGE][PASSED] - Text 'Passer123' has been set to element 'Object Repository/02- Se connecter avec ses identifiants/Password.android.widget.EditText'

2022-11-22 13:42:13 - [TEST_STEP][PASSED] - tap(findTestObject("Object Repository/02- Se connecter avec ses identifiants/android.widget.CheckBox - Se souvenir de moi"), 0): Tapped on element 'Object Repository/02- Se connecter avec ses identifiants/android.widget.CheckBox - Se souvenir de moi'

2022-11-22 13:42:13 - [MESSAGE][WARNING] - Timeout '0' is invalid. Using default page load timeout: '30'

2022-11-22 13:42:15 - [MESSAGE][PASSED] - Tapped on element 'Object Repository/02- Se connecter avec ses identifiants/android.widget.CheckBox - Se souvenir de moi'

2022-11-22 13:42:15 - [TEST_STEP][PASSED] - tap(findTestObject("Object Repository/02- Se connecter avec ses identifiants/android.widget.Button - Connexion"), 0): Tapped on element 'Object Repository/02- Se connecter avec ses identifiants/android.widget.Button - Connexion'

2022-11-22 13:42:15 - [MESSAGE][WARNING] - Timeout '0' is invalid. Using default page load timeout: '30'

2022-11-22 13:42:18 - [MESSAGE][PASSED] - Tapped on element 'Object Repository/02- Se connecter avec ses identifiants/android.widget.Button - Connexion'

2022-11-22 13:42:18 - [TEST_STEP][PASSED] - verifyElementVisible(findTestObject("02- Se connecter avec ses identifiants/android.view.View - Livraison de colis onglet"), 0): Element 'Object Repository/02- Se connecter avec ses identifiants/android.view.View - Livraison de colis onglet' is visible

2022-11-22 13:42:18 - [MESSAGE][WARNING] - Timeout '0' is invalid. Using default page load timeout: '30'

2022-11-22 13:42:19 - [MESSAGE][PASSED] - Element 'Object Repository/02- Se connecter avec ses identifiants/android.view.View - Livraison de colis onglet' is visible

2022-11-22 13:42:19 - [TEST_STEP][PASSED] - closeApplication(): Close app successfully

2022-11-22 13:42:22 - [MESSAGE][PASSED] - Close app successfully]]></system-out>
         <system-err><![CDATA[]]></system-err>
      </testcase>
      <system-out><![CDATA[2022-11-22 13:19:12 - [TEST_SUITE][FAILED] - Cas de test passant app client: Test Cases/Cas de test passant/03-Se connecter avec un compte google (MSR-2) FAILED.
Reason:
com.kms.katalon.core.exception.StepFailedException: Element 'Object Repository/03- Se connecter avec un compte google/android.widget.TextView - Erreur 403 disallowed_useragent' is visible
	at com.kms.katalon.core.keyword.internal.KeywordMain.stepFailed(KeywordMain.groovy:50)
	at com.kms.katalon.core.mobile.keyword.internal.MobileKeywordMain.stepFailed(MobileKeywordMain.groovy:40)
	at com.kms.katalon.core.mobile.keyword.builtin.VerifyElementNotVisibleKeyword$_verifyElementNotVisible_closure1.doCall(VerifyElementNotVisibleKeyword.groovy:75)
	at com.kms.katalon.core.mobile.keyword.builtin.VerifyElementNotVisibleKeyword$_verifyElementNotVisible_closure1.call(VerifyElementNotVisibleKeyword.groovy)
	at com.kms.katalon.core.mobile.keyword.internal.MobileKeywordMain.runKeyword(MobileKeywordMain.groovy:21)
	at com.kms.katalon.core.mobile.keyword.builtin.VerifyElementNotVisibleKeyword.verifyElementNotVisible(VerifyElementNotVisibleKeyword.groovy:85)
	at com.kms.katalon.core.mobile.keyword.builtin.VerifyElementNotVisibleKeyword.execute(VerifyElementNotVisibleKeyword.groovy:64)
	at com.kms.katalon.core.keyword.internal.KeywordExecutor.executeKeywordForPlatform(KeywordExecutor.groovy:74)
	at com.kms.katalon.core.mobile.keyword.MobileBuiltInKeywords.verifyElementNotVisible(MobileBuiltInKeywords.groovy:2064)
	at com.kms.katalon.core.mobile.keyword.MobileBuiltInKeywords$verifyElementNotVisible$5.call(Unknown Source)
	at 03-Se connecter avec un compte google (MSR-2).run(03-Se connecter avec un compte google (MSR-2):28)
	at com.kms.katalon.core.main.ScriptEngine.run(ScriptEngine.java:194)
	at com.kms.katalon.core.main.ScriptEngine.runScriptAsRawText(ScriptEngine.java:119)
	at com.kms.katalon.core.main.TestCaseExecutor.runScript(TestCaseExecutor.java:448)
	at com.kms.katalon.core.main.TestCaseExecutor.doExecute(TestCaseExecutor.java:439)
	at com.kms.katalon.core.main.TestCaseExecutor.processExecutionPhase(TestCaseExecutor.java:418)
	at com.kms.katalon.core.main.TestCaseExecutor.accessMainPhase(TestCaseExecutor.java:410)
	at com.kms.katalon.core.main.TestCaseExecutor.execute(TestCaseExecutor.java:285)
	at com.kms.katalon.core.common.CommonExecutor.accessTestCaseMainPhase(CommonExecutor.java:65)
	at com.kms.katalon.core.main.TestSuiteExecutor.accessTestSuiteMainPhase(TestSuiteExecutor.java:151)
	at com.kms.katalon.core.main.TestSuiteExecutor.execute(TestSuiteExecutor.java:106)
	at com.kms.katalon.core.main.TestCaseMain.startTestSuite(TestCaseMain.java:185)
	at com.kms.katalon.core.main.TestCaseMain$startTestSuite$0.call(Unknown Source)
	at TempTestSuite1669119550736.run(TempTestSuite1669119550736.groovy:36)]]></system-out>
      <system-err><![CDATA[2022-11-22 13:19:12 - [TEST_SUITE][FAILED] - Cas de test passant app client: Test Cases/Cas de test passant/03-Se connecter avec un compte google (MSR-2) FAILED.
Reason:
com.kms.katalon.core.exception.StepFailedException: Element 'Object Repository/03- Se connecter avec un compte google/android.widget.TextView - Erreur 403 disallowed_useragent' is visible
	at com.kms.katalon.core.keyword.internal.KeywordMain.stepFailed(KeywordMain.groovy:50)
	at com.kms.katalon.core.mobile.keyword.internal.MobileKeywordMain.stepFailed(MobileKeywordMain.groovy:40)
	at com.kms.katalon.core.mobile.keyword.builtin.VerifyElementNotVisibleKeyword$_verifyElementNotVisible_closure1.doCall(VerifyElementNotVisibleKeyword.groovy:75)
	at com.kms.katalon.core.mobile.keyword.builtin.VerifyElementNotVisibleKeyword$_verifyElementNotVisible_closure1.call(VerifyElementNotVisibleKeyword.groovy)
	at com.kms.katalon.core.mobile.keyword.internal.MobileKeywordMain.runKeyword(MobileKeywordMain.groovy:21)
	at com.kms.katalon.core.mobile.keyword.builtin.VerifyElementNotVisibleKeyword.verifyElementNotVisible(VerifyElementNotVisibleKeyword.groovy:85)
	at com.kms.katalon.core.mobile.keyword.builtin.VerifyElementNotVisibleKeyword.execute(VerifyElementNotVisibleKeyword.groovy:64)
	at com.kms.katalon.core.keyword.internal.KeywordExecutor.executeKeywordForPlatform(KeywordExecutor.groovy:74)
	at com.kms.katalon.core.mobile.keyword.MobileBuiltInKeywords.verifyElementNotVisible(MobileBuiltInKeywords.groovy:2064)
	at com.kms.katalon.core.mobile.keyword.MobileBuiltInKeywords$verifyElementNotVisible$5.call(Unknown Source)
	at 03-Se connecter avec un compte google (MSR-2).run(03-Se connecter avec un compte google (MSR-2):28)
	at com.kms.katalon.core.main.ScriptEngine.run(ScriptEngine.java:194)
	at com.kms.katalon.core.main.ScriptEngine.runScriptAsRawText(ScriptEngine.java:119)
	at com.kms.katalon.core.main.TestCaseExecutor.runScript(TestCaseExecutor.java:448)
	at com.kms.katalon.core.main.TestCaseExecutor.doExecute(TestCaseExecutor.java:439)
	at com.kms.katalon.core.main.TestCaseExecutor.processExecutionPhase(TestCaseExecutor.java:418)
	at com.kms.katalon.core.main.TestCaseExecutor.accessMainPhase(TestCaseExecutor.java:410)
	at com.kms.katalon.core.main.TestCaseExecutor.execute(TestCaseExecutor.java:285)
	at com.kms.katalon.core.common.CommonExecutor.accessTestCaseMainPhase(CommonExecutor.java:65)
	at com.kms.katalon.core.main.TestSuiteExecutor.accessTestSuiteMainPhase(TestSuiteExecutor.java:151)
	at com.kms.katalon.core.main.TestSuiteExecutor.execute(TestSuiteExecutor.java:106)
	at com.kms.katalon.core.main.TestCaseMain.startTestSuite(TestCaseMain.java:185)
	at com.kms.katalon.core.main.TestCaseMain$startTestSuite$0.call(Unknown Source)
	at TempTestSuite1669119550736.run(TempTestSuite1669119550736.groovy:36)]]></system-err>
   </testsuite>
</testsuites>
